Load dataset finished 0.04764890670776367
Training with 1900 samples
Target features are normalized using unit transformer
tensor([[0.1224]]) tensor([[0.8457]])
Target features are normalized using unit transformer
Input features are normalized using unit transformer
Load dataset finished 0.009869098663330078
Testing with 100 samples
Target features are normalized using unit transformer
Input features are normalized using unit transformer
2


The following code snippets have been run.
==================================================

    os.environ['PYTHONHASHSEED'] = str(2023)
    numpy.random.seed(2023)
    torch.manual_seed(2023)
    torch.cuda.manual_seed(2023)
    torch.backends.cudnn.deterministic = True
    torch.backends.cudnn.benchmark = False
    if torch.cuda.is_available():
        torch.cuda.manual_seed_all(2023)
    
==================================================
