Namespace(dataset='diffr3d', component='all', seed=2023, gpu=0, use_tb=0, comment='rel2', train_num='all', test_num='all', sort_data=0, normalize_x='unit', use_normalizer='unit', epochs=500, optimizer='AdamW', lr=0.001, weight_decay=5e-05, grad_clip='1000.0', batch_size=50, val_batch_size=8, no_cuda=False, lr_method='cycle', lr_step_size=50, warmup_epochs=50, loss_name='rel2', model_name='GNOT', n_hidden=64, n_layers=3, act='gelu', n_head=1, ffn_dropout=0.0, attn_dropout=0.0, mlp_layers=3, attn_type='linear', hfourier_dim=0, n_experts=1, branch_sizes=[2], n_inner=4)
Load dataset finished 0.20098161697387695
Training with 1000 samples
Target features are normalized using unit transformer
tensor([[0.7733]]) tensor([[0.3227]])
Target features are normalized using unit transformer
Input features are normalized using unit transformer
Load dataset finished 0.04426741600036621
Testing with 200 samples
Target features are normalized using unit transformer
Input features are normalized using unit transformer
3


The following code snippets have been run.
==================================================

    os.environ['PYTHONHASHSEED'] = str(2023)
    numpy.random.seed(2023)
    torch.manual_seed(2023)
    torch.cuda.manual_seed(2023)
    torch.backends.cudnn.deterministic = True
    torch.backends.cudnn.benchmark = False
    if torch.cuda.is_available():
        torch.cuda.manual_seed_all(2023)
    
==================================================
Using Linear Attention
Using Linear Attention
Using Linear Attention

Model: MIOEGPT	 Number of params: 552132
Saving model and result in ./../models/checkpoints/diffr3d_all_MIOEGPTrel2_0917_02_35_44.pt

Using cycle learning rate schedule
epoch: [1/500] | loss 0: 1.771816 | loss 1: 0.000000 | current lr: 3.469e-07
| loss 0: 1.772e+00| val metric 0: 0.729616 | best val: 0.729616 at epoch 1 | current lr: 3.469e-07
epoch: [2/500] | loss 0: 1.685527 | loss 1: 0.000000 | current lr: 1.088e-06
| loss 0: 1.686e+00| val metric 0: 0.672468 | best val: 0.672468 at epoch 2 | current lr: 1.088e-06
epoch: [3/500] | loss 0: 1.457003 | loss 1: 0.000000 | current lr: 2.321e-06
| loss 0: 1.457e+00| val metric 0: 0.555512 | best val: 0.555512 at epoch 3 | current lr: 2.321e-06
epoch: [4/500] | loss 0: 1.136045 | loss 1: 0.000000 | current lr: 4.046e-06
| loss 0: 1.136e+00| val metric 0: 0.433696 | best val: 0.433696 at epoch 4 | current lr: 4.046e-06
epoch: [5/500] | loss 0: 0.928700 | loss 1: 0.000000 | current lr: 6.261e-06
| loss 0: 9.287e-01| val metric 0: 0.361934 | best val: 0.361934 at epoch 5 | current lr: 6.261e-06
epoch: [6/500] | loss 0: 0.770680 | loss 1: 0.000000 | current lr: 8.964e-06
| loss 0: 7.707e-01| val metric 0: 0.299360 | best val: 0.299360 at epoch 6 | current lr: 8.964e-06
epoch: [7/500] | loss 0: 0.598075 | loss 1: 0.000000 | current lr: 1.215e-05
| loss 0: 5.981e-01| val metric 0: 0.214810 | best val: 0.214810 at epoch 7 | current lr: 1.215e-05
epoch: [8/500] | loss 0: 0.423696 | loss 1: 0.000000 | current lr: 1.582e-05
| loss 0: 4.237e-01| val metric 0: 0.157750 | best val: 0.157750 at epoch 8 | current lr: 1.582e-05
epoch: [9/500] | loss 0: 0.344075 | loss 1: 0.000000 | current lr: 1.997e-05
| loss 0: 3.441e-01| val metric 0: 0.132285 | best val: 0.132285 at epoch 9 | current lr: 1.997e-05
epoch: [10/500] | loss 0: 0.287395 | loss 1: 0.000000 | current lr: 2.459e-05
| loss 0: 2.874e-01| val metric 0: 0.108505 | best val: 0.108505 at epoch 10 | current lr: 2.459e-05
epoch: [11/500] | loss 0: 0.236716 | loss 1: 0.000000 | current lr: 2.969e-05
| loss 0: 2.367e-01| val metric 0: 0.087918 | best val: 0.087918 at epoch 11 | current lr: 2.969e-05
epoch: [12/500] | loss 0: 0.190329 | loss 1: 0.000000 | current lr: 3.524e-05
| loss 0: 1.903e-01| val metric 0: 0.069931 | best val: 0.069931 at epoch 12 | current lr: 3.524e-05
epoch: [13/500] | loss 0: 0.157769 | loss 1: 0.000000 | current lr: 4.126e-05
| loss 0: 1.578e-01| val metric 0: 0.059284 | best val: 0.059284 at epoch 13 | current lr: 4.126e-05
epoch: [14/500] | loss 0: 0.139253 | loss 1: 0.000000 | current lr: 4.773e-05
| loss 0: 1.393e-01| val metric 0: 0.054300 | best val: 0.054300 at epoch 14 | current lr: 4.773e-05
epoch: [15/500] | loss 0: 0.127783 | loss 1: 0.000000 | current lr: 5.464e-05
| loss 0: 1.278e-01| val metric 0: 0.048966 | best val: 0.048966 at epoch 15 | current lr: 5.464e-05
epoch: [16/500] | loss 0: 0.123395 | loss 1: 0.000000 | current lr: 6.200e-05
| loss 0: 1.234e-01| val metric 0: 0.047238 | best val: 0.047238 at epoch 16 | current lr: 6.200e-05
epoch: [17/500] | loss 0: 0.121934 | loss 1: 0.000000 | current lr: 6.979e-05
| loss 0: 1.219e-01| val metric 0: 0.046338 | best val: 0.046338 at epoch 17 | current lr: 6.979e-05
epoch: [18/500] | loss 0: 0.117422 | loss 1: 0.000000 | current lr: 7.800e-05
| loss 0: 1.174e-01| val metric 0: 0.044347 | best val: 0.044347 at epoch 18 | current lr: 7.800e-05
epoch: [19/500] | loss 0: 0.120368 | loss 1: 0.000000 | current lr: 8.663e-05
| loss 0: 1.204e-01| val metric 0: 0.045193 | best val: 0.044347 at epoch 18 | current lr: 8.663e-05
epoch: [20/500] | loss 0: 0.117989 | loss 1: 0.000000 | current lr: 9.567e-05
| loss 0: 1.180e-01| val metric 0: 0.044172 | best val: 0.044172 at epoch 20 | current lr: 9.567e-05
epoch: [21/500] | loss 0: 0.118387 | loss 1: 0.000000 | current lr: 1.051e-04
| loss 0: 1.184e-01| val metric 0: 0.045060 | best val: 0.044172 at epoch 20 | current lr: 1.051e-04
epoch: [22/500] | loss 0: 0.116785 | loss 1: 0.000000 | current lr: 1.149e-04
| loss 0: 1.168e-01| val metric 0: 0.042678 | best val: 0.042678 at epoch 22 | current lr: 1.149e-04
epoch: [23/500] | loss 0: 0.115463 | loss 1: 0.000000 | current lr: 1.252e-04
| loss 0: 1.155e-01| val metric 0: 0.045378 | best val: 0.042678 at epoch 22 | current lr: 1.252e-04
epoch: [24/500] | loss 0: 0.117912 | loss 1: 0.000000 | current lr: 1.357e-04
| loss 0: 1.179e-01| val metric 0: 0.042670 | best val: 0.042670 at epoch 24 | current lr: 1.357e-04
epoch: [25/500] | loss 0: 0.106979 | loss 1: 0.000000 | current lr: 1.467e-04
| loss 0: 1.070e-01| val metric 0: 0.041547 | best val: 0.041547 at epoch 25 | current lr: 1.467e-04
epoch: [26/500] | loss 0: 0.102664 | loss 1: 0.000000 | current lr: 1.580e-04
| loss 0: 1.027e-01| val metric 0: 0.040204 | best val: 0.040204 at epoch 26 | current lr: 1.580e-04
epoch: [27/500] | loss 0: 0.101907 | loss 1: 0.000000 | current lr: 1.696e-04
| loss 0: 1.019e-01| val metric 0: 0.039942 | best val: 0.039942 at epoch 27 | current lr: 1.696e-04
epoch: [28/500] | loss 0: 0.101412 | loss 1: 0.000000 | current lr: 1.815e-04
| loss 0: 1.014e-01| val metric 0: 0.039634 | best val: 0.039634 at epoch 28 | current lr: 1.815e-04
epoch: [29/500] | loss 0: 0.104443 | loss 1: 0.000000 | current lr: 1.938e-04
| loss 0: 1.044e-01| val metric 0: 0.042514 | best val: 0.039634 at epoch 28 | current lr: 1.938e-04
epoch: [30/500] | loss 0: 0.112700 | loss 1: 0.000000 | current lr: 2.064e-04
| loss 0: 1.127e-01| val metric 0: 0.040225 | best val: 0.039634 at epoch 28 | current lr: 2.064e-04
epoch: [31/500] | loss 0: 0.110116 | loss 1: 0.000000 | current lr: 2.192e-04
| loss 0: 1.101e-01| val metric 0: 0.041944 | best val: 0.039634 at epoch 28 | current lr: 2.192e-04
epoch: [32/500] | loss 0: 0.108816 | loss 1: 0.000000 | current lr: 2.324e-04
| loss 0: 1.088e-01| val metric 0: 0.039189 | best val: 0.039189 at epoch 32 | current lr: 2.324e-04
epoch: [33/500] | loss 0: 0.108552 | loss 1: 0.000000 | current lr: 2.458e-04
| loss 0: 1.086e-01| val metric 0: 0.043775 | best val: 0.039189 at epoch 32 | current lr: 2.458e-04
epoch: [34/500] | loss 0: 0.103535 | loss 1: 0.000000 | current lr: 2.594e-04
| loss 0: 1.035e-01| val metric 0: 0.043546 | best val: 0.039189 at epoch 32 | current lr: 2.594e-04
epoch: [35/500] | loss 0: 0.108446 | loss 1: 0.000000 | current lr: 2.733e-04
| loss 0: 1.084e-01| val metric 0: 0.040400 | best val: 0.039189 at epoch 32 | current lr: 2.733e-04
epoch: [36/500] | loss 0: 0.114329 | loss 1: 0.000000 | current lr: 2.874e-04
| loss 0: 1.143e-01| val metric 0: 0.053317 | best val: 0.039189 at epoch 32 | current lr: 2.874e-04
epoch: [37/500] | loss 0: 0.108030 | loss 1: 0.000000 | current lr: 3.018e-04
| loss 0: 1.080e-01| val metric 0: 0.035674 | best val: 0.035674 at epoch 37 | current lr: 3.018e-04
epoch: [38/500] | loss 0: 0.098815 | loss 1: 0.000000 | current lr: 3.163e-04
| loss 0: 9.882e-02| val metric 0: 0.036676 | best val: 0.035674 at epoch 37 | current lr: 3.163e-04
epoch: [39/500] | loss 0: 0.110679 | loss 1: 0.000000 | current lr: 3.310e-04
| loss 0: 1.107e-01| val metric 0: 0.031000 | best val: 0.031000 at epoch 39 | current lr: 3.310e-04
epoch: [40/500] | loss 0: 0.100482 | loss 1: 0.000000 | current lr: 3.459e-04
| loss 0: 1.005e-01| val metric 0: 0.039839 | best val: 0.031000 at epoch 39 | current lr: 3.459e-04
epoch: [41/500] | loss 0: 0.085645 | loss 1: 0.000000 | current lr: 3.609e-04
| loss 0: 8.564e-02| val metric 0: 0.033110 | best val: 0.031000 at epoch 39 | current lr: 3.609e-04
epoch: [42/500] | loss 0: 0.099597 | loss 1: 0.000000 | current lr: 3.760e-04
| loss 0: 9.960e-02| val metric 0: 0.051772 | best val: 0.031000 at epoch 39 | current lr: 3.760e-04
epoch: [43/500] | loss 0: 0.127405 | loss 1: 0.000000 | current lr: 3.913e-04
| loss 0: 1.274e-01| val metric 0: 0.030980 | best val: 0.030980 at epoch 43 | current lr: 3.913e-04
epoch: [44/500] | loss 0: 0.081889 | loss 1: 0.000000 | current lr: 4.067e-04
| loss 0: 8.189e-02| val metric 0: 0.031024 | best val: 0.030980 at epoch 43 | current lr: 4.067e-04
epoch: [45/500] | loss 0: 0.073552 | loss 1: 0.000000 | current lr: 4.222e-04
| loss 0: 7.355e-02| val metric 0: 0.021464 | best val: 0.021464 at epoch 45 | current lr: 4.222e-04
epoch: [46/500] | loss 0: 0.108117 | loss 1: 0.000000 | current lr: 4.377e-04
| loss 0: 1.081e-01| val metric 0: 0.062430 | best val: 0.021464 at epoch 45 | current lr: 4.377e-04
epoch: [47/500] | loss 0: 0.117405 | loss 1: 0.000000 | current lr: 4.534e-04
| loss 0: 1.174e-01| val metric 0: 0.048555 | best val: 0.021464 at epoch 45 | current lr: 4.534e-04
epoch: [48/500] | loss 0: 0.096480 | loss 1: 0.000000 | current lr: 4.690e-04
| loss 0: 9.648e-02| val metric 0: 0.028348 | best val: 0.021464 at epoch 45 | current lr: 4.690e-04
epoch: [49/500] | loss 0: 0.054495 | loss 1: 0.000000 | current lr: 4.847e-04
| loss 0: 5.449e-02| val metric 0: 0.015645 | best val: 0.015645 at epoch 49 | current lr: 4.847e-04
epoch: [50/500] | loss 0: 0.055764 | loss 1: 0.000000 | current lr: 5.004e-04
| loss 0: 5.576e-02| val metric 0: 0.026248 | best val: 0.015645 at epoch 49 | current lr: 5.004e-04
epoch: [51/500] | loss 0: 0.057683 | loss 1: 0.000000 | current lr: 5.162e-04
| loss 0: 5.768e-02| val metric 0: 0.024261 | best val: 0.015645 at epoch 49 | current lr: 5.162e-04
epoch: [52/500] | loss 0: 0.070089 | loss 1: 0.000000 | current lr: 5.318e-04
| loss 0: 7.009e-02| val metric 0: 0.032149 | best val: 0.015645 at epoch 49 | current lr: 5.318e-04
epoch: [53/500] | loss 0: 0.063187 | loss 1: 0.000000 | current lr: 5.475e-04
| loss 0: 6.319e-02| val metric 0: 0.023117 | best val: 0.015645 at epoch 49 | current lr: 5.475e-04
epoch: [54/500] | loss 0: 0.107747 | loss 1: 0.000000 | current lr: 5.631e-04
| loss 0: 1.077e-01| val metric 0: 0.025096 | best val: 0.015645 at epoch 49 | current lr: 5.631e-04
epoch: [55/500] | loss 0: 0.100915 | loss 1: 0.000000 | current lr: 5.787e-04
| loss 0: 1.009e-01| val metric 0: 0.033677 | best val: 0.015645 at epoch 49 | current lr: 5.787e-04
epoch: [56/500] | loss 0: 0.086499 | loss 1: 0.000000 | current lr: 5.942e-04
| loss 0: 8.650e-02| val metric 0: 0.025738 | best val: 0.015645 at epoch 49 | current lr: 5.942e-04
epoch: [57/500] | loss 0: 0.059209 | loss 1: 0.000000 | current lr: 6.095e-04
| loss 0: 5.921e-02| val metric 0: 0.019220 | best val: 0.015645 at epoch 49 | current lr: 6.095e-04
epoch: [58/500] | loss 0: 0.056224 | loss 1: 0.000000 | current lr: 6.248e-04
| loss 0: 5.622e-02| val metric 0: 0.026078 | best val: 0.015645 at epoch 49 | current lr: 6.248e-04
epoch: [59/500] | loss 0: 0.060628 | loss 1: 0.000000 | current lr: 6.400e-04
| loss 0: 6.063e-02| val metric 0: 0.021888 | best val: 0.015645 at epoch 49 | current lr: 6.400e-04
epoch: [60/500] | loss 0: 0.060679 | loss 1: 0.000000 | current lr: 6.550e-04
| loss 0: 6.068e-02| val metric 0: 0.024312 | best val: 0.015645 at epoch 49 | current lr: 6.550e-04
epoch: [61/500] | loss 0: 0.065825 | loss 1: 0.000000 | current lr: 6.699e-04
| loss 0: 6.582e-02| val metric 0: 0.058306 | best val: 0.015645 at epoch 49 | current lr: 6.699e-04
epoch: [62/500] | loss 0: 0.097678 | loss 1: 0.000000 | current lr: 6.845e-04
| loss 0: 9.768e-02| val metric 0: 0.035556 | best val: 0.015645 at epoch 49 | current lr: 6.845e-04
epoch: [63/500] | loss 0: 0.089633 | loss 1: 0.000000 | current lr: 6.991e-04
| loss 0: 8.963e-02| val metric 0: 0.039708 | best val: 0.015645 at epoch 49 | current lr: 6.991e-04
epoch: [64/500] | loss 0: 0.087986 | loss 1: 0.000000 | current lr: 7.134e-04
| loss 0: 8.799e-02| val metric 0: 0.018415 | best val: 0.015645 at epoch 49 | current lr: 7.134e-04
epoch: [65/500] | loss 0: 0.068844 | loss 1: 0.000000 | current lr: 7.275e-04
| loss 0: 6.884e-02| val metric 0: 0.023455 | best val: 0.015645 at epoch 49 | current lr: 7.275e-04
epoch: [66/500] | loss 0: 0.060709 | loss 1: 0.000000 | current lr: 7.414e-04
| loss 0: 6.071e-02| val metric 0: 0.053763 | best val: 0.015645 at epoch 49 | current lr: 7.414e-04
epoch: [67/500] | loss 0: 0.081208 | loss 1: 0.000000 | current lr: 7.550e-04
| loss 0: 8.121e-02| val metric 0: 0.041864 | best val: 0.015645 at epoch 49 | current lr: 7.550e-04
epoch: [68/500] | loss 0: 0.078435 | loss 1: 0.000000 | current lr: 7.684e-04
| loss 0: 7.843e-02| val metric 0: 0.034086 | best val: 0.015645 at epoch 49 | current lr: 7.684e-04
epoch: [69/500] | loss 0: 0.077667 | loss 1: 0.000000 | current lr: 7.815e-04
| loss 0: 7.767e-02| val metric 0: 0.023866 | best val: 0.015645 at epoch 49 | current lr: 7.815e-04
epoch: [70/500] | loss 0: 0.049346 | loss 1: 0.000000 | current lr: 7.944e-04
| loss 0: 4.935e-02| val metric 0: 0.022537 | best val: 0.015645 at epoch 49 | current lr: 7.944e-04
epoch: [71/500] | loss 0: 0.054862 | loss 1: 0.000000 | current lr: 8.069e-04
| loss 0: 5.486e-02| val metric 0: 0.014853 | best val: 0.014853 at epoch 71 | current lr: 8.069e-04
epoch: [72/500] | loss 0: 0.051413 | loss 1: 0.000000 | current lr: 8.192e-04
| loss 0: 5.141e-02| val metric 0: 0.017576 | best val: 0.014853 at epoch 71 | current lr: 8.192e-04
epoch: [73/500] | loss 0: 0.050767 | loss 1: 0.000000 | current lr: 8.311e-04
| loss 0: 5.077e-02| val metric 0: 0.034450 | best val: 0.014853 at epoch 71 | current lr: 8.311e-04
epoch: [74/500] | loss 0: 0.059213 | loss 1: 0.000000 | current lr: 8.427e-04
| loss 0: 5.921e-02| val metric 0: 0.018013 | best val: 0.014853 at epoch 71 | current lr: 8.427e-04
epoch: [75/500] | loss 0: 0.057549 | loss 1: 0.000000 | current lr: 8.540e-04
| loss 0: 5.755e-02| val metric 0: 0.045422 | best val: 0.014853 at epoch 71 | current lr: 8.540e-04
epoch: [76/500] | loss 0: 0.085580 | loss 1: 0.000000 | current lr: 8.649e-04
| loss 0: 8.558e-02| val metric 0: 0.030335 | best val: 0.014853 at epoch 71 | current lr: 8.649e-04
epoch: [77/500] | loss 0: 0.079712 | loss 1: 0.000000 | current lr: 8.755e-04
| loss 0: 7.971e-02| val metric 0: 0.033624 | best val: 0.014853 at epoch 71 | current lr: 8.755e-04
epoch: [78/500] | loss 0: 0.078719 | loss 1: 0.000000 | current lr: 8.857e-04
| loss 0: 7.872e-02| val metric 0: 0.032282 | best val: 0.014853 at epoch 71 | current lr: 8.857e-04
epoch: [79/500] | loss 0: 0.067932 | loss 1: 0.000000 | current lr: 8.955e-04
| loss 0: 6.793e-02| val metric 0: 0.033412 | best val: 0.014853 at epoch 71 | current lr: 8.955e-04
epoch: [80/500] | loss 0: 0.053318 | loss 1: 0.000000 | current lr: 9.049e-04
| loss 0: 5.332e-02| val metric 0: 0.022951 | best val: 0.014853 at epoch 71 | current lr: 9.049e-04
epoch: [81/500] | loss 0: 0.056035 | loss 1: 0.000000 | current lr: 9.139e-04
| loss 0: 5.603e-02| val metric 0: 0.049329 | best val: 0.014853 at epoch 71 | current lr: 9.139e-04
epoch: [82/500] | loss 0: 0.080987 | loss 1: 0.000000 | current lr: 9.225e-04
| loss 0: 8.099e-02| val metric 0: 0.028273 | best val: 0.014853 at epoch 71 | current lr: 9.225e-04
epoch: [83/500] | loss 0: 0.073052 | loss 1: 0.000000 | current lr: 9.307e-04
| loss 0: 7.305e-02| val metric 0: 0.031268 | best val: 0.014853 at epoch 71 | current lr: 9.307e-04
epoch: [84/500] | loss 0: 0.052965 | loss 1: 0.000000 | current lr: 9.385e-04
| loss 0: 5.296e-02| val metric 0: 0.017270 | best val: 0.014853 at epoch 71 | current lr: 9.385e-04
epoch: [85/500] | loss 0: 0.040899 | loss 1: 0.000000 | current lr: 9.458e-04
| loss 0: 4.090e-02| val metric 0: 0.019847 | best val: 0.014853 at epoch 71 | current lr: 9.458e-04
epoch: [86/500] | loss 0: 0.044475 | loss 1: 0.000000 | current lr: 9.527e-04
| loss 0: 4.447e-02| val metric 0: 0.018104 | best val: 0.014853 at epoch 71 | current lr: 9.527e-04
epoch: [87/500] | loss 0: 0.050138 | loss 1: 0.000000 | current lr: 9.592e-04
| loss 0: 5.014e-02| val metric 0: 0.025751 | best val: 0.014853 at epoch 71 | current lr: 9.592e-04
epoch: [88/500] | loss 0: 0.083992 | loss 1: 0.000000 | current lr: 9.651e-04
| loss 0: 8.399e-02| val metric 0: 0.041327 | best val: 0.014853 at epoch 71 | current lr: 9.651e-04
epoch: [89/500] | loss 0: 0.068408 | loss 1: 0.000000 | current lr: 9.707e-04
| loss 0: 6.841e-02| val metric 0: 0.015439 | best val: 0.014853 at epoch 71 | current lr: 9.707e-04
epoch: [90/500] | loss 0: 0.067760 | loss 1: 0.000000 | current lr: 9.757e-04
| loss 0: 6.776e-02| val metric 0: 0.022621 | best val: 0.014853 at epoch 71 | current lr: 9.757e-04
epoch: [91/500] | loss 0: 0.047806 | loss 1: 0.000000 | current lr: 9.803e-04
| loss 0: 4.781e-02| val metric 0: 0.015747 | best val: 0.014853 at epoch 71 | current lr: 9.803e-04
epoch: [92/500] | loss 0: 0.065658 | loss 1: 0.000000 | current lr: 9.845e-04
| loss 0: 6.566e-02| val metric 0: 0.023430 | best val: 0.014853 at epoch 71 | current lr: 9.845e-04
epoch: [93/500] | loss 0: 0.048336 | loss 1: 0.000000 | current lr: 9.881e-04
| loss 0: 4.834e-02| val metric 0: 0.018304 | best val: 0.014853 at epoch 71 | current lr: 9.881e-04
epoch: [94/500] | loss 0: 0.058017 | loss 1: 0.000000 | current lr: 9.913e-04
| loss 0: 5.802e-02| val metric 0: 0.010576 | best val: 0.010576 at epoch 94 | current lr: 9.913e-04
epoch: [95/500] | loss 0: 0.044842 | loss 1: 0.000000 | current lr: 9.940e-04
| loss 0: 4.484e-02| val metric 0: 0.022602 | best val: 0.010576 at epoch 94 | current lr: 9.940e-04
epoch: [96/500] | loss 0: 0.048826 | loss 1: 0.000000 | current lr: 9.962e-04
| loss 0: 4.883e-02| val metric 0: 0.017750 | best val: 0.010576 at epoch 94 | current lr: 9.962e-04
epoch: [97/500] | loss 0: 0.048350 | loss 1: 0.000000 | current lr: 9.979e-04
| loss 0: 4.835e-02| val metric 0: 0.025691 | best val: 0.010576 at epoch 94 | current lr: 9.979e-04
epoch: [98/500] | loss 0: 0.044361 | loss 1: 0.000000 | current lr: 9.991e-04
| loss 0: 4.436e-02| val metric 0: 0.015445 | best val: 0.010576 at epoch 94 | current lr: 9.991e-04
epoch: [99/500] | loss 0: 0.034989 | loss 1: 0.000000 | current lr: 9.998e-04
| loss 0: 3.499e-02| val metric 0: 0.013044 | best val: 0.010576 at epoch 94 | current lr: 9.998e-04
epoch: [100/500] | loss 0: 0.041767 | loss 1: 0.000000 | current lr: 1.000e-03
| loss 0: 4.177e-02| val metric 0: 0.027762 | best val: 0.010576 at epoch 94 | current lr: 1.000e-03
epoch: [101/500] | loss 0: 0.060260 | loss 1: 0.000000 | current lr: 1.000e-03
| loss 0: 6.026e-02| val metric 0: 0.027790 | best val: 0.010576 at epoch 94 | current lr: 1.000e-03
epoch: [102/500] | loss 0: 0.058815 | loss 1: 0.000000 | current lr: 9.999e-04
| loss 0: 5.881e-02| val metric 0: 0.019966 | best val: 0.010576 at epoch 94 | current lr: 9.999e-04
epoch: [103/500] | loss 0: 0.051404 | loss 1: 0.000000 | current lr: 9.999e-04
| loss 0: 5.140e-02| val metric 0: 0.024230 | best val: 0.010576 at epoch 94 | current lr: 9.999e-04
epoch: [104/500] | loss 0: 0.051230 | loss 1: 0.000000 | current lr: 9.997e-04
| loss 0: 5.123e-02| val metric 0: 0.013103 | best val: 0.010576 at epoch 94 | current lr: 9.997e-04
epoch: [105/500] | loss 0: 0.043374 | loss 1: 0.000000 | current lr: 9.996e-04
| loss 0: 4.337e-02| val metric 0: 0.018099 | best val: 0.010576 at epoch 94 | current lr: 9.996e-04
epoch: [106/500] | loss 0: 0.040551 | loss 1: 0.000000 | current lr: 9.994e-04
| loss 0: 4.055e-02| val metric 0: 0.010428 | best val: 0.010428 at epoch 106 | current lr: 9.994e-04
epoch: [107/500] | loss 0: 0.055776 | loss 1: 0.000000 | current lr: 9.992e-04
| loss 0: 5.578e-02| val metric 0: 0.017086 | best val: 0.010428 at epoch 106 | current lr: 9.992e-04
epoch: [108/500] | loss 0: 0.044137 | loss 1: 0.000000 | current lr: 9.990e-04
| loss 0: 4.414e-02| val metric 0: 0.014497 | best val: 0.010428 at epoch 106 | current lr: 9.990e-04
epoch: [109/500] | loss 0: 0.036815 | loss 1: 0.000000 | current lr: 9.987e-04
| loss 0: 3.682e-02| val metric 0: 0.009748 | best val: 0.009748 at epoch 109 | current lr: 9.987e-04
epoch: [110/500] | loss 0: 0.046643 | loss 1: 0.000000 | current lr: 9.984e-04
| loss 0: 4.664e-02| val metric 0: 0.021757 | best val: 0.009748 at epoch 109 | current lr: 9.984e-04
epoch: [111/500] | loss 0: 0.037154 | loss 1: 0.000000 | current lr: 9.981e-04
| loss 0: 3.715e-02| val metric 0: 0.013505 | best val: 0.009748 at epoch 109 | current lr: 9.981e-04
epoch: [112/500] | loss 0: 0.047646 | loss 1: 0.000000 | current lr: 9.978e-04
| loss 0: 4.765e-02| val metric 0: 0.029689 | best val: 0.009748 at epoch 109 | current lr: 9.978e-04
epoch: [113/500] | loss 0: 0.049329 | loss 1: 0.000000 | current lr: 9.974e-04
| loss 0: 4.933e-02| val metric 0: 0.017920 | best val: 0.009748 at epoch 109 | current lr: 9.974e-04
epoch: [114/500] | loss 0: 0.046298 | loss 1: 0.000000 | current lr: 9.970e-04
| loss 0: 4.630e-02| val metric 0: 0.023388 | best val: 0.009748 at epoch 109 | current lr: 9.970e-04
epoch: [115/500] | loss 0: 0.052288 | loss 1: 0.000000 | current lr: 9.965e-04
| loss 0: 5.229e-02| val metric 0: 0.022537 | best val: 0.009748 at epoch 109 | current lr: 9.965e-04
epoch: [116/500] | loss 0: 0.059642 | loss 1: 0.000000 | current lr: 9.960e-04
| loss 0: 5.964e-02| val metric 0: 0.016463 | best val: 0.009748 at epoch 109 | current lr: 9.960e-04
epoch: [117/500] | loss 0: 0.051292 | loss 1: 0.000000 | current lr: 9.955e-04
| loss 0: 5.129e-02| val metric 0: 0.023439 | best val: 0.009748 at epoch 109 | current lr: 9.955e-04
epoch: [118/500] | loss 0: 0.052086 | loss 1: 0.000000 | current lr: 9.950e-04
| loss 0: 5.209e-02| val metric 0: 0.020938 | best val: 0.009748 at epoch 109 | current lr: 9.950e-04
epoch: [119/500] | loss 0: 0.049698 | loss 1: 0.000000 | current lr: 9.944e-04
| loss 0: 4.970e-02| val metric 0: 0.019082 | best val: 0.009748 at epoch 109 | current lr: 9.944e-04
epoch: [120/500] | loss 0: 0.027517 | loss 1: 0.000000 | current lr: 9.938e-04
| loss 0: 2.752e-02| val metric 0: 0.012092 | best val: 0.009748 at epoch 109 | current lr: 9.938e-04
epoch: [121/500] | loss 0: 0.025291 | loss 1: 0.000000 | current lr: 9.932e-04
| loss 0: 2.529e-02| val metric 0: 0.011549 | best val: 0.009748 at epoch 109 | current lr: 9.932e-04
epoch: [122/500] | loss 0: 0.028569 | loss 1: 0.000000 | current lr: 9.925e-04
| loss 0: 2.857e-02| val metric 0: 0.012555 | best val: 0.009748 at epoch 109 | current lr: 9.925e-04
epoch: [123/500] | loss 0: 0.045057 | loss 1: 0.000000 | current lr: 9.918e-04
| loss 0: 4.506e-02| val metric 0: 0.016873 | best val: 0.009748 at epoch 109 | current lr: 9.918e-04
epoch: [124/500] | loss 0: 0.045748 | loss 1: 0.000000 | current lr: 9.911e-04
| loss 0: 4.575e-02| val metric 0: 0.020786 | best val: 0.009748 at epoch 109 | current lr: 9.911e-04
epoch: [125/500] | loss 0: 0.041129 | loss 1: 0.000000 | current lr: 9.904e-04
| loss 0: 4.113e-02| val metric 0: 0.011772 | best val: 0.009748 at epoch 109 | current lr: 9.904e-04
epoch: [126/500] | loss 0: 0.037344 | loss 1: 0.000000 | current lr: 9.896e-04
| loss 0: 3.734e-02| val metric 0: 0.014370 | best val: 0.009748 at epoch 109 | current lr: 9.896e-04
epoch: [127/500] | loss 0: 0.027436 | loss 1: 0.000000 | current lr: 9.888e-04
| loss 0: 2.744e-02| val metric 0: 0.011498 | best val: 0.009748 at epoch 109 | current lr: 9.888e-04
epoch: [128/500] | loss 0: 0.031949 | loss 1: 0.000000 | current lr: 9.879e-04
| loss 0: 3.195e-02| val metric 0: 0.020140 | best val: 0.009748 at epoch 109 | current lr: 9.879e-04
epoch: [129/500] | loss 0: 0.037468 | loss 1: 0.000000 | current lr: 9.870e-04
| loss 0: 3.747e-02| val metric 0: 0.020374 | best val: 0.009748 at epoch 109 | current lr: 9.870e-04
epoch: [130/500] | loss 0: 0.042853 | loss 1: 0.000000 | current lr: 9.861e-04
| loss 0: 4.285e-02| val metric 0: 0.012001 | best val: 0.009748 at epoch 109 | current lr: 9.861e-04
epoch: [131/500] | loss 0: 0.046740 | loss 1: 0.000000 | current lr: 9.852e-04
| loss 0: 4.674e-02| val metric 0: 0.021131 | best val: 0.009748 at epoch 109 | current lr: 9.852e-04
epoch: [132/500] | loss 0: 0.050550 | loss 1: 0.000000 | current lr: 9.842e-04
| loss 0: 5.055e-02| val metric 0: 0.019307 | best val: 0.009748 at epoch 109 | current lr: 9.842e-04
epoch: [133/500] | loss 0: 0.048624 | loss 1: 0.000000 | current lr: 9.832e-04
| loss 0: 4.862e-02| val metric 0: 0.014131 | best val: 0.009748 at epoch 109 | current lr: 9.832e-04
epoch: [134/500] | loss 0: 0.044747 | loss 1: 0.000000 | current lr: 9.822e-04
| loss 0: 4.475e-02| val metric 0: 0.017298 | best val: 0.009748 at epoch 109 | current lr: 9.822e-04
epoch: [135/500] | loss 0: 0.042984 | loss 1: 0.000000 | current lr: 9.812e-04
| loss 0: 4.298e-02| val metric 0: 0.010298 | best val: 0.009748 at epoch 109 | current lr: 9.812e-04
epoch: [136/500] | loss 0: 0.031090 | loss 1: 0.000000 | current lr: 9.801e-04
| loss 0: 3.109e-02| val metric 0: 0.014582 | best val: 0.009748 at epoch 109 | current lr: 9.801e-04
epoch: [137/500] | loss 0: 0.032609 | loss 1: 0.000000 | current lr: 9.790e-04
| loss 0: 3.261e-02| val metric 0: 0.009583 | best val: 0.009583 at epoch 137 | current lr: 9.790e-04
epoch: [138/500] | loss 0: 0.027805 | loss 1: 0.000000 | current lr: 9.778e-04
| loss 0: 2.781e-02| val metric 0: 0.008696 | best val: 0.008696 at epoch 138 | current lr: 9.778e-04
epoch: [139/500] | loss 0: 0.033231 | loss 1: 0.000000 | current lr: 9.767e-04
| loss 0: 3.323e-02| val metric 0: 0.011213 | best val: 0.008696 at epoch 138 | current lr: 9.767e-04
epoch: [140/500] | loss 0: 0.029687 | loss 1: 0.000000 | current lr: 9.755e-04
| loss 0: 2.969e-02| val metric 0: 0.008989 | best val: 0.008696 at epoch 138 | current lr: 9.755e-04
epoch: [141/500] | loss 0: 0.029643 | loss 1: 0.000000 | current lr: 9.742e-04
| loss 0: 2.964e-02| val metric 0: 0.007610 | best val: 0.007610 at epoch 141 | current lr: 9.742e-04
epoch: [142/500] | loss 0: 0.034453 | loss 1: 0.000000 | current lr: 9.730e-04
| loss 0: 3.445e-02| val metric 0: 0.011748 | best val: 0.007610 at epoch 141 | current lr: 9.730e-04
epoch: [143/500] | loss 0: 0.032545 | loss 1: 0.000000 | current lr: 9.717e-04
| loss 0: 3.255e-02| val metric 0: 0.014591 | best val: 0.007610 at epoch 141 | current lr: 9.717e-04
epoch: [144/500] | loss 0: 0.036456 | loss 1: 0.000000 | current lr: 9.704e-04
| loss 0: 3.646e-02| val metric 0: 0.016746 | best val: 0.007610 at epoch 141 | current lr: 9.704e-04
epoch: [145/500] | loss 0: 0.029632 | loss 1: 0.000000 | current lr: 9.690e-04
| loss 0: 2.963e-02| val metric 0: 0.010005 | best val: 0.007610 at epoch 141 | current lr: 9.690e-04
epoch: [146/500] | loss 0: 0.032373 | loss 1: 0.000000 | current lr: 9.677e-04
| loss 0: 3.237e-02| val metric 0: 0.012214 | best val: 0.007610 at epoch 141 | current lr: 9.677e-04
epoch: [147/500] | loss 0: 0.027633 | loss 1: 0.000000 | current lr: 9.662e-04
| loss 0: 2.763e-02| val metric 0: 0.017203 | best val: 0.007610 at epoch 141 | current lr: 9.662e-04
epoch: [148/500] | loss 0: 0.033428 | loss 1: 0.000000 | current lr: 9.648e-04
| loss 0: 3.343e-02| val metric 0: 0.013183 | best val: 0.007610 at epoch 141 | current lr: 9.648e-04
epoch: [149/500] | loss 0: 0.026674 | loss 1: 0.000000 | current lr: 9.634e-04
| loss 0: 2.667e-02| val metric 0: 0.012066 | best val: 0.007610 at epoch 141 | current lr: 9.634e-04
epoch: [150/500] | loss 0: 0.031388 | loss 1: 0.000000 | current lr: 9.619e-04
| loss 0: 3.139e-02| val metric 0: 0.011891 | best val: 0.007610 at epoch 141 | current lr: 9.619e-04
epoch: [151/500] | loss 0: 0.031234 | loss 1: 0.000000 | current lr: 9.603e-04
| loss 0: 3.123e-02| val metric 0: 0.012321 | best val: 0.007610 at epoch 141 | current lr: 9.603e-04
epoch: [152/500] | loss 0: 0.030233 | loss 1: 0.000000 | current lr: 9.588e-04
| loss 0: 3.023e-02| val metric 0: 0.011761 | best val: 0.007610 at epoch 141 | current lr: 9.588e-04
epoch: [153/500] | loss 0: 0.037452 | loss 1: 0.000000 | current lr: 9.572e-04
| loss 0: 3.745e-02| val metric 0: 0.017714 | best val: 0.007610 at epoch 141 | current lr: 9.572e-04
epoch: [154/500] | loss 0: 0.042842 | loss 1: 0.000000 | current lr: 9.556e-04
| loss 0: 4.284e-02| val metric 0: 0.022168 | best val: 0.007610 at epoch 141 | current lr: 9.556e-04
epoch: [155/500] | loss 0: 0.040607 | loss 1: 0.000000 | current lr: 9.540e-04
| loss 0: 4.061e-02| val metric 0: 0.014330 | best val: 0.007610 at epoch 141 | current lr: 9.540e-04
epoch: [156/500] | loss 0: 0.042617 | loss 1: 0.000000 | current lr: 9.523e-04
| loss 0: 4.262e-02| val metric 0: 0.016235 | best val: 0.007610 at epoch 141 | current lr: 9.523e-04
epoch: [157/500] | loss 0: 0.040269 | loss 1: 0.000000 | current lr: 9.506e-04
| loss 0: 4.027e-02| val metric 0: 0.014190 | best val: 0.007610 at epoch 141 | current lr: 9.506e-04
epoch: [158/500] | loss 0: 0.035960 | loss 1: 0.000000 | current lr: 9.489e-04
| loss 0: 3.596e-02| val metric 0: 0.012803 | best val: 0.007610 at epoch 141 | current lr: 9.489e-04
epoch: [159/500] | loss 0: 0.032341 | loss 1: 0.000000 | current lr: 9.472e-04
| loss 0: 3.234e-02| val metric 0: 0.013649 | best val: 0.007610 at epoch 141 | current lr: 9.472e-04
epoch: [160/500] | loss 0: 0.028822 | loss 1: 0.000000 | current lr: 9.454e-04
| loss 0: 2.882e-02| val metric 0: 0.010431 | best val: 0.007610 at epoch 141 | current lr: 9.454e-04
epoch: [161/500] | loss 0: 0.026560 | loss 1: 0.000000 | current lr: 9.436e-04
| loss 0: 2.656e-02| val metric 0: 0.012849 | best val: 0.007610 at epoch 141 | current lr: 9.436e-04
epoch: [162/500] | loss 0: 0.035477 | loss 1: 0.000000 | current lr: 9.418e-04
| loss 0: 3.548e-02| val metric 0: 0.018040 | best val: 0.007610 at epoch 141 | current lr: 9.418e-04
epoch: [163/500] | loss 0: 0.035302 | loss 1: 0.000000 | current lr: 9.399e-04
| loss 0: 3.530e-02| val metric 0: 0.018447 | best val: 0.007610 at epoch 141 | current lr: 9.399e-04
epoch: [164/500] | loss 0: 0.040400 | loss 1: 0.000000 | current lr: 9.381e-04
| loss 0: 4.040e-02| val metric 0: 0.016659 | best val: 0.007610 at epoch 141 | current lr: 9.381e-04
epoch: [165/500] | loss 0: 0.042356 | loss 1: 0.000000 | current lr: 9.362e-04
| loss 0: 4.236e-02| val metric 0: 0.013187 | best val: 0.007610 at epoch 141 | current lr: 9.362e-04
epoch: [166/500] | loss 0: 0.027822 | loss 1: 0.000000 | current lr: 9.342e-04
| loss 0: 2.782e-02| val metric 0: 0.006778 | best val: 0.006778 at epoch 166 | current lr: 9.342e-04
epoch: [167/500] | loss 0: 0.027319 | loss 1: 0.000000 | current lr: 9.323e-04
| loss 0: 2.732e-02| val metric 0: 0.013469 | best val: 0.006778 at epoch 166 | current lr: 9.323e-04
epoch: [168/500] | loss 0: 0.025183 | loss 1: 0.000000 | current lr: 9.303e-04
| loss 0: 2.518e-02| val metric 0: 0.008423 | best val: 0.006778 at epoch 166 | current lr: 9.303e-04
epoch: [169/500] | loss 0: 0.025126 | loss 1: 0.000000 | current lr: 9.283e-04
| loss 0: 2.513e-02| val metric 0: 0.010662 | best val: 0.006778 at epoch 166 | current lr: 9.283e-04
epoch: [170/500] | loss 0: 0.026582 | loss 1: 0.000000 | current lr: 9.262e-04
| loss 0: 2.658e-02| val metric 0: 0.009078 | best val: 0.006778 at epoch 166 | current lr: 9.262e-04
epoch: [171/500] | loss 0: 0.020107 | loss 1: 0.000000 | current lr: 9.242e-04
| loss 0: 2.011e-02| val metric 0: 0.005892 | best val: 0.005892 at epoch 171 | current lr: 9.242e-04
epoch: [172/500] | loss 0: 0.021971 | loss 1: 0.000000 | current lr: 9.221e-04
| loss 0: 2.197e-02| val metric 0: 0.006137 | best val: 0.005892 at epoch 171 | current lr: 9.221e-04
epoch: [173/500] | loss 0: 0.028467 | loss 1: 0.000000 | current lr: 9.199e-04
| loss 0: 2.847e-02| val metric 0: 0.009141 | best val: 0.005892 at epoch 171 | current lr: 9.199e-04
epoch: [174/500] | loss 0: 0.024279 | loss 1: 0.000000 | current lr: 9.178e-04
| loss 0: 2.428e-02| val metric 0: 0.013399 | best val: 0.005892 at epoch 171 | current lr: 9.178e-04
epoch: [175/500] | loss 0: 0.035394 | loss 1: 0.000000 | current lr: 9.156e-04
| loss 0: 3.539e-02| val metric 0: 0.020305 | best val: 0.005892 at epoch 171 | current lr: 9.156e-04
epoch: [176/500] | loss 0: 0.037409 | loss 1: 0.000000 | current lr: 9.134e-04
| loss 0: 3.741e-02| val metric 0: 0.016423 | best val: 0.005892 at epoch 171 | current lr: 9.134e-04
epoch: [177/500] | loss 0: 0.036755 | loss 1: 0.000000 | current lr: 9.112e-04
| loss 0: 3.676e-02| val metric 0: 0.011048 | best val: 0.005892 at epoch 171 | current lr: 9.112e-04
epoch: [178/500] | loss 0: 0.031784 | loss 1: 0.000000 | current lr: 9.090e-04
| loss 0: 3.178e-02| val metric 0: 0.012454 | best val: 0.005892 at epoch 171 | current lr: 9.090e-04
epoch: [179/500] | loss 0: 0.035971 | loss 1: 0.000000 | current lr: 9.067e-04
| loss 0: 3.597e-02| val metric 0: 0.012632 | best val: 0.005892 at epoch 171 | current lr: 9.067e-04
epoch: [180/500] | loss 0: 0.031587 | loss 1: 0.000000 | current lr: 9.044e-04
| loss 0: 3.159e-02| val metric 0: 0.016639 | best val: 0.005892 at epoch 171 | current lr: 9.044e-04
epoch: [181/500] | loss 0: 0.028755 | loss 1: 0.000000 | current lr: 9.021e-04
| loss 0: 2.875e-02| val metric 0: 0.011489 | best val: 0.005892 at epoch 171 | current lr: 9.021e-04
epoch: [182/500] | loss 0: 0.030441 | loss 1: 0.000000 | current lr: 8.997e-04
| loss 0: 3.044e-02| val metric 0: 0.011346 | best val: 0.005892 at epoch 171 | current lr: 8.997e-04
epoch: [183/500] | loss 0: 0.029953 | loss 1: 0.000000 | current lr: 8.974e-04
| loss 0: 2.995e-02| val metric 0: 0.012863 | best val: 0.005892 at epoch 171 | current lr: 8.974e-04
epoch: [184/500] | loss 0: 0.033410 | loss 1: 0.000000 | current lr: 8.950e-04
| loss 0: 3.341e-02| val metric 0: 0.012620 | best val: 0.005892 at epoch 171 | current lr: 8.950e-04
epoch: [185/500] | loss 0: 0.030691 | loss 1: 0.000000 | current lr: 8.925e-04
| loss 0: 3.069e-02| val metric 0: 0.015414 | best val: 0.005892 at epoch 171 | current lr: 8.925e-04
epoch: [186/500] | loss 0: 0.027706 | loss 1: 0.000000 | current lr: 8.901e-04
| loss 0: 2.771e-02| val metric 0: 0.009973 | best val: 0.005892 at epoch 171 | current lr: 8.901e-04
epoch: [187/500] | loss 0: 0.025445 | loss 1: 0.000000 | current lr: 8.876e-04
| loss 0: 2.544e-02| val metric 0: 0.007662 | best val: 0.005892 at epoch 171 | current lr: 8.876e-04
epoch: [188/500] | loss 0: 0.024593 | loss 1: 0.000000 | current lr: 8.851e-04
| loss 0: 2.459e-02| val metric 0: 0.014335 | best val: 0.005892 at epoch 171 | current lr: 8.851e-04
epoch: [189/500] | loss 0: 0.024481 | loss 1: 0.000000 | current lr: 8.826e-04
| loss 0: 2.448e-02| val metric 0: 0.010784 | best val: 0.005892 at epoch 171 | current lr: 8.826e-04
epoch: [190/500] | loss 0: 0.028762 | loss 1: 0.000000 | current lr: 8.801e-04
| loss 0: 2.876e-02| val metric 0: 0.012747 | best val: 0.005892 at epoch 171 | current lr: 8.801e-04
epoch: [191/500] | loss 0: 0.029245 | loss 1: 0.000000 | current lr: 8.775e-04
| loss 0: 2.924e-02| val metric 0: 0.011864 | best val: 0.005892 at epoch 171 | current lr: 8.775e-04
epoch: [192/500] | loss 0: 0.019408 | loss 1: 0.000000 | current lr: 8.749e-04
| loss 0: 1.941e-02| val metric 0: 0.006312 | best val: 0.005892 at epoch 171 | current lr: 8.749e-04
epoch: [193/500] | loss 0: 0.023579 | loss 1: 0.000000 | current lr: 8.723e-04
| loss 0: 2.358e-02| val metric 0: 0.008541 | best val: 0.005892 at epoch 171 | current lr: 8.723e-04
epoch: [194/500] | loss 0: 0.019671 | loss 1: 0.000000 | current lr: 8.697e-04
| loss 0: 1.967e-02| val metric 0: 0.006718 | best val: 0.005892 at epoch 171 | current lr: 8.697e-04
epoch: [195/500] | loss 0: 0.019376 | loss 1: 0.000000 | current lr: 8.670e-04
| loss 0: 1.938e-02| val metric 0: 0.006394 | best val: 0.005892 at epoch 171 | current lr: 8.670e-04
epoch: [196/500] | loss 0: 0.022494 | loss 1: 0.000000 | current lr: 8.643e-04
| loss 0: 2.249e-02| val metric 0: 0.010348 | best val: 0.005892 at epoch 171 | current lr: 8.643e-04
epoch: [197/500] | loss 0: 0.023034 | loss 1: 0.000000 | current lr: 8.616e-04
| loss 0: 2.303e-02| val metric 0: 0.011359 | best val: 0.005892 at epoch 171 | current lr: 8.616e-04
epoch: [198/500] | loss 0: 0.028953 | loss 1: 0.000000 | current lr: 8.589e-04
| loss 0: 2.895e-02| val metric 0: 0.014923 | best val: 0.005892 at epoch 171 | current lr: 8.589e-04
epoch: [199/500] | loss 0: 0.031980 | loss 1: 0.000000 | current lr: 8.562e-04
| loss 0: 3.198e-02| val metric 0: 0.012421 | best val: 0.005892 at epoch 171 | current lr: 8.562e-04
epoch: [200/500] | loss 0: 0.026723 | loss 1: 0.000000 | current lr: 8.534e-04
| loss 0: 2.672e-02| val metric 0: 0.016779 | best val: 0.005892 at epoch 171 | current lr: 8.534e-04
epoch: [201/500] | loss 0: 0.031734 | loss 1: 0.000000 | current lr: 8.506e-04
| loss 0: 3.173e-02| val metric 0: 0.012941 | best val: 0.005892 at epoch 171 | current lr: 8.506e-04
epoch: [202/500] | loss 0: 0.030665 | loss 1: 0.000000 | current lr: 8.478e-04
| loss 0: 3.067e-02| val metric 0: 0.012406 | best val: 0.005892 at epoch 171 | current lr: 8.478e-04
epoch: [203/500] | loss 0: 0.029443 | loss 1: 0.000000 | current lr: 8.450e-04
| loss 0: 2.944e-02| val metric 0: 0.010122 | best val: 0.005892 at epoch 171 | current lr: 8.450e-04
epoch: [204/500] | loss 0: 0.023933 | loss 1: 0.000000 | current lr: 8.421e-04
| loss 0: 2.393e-02| val metric 0: 0.011579 | best val: 0.005892 at epoch 171 | current lr: 8.421e-04
epoch: [205/500] | loss 0: 0.022775 | loss 1: 0.000000 | current lr: 8.393e-04
| loss 0: 2.278e-02| val metric 0: 0.006047 | best val: 0.005892 at epoch 171 | current lr: 8.393e-04
epoch: [206/500] | loss 0: 0.016920 | loss 1: 0.000000 | current lr: 8.364e-04
| loss 0: 1.692e-02| val metric 0: 0.005156 | best val: 0.005156 at epoch 206 | current lr: 8.364e-04
epoch: [207/500] | loss 0: 0.021341 | loss 1: 0.000000 | current lr: 8.334e-04
| loss 0: 2.134e-02| val metric 0: 0.005257 | best val: 0.005156 at epoch 206 | current lr: 8.334e-04
epoch: [208/500] | loss 0: 0.015932 | loss 1: 0.000000 | current lr: 8.305e-04
| loss 0: 1.593e-02| val metric 0: 0.010669 | best val: 0.005156 at epoch 206 | current lr: 8.305e-04
epoch: [209/500] | loss 0: 0.020801 | loss 1: 0.000000 | current lr: 8.276e-04
| loss 0: 2.080e-02| val metric 0: 0.011084 | best val: 0.005156 at epoch 206 | current lr: 8.276e-04
epoch: [210/500] | loss 0: 0.019139 | loss 1: 0.000000 | current lr: 8.246e-04
| loss 0: 1.914e-02| val metric 0: 0.006665 | best val: 0.005156 at epoch 206 | current lr: 8.246e-04
epoch: [211/500] | loss 0: 0.015905 | loss 1: 0.000000 | current lr: 8.216e-04
| loss 0: 1.591e-02| val metric 0: 0.009156 | best val: 0.005156 at epoch 206 | current lr: 8.216e-04
epoch: [212/500] | loss 0: 0.015499 | loss 1: 0.000000 | current lr: 8.186e-04
| loss 0: 1.550e-02| val metric 0: 0.006069 | best val: 0.005156 at epoch 206 | current lr: 8.186e-04
epoch: [213/500] | loss 0: 0.017856 | loss 1: 0.000000 | current lr: 8.155e-04
| loss 0: 1.786e-02| val metric 0: 0.008299 | best val: 0.005156 at epoch 206 | current lr: 8.155e-04
epoch: [214/500] | loss 0: 0.024513 | loss 1: 0.000000 | current lr: 8.125e-04
| loss 0: 2.451e-02| val metric 0: 0.010800 | best val: 0.005156 at epoch 206 | current lr: 8.125e-04
epoch: [215/500] | loss 0: 0.023198 | loss 1: 0.000000 | current lr: 8.094e-04
| loss 0: 2.320e-02| val metric 0: 0.009732 | best val: 0.005156 at epoch 206 | current lr: 8.094e-04
epoch: [216/500] | loss 0: 0.023689 | loss 1: 0.000000 | current lr: 8.063e-04
| loss 0: 2.369e-02| val metric 0: 0.010829 | best val: 0.005156 at epoch 206 | current lr: 8.063e-04
epoch: [217/500] | loss 0: 0.026314 | loss 1: 0.000000 | current lr: 8.032e-04
| loss 0: 2.631e-02| val metric 0: 0.008471 | best val: 0.005156 at epoch 206 | current lr: 8.032e-04
epoch: [218/500] | loss 0: 0.019131 | loss 1: 0.000000 | current lr: 8.001e-04
| loss 0: 1.913e-02| val metric 0: 0.009080 | best val: 0.005156 at epoch 206 | current lr: 8.001e-04
epoch: [219/500] | loss 0: 0.022152 | loss 1: 0.000000 | current lr: 7.969e-04
| loss 0: 2.215e-02| val metric 0: 0.009453 | best val: 0.005156 at epoch 206 | current lr: 7.969e-04
epoch: [220/500] | loss 0: 0.020312 | loss 1: 0.000000 | current lr: 7.937e-04
| loss 0: 2.031e-02| val metric 0: 0.007943 | best val: 0.005156 at epoch 206 | current lr: 7.937e-04
epoch: [221/500] | loss 0: 0.014470 | loss 1: 0.000000 | current lr: 7.905e-04
| loss 0: 1.447e-02| val metric 0: 0.004300 | best val: 0.004300 at epoch 221 | current lr: 7.905e-04
epoch: [222/500] | loss 0: 0.021055 | loss 1: 0.000000 | current lr: 7.873e-04
| loss 0: 2.105e-02| val metric 0: 0.012826 | best val: 0.004300 at epoch 221 | current lr: 7.873e-04
epoch: [223/500] | loss 0: 0.025131 | loss 1: 0.000000 | current lr: 7.841e-04
| loss 0: 2.513e-02| val metric 0: 0.011524 | best val: 0.004300 at epoch 221 | current lr: 7.841e-04
epoch: [224/500] | loss 0: 0.022006 | loss 1: 0.000000 | current lr: 7.809e-04
| loss 0: 2.201e-02| val metric 0: 0.009116 | best val: 0.004300 at epoch 221 | current lr: 7.809e-04
epoch: [225/500] | loss 0: 0.019218 | loss 1: 0.000000 | current lr: 7.776e-04
| loss 0: 1.922e-02| val metric 0: 0.012072 | best val: 0.004300 at epoch 221 | current lr: 7.776e-04
epoch: [226/500] | loss 0: 0.024984 | loss 1: 0.000000 | current lr: 7.743e-04
| loss 0: 2.498e-02| val metric 0: 0.011715 | best val: 0.004300 at epoch 221 | current lr: 7.743e-04
epoch: [227/500] | loss 0: 0.017238 | loss 1: 0.000000 | current lr: 7.711e-04
| loss 0: 1.724e-02| val metric 0: 0.008317 | best val: 0.004300 at epoch 221 | current lr: 7.711e-04
epoch: [228/500] | loss 0: 0.016957 | loss 1: 0.000000 | current lr: 7.677e-04
| loss 0: 1.696e-02| val metric 0: 0.008615 | best val: 0.004300 at epoch 221 | current lr: 7.677e-04
epoch: [229/500] | loss 0: 0.023810 | loss 1: 0.000000 | current lr: 7.644e-04
| loss 0: 2.381e-02| val metric 0: 0.011764 | best val: 0.004300 at epoch 221 | current lr: 7.644e-04
epoch: [230/500] | loss 0: 0.023040 | loss 1: 0.000000 | current lr: 7.611e-04
| loss 0: 2.304e-02| val metric 0: 0.014473 | best val: 0.004300 at epoch 221 | current lr: 7.611e-04
epoch: [231/500] | loss 0: 0.025659 | loss 1: 0.000000 | current lr: 7.577e-04
| loss 0: 2.566e-02| val metric 0: 0.012098 | best val: 0.004300 at epoch 221 | current lr: 7.577e-04
epoch: [232/500] | loss 0: 0.024298 | loss 1: 0.000000 | current lr: 7.544e-04
| loss 0: 2.430e-02| val metric 0: 0.013483 | best val: 0.004300 at epoch 221 | current lr: 7.544e-04
epoch: [233/500] | loss 0: 0.027066 | loss 1: 0.000000 | current lr: 7.510e-04
| loss 0: 2.707e-02| val metric 0: 0.008284 | best val: 0.004300 at epoch 221 | current lr: 7.510e-04
epoch: [234/500] | loss 0: 0.020568 | loss 1: 0.000000 | current lr: 7.476e-04
| loss 0: 2.057e-02| val metric 0: 0.005274 | best val: 0.004300 at epoch 221 | current lr: 7.476e-04
epoch: [235/500] | loss 0: 0.020536 | loss 1: 0.000000 | current lr: 7.441e-04
| loss 0: 2.054e-02| val metric 0: 0.009896 | best val: 0.004300 at epoch 221 | current lr: 7.441e-04
epoch: [236/500] | loss 0: 0.022327 | loss 1: 0.000000 | current lr: 7.407e-04
| loss 0: 2.233e-02| val metric 0: 0.005367 | best val: 0.004300 at epoch 221 | current lr: 7.407e-04
epoch: [237/500] | loss 0: 0.021164 | loss 1: 0.000000 | current lr: 7.373e-04
| loss 0: 2.116e-02| val metric 0: 0.008377 | best val: 0.004300 at epoch 221 | current lr: 7.373e-04
epoch: [238/500] | loss 0: 0.021503 | loss 1: 0.000000 | current lr: 7.338e-04
| loss 0: 2.150e-02| val metric 0: 0.005858 | best val: 0.004300 at epoch 221 | current lr: 7.338e-04
epoch: [239/500] | loss 0: 0.020511 | loss 1: 0.000000 | current lr: 7.303e-04
| loss 0: 2.051e-02| val metric 0: 0.011799 | best val: 0.004300 at epoch 221 | current lr: 7.303e-04
epoch: [240/500] | loss 0: 0.024040 | loss 1: 0.000000 | current lr: 7.268e-04
| loss 0: 2.404e-02| val metric 0: 0.012353 | best val: 0.004300 at epoch 221 | current lr: 7.268e-04
epoch: [241/500] | loss 0: 0.018793 | loss 1: 0.000000 | current lr: 7.233e-04
| loss 0: 1.879e-02| val metric 0: 0.013051 | best val: 0.004300 at epoch 221 | current lr: 7.233e-04
epoch: [242/500] | loss 0: 0.021226 | loss 1: 0.000000 | current lr: 7.198e-04
| loss 0: 2.123e-02| val metric 0: 0.008959 | best val: 0.004300 at epoch 221 | current lr: 7.198e-04
epoch: [243/500] | loss 0: 0.023346 | loss 1: 0.000000 | current lr: 7.163e-04
| loss 0: 2.335e-02| val metric 0: 0.011549 | best val: 0.004300 at epoch 221 | current lr: 7.163e-04
epoch: [244/500] | loss 0: 0.023295 | loss 1: 0.000000 | current lr: 7.127e-04
| loss 0: 2.329e-02| val metric 0: 0.007799 | best val: 0.004300 at epoch 221 | current lr: 7.127e-04
epoch: [245/500] | loss 0: 0.015854 | loss 1: 0.000000 | current lr: 7.092e-04
| loss 0: 1.585e-02| val metric 0: 0.009124 | best val: 0.004300 at epoch 221 | current lr: 7.092e-04
epoch: [246/500] | loss 0: 0.017914 | loss 1: 0.000000 | current lr: 7.056e-04
| loss 0: 1.791e-02| val metric 0: 0.009050 | best val: 0.004300 at epoch 221 | current lr: 7.056e-04
epoch: [247/500] | loss 0: 0.020143 | loss 1: 0.000000 | current lr: 7.020e-04
| loss 0: 2.014e-02| val metric 0: 0.005924 | best val: 0.004300 at epoch 221 | current lr: 7.020e-04
epoch: [248/500] | loss 0: 0.021663 | loss 1: 0.000000 | current lr: 6.984e-04
| loss 0: 2.166e-02| val metric 0: 0.007833 | best val: 0.004300 at epoch 221 | current lr: 6.984e-04
epoch: [249/500] | loss 0: 0.017376 | loss 1: 0.000000 | current lr: 6.948e-04
| loss 0: 1.738e-02| val metric 0: 0.005468 | best val: 0.004300 at epoch 221 | current lr: 6.948e-04
epoch: [250/500] | loss 0: 0.018118 | loss 1: 0.000000 | current lr: 6.912e-04
| loss 0: 1.812e-02| val metric 0: 0.007938 | best val: 0.004300 at epoch 221 | current lr: 6.912e-04
epoch: [251/500] | loss 0: 0.019367 | loss 1: 0.000000 | current lr: 6.875e-04
| loss 0: 1.937e-02| val metric 0: 0.007998 | best val: 0.004300 at epoch 221 | current lr: 6.875e-04
epoch: [252/500] | loss 0: 0.019981 | loss 1: 0.000000 | current lr: 6.839e-04
| loss 0: 1.998e-02| val metric 0: 0.007514 | best val: 0.004300 at epoch 221 | current lr: 6.839e-04
epoch: [253/500] | loss 0: 0.020013 | loss 1: 0.000000 | current lr: 6.802e-04
| loss 0: 2.001e-02| val metric 0: 0.007229 | best val: 0.004300 at epoch 221 | current lr: 6.802e-04
epoch: [254/500] | loss 0: 0.019864 | loss 1: 0.000000 | current lr: 6.766e-04
| loss 0: 1.986e-02| val metric 0: 0.008361 | best val: 0.004300 at epoch 221 | current lr: 6.766e-04
epoch: [255/500] | loss 0: 0.013865 | loss 1: 0.000000 | current lr: 6.729e-04
| loss 0: 1.386e-02| val metric 0: 0.003574 | best val: 0.003574 at epoch 255 | current lr: 6.729e-04
epoch: [256/500] | loss 0: 0.011618 | loss 1: 0.000000 | current lr: 6.692e-04
| loss 0: 1.162e-02| val metric 0: 0.005492 | best val: 0.003574 at epoch 255 | current lr: 6.692e-04
epoch: [257/500] | loss 0: 0.011181 | loss 1: 0.000000 | current lr: 6.655e-04
| loss 0: 1.118e-02| val metric 0: 0.004080 | best val: 0.003574 at epoch 255 | current lr: 6.655e-04
epoch: [258/500] | loss 0: 0.016081 | loss 1: 0.000000 | current lr: 6.618e-04
| loss 0: 1.608e-02| val metric 0: 0.006885 | best val: 0.003574 at epoch 255 | current lr: 6.618e-04
epoch: [259/500] | loss 0: 0.020551 | loss 1: 0.000000 | current lr: 6.581e-04
| loss 0: 2.055e-02| val metric 0: 0.006752 | best val: 0.003574 at epoch 255 | current lr: 6.581e-04
epoch: [260/500] | loss 0: 0.019391 | loss 1: 0.000000 | current lr: 6.543e-04
| loss 0: 1.939e-02| val metric 0: 0.004845 | best val: 0.003574 at epoch 255 | current lr: 6.543e-04
epoch: [261/500] | loss 0: 0.016947 | loss 1: 0.000000 | current lr: 6.506e-04
| loss 0: 1.695e-02| val metric 0: 0.005710 | best val: 0.003574 at epoch 255 | current lr: 6.506e-04
epoch: [262/500] | loss 0: 0.016543 | loss 1: 0.000000 | current lr: 6.468e-04
| loss 0: 1.654e-02| val metric 0: 0.007067 | best val: 0.003574 at epoch 255 | current lr: 6.468e-04
epoch: [263/500] | loss 0: 0.017006 | loss 1: 0.000000 | current lr: 6.431e-04
| loss 0: 1.701e-02| val metric 0: 0.010195 | best val: 0.003574 at epoch 255 | current lr: 6.431e-04
epoch: [264/500] | loss 0: 0.020456 | loss 1: 0.000000 | current lr: 6.393e-04
| loss 0: 2.046e-02| val metric 0: 0.005710 | best val: 0.003574 at epoch 255 | current lr: 6.393e-04
epoch: [265/500] | loss 0: 0.019065 | loss 1: 0.000000 | current lr: 6.355e-04
| loss 0: 1.906e-02| val metric 0: 0.010087 | best val: 0.003574 at epoch 255 | current lr: 6.355e-04
epoch: [266/500] | loss 0: 0.017637 | loss 1: 0.000000 | current lr: 6.317e-04
| loss 0: 1.764e-02| val metric 0: 0.007041 | best val: 0.003574 at epoch 255 | current lr: 6.317e-04
epoch: [267/500] | loss 0: 0.019021 | loss 1: 0.000000 | current lr: 6.280e-04
| loss 0: 1.902e-02| val metric 0: 0.004564 | best val: 0.003574 at epoch 255 | current lr: 6.280e-04
epoch: [268/500] | loss 0: 0.012911 | loss 1: 0.000000 | current lr: 6.242e-04
| loss 0: 1.291e-02| val metric 0: 0.006416 | best val: 0.003574 at epoch 255 | current lr: 6.242e-04
epoch: [269/500] | loss 0: 0.016144 | loss 1: 0.000000 | current lr: 6.203e-04
| loss 0: 1.614e-02| val metric 0: 0.007910 | best val: 0.003574 at epoch 255 | current lr: 6.203e-04
epoch: [270/500] | loss 0: 0.017305 | loss 1: 0.000000 | current lr: 6.165e-04
| loss 0: 1.730e-02| val metric 0: 0.006610 | best val: 0.003574 at epoch 255 | current lr: 6.165e-04
epoch: [271/500] | loss 0: 0.015044 | loss 1: 0.000000 | current lr: 6.127e-04
| loss 0: 1.504e-02| val metric 0: 0.007807 | best val: 0.003574 at epoch 255 | current lr: 6.127e-04
epoch: [272/500] | loss 0: 0.014342 | loss 1: 0.000000 | current lr: 6.089e-04
| loss 0: 1.434e-02| val metric 0: 0.006428 | best val: 0.003574 at epoch 255 | current lr: 6.089e-04
epoch: [273/500] | loss 0: 0.012601 | loss 1: 0.000000 | current lr: 6.050e-04
| loss 0: 1.260e-02| val metric 0: 0.004655 | best val: 0.003574 at epoch 255 | current lr: 6.050e-04
epoch: [274/500] | loss 0: 0.012764 | loss 1: 0.000000 | current lr: 6.012e-04
| loss 0: 1.276e-02| val metric 0: 0.005829 | best val: 0.003574 at epoch 255 | current lr: 6.012e-04
epoch: [275/500] | loss 0: 0.012905 | loss 1: 0.000000 | current lr: 5.974e-04
| loss 0: 1.290e-02| val metric 0: 0.005437 | best val: 0.003574 at epoch 255 | current lr: 5.974e-04
epoch: [276/500] | loss 0: 0.014471 | loss 1: 0.000000 | current lr: 5.935e-04
| loss 0: 1.447e-02| val metric 0: 0.007009 | best val: 0.003574 at epoch 255 | current lr: 5.935e-04
epoch: [277/500] | loss 0: 0.015639 | loss 1: 0.000000 | current lr: 5.896e-04
| loss 0: 1.564e-02| val metric 0: 0.008421 | best val: 0.003574 at epoch 255 | current lr: 5.896e-04
epoch: [278/500] | loss 0: 0.018174 | loss 1: 0.000000 | current lr: 5.858e-04
| loss 0: 1.817e-02| val metric 0: 0.006575 | best val: 0.003574 at epoch 255 | current lr: 5.858e-04
epoch: [279/500] | loss 0: 0.014883 | loss 1: 0.000000 | current lr: 5.819e-04
| loss 0: 1.488e-02| val metric 0: 0.004277 | best val: 0.003574 at epoch 255 | current lr: 5.819e-04
epoch: [280/500] | loss 0: 0.011458 | loss 1: 0.000000 | current lr: 5.780e-04
| loss 0: 1.146e-02| val metric 0: 0.005570 | best val: 0.003574 at epoch 255 | current lr: 5.780e-04
epoch: [281/500] | loss 0: 0.015778 | loss 1: 0.000000 | current lr: 5.741e-04
| loss 0: 1.578e-02| val metric 0: 0.007888 | best val: 0.003574 at epoch 255 | current lr: 5.741e-04
epoch: [282/500] | loss 0: 0.015719 | loss 1: 0.000000 | current lr: 5.703e-04
| loss 0: 1.572e-02| val metric 0: 0.003897 | best val: 0.003574 at epoch 255 | current lr: 5.703e-04
epoch: [283/500] | loss 0: 0.011778 | loss 1: 0.000000 | current lr: 5.664e-04
| loss 0: 1.178e-02| val metric 0: 0.004146 | best val: 0.003574 at epoch 255 | current lr: 5.664e-04
epoch: [284/500] | loss 0: 0.011812 | loss 1: 0.000000 | current lr: 5.625e-04
| loss 0: 1.181e-02| val metric 0: 0.005601 | best val: 0.003574 at epoch 255 | current lr: 5.625e-04
epoch: [285/500] | loss 0: 0.014138 | loss 1: 0.000000 | current lr: 5.586e-04
| loss 0: 1.414e-02| val metric 0: 0.005684 | best val: 0.003574 at epoch 255 | current lr: 5.586e-04
epoch: [286/500] | loss 0: 0.014599 | loss 1: 0.000000 | current lr: 5.547e-04
| loss 0: 1.460e-02| val metric 0: 0.003331 | best val: 0.003331 at epoch 286 | current lr: 5.547e-04
epoch: [287/500] | loss 0: 0.012271 | loss 1: 0.000000 | current lr: 5.508e-04
| loss 0: 1.227e-02| val metric 0: 0.003652 | best val: 0.003331 at epoch 286 | current lr: 5.508e-04
epoch: [288/500] | loss 0: 0.009134 | loss 1: 0.000000 | current lr: 5.469e-04
| loss 0: 9.134e-03| val metric 0: 0.004931 | best val: 0.003331 at epoch 286 | current lr: 5.469e-04
epoch: [289/500] | loss 0: 0.010171 | loss 1: 0.000000 | current lr: 5.429e-04
| loss 0: 1.017e-02| val metric 0: 0.004202 | best val: 0.003331 at epoch 286 | current lr: 5.429e-04
epoch: [290/500] | loss 0: 0.010053 | loss 1: 0.000000 | current lr: 5.390e-04
| loss 0: 1.005e-02| val metric 0: 0.003760 | best val: 0.003331 at epoch 286 | current lr: 5.390e-04
epoch: [291/500] | loss 0: 0.010053 | loss 1: 0.000000 | current lr: 5.351e-04
| loss 0: 1.005e-02| val metric 0: 0.007321 | best val: 0.003331 at epoch 286 | current lr: 5.351e-04
epoch: [292/500] | loss 0: 0.014789 | loss 1: 0.000000 | current lr: 5.312e-04
| loss 0: 1.479e-02| val metric 0: 0.007113 | best val: 0.003331 at epoch 286 | current lr: 5.312e-04
epoch: [293/500] | loss 0: 0.014406 | loss 1: 0.000000 | current lr: 5.273e-04
| loss 0: 1.441e-02| val metric 0: 0.003190 | best val: 0.003190 at epoch 293 | current lr: 5.273e-04
epoch: [294/500] | loss 0: 0.010629 | loss 1: 0.000000 | current lr: 5.234e-04
| loss 0: 1.063e-02| val metric 0: 0.004298 | best val: 0.003190 at epoch 293 | current lr: 5.234e-04
epoch: [295/500] | loss 0: 0.011834 | loss 1: 0.000000 | current lr: 5.194e-04
| loss 0: 1.183e-02| val metric 0: 0.004239 | best val: 0.003190 at epoch 293 | current lr: 5.194e-04
epoch: [296/500] | loss 0: 0.014445 | loss 1: 0.000000 | current lr: 5.155e-04
| loss 0: 1.445e-02| val metric 0: 0.007403 | best val: 0.003190 at epoch 293 | current lr: 5.155e-04
epoch: [297/500] | loss 0: 0.011676 | loss 1: 0.000000 | current lr: 5.116e-04
| loss 0: 1.168e-02| val metric 0: 0.003481 | best val: 0.003190 at epoch 293 | current lr: 5.116e-04
epoch: [298/500] | loss 0: 0.011347 | loss 1: 0.000000 | current lr: 5.077e-04
| loss 0: 1.135e-02| val metric 0: 0.005222 | best val: 0.003190 at epoch 293 | current lr: 5.077e-04
epoch: [299/500] | loss 0: 0.012633 | loss 1: 0.000000 | current lr: 5.037e-04
| loss 0: 1.263e-02| val metric 0: 0.006358 | best val: 0.003190 at epoch 293 | current lr: 5.037e-04
epoch: [300/500] | loss 0: 0.012116 | loss 1: 0.000000 | current lr: 4.998e-04
| loss 0: 1.212e-02| val metric 0: 0.005633 | best val: 0.003190 at epoch 293 | current lr: 4.998e-04
epoch: [301/500] | loss 0: 0.011939 | loss 1: 0.000000 | current lr: 4.959e-04
| loss 0: 1.194e-02| val metric 0: 0.005492 | best val: 0.003190 at epoch 293 | current lr: 4.959e-04
epoch: [302/500] | loss 0: 0.012545 | loss 1: 0.000000 | current lr: 4.920e-04
| loss 0: 1.254e-02| val metric 0: 0.004603 | best val: 0.003190 at epoch 293 | current lr: 4.920e-04
epoch: [303/500] | loss 0: 0.012661 | loss 1: 0.000000 | current lr: 4.880e-04
| loss 0: 1.266e-02| val metric 0: 0.003480 | best val: 0.003190 at epoch 293 | current lr: 4.880e-04
epoch: [304/500] | loss 0: 0.012924 | loss 1: 0.000000 | current lr: 4.841e-04
| loss 0: 1.292e-02| val metric 0: 0.005186 | best val: 0.003190 at epoch 293 | current lr: 4.841e-04
epoch: [305/500] | loss 0: 0.011932 | loss 1: 0.000000 | current lr: 4.802e-04
| loss 0: 1.193e-02| val metric 0: 0.003326 | best val: 0.003190 at epoch 293 | current lr: 4.802e-04
epoch: [306/500] | loss 0: 0.010173 | loss 1: 0.000000 | current lr: 4.763e-04
| loss 0: 1.017e-02| val metric 0: 0.003784 | best val: 0.003190 at epoch 293 | current lr: 4.763e-04
epoch: [307/500] | loss 0: 0.012521 | loss 1: 0.000000 | current lr: 4.723e-04
| loss 0: 1.252e-02| val metric 0: 0.003361 | best val: 0.003190 at epoch 293 | current lr: 4.723e-04
epoch: [308/500] | loss 0: 0.013249 | loss 1: 0.000000 | current lr: 4.684e-04
| loss 0: 1.325e-02| val metric 0: 0.008271 | best val: 0.003190 at epoch 293 | current lr: 4.684e-04
epoch: [309/500] | loss 0: 0.014048 | loss 1: 0.000000 | current lr: 4.645e-04
| loss 0: 1.405e-02| val metric 0: 0.005162 | best val: 0.003190 at epoch 293 | current lr: 4.645e-04
epoch: [310/500] | loss 0: 0.011278 | loss 1: 0.000000 | current lr: 4.606e-04
| loss 0: 1.128e-02| val metric 0: 0.005507 | best val: 0.003190 at epoch 293 | current lr: 4.606e-04
epoch: [311/500] | loss 0: 0.010728 | loss 1: 0.000000 | current lr: 4.567e-04
| loss 0: 1.073e-02| val metric 0: 0.005356 | best val: 0.003190 at epoch 293 | current lr: 4.567e-04
epoch: [312/500] | loss 0: 0.011825 | loss 1: 0.000000 | current lr: 4.528e-04
| loss 0: 1.183e-02| val metric 0: 0.005496 | best val: 0.003190 at epoch 293 | current lr: 4.528e-04
epoch: [313/500] | loss 0: 0.010519 | loss 1: 0.000000 | current lr: 4.488e-04
| loss 0: 1.052e-02| val metric 0: 0.003664 | best val: 0.003190 at epoch 293 | current lr: 4.488e-04
epoch: [314/500] | loss 0: 0.010893 | loss 1: 0.000000 | current lr: 4.449e-04
| loss 0: 1.089e-02| val metric 0: 0.004185 | best val: 0.003190 at epoch 293 | current lr: 4.449e-04
epoch: [315/500] | loss 0: 0.010197 | loss 1: 0.000000 | current lr: 4.410e-04
| loss 0: 1.020e-02| val metric 0: 0.002654 | best val: 0.002654 at epoch 315 | current lr: 4.410e-04
epoch: [316/500] | loss 0: 0.005888 | loss 1: 0.000000 | current lr: 4.371e-04
| loss 0: 5.888e-03| val metric 0: 0.002376 | best val: 0.002376 at epoch 316 | current lr: 4.371e-04
epoch: [317/500] | loss 0: 0.005503 | loss 1: 0.000000 | current lr: 4.332e-04
| loss 0: 5.503e-03| val metric 0: 0.001879 | best val: 0.001879 at epoch 317 | current lr: 4.332e-04
epoch: [318/500] | loss 0: 0.007015 | loss 1: 0.000000 | current lr: 4.294e-04
| loss 0: 7.015e-03| val metric 0: 0.003050 | best val: 0.001879 at epoch 317 | current lr: 4.294e-04
epoch: [319/500] | loss 0: 0.006572 | loss 1: 0.000000 | current lr: 4.255e-04
| loss 0: 6.572e-03| val metric 0: 0.002955 | best val: 0.001879 at epoch 317 | current lr: 4.255e-04
epoch: [320/500] | loss 0: 0.009682 | loss 1: 0.000000 | current lr: 4.216e-04
| loss 0: 9.682e-03| val metric 0: 0.004312 | best val: 0.001879 at epoch 317 | current lr: 4.216e-04
epoch: [321/500] | loss 0: 0.009745 | loss 1: 0.000000 | current lr: 4.177e-04
| loss 0: 9.745e-03| val metric 0: 0.004642 | best val: 0.001879 at epoch 317 | current lr: 4.177e-04
epoch: [322/500] | loss 0: 0.009310 | loss 1: 0.000000 | current lr: 4.138e-04
| loss 0: 9.310e-03| val metric 0: 0.003641 | best val: 0.001879 at epoch 317 | current lr: 4.138e-04
epoch: [323/500] | loss 0: 0.009174 | loss 1: 0.000000 | current lr: 4.100e-04
| loss 0: 9.174e-03| val metric 0: 0.003142 | best val: 0.001879 at epoch 317 | current lr: 4.100e-04
epoch: [324/500] | loss 0: 0.009381 | loss 1: 0.000000 | current lr: 4.061e-04
| loss 0: 9.381e-03| val metric 0: 0.003856 | best val: 0.001879 at epoch 317 | current lr: 4.061e-04
epoch: [325/500] | loss 0: 0.007488 | loss 1: 0.000000 | current lr: 4.023e-04
| loss 0: 7.488e-03| val metric 0: 0.002883 | best val: 0.001879 at epoch 317 | current lr: 4.023e-04
epoch: [326/500] | loss 0: 0.008748 | loss 1: 0.000000 | current lr: 3.984e-04
| loss 0: 8.748e-03| val metric 0: 0.004151 | best val: 0.001879 at epoch 317 | current lr: 3.984e-04
epoch: [327/500] | loss 0: 0.009062 | loss 1: 0.000000 | current lr: 3.946e-04
| loss 0: 9.062e-03| val metric 0: 0.002900 | best val: 0.001879 at epoch 317 | current lr: 3.946e-04
epoch: [328/500] | loss 0: 0.010032 | loss 1: 0.000000 | current lr: 3.907e-04
| loss 0: 1.003e-02| val metric 0: 0.003234 | best val: 0.001879 at epoch 317 | current lr: 3.907e-04
epoch: [329/500] | loss 0: 0.008626 | loss 1: 0.000000 | current lr: 3.869e-04
| loss 0: 8.626e-03| val metric 0: 0.004408 | best val: 0.001879 at epoch 317 | current lr: 3.869e-04
epoch: [330/500] | loss 0: 0.009826 | loss 1: 0.000000 | current lr: 3.831e-04
| loss 0: 9.826e-03| val metric 0: 0.003901 | best val: 0.001879 at epoch 317 | current lr: 3.831e-04
epoch: [331/500] | loss 0: 0.009172 | loss 1: 0.000000 | current lr: 3.793e-04
| loss 0: 9.172e-03| val metric 0: 0.003349 | best val: 0.001879 at epoch 317 | current lr: 3.793e-04
epoch: [332/500] | loss 0: 0.007751 | loss 1: 0.000000 | current lr: 3.755e-04
| loss 0: 7.751e-03| val metric 0: 0.002822 | best val: 0.001879 at epoch 317 | current lr: 3.755e-04
epoch: [333/500] | loss 0: 0.006538 | loss 1: 0.000000 | current lr: 3.717e-04
| loss 0: 6.538e-03| val metric 0: 0.001959 | best val: 0.001879 at epoch 317 | current lr: 3.717e-04
epoch: [334/500] | loss 0: 0.006071 | loss 1: 0.000000 | current lr: 3.679e-04
| loss 0: 6.071e-03| val metric 0: 0.002435 | best val: 0.001879 at epoch 317 | current lr: 3.679e-04
epoch: [335/500] | loss 0: 0.007409 | loss 1: 0.000000 | current lr: 3.641e-04
| loss 0: 7.409e-03| val metric 0: 0.004468 | best val: 0.001879 at epoch 317 | current lr: 3.641e-04
epoch: [336/500] | loss 0: 0.007360 | loss 1: 0.000000 | current lr: 3.603e-04
| loss 0: 7.360e-03| val metric 0: 0.002876 | best val: 0.001879 at epoch 317 | current lr: 3.603e-04
epoch: [337/500] | loss 0: 0.006421 | loss 1: 0.000000 | current lr: 3.565e-04
| loss 0: 6.421e-03| val metric 0: 0.002640 | best val: 0.001879 at epoch 317 | current lr: 3.565e-04
epoch: [338/500] | loss 0: 0.006564 | loss 1: 0.000000 | current lr: 3.528e-04
| loss 0: 6.564e-03| val metric 0: 0.003144 | best val: 0.001879 at epoch 317 | current lr: 3.528e-04
epoch: [339/500] | loss 0: 0.007695 | loss 1: 0.000000 | current lr: 3.490e-04
| loss 0: 7.695e-03| val metric 0: 0.002565 | best val: 0.001879 at epoch 317 | current lr: 3.490e-04
epoch: [340/500] | loss 0: 0.007129 | loss 1: 0.000000 | current lr: 3.453e-04
| loss 0: 7.129e-03| val metric 0: 0.003603 | best val: 0.001879 at epoch 317 | current lr: 3.453e-04
epoch: [341/500] | loss 0: 0.008366 | loss 1: 0.000000 | current lr: 3.416e-04
| loss 0: 8.366e-03| val metric 0: 0.003495 | best val: 0.001879 at epoch 317 | current lr: 3.416e-04
epoch: [342/500] | loss 0: 0.007771 | loss 1: 0.000000 | current lr: 3.379e-04
| loss 0: 7.771e-03| val metric 0: 0.002833 | best val: 0.001879 at epoch 317 | current lr: 3.379e-04
epoch: [343/500] | loss 0: 0.007144 | loss 1: 0.000000 | current lr: 3.341e-04
| loss 0: 7.144e-03| val metric 0: 0.002609 | best val: 0.001879 at epoch 317 | current lr: 3.341e-04
epoch: [344/500] | loss 0: 0.007000 | loss 1: 0.000000 | current lr: 3.304e-04
| loss 0: 7.000e-03| val metric 0: 0.002742 | best val: 0.001879 at epoch 317 | current lr: 3.304e-04
epoch: [345/500] | loss 0: 0.005885 | loss 1: 0.000000 | current lr: 3.268e-04
| loss 0: 5.885e-03| val metric 0: 0.001605 | best val: 0.001605 at epoch 345 | current lr: 3.268e-04
epoch: [346/500] | loss 0: 0.006707 | loss 1: 0.000000 | current lr: 3.231e-04
| loss 0: 6.707e-03| val metric 0: 0.002337 | best val: 0.001605 at epoch 345 | current lr: 3.231e-04
epoch: [347/500] | loss 0: 0.006177 | loss 1: 0.000000 | current lr: 3.194e-04
| loss 0: 6.177e-03| val metric 0: 0.001824 | best val: 0.001605 at epoch 345 | current lr: 3.194e-04
epoch: [348/500] | loss 0: 0.005571 | loss 1: 0.000000 | current lr: 3.158e-04
| loss 0: 5.571e-03| val metric 0: 0.001682 | best val: 0.001605 at epoch 345 | current lr: 3.158e-04
epoch: [349/500] | loss 0: 0.005821 | loss 1: 0.000000 | current lr: 3.121e-04
| loss 0: 5.821e-03| val metric 0: 0.002167 | best val: 0.001605 at epoch 345 | current lr: 3.121e-04
epoch: [350/500] | loss 0: 0.004718 | loss 1: 0.000000 | current lr: 3.085e-04
| loss 0: 4.718e-03| val metric 0: 0.001768 | best val: 0.001605 at epoch 345 | current lr: 3.085e-04
epoch: [351/500] | loss 0: 0.004081 | loss 1: 0.000000 | current lr: 3.049e-04
| loss 0: 4.081e-03| val metric 0: 0.002158 | best val: 0.001605 at epoch 345 | current lr: 3.049e-04
epoch: [352/500] | loss 0: 0.004244 | loss 1: 0.000000 | current lr: 3.012e-04
| loss 0: 4.244e-03| val metric 0: 0.001679 | best val: 0.001605 at epoch 345 | current lr: 3.012e-04
epoch: [353/500] | loss 0: 0.004912 | loss 1: 0.000000 | current lr: 2.976e-04
| loss 0: 4.912e-03| val metric 0: 0.002689 | best val: 0.001605 at epoch 345 | current lr: 2.976e-04
epoch: [354/500] | loss 0: 0.006189 | loss 1: 0.000000 | current lr: 2.941e-04
| loss 0: 6.189e-03| val metric 0: 0.002397 | best val: 0.001605 at epoch 345 | current lr: 2.941e-04
epoch: [355/500] | loss 0: 0.006146 | loss 1: 0.000000 | current lr: 2.905e-04
| loss 0: 6.146e-03| val metric 0: 0.002160 | best val: 0.001605 at epoch 345 | current lr: 2.905e-04
epoch: [356/500] | loss 0: 0.005960 | loss 1: 0.000000 | current lr: 2.869e-04
| loss 0: 5.960e-03| val metric 0: 0.002361 | best val: 0.001605 at epoch 345 | current lr: 2.869e-04
epoch: [357/500] | loss 0: 0.005710 | loss 1: 0.000000 | current lr: 2.834e-04
| loss 0: 5.710e-03| val metric 0: 0.002165 | best val: 0.001605 at epoch 345 | current lr: 2.834e-04
epoch: [358/500] | loss 0: 0.005937 | loss 1: 0.000000 | current lr: 2.799e-04
| loss 0: 5.937e-03| val metric 0: 0.002478 | best val: 0.001605 at epoch 345 | current lr: 2.799e-04
epoch: [359/500] | loss 0: 0.005145 | loss 1: 0.000000 | current lr: 2.763e-04
| loss 0: 5.145e-03| val metric 0: 0.002533 | best val: 0.001605 at epoch 345 | current lr: 2.763e-04
epoch: [360/500] | loss 0: 0.005814 | loss 1: 0.000000 | current lr: 2.728e-04
| loss 0: 5.814e-03| val metric 0: 0.002271 | best val: 0.001605 at epoch 345 | current lr: 2.728e-04
epoch: [361/500] | loss 0: 0.006529 | loss 1: 0.000000 | current lr: 2.693e-04
| loss 0: 6.529e-03| val metric 0: 0.002572 | best val: 0.001605 at epoch 345 | current lr: 2.693e-04
epoch: [362/500] | loss 0: 0.006260 | loss 1: 0.000000 | current lr: 2.659e-04
| loss 0: 6.260e-03| val metric 0: 0.001648 | best val: 0.001605 at epoch 345 | current lr: 2.659e-04
epoch: [363/500] | loss 0: 0.005124 | loss 1: 0.000000 | current lr: 2.624e-04
| loss 0: 5.124e-03| val metric 0: 0.001913 | best val: 0.001605 at epoch 345 | current lr: 2.624e-04
epoch: [364/500] | loss 0: 0.004818 | loss 1: 0.000000 | current lr: 2.590e-04
| loss 0: 4.818e-03| val metric 0: 0.002148 | best val: 0.001605 at epoch 345 | current lr: 2.590e-04
epoch: [365/500] | loss 0: 0.004369 | loss 1: 0.000000 | current lr: 2.555e-04
| loss 0: 4.369e-03| val metric 0: 0.001684 | best val: 0.001605 at epoch 345 | current lr: 2.555e-04
epoch: [366/500] | loss 0: 0.003468 | loss 1: 0.000000 | current lr: 2.521e-04
| loss 0: 3.468e-03| val metric 0: 0.001474 | best val: 0.001474 at epoch 366 | current lr: 2.521e-04
epoch: [367/500] | loss 0: 0.003322 | loss 1: 0.000000 | current lr: 2.487e-04
| loss 0: 3.322e-03| val metric 0: 0.001276 | best val: 0.001276 at epoch 367 | current lr: 2.487e-04
epoch: [368/500] | loss 0: 0.003529 | loss 1: 0.000000 | current lr: 2.453e-04
| loss 0: 3.529e-03| val metric 0: 0.001383 | best val: 0.001276 at epoch 367 | current lr: 2.453e-04
epoch: [369/500] | loss 0: 0.003108 | loss 1: 0.000000 | current lr: 2.419e-04
| loss 0: 3.108e-03| val metric 0: 0.001353 | best val: 0.001276 at epoch 367 | current lr: 2.419e-04
epoch: [370/500] | loss 0: 0.003255 | loss 1: 0.000000 | current lr: 2.386e-04
| loss 0: 3.255e-03| val metric 0: 0.001401 | best val: 0.001276 at epoch 367 | current lr: 2.386e-04
epoch: [371/500] | loss 0: 0.003114 | loss 1: 0.000000 | current lr: 2.352e-04
| loss 0: 3.114e-03| val metric 0: 0.001133 | best val: 0.001133 at epoch 371 | current lr: 2.352e-04
epoch: [372/500] | loss 0: 0.002892 | loss 1: 0.000000 | current lr: 2.319e-04
| loss 0: 2.892e-03| val metric 0: 0.001511 | best val: 0.001133 at epoch 371 | current lr: 2.319e-04
epoch: [373/500] | loss 0: 0.003140 | loss 1: 0.000000 | current lr: 2.286e-04
| loss 0: 3.140e-03| val metric 0: 0.001183 | best val: 0.001133 at epoch 371 | current lr: 2.286e-04
epoch: [374/500] | loss 0: 0.003145 | loss 1: 0.000000 | current lr: 2.253e-04
| loss 0: 3.145e-03| val metric 0: 0.001368 | best val: 0.001133 at epoch 371 | current lr: 2.253e-04
epoch: [375/500] | loss 0: 0.003101 | loss 1: 0.000000 | current lr: 2.221e-04
| loss 0: 3.101e-03| val metric 0: 0.001298 | best val: 0.001133 at epoch 371 | current lr: 2.221e-04
epoch: [376/500] | loss 0: 0.002959 | loss 1: 0.000000 | current lr: 2.188e-04
| loss 0: 2.959e-03| val metric 0: 0.001108 | best val: 0.001108 at epoch 376 | current lr: 2.188e-04
epoch: [377/500] | loss 0: 0.002801 | loss 1: 0.000000 | current lr: 2.156e-04
| loss 0: 2.801e-03| val metric 0: 0.001187 | best val: 0.001108 at epoch 376 | current lr: 2.156e-04
epoch: [378/500] | loss 0: 0.003532 | loss 1: 0.000000 | current lr: 2.123e-04
| loss 0: 3.532e-03| val metric 0: 0.001904 | best val: 0.001108 at epoch 376 | current lr: 2.123e-04
epoch: [379/500] | loss 0: 0.003912 | loss 1: 0.000000 | current lr: 2.091e-04
| loss 0: 3.912e-03| val metric 0: 0.001549 | best val: 0.001108 at epoch 376 | current lr: 2.091e-04
epoch: [380/500] | loss 0: 0.003462 | loss 1: 0.000000 | current lr: 2.059e-04
| loss 0: 3.462e-03| val metric 0: 0.001215 | best val: 0.001108 at epoch 376 | current lr: 2.059e-04
epoch: [381/500] | loss 0: 0.002898 | loss 1: 0.000000 | current lr: 2.028e-04
| loss 0: 2.898e-03| val metric 0: 0.001094 | best val: 0.001094 at epoch 381 | current lr: 2.028e-04
epoch: [382/500] | loss 0: 0.002821 | loss 1: 0.000000 | current lr: 1.996e-04
| loss 0: 2.821e-03| val metric 0: 0.001125 | best val: 0.001094 at epoch 381 | current lr: 1.996e-04
epoch: [383/500] | loss 0: 0.002691 | loss 1: 0.000000 | current lr: 1.965e-04
| loss 0: 2.691e-03| val metric 0: 0.001042 | best val: 0.001042 at epoch 383 | current lr: 1.965e-04
epoch: [384/500] | loss 0: 0.003281 | loss 1: 0.000000 | current lr: 1.934e-04
| loss 0: 3.281e-03| val metric 0: 0.001587 | best val: 0.001042 at epoch 383 | current lr: 1.934e-04
epoch: [385/500] | loss 0: 0.004507 | loss 1: 0.000000 | current lr: 1.903e-04
| loss 0: 4.507e-03| val metric 0: 0.001905 | best val: 0.001042 at epoch 383 | current lr: 1.903e-04
epoch: [386/500] | loss 0: 0.003566 | loss 1: 0.000000 | current lr: 1.872e-04
| loss 0: 3.566e-03| val metric 0: 0.001147 | best val: 0.001042 at epoch 383 | current lr: 1.872e-04
epoch: [387/500] | loss 0: 0.002779 | loss 1: 0.000000 | current lr: 1.842e-04
| loss 0: 2.779e-03| val metric 0: 0.001157 | best val: 0.001042 at epoch 383 | current lr: 1.842e-04
epoch: [388/500] | loss 0: 0.002606 | loss 1: 0.000000 | current lr: 1.811e-04
| loss 0: 2.606e-03| val metric 0: 0.001095 | best val: 0.001042 at epoch 383 | current lr: 1.811e-04
epoch: [389/500] | loss 0: 0.002648 | loss 1: 0.000000 | current lr: 1.781e-04
| loss 0: 2.648e-03| val metric 0: 0.001134 | best val: 0.001042 at epoch 383 | current lr: 1.781e-04
epoch: [390/500] | loss 0: 0.002477 | loss 1: 0.000000 | current lr: 1.751e-04
| loss 0: 2.477e-03| val metric 0: 0.001040 | best val: 0.001040 at epoch 390 | current lr: 1.751e-04
epoch: [391/500] | loss 0: 0.002519 | loss 1: 0.000000 | current lr: 1.722e-04
| loss 0: 2.519e-03| val metric 0: 0.001025 | best val: 0.001025 at epoch 391 | current lr: 1.722e-04
epoch: [392/500] | loss 0: 0.002492 | loss 1: 0.000000 | current lr: 1.692e-04
| loss 0: 2.492e-03| val metric 0: 0.001005 | best val: 0.001005 at epoch 392 | current lr: 1.692e-04
epoch: [393/500] | loss 0: 0.002464 | loss 1: 0.000000 | current lr: 1.663e-04
| loss 0: 2.464e-03| val metric 0: 0.001017 | best val: 0.001005 at epoch 392 | current lr: 1.663e-04
epoch: [394/500] | loss 0: 0.002457 | loss 1: 0.000000 | current lr: 1.633e-04
| loss 0: 2.457e-03| val metric 0: 0.000999 | best val: 0.000999 at epoch 394 | current lr: 1.633e-04
epoch: [395/500] | loss 0: 0.002423 | loss 1: 0.000000 | current lr: 1.605e-04
| loss 0: 2.423e-03| val metric 0: 0.000995 | best val: 0.000995 at epoch 395 | current lr: 1.605e-04
epoch: [396/500] | loss 0: 0.002403 | loss 1: 0.000000 | current lr: 1.576e-04
| loss 0: 2.403e-03| val metric 0: 0.000988 | best val: 0.000988 at epoch 396 | current lr: 1.576e-04
epoch: [397/500] | loss 0: 0.002388 | loss 1: 0.000000 | current lr: 1.547e-04
| loss 0: 2.388e-03| val metric 0: 0.000977 | best val: 0.000977 at epoch 397 | current lr: 1.547e-04
epoch: [398/500] | loss 0: 0.002384 | loss 1: 0.000000 | current lr: 1.519e-04
| loss 0: 2.384e-03| val metric 0: 0.000974 | best val: 0.000974 at epoch 398 | current lr: 1.519e-04
epoch: [399/500] | loss 0: 0.002383 | loss 1: 0.000000 | current lr: 1.491e-04
| loss 0: 2.383e-03| val metric 0: 0.000967 | best val: 0.000967 at epoch 399 | current lr: 1.491e-04
epoch: [400/500] | loss 0: 0.002360 | loss 1: 0.000000 | current lr: 1.463e-04
| loss 0: 2.360e-03| val metric 0: 0.000957 | best val: 0.000957 at epoch 400 | current lr: 1.463e-04
epoch: [401/500] | loss 0: 0.002335 | loss 1: 0.000000 | current lr: 1.435e-04
| loss 0: 2.335e-03| val metric 0: 0.000948 | best val: 0.000948 at epoch 401 | current lr: 1.435e-04
epoch: [402/500] | loss 0: 0.002316 | loss 1: 0.000000 | current lr: 1.408e-04
| loss 0: 2.316e-03| val metric 0: 0.000943 | best val: 0.000943 at epoch 402 | current lr: 1.408e-04
epoch: [403/500] | loss 0: 0.002303 | loss 1: 0.000000 | current lr: 1.381e-04
| loss 0: 2.303e-03| val metric 0: 0.000941 | best val: 0.000941 at epoch 403 | current lr: 1.381e-04
epoch: [404/500] | loss 0: 0.002295 | loss 1: 0.000000 | current lr: 1.354e-04
| loss 0: 2.295e-03| val metric 0: 0.000943 | best val: 0.000941 at epoch 403 | current lr: 1.354e-04
epoch: [405/500] | loss 0: 0.002291 | loss 1: 0.000000 | current lr: 1.327e-04
| loss 0: 2.291e-03| val metric 0: 0.000944 | best val: 0.000941 at epoch 403 | current lr: 1.327e-04
epoch: [406/500] | loss 0: 0.002293 | loss 1: 0.000000 | current lr: 1.301e-04
| loss 0: 2.293e-03| val metric 0: 0.000948 | best val: 0.000941 at epoch 403 | current lr: 1.301e-04
epoch: [407/500] | loss 0: 0.002338 | loss 1: 0.000000 | current lr: 1.274e-04
| loss 0: 2.338e-03| val metric 0: 0.000958 | best val: 0.000941 at epoch 403 | current lr: 1.274e-04
epoch: [408/500] | loss 0: 0.002318 | loss 1: 0.000000 | current lr: 1.248e-04
| loss 0: 2.318e-03| val metric 0: 0.000947 | best val: 0.000941 at epoch 403 | current lr: 1.248e-04
epoch: [409/500] | loss 0: 0.002253 | loss 1: 0.000000 | current lr: 1.222e-04
| loss 0: 2.253e-03| val metric 0: 0.000921 | best val: 0.000921 at epoch 409 | current lr: 1.222e-04
epoch: [410/500] | loss 0: 0.002250 | loss 1: 0.000000 | current lr: 1.197e-04
| loss 0: 2.250e-03| val metric 0: 0.000929 | best val: 0.000921 at epoch 409 | current lr: 1.197e-04
epoch: [411/500] | loss 0: 0.002264 | loss 1: 0.000000 | current lr: 1.171e-04
| loss 0: 2.264e-03| val metric 0: 0.000929 | best val: 0.000921 at epoch 409 | current lr: 1.171e-04
epoch: [412/500] | loss 0: 0.002241 | loss 1: 0.000000 | current lr: 1.146e-04
| loss 0: 2.241e-03| val metric 0: 0.000909 | best val: 0.000909 at epoch 412 | current lr: 1.146e-04
epoch: [413/500] | loss 0: 0.002211 | loss 1: 0.000000 | current lr: 1.121e-04
| loss 0: 2.211e-03| val metric 0: 0.000906 | best val: 0.000906 at epoch 413 | current lr: 1.121e-04
epoch: [414/500] | loss 0: 0.002214 | loss 1: 0.000000 | current lr: 1.097e-04
| loss 0: 2.214e-03| val metric 0: 0.000910 | best val: 0.000906 at epoch 413 | current lr: 1.097e-04
epoch: [415/500] | loss 0: 0.002213 | loss 1: 0.000000 | current lr: 1.072e-04
| loss 0: 2.213e-03| val metric 0: 0.000904 | best val: 0.000904 at epoch 415 | current lr: 1.072e-04
epoch: [416/500] | loss 0: 0.002201 | loss 1: 0.000000 | current lr: 1.048e-04
| loss 0: 2.201e-03| val metric 0: 0.000904 | best val: 0.000904 at epoch 415 | current lr: 1.048e-04
epoch: [417/500] | loss 0: 0.002205 | loss 1: 0.000000 | current lr: 1.024e-04
| loss 0: 2.205e-03| val metric 0: 0.000905 | best val: 0.000904 at epoch 415 | current lr: 1.024e-04
epoch: [418/500] | loss 0: 0.002210 | loss 1: 0.000000 | current lr: 1.000e-04
| loss 0: 2.210e-03| val metric 0: 0.000908 | best val: 0.000904 at epoch 415 | current lr: 1.000e-04
epoch: [419/500] | loss 0: 0.002225 | loss 1: 0.000000 | current lr: 9.770e-05
| loss 0: 2.225e-03| val metric 0: 0.000923 | best val: 0.000904 at epoch 415 | current lr: 9.770e-05
epoch: [420/500] | loss 0: 0.002250 | loss 1: 0.000000 | current lr: 9.538e-05
| loss 0: 2.250e-03| val metric 0: 0.000920 | best val: 0.000904 at epoch 415 | current lr: 9.538e-05
epoch: [421/500] | loss 0: 0.002238 | loss 1: 0.000000 | current lr: 9.308e-05
| loss 0: 2.238e-03| val metric 0: 0.000902 | best val: 0.000902 at epoch 421 | current lr: 9.308e-05
epoch: [422/500] | loss 0: 0.002215 | loss 1: 0.000000 | current lr: 9.081e-05
| loss 0: 2.215e-03| val metric 0: 0.000904 | best val: 0.000902 at epoch 421 | current lr: 9.081e-05
epoch: [423/500] | loss 0: 0.002221 | loss 1: 0.000000 | current lr: 8.857e-05
| loss 0: 2.221e-03| val metric 0: 0.000898 | best val: 0.000898 at epoch 423 | current lr: 8.857e-05
epoch: [424/500] | loss 0: 0.002206 | loss 1: 0.000000 | current lr: 8.635e-05
| loss 0: 2.206e-03| val metric 0: 0.000892 | best val: 0.000892 at epoch 424 | current lr: 8.635e-05
epoch: [425/500] | loss 0: 0.002191 | loss 1: 0.000000 | current lr: 8.416e-05
| loss 0: 2.191e-03| val metric 0: 0.000891 | best val: 0.000891 at epoch 425 | current lr: 8.416e-05
epoch: [426/500] | loss 0: 0.002179 | loss 1: 0.000000 | current lr: 8.199e-05
| loss 0: 2.179e-03| val metric 0: 0.000889 | best val: 0.000889 at epoch 426 | current lr: 8.199e-05
epoch: [427/500] | loss 0: 0.002168 | loss 1: 0.000000 | current lr: 7.985e-05
| loss 0: 2.168e-03| val metric 0: 0.000885 | best val: 0.000885 at epoch 427 | current lr: 7.985e-05
epoch: [428/500] | loss 0: 0.002159 | loss 1: 0.000000 | current lr: 7.773e-05
| loss 0: 2.159e-03| val metric 0: 0.000881 | best val: 0.000881 at epoch 428 | current lr: 7.773e-05
epoch: [429/500] | loss 0: 0.002150 | loss 1: 0.000000 | current lr: 7.564e-05
| loss 0: 2.150e-03| val metric 0: 0.000878 | best val: 0.000878 at epoch 429 | current lr: 7.564e-05
epoch: [430/500] | loss 0: 0.002143 | loss 1: 0.000000 | current lr: 7.358e-05
| loss 0: 2.143e-03| val metric 0: 0.000874 | best val: 0.000874 at epoch 430 | current lr: 7.358e-05
epoch: [431/500] | loss 0: 0.002137 | loss 1: 0.000000 | current lr: 7.154e-05
| loss 0: 2.137e-03| val metric 0: 0.000872 | best val: 0.000872 at epoch 431 | current lr: 7.154e-05
epoch: [432/500] | loss 0: 0.002133 | loss 1: 0.000000 | current lr: 6.953e-05
| loss 0: 2.133e-03| val metric 0: 0.000871 | best val: 0.000871 at epoch 432 | current lr: 6.953e-05
epoch: [433/500] | loss 0: 0.002131 | loss 1: 0.000000 | current lr: 6.754e-05
| loss 0: 2.131e-03| val metric 0: 0.000871 | best val: 0.000871 at epoch 432 | current lr: 6.754e-05
epoch: [434/500] | loss 0: 0.002130 | loss 1: 0.000000 | current lr: 6.559e-05
| loss 0: 2.130e-03| val metric 0: 0.000872 | best val: 0.000871 at epoch 432 | current lr: 6.559e-05
epoch: [435/500] | loss 0: 0.002131 | loss 1: 0.000000 | current lr: 6.366e-05
| loss 0: 2.131e-03| val metric 0: 0.000872 | best val: 0.000871 at epoch 432 | current lr: 6.366e-05
epoch: [436/500] | loss 0: 0.002131 | loss 1: 0.000000 | current lr: 6.175e-05
| loss 0: 2.131e-03| val metric 0: 0.000868 | best val: 0.000868 at epoch 436 | current lr: 6.175e-05
epoch: [437/500] | loss 0: 0.002128 | loss 1: 0.000000 | current lr: 5.988e-05
| loss 0: 2.128e-03| val metric 0: 0.000860 | best val: 0.000860 at epoch 437 | current lr: 5.988e-05
epoch: [438/500] | loss 0: 0.002121 | loss 1: 0.000000 | current lr: 5.803e-05
| loss 0: 2.121e-03| val metric 0: 0.000857 | best val: 0.000857 at epoch 438 | current lr: 5.803e-05
epoch: [439/500] | loss 0: 0.002116 | loss 1: 0.000000 | current lr: 5.620e-05
| loss 0: 2.116e-03| val metric 0: 0.000859 | best val: 0.000857 at epoch 438 | current lr: 5.620e-05
epoch: [440/500] | loss 0: 0.002107 | loss 1: 0.000000 | current lr: 5.441e-05
| loss 0: 2.107e-03| val metric 0: 0.000860 | best val: 0.000857 at epoch 438 | current lr: 5.441e-05
epoch: [441/500] | loss 0: 0.002104 | loss 1: 0.000000 | current lr: 5.264e-05
| loss 0: 2.104e-03| val metric 0: 0.000859 | best val: 0.000857 at epoch 438 | current lr: 5.264e-05
epoch: [442/500] | loss 0: 0.002099 | loss 1: 0.000000 | current lr: 5.090e-05
| loss 0: 2.099e-03| val metric 0: 0.000855 | best val: 0.000855 at epoch 442 | current lr: 5.090e-05
epoch: [443/500] | loss 0: 0.002091 | loss 1: 0.000000 | current lr: 4.919e-05
| loss 0: 2.091e-03| val metric 0: 0.000853 | best val: 0.000853 at epoch 443 | current lr: 4.919e-05
epoch: [444/500] | loss 0: 0.002083 | loss 1: 0.000000 | current lr: 4.750e-05
| loss 0: 2.083e-03| val metric 0: 0.000851 | best val: 0.000851 at epoch 444 | current lr: 4.750e-05
epoch: [445/500] | loss 0: 0.002078 | loss 1: 0.000000 | current lr: 4.585e-05
| loss 0: 2.078e-03| val metric 0: 0.000849 | best val: 0.000849 at epoch 445 | current lr: 4.585e-05
epoch: [446/500] | loss 0: 0.002075 | loss 1: 0.000000 | current lr: 4.422e-05
| loss 0: 2.075e-03| val metric 0: 0.000847 | best val: 0.000847 at epoch 446 | current lr: 4.422e-05
epoch: [447/500] | loss 0: 0.002072 | loss 1: 0.000000 | current lr: 4.262e-05
| loss 0: 2.072e-03| val metric 0: 0.000846 | best val: 0.000846 at epoch 447 | current lr: 4.262e-05
epoch: [448/500] | loss 0: 0.002070 | loss 1: 0.000000 | current lr: 4.104e-05
| loss 0: 2.070e-03| val metric 0: 0.000846 | best val: 0.000846 at epoch 448 | current lr: 4.104e-05
epoch: [449/500] | loss 0: 0.002068 | loss 1: 0.000000 | current lr: 3.950e-05
| loss 0: 2.068e-03| val metric 0: 0.000846 | best val: 0.000846 at epoch 449 | current lr: 3.950e-05
epoch: [450/500] | loss 0: 0.002067 | loss 1: 0.000000 | current lr: 3.799e-05
| loss 0: 2.067e-03| val metric 0: 0.000845 | best val: 0.000845 at epoch 450 | current lr: 3.799e-05
epoch: [451/500] | loss 0: 0.002068 | loss 1: 0.000000 | current lr: 3.650e-05
| loss 0: 2.068e-03| val metric 0: 0.000843 | best val: 0.000843 at epoch 451 | current lr: 3.650e-05
epoch: [452/500] | loss 0: 0.002068 | loss 1: 0.000000 | current lr: 3.504e-05
| loss 0: 2.068e-03| val metric 0: 0.000841 | best val: 0.000841 at epoch 452 | current lr: 3.504e-05
epoch: [453/500] | loss 0: 0.002066 | loss 1: 0.000000 | current lr: 3.361e-05
| loss 0: 2.066e-03| val metric 0: 0.000842 | best val: 0.000841 at epoch 452 | current lr: 3.361e-05
epoch: [454/500] | loss 0: 0.002059 | loss 1: 0.000000 | current lr: 3.221e-05
| loss 0: 2.059e-03| val metric 0: 0.000840 | best val: 0.000840 at epoch 454 | current lr: 3.221e-05
epoch: [455/500] | loss 0: 0.002053 | loss 1: 0.000000 | current lr: 3.084e-05
| loss 0: 2.053e-03| val metric 0: 0.000838 | best val: 0.000838 at epoch 455 | current lr: 3.084e-05
epoch: [456/500] | loss 0: 0.002050 | loss 1: 0.000000 | current lr: 2.949e-05
| loss 0: 2.050e-03| val metric 0: 0.000838 | best val: 0.000838 at epoch 456 | current lr: 2.949e-05
epoch: [457/500] | loss 0: 0.002049 | loss 1: 0.000000 | current lr: 2.818e-05
| loss 0: 2.049e-03| val metric 0: 0.000837 | best val: 0.000837 at epoch 457 | current lr: 2.818e-05
epoch: [458/500] | loss 0: 0.002047 | loss 1: 0.000000 | current lr: 2.689e-05
| loss 0: 2.047e-03| val metric 0: 0.000836 | best val: 0.000836 at epoch 458 | current lr: 2.689e-05
epoch: [459/500] | loss 0: 0.002046 | loss 1: 0.000000 | current lr: 2.564e-05
| loss 0: 2.046e-03| val metric 0: 0.000835 | best val: 0.000835 at epoch 459 | current lr: 2.564e-05
epoch: [460/500] | loss 0: 0.002045 | loss 1: 0.000000 | current lr: 2.441e-05
| loss 0: 2.045e-03| val metric 0: 0.000835 | best val: 0.000835 at epoch 460 | current lr: 2.441e-05
epoch: [461/500] | loss 0: 0.002043 | loss 1: 0.000000 | current lr: 2.321e-05
| loss 0: 2.043e-03| val metric 0: 0.000834 | best val: 0.000834 at epoch 461 | current lr: 2.321e-05
epoch: [462/500] | loss 0: 0.002042 | loss 1: 0.000000 | current lr: 2.205e-05
| loss 0: 2.042e-03| val metric 0: 0.000834 | best val: 0.000834 at epoch 462 | current lr: 2.205e-05
epoch: [463/500] | loss 0: 0.002042 | loss 1: 0.000000 | current lr: 2.091e-05
| loss 0: 2.042e-03| val metric 0: 0.000833 | best val: 0.000833 at epoch 463 | current lr: 2.091e-05
epoch: [464/500] | loss 0: 0.002043 | loss 1: 0.000000 | current lr: 1.980e-05
| loss 0: 2.043e-03| val metric 0: 0.000833 | best val: 0.000833 at epoch 464 | current lr: 1.980e-05
epoch: [465/500] | loss 0: 0.002044 | loss 1: 0.000000 | current lr: 1.872e-05
| loss 0: 2.044e-03| val metric 0: 0.000834 | best val: 0.000833 at epoch 464 | current lr: 1.872e-05
epoch: [466/500] | loss 0: 0.002043 | loss 1: 0.000000 | current lr: 1.767e-05
| loss 0: 2.043e-03| val metric 0: 0.000834 | best val: 0.000833 at epoch 464 | current lr: 1.767e-05
epoch: [467/500] | loss 0: 0.002039 | loss 1: 0.000000 | current lr: 1.665e-05
| loss 0: 2.039e-03| val metric 0: 0.000830 | best val: 0.000830 at epoch 467 | current lr: 1.665e-05
epoch: [468/500] | loss 0: 0.002034 | loss 1: 0.000000 | current lr: 1.566e-05
| loss 0: 2.034e-03| val metric 0: 0.000830 | best val: 0.000830 at epoch 468 | current lr: 1.566e-05
epoch: [469/500] | loss 0: 0.002034 | loss 1: 0.000000 | current lr: 1.470e-05
| loss 0: 2.034e-03| val metric 0: 0.000830 | best val: 0.000830 at epoch 469 | current lr: 1.470e-05
epoch: [470/500] | loss 0: 0.002034 | loss 1: 0.000000 | current lr: 1.377e-05
| loss 0: 2.034e-03| val metric 0: 0.000830 | best val: 0.000830 at epoch 469 | current lr: 1.377e-05
epoch: [471/500] | loss 0: 0.002033 | loss 1: 0.000000 | current lr: 1.287e-05
| loss 0: 2.033e-03| val metric 0: 0.000830 | best val: 0.000830 at epoch 471 | current lr: 1.287e-05
epoch: [472/500] | loss 0: 0.002033 | loss 1: 0.000000 | current lr: 1.200e-05
| loss 0: 2.033e-03| val metric 0: 0.000830 | best val: 0.000830 at epoch 471 | current lr: 1.200e-05
epoch: [473/500] | loss 0: 0.002033 | loss 1: 0.000000 | current lr: 1.116e-05
| loss 0: 2.033e-03| val metric 0: 0.000829 | best val: 0.000829 at epoch 473 | current lr: 1.116e-05
epoch: [474/500] | loss 0: 0.002033 | loss 1: 0.000000 | current lr: 1.035e-05
| loss 0: 2.033e-03| val metric 0: 0.000831 | best val: 0.000829 at epoch 473 | current lr: 1.035e-05
epoch: [475/500] | loss 0: 0.002034 | loss 1: 0.000000 | current lr: 9.569e-06
| loss 0: 2.034e-03| val metric 0: 0.000833 | best val: 0.000829 at epoch 473 | current lr: 9.569e-06
epoch: [476/500] | loss 0: 0.002035 | loss 1: 0.000000 | current lr: 8.820e-06
| loss 0: 2.035e-03| val metric 0: 0.000830 | best val: 0.000829 at epoch 473 | current lr: 8.820e-06
epoch: [477/500] | loss 0: 0.002034 | loss 1: 0.000000 | current lr: 8.100e-06
| loss 0: 2.034e-03| val metric 0: 0.000828 | best val: 0.000828 at epoch 477 | current lr: 8.100e-06
epoch: [478/500] | loss 0: 0.002034 | loss 1: 0.000000 | current lr: 7.412e-06
| loss 0: 2.034e-03| val metric 0: 0.000833 | best val: 0.000828 at epoch 477 | current lr: 7.412e-06
epoch: [479/500] | loss 0: 0.002035 | loss 1: 0.000000 | current lr: 6.753e-06
| loss 0: 2.035e-03| val metric 0: 0.000834 | best val: 0.000828 at epoch 477 | current lr: 6.753e-06
epoch: [480/500] | loss 0: 0.002031 | loss 1: 0.000000 | current lr: 6.125e-06
| loss 0: 2.031e-03| val metric 0: 0.000828 | best val: 0.000828 at epoch 480 | current lr: 6.125e-06
epoch: [481/500] | loss 0: 0.002024 | loss 1: 0.000000 | current lr: 5.528e-06
| loss 0: 2.024e-03| val metric 0: 0.000826 | best val: 0.000826 at epoch 481 | current lr: 5.528e-06
epoch: [482/500] | loss 0: 0.002022 | loss 1: 0.000000 | current lr: 4.961e-06
| loss 0: 2.022e-03| val metric 0: 0.000827 | best val: 0.000826 at epoch 481 | current lr: 4.961e-06
epoch: [483/500] | loss 0: 0.002022 | loss 1: 0.000000 | current lr: 4.424e-06
| loss 0: 2.022e-03| val metric 0: 0.000827 | best val: 0.000826 at epoch 481 | current lr: 4.424e-06
epoch: [484/500] | loss 0: 0.002021 | loss 1: 0.000000 | current lr: 3.918e-06
| loss 0: 2.021e-03| val metric 0: 0.000827 | best val: 0.000826 at epoch 481 | current lr: 3.918e-06
epoch: [485/500] | loss 0: 0.002021 | loss 1: 0.000000 | current lr: 3.443e-06
| loss 0: 2.021e-03| val metric 0: 0.000827 | best val: 0.000826 at epoch 481 | current lr: 3.443e-06
epoch: [486/500] | loss 0: 0.002022 | loss 1: 0.000000 | current lr: 2.998e-06
| loss 0: 2.022e-03| val metric 0: 0.000826 | best val: 0.000826 at epoch 486 | current lr: 2.998e-06
epoch: [487/500] | loss 0: 0.002021 | loss 1: 0.000000 | current lr: 2.584e-06
| loss 0: 2.021e-03| val metric 0: 0.000825 | best val: 0.000825 at epoch 487 | current lr: 2.584e-06
epoch: [488/500] | loss 0: 0.002021 | loss 1: 0.000000 | current lr: 2.201e-06
| loss 0: 2.021e-03| val metric 0: 0.000825 | best val: 0.000825 at epoch 488 | current lr: 2.201e-06
epoch: [489/500] | loss 0: 0.002020 | loss 1: 0.000000 | current lr: 1.848e-06
| loss 0: 2.020e-03| val metric 0: 0.000825 | best val: 0.000825 at epoch 489 | current lr: 1.848e-06
epoch: [490/500] | loss 0: 0.002019 | loss 1: 0.000000 | current lr: 1.526e-06
| loss 0: 2.019e-03| val metric 0: 0.000825 | best val: 0.000825 at epoch 490 | current lr: 1.526e-06
epoch: [491/500] | loss 0: 0.002019 | loss 1: 0.000000 | current lr: 1.235e-06
| loss 0: 2.019e-03| val metric 0: 0.000825 | best val: 0.000825 at epoch 490 | current lr: 1.235e-06
epoch: [492/500] | loss 0: 0.002019 | loss 1: 0.000000 | current lr: 9.744e-07
| loss 0: 2.019e-03| val metric 0: 0.000825 | best val: 0.000825 at epoch 492 | current lr: 9.744e-07
epoch: [493/500] | loss 0: 0.002019 | loss 1: 0.000000 | current lr: 7.447e-07
| loss 0: 2.019e-03| val metric 0: 0.000825 | best val: 0.000825 at epoch 493 | current lr: 7.447e-07
epoch: [494/500] | loss 0: 0.002019 | loss 1: 0.000000 | current lr: 5.459e-07
| loss 0: 2.019e-03| val metric 0: 0.000825 | best val: 0.000825 at epoch 494 | current lr: 5.459e-07
epoch: [495/500] | loss 0: 0.002019 | loss 1: 0.000000 | current lr: 3.778e-07
| loss 0: 2.019e-03| val metric 0: 0.000825 | best val: 0.000825 at epoch 495 | current lr: 3.778e-07
epoch: [496/500] | loss 0: 0.002018 | loss 1: 0.000000 | current lr: 2.406e-07
| loss 0: 2.018e-03| val metric 0: 0.000825 | best val: 0.000825 at epoch 496 | current lr: 2.406e-07
epoch: [497/500] | loss 0: 0.002018 | loss 1: 0.000000 | current lr: 1.342e-07
| loss 0: 2.018e-03| val metric 0: 0.000825 | best val: 0.000825 at epoch 497 | current lr: 1.342e-07
epoch: [498/500] | loss 0: 0.002018 | loss 1: 0.000000 | current lr: 5.865e-08
| loss 0: 2.018e-03| val metric 0: 0.000825 | best val: 0.000825 at epoch 498 | current lr: 5.865e-08
epoch: [499/500] | loss 0: 0.002018 | loss 1: 0.000000 | current lr: 1.393e-08
| loss 0: 2.018e-03| val metric 0: 0.000825 | best val: 0.000825 at epoch 499 | current lr: 1.393e-08
epoch: [500/500] | loss 0: 0.002018 | loss 1: 0.000000 | current lr: 4.855e-11
| loss 0: 2.018e-03| val metric 0: 0.000825 | best val: 0.000825 at epoch 500 | current lr: 4.855e-11
Training takes 2975.486539363861 seconds.
