Namespace(dataset='diffr3d', component='all', seed=2023, gpu=0, use_tb=0, comment='rel2', train_num='all', test_num='all', sort_data=0, normalize_x='unit', use_normalizer='unit', epochs=500, optimizer='AdamW', lr=0.001, weight_decay=5e-05, grad_clip='1000.0', batch_size=50, val_batch_size=8, no_cuda=False, lr_method='cycle', lr_step_size=50, warmup_epochs=50, loss_name='rel2', model_name='GNOT', n_hidden=16, n_layers=4, act='gelu', n_head=1, ffn_dropout=0.0, attn_dropout=0.0, mlp_layers=3, attn_type='linear', hfourier_dim=0, n_experts=1, branch_sizes=[2], n_inner=4)
Load dataset finished 0.10938096046447754
Training with 1000 samples
Target features are normalized using unit transformer
tensor([[0.7733]]) tensor([[0.3227]])
Target features are normalized using unit transformer
Input features are normalized using unit transformer
Load dataset finished 0.01844477653503418
Testing with 200 samples
Target features are normalized using unit transformer
Input features are normalized using unit transformer
3


The following code snippets have been run.
==================================================

    os.environ['PYTHONHASHSEED'] = str(2023)
    numpy.random.seed(2023)
    torch.manual_seed(2023)
    torch.cuda.manual_seed(2023)
    torch.backends.cudnn.deterministic = True
    torch.backends.cudnn.benchmark = False
    if torch.cuda.is_available():
        torch.cuda.manual_seed_all(2023)
    
==================================================
Using Linear Attention
Using Linear Attention
Using Linear Attention
Using Linear Attention

Model: MIOEGPT	 Number of params: 47733
Saving model and result in ./../models/checkpoints/diffr3d_all_MIOEGPTrel2_0917_02_37_41.pt

Using cycle learning rate schedule
epoch: [1/500] | loss 0: 1.022394 | loss 1: 0.000000 | current lr: 3.469e-07
| loss 0: 1.022e+00| val metric 0: 0.446848 | best val: 0.446848 at epoch 1 | current lr: 3.469e-07
epoch: [2/500] | loss 0: 1.018819 | loss 1: 0.000000 | current lr: 1.088e-06
| loss 0: 1.019e+00| val metric 0: 0.443908 | best val: 0.443908 at epoch 2 | current lr: 1.088e-06
epoch: [3/500] | loss 0: 1.008655 | loss 1: 0.000000 | current lr: 2.321e-06
| loss 0: 1.009e+00| val metric 0: 0.437024 | best val: 0.437024 at epoch 3 | current lr: 2.321e-06
epoch: [4/500] | loss 0: 0.989330 | loss 1: 0.000000 | current lr: 4.046e-06
| loss 0: 9.893e-01| val metric 0: 0.425517 | best val: 0.425517 at epoch 4 | current lr: 4.046e-06
epoch: [5/500] | loss 0: 0.961875 | loss 1: 0.000000 | current lr: 6.261e-06
| loss 0: 9.619e-01| val metric 0: 0.410379 | best val: 0.410379 at epoch 5 | current lr: 6.261e-06
epoch: [6/500] | loss 0: 0.930260 | loss 1: 0.000000 | current lr: 8.964e-06
| loss 0: 9.303e-01| val metric 0: 0.393456 | best val: 0.393456 at epoch 6 | current lr: 8.964e-06
epoch: [7/500] | loss 0: 0.896551 | loss 1: 0.000000 | current lr: 1.215e-05
| loss 0: 8.966e-01| val metric 0: 0.375268 | best val: 0.375268 at epoch 7 | current lr: 1.215e-05
epoch: [8/500] | loss 0: 0.855683 | loss 1: 0.000000 | current lr: 1.582e-05
| loss 0: 8.557e-01| val metric 0: 0.353801 | best val: 0.353801 at epoch 8 | current lr: 1.582e-05
epoch: [9/500] | loss 0: 0.796869 | loss 1: 0.000000 | current lr: 1.997e-05
| loss 0: 7.969e-01| val metric 0: 0.326057 | best val: 0.326057 at epoch 9 | current lr: 1.997e-05
epoch: [10/500] | loss 0: 0.711455 | loss 1: 0.000000 | current lr: 2.459e-05
| loss 0: 7.115e-01| val metric 0: 0.284613 | best val: 0.284613 at epoch 10 | current lr: 2.459e-05
epoch: [11/500] | loss 0: 0.591841 | loss 1: 0.000000 | current lr: 2.969e-05
| loss 0: 5.918e-01| val metric 0: 0.225760 | best val: 0.225760 at epoch 11 | current lr: 2.969e-05
epoch: [12/500] | loss 0: 0.460633 | loss 1: 0.000000 | current lr: 3.524e-05
| loss 0: 4.606e-01| val metric 0: 0.169976 | best val: 0.169976 at epoch 12 | current lr: 3.524e-05
epoch: [13/500] | loss 0: 0.364239 | loss 1: 0.000000 | current lr: 4.126e-05
| loss 0: 3.642e-01| val metric 0: 0.140879 | best val: 0.140879 at epoch 13 | current lr: 4.126e-05
epoch: [14/500] | loss 0: 0.310487 | loss 1: 0.000000 | current lr: 4.773e-05
| loss 0: 3.105e-01| val metric 0: 0.121894 | best val: 0.121894 at epoch 14 | current lr: 4.773e-05
epoch: [15/500] | loss 0: 0.276827 | loss 1: 0.000000 | current lr: 5.464e-05
| loss 0: 2.768e-01| val metric 0: 0.109841 | best val: 0.109841 at epoch 15 | current lr: 5.464e-05
epoch: [16/500] | loss 0: 0.251623 | loss 1: 0.000000 | current lr: 6.200e-05
| loss 0: 2.516e-01| val metric 0: 0.099227 | best val: 0.099227 at epoch 16 | current lr: 6.200e-05
epoch: [17/500] | loss 0: 0.229237 | loss 1: 0.000000 | current lr: 6.979e-05
| loss 0: 2.292e-01| val metric 0: 0.090561 | best val: 0.090561 at epoch 17 | current lr: 6.979e-05
epoch: [18/500] | loss 0: 0.205523 | loss 1: 0.000000 | current lr: 7.800e-05
| loss 0: 2.055e-01| val metric 0: 0.079639 | best val: 0.079639 at epoch 18 | current lr: 7.800e-05
epoch: [19/500] | loss 0: 0.184330 | loss 1: 0.000000 | current lr: 8.663e-05
| loss 0: 1.843e-01| val metric 0: 0.070208 | best val: 0.070208 at epoch 19 | current lr: 8.663e-05
epoch: [20/500] | loss 0: 0.162229 | loss 1: 0.000000 | current lr: 9.567e-05
| loss 0: 1.622e-01| val metric 0: 0.063090 | best val: 0.063090 at epoch 20 | current lr: 9.567e-05
epoch: [21/500] | loss 0: 0.144248 | loss 1: 0.000000 | current lr: 1.051e-04
| loss 0: 1.442e-01| val metric 0: 0.055094 | best val: 0.055094 at epoch 21 | current lr: 1.051e-04
epoch: [22/500] | loss 0: 0.132216 | loss 1: 0.000000 | current lr: 1.149e-04
| loss 0: 1.322e-01| val metric 0: 0.051137 | best val: 0.051137 at epoch 22 | current lr: 1.149e-04
epoch: [23/500] | loss 0: 0.127430 | loss 1: 0.000000 | current lr: 1.252e-04
| loss 0: 1.274e-01| val metric 0: 0.049367 | best val: 0.049367 at epoch 23 | current lr: 1.252e-04
epoch: [24/500] | loss 0: 0.126679 | loss 1: 0.000000 | current lr: 1.357e-04
| loss 0: 1.267e-01| val metric 0: 0.048303 | best val: 0.048303 at epoch 24 | current lr: 1.357e-04
epoch: [25/500] | loss 0: 0.120531 | loss 1: 0.000000 | current lr: 1.467e-04
| loss 0: 1.205e-01| val metric 0: 0.047217 | best val: 0.047217 at epoch 25 | current lr: 1.467e-04
epoch: [26/500] | loss 0: 0.118645 | loss 1: 0.000000 | current lr: 1.580e-04
| loss 0: 1.186e-01| val metric 0: 0.047566 | best val: 0.047217 at epoch 25 | current lr: 1.580e-04
epoch: [27/500] | loss 0: 0.118909 | loss 1: 0.000000 | current lr: 1.696e-04
| loss 0: 1.189e-01| val metric 0: 0.047525 | best val: 0.047217 at epoch 25 | current lr: 1.696e-04
epoch: [28/500] | loss 0: 0.117845 | loss 1: 0.000000 | current lr: 1.815e-04
| loss 0: 1.178e-01| val metric 0: 0.046605 | best val: 0.046605 at epoch 28 | current lr: 1.815e-04
epoch: [29/500] | loss 0: 0.116287 | loss 1: 0.000000 | current lr: 1.938e-04
| loss 0: 1.163e-01| val metric 0: 0.046373 | best val: 0.046373 at epoch 29 | current lr: 1.938e-04
epoch: [30/500] | loss 0: 0.116019 | loss 1: 0.000000 | current lr: 2.064e-04
| loss 0: 1.160e-01| val metric 0: 0.046118 | best val: 0.046118 at epoch 30 | current lr: 2.064e-04
epoch: [31/500] | loss 0: 0.115005 | loss 1: 0.000000 | current lr: 2.192e-04
| loss 0: 1.150e-01| val metric 0: 0.045250 | best val: 0.045250 at epoch 31 | current lr: 2.192e-04
epoch: [32/500] | loss 0: 0.114423 | loss 1: 0.000000 | current lr: 2.324e-04
| loss 0: 1.144e-01| val metric 0: 0.045239 | best val: 0.045239 at epoch 32 | current lr: 2.324e-04
epoch: [33/500] | loss 0: 0.114456 | loss 1: 0.000000 | current lr: 2.458e-04
| loss 0: 1.145e-01| val metric 0: 0.044513 | best val: 0.044513 at epoch 33 | current lr: 2.458e-04
epoch: [34/500] | loss 0: 0.113572 | loss 1: 0.000000 | current lr: 2.594e-04
| loss 0: 1.136e-01| val metric 0: 0.044819 | best val: 0.044513 at epoch 33 | current lr: 2.594e-04
epoch: [35/500] | loss 0: 0.113978 | loss 1: 0.000000 | current lr: 2.733e-04
| loss 0: 1.140e-01| val metric 0: 0.044123 | best val: 0.044123 at epoch 35 | current lr: 2.733e-04
epoch: [36/500] | loss 0: 0.112993 | loss 1: 0.000000 | current lr: 2.874e-04
| loss 0: 1.130e-01| val metric 0: 0.044541 | best val: 0.044123 at epoch 35 | current lr: 2.874e-04
epoch: [37/500] | loss 0: 0.113581 | loss 1: 0.000000 | current lr: 3.018e-04
| loss 0: 1.136e-01| val metric 0: 0.043955 | best val: 0.043955 at epoch 37 | current lr: 3.018e-04
epoch: [38/500] | loss 0: 0.112489 | loss 1: 0.000000 | current lr: 3.163e-04
| loss 0: 1.125e-01| val metric 0: 0.044155 | best val: 0.043955 at epoch 37 | current lr: 3.163e-04
epoch: [39/500] | loss 0: 0.113374 | loss 1: 0.000000 | current lr: 3.310e-04
| loss 0: 1.134e-01| val metric 0: 0.044352 | best val: 0.043955 at epoch 37 | current lr: 3.310e-04
epoch: [40/500] | loss 0: 0.112732 | loss 1: 0.000000 | current lr: 3.459e-04
| loss 0: 1.127e-01| val metric 0: 0.044304 | best val: 0.043955 at epoch 37 | current lr: 3.459e-04
epoch: [41/500] | loss 0: 0.112644 | loss 1: 0.000000 | current lr: 3.609e-04
| loss 0: 1.126e-01| val metric 0: 0.044555 | best val: 0.043955 at epoch 37 | current lr: 3.609e-04
epoch: [42/500] | loss 0: 0.112764 | loss 1: 0.000000 | current lr: 3.760e-04
| loss 0: 1.128e-01| val metric 0: 0.044782 | best val: 0.043955 at epoch 37 | current lr: 3.760e-04
epoch: [43/500] | loss 0: 0.112304 | loss 1: 0.000000 | current lr: 3.913e-04
| loss 0: 1.123e-01| val metric 0: 0.044368 | best val: 0.043955 at epoch 37 | current lr: 3.913e-04
epoch: [44/500] | loss 0: 0.109281 | loss 1: 0.000000 | current lr: 4.067e-04
| loss 0: 1.093e-01| val metric 0: 0.041815 | best val: 0.041815 at epoch 44 | current lr: 4.067e-04
epoch: [45/500] | loss 0: 0.104803 | loss 1: 0.000000 | current lr: 4.222e-04
| loss 0: 1.048e-01| val metric 0: 0.040587 | best val: 0.040587 at epoch 45 | current lr: 4.222e-04
epoch: [46/500] | loss 0: 0.104670 | loss 1: 0.000000 | current lr: 4.377e-04
| loss 0: 1.047e-01| val metric 0: 0.041377 | best val: 0.040587 at epoch 45 | current lr: 4.377e-04
epoch: [47/500] | loss 0: 0.106123 | loss 1: 0.000000 | current lr: 4.534e-04
| loss 0: 1.061e-01| val metric 0: 0.043073 | best val: 0.040587 at epoch 45 | current lr: 4.534e-04
epoch: [48/500] | loss 0: 0.105921 | loss 1: 0.000000 | current lr: 4.690e-04
| loss 0: 1.059e-01| val metric 0: 0.042931 | best val: 0.040587 at epoch 45 | current lr: 4.690e-04
epoch: [49/500] | loss 0: 0.109336 | loss 1: 0.000000 | current lr: 4.847e-04
| loss 0: 1.093e-01| val metric 0: 0.041117 | best val: 0.040587 at epoch 45 | current lr: 4.847e-04
epoch: [50/500] | loss 0: 0.106854 | loss 1: 0.000000 | current lr: 5.004e-04
| loss 0: 1.069e-01| val metric 0: 0.042310 | best val: 0.040587 at epoch 45 | current lr: 5.004e-04
epoch: [51/500] | loss 0: 0.106584 | loss 1: 0.000000 | current lr: 5.162e-04
| loss 0: 1.066e-01| val metric 0: 0.041558 | best val: 0.040587 at epoch 45 | current lr: 5.162e-04
epoch: [52/500] | loss 0: 0.105063 | loss 1: 0.000000 | current lr: 5.318e-04
| loss 0: 1.051e-01| val metric 0: 0.041395 | best val: 0.040587 at epoch 45 | current lr: 5.318e-04
epoch: [53/500] | loss 0: 0.107830 | loss 1: 0.000000 | current lr: 5.475e-04
| loss 0: 1.078e-01| val metric 0: 0.038809 | best val: 0.038809 at epoch 53 | current lr: 5.475e-04
epoch: [54/500] | loss 0: 0.104991 | loss 1: 0.000000 | current lr: 5.631e-04
| loss 0: 1.050e-01| val metric 0: 0.038952 | best val: 0.038809 at epoch 53 | current lr: 5.631e-04
epoch: [55/500] | loss 0: 0.106492 | loss 1: 0.000000 | current lr: 5.787e-04
| loss 0: 1.065e-01| val metric 0: 0.038493 | best val: 0.038493 at epoch 55 | current lr: 5.787e-04
epoch: [56/500] | loss 0: 0.105109 | loss 1: 0.000000 | current lr: 5.942e-04
| loss 0: 1.051e-01| val metric 0: 0.038071 | best val: 0.038071 at epoch 56 | current lr: 5.942e-04
epoch: [57/500] | loss 0: 0.101282 | loss 1: 0.000000 | current lr: 6.095e-04
| loss 0: 1.013e-01| val metric 0: 0.038925 | best val: 0.038071 at epoch 56 | current lr: 6.095e-04
epoch: [58/500] | loss 0: 0.114442 | loss 1: 0.000000 | current lr: 6.248e-04
| loss 0: 1.144e-01| val metric 0: 0.049995 | best val: 0.038071 at epoch 56 | current lr: 6.248e-04
epoch: [59/500] | loss 0: 0.113853 | loss 1: 0.000000 | current lr: 6.400e-04
| loss 0: 1.139e-01| val metric 0: 0.039626 | best val: 0.038071 at epoch 56 | current lr: 6.400e-04
epoch: [60/500] | loss 0: 0.106736 | loss 1: 0.000000 | current lr: 6.550e-04
| loss 0: 1.067e-01| val metric 0: 0.039445 | best val: 0.038071 at epoch 56 | current lr: 6.550e-04
epoch: [61/500] | loss 0: 0.104620 | loss 1: 0.000000 | current lr: 6.699e-04
| loss 0: 1.046e-01| val metric 0: 0.037431 | best val: 0.037431 at epoch 61 | current lr: 6.699e-04
epoch: [62/500] | loss 0: 0.106205 | loss 1: 0.000000 | current lr: 6.845e-04
| loss 0: 1.062e-01| val metric 0: 0.039885 | best val: 0.037431 at epoch 61 | current lr: 6.845e-04
epoch: [63/500] | loss 0: 0.095587 | loss 1: 0.000000 | current lr: 6.991e-04
| loss 0: 9.559e-02| val metric 0: 0.036963 | best val: 0.036963 at epoch 63 | current lr: 6.991e-04
epoch: [64/500] | loss 0: 0.098702 | loss 1: 0.000000 | current lr: 7.134e-04
| loss 0: 9.870e-02| val metric 0: 0.037330 | best val: 0.036963 at epoch 63 | current lr: 7.134e-04
epoch: [65/500] | loss 0: 0.097686 | loss 1: 0.000000 | current lr: 7.275e-04
| loss 0: 9.769e-02| val metric 0: 0.035978 | best val: 0.035978 at epoch 65 | current lr: 7.275e-04
epoch: [66/500] | loss 0: 0.096534 | loss 1: 0.000000 | current lr: 7.414e-04
| loss 0: 9.653e-02| val metric 0: 0.035765 | best val: 0.035765 at epoch 66 | current lr: 7.414e-04
epoch: [67/500] | loss 0: 0.095927 | loss 1: 0.000000 | current lr: 7.550e-04
| loss 0: 9.593e-02| val metric 0: 0.034188 | best val: 0.034188 at epoch 67 | current lr: 7.550e-04
epoch: [68/500] | loss 0: 0.095038 | loss 1: 0.000000 | current lr: 7.684e-04
| loss 0: 9.504e-02| val metric 0: 0.038144 | best val: 0.034188 at epoch 67 | current lr: 7.684e-04
epoch: [69/500] | loss 0: 0.094608 | loss 1: 0.000000 | current lr: 7.815e-04
| loss 0: 9.461e-02| val metric 0: 0.033342 | best val: 0.033342 at epoch 69 | current lr: 7.815e-04
epoch: [70/500] | loss 0: 0.100602 | loss 1: 0.000000 | current lr: 7.944e-04
| loss 0: 1.006e-01| val metric 0: 0.038376 | best val: 0.033342 at epoch 69 | current lr: 7.944e-04
epoch: [71/500] | loss 0: 0.107638 | loss 1: 0.000000 | current lr: 8.069e-04
| loss 0: 1.076e-01| val metric 0: 0.036992 | best val: 0.033342 at epoch 69 | current lr: 8.069e-04
epoch: [72/500] | loss 0: 0.102231 | loss 1: 0.000000 | current lr: 8.192e-04
| loss 0: 1.022e-01| val metric 0: 0.037881 | best val: 0.033342 at epoch 69 | current lr: 8.192e-04
epoch: [73/500] | loss 0: 0.092789 | loss 1: 0.000000 | current lr: 8.311e-04
| loss 0: 9.279e-02| val metric 0: 0.031659 | best val: 0.031659 at epoch 73 | current lr: 8.311e-04
epoch: [74/500] | loss 0: 0.085128 | loss 1: 0.000000 | current lr: 8.427e-04
| loss 0: 8.513e-02| val metric 0: 0.029713 | best val: 0.029713 at epoch 74 | current lr: 8.427e-04
epoch: [75/500] | loss 0: 0.087299 | loss 1: 0.000000 | current lr: 8.540e-04
| loss 0: 8.730e-02| val metric 0: 0.033519 | best val: 0.029713 at epoch 74 | current lr: 8.540e-04
epoch: [76/500] | loss 0: 0.086438 | loss 1: 0.000000 | current lr: 8.649e-04
| loss 0: 8.644e-02| val metric 0: 0.031988 | best val: 0.029713 at epoch 74 | current lr: 8.649e-04
epoch: [77/500] | loss 0: 0.085906 | loss 1: 0.000000 | current lr: 8.755e-04
| loss 0: 8.591e-02| val metric 0: 0.035847 | best val: 0.029713 at epoch 74 | current lr: 8.755e-04
epoch: [78/500] | loss 0: 0.083035 | loss 1: 0.000000 | current lr: 8.857e-04
| loss 0: 8.304e-02| val metric 0: 0.030449 | best val: 0.029713 at epoch 74 | current lr: 8.857e-04
epoch: [79/500] | loss 0: 0.084707 | loss 1: 0.000000 | current lr: 8.955e-04
| loss 0: 8.471e-02| val metric 0: 0.029637 | best val: 0.029637 at epoch 79 | current lr: 8.955e-04
epoch: [80/500] | loss 0: 0.081532 | loss 1: 0.000000 | current lr: 9.049e-04
| loss 0: 8.153e-02| val metric 0: 0.031765 | best val: 0.029637 at epoch 79 | current lr: 9.049e-04
epoch: [81/500] | loss 0: 0.079622 | loss 1: 0.000000 | current lr: 9.139e-04
| loss 0: 7.962e-02| val metric 0: 0.026487 | best val: 0.026487 at epoch 81 | current lr: 9.139e-04
epoch: [82/500] | loss 0: 0.087313 | loss 1: 0.000000 | current lr: 9.225e-04
| loss 0: 8.731e-02| val metric 0: 0.043674 | best val: 0.026487 at epoch 81 | current lr: 9.225e-04
epoch: [83/500] | loss 0: 0.084803 | loss 1: 0.000000 | current lr: 9.307e-04
| loss 0: 8.480e-02| val metric 0: 0.027703 | best val: 0.026487 at epoch 81 | current lr: 9.307e-04
epoch: [84/500] | loss 0: 0.078964 | loss 1: 0.000000 | current lr: 9.385e-04
| loss 0: 7.896e-02| val metric 0: 0.037854 | best val: 0.026487 at epoch 81 | current lr: 9.385e-04
epoch: [85/500] | loss 0: 0.076094 | loss 1: 0.000000 | current lr: 9.458e-04
| loss 0: 7.609e-02| val metric 0: 0.030057 | best val: 0.026487 at epoch 81 | current lr: 9.458e-04
epoch: [86/500] | loss 0: 0.074470 | loss 1: 0.000000 | current lr: 9.527e-04
| loss 0: 7.447e-02| val metric 0: 0.025442 | best val: 0.025442 at epoch 86 | current lr: 9.527e-04
epoch: [87/500] | loss 0: 0.073438 | loss 1: 0.000000 | current lr: 9.592e-04
| loss 0: 7.344e-02| val metric 0: 0.022881 | best val: 0.022881 at epoch 87 | current lr: 9.592e-04
epoch: [88/500] | loss 0: 0.072117 | loss 1: 0.000000 | current lr: 9.651e-04
| loss 0: 7.212e-02| val metric 0: 0.025243 | best val: 0.022881 at epoch 87 | current lr: 9.651e-04
epoch: [89/500] | loss 0: 0.071508 | loss 1: 0.000000 | current lr: 9.707e-04
| loss 0: 7.151e-02| val metric 0: 0.028476 | best val: 0.022881 at epoch 87 | current lr: 9.707e-04
epoch: [90/500] | loss 0: 0.078229 | loss 1: 0.000000 | current lr: 9.757e-04
| loss 0: 7.823e-02| val metric 0: 0.024656 | best val: 0.022881 at epoch 87 | current lr: 9.757e-04
epoch: [91/500] | loss 0: 0.066544 | loss 1: 0.000000 | current lr: 9.803e-04
| loss 0: 6.654e-02| val metric 0: 0.028534 | best val: 0.022881 at epoch 87 | current lr: 9.803e-04
epoch: [92/500] | loss 0: 0.074089 | loss 1: 0.000000 | current lr: 9.845e-04
| loss 0: 7.409e-02| val metric 0: 0.034555 | best val: 0.022881 at epoch 87 | current lr: 9.845e-04
epoch: [93/500] | loss 0: 0.076527 | loss 1: 0.000000 | current lr: 9.881e-04
| loss 0: 7.653e-02| val metric 0: 0.023489 | best val: 0.022881 at epoch 87 | current lr: 9.881e-04
epoch: [94/500] | loss 0: 0.072767 | loss 1: 0.000000 | current lr: 9.913e-04
| loss 0: 7.277e-02| val metric 0: 0.024609 | best val: 0.022881 at epoch 87 | current lr: 9.913e-04
epoch: [95/500] | loss 0: 0.068608 | loss 1: 0.000000 | current lr: 9.940e-04
| loss 0: 6.861e-02| val metric 0: 0.024069 | best val: 0.022881 at epoch 87 | current lr: 9.940e-04
epoch: [96/500] | loss 0: 0.061307 | loss 1: 0.000000 | current lr: 9.962e-04
| loss 0: 6.131e-02| val metric 0: 0.022856 | best val: 0.022856 at epoch 96 | current lr: 9.962e-04
epoch: [97/500] | loss 0: 0.065653 | loss 1: 0.000000 | current lr: 9.979e-04
| loss 0: 6.565e-02| val metric 0: 0.027161 | best val: 0.022856 at epoch 96 | current lr: 9.979e-04
epoch: [98/500] | loss 0: 0.069290 | loss 1: 0.000000 | current lr: 9.991e-04
| loss 0: 6.929e-02| val metric 0: 0.030358 | best val: 0.022856 at epoch 96 | current lr: 9.991e-04
epoch: [99/500] | loss 0: 0.067700 | loss 1: 0.000000 | current lr: 9.998e-04
| loss 0: 6.770e-02| val metric 0: 0.020614 | best val: 0.020614 at epoch 99 | current lr: 9.998e-04
epoch: [100/500] | loss 0: 0.063914 | loss 1: 0.000000 | current lr: 1.000e-03
| loss 0: 6.391e-02| val metric 0: 0.021584 | best val: 0.020614 at epoch 99 | current lr: 1.000e-03
epoch: [101/500] | loss 0: 0.054513 | loss 1: 0.000000 | current lr: 1.000e-03
| loss 0: 5.451e-02| val metric 0: 0.019904 | best val: 0.019904 at epoch 101 | current lr: 1.000e-03
epoch: [102/500] | loss 0: 0.053811 | loss 1: 0.000000 | current lr: 9.999e-04
| loss 0: 5.381e-02| val metric 0: 0.020801 | best val: 0.019904 at epoch 101 | current lr: 9.999e-04
epoch: [103/500] | loss 0: 0.057430 | loss 1: 0.000000 | current lr: 9.999e-04
| loss 0: 5.743e-02| val metric 0: 0.025515 | best val: 0.019904 at epoch 101 | current lr: 9.999e-04
epoch: [104/500] | loss 0: 0.053667 | loss 1: 0.000000 | current lr: 9.997e-04
| loss 0: 5.367e-02| val metric 0: 0.018426 | best val: 0.018426 at epoch 104 | current lr: 9.997e-04
epoch: [105/500] | loss 0: 0.051832 | loss 1: 0.000000 | current lr: 9.996e-04
| loss 0: 5.183e-02| val metric 0: 0.017278 | best val: 0.017278 at epoch 105 | current lr: 9.996e-04
epoch: [106/500] | loss 0: 0.051191 | loss 1: 0.000000 | current lr: 9.994e-04
| loss 0: 5.119e-02| val metric 0: 0.019916 | best val: 0.017278 at epoch 105 | current lr: 9.994e-04
epoch: [107/500] | loss 0: 0.055315 | loss 1: 0.000000 | current lr: 9.992e-04
| loss 0: 5.532e-02| val metric 0: 0.017583 | best val: 0.017278 at epoch 105 | current lr: 9.992e-04
epoch: [108/500] | loss 0: 0.058689 | loss 1: 0.000000 | current lr: 9.990e-04
| loss 0: 5.869e-02| val metric 0: 0.024494 | best val: 0.017278 at epoch 105 | current lr: 9.990e-04
epoch: [109/500] | loss 0: 0.055830 | loss 1: 0.000000 | current lr: 9.987e-04
| loss 0: 5.583e-02| val metric 0: 0.016051 | best val: 0.016051 at epoch 109 | current lr: 9.987e-04
epoch: [110/500] | loss 0: 0.057044 | loss 1: 0.000000 | current lr: 9.984e-04
| loss 0: 5.704e-02| val metric 0: 0.015796 | best val: 0.015796 at epoch 110 | current lr: 9.984e-04
epoch: [111/500] | loss 0: 0.052588 | loss 1: 0.000000 | current lr: 9.981e-04
| loss 0: 5.259e-02| val metric 0: 0.020176 | best val: 0.015796 at epoch 110 | current lr: 9.981e-04
epoch: [112/500] | loss 0: 0.045949 | loss 1: 0.000000 | current lr: 9.978e-04
| loss 0: 4.595e-02| val metric 0: 0.016813 | best val: 0.015796 at epoch 110 | current lr: 9.978e-04
epoch: [113/500] | loss 0: 0.044213 | loss 1: 0.000000 | current lr: 9.974e-04
| loss 0: 4.421e-02| val metric 0: 0.014110 | best val: 0.014110 at epoch 113 | current lr: 9.974e-04
epoch: [114/500] | loss 0: 0.050707 | loss 1: 0.000000 | current lr: 9.970e-04
| loss 0: 5.071e-02| val metric 0: 0.018352 | best val: 0.014110 at epoch 113 | current lr: 9.970e-04
epoch: [115/500] | loss 0: 0.041294 | loss 1: 0.000000 | current lr: 9.965e-04
| loss 0: 4.129e-02| val metric 0: 0.020896 | best val: 0.014110 at epoch 113 | current lr: 9.965e-04
epoch: [116/500] | loss 0: 0.044382 | loss 1: 0.000000 | current lr: 9.960e-04
| loss 0: 4.438e-02| val metric 0: 0.014017 | best val: 0.014017 at epoch 116 | current lr: 9.960e-04
epoch: [117/500] | loss 0: 0.042374 | loss 1: 0.000000 | current lr: 9.955e-04
| loss 0: 4.237e-02| val metric 0: 0.014299 | best val: 0.014017 at epoch 116 | current lr: 9.955e-04
epoch: [118/500] | loss 0: 0.040635 | loss 1: 0.000000 | current lr: 9.950e-04
| loss 0: 4.064e-02| val metric 0: 0.019641 | best val: 0.014017 at epoch 116 | current lr: 9.950e-04
epoch: [119/500] | loss 0: 0.041189 | loss 1: 0.000000 | current lr: 9.944e-04
| loss 0: 4.119e-02| val metric 0: 0.014480 | best val: 0.014017 at epoch 116 | current lr: 9.944e-04
epoch: [120/500] | loss 0: 0.040153 | loss 1: 0.000000 | current lr: 9.938e-04
| loss 0: 4.015e-02| val metric 0: 0.020188 | best val: 0.014017 at epoch 116 | current lr: 9.938e-04
epoch: [121/500] | loss 0: 0.041039 | loss 1: 0.000000 | current lr: 9.932e-04
| loss 0: 4.104e-02| val metric 0: 0.021366 | best val: 0.014017 at epoch 116 | current lr: 9.932e-04
epoch: [122/500] | loss 0: 0.039681 | loss 1: 0.000000 | current lr: 9.925e-04
| loss 0: 3.968e-02| val metric 0: 0.018766 | best val: 0.014017 at epoch 116 | current lr: 9.925e-04
epoch: [123/500] | loss 0: 0.044629 | loss 1: 0.000000 | current lr: 9.918e-04
| loss 0: 4.463e-02| val metric 0: 0.020623 | best val: 0.014017 at epoch 116 | current lr: 9.918e-04
epoch: [124/500] | loss 0: 0.047841 | loss 1: 0.000000 | current lr: 9.911e-04
| loss 0: 4.784e-02| val metric 0: 0.020297 | best val: 0.014017 at epoch 116 | current lr: 9.911e-04
epoch: [125/500] | loss 0: 0.039243 | loss 1: 0.000000 | current lr: 9.904e-04
| loss 0: 3.924e-02| val metric 0: 0.016920 | best val: 0.014017 at epoch 116 | current lr: 9.904e-04
epoch: [126/500] | loss 0: 0.038416 | loss 1: 0.000000 | current lr: 9.896e-04
| loss 0: 3.842e-02| val metric 0: 0.016125 | best val: 0.014017 at epoch 116 | current lr: 9.896e-04
epoch: [127/500] | loss 0: 0.041493 | loss 1: 0.000000 | current lr: 9.888e-04
| loss 0: 4.149e-02| val metric 0: 0.018177 | best val: 0.014017 at epoch 116 | current lr: 9.888e-04
epoch: [128/500] | loss 0: 0.045861 | loss 1: 0.000000 | current lr: 9.879e-04
| loss 0: 4.586e-02| val metric 0: 0.018166 | best val: 0.014017 at epoch 116 | current lr: 9.879e-04
epoch: [129/500] | loss 0: 0.036740 | loss 1: 0.000000 | current lr: 9.870e-04
| loss 0: 3.674e-02| val metric 0: 0.017219 | best val: 0.014017 at epoch 116 | current lr: 9.870e-04
epoch: [130/500] | loss 0: 0.036763 | loss 1: 0.000000 | current lr: 9.861e-04
| loss 0: 3.676e-02| val metric 0: 0.015935 | best val: 0.014017 at epoch 116 | current lr: 9.861e-04
epoch: [131/500] | loss 0: 0.037145 | loss 1: 0.000000 | current lr: 9.852e-04
| loss 0: 3.715e-02| val metric 0: 0.013531 | best val: 0.013531 at epoch 131 | current lr: 9.852e-04
epoch: [132/500] | loss 0: 0.034892 | loss 1: 0.000000 | current lr: 9.842e-04
| loss 0: 3.489e-02| val metric 0: 0.011973 | best val: 0.011973 at epoch 132 | current lr: 9.842e-04
epoch: [133/500] | loss 0: 0.034127 | loss 1: 0.000000 | current lr: 9.832e-04
| loss 0: 3.413e-02| val metric 0: 0.014405 | best val: 0.011973 at epoch 132 | current lr: 9.832e-04
epoch: [134/500] | loss 0: 0.034899 | loss 1: 0.000000 | current lr: 9.822e-04
| loss 0: 3.490e-02| val metric 0: 0.014488 | best val: 0.011973 at epoch 132 | current lr: 9.822e-04
epoch: [135/500] | loss 0: 0.037225 | loss 1: 0.000000 | current lr: 9.812e-04
| loss 0: 3.723e-02| val metric 0: 0.014887 | best val: 0.011973 at epoch 132 | current lr: 9.812e-04
epoch: [136/500] | loss 0: 0.040438 | loss 1: 0.000000 | current lr: 9.801e-04
| loss 0: 4.044e-02| val metric 0: 0.017476 | best val: 0.011973 at epoch 132 | current lr: 9.801e-04
epoch: [137/500] | loss 0: 0.038742 | loss 1: 0.000000 | current lr: 9.790e-04
| loss 0: 3.874e-02| val metric 0: 0.014056 | best val: 0.011973 at epoch 132 | current lr: 9.790e-04
epoch: [138/500] | loss 0: 0.040748 | loss 1: 0.000000 | current lr: 9.778e-04
| loss 0: 4.075e-02| val metric 0: 0.014780 | best val: 0.011973 at epoch 132 | current lr: 9.778e-04
epoch: [139/500] | loss 0: 0.041544 | loss 1: 0.000000 | current lr: 9.767e-04
| loss 0: 4.154e-02| val metric 0: 0.018558 | best val: 0.011973 at epoch 132 | current lr: 9.767e-04
epoch: [140/500] | loss 0: 0.063363 | loss 1: 0.000000 | current lr: 9.755e-04
| loss 0: 6.336e-02| val metric 0: 0.026122 | best val: 0.011973 at epoch 132 | current lr: 9.755e-04
epoch: [141/500] | loss 0: 0.043339 | loss 1: 0.000000 | current lr: 9.742e-04
| loss 0: 4.334e-02| val metric 0: 0.013643 | best val: 0.011973 at epoch 132 | current lr: 9.742e-04
epoch: [142/500] | loss 0: 0.031080 | loss 1: 0.000000 | current lr: 9.730e-04
| loss 0: 3.108e-02| val metric 0: 0.013521 | best val: 0.011973 at epoch 132 | current lr: 9.730e-04
epoch: [143/500] | loss 0: 0.030150 | loss 1: 0.000000 | current lr: 9.717e-04
| loss 0: 3.015e-02| val metric 0: 0.008977 | best val: 0.008977 at epoch 143 | current lr: 9.717e-04
epoch: [144/500] | loss 0: 0.029097 | loss 1: 0.000000 | current lr: 9.704e-04
| loss 0: 2.910e-02| val metric 0: 0.014076 | best val: 0.008977 at epoch 143 | current lr: 9.704e-04
epoch: [145/500] | loss 0: 0.029926 | loss 1: 0.000000 | current lr: 9.690e-04
| loss 0: 2.993e-02| val metric 0: 0.011965 | best val: 0.008977 at epoch 143 | current lr: 9.690e-04
epoch: [146/500] | loss 0: 0.029236 | loss 1: 0.000000 | current lr: 9.677e-04
| loss 0: 2.924e-02| val metric 0: 0.011616 | best val: 0.008977 at epoch 143 | current lr: 9.677e-04
epoch: [147/500] | loss 0: 0.031509 | loss 1: 0.000000 | current lr: 9.662e-04
| loss 0: 3.151e-02| val metric 0: 0.009927 | best val: 0.008977 at epoch 143 | current lr: 9.662e-04
epoch: [148/500] | loss 0: 0.029240 | loss 1: 0.000000 | current lr: 9.648e-04
| loss 0: 2.924e-02| val metric 0: 0.012219 | best val: 0.008977 at epoch 143 | current lr: 9.648e-04
epoch: [149/500] | loss 0: 0.032928 | loss 1: 0.000000 | current lr: 9.634e-04
| loss 0: 3.293e-02| val metric 0: 0.013869 | best val: 0.008977 at epoch 143 | current lr: 9.634e-04
epoch: [150/500] | loss 0: 0.032811 | loss 1: 0.000000 | current lr: 9.619e-04
| loss 0: 3.281e-02| val metric 0: 0.012895 | best val: 0.008977 at epoch 143 | current lr: 9.619e-04
epoch: [151/500] | loss 0: 0.029463 | loss 1: 0.000000 | current lr: 9.603e-04
| loss 0: 2.946e-02| val metric 0: 0.018132 | best val: 0.008977 at epoch 143 | current lr: 9.603e-04
epoch: [152/500] | loss 0: 0.037155 | loss 1: 0.000000 | current lr: 9.588e-04
| loss 0: 3.715e-02| val metric 0: 0.010123 | best val: 0.008977 at epoch 143 | current lr: 9.588e-04
epoch: [153/500] | loss 0: 0.055307 | loss 1: 0.000000 | current lr: 9.572e-04
| loss 0: 5.531e-02| val metric 0: 0.024817 | best val: 0.008977 at epoch 143 | current lr: 9.572e-04
epoch: [154/500] | loss 0: 0.050550 | loss 1: 0.000000 | current lr: 9.556e-04
| loss 0: 5.055e-02| val metric 0: 0.019357 | best val: 0.008977 at epoch 143 | current lr: 9.556e-04
epoch: [155/500] | loss 0: 0.049371 | loss 1: 0.000000 | current lr: 9.540e-04
| loss 0: 4.937e-02| val metric 0: 0.014375 | best val: 0.008977 at epoch 143 | current lr: 9.540e-04
epoch: [156/500] | loss 0: 0.042410 | loss 1: 0.000000 | current lr: 9.523e-04
| loss 0: 4.241e-02| val metric 0: 0.009342 | best val: 0.008977 at epoch 143 | current lr: 9.523e-04
epoch: [157/500] | loss 0: 0.028185 | loss 1: 0.000000 | current lr: 9.506e-04
| loss 0: 2.818e-02| val metric 0: 0.008883 | best val: 0.008883 at epoch 157 | current lr: 9.506e-04
epoch: [158/500] | loss 0: 0.026772 | loss 1: 0.000000 | current lr: 9.489e-04
| loss 0: 2.677e-02| val metric 0: 0.009682 | best val: 0.008883 at epoch 157 | current lr: 9.489e-04
epoch: [159/500] | loss 0: 0.026716 | loss 1: 0.000000 | current lr: 9.472e-04
| loss 0: 2.672e-02| val metric 0: 0.009969 | best val: 0.008883 at epoch 157 | current lr: 9.472e-04
epoch: [160/500] | loss 0: 0.026227 | loss 1: 0.000000 | current lr: 9.454e-04
| loss 0: 2.623e-02| val metric 0: 0.008918 | best val: 0.008883 at epoch 157 | current lr: 9.454e-04
epoch: [161/500] | loss 0: 0.025317 | loss 1: 0.000000 | current lr: 9.436e-04
| loss 0: 2.532e-02| val metric 0: 0.010060 | best val: 0.008883 at epoch 157 | current lr: 9.436e-04
epoch: [162/500] | loss 0: 0.027678 | loss 1: 0.000000 | current lr: 9.418e-04
| loss 0: 2.768e-02| val metric 0: 0.008238 | best val: 0.008238 at epoch 162 | current lr: 9.418e-04
epoch: [163/500] | loss 0: 0.026452 | loss 1: 0.000000 | current lr: 9.399e-04
| loss 0: 2.645e-02| val metric 0: 0.011703 | best val: 0.008238 at epoch 162 | current lr: 9.399e-04
epoch: [164/500] | loss 0: 0.025971 | loss 1: 0.000000 | current lr: 9.381e-04
| loss 0: 2.597e-02| val metric 0: 0.010417 | best val: 0.008238 at epoch 162 | current lr: 9.381e-04
epoch: [165/500] | loss 0: 0.025679 | loss 1: 0.000000 | current lr: 9.362e-04
| loss 0: 2.568e-02| val metric 0: 0.008733 | best val: 0.008238 at epoch 162 | current lr: 9.362e-04
epoch: [166/500] | loss 0: 0.025073 | loss 1: 0.000000 | current lr: 9.342e-04
| loss 0: 2.507e-02| val metric 0: 0.010805 | best val: 0.008238 at epoch 162 | current lr: 9.342e-04
epoch: [167/500] | loss 0: 0.025498 | loss 1: 0.000000 | current lr: 9.323e-04
| loss 0: 2.550e-02| val metric 0: 0.008229 | best val: 0.008229 at epoch 167 | current lr: 9.323e-04
epoch: [168/500] | loss 0: 0.024740 | loss 1: 0.000000 | current lr: 9.303e-04
| loss 0: 2.474e-02| val metric 0: 0.010073 | best val: 0.008229 at epoch 167 | current lr: 9.303e-04
epoch: [169/500] | loss 0: 0.024064 | loss 1: 0.000000 | current lr: 9.283e-04
| loss 0: 2.406e-02| val metric 0: 0.010925 | best val: 0.008229 at epoch 167 | current lr: 9.283e-04
epoch: [170/500] | loss 0: 0.024999 | loss 1: 0.000000 | current lr: 9.262e-04
| loss 0: 2.500e-02| val metric 0: 0.008512 | best val: 0.008229 at epoch 167 | current lr: 9.262e-04
epoch: [171/500] | loss 0: 0.024120 | loss 1: 0.000000 | current lr: 9.242e-04
| loss 0: 2.412e-02| val metric 0: 0.008789 | best val: 0.008229 at epoch 167 | current lr: 9.242e-04
epoch: [172/500] | loss 0: 0.023835 | loss 1: 0.000000 | current lr: 9.221e-04
| loss 0: 2.383e-02| val metric 0: 0.006990 | best val: 0.006990 at epoch 172 | current lr: 9.221e-04
epoch: [173/500] | loss 0: 0.025913 | loss 1: 0.000000 | current lr: 9.199e-04
| loss 0: 2.591e-02| val metric 0: 0.009189 | best val: 0.006990 at epoch 172 | current lr: 9.199e-04
epoch: [174/500] | loss 0: 0.027718 | loss 1: 0.000000 | current lr: 9.178e-04
| loss 0: 2.772e-02| val metric 0: 0.013376 | best val: 0.006990 at epoch 172 | current lr: 9.178e-04
epoch: [175/500] | loss 0: 0.029365 | loss 1: 0.000000 | current lr: 9.156e-04
| loss 0: 2.937e-02| val metric 0: 0.008742 | best val: 0.006990 at epoch 172 | current lr: 9.156e-04
epoch: [176/500] | loss 0: 0.028576 | loss 1: 0.000000 | current lr: 9.134e-04
| loss 0: 2.858e-02| val metric 0: 0.010394 | best val: 0.006990 at epoch 172 | current lr: 9.134e-04
epoch: [177/500] | loss 0: 0.029603 | loss 1: 0.000000 | current lr: 9.112e-04
| loss 0: 2.960e-02| val metric 0: 0.010293 | best val: 0.006990 at epoch 172 | current lr: 9.112e-04
epoch: [178/500] | loss 0: 0.026499 | loss 1: 0.000000 | current lr: 9.090e-04
| loss 0: 2.650e-02| val metric 0: 0.009757 | best val: 0.006990 at epoch 172 | current lr: 9.090e-04
epoch: [179/500] | loss 0: 0.026360 | loss 1: 0.000000 | current lr: 9.067e-04
| loss 0: 2.636e-02| val metric 0: 0.010340 | best val: 0.006990 at epoch 172 | current lr: 9.067e-04
epoch: [180/500] | loss 0: 0.022925 | loss 1: 0.000000 | current lr: 9.044e-04
| loss 0: 2.293e-02| val metric 0: 0.007400 | best val: 0.006990 at epoch 172 | current lr: 9.044e-04
epoch: [181/500] | loss 0: 0.022679 | loss 1: 0.000000 | current lr: 9.021e-04
| loss 0: 2.268e-02| val metric 0: 0.007251 | best val: 0.006990 at epoch 172 | current lr: 9.021e-04
epoch: [182/500] | loss 0: 0.022316 | loss 1: 0.000000 | current lr: 8.997e-04
| loss 0: 2.232e-02| val metric 0: 0.010231 | best val: 0.006990 at epoch 172 | current lr: 8.997e-04
epoch: [183/500] | loss 0: 0.022348 | loss 1: 0.000000 | current lr: 8.974e-04
| loss 0: 2.235e-02| val metric 0: 0.008167 | best val: 0.006990 at epoch 172 | current lr: 8.974e-04
epoch: [184/500] | loss 0: 0.025710 | loss 1: 0.000000 | current lr: 8.950e-04
| loss 0: 2.571e-02| val metric 0: 0.008016 | best val: 0.006990 at epoch 172 | current lr: 8.950e-04
epoch: [185/500] | loss 0: 0.022535 | loss 1: 0.000000 | current lr: 8.925e-04
| loss 0: 2.254e-02| val metric 0: 0.007910 | best val: 0.006990 at epoch 172 | current lr: 8.925e-04
epoch: [186/500] | loss 0: 0.021691 | loss 1: 0.000000 | current lr: 8.901e-04
| loss 0: 2.169e-02| val metric 0: 0.008827 | best val: 0.006990 at epoch 172 | current lr: 8.901e-04
epoch: [187/500] | loss 0: 0.022609 | loss 1: 0.000000 | current lr: 8.876e-04
| loss 0: 2.261e-02| val metric 0: 0.009739 | best val: 0.006990 at epoch 172 | current lr: 8.876e-04
epoch: [188/500] | loss 0: 0.022177 | loss 1: 0.000000 | current lr: 8.851e-04
| loss 0: 2.218e-02| val metric 0: 0.010218 | best val: 0.006990 at epoch 172 | current lr: 8.851e-04
epoch: [189/500] | loss 0: 0.022045 | loss 1: 0.000000 | current lr: 8.826e-04
| loss 0: 2.204e-02| val metric 0: 0.010396 | best val: 0.006990 at epoch 172 | current lr: 8.826e-04
epoch: [190/500] | loss 0: 0.022160 | loss 1: 0.000000 | current lr: 8.801e-04
| loss 0: 2.216e-02| val metric 0: 0.008469 | best val: 0.006990 at epoch 172 | current lr: 8.801e-04
epoch: [191/500] | loss 0: 0.021422 | loss 1: 0.000000 | current lr: 8.775e-04
| loss 0: 2.142e-02| val metric 0: 0.008557 | best val: 0.006990 at epoch 172 | current lr: 8.775e-04
epoch: [192/500] | loss 0: 0.021044 | loss 1: 0.000000 | current lr: 8.749e-04
| loss 0: 2.104e-02| val metric 0: 0.006467 | best val: 0.006467 at epoch 192 | current lr: 8.749e-04
epoch: [193/500] | loss 0: 0.022596 | loss 1: 0.000000 | current lr: 8.723e-04
| loss 0: 2.260e-02| val metric 0: 0.008666 | best val: 0.006467 at epoch 192 | current lr: 8.723e-04
epoch: [194/500] | loss 0: 0.024147 | loss 1: 0.000000 | current lr: 8.697e-04
| loss 0: 2.415e-02| val metric 0: 0.011988 | best val: 0.006467 at epoch 192 | current lr: 8.697e-04
epoch: [195/500] | loss 0: 0.026005 | loss 1: 0.000000 | current lr: 8.670e-04
| loss 0: 2.600e-02| val metric 0: 0.006438 | best val: 0.006438 at epoch 195 | current lr: 8.670e-04
epoch: [196/500] | loss 0: 0.021863 | loss 1: 0.000000 | current lr: 8.643e-04
| loss 0: 2.186e-02| val metric 0: 0.007818 | best val: 0.006438 at epoch 195 | current lr: 8.643e-04
epoch: [197/500] | loss 0: 0.020503 | loss 1: 0.000000 | current lr: 8.616e-04
| loss 0: 2.050e-02| val metric 0: 0.008449 | best val: 0.006438 at epoch 195 | current lr: 8.616e-04
epoch: [198/500] | loss 0: 0.020435 | loss 1: 0.000000 | current lr: 8.589e-04
| loss 0: 2.044e-02| val metric 0: 0.007216 | best val: 0.006438 at epoch 195 | current lr: 8.589e-04
epoch: [199/500] | loss 0: 0.019998 | loss 1: 0.000000 | current lr: 8.562e-04
| loss 0: 2.000e-02| val metric 0: 0.007164 | best val: 0.006438 at epoch 195 | current lr: 8.562e-04
epoch: [200/500] | loss 0: 0.020225 | loss 1: 0.000000 | current lr: 8.534e-04
| loss 0: 2.022e-02| val metric 0: 0.007017 | best val: 0.006438 at epoch 195 | current lr: 8.534e-04
epoch: [201/500] | loss 0: 0.020240 | loss 1: 0.000000 | current lr: 8.506e-04
| loss 0: 2.024e-02| val metric 0: 0.007493 | best val: 0.006438 at epoch 195 | current lr: 8.506e-04
epoch: [202/500] | loss 0: 0.020447 | loss 1: 0.000000 | current lr: 8.478e-04
| loss 0: 2.045e-02| val metric 0: 0.007246 | best val: 0.006438 at epoch 195 | current lr: 8.478e-04
epoch: [203/500] | loss 0: 0.019683 | loss 1: 0.000000 | current lr: 8.450e-04
| loss 0: 1.968e-02| val metric 0: 0.008647 | best val: 0.006438 at epoch 195 | current lr: 8.450e-04
epoch: [204/500] | loss 0: 0.021383 | loss 1: 0.000000 | current lr: 8.421e-04
| loss 0: 2.138e-02| val metric 0: 0.010260 | best val: 0.006438 at epoch 195 | current lr: 8.421e-04
epoch: [205/500] | loss 0: 0.023233 | loss 1: 0.000000 | current lr: 8.393e-04
| loss 0: 2.323e-02| val metric 0: 0.009763 | best val: 0.006438 at epoch 195 | current lr: 8.393e-04
epoch: [206/500] | loss 0: 0.025090 | loss 1: 0.000000 | current lr: 8.364e-04
| loss 0: 2.509e-02| val metric 0: 0.008981 | best val: 0.006438 at epoch 195 | current lr: 8.364e-04
epoch: [207/500] | loss 0: 0.023879 | loss 1: 0.000000 | current lr: 8.334e-04
| loss 0: 2.388e-02| val metric 0: 0.008576 | best val: 0.006438 at epoch 195 | current lr: 8.334e-04
epoch: [208/500] | loss 0: 0.024556 | loss 1: 0.000000 | current lr: 8.305e-04
| loss 0: 2.456e-02| val metric 0: 0.007334 | best val: 0.006438 at epoch 195 | current lr: 8.305e-04
epoch: [209/500] | loss 0: 0.023301 | loss 1: 0.000000 | current lr: 8.276e-04
| loss 0: 2.330e-02| val metric 0: 0.007668 | best val: 0.006438 at epoch 195 | current lr: 8.276e-04
epoch: [210/500] | loss 0: 0.021852 | loss 1: 0.000000 | current lr: 8.246e-04
| loss 0: 2.185e-02| val metric 0: 0.008168 | best val: 0.006438 at epoch 195 | current lr: 8.246e-04
epoch: [211/500] | loss 0: 0.019271 | loss 1: 0.000000 | current lr: 8.216e-04
| loss 0: 1.927e-02| val metric 0: 0.006799 | best val: 0.006438 at epoch 195 | current lr: 8.216e-04
epoch: [212/500] | loss 0: 0.018275 | loss 1: 0.000000 | current lr: 8.186e-04
| loss 0: 1.828e-02| val metric 0: 0.006273 | best val: 0.006273 at epoch 212 | current lr: 8.186e-04
epoch: [213/500] | loss 0: 0.019258 | loss 1: 0.000000 | current lr: 8.155e-04
| loss 0: 1.926e-02| val metric 0: 0.005754 | best val: 0.005754 at epoch 213 | current lr: 8.155e-04
epoch: [214/500] | loss 0: 0.018027 | loss 1: 0.000000 | current lr: 8.125e-04
| loss 0: 1.803e-02| val metric 0: 0.008807 | best val: 0.005754 at epoch 213 | current lr: 8.125e-04
epoch: [215/500] | loss 0: 0.017634 | loss 1: 0.000000 | current lr: 8.094e-04
| loss 0: 1.763e-02| val metric 0: 0.006715 | best val: 0.005754 at epoch 213 | current lr: 8.094e-04
epoch: [216/500] | loss 0: 0.018130 | loss 1: 0.000000 | current lr: 8.063e-04
| loss 0: 1.813e-02| val metric 0: 0.007120 | best val: 0.005754 at epoch 213 | current lr: 8.063e-04
epoch: [217/500] | loss 0: 0.018370 | loss 1: 0.000000 | current lr: 8.032e-04
| loss 0: 1.837e-02| val metric 0: 0.006522 | best val: 0.005754 at epoch 213 | current lr: 8.032e-04
epoch: [218/500] | loss 0: 0.018779 | loss 1: 0.000000 | current lr: 8.001e-04
| loss 0: 1.878e-02| val metric 0: 0.007084 | best val: 0.005754 at epoch 213 | current lr: 8.001e-04
epoch: [219/500] | loss 0: 0.018753 | loss 1: 0.000000 | current lr: 7.969e-04
| loss 0: 1.875e-02| val metric 0: 0.009030 | best val: 0.005754 at epoch 213 | current lr: 7.969e-04
epoch: [220/500] | loss 0: 0.017271 | loss 1: 0.000000 | current lr: 7.937e-04
| loss 0: 1.727e-02| val metric 0: 0.007204 | best val: 0.005754 at epoch 213 | current lr: 7.937e-04
epoch: [221/500] | loss 0: 0.017397 | loss 1: 0.000000 | current lr: 7.905e-04
| loss 0: 1.740e-02| val metric 0: 0.005540 | best val: 0.005540 at epoch 221 | current lr: 7.905e-04
epoch: [222/500] | loss 0: 0.015767 | loss 1: 0.000000 | current lr: 7.873e-04
| loss 0: 1.577e-02| val metric 0: 0.007744 | best val: 0.005540 at epoch 221 | current lr: 7.873e-04
epoch: [223/500] | loss 0: 0.017137 | loss 1: 0.000000 | current lr: 7.841e-04
| loss 0: 1.714e-02| val metric 0: 0.008838 | best val: 0.005540 at epoch 221 | current lr: 7.841e-04
epoch: [224/500] | loss 0: 0.016677 | loss 1: 0.000000 | current lr: 7.809e-04
| loss 0: 1.668e-02| val metric 0: 0.007043 | best val: 0.005540 at epoch 221 | current lr: 7.809e-04
epoch: [225/500] | loss 0: 0.016553 | loss 1: 0.000000 | current lr: 7.776e-04
| loss 0: 1.655e-02| val metric 0: 0.007569 | best val: 0.005540 at epoch 221 | current lr: 7.776e-04
epoch: [226/500] | loss 0: 0.017061 | loss 1: 0.000000 | current lr: 7.743e-04
| loss 0: 1.706e-02| val metric 0: 0.007558 | best val: 0.005540 at epoch 221 | current lr: 7.743e-04
epoch: [227/500] | loss 0: 0.016667 | loss 1: 0.000000 | current lr: 7.711e-04
| loss 0: 1.667e-02| val metric 0: 0.005729 | best val: 0.005540 at epoch 221 | current lr: 7.711e-04
epoch: [228/500] | loss 0: 0.016475 | loss 1: 0.000000 | current lr: 7.677e-04
| loss 0: 1.647e-02| val metric 0: 0.005711 | best val: 0.005540 at epoch 221 | current lr: 7.677e-04
epoch: [229/500] | loss 0: 0.015906 | loss 1: 0.000000 | current lr: 7.644e-04
| loss 0: 1.591e-02| val metric 0: 0.007616 | best val: 0.005540 at epoch 221 | current lr: 7.644e-04
epoch: [230/500] | loss 0: 0.016952 | loss 1: 0.000000 | current lr: 7.611e-04
| loss 0: 1.695e-02| val metric 0: 0.007429 | best val: 0.005540 at epoch 221 | current lr: 7.611e-04
epoch: [231/500] | loss 0: 0.016425 | loss 1: 0.000000 | current lr: 7.577e-04
| loss 0: 1.643e-02| val metric 0: 0.005448 | best val: 0.005448 at epoch 231 | current lr: 7.577e-04
epoch: [232/500] | loss 0: 0.016138 | loss 1: 0.000000 | current lr: 7.544e-04
| loss 0: 1.614e-02| val metric 0: 0.005122 | best val: 0.005122 at epoch 232 | current lr: 7.544e-04
epoch: [233/500] | loss 0: 0.015728 | loss 1: 0.000000 | current lr: 7.510e-04
| loss 0: 1.573e-02| val metric 0: 0.006115 | best val: 0.005122 at epoch 232 | current lr: 7.510e-04
epoch: [234/500] | loss 0: 0.015757 | loss 1: 0.000000 | current lr: 7.476e-04
| loss 0: 1.576e-02| val metric 0: 0.004986 | best val: 0.004986 at epoch 234 | current lr: 7.476e-04
epoch: [235/500] | loss 0: 0.015616 | loss 1: 0.000000 | current lr: 7.441e-04
| loss 0: 1.562e-02| val metric 0: 0.005119 | best val: 0.004986 at epoch 234 | current lr: 7.441e-04
epoch: [236/500] | loss 0: 0.015696 | loss 1: 0.000000 | current lr: 7.407e-04
| loss 0: 1.570e-02| val metric 0: 0.005328 | best val: 0.004986 at epoch 234 | current lr: 7.407e-04
epoch: [237/500] | loss 0: 0.015232 | loss 1: 0.000000 | current lr: 7.373e-04
| loss 0: 1.523e-02| val metric 0: 0.004577 | best val: 0.004577 at epoch 237 | current lr: 7.373e-04
epoch: [238/500] | loss 0: 0.015386 | loss 1: 0.000000 | current lr: 7.338e-04
| loss 0: 1.539e-02| val metric 0: 0.007308 | best val: 0.004577 at epoch 237 | current lr: 7.338e-04
epoch: [239/500] | loss 0: 0.018505 | loss 1: 0.000000 | current lr: 7.303e-04
| loss 0: 1.851e-02| val metric 0: 0.006861 | best val: 0.004577 at epoch 237 | current lr: 7.303e-04
epoch: [240/500] | loss 0: 0.018460 | loss 1: 0.000000 | current lr: 7.268e-04
| loss 0: 1.846e-02| val metric 0: 0.006081 | best val: 0.004577 at epoch 237 | current lr: 7.268e-04
epoch: [241/500] | loss 0: 0.015049 | loss 1: 0.000000 | current lr: 7.233e-04
| loss 0: 1.505e-02| val metric 0: 0.006702 | best val: 0.004577 at epoch 237 | current lr: 7.233e-04
epoch: [242/500] | loss 0: 0.014604 | loss 1: 0.000000 | current lr: 7.198e-04
| loss 0: 1.460e-02| val metric 0: 0.004404 | best val: 0.004404 at epoch 242 | current lr: 7.198e-04
epoch: [243/500] | loss 0: 0.014715 | loss 1: 0.000000 | current lr: 7.163e-04
| loss 0: 1.472e-02| val metric 0: 0.005046 | best val: 0.004404 at epoch 242 | current lr: 7.163e-04
epoch: [244/500] | loss 0: 0.014544 | loss 1: 0.000000 | current lr: 7.127e-04
| loss 0: 1.454e-02| val metric 0: 0.005456 | best val: 0.004404 at epoch 242 | current lr: 7.127e-04
epoch: [245/500] | loss 0: 0.013830 | loss 1: 0.000000 | current lr: 7.092e-04
| loss 0: 1.383e-02| val metric 0: 0.004838 | best val: 0.004404 at epoch 242 | current lr: 7.092e-04
epoch: [246/500] | loss 0: 0.014483 | loss 1: 0.000000 | current lr: 7.056e-04
| loss 0: 1.448e-02| val metric 0: 0.005638 | best val: 0.004404 at epoch 242 | current lr: 7.056e-04
epoch: [247/500] | loss 0: 0.014313 | loss 1: 0.000000 | current lr: 7.020e-04
| loss 0: 1.431e-02| val metric 0: 0.006999 | best val: 0.004404 at epoch 242 | current lr: 7.020e-04
epoch: [248/500] | loss 0: 0.014465 | loss 1: 0.000000 | current lr: 6.984e-04
| loss 0: 1.446e-02| val metric 0: 0.006061 | best val: 0.004404 at epoch 242 | current lr: 6.984e-04
epoch: [249/500] | loss 0: 0.014224 | loss 1: 0.000000 | current lr: 6.948e-04
| loss 0: 1.422e-02| val metric 0: 0.005086 | best val: 0.004404 at epoch 242 | current lr: 6.948e-04
epoch: [250/500] | loss 0: 0.014028 | loss 1: 0.000000 | current lr: 6.912e-04
| loss 0: 1.403e-02| val metric 0: 0.004645 | best val: 0.004404 at epoch 242 | current lr: 6.912e-04
epoch: [251/500] | loss 0: 0.013638 | loss 1: 0.000000 | current lr: 6.875e-04
| loss 0: 1.364e-02| val metric 0: 0.005453 | best val: 0.004404 at epoch 242 | current lr: 6.875e-04
epoch: [252/500] | loss 0: 0.013808 | loss 1: 0.000000 | current lr: 6.839e-04
| loss 0: 1.381e-02| val metric 0: 0.006453 | best val: 0.004404 at epoch 242 | current lr: 6.839e-04
epoch: [253/500] | loss 0: 0.015337 | loss 1: 0.000000 | current lr: 6.802e-04
| loss 0: 1.534e-02| val metric 0: 0.004853 | best val: 0.004404 at epoch 242 | current lr: 6.802e-04
epoch: [254/500] | loss 0: 0.016143 | loss 1: 0.000000 | current lr: 6.766e-04
| loss 0: 1.614e-02| val metric 0: 0.007073 | best val: 0.004404 at epoch 242 | current lr: 6.766e-04
epoch: [255/500] | loss 0: 0.014980 | loss 1: 0.000000 | current lr: 6.729e-04
| loss 0: 1.498e-02| val metric 0: 0.004739 | best val: 0.004404 at epoch 242 | current lr: 6.729e-04
epoch: [256/500] | loss 0: 0.014146 | loss 1: 0.000000 | current lr: 6.692e-04
| loss 0: 1.415e-02| val metric 0: 0.006791 | best val: 0.004404 at epoch 242 | current lr: 6.692e-04
epoch: [257/500] | loss 0: 0.013657 | loss 1: 0.000000 | current lr: 6.655e-04
| loss 0: 1.366e-02| val metric 0: 0.005442 | best val: 0.004404 at epoch 242 | current lr: 6.655e-04
epoch: [258/500] | loss 0: 0.013194 | loss 1: 0.000000 | current lr: 6.618e-04
| loss 0: 1.319e-02| val metric 0: 0.004203 | best val: 0.004203 at epoch 258 | current lr: 6.618e-04
epoch: [259/500] | loss 0: 0.013174 | loss 1: 0.000000 | current lr: 6.581e-04
| loss 0: 1.317e-02| val metric 0: 0.005747 | best val: 0.004203 at epoch 258 | current lr: 6.581e-04
epoch: [260/500] | loss 0: 0.013039 | loss 1: 0.000000 | current lr: 6.543e-04
| loss 0: 1.304e-02| val metric 0: 0.004552 | best val: 0.004203 at epoch 258 | current lr: 6.543e-04
epoch: [261/500] | loss 0: 0.012611 | loss 1: 0.000000 | current lr: 6.506e-04
| loss 0: 1.261e-02| val metric 0: 0.005316 | best val: 0.004203 at epoch 258 | current lr: 6.506e-04
epoch: [262/500] | loss 0: 0.012605 | loss 1: 0.000000 | current lr: 6.468e-04
| loss 0: 1.260e-02| val metric 0: 0.005290 | best val: 0.004203 at epoch 258 | current lr: 6.468e-04
epoch: [263/500] | loss 0: 0.012538 | loss 1: 0.000000 | current lr: 6.431e-04
| loss 0: 1.254e-02| val metric 0: 0.003801 | best val: 0.003801 at epoch 263 | current lr: 6.431e-04
epoch: [264/500] | loss 0: 0.013574 | loss 1: 0.000000 | current lr: 6.393e-04
| loss 0: 1.357e-02| val metric 0: 0.005869 | best val: 0.003801 at epoch 263 | current lr: 6.393e-04
epoch: [265/500] | loss 0: 0.016149 | loss 1: 0.000000 | current lr: 6.355e-04
| loss 0: 1.615e-02| val metric 0: 0.011065 | best val: 0.003801 at epoch 263 | current lr: 6.355e-04
epoch: [266/500] | loss 0: 0.023208 | loss 1: 0.000000 | current lr: 6.317e-04
| loss 0: 2.321e-02| val metric 0: 0.009187 | best val: 0.003801 at epoch 263 | current lr: 6.317e-04
epoch: [267/500] | loss 0: 0.022719 | loss 1: 0.000000 | current lr: 6.280e-04
| loss 0: 2.272e-02| val metric 0: 0.006434 | best val: 0.003801 at epoch 263 | current lr: 6.280e-04
epoch: [268/500] | loss 0: 0.022553 | loss 1: 0.000000 | current lr: 6.242e-04
| loss 0: 2.255e-02| val metric 0: 0.006544 | best val: 0.003801 at epoch 263 | current lr: 6.242e-04
epoch: [269/500] | loss 0: 0.022005 | loss 1: 0.000000 | current lr: 6.203e-04
| loss 0: 2.201e-02| val metric 0: 0.006753 | best val: 0.003801 at epoch 263 | current lr: 6.203e-04
epoch: [270/500] | loss 0: 0.021291 | loss 1: 0.000000 | current lr: 6.165e-04
| loss 0: 2.129e-02| val metric 0: 0.006611 | best val: 0.003801 at epoch 263 | current lr: 6.165e-04
epoch: [271/500] | loss 0: 0.020083 | loss 1: 0.000000 | current lr: 6.127e-04
| loss 0: 2.008e-02| val metric 0: 0.009603 | best val: 0.003801 at epoch 263 | current lr: 6.127e-04
epoch: [272/500] | loss 0: 0.020993 | loss 1: 0.000000 | current lr: 6.089e-04
| loss 0: 2.099e-02| val metric 0: 0.009961 | best val: 0.003801 at epoch 263 | current lr: 6.089e-04
epoch: [273/500] | loss 0: 0.021166 | loss 1: 0.000000 | current lr: 6.050e-04
| loss 0: 2.117e-02| val metric 0: 0.008917 | best val: 0.003801 at epoch 263 | current lr: 6.050e-04
epoch: [274/500] | loss 0: 0.020623 | loss 1: 0.000000 | current lr: 6.012e-04
| loss 0: 2.062e-02| val metric 0: 0.007491 | best val: 0.003801 at epoch 263 | current lr: 6.012e-04
epoch: [275/500] | loss 0: 0.019512 | loss 1: 0.000000 | current lr: 5.974e-04
| loss 0: 1.951e-02| val metric 0: 0.009715 | best val: 0.003801 at epoch 263 | current lr: 5.974e-04
epoch: [276/500] | loss 0: 0.019740 | loss 1: 0.000000 | current lr: 5.935e-04
| loss 0: 1.974e-02| val metric 0: 0.008496 | best val: 0.003801 at epoch 263 | current lr: 5.935e-04
epoch: [277/500] | loss 0: 0.019362 | loss 1: 0.000000 | current lr: 5.896e-04
| loss 0: 1.936e-02| val metric 0: 0.007403 | best val: 0.003801 at epoch 263 | current lr: 5.896e-04
epoch: [278/500] | loss 0: 0.018103 | loss 1: 0.000000 | current lr: 5.858e-04
| loss 0: 1.810e-02| val metric 0: 0.007565 | best val: 0.003801 at epoch 263 | current lr: 5.858e-04
epoch: [279/500] | loss 0: 0.014297 | loss 1: 0.000000 | current lr: 5.819e-04
| loss 0: 1.430e-02| val metric 0: 0.004646 | best val: 0.003801 at epoch 263 | current lr: 5.819e-04
epoch: [280/500] | loss 0: 0.010996 | loss 1: 0.000000 | current lr: 5.780e-04
| loss 0: 1.100e-02| val metric 0: 0.004724 | best val: 0.003801 at epoch 263 | current lr: 5.780e-04
epoch: [281/500] | loss 0: 0.010482 | loss 1: 0.000000 | current lr: 5.741e-04
| loss 0: 1.048e-02| val metric 0: 0.004727 | best val: 0.003801 at epoch 263 | current lr: 5.741e-04
epoch: [282/500] | loss 0: 0.010688 | loss 1: 0.000000 | current lr: 5.703e-04
| loss 0: 1.069e-02| val metric 0: 0.003930 | best val: 0.003801 at epoch 263 | current lr: 5.703e-04
epoch: [283/500] | loss 0: 0.009569 | loss 1: 0.000000 | current lr: 5.664e-04
| loss 0: 9.569e-03| val metric 0: 0.003514 | best val: 0.003514 at epoch 283 | current lr: 5.664e-04
epoch: [284/500] | loss 0: 0.009687 | loss 1: 0.000000 | current lr: 5.625e-04
| loss 0: 9.687e-03| val metric 0: 0.003292 | best val: 0.003292 at epoch 284 | current lr: 5.625e-04
epoch: [285/500] | loss 0: 0.010308 | loss 1: 0.000000 | current lr: 5.586e-04
| loss 0: 1.031e-02| val metric 0: 0.004123 | best val: 0.003292 at epoch 284 | current lr: 5.586e-04
epoch: [286/500] | loss 0: 0.009576 | loss 1: 0.000000 | current lr: 5.547e-04
| loss 0: 9.576e-03| val metric 0: 0.003407 | best val: 0.003292 at epoch 284 | current lr: 5.547e-04
epoch: [287/500] | loss 0: 0.010385 | loss 1: 0.000000 | current lr: 5.508e-04
| loss 0: 1.038e-02| val metric 0: 0.003729 | best val: 0.003292 at epoch 284 | current lr: 5.508e-04
epoch: [288/500] | loss 0: 0.009429 | loss 1: 0.000000 | current lr: 5.469e-04
| loss 0: 9.429e-03| val metric 0: 0.003589 | best val: 0.003292 at epoch 284 | current lr: 5.469e-04
epoch: [289/500] | loss 0: 0.010335 | loss 1: 0.000000 | current lr: 5.429e-04
| loss 0: 1.033e-02| val metric 0: 0.004285 | best val: 0.003292 at epoch 284 | current lr: 5.429e-04
epoch: [290/500] | loss 0: 0.009625 | loss 1: 0.000000 | current lr: 5.390e-04
| loss 0: 9.625e-03| val metric 0: 0.004311 | best val: 0.003292 at epoch 284 | current lr: 5.390e-04
epoch: [291/500] | loss 0: 0.009336 | loss 1: 0.000000 | current lr: 5.351e-04
| loss 0: 9.336e-03| val metric 0: 0.003359 | best val: 0.003292 at epoch 284 | current lr: 5.351e-04
epoch: [292/500] | loss 0: 0.009370 | loss 1: 0.000000 | current lr: 5.312e-04
| loss 0: 9.370e-03| val metric 0: 0.003341 | best val: 0.003292 at epoch 284 | current lr: 5.312e-04
epoch: [293/500] | loss 0: 0.009267 | loss 1: 0.000000 | current lr: 5.273e-04
| loss 0: 9.267e-03| val metric 0: 0.003747 | best val: 0.003292 at epoch 284 | current lr: 5.273e-04
epoch: [294/500] | loss 0: 0.010659 | loss 1: 0.000000 | current lr: 5.234e-04
| loss 0: 1.066e-02| val metric 0: 0.003562 | best val: 0.003292 at epoch 284 | current lr: 5.234e-04
epoch: [295/500] | loss 0: 0.011138 | loss 1: 0.000000 | current lr: 5.194e-04
| loss 0: 1.114e-02| val metric 0: 0.004196 | best val: 0.003292 at epoch 284 | current lr: 5.194e-04
epoch: [296/500] | loss 0: 0.009171 | loss 1: 0.000000 | current lr: 5.155e-04
| loss 0: 9.171e-03| val metric 0: 0.003083 | best val: 0.003083 at epoch 296 | current lr: 5.155e-04
epoch: [297/500] | loss 0: 0.009016 | loss 1: 0.000000 | current lr: 5.116e-04
| loss 0: 9.016e-03| val metric 0: 0.003490 | best val: 0.003083 at epoch 296 | current lr: 5.116e-04
epoch: [298/500] | loss 0: 0.008977 | loss 1: 0.000000 | current lr: 5.077e-04
| loss 0: 8.977e-03| val metric 0: 0.003158 | best val: 0.003083 at epoch 296 | current lr: 5.077e-04
epoch: [299/500] | loss 0: 0.008693 | loss 1: 0.000000 | current lr: 5.037e-04
| loss 0: 8.693e-03| val metric 0: 0.003525 | best val: 0.003083 at epoch 296 | current lr: 5.037e-04
epoch: [300/500] | loss 0: 0.009032 | loss 1: 0.000000 | current lr: 4.998e-04
| loss 0: 9.032e-03| val metric 0: 0.003260 | best val: 0.003083 at epoch 296 | current lr: 4.998e-04
epoch: [301/500] | loss 0: 0.011119 | loss 1: 0.000000 | current lr: 4.959e-04
| loss 0: 1.112e-02| val metric 0: 0.004276 | best val: 0.003083 at epoch 296 | current lr: 4.959e-04
epoch: [302/500] | loss 0: 0.013822 | loss 1: 0.000000 | current lr: 4.920e-04
| loss 0: 1.382e-02| val metric 0: 0.004089 | best val: 0.003083 at epoch 296 | current lr: 4.920e-04
epoch: [303/500] | loss 0: 0.008952 | loss 1: 0.000000 | current lr: 4.880e-04
| loss 0: 8.952e-03| val metric 0: 0.003517 | best val: 0.003083 at epoch 296 | current lr: 4.880e-04
epoch: [304/500] | loss 0: 0.008370 | loss 1: 0.000000 | current lr: 4.841e-04
| loss 0: 8.370e-03| val metric 0: 0.003093 | best val: 0.003083 at epoch 296 | current lr: 4.841e-04
epoch: [305/500] | loss 0: 0.008412 | loss 1: 0.000000 | current lr: 4.802e-04
| loss 0: 8.412e-03| val metric 0: 0.002993 | best val: 0.002993 at epoch 305 | current lr: 4.802e-04
epoch: [306/500] | loss 0: 0.009318 | loss 1: 0.000000 | current lr: 4.763e-04
| loss 0: 9.318e-03| val metric 0: 0.004262 | best val: 0.002993 at epoch 305 | current lr: 4.763e-04
epoch: [307/500] | loss 0: 0.008664 | loss 1: 0.000000 | current lr: 4.723e-04
| loss 0: 8.664e-03| val metric 0: 0.003110 | best val: 0.002993 at epoch 305 | current lr: 4.723e-04
epoch: [308/500] | loss 0: 0.008519 | loss 1: 0.000000 | current lr: 4.684e-04
| loss 0: 8.519e-03| val metric 0: 0.003431 | best val: 0.002993 at epoch 305 | current lr: 4.684e-04
epoch: [309/500] | loss 0: 0.009703 | loss 1: 0.000000 | current lr: 4.645e-04
| loss 0: 9.703e-03| val metric 0: 0.003201 | best val: 0.002993 at epoch 305 | current lr: 4.645e-04
epoch: [310/500] | loss 0: 0.009415 | loss 1: 0.000000 | current lr: 4.606e-04
| loss 0: 9.415e-03| val metric 0: 0.003171 | best val: 0.002993 at epoch 305 | current lr: 4.606e-04
epoch: [311/500] | loss 0: 0.007968 | loss 1: 0.000000 | current lr: 4.567e-04
| loss 0: 7.968e-03| val metric 0: 0.003097 | best val: 0.002993 at epoch 305 | current lr: 4.567e-04
epoch: [312/500] | loss 0: 0.007908 | loss 1: 0.000000 | current lr: 4.528e-04
| loss 0: 7.908e-03| val metric 0: 0.002939 | best val: 0.002939 at epoch 312 | current lr: 4.528e-04
epoch: [313/500] | loss 0: 0.007871 | loss 1: 0.000000 | current lr: 4.488e-04
| loss 0: 7.871e-03| val metric 0: 0.003031 | best val: 0.002939 at epoch 312 | current lr: 4.488e-04
epoch: [314/500] | loss 0: 0.007909 | loss 1: 0.000000 | current lr: 4.449e-04
| loss 0: 7.909e-03| val metric 0: 0.002793 | best val: 0.002793 at epoch 314 | current lr: 4.449e-04
epoch: [315/500] | loss 0: 0.007981 | loss 1: 0.000000 | current lr: 4.410e-04
| loss 0: 7.981e-03| val metric 0: 0.003159 | best val: 0.002793 at epoch 314 | current lr: 4.410e-04
epoch: [316/500] | loss 0: 0.007737 | loss 1: 0.000000 | current lr: 4.371e-04
| loss 0: 7.737e-03| val metric 0: 0.003030 | best val: 0.002793 at epoch 314 | current lr: 4.371e-04
epoch: [317/500] | loss 0: 0.007368 | loss 1: 0.000000 | current lr: 4.332e-04
| loss 0: 7.368e-03| val metric 0: 0.002823 | best val: 0.002793 at epoch 314 | current lr: 4.332e-04
epoch: [318/500] | loss 0: 0.007650 | loss 1: 0.000000 | current lr: 4.294e-04
| loss 0: 7.650e-03| val metric 0: 0.002906 | best val: 0.002793 at epoch 314 | current lr: 4.294e-04
epoch: [319/500] | loss 0: 0.007514 | loss 1: 0.000000 | current lr: 4.255e-04
| loss 0: 7.514e-03| val metric 0: 0.002668 | best val: 0.002668 at epoch 319 | current lr: 4.255e-04
epoch: [320/500] | loss 0: 0.007479 | loss 1: 0.000000 | current lr: 4.216e-04
| loss 0: 7.479e-03| val metric 0: 0.002861 | best val: 0.002668 at epoch 319 | current lr: 4.216e-04
epoch: [321/500] | loss 0: 0.007374 | loss 1: 0.000000 | current lr: 4.177e-04
| loss 0: 7.374e-03| val metric 0: 0.003165 | best val: 0.002668 at epoch 319 | current lr: 4.177e-04
epoch: [322/500] | loss 0: 0.008388 | loss 1: 0.000000 | current lr: 4.138e-04
| loss 0: 8.388e-03| val metric 0: 0.003316 | best val: 0.002668 at epoch 319 | current lr: 4.138e-04
epoch: [323/500] | loss 0: 0.008240 | loss 1: 0.000000 | current lr: 4.100e-04
| loss 0: 8.240e-03| val metric 0: 0.003014 | best val: 0.002668 at epoch 319 | current lr: 4.100e-04
epoch: [324/500] | loss 0: 0.007615 | loss 1: 0.000000 | current lr: 4.061e-04
| loss 0: 7.615e-03| val metric 0: 0.002964 | best val: 0.002668 at epoch 319 | current lr: 4.061e-04
epoch: [325/500] | loss 0: 0.007086 | loss 1: 0.000000 | current lr: 4.023e-04
| loss 0: 7.086e-03| val metric 0: 0.002990 | best val: 0.002668 at epoch 319 | current lr: 4.023e-04
epoch: [326/500] | loss 0: 0.007245 | loss 1: 0.000000 | current lr: 3.984e-04
| loss 0: 7.245e-03| val metric 0: 0.002792 | best val: 0.002668 at epoch 319 | current lr: 3.984e-04
epoch: [327/500] | loss 0: 0.008012 | loss 1: 0.000000 | current lr: 3.946e-04
| loss 0: 8.012e-03| val metric 0: 0.003379 | best val: 0.002668 at epoch 319 | current lr: 3.946e-04
epoch: [328/500] | loss 0: 0.007159 | loss 1: 0.000000 | current lr: 3.907e-04
| loss 0: 7.159e-03| val metric 0: 0.002751 | best val: 0.002668 at epoch 319 | current lr: 3.907e-04
epoch: [329/500] | loss 0: 0.007013 | loss 1: 0.000000 | current lr: 3.869e-04
| loss 0: 7.013e-03| val metric 0: 0.002572 | best val: 0.002572 at epoch 329 | current lr: 3.869e-04
epoch: [330/500] | loss 0: 0.007748 | loss 1: 0.000000 | current lr: 3.831e-04
| loss 0: 7.748e-03| val metric 0: 0.003356 | best val: 0.002572 at epoch 329 | current lr: 3.831e-04
epoch: [331/500] | loss 0: 0.007091 | loss 1: 0.000000 | current lr: 3.793e-04
| loss 0: 7.091e-03| val metric 0: 0.002667 | best val: 0.002572 at epoch 329 | current lr: 3.793e-04
epoch: [332/500] | loss 0: 0.006790 | loss 1: 0.000000 | current lr: 3.755e-04
| loss 0: 6.790e-03| val metric 0: 0.002578 | best val: 0.002572 at epoch 329 | current lr: 3.755e-04
epoch: [333/500] | loss 0: 0.006783 | loss 1: 0.000000 | current lr: 3.717e-04
| loss 0: 6.783e-03| val metric 0: 0.002737 | best val: 0.002572 at epoch 329 | current lr: 3.717e-04
epoch: [334/500] | loss 0: 0.007681 | loss 1: 0.000000 | current lr: 3.679e-04
| loss 0: 7.681e-03| val metric 0: 0.002753 | best val: 0.002572 at epoch 329 | current lr: 3.679e-04
epoch: [335/500] | loss 0: 0.007708 | loss 1: 0.000000 | current lr: 3.641e-04
| loss 0: 7.708e-03| val metric 0: 0.002927 | best val: 0.002572 at epoch 329 | current lr: 3.641e-04
epoch: [336/500] | loss 0: 0.006827 | loss 1: 0.000000 | current lr: 3.603e-04
| loss 0: 6.827e-03| val metric 0: 0.002782 | best val: 0.002572 at epoch 329 | current lr: 3.603e-04
epoch: [337/500] | loss 0: 0.006730 | loss 1: 0.000000 | current lr: 3.565e-04
| loss 0: 6.730e-03| val metric 0: 0.002613 | best val: 0.002572 at epoch 329 | current lr: 3.565e-04
epoch: [338/500] | loss 0: 0.006530 | loss 1: 0.000000 | current lr: 3.528e-04
| loss 0: 6.530e-03| val metric 0: 0.002616 | best val: 0.002572 at epoch 329 | current lr: 3.528e-04
epoch: [339/500] | loss 0: 0.006369 | loss 1: 0.000000 | current lr: 3.490e-04
| loss 0: 6.369e-03| val metric 0: 0.002557 | best val: 0.002557 at epoch 339 | current lr: 3.490e-04
epoch: [340/500] | loss 0: 0.006305 | loss 1: 0.000000 | current lr: 3.453e-04
| loss 0: 6.305e-03| val metric 0: 0.002620 | best val: 0.002557 at epoch 339 | current lr: 3.453e-04
epoch: [341/500] | loss 0: 0.006295 | loss 1: 0.000000 | current lr: 3.416e-04
| loss 0: 6.295e-03| val metric 0: 0.002403 | best val: 0.002403 at epoch 341 | current lr: 3.416e-04
epoch: [342/500] | loss 0: 0.007164 | loss 1: 0.000000 | current lr: 3.379e-04
| loss 0: 7.164e-03| val metric 0: 0.002826 | best val: 0.002403 at epoch 341 | current lr: 3.379e-04
epoch: [343/500] | loss 0: 0.007042 | loss 1: 0.000000 | current lr: 3.341e-04
| loss 0: 7.042e-03| val metric 0: 0.002758 | best val: 0.002403 at epoch 341 | current lr: 3.341e-04
epoch: [344/500] | loss 0: 0.006752 | loss 1: 0.000000 | current lr: 3.304e-04
| loss 0: 6.752e-03| val metric 0: 0.002675 | best val: 0.002403 at epoch 341 | current lr: 3.304e-04
epoch: [345/500] | loss 0: 0.006453 | loss 1: 0.000000 | current lr: 3.268e-04
| loss 0: 6.453e-03| val metric 0: 0.002717 | best val: 0.002403 at epoch 341 | current lr: 3.268e-04
epoch: [346/500] | loss 0: 0.006779 | loss 1: 0.000000 | current lr: 3.231e-04
| loss 0: 6.779e-03| val metric 0: 0.002760 | best val: 0.002403 at epoch 341 | current lr: 3.231e-04
epoch: [347/500] | loss 0: 0.006376 | loss 1: 0.000000 | current lr: 3.194e-04
| loss 0: 6.376e-03| val metric 0: 0.002441 | best val: 0.002403 at epoch 341 | current lr: 3.194e-04
epoch: [348/500] | loss 0: 0.006062 | loss 1: 0.000000 | current lr: 3.158e-04
| loss 0: 6.062e-03| val metric 0: 0.002387 | best val: 0.002387 at epoch 348 | current lr: 3.158e-04
epoch: [349/500] | loss 0: 0.005988 | loss 1: 0.000000 | current lr: 3.121e-04
| loss 0: 5.988e-03| val metric 0: 0.002381 | best val: 0.002381 at epoch 349 | current lr: 3.121e-04
epoch: [350/500] | loss 0: 0.005952 | loss 1: 0.000000 | current lr: 3.085e-04
| loss 0: 5.952e-03| val metric 0: 0.002367 | best val: 0.002367 at epoch 350 | current lr: 3.085e-04
epoch: [351/500] | loss 0: 0.005910 | loss 1: 0.000000 | current lr: 3.049e-04
| loss 0: 5.910e-03| val metric 0: 0.002482 | best val: 0.002367 at epoch 350 | current lr: 3.049e-04
epoch: [352/500] | loss 0: 0.005998 | loss 1: 0.000000 | current lr: 3.012e-04
| loss 0: 5.998e-03| val metric 0: 0.002336 | best val: 0.002336 at epoch 352 | current lr: 3.012e-04
epoch: [353/500] | loss 0: 0.005824 | loss 1: 0.000000 | current lr: 2.976e-04
| loss 0: 5.824e-03| val metric 0: 0.002321 | best val: 0.002321 at epoch 353 | current lr: 2.976e-04
epoch: [354/500] | loss 0: 0.005788 | loss 1: 0.000000 | current lr: 2.941e-04
| loss 0: 5.788e-03| val metric 0: 0.002414 | best val: 0.002321 at epoch 353 | current lr: 2.941e-04
epoch: [355/500] | loss 0: 0.005962 | loss 1: 0.000000 | current lr: 2.905e-04
| loss 0: 5.962e-03| val metric 0: 0.002440 | best val: 0.002321 at epoch 353 | current lr: 2.905e-04
epoch: [356/500] | loss 0: 0.006360 | loss 1: 0.000000 | current lr: 2.869e-04
| loss 0: 6.360e-03| val metric 0: 0.002619 | best val: 0.002321 at epoch 353 | current lr: 2.869e-04
epoch: [357/500] | loss 0: 0.005922 | loss 1: 0.000000 | current lr: 2.834e-04
| loss 0: 5.922e-03| val metric 0: 0.002356 | best val: 0.002321 at epoch 353 | current lr: 2.834e-04
epoch: [358/500] | loss 0: 0.006143 | loss 1: 0.000000 | current lr: 2.799e-04
| loss 0: 6.143e-03| val metric 0: 0.002511 | best val: 0.002321 at epoch 353 | current lr: 2.799e-04
epoch: [359/500] | loss 0: 0.006184 | loss 1: 0.000000 | current lr: 2.763e-04
| loss 0: 6.184e-03| val metric 0: 0.002427 | best val: 0.002321 at epoch 353 | current lr: 2.763e-04
epoch: [360/500] | loss 0: 0.005835 | loss 1: 0.000000 | current lr: 2.728e-04
| loss 0: 5.835e-03| val metric 0: 0.002284 | best val: 0.002284 at epoch 360 | current lr: 2.728e-04
epoch: [361/500] | loss 0: 0.005591 | loss 1: 0.000000 | current lr: 2.693e-04
| loss 0: 5.591e-03| val metric 0: 0.002258 | best val: 0.002258 at epoch 361 | current lr: 2.693e-04
epoch: [362/500] | loss 0: 0.005613 | loss 1: 0.000000 | current lr: 2.659e-04
| loss 0: 5.613e-03| val metric 0: 0.002258 | best val: 0.002258 at epoch 361 | current lr: 2.659e-04
epoch: [363/500] | loss 0: 0.005976 | loss 1: 0.000000 | current lr: 2.624e-04
| loss 0: 5.976e-03| val metric 0: 0.002434 | best val: 0.002258 at epoch 361 | current lr: 2.624e-04
epoch: [364/500] | loss 0: 0.005902 | loss 1: 0.000000 | current lr: 2.590e-04
| loss 0: 5.902e-03| val metric 0: 0.002331 | best val: 0.002258 at epoch 361 | current lr: 2.590e-04
epoch: [365/500] | loss 0: 0.005595 | loss 1: 0.000000 | current lr: 2.555e-04
| loss 0: 5.595e-03| val metric 0: 0.002273 | best val: 0.002258 at epoch 361 | current lr: 2.555e-04
epoch: [366/500] | loss 0: 0.005504 | loss 1: 0.000000 | current lr: 2.521e-04
| loss 0: 5.504e-03| val metric 0: 0.002226 | best val: 0.002226 at epoch 366 | current lr: 2.521e-04
epoch: [367/500] | loss 0: 0.005782 | loss 1: 0.000000 | current lr: 2.487e-04
| loss 0: 5.782e-03| val metric 0: 0.002354 | best val: 0.002226 at epoch 366 | current lr: 2.487e-04
epoch: [368/500] | loss 0: 0.005603 | loss 1: 0.000000 | current lr: 2.453e-04
| loss 0: 5.603e-03| val metric 0: 0.002250 | best val: 0.002226 at epoch 366 | current lr: 2.453e-04
epoch: [369/500] | loss 0: 0.005580 | loss 1: 0.000000 | current lr: 2.419e-04
| loss 0: 5.580e-03| val metric 0: 0.002234 | best val: 0.002226 at epoch 366 | current lr: 2.419e-04
epoch: [370/500] | loss 0: 0.005423 | loss 1: 0.000000 | current lr: 2.386e-04
| loss 0: 5.423e-03| val metric 0: 0.002203 | best val: 0.002203 at epoch 370 | current lr: 2.386e-04
epoch: [371/500] | loss 0: 0.005351 | loss 1: 0.000000 | current lr: 2.352e-04
| loss 0: 5.351e-03| val metric 0: 0.002189 | best val: 0.002189 at epoch 371 | current lr: 2.352e-04
epoch: [372/500] | loss 0: 0.005341 | loss 1: 0.000000 | current lr: 2.319e-04
| loss 0: 5.341e-03| val metric 0: 0.002200 | best val: 0.002189 at epoch 371 | current lr: 2.319e-04
epoch: [373/500] | loss 0: 0.005482 | loss 1: 0.000000 | current lr: 2.286e-04
| loss 0: 5.482e-03| val metric 0: 0.002195 | best val: 0.002189 at epoch 371 | current lr: 2.286e-04
epoch: [374/500] | loss 0: 0.005367 | loss 1: 0.000000 | current lr: 2.253e-04
| loss 0: 5.367e-03| val metric 0: 0.002191 | best val: 0.002189 at epoch 371 | current lr: 2.253e-04
epoch: [375/500] | loss 0: 0.005300 | loss 1: 0.000000 | current lr: 2.221e-04
| loss 0: 5.300e-03| val metric 0: 0.002184 | best val: 0.002184 at epoch 375 | current lr: 2.221e-04
epoch: [376/500] | loss 0: 0.005359 | loss 1: 0.000000 | current lr: 2.188e-04
| loss 0: 5.359e-03| val metric 0: 0.002175 | best val: 0.002175 at epoch 376 | current lr: 2.188e-04
epoch: [377/500] | loss 0: 0.005274 | loss 1: 0.000000 | current lr: 2.156e-04
| loss 0: 5.274e-03| val metric 0: 0.002164 | best val: 0.002164 at epoch 377 | current lr: 2.156e-04
epoch: [378/500] | loss 0: 0.005249 | loss 1: 0.000000 | current lr: 2.123e-04
| loss 0: 5.249e-03| val metric 0: 0.002170 | best val: 0.002164 at epoch 377 | current lr: 2.123e-04
epoch: [379/500] | loss 0: 0.005233 | loss 1: 0.000000 | current lr: 2.091e-04
| loss 0: 5.233e-03| val metric 0: 0.002151 | best val: 0.002151 at epoch 379 | current lr: 2.091e-04
epoch: [380/500] | loss 0: 0.005206 | loss 1: 0.000000 | current lr: 2.059e-04
| loss 0: 5.206e-03| val metric 0: 0.002146 | best val: 0.002146 at epoch 380 | current lr: 2.059e-04
epoch: [381/500] | loss 0: 0.005196 | loss 1: 0.000000 | current lr: 2.028e-04
| loss 0: 5.196e-03| val metric 0: 0.002141 | best val: 0.002141 at epoch 381 | current lr: 2.028e-04
epoch: [382/500] | loss 0: 0.005179 | loss 1: 0.000000 | current lr: 1.996e-04
| loss 0: 5.179e-03| val metric 0: 0.002134 | best val: 0.002134 at epoch 382 | current lr: 1.996e-04
epoch: [383/500] | loss 0: 0.005169 | loss 1: 0.000000 | current lr: 1.965e-04
| loss 0: 5.169e-03| val metric 0: 0.002128 | best val: 0.002128 at epoch 383 | current lr: 1.965e-04
epoch: [384/500] | loss 0: 0.005156 | loss 1: 0.000000 | current lr: 1.934e-04
| loss 0: 5.156e-03| val metric 0: 0.002122 | best val: 0.002122 at epoch 384 | current lr: 1.934e-04
epoch: [385/500] | loss 0: 0.005148 | loss 1: 0.000000 | current lr: 1.903e-04
| loss 0: 5.148e-03| val metric 0: 0.002118 | best val: 0.002118 at epoch 385 | current lr: 1.903e-04
epoch: [386/500] | loss 0: 0.005142 | loss 1: 0.000000 | current lr: 1.872e-04
| loss 0: 5.142e-03| val metric 0: 0.002114 | best val: 0.002114 at epoch 386 | current lr: 1.872e-04
epoch: [387/500] | loss 0: 0.005140 | loss 1: 0.000000 | current lr: 1.842e-04
| loss 0: 5.140e-03| val metric 0: 0.002112 | best val: 0.002112 at epoch 387 | current lr: 1.842e-04
epoch: [388/500] | loss 0: 0.005144 | loss 1: 0.000000 | current lr: 1.811e-04
| loss 0: 5.144e-03| val metric 0: 0.002112 | best val: 0.002112 at epoch 387 | current lr: 1.811e-04
epoch: [389/500] | loss 0: 0.005157 | loss 1: 0.000000 | current lr: 1.781e-04
| loss 0: 5.157e-03| val metric 0: 0.002113 | best val: 0.002112 at epoch 387 | current lr: 1.781e-04
epoch: [390/500] | loss 0: 0.005163 | loss 1: 0.000000 | current lr: 1.751e-04
| loss 0: 5.163e-03| val metric 0: 0.002108 | best val: 0.002108 at epoch 390 | current lr: 1.751e-04
epoch: [391/500] | loss 0: 0.005144 | loss 1: 0.000000 | current lr: 1.722e-04
| loss 0: 5.144e-03| val metric 0: 0.002100 | best val: 0.002100 at epoch 391 | current lr: 1.722e-04
epoch: [392/500] | loss 0: 0.005119 | loss 1: 0.000000 | current lr: 1.692e-04
| loss 0: 5.119e-03| val metric 0: 0.002094 | best val: 0.002094 at epoch 392 | current lr: 1.692e-04
epoch: [393/500] | loss 0: 0.005097 | loss 1: 0.000000 | current lr: 1.663e-04
| loss 0: 5.097e-03| val metric 0: 0.002087 | best val: 0.002087 at epoch 393 | current lr: 1.663e-04
epoch: [394/500] | loss 0: 0.005076 | loss 1: 0.000000 | current lr: 1.633e-04
| loss 0: 5.076e-03| val metric 0: 0.002081 | best val: 0.002081 at epoch 394 | current lr: 1.633e-04
epoch: [395/500] | loss 0: 0.005060 | loss 1: 0.000000 | current lr: 1.605e-04
| loss 0: 5.060e-03| val metric 0: 0.002076 | best val: 0.002076 at epoch 395 | current lr: 1.605e-04
epoch: [396/500] | loss 0: 0.005046 | loss 1: 0.000000 | current lr: 1.576e-04
| loss 0: 5.046e-03| val metric 0: 0.002073 | best val: 0.002073 at epoch 396 | current lr: 1.576e-04
epoch: [397/500] | loss 0: 0.005036 | loss 1: 0.000000 | current lr: 1.547e-04
| loss 0: 5.036e-03| val metric 0: 0.002070 | best val: 0.002070 at epoch 397 | current lr: 1.547e-04
epoch: [398/500] | loss 0: 0.005026 | loss 1: 0.000000 | current lr: 1.519e-04
| loss 0: 5.026e-03| val metric 0: 0.002069 | best val: 0.002069 at epoch 398 | current lr: 1.519e-04
epoch: [399/500] | loss 0: 0.005016 | loss 1: 0.000000 | current lr: 1.491e-04
| loss 0: 5.016e-03| val metric 0: 0.002067 | best val: 0.002067 at epoch 399 | current lr: 1.491e-04
epoch: [400/500] | loss 0: 0.005004 | loss 1: 0.000000 | current lr: 1.463e-04
| loss 0: 5.004e-03| val metric 0: 0.002064 | best val: 0.002064 at epoch 400 | current lr: 1.463e-04
epoch: [401/500] | loss 0: 0.004993 | loss 1: 0.000000 | current lr: 1.435e-04
| loss 0: 4.993e-03| val metric 0: 0.002059 | best val: 0.002059 at epoch 401 | current lr: 1.435e-04
epoch: [402/500] | loss 0: 0.004982 | loss 1: 0.000000 | current lr: 1.408e-04
| loss 0: 4.982e-03| val metric 0: 0.002052 | best val: 0.002052 at epoch 402 | current lr: 1.408e-04
epoch: [403/500] | loss 0: 0.004975 | loss 1: 0.000000 | current lr: 1.381e-04
| loss 0: 4.975e-03| val metric 0: 0.002044 | best val: 0.002044 at epoch 403 | current lr: 1.381e-04
epoch: [404/500] | loss 0: 0.004973 | loss 1: 0.000000 | current lr: 1.354e-04
| loss 0: 4.973e-03| val metric 0: 0.002038 | best val: 0.002038 at epoch 404 | current lr: 1.354e-04
epoch: [405/500] | loss 0: 0.004975 | loss 1: 0.000000 | current lr: 1.327e-04
| loss 0: 4.975e-03| val metric 0: 0.002034 | best val: 0.002034 at epoch 405 | current lr: 1.327e-04
epoch: [406/500] | loss 0: 0.004983 | loss 1: 0.000000 | current lr: 1.301e-04
| loss 0: 4.983e-03| val metric 0: 0.002044 | best val: 0.002034 at epoch 405 | current lr: 1.301e-04
epoch: [407/500] | loss 0: 0.004994 | loss 1: 0.000000 | current lr: 1.274e-04
| loss 0: 4.994e-03| val metric 0: 0.002077 | best val: 0.002034 at epoch 405 | current lr: 1.274e-04
epoch: [408/500] | loss 0: 0.004996 | loss 1: 0.000000 | current lr: 1.248e-04
| loss 0: 4.996e-03| val metric 0: 0.002081 | best val: 0.002034 at epoch 405 | current lr: 1.248e-04
epoch: [409/500] | loss 0: 0.004967 | loss 1: 0.000000 | current lr: 1.222e-04
| loss 0: 4.967e-03| val metric 0: 0.002052 | best val: 0.002034 at epoch 405 | current lr: 1.222e-04
epoch: [410/500] | loss 0: 0.004932 | loss 1: 0.000000 | current lr: 1.197e-04
| loss 0: 4.932e-03| val metric 0: 0.002035 | best val: 0.002034 at epoch 405 | current lr: 1.197e-04
epoch: [411/500] | loss 0: 0.004909 | loss 1: 0.000000 | current lr: 1.171e-04
| loss 0: 4.909e-03| val metric 0: 0.002025 | best val: 0.002025 at epoch 411 | current lr: 1.171e-04
epoch: [412/500] | loss 0: 0.004895 | loss 1: 0.000000 | current lr: 1.146e-04
| loss 0: 4.895e-03| val metric 0: 0.002018 | best val: 0.002018 at epoch 412 | current lr: 1.146e-04
epoch: [413/500] | loss 0: 0.004882 | loss 1: 0.000000 | current lr: 1.121e-04
| loss 0: 4.882e-03| val metric 0: 0.002011 | best val: 0.002011 at epoch 413 | current lr: 1.121e-04
epoch: [414/500] | loss 0: 0.004870 | loss 1: 0.000000 | current lr: 1.097e-04
| loss 0: 4.870e-03| val metric 0: 0.002006 | best val: 0.002006 at epoch 414 | current lr: 1.097e-04
epoch: [415/500] | loss 0: 0.004860 | loss 1: 0.000000 | current lr: 1.072e-04
| loss 0: 4.860e-03| val metric 0: 0.002003 | best val: 0.002003 at epoch 415 | current lr: 1.072e-04
epoch: [416/500] | loss 0: 0.004853 | loss 1: 0.000000 | current lr: 1.048e-04
| loss 0: 4.853e-03| val metric 0: 0.002000 | best val: 0.002000 at epoch 416 | current lr: 1.048e-04
epoch: [417/500] | loss 0: 0.004846 | loss 1: 0.000000 | current lr: 1.024e-04
| loss 0: 4.846e-03| val metric 0: 0.001998 | best val: 0.001998 at epoch 417 | current lr: 1.024e-04
epoch: [418/500] | loss 0: 0.004841 | loss 1: 0.000000 | current lr: 1.000e-04
| loss 0: 4.841e-03| val metric 0: 0.001997 | best val: 0.001997 at epoch 418 | current lr: 1.000e-04
epoch: [419/500] | loss 0: 0.004837 | loss 1: 0.000000 | current lr: 9.770e-05
| loss 0: 4.837e-03| val metric 0: 0.001995 | best val: 0.001995 at epoch 419 | current lr: 9.770e-05
epoch: [420/500] | loss 0: 0.004833 | loss 1: 0.000000 | current lr: 9.538e-05
| loss 0: 4.833e-03| val metric 0: 0.001993 | best val: 0.001993 at epoch 420 | current lr: 9.538e-05
epoch: [421/500] | loss 0: 0.004829 | loss 1: 0.000000 | current lr: 9.308e-05
| loss 0: 4.829e-03| val metric 0: 0.001992 | best val: 0.001992 at epoch 421 | current lr: 9.308e-05
epoch: [422/500] | loss 0: 0.004825 | loss 1: 0.000000 | current lr: 9.081e-05
| loss 0: 4.825e-03| val metric 0: 0.001992 | best val: 0.001992 at epoch 422 | current lr: 9.081e-05
epoch: [423/500] | loss 0: 0.004820 | loss 1: 0.000000 | current lr: 8.857e-05
| loss 0: 4.820e-03| val metric 0: 0.001992 | best val: 0.001992 at epoch 422 | current lr: 8.857e-05
epoch: [424/500] | loss 0: 0.004816 | loss 1: 0.000000 | current lr: 8.635e-05
| loss 0: 4.816e-03| val metric 0: 0.001990 | best val: 0.001990 at epoch 424 | current lr: 8.635e-05
epoch: [425/500] | loss 0: 0.004809 | loss 1: 0.000000 | current lr: 8.416e-05
| loss 0: 4.809e-03| val metric 0: 0.001980 | best val: 0.001980 at epoch 425 | current lr: 8.416e-05
epoch: [426/500] | loss 0: 0.004798 | loss 1: 0.000000 | current lr: 8.199e-05
| loss 0: 4.798e-03| val metric 0: 0.001971 | best val: 0.001971 at epoch 426 | current lr: 8.199e-05
epoch: [427/500] | loss 0: 0.004787 | loss 1: 0.000000 | current lr: 7.985e-05
| loss 0: 4.787e-03| val metric 0: 0.001969 | best val: 0.001969 at epoch 427 | current lr: 7.985e-05
epoch: [428/500] | loss 0: 0.004777 | loss 1: 0.000000 | current lr: 7.773e-05
| loss 0: 4.777e-03| val metric 0: 0.001966 | best val: 0.001966 at epoch 428 | current lr: 7.773e-05
epoch: [429/500] | loss 0: 0.004770 | loss 1: 0.000000 | current lr: 7.564e-05
| loss 0: 4.770e-03| val metric 0: 0.001963 | best val: 0.001963 at epoch 429 | current lr: 7.564e-05
epoch: [430/500] | loss 0: 0.004766 | loss 1: 0.000000 | current lr: 7.358e-05
| loss 0: 4.766e-03| val metric 0: 0.001961 | best val: 0.001961 at epoch 430 | current lr: 7.358e-05
epoch: [431/500] | loss 0: 0.004760 | loss 1: 0.000000 | current lr: 7.154e-05
| loss 0: 4.760e-03| val metric 0: 0.001960 | best val: 0.001960 at epoch 431 | current lr: 7.154e-05
epoch: [432/500] | loss 0: 0.004756 | loss 1: 0.000000 | current lr: 6.953e-05
| loss 0: 4.756e-03| val metric 0: 0.001959 | best val: 0.001959 at epoch 432 | current lr: 6.953e-05
epoch: [433/500] | loss 0: 0.004753 | loss 1: 0.000000 | current lr: 6.754e-05
| loss 0: 4.753e-03| val metric 0: 0.001957 | best val: 0.001957 at epoch 433 | current lr: 6.754e-05
epoch: [434/500] | loss 0: 0.004750 | loss 1: 0.000000 | current lr: 6.559e-05
| loss 0: 4.750e-03| val metric 0: 0.001955 | best val: 0.001955 at epoch 434 | current lr: 6.559e-05
epoch: [435/500] | loss 0: 0.004747 | loss 1: 0.000000 | current lr: 6.366e-05
| loss 0: 4.747e-03| val metric 0: 0.001954 | best val: 0.001954 at epoch 435 | current lr: 6.366e-05
epoch: [436/500] | loss 0: 0.004745 | loss 1: 0.000000 | current lr: 6.175e-05
| loss 0: 4.745e-03| val metric 0: 0.001954 | best val: 0.001954 at epoch 436 | current lr: 6.175e-05
epoch: [437/500] | loss 0: 0.004747 | loss 1: 0.000000 | current lr: 5.988e-05
| loss 0: 4.747e-03| val metric 0: 0.001954 | best val: 0.001954 at epoch 436 | current lr: 5.988e-05
epoch: [438/500] | loss 0: 0.004750 | loss 1: 0.000000 | current lr: 5.803e-05
| loss 0: 4.750e-03| val metric 0: 0.001956 | best val: 0.001954 at epoch 436 | current lr: 5.803e-05
epoch: [439/500] | loss 0: 0.004756 | loss 1: 0.000000 | current lr: 5.620e-05
| loss 0: 4.756e-03| val metric 0: 0.001961 | best val: 0.001954 at epoch 436 | current lr: 5.620e-05
epoch: [440/500] | loss 0: 0.004765 | loss 1: 0.000000 | current lr: 5.441e-05
| loss 0: 4.765e-03| val metric 0: 0.001964 | best val: 0.001954 at epoch 436 | current lr: 5.441e-05
epoch: [441/500] | loss 0: 0.004780 | loss 1: 0.000000 | current lr: 5.264e-05
| loss 0: 4.780e-03| val metric 0: 0.001951 | best val: 0.001951 at epoch 441 | current lr: 5.264e-05
epoch: [442/500] | loss 0: 0.004783 | loss 1: 0.000000 | current lr: 5.090e-05
| loss 0: 4.783e-03| val metric 0: 0.001939 | best val: 0.001939 at epoch 442 | current lr: 5.090e-05
epoch: [443/500] | loss 0: 0.004754 | loss 1: 0.000000 | current lr: 4.919e-05
| loss 0: 4.754e-03| val metric 0: 0.001948 | best val: 0.001939 at epoch 442 | current lr: 4.919e-05
epoch: [444/500] | loss 0: 0.004723 | loss 1: 0.000000 | current lr: 4.750e-05
| loss 0: 4.723e-03| val metric 0: 0.001946 | best val: 0.001939 at epoch 442 | current lr: 4.750e-05
epoch: [445/500] | loss 0: 0.004708 | loss 1: 0.000000 | current lr: 4.585e-05
| loss 0: 4.708e-03| val metric 0: 0.001941 | best val: 0.001939 at epoch 442 | current lr: 4.585e-05
epoch: [446/500] | loss 0: 0.004704 | loss 1: 0.000000 | current lr: 4.422e-05
| loss 0: 4.704e-03| val metric 0: 0.001938 | best val: 0.001938 at epoch 446 | current lr: 4.422e-05
epoch: [447/500] | loss 0: 0.004696 | loss 1: 0.000000 | current lr: 4.262e-05
| loss 0: 4.696e-03| val metric 0: 0.001934 | best val: 0.001934 at epoch 447 | current lr: 4.262e-05
epoch: [448/500] | loss 0: 0.004688 | loss 1: 0.000000 | current lr: 4.104e-05
| loss 0: 4.688e-03| val metric 0: 0.001932 | best val: 0.001932 at epoch 448 | current lr: 4.104e-05
epoch: [449/500] | loss 0: 0.004683 | loss 1: 0.000000 | current lr: 3.950e-05
| loss 0: 4.683e-03| val metric 0: 0.001931 | best val: 0.001931 at epoch 449 | current lr: 3.950e-05
epoch: [450/500] | loss 0: 0.004679 | loss 1: 0.000000 | current lr: 3.799e-05
| loss 0: 4.679e-03| val metric 0: 0.001930 | best val: 0.001930 at epoch 450 | current lr: 3.799e-05
epoch: [451/500] | loss 0: 0.004676 | loss 1: 0.000000 | current lr: 3.650e-05
| loss 0: 4.676e-03| val metric 0: 0.001928 | best val: 0.001928 at epoch 451 | current lr: 3.650e-05
epoch: [452/500] | loss 0: 0.004673 | loss 1: 0.000000 | current lr: 3.504e-05
| loss 0: 4.673e-03| val metric 0: 0.001928 | best val: 0.001928 at epoch 452 | current lr: 3.504e-05
epoch: [453/500] | loss 0: 0.004671 | loss 1: 0.000000 | current lr: 3.361e-05
| loss 0: 4.671e-03| val metric 0: 0.001927 | best val: 0.001927 at epoch 453 | current lr: 3.361e-05
epoch: [454/500] | loss 0: 0.004669 | loss 1: 0.000000 | current lr: 3.221e-05
| loss 0: 4.669e-03| val metric 0: 0.001926 | best val: 0.001926 at epoch 454 | current lr: 3.221e-05
epoch: [455/500] | loss 0: 0.004669 | loss 1: 0.000000 | current lr: 3.084e-05
| loss 0: 4.669e-03| val metric 0: 0.001925 | best val: 0.001925 at epoch 455 | current lr: 3.084e-05
epoch: [456/500] | loss 0: 0.004670 | loss 1: 0.000000 | current lr: 2.949e-05
| loss 0: 4.670e-03| val metric 0: 0.001923 | best val: 0.001923 at epoch 456 | current lr: 2.949e-05
epoch: [457/500] | loss 0: 0.004672 | loss 1: 0.000000 | current lr: 2.818e-05
| loss 0: 4.672e-03| val metric 0: 0.001921 | best val: 0.001921 at epoch 457 | current lr: 2.818e-05
epoch: [458/500] | loss 0: 0.004674 | loss 1: 0.000000 | current lr: 2.689e-05
| loss 0: 4.674e-03| val metric 0: 0.001920 | best val: 0.001920 at epoch 458 | current lr: 2.689e-05
epoch: [459/500] | loss 0: 0.004673 | loss 1: 0.000000 | current lr: 2.564e-05
| loss 0: 4.673e-03| val metric 0: 0.001925 | best val: 0.001920 at epoch 458 | current lr: 2.564e-05
epoch: [460/500] | loss 0: 0.004666 | loss 1: 0.000000 | current lr: 2.441e-05
| loss 0: 4.666e-03| val metric 0: 0.001921 | best val: 0.001920 at epoch 458 | current lr: 2.441e-05
epoch: [461/500] | loss 0: 0.004655 | loss 1: 0.000000 | current lr: 2.321e-05
| loss 0: 4.655e-03| val metric 0: 0.001915 | best val: 0.001915 at epoch 461 | current lr: 2.321e-05
epoch: [462/500] | loss 0: 0.004647 | loss 1: 0.000000 | current lr: 2.205e-05
| loss 0: 4.647e-03| val metric 0: 0.001914 | best val: 0.001914 at epoch 462 | current lr: 2.205e-05
epoch: [463/500] | loss 0: 0.004646 | loss 1: 0.000000 | current lr: 2.091e-05
| loss 0: 4.646e-03| val metric 0: 0.001914 | best val: 0.001914 at epoch 463 | current lr: 2.091e-05
epoch: [464/500] | loss 0: 0.004644 | loss 1: 0.000000 | current lr: 1.980e-05
| loss 0: 4.644e-03| val metric 0: 0.001912 | best val: 0.001912 at epoch 464 | current lr: 1.980e-05
epoch: [465/500] | loss 0: 0.004642 | loss 1: 0.000000 | current lr: 1.872e-05
| loss 0: 4.642e-03| val metric 0: 0.001912 | best val: 0.001912 at epoch 465 | current lr: 1.872e-05
epoch: [466/500] | loss 0: 0.004641 | loss 1: 0.000000 | current lr: 1.767e-05
| loss 0: 4.641e-03| val metric 0: 0.001911 | best val: 0.001911 at epoch 466 | current lr: 1.767e-05
epoch: [467/500] | loss 0: 0.004639 | loss 1: 0.000000 | current lr: 1.665e-05
| loss 0: 4.639e-03| val metric 0: 0.001910 | best val: 0.001910 at epoch 467 | current lr: 1.665e-05
epoch: [468/500] | loss 0: 0.004638 | loss 1: 0.000000 | current lr: 1.566e-05
| loss 0: 4.638e-03| val metric 0: 0.001910 | best val: 0.001910 at epoch 468 | current lr: 1.566e-05
epoch: [469/500] | loss 0: 0.004637 | loss 1: 0.000000 | current lr: 1.470e-05
| loss 0: 4.637e-03| val metric 0: 0.001909 | best val: 0.001909 at epoch 469 | current lr: 1.470e-05
epoch: [470/500] | loss 0: 0.004636 | loss 1: 0.000000 | current lr: 1.377e-05
| loss 0: 4.636e-03| val metric 0: 0.001909 | best val: 0.001909 at epoch 470 | current lr: 1.377e-05
epoch: [471/500] | loss 0: 0.004636 | loss 1: 0.000000 | current lr: 1.287e-05
| loss 0: 4.636e-03| val metric 0: 0.001909 | best val: 0.001909 at epoch 471 | current lr: 1.287e-05
epoch: [472/500] | loss 0: 0.004637 | loss 1: 0.000000 | current lr: 1.200e-05
| loss 0: 4.637e-03| val metric 0: 0.001910 | best val: 0.001909 at epoch 471 | current lr: 1.200e-05
epoch: [473/500] | loss 0: 0.004638 | loss 1: 0.000000 | current lr: 1.116e-05
| loss 0: 4.638e-03| val metric 0: 0.001913 | best val: 0.001909 at epoch 471 | current lr: 1.116e-05
epoch: [474/500] | loss 0: 0.004639 | loss 1: 0.000000 | current lr: 1.035e-05
| loss 0: 4.639e-03| val metric 0: 0.001916 | best val: 0.001909 at epoch 471 | current lr: 1.035e-05
epoch: [475/500] | loss 0: 0.004638 | loss 1: 0.000000 | current lr: 9.569e-06
| loss 0: 4.638e-03| val metric 0: 0.001913 | best val: 0.001909 at epoch 471 | current lr: 9.569e-06
epoch: [476/500] | loss 0: 0.004634 | loss 1: 0.000000 | current lr: 8.820e-06
| loss 0: 4.634e-03| val metric 0: 0.001908 | best val: 0.001908 at epoch 476 | current lr: 8.820e-06
epoch: [477/500] | loss 0: 0.004627 | loss 1: 0.000000 | current lr: 8.100e-06
| loss 0: 4.627e-03| val metric 0: 0.001906 | best val: 0.001906 at epoch 477 | current lr: 8.100e-06
epoch: [478/500] | loss 0: 0.004625 | loss 1: 0.000000 | current lr: 7.412e-06
| loss 0: 4.625e-03| val metric 0: 0.001906 | best val: 0.001906 at epoch 477 | current lr: 7.412e-06
epoch: [479/500] | loss 0: 0.004625 | loss 1: 0.000000 | current lr: 6.753e-06
| loss 0: 4.625e-03| val metric 0: 0.001906 | best val: 0.001906 at epoch 479 | current lr: 6.753e-06
epoch: [480/500] | loss 0: 0.004624 | loss 1: 0.000000 | current lr: 6.125e-06
| loss 0: 4.624e-03| val metric 0: 0.001906 | best val: 0.001906 at epoch 480 | current lr: 6.125e-06
epoch: [481/500] | loss 0: 0.004623 | loss 1: 0.000000 | current lr: 5.528e-06
| loss 0: 4.623e-03| val metric 0: 0.001905 | best val: 0.001905 at epoch 481 | current lr: 5.528e-06
epoch: [482/500] | loss 0: 0.004623 | loss 1: 0.000000 | current lr: 4.961e-06
| loss 0: 4.623e-03| val metric 0: 0.001905 | best val: 0.001905 at epoch 482 | current lr: 4.961e-06
epoch: [483/500] | loss 0: 0.004622 | loss 1: 0.000000 | current lr: 4.424e-06
| loss 0: 4.622e-03| val metric 0: 0.001905 | best val: 0.001905 at epoch 483 | current lr: 4.424e-06
epoch: [484/500] | loss 0: 0.004623 | loss 1: 0.000000 | current lr: 3.918e-06
| loss 0: 4.623e-03| val metric 0: 0.001904 | best val: 0.001904 at epoch 484 | current lr: 3.918e-06
epoch: [485/500] | loss 0: 0.004623 | loss 1: 0.000000 | current lr: 3.443e-06
| loss 0: 4.623e-03| val metric 0: 0.001904 | best val: 0.001904 at epoch 485 | current lr: 3.443e-06
epoch: [486/500] | loss 0: 0.004622 | loss 1: 0.000000 | current lr: 2.998e-06
| loss 0: 4.622e-03| val metric 0: 0.001904 | best val: 0.001904 at epoch 485 | current lr: 2.998e-06
epoch: [487/500] | loss 0: 0.004621 | loss 1: 0.000000 | current lr: 2.584e-06
| loss 0: 4.621e-03| val metric 0: 0.001904 | best val: 0.001904 at epoch 485 | current lr: 2.584e-06
epoch: [488/500] | loss 0: 0.004620 | loss 1: 0.000000 | current lr: 2.201e-06
| loss 0: 4.620e-03| val metric 0: 0.001903 | best val: 0.001903 at epoch 488 | current lr: 2.201e-06
epoch: [489/500] | loss 0: 0.004619 | loss 1: 0.000000 | current lr: 1.848e-06
| loss 0: 4.619e-03| val metric 0: 0.001903 | best val: 0.001903 at epoch 489 | current lr: 1.848e-06
epoch: [490/500] | loss 0: 0.004619 | loss 1: 0.000000 | current lr: 1.526e-06
| loss 0: 4.619e-03| val metric 0: 0.001903 | best val: 0.001903 at epoch 490 | current lr: 1.526e-06
epoch: [491/500] | loss 0: 0.004619 | loss 1: 0.000000 | current lr: 1.235e-06
| loss 0: 4.619e-03| val metric 0: 0.001903 | best val: 0.001903 at epoch 491 | current lr: 1.235e-06
epoch: [492/500] | loss 0: 0.004618 | loss 1: 0.000000 | current lr: 9.744e-07
| loss 0: 4.618e-03| val metric 0: 0.001903 | best val: 0.001903 at epoch 492 | current lr: 9.744e-07
epoch: [493/500] | loss 0: 0.004618 | loss 1: 0.000000 | current lr: 7.447e-07
| loss 0: 4.618e-03| val metric 0: 0.001903 | best val: 0.001903 at epoch 493 | current lr: 7.447e-07
epoch: [494/500] | loss 0: 0.004618 | loss 1: 0.000000 | current lr: 5.459e-07
| loss 0: 4.618e-03| val metric 0: 0.001903 | best val: 0.001903 at epoch 494 | current lr: 5.459e-07
epoch: [495/500] | loss 0: 0.004618 | loss 1: 0.000000 | current lr: 3.778e-07
| loss 0: 4.618e-03| val metric 0: 0.001903 | best val: 0.001903 at epoch 495 | current lr: 3.778e-07
epoch: [496/500] | loss 0: 0.004618 | loss 1: 0.000000 | current lr: 2.406e-07
| loss 0: 4.618e-03| val metric 0: 0.001903 | best val: 0.001903 at epoch 496 | current lr: 2.406e-07
epoch: [497/500] | loss 0: 0.004618 | loss 1: 0.000000 | current lr: 1.342e-07
| loss 0: 4.618e-03| val metric 0: 0.001903 | best val: 0.001903 at epoch 497 | current lr: 1.342e-07
epoch: [498/500] | loss 0: 0.004618 | loss 1: 0.000000 | current lr: 5.865e-08
| loss 0: 4.618e-03| val metric 0: 0.001903 | best val: 0.001903 at epoch 498 | current lr: 5.865e-08
epoch: [499/500] | loss 0: 0.004618 | loss 1: 0.000000 | current lr: 1.393e-08
| loss 0: 4.618e-03| val metric 0: 0.001903 | best val: 0.001903 at epoch 499 | current lr: 1.393e-08
epoch: [500/500] | loss 0: 0.004618 | loss 1: 0.000000 | current lr: 4.855e-11
| loss 0: 4.618e-03| val metric 0: 0.001903 | best val: 0.001903 at epoch 499 | current lr: 4.855e-11
Training takes 1413.6211490631104 seconds.
