Namespace(dataset='diffr3d', component='all', seed=2023, gpu=0, use_tb=0, comment='rel2', train_num='all', test_num='all', sort_data=0, normalize_x='unit', use_normalizer='unit', epochs=500, optimizer='AdamW', lr=0.001, weight_decay=5e-05, grad_clip='1000.0', batch_size=50, val_batch_size=8, no_cuda=False, lr_method='cycle', lr_step_size=50, warmup_epochs=50, loss_name='rel2', model_name='GNOT', n_hidden=32, n_layers=4, act='gelu', n_head=1, ffn_dropout=0.0, attn_dropout=0.0, mlp_layers=3, attn_type='linear', hfourier_dim=0, n_experts=1, branch_sizes=[2], n_inner=4)
Load dataset finished 0.1690049171447754
Training with 1000 samples
Target features are normalized using unit transformer
tensor([[0.7733]]) tensor([[0.3227]])
Target features are normalized using unit transformer
Input features are normalized using unit transformer
Load dataset finished 0.04330945014953613
Testing with 200 samples
Target features are normalized using unit transformer
Input features are normalized using unit transformer
3


The following code snippets have been run.
==================================================

    os.environ['PYTHONHASHSEED'] = str(2023)
    numpy.random.seed(2023)
    torch.manual_seed(2023)
    torch.cuda.manual_seed(2023)
    torch.backends.cudnn.deterministic = True
    torch.backends.cudnn.benchmark = False
    if torch.cuda.is_available():
        torch.cuda.manual_seed_all(2023)
    
==================================================
Using Linear Attention
Using Linear Attention
Using Linear Attention
Using Linear Attention

Model: MIOEGPT	 Number of params: 183525
Saving model and result in ./../models/checkpoints/diffr3d_all_MIOEGPTrel2_0917_02_38_43.pt

Using cycle learning rate schedule
epoch: [1/500] | loss 0: 2.181294 | loss 1: 0.000000 | current lr: 3.469e-07
| loss 0: 2.181e+00| val metric 0: 0.886052 | best val: 0.886052 at epoch 1 | current lr: 3.469e-07
epoch: [2/500] | loss 0: 2.128572 | loss 1: 0.000000 | current lr: 1.088e-06
| loss 0: 2.129e+00| val metric 0: 0.849905 | best val: 0.849905 at epoch 2 | current lr: 1.088e-06
epoch: [3/500] | loss 0: 1.977131 | loss 1: 0.000000 | current lr: 2.321e-06
| loss 0: 1.977e+00| val metric 0: 0.764570 | best val: 0.764570 at epoch 3 | current lr: 2.321e-06
epoch: [4/500] | loss 0: 1.683608 | loss 1: 0.000000 | current lr: 4.046e-06
| loss 0: 1.684e+00| val metric 0: 0.622819 | best val: 0.622819 at epoch 4 | current lr: 4.046e-06
epoch: [5/500] | loss 0: 1.275815 | loss 1: 0.000000 | current lr: 6.261e-06
| loss 0: 1.276e+00| val metric 0: 0.460306 | best val: 0.460306 at epoch 5 | current lr: 6.261e-06
epoch: [6/500] | loss 0: 0.926860 | loss 1: 0.000000 | current lr: 8.964e-06
| loss 0: 9.269e-01| val metric 0: 0.360700 | best val: 0.360700 at epoch 6 | current lr: 8.964e-06
epoch: [7/500] | loss 0: 0.793791 | loss 1: 0.000000 | current lr: 1.215e-05
| loss 0: 7.938e-01| val metric 0: 0.327150 | best val: 0.327150 at epoch 7 | current lr: 1.215e-05
epoch: [8/500] | loss 0: 0.736599 | loss 1: 0.000000 | current lr: 1.582e-05
| loss 0: 7.366e-01| val metric 0: 0.297200 | best val: 0.297200 at epoch 8 | current lr: 1.582e-05
epoch: [9/500] | loss 0: 0.650159 | loss 1: 0.000000 | current lr: 1.997e-05
| loss 0: 6.502e-01| val metric 0: 0.268618 | best val: 0.268618 at epoch 9 | current lr: 1.997e-05
epoch: [10/500] | loss 0: 0.560598 | loss 1: 0.000000 | current lr: 2.459e-05
| loss 0: 5.606e-01| val metric 0: 0.221599 | best val: 0.221599 at epoch 10 | current lr: 2.459e-05
epoch: [11/500] | loss 0: 0.465716 | loss 1: 0.000000 | current lr: 2.969e-05
| loss 0: 4.657e-01| val metric 0: 0.183475 | best val: 0.183475 at epoch 11 | current lr: 2.969e-05
epoch: [12/500] | loss 0: 0.386330 | loss 1: 0.000000 | current lr: 3.524e-05
| loss 0: 3.863e-01| val metric 0: 0.149118 | best val: 0.149118 at epoch 12 | current lr: 3.524e-05
epoch: [13/500] | loss 0: 0.325579 | loss 1: 0.000000 | current lr: 4.126e-05
| loss 0: 3.256e-01| val metric 0: 0.130995 | best val: 0.130995 at epoch 13 | current lr: 4.126e-05
epoch: [14/500] | loss 0: 0.293127 | loss 1: 0.000000 | current lr: 4.773e-05
| loss 0: 2.931e-01| val metric 0: 0.116760 | best val: 0.116760 at epoch 14 | current lr: 4.773e-05
epoch: [15/500] | loss 0: 0.268801 | loss 1: 0.000000 | current lr: 5.464e-05
| loss 0: 2.688e-01| val metric 0: 0.106078 | best val: 0.106078 at epoch 15 | current lr: 5.464e-05
epoch: [16/500] | loss 0: 0.246161 | loss 1: 0.000000 | current lr: 6.200e-05
| loss 0: 2.462e-01| val metric 0: 0.096010 | best val: 0.096010 at epoch 16 | current lr: 6.200e-05
epoch: [17/500] | loss 0: 0.221771 | loss 1: 0.000000 | current lr: 6.979e-05
| loss 0: 2.218e-01| val metric 0: 0.084670 | best val: 0.084670 at epoch 17 | current lr: 6.979e-05
epoch: [18/500] | loss 0: 0.190542 | loss 1: 0.000000 | current lr: 7.800e-05
| loss 0: 1.905e-01| val metric 0: 0.070145 | best val: 0.070145 at epoch 18 | current lr: 7.800e-05
epoch: [19/500] | loss 0: 0.155625 | loss 1: 0.000000 | current lr: 8.663e-05
| loss 0: 1.556e-01| val metric 0: 0.057968 | best val: 0.057968 at epoch 19 | current lr: 8.663e-05
epoch: [20/500] | loss 0: 0.132445 | loss 1: 0.000000 | current lr: 9.567e-05
| loss 0: 1.324e-01| val metric 0: 0.050647 | best val: 0.050647 at epoch 20 | current lr: 9.567e-05
epoch: [21/500] | loss 0: 0.120870 | loss 1: 0.000000 | current lr: 1.051e-04
| loss 0: 1.209e-01| val metric 0: 0.046947 | best val: 0.046947 at epoch 21 | current lr: 1.051e-04
epoch: [22/500] | loss 0: 0.115515 | loss 1: 0.000000 | current lr: 1.149e-04
| loss 0: 1.155e-01| val metric 0: 0.045466 | best val: 0.045466 at epoch 22 | current lr: 1.149e-04
epoch: [23/500] | loss 0: 0.111380 | loss 1: 0.000000 | current lr: 1.252e-04
| loss 0: 1.114e-01| val metric 0: 0.043428 | best val: 0.043428 at epoch 23 | current lr: 1.252e-04
epoch: [24/500] | loss 0: 0.109934 | loss 1: 0.000000 | current lr: 1.357e-04
| loss 0: 1.099e-01| val metric 0: 0.042665 | best val: 0.042665 at epoch 24 | current lr: 1.357e-04
epoch: [25/500] | loss 0: 0.108295 | loss 1: 0.000000 | current lr: 1.467e-04
| loss 0: 1.083e-01| val metric 0: 0.042146 | best val: 0.042146 at epoch 25 | current lr: 1.467e-04
epoch: [26/500] | loss 0: 0.113111 | loss 1: 0.000000 | current lr: 1.580e-04
| loss 0: 1.131e-01| val metric 0: 0.045434 | best val: 0.042146 at epoch 25 | current lr: 1.580e-04
epoch: [27/500] | loss 0: 0.107763 | loss 1: 0.000000 | current lr: 1.696e-04
| loss 0: 1.078e-01| val metric 0: 0.042411 | best val: 0.042146 at epoch 25 | current lr: 1.696e-04
epoch: [28/500] | loss 0: 0.112679 | loss 1: 0.000000 | current lr: 1.815e-04
| loss 0: 1.127e-01| val metric 0: 0.042678 | best val: 0.042146 at epoch 25 | current lr: 1.815e-04
epoch: [29/500] | loss 0: 0.107484 | loss 1: 0.000000 | current lr: 1.938e-04
| loss 0: 1.075e-01| val metric 0: 0.041113 | best val: 0.041113 at epoch 29 | current lr: 1.938e-04
epoch: [30/500] | loss 0: 0.106024 | loss 1: 0.000000 | current lr: 2.064e-04
| loss 0: 1.060e-01| val metric 0: 0.041819 | best val: 0.041113 at epoch 29 | current lr: 2.064e-04
epoch: [31/500] | loss 0: 0.109095 | loss 1: 0.000000 | current lr: 2.192e-04
| loss 0: 1.091e-01| val metric 0: 0.041068 | best val: 0.041068 at epoch 31 | current lr: 2.192e-04
epoch: [32/500] | loss 0: 0.107983 | loss 1: 0.000000 | current lr: 2.324e-04
| loss 0: 1.080e-01| val metric 0: 0.047979 | best val: 0.041068 at epoch 31 | current lr: 2.324e-04
epoch: [33/500] | loss 0: 0.113394 | loss 1: 0.000000 | current lr: 2.458e-04
| loss 0: 1.134e-01| val metric 0: 0.042352 | best val: 0.041068 at epoch 31 | current lr: 2.458e-04
epoch: [34/500] | loss 0: 0.119985 | loss 1: 0.000000 | current lr: 2.594e-04
| loss 0: 1.200e-01| val metric 0: 0.040678 | best val: 0.040678 at epoch 34 | current lr: 2.594e-04
epoch: [35/500] | loss 0: 0.115173 | loss 1: 0.000000 | current lr: 2.733e-04
| loss 0: 1.152e-01| val metric 0: 0.042080 | best val: 0.040678 at epoch 34 | current lr: 2.733e-04
epoch: [36/500] | loss 0: 0.115220 | loss 1: 0.000000 | current lr: 2.874e-04
| loss 0: 1.152e-01| val metric 0: 0.041028 | best val: 0.040678 at epoch 34 | current lr: 2.874e-04
epoch: [37/500] | loss 0: 0.113201 | loss 1: 0.000000 | current lr: 3.018e-04
| loss 0: 1.132e-01| val metric 0: 0.042404 | best val: 0.040678 at epoch 34 | current lr: 3.018e-04
epoch: [38/500] | loss 0: 0.107106 | loss 1: 0.000000 | current lr: 3.163e-04
| loss 0: 1.071e-01| val metric 0: 0.040943 | best val: 0.040678 at epoch 34 | current lr: 3.163e-04
epoch: [39/500] | loss 0: 0.108080 | loss 1: 0.000000 | current lr: 3.310e-04
| loss 0: 1.081e-01| val metric 0: 0.040905 | best val: 0.040678 at epoch 34 | current lr: 3.310e-04
epoch: [40/500] | loss 0: 0.110085 | loss 1: 0.000000 | current lr: 3.459e-04
| loss 0: 1.101e-01| val metric 0: 0.040663 | best val: 0.040663 at epoch 40 | current lr: 3.459e-04
epoch: [41/500] | loss 0: 0.112181 | loss 1: 0.000000 | current lr: 3.609e-04
| loss 0: 1.122e-01| val metric 0: 0.043120 | best val: 0.040663 at epoch 40 | current lr: 3.609e-04
epoch: [42/500] | loss 0: 0.109697 | loss 1: 0.000000 | current lr: 3.760e-04
| loss 0: 1.097e-01| val metric 0: 0.045821 | best val: 0.040663 at epoch 40 | current lr: 3.760e-04
epoch: [43/500] | loss 0: 0.113512 | loss 1: 0.000000 | current lr: 3.913e-04
| loss 0: 1.135e-01| val metric 0: 0.040490 | best val: 0.040490 at epoch 43 | current lr: 3.913e-04
epoch: [44/500] | loss 0: 0.122009 | loss 1: 0.000000 | current lr: 4.067e-04
| loss 0: 1.220e-01| val metric 0: 0.040707 | best val: 0.040490 at epoch 43 | current lr: 4.067e-04
epoch: [45/500] | loss 0: 0.118811 | loss 1: 0.000000 | current lr: 4.222e-04
| loss 0: 1.188e-01| val metric 0: 0.040684 | best val: 0.040490 at epoch 43 | current lr: 4.222e-04
epoch: [46/500] | loss 0: 0.113584 | loss 1: 0.000000 | current lr: 4.377e-04
| loss 0: 1.136e-01| val metric 0: 0.040491 | best val: 0.040490 at epoch 43 | current lr: 4.377e-04
epoch: [47/500] | loss 0: 0.115140 | loss 1: 0.000000 | current lr: 4.534e-04
| loss 0: 1.151e-01| val metric 0: 0.040859 | best val: 0.040490 at epoch 43 | current lr: 4.534e-04
epoch: [48/500] | loss 0: 0.108164 | loss 1: 0.000000 | current lr: 4.690e-04
| loss 0: 1.082e-01| val metric 0: 0.039922 | best val: 0.039922 at epoch 48 | current lr: 4.690e-04
epoch: [49/500] | loss 0: 0.109795 | loss 1: 0.000000 | current lr: 4.847e-04
| loss 0: 1.098e-01| val metric 0: 0.046328 | best val: 0.039922 at epoch 48 | current lr: 4.847e-04
epoch: [50/500] | loss 0: 0.117905 | loss 1: 0.000000 | current lr: 5.004e-04
| loss 0: 1.179e-01| val metric 0: 0.046554 | best val: 0.039922 at epoch 48 | current lr: 5.004e-04
epoch: [51/500] | loss 0: 0.114660 | loss 1: 0.000000 | current lr: 5.162e-04
| loss 0: 1.147e-01| val metric 0: 0.045274 | best val: 0.039922 at epoch 48 | current lr: 5.162e-04
epoch: [52/500] | loss 0: 0.108594 | loss 1: 0.000000 | current lr: 5.318e-04
| loss 0: 1.086e-01| val metric 0: 0.039632 | best val: 0.039632 at epoch 52 | current lr: 5.318e-04
epoch: [53/500] | loss 0: 0.110156 | loss 1: 0.000000 | current lr: 5.475e-04
| loss 0: 1.102e-01| val metric 0: 0.040945 | best val: 0.039632 at epoch 52 | current lr: 5.475e-04
epoch: [54/500] | loss 0: 0.106660 | loss 1: 0.000000 | current lr: 5.631e-04
| loss 0: 1.067e-01| val metric 0: 0.038451 | best val: 0.038451 at epoch 54 | current lr: 5.631e-04
epoch: [55/500] | loss 0: 0.103573 | loss 1: 0.000000 | current lr: 5.787e-04
| loss 0: 1.036e-01| val metric 0: 0.038788 | best val: 0.038451 at epoch 54 | current lr: 5.787e-04
epoch: [56/500] | loss 0: 0.109293 | loss 1: 0.000000 | current lr: 5.942e-04
| loss 0: 1.093e-01| val metric 0: 0.035299 | best val: 0.035299 at epoch 56 | current lr: 5.942e-04
epoch: [57/500] | loss 0: 0.120195 | loss 1: 0.000000 | current lr: 6.095e-04
| loss 0: 1.202e-01| val metric 0: 0.045082 | best val: 0.035299 at epoch 56 | current lr: 6.095e-04
epoch: [58/500] | loss 0: 0.105448 | loss 1: 0.000000 | current lr: 6.248e-04
| loss 0: 1.054e-01| val metric 0: 0.034636 | best val: 0.034636 at epoch 58 | current lr: 6.248e-04
epoch: [59/500] | loss 0: 0.104141 | loss 1: 0.000000 | current lr: 6.400e-04
| loss 0: 1.041e-01| val metric 0: 0.041384 | best val: 0.034636 at epoch 58 | current lr: 6.400e-04
epoch: [60/500] | loss 0: 0.100289 | loss 1: 0.000000 | current lr: 6.550e-04
| loss 0: 1.003e-01| val metric 0: 0.030424 | best val: 0.030424 at epoch 60 | current lr: 6.550e-04
epoch: [61/500] | loss 0: 0.101544 | loss 1: 0.000000 | current lr: 6.699e-04
| loss 0: 1.015e-01| val metric 0: 0.038821 | best val: 0.030424 at epoch 60 | current lr: 6.699e-04
epoch: [62/500] | loss 0: 0.104646 | loss 1: 0.000000 | current lr: 6.845e-04
| loss 0: 1.046e-01| val metric 0: 0.027593 | best val: 0.027593 at epoch 62 | current lr: 6.845e-04
epoch: [63/500] | loss 0: 0.088085 | loss 1: 0.000000 | current lr: 6.991e-04
| loss 0: 8.808e-02| val metric 0: 0.028869 | best val: 0.027593 at epoch 62 | current lr: 6.991e-04
epoch: [64/500] | loss 0: 0.091244 | loss 1: 0.000000 | current lr: 7.134e-04
| loss 0: 9.124e-02| val metric 0: 0.028842 | best val: 0.027593 at epoch 62 | current lr: 7.134e-04
epoch: [65/500] | loss 0: 0.086368 | loss 1: 0.000000 | current lr: 7.275e-04
| loss 0: 8.637e-02| val metric 0: 0.033786 | best val: 0.027593 at epoch 62 | current lr: 7.275e-04
epoch: [66/500] | loss 0: 0.094749 | loss 1: 0.000000 | current lr: 7.414e-04
| loss 0: 9.475e-02| val metric 0: 0.031372 | best val: 0.027593 at epoch 62 | current lr: 7.414e-04
epoch: [67/500] | loss 0: 0.150259 | loss 1: 0.000000 | current lr: 7.550e-04
| loss 0: 1.503e-01| val metric 0: 0.046746 | best val: 0.027593 at epoch 62 | current lr: 7.550e-04
epoch: [68/500] | loss 0: 0.122622 | loss 1: 0.000000 | current lr: 7.684e-04
| loss 0: 1.226e-01| val metric 0: 0.041249 | best val: 0.027593 at epoch 62 | current lr: 7.684e-04
epoch: [69/500] | loss 0: 0.077249 | loss 1: 0.000000 | current lr: 7.815e-04
| loss 0: 7.725e-02| val metric 0: 0.036834 | best val: 0.027593 at epoch 62 | current lr: 7.815e-04
epoch: [70/500] | loss 0: 0.087988 | loss 1: 0.000000 | current lr: 7.944e-04
| loss 0: 8.799e-02| val metric 0: 0.072592 | best val: 0.027593 at epoch 62 | current lr: 7.944e-04
epoch: [71/500] | loss 0: 0.109052 | loss 1: 0.000000 | current lr: 8.069e-04
| loss 0: 1.091e-01| val metric 0: 0.033287 | best val: 0.027593 at epoch 62 | current lr: 8.069e-04
epoch: [72/500] | loss 0: 0.068601 | loss 1: 0.000000 | current lr: 8.192e-04
| loss 0: 6.860e-02| val metric 0: 0.033857 | best val: 0.027593 at epoch 62 | current lr: 8.192e-04
epoch: [73/500] | loss 0: 0.073447 | loss 1: 0.000000 | current lr: 8.311e-04
| loss 0: 7.345e-02| val metric 0: 0.027013 | best val: 0.027013 at epoch 73 | current lr: 8.311e-04
epoch: [74/500] | loss 0: 0.069690 | loss 1: 0.000000 | current lr: 8.427e-04
| loss 0: 6.969e-02| val metric 0: 0.024208 | best val: 0.024208 at epoch 74 | current lr: 8.427e-04
epoch: [75/500] | loss 0: 0.072456 | loss 1: 0.000000 | current lr: 8.540e-04
| loss 0: 7.246e-02| val metric 0: 0.018835 | best val: 0.018835 at epoch 75 | current lr: 8.540e-04
epoch: [76/500] | loss 0: 0.063227 | loss 1: 0.000000 | current lr: 8.649e-04
| loss 0: 6.323e-02| val metric 0: 0.037096 | best val: 0.018835 at epoch 75 | current lr: 8.649e-04
epoch: [77/500] | loss 0: 0.062171 | loss 1: 0.000000 | current lr: 8.755e-04
| loss 0: 6.217e-02| val metric 0: 0.019242 | best val: 0.018835 at epoch 75 | current lr: 8.755e-04
epoch: [78/500] | loss 0: 0.058335 | loss 1: 0.000000 | current lr: 8.857e-04
| loss 0: 5.834e-02| val metric 0: 0.014360 | best val: 0.014360 at epoch 78 | current lr: 8.857e-04
epoch: [79/500] | loss 0: 0.087501 | loss 1: 0.000000 | current lr: 8.955e-04
| loss 0: 8.750e-02| val metric 0: 0.021437 | best val: 0.014360 at epoch 78 | current lr: 8.955e-04
epoch: [80/500] | loss 0: 0.102952 | loss 1: 0.000000 | current lr: 9.049e-04
| loss 0: 1.030e-01| val metric 0: 0.033558 | best val: 0.014360 at epoch 78 | current lr: 9.049e-04
epoch: [81/500] | loss 0: 0.051018 | loss 1: 0.000000 | current lr: 9.139e-04
| loss 0: 5.102e-02| val metric 0: 0.014589 | best val: 0.014360 at epoch 78 | current lr: 9.139e-04
epoch: [82/500] | loss 0: 0.061905 | loss 1: 0.000000 | current lr: 9.225e-04
| loss 0: 6.191e-02| val metric 0: 0.016421 | best val: 0.014360 at epoch 78 | current lr: 9.225e-04
epoch: [83/500] | loss 0: 0.059763 | loss 1: 0.000000 | current lr: 9.307e-04
| loss 0: 5.976e-02| val metric 0: 0.030192 | best val: 0.014360 at epoch 78 | current lr: 9.307e-04
epoch: [84/500] | loss 0: 0.052674 | loss 1: 0.000000 | current lr: 9.385e-04
| loss 0: 5.267e-02| val metric 0: 0.016671 | best val: 0.014360 at epoch 78 | current lr: 9.385e-04
epoch: [85/500] | loss 0: 0.053126 | loss 1: 0.000000 | current lr: 9.458e-04
| loss 0: 5.313e-02| val metric 0: 0.018325 | best val: 0.014360 at epoch 78 | current lr: 9.458e-04
epoch: [86/500] | loss 0: 0.049092 | loss 1: 0.000000 | current lr: 9.527e-04
| loss 0: 4.909e-02| val metric 0: 0.018618 | best val: 0.014360 at epoch 78 | current lr: 9.527e-04
epoch: [87/500] | loss 0: 0.054227 | loss 1: 0.000000 | current lr: 9.592e-04
| loss 0: 5.423e-02| val metric 0: 0.030060 | best val: 0.014360 at epoch 78 | current lr: 9.592e-04
epoch: [88/500] | loss 0: 0.056862 | loss 1: 0.000000 | current lr: 9.651e-04
| loss 0: 5.686e-02| val metric 0: 0.016477 | best val: 0.014360 at epoch 78 | current lr: 9.651e-04
epoch: [89/500] | loss 0: 0.056140 | loss 1: 0.000000 | current lr: 9.707e-04
| loss 0: 5.614e-02| val metric 0: 0.036310 | best val: 0.014360 at epoch 78 | current lr: 9.707e-04
epoch: [90/500] | loss 0: 0.057629 | loss 1: 0.000000 | current lr: 9.757e-04
| loss 0: 5.763e-02| val metric 0: 0.017547 | best val: 0.014360 at epoch 78 | current lr: 9.757e-04
epoch: [91/500] | loss 0: 0.048752 | loss 1: 0.000000 | current lr: 9.803e-04
| loss 0: 4.875e-02| val metric 0: 0.031423 | best val: 0.014360 at epoch 78 | current lr: 9.803e-04
epoch: [92/500] | loss 0: 0.050239 | loss 1: 0.000000 | current lr: 9.845e-04
| loss 0: 5.024e-02| val metric 0: 0.013286 | best val: 0.013286 at epoch 92 | current lr: 9.845e-04
epoch: [93/500] | loss 0: 0.048494 | loss 1: 0.000000 | current lr: 9.881e-04
| loss 0: 4.849e-02| val metric 0: 0.021076 | best val: 0.013286 at epoch 92 | current lr: 9.881e-04
epoch: [94/500] | loss 0: 0.052953 | loss 1: 0.000000 | current lr: 9.913e-04
| loss 0: 5.295e-02| val metric 0: 0.026625 | best val: 0.013286 at epoch 92 | current lr: 9.913e-04
epoch: [95/500] | loss 0: 0.049633 | loss 1: 0.000000 | current lr: 9.940e-04
| loss 0: 4.963e-02| val metric 0: 0.011979 | best val: 0.011979 at epoch 95 | current lr: 9.940e-04
epoch: [96/500] | loss 0: 0.053969 | loss 1: 0.000000 | current lr: 9.962e-04
| loss 0: 5.397e-02| val metric 0: 0.012855 | best val: 0.011979 at epoch 95 | current lr: 9.962e-04
epoch: [97/500] | loss 0: 0.050299 | loss 1: 0.000000 | current lr: 9.979e-04
| loss 0: 5.030e-02| val metric 0: 0.024326 | best val: 0.011979 at epoch 95 | current lr: 9.979e-04
epoch: [98/500] | loss 0: 0.052355 | loss 1: 0.000000 | current lr: 9.991e-04
| loss 0: 5.236e-02| val metric 0: 0.030264 | best val: 0.011979 at epoch 95 | current lr: 9.991e-04
epoch: [99/500] | loss 0: 0.054767 | loss 1: 0.000000 | current lr: 9.998e-04
| loss 0: 5.477e-02| val metric 0: 0.020992 | best val: 0.011979 at epoch 95 | current lr: 9.998e-04
epoch: [100/500] | loss 0: 0.045634 | loss 1: 0.000000 | current lr: 1.000e-03
| loss 0: 4.563e-02| val metric 0: 0.012849 | best val: 0.011979 at epoch 95 | current lr: 1.000e-03
epoch: [101/500] | loss 0: 0.048802 | loss 1: 0.000000 | current lr: 1.000e-03
| loss 0: 4.880e-02| val metric 0: 0.012824 | best val: 0.011979 at epoch 95 | current lr: 1.000e-03
epoch: [102/500] | loss 0: 0.041289 | loss 1: 0.000000 | current lr: 9.999e-04
| loss 0: 4.129e-02| val metric 0: 0.010170 | best val: 0.010170 at epoch 102 | current lr: 9.999e-04
epoch: [103/500] | loss 0: 0.066188 | loss 1: 0.000000 | current lr: 9.999e-04
| loss 0: 6.619e-02| val metric 0: 0.031233 | best val: 0.010170 at epoch 102 | current lr: 9.999e-04
epoch: [104/500] | loss 0: 0.075965 | loss 1: 0.000000 | current lr: 9.997e-04
| loss 0: 7.596e-02| val metric 0: 0.032647 | best val: 0.010170 at epoch 102 | current lr: 9.997e-04
epoch: [105/500] | loss 0: 0.072355 | loss 1: 0.000000 | current lr: 9.996e-04
| loss 0: 7.235e-02| val metric 0: 0.028733 | best val: 0.010170 at epoch 102 | current lr: 9.996e-04
epoch: [106/500] | loss 0: 0.065753 | loss 1: 0.000000 | current lr: 9.994e-04
| loss 0: 6.575e-02| val metric 0: 0.017798 | best val: 0.010170 at epoch 102 | current lr: 9.994e-04
epoch: [107/500] | loss 0: 0.059306 | loss 1: 0.000000 | current lr: 9.992e-04
| loss 0: 5.931e-02| val metric 0: 0.018284 | best val: 0.010170 at epoch 102 | current lr: 9.992e-04
epoch: [108/500] | loss 0: 0.058279 | loss 1: 0.000000 | current lr: 9.990e-04
| loss 0: 5.828e-02| val metric 0: 0.013565 | best val: 0.010170 at epoch 102 | current lr: 9.990e-04
epoch: [109/500] | loss 0: 0.050245 | loss 1: 0.000000 | current lr: 9.987e-04
| loss 0: 5.024e-02| val metric 0: 0.010879 | best val: 0.010170 at epoch 102 | current lr: 9.987e-04
epoch: [110/500] | loss 0: 0.032850 | loss 1: 0.000000 | current lr: 9.984e-04
| loss 0: 3.285e-02| val metric 0: 0.010502 | best val: 0.010170 at epoch 102 | current lr: 9.984e-04
epoch: [111/500] | loss 0: 0.033460 | loss 1: 0.000000 | current lr: 9.981e-04
| loss 0: 3.346e-02| val metric 0: 0.012883 | best val: 0.010170 at epoch 102 | current lr: 9.981e-04
epoch: [112/500] | loss 0: 0.055840 | loss 1: 0.000000 | current lr: 9.978e-04
| loss 0: 5.584e-02| val metric 0: 0.027477 | best val: 0.010170 at epoch 102 | current lr: 9.978e-04
epoch: [113/500] | loss 0: 0.047224 | loss 1: 0.000000 | current lr: 9.974e-04
| loss 0: 4.722e-02| val metric 0: 0.011710 | best val: 0.010170 at epoch 102 | current lr: 9.974e-04
epoch: [114/500] | loss 0: 0.030893 | loss 1: 0.000000 | current lr: 9.970e-04
| loss 0: 3.089e-02| val metric 0: 0.011030 | best val: 0.010170 at epoch 102 | current lr: 9.970e-04
epoch: [115/500] | loss 0: 0.027633 | loss 1: 0.000000 | current lr: 9.965e-04
| loss 0: 2.763e-02| val metric 0: 0.007603 | best val: 0.007603 at epoch 115 | current lr: 9.965e-04
epoch: [116/500] | loss 0: 0.034620 | loss 1: 0.000000 | current lr: 9.960e-04
| loss 0: 3.462e-02| val metric 0: 0.012032 | best val: 0.007603 at epoch 115 | current lr: 9.960e-04
epoch: [117/500] | loss 0: 0.045002 | loss 1: 0.000000 | current lr: 9.955e-04
| loss 0: 4.500e-02| val metric 0: 0.023428 | best val: 0.007603 at epoch 115 | current lr: 9.955e-04
epoch: [118/500] | loss 0: 0.040707 | loss 1: 0.000000 | current lr: 9.950e-04
| loss 0: 4.071e-02| val metric 0: 0.009541 | best val: 0.007603 at epoch 115 | current lr: 9.950e-04
epoch: [119/500] | loss 0: 0.029222 | loss 1: 0.000000 | current lr: 9.944e-04
| loss 0: 2.922e-02| val metric 0: 0.014786 | best val: 0.007603 at epoch 115 | current lr: 9.944e-04
epoch: [120/500] | loss 0: 0.038742 | loss 1: 0.000000 | current lr: 9.938e-04
| loss 0: 3.874e-02| val metric 0: 0.035224 | best val: 0.007603 at epoch 115 | current lr: 9.938e-04
epoch: [121/500] | loss 0: 0.058009 | loss 1: 0.000000 | current lr: 9.932e-04
| loss 0: 5.801e-02| val metric 0: 0.029698 | best val: 0.007603 at epoch 115 | current lr: 9.932e-04
epoch: [122/500] | loss 0: 0.054575 | loss 1: 0.000000 | current lr: 9.925e-04
| loss 0: 5.457e-02| val metric 0: 0.018025 | best val: 0.007603 at epoch 115 | current lr: 9.925e-04
epoch: [123/500] | loss 0: 0.053997 | loss 1: 0.000000 | current lr: 9.918e-04
| loss 0: 5.400e-02| val metric 0: 0.030531 | best val: 0.007603 at epoch 115 | current lr: 9.918e-04
epoch: [124/500] | loss 0: 0.036230 | loss 1: 0.000000 | current lr: 9.911e-04
| loss 0: 3.623e-02| val metric 0: 0.014465 | best val: 0.007603 at epoch 115 | current lr: 9.911e-04
epoch: [125/500] | loss 0: 0.030205 | loss 1: 0.000000 | current lr: 9.904e-04
| loss 0: 3.021e-02| val metric 0: 0.011961 | best val: 0.007603 at epoch 115 | current lr: 9.904e-04
epoch: [126/500] | loss 0: 0.049169 | loss 1: 0.000000 | current lr: 9.896e-04
| loss 0: 4.917e-02| val metric 0: 0.026915 | best val: 0.007603 at epoch 115 | current lr: 9.896e-04
epoch: [127/500] | loss 0: 0.041249 | loss 1: 0.000000 | current lr: 9.888e-04
| loss 0: 4.125e-02| val metric 0: 0.012323 | best val: 0.007603 at epoch 115 | current lr: 9.888e-04
epoch: [128/500] | loss 0: 0.027683 | loss 1: 0.000000 | current lr: 9.879e-04
| loss 0: 2.768e-02| val metric 0: 0.016701 | best val: 0.007603 at epoch 115 | current lr: 9.879e-04
epoch: [129/500] | loss 0: 0.030465 | loss 1: 0.000000 | current lr: 9.870e-04
| loss 0: 3.047e-02| val metric 0: 0.008808 | best val: 0.007603 at epoch 115 | current lr: 9.870e-04
epoch: [130/500] | loss 0: 0.029851 | loss 1: 0.000000 | current lr: 9.861e-04
| loss 0: 2.985e-02| val metric 0: 0.006768 | best val: 0.006768 at epoch 130 | current lr: 9.861e-04
epoch: [131/500] | loss 0: 0.028990 | loss 1: 0.000000 | current lr: 9.852e-04
| loss 0: 2.899e-02| val metric 0: 0.007712 | best val: 0.006768 at epoch 130 | current lr: 9.852e-04
epoch: [132/500] | loss 0: 0.032117 | loss 1: 0.000000 | current lr: 9.842e-04
| loss 0: 3.212e-02| val metric 0: 0.016505 | best val: 0.006768 at epoch 130 | current lr: 9.842e-04
epoch: [133/500] | loss 0: 0.027525 | loss 1: 0.000000 | current lr: 9.832e-04
| loss 0: 2.753e-02| val metric 0: 0.007197 | best val: 0.006768 at epoch 130 | current lr: 9.832e-04
epoch: [134/500] | loss 0: 0.029217 | loss 1: 0.000000 | current lr: 9.822e-04
| loss 0: 2.922e-02| val metric 0: 0.013516 | best val: 0.006768 at epoch 130 | current lr: 9.822e-04
epoch: [135/500] | loss 0: 0.049398 | loss 1: 0.000000 | current lr: 9.812e-04
| loss 0: 4.940e-02| val metric 0: 0.026429 | best val: 0.006768 at epoch 130 | current lr: 9.812e-04
epoch: [136/500] | loss 0: 0.047763 | loss 1: 0.000000 | current lr: 9.801e-04
| loss 0: 4.776e-02| val metric 0: 0.012495 | best val: 0.006768 at epoch 130 | current lr: 9.801e-04
epoch: [137/500] | loss 0: 0.043965 | loss 1: 0.000000 | current lr: 9.790e-04
| loss 0: 4.396e-02| val metric 0: 0.017104 | best val: 0.006768 at epoch 130 | current lr: 9.790e-04
epoch: [138/500] | loss 0: 0.047506 | loss 1: 0.000000 | current lr: 9.778e-04
| loss 0: 4.751e-02| val metric 0: 0.020230 | best val: 0.006768 at epoch 130 | current lr: 9.778e-04
epoch: [139/500] | loss 0: 0.041285 | loss 1: 0.000000 | current lr: 9.767e-04
| loss 0: 4.128e-02| val metric 0: 0.009758 | best val: 0.006768 at epoch 130 | current lr: 9.767e-04
epoch: [140/500] | loss 0: 0.025208 | loss 1: 0.000000 | current lr: 9.755e-04
| loss 0: 2.521e-02| val metric 0: 0.006205 | best val: 0.006205 at epoch 140 | current lr: 9.755e-04
epoch: [141/500] | loss 0: 0.029612 | loss 1: 0.000000 | current lr: 9.742e-04
| loss 0: 2.961e-02| val metric 0: 0.012761 | best val: 0.006205 at epoch 140 | current lr: 9.742e-04
epoch: [142/500] | loss 0: 0.031853 | loss 1: 0.000000 | current lr: 9.730e-04
| loss 0: 3.185e-02| val metric 0: 0.010287 | best val: 0.006205 at epoch 140 | current lr: 9.730e-04
epoch: [143/500] | loss 0: 0.024247 | loss 1: 0.000000 | current lr: 9.717e-04
| loss 0: 2.425e-02| val metric 0: 0.009213 | best val: 0.006205 at epoch 140 | current lr: 9.717e-04
epoch: [144/500] | loss 0: 0.031072 | loss 1: 0.000000 | current lr: 9.704e-04
| loss 0: 3.107e-02| val metric 0: 0.013045 | best val: 0.006205 at epoch 140 | current lr: 9.704e-04
epoch: [145/500] | loss 0: 0.039959 | loss 1: 0.000000 | current lr: 9.690e-04
| loss 0: 3.996e-02| val metric 0: 0.022652 | best val: 0.006205 at epoch 140 | current lr: 9.690e-04
epoch: [146/500] | loss 0: 0.040973 | loss 1: 0.000000 | current lr: 9.677e-04
| loss 0: 4.097e-02| val metric 0: 0.013085 | best val: 0.006205 at epoch 140 | current lr: 9.677e-04
epoch: [147/500] | loss 0: 0.043037 | loss 1: 0.000000 | current lr: 9.662e-04
| loss 0: 4.304e-02| val metric 0: 0.018310 | best val: 0.006205 at epoch 140 | current lr: 9.662e-04
epoch: [148/500] | loss 0: 0.040785 | loss 1: 0.000000 | current lr: 9.648e-04
| loss 0: 4.079e-02| val metric 0: 0.013543 | best val: 0.006205 at epoch 140 | current lr: 9.648e-04
epoch: [149/500] | loss 0: 0.041451 | loss 1: 0.000000 | current lr: 9.634e-04
| loss 0: 4.145e-02| val metric 0: 0.020970 | best val: 0.006205 at epoch 140 | current lr: 9.634e-04
epoch: [150/500] | loss 0: 0.039500 | loss 1: 0.000000 | current lr: 9.619e-04
| loss 0: 3.950e-02| val metric 0: 0.017289 | best val: 0.006205 at epoch 140 | current lr: 9.619e-04
epoch: [151/500] | loss 0: 0.039909 | loss 1: 0.000000 | current lr: 9.603e-04
| loss 0: 3.991e-02| val metric 0: 0.017683 | best val: 0.006205 at epoch 140 | current lr: 9.603e-04
epoch: [152/500] | loss 0: 0.039136 | loss 1: 0.000000 | current lr: 9.588e-04
| loss 0: 3.914e-02| val metric 0: 0.015806 | best val: 0.006205 at epoch 140 | current lr: 9.588e-04
epoch: [153/500] | loss 0: 0.039191 | loss 1: 0.000000 | current lr: 9.572e-04
| loss 0: 3.919e-02| val metric 0: 0.017620 | best val: 0.006205 at epoch 140 | current lr: 9.572e-04
epoch: [154/500] | loss 0: 0.037511 | loss 1: 0.000000 | current lr: 9.556e-04
| loss 0: 3.751e-02| val metric 0: 0.014270 | best val: 0.006205 at epoch 140 | current lr: 9.556e-04
epoch: [155/500] | loss 0: 0.037196 | loss 1: 0.000000 | current lr: 9.540e-04
| loss 0: 3.720e-02| val metric 0: 0.017541 | best val: 0.006205 at epoch 140 | current lr: 9.540e-04
epoch: [156/500] | loss 0: 0.036969 | loss 1: 0.000000 | current lr: 9.523e-04
| loss 0: 3.697e-02| val metric 0: 0.018247 | best val: 0.006205 at epoch 140 | current lr: 9.523e-04
epoch: [157/500] | loss 0: 0.034365 | loss 1: 0.000000 | current lr: 9.506e-04
| loss 0: 3.437e-02| val metric 0: 0.013611 | best val: 0.006205 at epoch 140 | current lr: 9.506e-04
epoch: [158/500] | loss 0: 0.033061 | loss 1: 0.000000 | current lr: 9.489e-04
| loss 0: 3.306e-02| val metric 0: 0.011732 | best val: 0.006205 at epoch 140 | current lr: 9.489e-04
epoch: [159/500] | loss 0: 0.034861 | loss 1: 0.000000 | current lr: 9.472e-04
| loss 0: 3.486e-02| val metric 0: 0.012321 | best val: 0.006205 at epoch 140 | current lr: 9.472e-04
epoch: [160/500] | loss 0: 0.029252 | loss 1: 0.000000 | current lr: 9.454e-04
| loss 0: 2.925e-02| val metric 0: 0.009745 | best val: 0.006205 at epoch 140 | current lr: 9.454e-04
epoch: [161/500] | loss 0: 0.022238 | loss 1: 0.000000 | current lr: 9.436e-04
| loss 0: 2.224e-02| val metric 0: 0.008322 | best val: 0.006205 at epoch 140 | current lr: 9.436e-04
epoch: [162/500] | loss 0: 0.018744 | loss 1: 0.000000 | current lr: 9.418e-04
| loss 0: 1.874e-02| val metric 0: 0.004997 | best val: 0.004997 at epoch 162 | current lr: 9.418e-04
epoch: [163/500] | loss 0: 0.018945 | loss 1: 0.000000 | current lr: 9.399e-04
| loss 0: 1.894e-02| val metric 0: 0.006052 | best val: 0.004997 at epoch 162 | current lr: 9.399e-04
epoch: [164/500] | loss 0: 0.026754 | loss 1: 0.000000 | current lr: 9.381e-04
| loss 0: 2.675e-02| val metric 0: 0.019700 | best val: 0.004997 at epoch 162 | current lr: 9.381e-04
epoch: [165/500] | loss 0: 0.037908 | loss 1: 0.000000 | current lr: 9.362e-04
| loss 0: 3.791e-02| val metric 0: 0.013610 | best val: 0.004997 at epoch 162 | current lr: 9.362e-04
epoch: [166/500] | loss 0: 0.034599 | loss 1: 0.000000 | current lr: 9.342e-04
| loss 0: 3.460e-02| val metric 0: 0.016553 | best val: 0.004997 at epoch 162 | current lr: 9.342e-04
epoch: [167/500] | loss 0: 0.032395 | loss 1: 0.000000 | current lr: 9.323e-04
| loss 0: 3.240e-02| val metric 0: 0.014627 | best val: 0.004997 at epoch 162 | current lr: 9.323e-04
epoch: [168/500] | loss 0: 0.032650 | loss 1: 0.000000 | current lr: 9.303e-04
| loss 0: 3.265e-02| val metric 0: 0.017126 | best val: 0.004997 at epoch 162 | current lr: 9.303e-04
epoch: [169/500] | loss 0: 0.029306 | loss 1: 0.000000 | current lr: 9.283e-04
| loss 0: 2.931e-02| val metric 0: 0.007985 | best val: 0.004997 at epoch 162 | current lr: 9.283e-04
epoch: [170/500] | loss 0: 0.018637 | loss 1: 0.000000 | current lr: 9.262e-04
| loss 0: 1.864e-02| val metric 0: 0.007212 | best val: 0.004997 at epoch 162 | current lr: 9.262e-04
epoch: [171/500] | loss 0: 0.016823 | loss 1: 0.000000 | current lr: 9.242e-04
| loss 0: 1.682e-02| val metric 0: 0.006349 | best val: 0.004997 at epoch 162 | current lr: 9.242e-04
epoch: [172/500] | loss 0: 0.021404 | loss 1: 0.000000 | current lr: 9.221e-04
| loss 0: 2.140e-02| val metric 0: 0.012841 | best val: 0.004997 at epoch 162 | current lr: 9.221e-04
epoch: [173/500] | loss 0: 0.028038 | loss 1: 0.000000 | current lr: 9.199e-04
| loss 0: 2.804e-02| val metric 0: 0.011330 | best val: 0.004997 at epoch 162 | current lr: 9.199e-04
epoch: [174/500] | loss 0: 0.028652 | loss 1: 0.000000 | current lr: 9.178e-04
| loss 0: 2.865e-02| val metric 0: 0.011175 | best val: 0.004997 at epoch 162 | current lr: 9.178e-04
epoch: [175/500] | loss 0: 0.027842 | loss 1: 0.000000 | current lr: 9.156e-04
| loss 0: 2.784e-02| val metric 0: 0.009958 | best val: 0.004997 at epoch 162 | current lr: 9.156e-04
epoch: [176/500] | loss 0: 0.028158 | loss 1: 0.000000 | current lr: 9.134e-04
| loss 0: 2.816e-02| val metric 0: 0.008473 | best val: 0.004997 at epoch 162 | current lr: 9.134e-04
epoch: [177/500] | loss 0: 0.020870 | loss 1: 0.000000 | current lr: 9.112e-04
| loss 0: 2.087e-02| val metric 0: 0.010513 | best val: 0.004997 at epoch 162 | current lr: 9.112e-04
epoch: [178/500] | loss 0: 0.023063 | loss 1: 0.000000 | current lr: 9.090e-04
| loss 0: 2.306e-02| val metric 0: 0.007089 | best val: 0.004997 at epoch 162 | current lr: 9.090e-04
epoch: [179/500] | loss 0: 0.030909 | loss 1: 0.000000 | current lr: 9.067e-04
| loss 0: 3.091e-02| val metric 0: 0.013621 | best val: 0.004997 at epoch 162 | current lr: 9.067e-04
epoch: [180/500] | loss 0: 0.034233 | loss 1: 0.000000 | current lr: 9.044e-04
| loss 0: 3.423e-02| val metric 0: 0.006641 | best val: 0.004997 at epoch 162 | current lr: 9.044e-04
epoch: [181/500] | loss 0: 0.027726 | loss 1: 0.000000 | current lr: 9.021e-04
| loss 0: 2.773e-02| val metric 0: 0.004907 | best val: 0.004907 at epoch 181 | current lr: 9.021e-04
epoch: [182/500] | loss 0: 0.020595 | loss 1: 0.000000 | current lr: 8.997e-04
| loss 0: 2.060e-02| val metric 0: 0.007223 | best val: 0.004907 at epoch 181 | current lr: 8.997e-04
epoch: [183/500] | loss 0: 0.017112 | loss 1: 0.000000 | current lr: 8.974e-04
| loss 0: 1.711e-02| val metric 0: 0.004813 | best val: 0.004813 at epoch 183 | current lr: 8.974e-04
epoch: [184/500] | loss 0: 0.018954 | loss 1: 0.000000 | current lr: 8.950e-04
| loss 0: 1.895e-02| val metric 0: 0.004893 | best val: 0.004813 at epoch 183 | current lr: 8.950e-04
epoch: [185/500] | loss 0: 0.022373 | loss 1: 0.000000 | current lr: 8.925e-04
| loss 0: 2.237e-02| val metric 0: 0.008320 | best val: 0.004813 at epoch 183 | current lr: 8.925e-04
epoch: [186/500] | loss 0: 0.029837 | loss 1: 0.000000 | current lr: 8.901e-04
| loss 0: 2.984e-02| val metric 0: 0.012340 | best val: 0.004813 at epoch 183 | current lr: 8.901e-04
epoch: [187/500] | loss 0: 0.032387 | loss 1: 0.000000 | current lr: 8.876e-04
| loss 0: 3.239e-02| val metric 0: 0.011576 | best val: 0.004813 at epoch 183 | current lr: 8.876e-04
epoch: [188/500] | loss 0: 0.021858 | loss 1: 0.000000 | current lr: 8.851e-04
| loss 0: 2.186e-02| val metric 0: 0.008538 | best val: 0.004813 at epoch 183 | current lr: 8.851e-04
epoch: [189/500] | loss 0: 0.024748 | loss 1: 0.000000 | current lr: 8.826e-04
| loss 0: 2.475e-02| val metric 0: 0.007754 | best val: 0.004813 at epoch 183 | current lr: 8.826e-04
epoch: [190/500] | loss 0: 0.018012 | loss 1: 0.000000 | current lr: 8.801e-04
| loss 0: 1.801e-02| val metric 0: 0.019061 | best val: 0.004813 at epoch 183 | current lr: 8.801e-04
epoch: [191/500] | loss 0: 0.032072 | loss 1: 0.000000 | current lr: 8.775e-04
| loss 0: 3.207e-02| val metric 0: 0.012653 | best val: 0.004813 at epoch 183 | current lr: 8.775e-04
epoch: [192/500] | loss 0: 0.030229 | loss 1: 0.000000 | current lr: 8.749e-04
| loss 0: 3.023e-02| val metric 0: 0.010168 | best val: 0.004813 at epoch 183 | current lr: 8.749e-04
epoch: [193/500] | loss 0: 0.015594 | loss 1: 0.000000 | current lr: 8.723e-04
| loss 0: 1.559e-02| val metric 0: 0.006352 | best val: 0.004813 at epoch 183 | current lr: 8.723e-04
epoch: [194/500] | loss 0: 0.015326 | loss 1: 0.000000 | current lr: 8.697e-04
| loss 0: 1.533e-02| val metric 0: 0.004547 | best val: 0.004547 at epoch 194 | current lr: 8.697e-04
epoch: [195/500] | loss 0: 0.017789 | loss 1: 0.000000 | current lr: 8.670e-04
| loss 0: 1.779e-02| val metric 0: 0.017660 | best val: 0.004547 at epoch 194 | current lr: 8.670e-04
epoch: [196/500] | loss 0: 0.030349 | loss 1: 0.000000 | current lr: 8.643e-04
| loss 0: 3.035e-02| val metric 0: 0.015557 | best val: 0.004547 at epoch 194 | current lr: 8.643e-04
epoch: [197/500] | loss 0: 0.028747 | loss 1: 0.000000 | current lr: 8.616e-04
| loss 0: 2.875e-02| val metric 0: 0.011880 | best val: 0.004547 at epoch 194 | current lr: 8.616e-04
epoch: [198/500] | loss 0: 0.028815 | loss 1: 0.000000 | current lr: 8.589e-04
| loss 0: 2.881e-02| val metric 0: 0.012010 | best val: 0.004547 at epoch 194 | current lr: 8.589e-04
epoch: [199/500] | loss 0: 0.026097 | loss 1: 0.000000 | current lr: 8.562e-04
| loss 0: 2.610e-02| val metric 0: 0.007231 | best val: 0.004547 at epoch 194 | current lr: 8.562e-04
epoch: [200/500] | loss 0: 0.015406 | loss 1: 0.000000 | current lr: 8.534e-04
| loss 0: 1.541e-02| val metric 0: 0.004943 | best val: 0.004547 at epoch 194 | current lr: 8.534e-04
epoch: [201/500] | loss 0: 0.015427 | loss 1: 0.000000 | current lr: 8.506e-04
| loss 0: 1.543e-02| val metric 0: 0.004498 | best val: 0.004498 at epoch 201 | current lr: 8.506e-04
epoch: [202/500] | loss 0: 0.015901 | loss 1: 0.000000 | current lr: 8.478e-04
| loss 0: 1.590e-02| val metric 0: 0.008052 | best val: 0.004498 at epoch 201 | current lr: 8.478e-04
epoch: [203/500] | loss 0: 0.015963 | loss 1: 0.000000 | current lr: 8.450e-04
| loss 0: 1.596e-02| val metric 0: 0.007804 | best val: 0.004498 at epoch 201 | current lr: 8.450e-04
epoch: [204/500] | loss 0: 0.019398 | loss 1: 0.000000 | current lr: 8.421e-04
| loss 0: 1.940e-02| val metric 0: 0.005282 | best val: 0.004498 at epoch 201 | current lr: 8.421e-04
epoch: [205/500] | loss 0: 0.022809 | loss 1: 0.000000 | current lr: 8.393e-04
| loss 0: 2.281e-02| val metric 0: 0.012283 | best val: 0.004498 at epoch 201 | current lr: 8.393e-04
epoch: [206/500] | loss 0: 0.025902 | loss 1: 0.000000 | current lr: 8.364e-04
| loss 0: 2.590e-02| val metric 0: 0.009318 | best val: 0.004498 at epoch 201 | current lr: 8.364e-04
epoch: [207/500] | loss 0: 0.027035 | loss 1: 0.000000 | current lr: 8.334e-04
| loss 0: 2.703e-02| val metric 0: 0.011514 | best val: 0.004498 at epoch 201 | current lr: 8.334e-04
epoch: [208/500] | loss 0: 0.026393 | loss 1: 0.000000 | current lr: 8.305e-04
| loss 0: 2.639e-02| val metric 0: 0.013143 | best val: 0.004498 at epoch 201 | current lr: 8.305e-04
epoch: [209/500] | loss 0: 0.026213 | loss 1: 0.000000 | current lr: 8.276e-04
| loss 0: 2.621e-02| val metric 0: 0.013786 | best val: 0.004498 at epoch 201 | current lr: 8.276e-04
epoch: [210/500] | loss 0: 0.023033 | loss 1: 0.000000 | current lr: 8.246e-04
| loss 0: 2.303e-02| val metric 0: 0.007580 | best val: 0.004498 at epoch 201 | current lr: 8.246e-04
epoch: [211/500] | loss 0: 0.013931 | loss 1: 0.000000 | current lr: 8.216e-04
| loss 0: 1.393e-02| val metric 0: 0.004248 | best val: 0.004248 at epoch 211 | current lr: 8.216e-04
epoch: [212/500] | loss 0: 0.013455 | loss 1: 0.000000 | current lr: 8.186e-04
| loss 0: 1.345e-02| val metric 0: 0.004041 | best val: 0.004041 at epoch 212 | current lr: 8.186e-04
epoch: [213/500] | loss 0: 0.013428 | loss 1: 0.000000 | current lr: 8.155e-04
| loss 0: 1.343e-02| val metric 0: 0.006239 | best val: 0.004041 at epoch 212 | current lr: 8.155e-04
epoch: [214/500] | loss 0: 0.017204 | loss 1: 0.000000 | current lr: 8.125e-04
| loss 0: 1.720e-02| val metric 0: 0.005662 | best val: 0.004041 at epoch 212 | current lr: 8.125e-04
epoch: [215/500] | loss 0: 0.023218 | loss 1: 0.000000 | current lr: 8.094e-04
| loss 0: 2.322e-02| val metric 0: 0.006257 | best val: 0.004041 at epoch 212 | current lr: 8.094e-04
epoch: [216/500] | loss 0: 0.014098 | loss 1: 0.000000 | current lr: 8.063e-04
| loss 0: 1.410e-02| val metric 0: 0.005078 | best val: 0.004041 at epoch 212 | current lr: 8.063e-04
epoch: [217/500] | loss 0: 0.012872 | loss 1: 0.000000 | current lr: 8.032e-04
| loss 0: 1.287e-02| val metric 0: 0.004877 | best val: 0.004041 at epoch 212 | current lr: 8.032e-04
epoch: [218/500] | loss 0: 0.012844 | loss 1: 0.000000 | current lr: 8.001e-04
| loss 0: 1.284e-02| val metric 0: 0.005249 | best val: 0.004041 at epoch 212 | current lr: 8.001e-04
epoch: [219/500] | loss 0: 0.013581 | loss 1: 0.000000 | current lr: 7.969e-04
| loss 0: 1.358e-02| val metric 0: 0.007087 | best val: 0.004041 at epoch 212 | current lr: 7.969e-04
epoch: [220/500] | loss 0: 0.015911 | loss 1: 0.000000 | current lr: 7.937e-04
| loss 0: 1.591e-02| val metric 0: 0.003087 | best val: 0.003087 at epoch 220 | current lr: 7.937e-04
epoch: [221/500] | loss 0: 0.015921 | loss 1: 0.000000 | current lr: 7.905e-04
| loss 0: 1.592e-02| val metric 0: 0.005576 | best val: 0.003087 at epoch 220 | current lr: 7.905e-04
epoch: [222/500] | loss 0: 0.022684 | loss 1: 0.000000 | current lr: 7.873e-04
| loss 0: 2.268e-02| val metric 0: 0.012337 | best val: 0.003087 at epoch 220 | current lr: 7.873e-04
epoch: [223/500] | loss 0: 0.023636 | loss 1: 0.000000 | current lr: 7.841e-04
| loss 0: 2.364e-02| val metric 0: 0.005590 | best val: 0.003087 at epoch 220 | current lr: 7.841e-04
epoch: [224/500] | loss 0: 0.012595 | loss 1: 0.000000 | current lr: 7.809e-04
| loss 0: 1.260e-02| val metric 0: 0.004932 | best val: 0.003087 at epoch 220 | current lr: 7.809e-04
epoch: [225/500] | loss 0: 0.013500 | loss 1: 0.000000 | current lr: 7.776e-04
| loss 0: 1.350e-02| val metric 0: 0.005619 | best val: 0.003087 at epoch 220 | current lr: 7.776e-04
epoch: [226/500] | loss 0: 0.016029 | loss 1: 0.000000 | current lr: 7.743e-04
| loss 0: 1.603e-02| val metric 0: 0.004036 | best val: 0.003087 at epoch 220 | current lr: 7.743e-04
epoch: [227/500] | loss 0: 0.020125 | loss 1: 0.000000 | current lr: 7.711e-04
| loss 0: 2.012e-02| val metric 0: 0.006915 | best val: 0.003087 at epoch 220 | current lr: 7.711e-04
epoch: [228/500] | loss 0: 0.023063 | loss 1: 0.000000 | current lr: 7.677e-04
| loss 0: 2.306e-02| val metric 0: 0.010404 | best val: 0.003087 at epoch 220 | current lr: 7.677e-04
epoch: [229/500] | loss 0: 0.021612 | loss 1: 0.000000 | current lr: 7.644e-04
| loss 0: 2.161e-02| val metric 0: 0.006555 | best val: 0.003087 at epoch 220 | current lr: 7.644e-04
epoch: [230/500] | loss 0: 0.019059 | loss 1: 0.000000 | current lr: 7.611e-04
| loss 0: 1.906e-02| val metric 0: 0.010343 | best val: 0.003087 at epoch 220 | current lr: 7.611e-04
epoch: [231/500] | loss 0: 0.020615 | loss 1: 0.000000 | current lr: 7.577e-04
| loss 0: 2.062e-02| val metric 0: 0.007666 | best val: 0.003087 at epoch 220 | current lr: 7.577e-04
epoch: [232/500] | loss 0: 0.021714 | loss 1: 0.000000 | current lr: 7.544e-04
| loss 0: 2.171e-02| val metric 0: 0.010960 | best val: 0.003087 at epoch 220 | current lr: 7.544e-04
epoch: [233/500] | loss 0: 0.020427 | loss 1: 0.000000 | current lr: 7.510e-04
| loss 0: 2.043e-02| val metric 0: 0.006478 | best val: 0.003087 at epoch 220 | current lr: 7.510e-04
epoch: [234/500] | loss 0: 0.022126 | loss 1: 0.000000 | current lr: 7.476e-04
| loss 0: 2.213e-02| val metric 0: 0.009064 | best val: 0.003087 at epoch 220 | current lr: 7.476e-04
epoch: [235/500] | loss 0: 0.021661 | loss 1: 0.000000 | current lr: 7.441e-04
| loss 0: 2.166e-02| val metric 0: 0.008756 | best val: 0.003087 at epoch 220 | current lr: 7.441e-04
epoch: [236/500] | loss 0: 0.024263 | loss 1: 0.000000 | current lr: 7.407e-04
| loss 0: 2.426e-02| val metric 0: 0.009084 | best val: 0.003087 at epoch 220 | current lr: 7.407e-04
epoch: [237/500] | loss 0: 0.017291 | loss 1: 0.000000 | current lr: 7.373e-04
| loss 0: 1.729e-02| val metric 0: 0.006856 | best val: 0.003087 at epoch 220 | current lr: 7.373e-04
epoch: [238/500] | loss 0: 0.013782 | loss 1: 0.000000 | current lr: 7.338e-04
| loss 0: 1.378e-02| val metric 0: 0.003464 | best val: 0.003087 at epoch 220 | current lr: 7.338e-04
epoch: [239/500] | loss 0: 0.011751 | loss 1: 0.000000 | current lr: 7.303e-04
| loss 0: 1.175e-02| val metric 0: 0.004452 | best val: 0.003087 at epoch 220 | current lr: 7.303e-04
epoch: [240/500] | loss 0: 0.012025 | loss 1: 0.000000 | current lr: 7.268e-04
| loss 0: 1.202e-02| val metric 0: 0.006488 | best val: 0.003087 at epoch 220 | current lr: 7.268e-04
epoch: [241/500] | loss 0: 0.019039 | loss 1: 0.000000 | current lr: 7.233e-04
| loss 0: 1.904e-02| val metric 0: 0.004331 | best val: 0.003087 at epoch 220 | current lr: 7.233e-04
epoch: [242/500] | loss 0: 0.014007 | loss 1: 0.000000 | current lr: 7.198e-04
| loss 0: 1.401e-02| val metric 0: 0.003717 | best val: 0.003087 at epoch 220 | current lr: 7.198e-04
epoch: [243/500] | loss 0: 0.013941 | loss 1: 0.000000 | current lr: 7.163e-04
| loss 0: 1.394e-02| val metric 0: 0.004196 | best val: 0.003087 at epoch 220 | current lr: 7.163e-04
epoch: [244/500] | loss 0: 0.017157 | loss 1: 0.000000 | current lr: 7.127e-04
| loss 0: 1.716e-02| val metric 0: 0.004922 | best val: 0.003087 at epoch 220 | current lr: 7.127e-04
epoch: [245/500] | loss 0: 0.017580 | loss 1: 0.000000 | current lr: 7.092e-04
| loss 0: 1.758e-02| val metric 0: 0.010418 | best val: 0.003087 at epoch 220 | current lr: 7.092e-04
epoch: [246/500] | loss 0: 0.021595 | loss 1: 0.000000 | current lr: 7.056e-04
| loss 0: 2.160e-02| val metric 0: 0.008931 | best val: 0.003087 at epoch 220 | current lr: 7.056e-04
epoch: [247/500] | loss 0: 0.019266 | loss 1: 0.000000 | current lr: 7.020e-04
| loss 0: 1.927e-02| val metric 0: 0.003975 | best val: 0.003087 at epoch 220 | current lr: 7.020e-04
epoch: [248/500] | loss 0: 0.011932 | loss 1: 0.000000 | current lr: 6.984e-04
| loss 0: 1.193e-02| val metric 0: 0.004281 | best val: 0.003087 at epoch 220 | current lr: 6.984e-04
epoch: [249/500] | loss 0: 0.011757 | loss 1: 0.000000 | current lr: 6.948e-04
| loss 0: 1.176e-02| val metric 0: 0.004961 | best val: 0.003087 at epoch 220 | current lr: 6.948e-04
epoch: [250/500] | loss 0: 0.012819 | loss 1: 0.000000 | current lr: 6.912e-04
| loss 0: 1.282e-02| val metric 0: 0.009188 | best val: 0.003087 at epoch 220 | current lr: 6.912e-04
epoch: [251/500] | loss 0: 0.014513 | loss 1: 0.000000 | current lr: 6.875e-04
| loss 0: 1.451e-02| val metric 0: 0.006657 | best val: 0.003087 at epoch 220 | current lr: 6.875e-04
epoch: [252/500] | loss 0: 0.014879 | loss 1: 0.000000 | current lr: 6.839e-04
| loss 0: 1.488e-02| val metric 0: 0.003909 | best val: 0.003087 at epoch 220 | current lr: 6.839e-04
epoch: [253/500] | loss 0: 0.013804 | loss 1: 0.000000 | current lr: 6.802e-04
| loss 0: 1.380e-02| val metric 0: 0.004830 | best val: 0.003087 at epoch 220 | current lr: 6.802e-04
epoch: [254/500] | loss 0: 0.009946 | loss 1: 0.000000 | current lr: 6.766e-04
| loss 0: 9.946e-03| val metric 0: 0.002885 | best val: 0.002885 at epoch 254 | current lr: 6.766e-04
epoch: [255/500] | loss 0: 0.010053 | loss 1: 0.000000 | current lr: 6.729e-04
| loss 0: 1.005e-02| val metric 0: 0.004598 | best val: 0.002885 at epoch 254 | current lr: 6.729e-04
epoch: [256/500] | loss 0: 0.010123 | loss 1: 0.000000 | current lr: 6.692e-04
| loss 0: 1.012e-02| val metric 0: 0.003711 | best val: 0.002885 at epoch 254 | current lr: 6.692e-04
epoch: [257/500] | loss 0: 0.012732 | loss 1: 0.000000 | current lr: 6.655e-04
| loss 0: 1.273e-02| val metric 0: 0.005849 | best val: 0.002885 at epoch 254 | current lr: 6.655e-04
epoch: [258/500] | loss 0: 0.012255 | loss 1: 0.000000 | current lr: 6.618e-04
| loss 0: 1.226e-02| val metric 0: 0.004335 | best val: 0.002885 at epoch 254 | current lr: 6.618e-04
epoch: [259/500] | loss 0: 0.013369 | loss 1: 0.000000 | current lr: 6.581e-04
| loss 0: 1.337e-02| val metric 0: 0.004389 | best val: 0.002885 at epoch 254 | current lr: 6.581e-04
epoch: [260/500] | loss 0: 0.011990 | loss 1: 0.000000 | current lr: 6.543e-04
| loss 0: 1.199e-02| val metric 0: 0.009153 | best val: 0.002885 at epoch 254 | current lr: 6.543e-04
epoch: [261/500] | loss 0: 0.019240 | loss 1: 0.000000 | current lr: 6.506e-04
| loss 0: 1.924e-02| val metric 0: 0.007446 | best val: 0.002885 at epoch 254 | current lr: 6.506e-04
epoch: [262/500] | loss 0: 0.016240 | loss 1: 0.000000 | current lr: 6.468e-04
| loss 0: 1.624e-02| val metric 0: 0.008421 | best val: 0.002885 at epoch 254 | current lr: 6.468e-04
epoch: [263/500] | loss 0: 0.018613 | loss 1: 0.000000 | current lr: 6.431e-04
| loss 0: 1.861e-02| val metric 0: 0.007718 | best val: 0.002885 at epoch 254 | current lr: 6.431e-04
epoch: [264/500] | loss 0: 0.018104 | loss 1: 0.000000 | current lr: 6.393e-04
| loss 0: 1.810e-02| val metric 0: 0.006734 | best val: 0.002885 at epoch 254 | current lr: 6.393e-04
epoch: [265/500] | loss 0: 0.017370 | loss 1: 0.000000 | current lr: 6.355e-04
| loss 0: 1.737e-02| val metric 0: 0.007369 | best val: 0.002885 at epoch 254 | current lr: 6.355e-04
epoch: [266/500] | loss 0: 0.019018 | loss 1: 0.000000 | current lr: 6.317e-04
| loss 0: 1.902e-02| val metric 0: 0.006715 | best val: 0.002885 at epoch 254 | current lr: 6.317e-04
epoch: [267/500] | loss 0: 0.015922 | loss 1: 0.000000 | current lr: 6.280e-04
| loss 0: 1.592e-02| val metric 0: 0.004757 | best val: 0.002885 at epoch 254 | current lr: 6.280e-04
epoch: [268/500] | loss 0: 0.016423 | loss 1: 0.000000 | current lr: 6.242e-04
| loss 0: 1.642e-02| val metric 0: 0.007424 | best val: 0.002885 at epoch 254 | current lr: 6.242e-04
epoch: [269/500] | loss 0: 0.012322 | loss 1: 0.000000 | current lr: 6.203e-04
| loss 0: 1.232e-02| val metric 0: 0.003747 | best val: 0.002885 at epoch 254 | current lr: 6.203e-04
epoch: [270/500] | loss 0: 0.012626 | loss 1: 0.000000 | current lr: 6.165e-04
| loss 0: 1.263e-02| val metric 0: 0.005592 | best val: 0.002885 at epoch 254 | current lr: 6.165e-04
epoch: [271/500] | loss 0: 0.012366 | loss 1: 0.000000 | current lr: 6.127e-04
| loss 0: 1.237e-02| val metric 0: 0.005574 | best val: 0.002885 at epoch 254 | current lr: 6.127e-04
epoch: [272/500] | loss 0: 0.011048 | loss 1: 0.000000 | current lr: 6.089e-04
| loss 0: 1.105e-02| val metric 0: 0.004618 | best val: 0.002885 at epoch 254 | current lr: 6.089e-04
epoch: [273/500] | loss 0: 0.009288 | loss 1: 0.000000 | current lr: 6.050e-04
| loss 0: 9.288e-03| val metric 0: 0.004090 | best val: 0.002885 at epoch 254 | current lr: 6.050e-04
epoch: [274/500] | loss 0: 0.011908 | loss 1: 0.000000 | current lr: 6.012e-04
| loss 0: 1.191e-02| val metric 0: 0.004856 | best val: 0.002885 at epoch 254 | current lr: 6.012e-04
epoch: [275/500] | loss 0: 0.013974 | loss 1: 0.000000 | current lr: 5.974e-04
| loss 0: 1.397e-02| val metric 0: 0.006036 | best val: 0.002885 at epoch 254 | current lr: 5.974e-04
epoch: [276/500] | loss 0: 0.014887 | loss 1: 0.000000 | current lr: 5.935e-04
| loss 0: 1.489e-02| val metric 0: 0.006554 | best val: 0.002885 at epoch 254 | current lr: 5.935e-04
epoch: [277/500] | loss 0: 0.012941 | loss 1: 0.000000 | current lr: 5.896e-04
| loss 0: 1.294e-02| val metric 0: 0.006904 | best val: 0.002885 at epoch 254 | current lr: 5.896e-04
epoch: [278/500] | loss 0: 0.015928 | loss 1: 0.000000 | current lr: 5.858e-04
| loss 0: 1.593e-02| val metric 0: 0.007386 | best val: 0.002885 at epoch 254 | current lr: 5.858e-04
epoch: [279/500] | loss 0: 0.016094 | loss 1: 0.000000 | current lr: 5.819e-04
| loss 0: 1.609e-02| val metric 0: 0.006455 | best val: 0.002885 at epoch 254 | current lr: 5.819e-04
epoch: [280/500] | loss 0: 0.015194 | loss 1: 0.000000 | current lr: 5.780e-04
| loss 0: 1.519e-02| val metric 0: 0.006598 | best val: 0.002885 at epoch 254 | current lr: 5.780e-04
epoch: [281/500] | loss 0: 0.015600 | loss 1: 0.000000 | current lr: 5.741e-04
| loss 0: 1.560e-02| val metric 0: 0.005484 | best val: 0.002885 at epoch 254 | current lr: 5.741e-04
epoch: [282/500] | loss 0: 0.014401 | loss 1: 0.000000 | current lr: 5.703e-04
| loss 0: 1.440e-02| val metric 0: 0.007934 | best val: 0.002885 at epoch 254 | current lr: 5.703e-04
epoch: [283/500] | loss 0: 0.013972 | loss 1: 0.000000 | current lr: 5.664e-04
| loss 0: 1.397e-02| val metric 0: 0.004405 | best val: 0.002885 at epoch 254 | current lr: 5.664e-04
epoch: [284/500] | loss 0: 0.007701 | loss 1: 0.000000 | current lr: 5.625e-04
| loss 0: 7.701e-03| val metric 0: 0.002334 | best val: 0.002334 at epoch 284 | current lr: 5.625e-04
epoch: [285/500] | loss 0: 0.007133 | loss 1: 0.000000 | current lr: 5.586e-04
| loss 0: 7.133e-03| val metric 0: 0.002428 | best val: 0.002334 at epoch 284 | current lr: 5.586e-04
epoch: [286/500] | loss 0: 0.007459 | loss 1: 0.000000 | current lr: 5.547e-04
| loss 0: 7.459e-03| val metric 0: 0.002364 | best val: 0.002334 at epoch 284 | current lr: 5.547e-04
epoch: [287/500] | loss 0: 0.010060 | loss 1: 0.000000 | current lr: 5.508e-04
| loss 0: 1.006e-02| val metric 0: 0.004852 | best val: 0.002334 at epoch 284 | current lr: 5.508e-04
epoch: [288/500] | loss 0: 0.010396 | loss 1: 0.000000 | current lr: 5.469e-04
| loss 0: 1.040e-02| val metric 0: 0.003912 | best val: 0.002334 at epoch 284 | current lr: 5.469e-04
epoch: [289/500] | loss 0: 0.007552 | loss 1: 0.000000 | current lr: 5.429e-04
| loss 0: 7.552e-03| val metric 0: 0.002485 | best val: 0.002334 at epoch 284 | current lr: 5.429e-04
epoch: [290/500] | loss 0: 0.007062 | loss 1: 0.000000 | current lr: 5.390e-04
| loss 0: 7.062e-03| val metric 0: 0.002517 | best val: 0.002334 at epoch 284 | current lr: 5.390e-04
epoch: [291/500] | loss 0: 0.011414 | loss 1: 0.000000 | current lr: 5.351e-04
| loss 0: 1.141e-02| val metric 0: 0.005480 | best val: 0.002334 at epoch 284 | current lr: 5.351e-04
epoch: [292/500] | loss 0: 0.013916 | loss 1: 0.000000 | current lr: 5.312e-04
| loss 0: 1.392e-02| val metric 0: 0.004074 | best val: 0.002334 at epoch 284 | current lr: 5.312e-04
epoch: [293/500] | loss 0: 0.009418 | loss 1: 0.000000 | current lr: 5.273e-04
| loss 0: 9.418e-03| val metric 0: 0.003185 | best val: 0.002334 at epoch 284 | current lr: 5.273e-04
epoch: [294/500] | loss 0: 0.007319 | loss 1: 0.000000 | current lr: 5.234e-04
| loss 0: 7.319e-03| val metric 0: 0.002735 | best val: 0.002334 at epoch 284 | current lr: 5.234e-04
epoch: [295/500] | loss 0: 0.007073 | loss 1: 0.000000 | current lr: 5.194e-04
| loss 0: 7.073e-03| val metric 0: 0.002500 | best val: 0.002334 at epoch 284 | current lr: 5.194e-04
epoch: [296/500] | loss 0: 0.010724 | loss 1: 0.000000 | current lr: 5.155e-04
| loss 0: 1.072e-02| val metric 0: 0.005794 | best val: 0.002334 at epoch 284 | current lr: 5.155e-04
epoch: [297/500] | loss 0: 0.013839 | loss 1: 0.000000 | current lr: 5.116e-04
| loss 0: 1.384e-02| val metric 0: 0.006047 | best val: 0.002334 at epoch 284 | current lr: 5.116e-04
epoch: [298/500] | loss 0: 0.012126 | loss 1: 0.000000 | current lr: 5.077e-04
| loss 0: 1.213e-02| val metric 0: 0.003400 | best val: 0.002334 at epoch 284 | current lr: 5.077e-04
epoch: [299/500] | loss 0: 0.008377 | loss 1: 0.000000 | current lr: 5.037e-04
| loss 0: 8.377e-03| val metric 0: 0.003558 | best val: 0.002334 at epoch 284 | current lr: 5.037e-04
epoch: [300/500] | loss 0: 0.007589 | loss 1: 0.000000 | current lr: 4.998e-04
| loss 0: 7.589e-03| val metric 0: 0.003643 | best val: 0.002334 at epoch 284 | current lr: 4.998e-04
epoch: [301/500] | loss 0: 0.007135 | loss 1: 0.000000 | current lr: 4.959e-04
| loss 0: 7.135e-03| val metric 0: 0.002489 | best val: 0.002334 at epoch 284 | current lr: 4.959e-04
epoch: [302/500] | loss 0: 0.008647 | loss 1: 0.000000 | current lr: 4.920e-04
| loss 0: 8.647e-03| val metric 0: 0.002974 | best val: 0.002334 at epoch 284 | current lr: 4.920e-04
epoch: [303/500] | loss 0: 0.011349 | loss 1: 0.000000 | current lr: 4.880e-04
| loss 0: 1.135e-02| val metric 0: 0.003707 | best val: 0.002334 at epoch 284 | current lr: 4.880e-04
epoch: [304/500] | loss 0: 0.012187 | loss 1: 0.000000 | current lr: 4.841e-04
| loss 0: 1.219e-02| val metric 0: 0.004093 | best val: 0.002334 at epoch 284 | current lr: 4.841e-04
epoch: [305/500] | loss 0: 0.012555 | loss 1: 0.000000 | current lr: 4.802e-04
| loss 0: 1.256e-02| val metric 0: 0.003547 | best val: 0.002334 at epoch 284 | current lr: 4.802e-04
epoch: [306/500] | loss 0: 0.012983 | loss 1: 0.000000 | current lr: 4.763e-04
| loss 0: 1.298e-02| val metric 0: 0.004279 | best val: 0.002334 at epoch 284 | current lr: 4.763e-04
epoch: [307/500] | loss 0: 0.011787 | loss 1: 0.000000 | current lr: 4.723e-04
| loss 0: 1.179e-02| val metric 0: 0.004120 | best val: 0.002334 at epoch 284 | current lr: 4.723e-04
epoch: [308/500] | loss 0: 0.010986 | loss 1: 0.000000 | current lr: 4.684e-04
| loss 0: 1.099e-02| val metric 0: 0.006213 | best val: 0.002334 at epoch 284 | current lr: 4.684e-04
epoch: [309/500] | loss 0: 0.011103 | loss 1: 0.000000 | current lr: 4.645e-04
| loss 0: 1.110e-02| val metric 0: 0.004567 | best val: 0.002334 at epoch 284 | current lr: 4.645e-04
epoch: [310/500] | loss 0: 0.008565 | loss 1: 0.000000 | current lr: 4.606e-04
| loss 0: 8.565e-03| val metric 0: 0.001940 | best val: 0.001940 at epoch 310 | current lr: 4.606e-04
epoch: [311/500] | loss 0: 0.006013 | loss 1: 0.000000 | current lr: 4.567e-04
| loss 0: 6.013e-03| val metric 0: 0.002001 | best val: 0.001940 at epoch 310 | current lr: 4.567e-04
epoch: [312/500] | loss 0: 0.005895 | loss 1: 0.000000 | current lr: 4.528e-04
| loss 0: 5.895e-03| val metric 0: 0.002192 | best val: 0.001940 at epoch 310 | current lr: 4.528e-04
epoch: [313/500] | loss 0: 0.006973 | loss 1: 0.000000 | current lr: 4.488e-04
| loss 0: 6.973e-03| val metric 0: 0.003082 | best val: 0.001940 at epoch 310 | current lr: 4.488e-04
epoch: [314/500] | loss 0: 0.007881 | loss 1: 0.000000 | current lr: 4.449e-04
| loss 0: 7.881e-03| val metric 0: 0.004682 | best val: 0.001940 at epoch 310 | current lr: 4.449e-04
epoch: [315/500] | loss 0: 0.009545 | loss 1: 0.000000 | current lr: 4.410e-04
| loss 0: 9.545e-03| val metric 0: 0.003162 | best val: 0.001940 at epoch 310 | current lr: 4.410e-04
epoch: [316/500] | loss 0: 0.006606 | loss 1: 0.000000 | current lr: 4.371e-04
| loss 0: 6.606e-03| val metric 0: 0.002379 | best val: 0.001940 at epoch 310 | current lr: 4.371e-04
epoch: [317/500] | loss 0: 0.006372 | loss 1: 0.000000 | current lr: 4.332e-04
| loss 0: 6.372e-03| val metric 0: 0.002191 | best val: 0.001940 at epoch 310 | current lr: 4.332e-04
epoch: [318/500] | loss 0: 0.005739 | loss 1: 0.000000 | current lr: 4.294e-04
| loss 0: 5.739e-03| val metric 0: 0.002338 | best val: 0.001940 at epoch 310 | current lr: 4.294e-04
epoch: [319/500] | loss 0: 0.005509 | loss 1: 0.000000 | current lr: 4.255e-04
| loss 0: 5.509e-03| val metric 0: 0.002998 | best val: 0.001940 at epoch 310 | current lr: 4.255e-04
epoch: [320/500] | loss 0: 0.007518 | loss 1: 0.000000 | current lr: 4.216e-04
| loss 0: 7.518e-03| val metric 0: 0.002345 | best val: 0.001940 at epoch 310 | current lr: 4.216e-04
epoch: [321/500] | loss 0: 0.006542 | loss 1: 0.000000 | current lr: 4.177e-04
| loss 0: 6.542e-03| val metric 0: 0.002578 | best val: 0.001940 at epoch 310 | current lr: 4.177e-04
epoch: [322/500] | loss 0: 0.005853 | loss 1: 0.000000 | current lr: 4.138e-04
| loss 0: 5.853e-03| val metric 0: 0.002092 | best val: 0.001940 at epoch 310 | current lr: 4.138e-04
epoch: [323/500] | loss 0: 0.005505 | loss 1: 0.000000 | current lr: 4.100e-04
| loss 0: 5.505e-03| val metric 0: 0.002015 | best val: 0.001940 at epoch 310 | current lr: 4.100e-04
epoch: [324/500] | loss 0: 0.006046 | loss 1: 0.000000 | current lr: 4.061e-04
| loss 0: 6.046e-03| val metric 0: 0.003712 | best val: 0.001940 at epoch 310 | current lr: 4.061e-04
epoch: [325/500] | loss 0: 0.007521 | loss 1: 0.000000 | current lr: 4.023e-04
| loss 0: 7.521e-03| val metric 0: 0.002057 | best val: 0.001940 at epoch 310 | current lr: 4.023e-04
epoch: [326/500] | loss 0: 0.007228 | loss 1: 0.000000 | current lr: 3.984e-04
| loss 0: 7.228e-03| val metric 0: 0.002664 | best val: 0.001940 at epoch 310 | current lr: 3.984e-04
epoch: [327/500] | loss 0: 0.006051 | loss 1: 0.000000 | current lr: 3.946e-04
| loss 0: 6.051e-03| val metric 0: 0.003446 | best val: 0.001940 at epoch 310 | current lr: 3.946e-04
epoch: [328/500] | loss 0: 0.006960 | loss 1: 0.000000 | current lr: 3.907e-04
| loss 0: 6.960e-03| val metric 0: 0.002587 | best val: 0.001940 at epoch 310 | current lr: 3.907e-04
epoch: [329/500] | loss 0: 0.007758 | loss 1: 0.000000 | current lr: 3.869e-04
| loss 0: 7.758e-03| val metric 0: 0.002276 | best val: 0.001940 at epoch 310 | current lr: 3.869e-04
epoch: [330/500] | loss 0: 0.008035 | loss 1: 0.000000 | current lr: 3.831e-04
| loss 0: 8.035e-03| val metric 0: 0.002493 | best val: 0.001940 at epoch 310 | current lr: 3.831e-04
epoch: [331/500] | loss 0: 0.006102 | loss 1: 0.000000 | current lr: 3.793e-04
| loss 0: 6.102e-03| val metric 0: 0.002231 | best val: 0.001940 at epoch 310 | current lr: 3.793e-04
epoch: [332/500] | loss 0: 0.004962 | loss 1: 0.000000 | current lr: 3.755e-04
| loss 0: 4.962e-03| val metric 0: 0.001899 | best val: 0.001899 at epoch 332 | current lr: 3.755e-04
epoch: [333/500] | loss 0: 0.006464 | loss 1: 0.000000 | current lr: 3.717e-04
| loss 0: 6.464e-03| val metric 0: 0.002771 | best val: 0.001899 at epoch 332 | current lr: 3.717e-04
epoch: [334/500] | loss 0: 0.008066 | loss 1: 0.000000 | current lr: 3.679e-04
| loss 0: 8.066e-03| val metric 0: 0.003342 | best val: 0.001899 at epoch 332 | current lr: 3.679e-04
epoch: [335/500] | loss 0: 0.009248 | loss 1: 0.000000 | current lr: 3.641e-04
| loss 0: 9.248e-03| val metric 0: 0.003149 | best val: 0.001899 at epoch 332 | current lr: 3.641e-04
epoch: [336/500] | loss 0: 0.008457 | loss 1: 0.000000 | current lr: 3.603e-04
| loss 0: 8.457e-03| val metric 0: 0.002074 | best val: 0.001899 at epoch 332 | current lr: 3.603e-04
epoch: [337/500] | loss 0: 0.005678 | loss 1: 0.000000 | current lr: 3.565e-04
| loss 0: 5.678e-03| val metric 0: 0.002300 | best val: 0.001899 at epoch 332 | current lr: 3.565e-04
epoch: [338/500] | loss 0: 0.005559 | loss 1: 0.000000 | current lr: 3.528e-04
| loss 0: 5.559e-03| val metric 0: 0.001974 | best val: 0.001899 at epoch 332 | current lr: 3.528e-04
epoch: [339/500] | loss 0: 0.005394 | loss 1: 0.000000 | current lr: 3.490e-04
| loss 0: 5.394e-03| val metric 0: 0.002695 | best val: 0.001899 at epoch 332 | current lr: 3.490e-04
epoch: [340/500] | loss 0: 0.006008 | loss 1: 0.000000 | current lr: 3.453e-04
| loss 0: 6.008e-03| val metric 0: 0.001563 | best val: 0.001563 at epoch 340 | current lr: 3.453e-04
epoch: [341/500] | loss 0: 0.005271 | loss 1: 0.000000 | current lr: 3.416e-04
| loss 0: 5.271e-03| val metric 0: 0.001548 | best val: 0.001548 at epoch 341 | current lr: 3.416e-04
epoch: [342/500] | loss 0: 0.006716 | loss 1: 0.000000 | current lr: 3.379e-04
| loss 0: 6.716e-03| val metric 0: 0.003226 | best val: 0.001548 at epoch 341 | current lr: 3.379e-04
epoch: [343/500] | loss 0: 0.008475 | loss 1: 0.000000 | current lr: 3.341e-04
| loss 0: 8.475e-03| val metric 0: 0.003519 | best val: 0.001548 at epoch 341 | current lr: 3.341e-04
epoch: [344/500] | loss 0: 0.008095 | loss 1: 0.000000 | current lr: 3.304e-04
| loss 0: 8.095e-03| val metric 0: 0.003580 | best val: 0.001548 at epoch 341 | current lr: 3.304e-04
epoch: [345/500] | loss 0: 0.007773 | loss 1: 0.000000 | current lr: 3.268e-04
| loss 0: 7.773e-03| val metric 0: 0.003057 | best val: 0.001548 at epoch 341 | current lr: 3.268e-04
epoch: [346/500] | loss 0: 0.007448 | loss 1: 0.000000 | current lr: 3.231e-04
| loss 0: 7.448e-03| val metric 0: 0.003572 | best val: 0.001548 at epoch 341 | current lr: 3.231e-04
epoch: [347/500] | loss 0: 0.007850 | loss 1: 0.000000 | current lr: 3.194e-04
| loss 0: 7.850e-03| val metric 0: 0.002006 | best val: 0.001548 at epoch 341 | current lr: 3.194e-04
epoch: [348/500] | loss 0: 0.005289 | loss 1: 0.000000 | current lr: 3.158e-04
| loss 0: 5.289e-03| val metric 0: 0.002124 | best val: 0.001548 at epoch 341 | current lr: 3.158e-04
epoch: [349/500] | loss 0: 0.005097 | loss 1: 0.000000 | current lr: 3.121e-04
| loss 0: 5.097e-03| val metric 0: 0.001577 | best val: 0.001548 at epoch 341 | current lr: 3.121e-04
epoch: [350/500] | loss 0: 0.004533 | loss 1: 0.000000 | current lr: 3.085e-04
| loss 0: 4.533e-03| val metric 0: 0.001755 | best val: 0.001548 at epoch 341 | current lr: 3.085e-04
epoch: [351/500] | loss 0: 0.003808 | loss 1: 0.000000 | current lr: 3.049e-04
| loss 0: 3.808e-03| val metric 0: 0.001426 | best val: 0.001426 at epoch 351 | current lr: 3.049e-04
epoch: [352/500] | loss 0: 0.003790 | loss 1: 0.000000 | current lr: 3.012e-04
| loss 0: 3.790e-03| val metric 0: 0.001615 | best val: 0.001426 at epoch 351 | current lr: 3.012e-04
epoch: [353/500] | loss 0: 0.003674 | loss 1: 0.000000 | current lr: 2.976e-04
| loss 0: 3.674e-03| val metric 0: 0.001406 | best val: 0.001406 at epoch 353 | current lr: 2.976e-04
epoch: [354/500] | loss 0: 0.003690 | loss 1: 0.000000 | current lr: 2.941e-04
| loss 0: 3.690e-03| val metric 0: 0.001403 | best val: 0.001403 at epoch 354 | current lr: 2.941e-04
epoch: [355/500] | loss 0: 0.003499 | loss 1: 0.000000 | current lr: 2.905e-04
| loss 0: 3.499e-03| val metric 0: 0.001631 | best val: 0.001403 at epoch 354 | current lr: 2.905e-04
epoch: [356/500] | loss 0: 0.004026 | loss 1: 0.000000 | current lr: 2.869e-04
| loss 0: 4.026e-03| val metric 0: 0.001659 | best val: 0.001403 at epoch 354 | current lr: 2.869e-04
epoch: [357/500] | loss 0: 0.004385 | loss 1: 0.000000 | current lr: 2.834e-04
| loss 0: 4.385e-03| val metric 0: 0.001747 | best val: 0.001403 at epoch 354 | current lr: 2.834e-04
epoch: [358/500] | loss 0: 0.004425 | loss 1: 0.000000 | current lr: 2.799e-04
| loss 0: 4.425e-03| val metric 0: 0.001522 | best val: 0.001403 at epoch 354 | current lr: 2.799e-04
epoch: [359/500] | loss 0: 0.004513 | loss 1: 0.000000 | current lr: 2.763e-04
| loss 0: 4.513e-03| val metric 0: 0.001398 | best val: 0.001398 at epoch 359 | current lr: 2.763e-04
epoch: [360/500] | loss 0: 0.004480 | loss 1: 0.000000 | current lr: 2.728e-04
| loss 0: 4.480e-03| val metric 0: 0.001859 | best val: 0.001398 at epoch 359 | current lr: 2.728e-04
epoch: [361/500] | loss 0: 0.003776 | loss 1: 0.000000 | current lr: 2.693e-04
| loss 0: 3.776e-03| val metric 0: 0.001294 | best val: 0.001294 at epoch 361 | current lr: 2.693e-04
epoch: [362/500] | loss 0: 0.004256 | loss 1: 0.000000 | current lr: 2.659e-04
| loss 0: 4.256e-03| val metric 0: 0.001463 | best val: 0.001294 at epoch 361 | current lr: 2.659e-04
epoch: [363/500] | loss 0: 0.006391 | loss 1: 0.000000 | current lr: 2.624e-04
| loss 0: 6.391e-03| val metric 0: 0.002886 | best val: 0.001294 at epoch 361 | current lr: 2.624e-04
epoch: [364/500] | loss 0: 0.006254 | loss 1: 0.000000 | current lr: 2.590e-04
| loss 0: 6.254e-03| val metric 0: 0.002661 | best val: 0.001294 at epoch 361 | current lr: 2.590e-04
epoch: [365/500] | loss 0: 0.006016 | loss 1: 0.000000 | current lr: 2.555e-04
| loss 0: 6.016e-03| val metric 0: 0.002291 | best val: 0.001294 at epoch 361 | current lr: 2.555e-04
epoch: [366/500] | loss 0: 0.005712 | loss 1: 0.000000 | current lr: 2.521e-04
| loss 0: 5.712e-03| val metric 0: 0.002955 | best val: 0.001294 at epoch 361 | current lr: 2.521e-04
epoch: [367/500] | loss 0: 0.005990 | loss 1: 0.000000 | current lr: 2.487e-04
| loss 0: 5.990e-03| val metric 0: 0.002292 | best val: 0.001294 at epoch 361 | current lr: 2.487e-04
epoch: [368/500] | loss 0: 0.005577 | loss 1: 0.000000 | current lr: 2.453e-04
| loss 0: 5.577e-03| val metric 0: 0.002277 | best val: 0.001294 at epoch 361 | current lr: 2.453e-04
epoch: [369/500] | loss 0: 0.005461 | loss 1: 0.000000 | current lr: 2.419e-04
| loss 0: 5.461e-03| val metric 0: 0.002025 | best val: 0.001294 at epoch 361 | current lr: 2.419e-04
epoch: [370/500] | loss 0: 0.005237 | loss 1: 0.000000 | current lr: 2.386e-04
| loss 0: 5.237e-03| val metric 0: 0.002362 | best val: 0.001294 at epoch 361 | current lr: 2.386e-04
epoch: [371/500] | loss 0: 0.005415 | loss 1: 0.000000 | current lr: 2.352e-04
| loss 0: 5.415e-03| val metric 0: 0.002515 | best val: 0.001294 at epoch 361 | current lr: 2.352e-04
epoch: [372/500] | loss 0: 0.005311 | loss 1: 0.000000 | current lr: 2.319e-04
| loss 0: 5.311e-03| val metric 0: 0.002097 | best val: 0.001294 at epoch 361 | current lr: 2.319e-04
epoch: [373/500] | loss 0: 0.005033 | loss 1: 0.000000 | current lr: 2.286e-04
| loss 0: 5.033e-03| val metric 0: 0.002338 | best val: 0.001294 at epoch 361 | current lr: 2.286e-04
epoch: [374/500] | loss 0: 0.005176 | loss 1: 0.000000 | current lr: 2.253e-04
| loss 0: 5.176e-03| val metric 0: 0.002207 | best val: 0.001294 at epoch 361 | current lr: 2.253e-04
epoch: [375/500] | loss 0: 0.004984 | loss 1: 0.000000 | current lr: 2.221e-04
| loss 0: 4.984e-03| val metric 0: 0.002056 | best val: 0.001294 at epoch 361 | current lr: 2.221e-04
epoch: [376/500] | loss 0: 0.004791 | loss 1: 0.000000 | current lr: 2.188e-04
| loss 0: 4.791e-03| val metric 0: 0.002234 | best val: 0.001294 at epoch 361 | current lr: 2.188e-04
epoch: [377/500] | loss 0: 0.004851 | loss 1: 0.000000 | current lr: 2.156e-04
| loss 0: 4.851e-03| val metric 0: 0.002111 | best val: 0.001294 at epoch 361 | current lr: 2.156e-04
epoch: [378/500] | loss 0: 0.004717 | loss 1: 0.000000 | current lr: 2.123e-04
| loss 0: 4.717e-03| val metric 0: 0.001990 | best val: 0.001294 at epoch 361 | current lr: 2.123e-04
epoch: [379/500] | loss 0: 0.004585 | loss 1: 0.000000 | current lr: 2.091e-04
| loss 0: 4.585e-03| val metric 0: 0.002071 | best val: 0.001294 at epoch 361 | current lr: 2.091e-04
epoch: [380/500] | loss 0: 0.004555 | loss 1: 0.000000 | current lr: 2.059e-04
| loss 0: 4.555e-03| val metric 0: 0.001979 | best val: 0.001294 at epoch 361 | current lr: 2.059e-04
epoch: [381/500] | loss 0: 0.004441 | loss 1: 0.000000 | current lr: 2.028e-04
| loss 0: 4.441e-03| val metric 0: 0.001897 | best val: 0.001294 at epoch 361 | current lr: 2.028e-04
epoch: [382/500] | loss 0: 0.004331 | loss 1: 0.000000 | current lr: 1.996e-04
| loss 0: 4.331e-03| val metric 0: 0.001845 | best val: 0.001294 at epoch 361 | current lr: 1.996e-04
epoch: [383/500] | loss 0: 0.004241 | loss 1: 0.000000 | current lr: 1.965e-04
| loss 0: 4.241e-03| val metric 0: 0.001734 | best val: 0.001294 at epoch 361 | current lr: 1.965e-04
epoch: [384/500] | loss 0: 0.004180 | loss 1: 0.000000 | current lr: 1.934e-04
| loss 0: 4.180e-03| val metric 0: 0.001497 | best val: 0.001294 at epoch 361 | current lr: 1.934e-04
epoch: [385/500] | loss 0: 0.003443 | loss 1: 0.000000 | current lr: 1.903e-04
| loss 0: 3.443e-03| val metric 0: 0.001258 | best val: 0.001258 at epoch 385 | current lr: 1.903e-04
epoch: [386/500] | loss 0: 0.002964 | loss 1: 0.000000 | current lr: 1.872e-04
| loss 0: 2.964e-03| val metric 0: 0.001201 | best val: 0.001201 at epoch 386 | current lr: 1.872e-04
epoch: [387/500] | loss 0: 0.002938 | loss 1: 0.000000 | current lr: 1.842e-04
| loss 0: 2.938e-03| val metric 0: 0.001198 | best val: 0.001198 at epoch 387 | current lr: 1.842e-04
epoch: [388/500] | loss 0: 0.002935 | loss 1: 0.000000 | current lr: 1.811e-04
| loss 0: 2.935e-03| val metric 0: 0.001184 | best val: 0.001184 at epoch 388 | current lr: 1.811e-04
epoch: [389/500] | loss 0: 0.002904 | loss 1: 0.000000 | current lr: 1.781e-04
| loss 0: 2.904e-03| val metric 0: 0.001177 | best val: 0.001177 at epoch 389 | current lr: 1.781e-04
epoch: [390/500] | loss 0: 0.002885 | loss 1: 0.000000 | current lr: 1.751e-04
| loss 0: 2.885e-03| val metric 0: 0.001176 | best val: 0.001176 at epoch 390 | current lr: 1.751e-04
epoch: [391/500] | loss 0: 0.002886 | loss 1: 0.000000 | current lr: 1.722e-04
| loss 0: 2.886e-03| val metric 0: 0.001175 | best val: 0.001175 at epoch 391 | current lr: 1.722e-04
epoch: [392/500] | loss 0: 0.002884 | loss 1: 0.000000 | current lr: 1.692e-04
| loss 0: 2.884e-03| val metric 0: 0.001177 | best val: 0.001175 at epoch 391 | current lr: 1.692e-04
epoch: [393/500] | loss 0: 0.002884 | loss 1: 0.000000 | current lr: 1.663e-04
| loss 0: 2.884e-03| val metric 0: 0.001190 | best val: 0.001175 at epoch 391 | current lr: 1.663e-04
epoch: [394/500] | loss 0: 0.002897 | loss 1: 0.000000 | current lr: 1.633e-04
| loss 0: 2.897e-03| val metric 0: 0.001225 | best val: 0.001175 at epoch 391 | current lr: 1.633e-04
epoch: [395/500] | loss 0: 0.002932 | loss 1: 0.000000 | current lr: 1.605e-04
| loss 0: 2.932e-03| val metric 0: 0.001230 | best val: 0.001175 at epoch 391 | current lr: 1.605e-04
epoch: [396/500] | loss 0: 0.002924 | loss 1: 0.000000 | current lr: 1.576e-04
| loss 0: 2.924e-03| val metric 0: 0.001180 | best val: 0.001175 at epoch 391 | current lr: 1.576e-04
epoch: [397/500] | loss 0: 0.002877 | loss 1: 0.000000 | current lr: 1.547e-04
| loss 0: 2.877e-03| val metric 0: 0.001174 | best val: 0.001174 at epoch 397 | current lr: 1.547e-04
epoch: [398/500] | loss 0: 0.002859 | loss 1: 0.000000 | current lr: 1.519e-04
| loss 0: 2.859e-03| val metric 0: 0.001174 | best val: 0.001174 at epoch 398 | current lr: 1.519e-04
epoch: [399/500] | loss 0: 0.002849 | loss 1: 0.000000 | current lr: 1.491e-04
| loss 0: 2.849e-03| val metric 0: 0.001161 | best val: 0.001161 at epoch 399 | current lr: 1.491e-04
epoch: [400/500] | loss 0: 0.002829 | loss 1: 0.000000 | current lr: 1.463e-04
| loss 0: 2.829e-03| val metric 0: 0.001151 | best val: 0.001151 at epoch 400 | current lr: 1.463e-04
epoch: [401/500] | loss 0: 0.002811 | loss 1: 0.000000 | current lr: 1.435e-04
| loss 0: 2.811e-03| val metric 0: 0.001147 | best val: 0.001147 at epoch 401 | current lr: 1.435e-04
epoch: [402/500] | loss 0: 0.002797 | loss 1: 0.000000 | current lr: 1.408e-04
| loss 0: 2.797e-03| val metric 0: 0.001142 | best val: 0.001142 at epoch 402 | current lr: 1.408e-04
epoch: [403/500] | loss 0: 0.002783 | loss 1: 0.000000 | current lr: 1.381e-04
| loss 0: 2.783e-03| val metric 0: 0.001138 | best val: 0.001138 at epoch 403 | current lr: 1.381e-04
epoch: [404/500] | loss 0: 0.002770 | loss 1: 0.000000 | current lr: 1.354e-04
| loss 0: 2.770e-03| val metric 0: 0.001134 | best val: 0.001134 at epoch 404 | current lr: 1.354e-04
epoch: [405/500] | loss 0: 0.002759 | loss 1: 0.000000 | current lr: 1.327e-04
| loss 0: 2.759e-03| val metric 0: 0.001131 | best val: 0.001131 at epoch 405 | current lr: 1.327e-04
epoch: [406/500] | loss 0: 0.002751 | loss 1: 0.000000 | current lr: 1.301e-04
| loss 0: 2.751e-03| val metric 0: 0.001129 | best val: 0.001129 at epoch 406 | current lr: 1.301e-04
epoch: [407/500] | loss 0: 0.002743 | loss 1: 0.000000 | current lr: 1.274e-04
| loss 0: 2.743e-03| val metric 0: 0.001127 | best val: 0.001127 at epoch 407 | current lr: 1.274e-04
epoch: [408/500] | loss 0: 0.002737 | loss 1: 0.000000 | current lr: 1.248e-04
| loss 0: 2.737e-03| val metric 0: 0.001124 | best val: 0.001124 at epoch 408 | current lr: 1.248e-04
epoch: [409/500] | loss 0: 0.002731 | loss 1: 0.000000 | current lr: 1.222e-04
| loss 0: 2.731e-03| val metric 0: 0.001122 | best val: 0.001122 at epoch 409 | current lr: 1.222e-04
epoch: [410/500] | loss 0: 0.002725 | loss 1: 0.000000 | current lr: 1.197e-04
| loss 0: 2.725e-03| val metric 0: 0.001119 | best val: 0.001119 at epoch 410 | current lr: 1.197e-04
epoch: [411/500] | loss 0: 0.002719 | loss 1: 0.000000 | current lr: 1.171e-04
| loss 0: 2.719e-03| val metric 0: 0.001118 | best val: 0.001118 at epoch 411 | current lr: 1.171e-04
epoch: [412/500] | loss 0: 0.002713 | loss 1: 0.000000 | current lr: 1.146e-04
| loss 0: 2.713e-03| val metric 0: 0.001118 | best val: 0.001118 at epoch 411 | current lr: 1.146e-04
epoch: [413/500] | loss 0: 0.002709 | loss 1: 0.000000 | current lr: 1.121e-04
| loss 0: 2.709e-03| val metric 0: 0.001118 | best val: 0.001118 at epoch 411 | current lr: 1.121e-04
epoch: [414/500] | loss 0: 0.002706 | loss 1: 0.000000 | current lr: 1.097e-04
| loss 0: 2.706e-03| val metric 0: 0.001118 | best val: 0.001118 at epoch 411 | current lr: 1.097e-04
epoch: [415/500] | loss 0: 0.002704 | loss 1: 0.000000 | current lr: 1.072e-04
| loss 0: 2.704e-03| val metric 0: 0.001119 | best val: 0.001118 at epoch 411 | current lr: 1.072e-04
epoch: [416/500] | loss 0: 0.002702 | loss 1: 0.000000 | current lr: 1.048e-04
| loss 0: 2.702e-03| val metric 0: 0.001120 | best val: 0.001118 at epoch 411 | current lr: 1.048e-04
epoch: [417/500] | loss 0: 0.002704 | loss 1: 0.000000 | current lr: 1.024e-04
| loss 0: 2.704e-03| val metric 0: 0.001120 | best val: 0.001118 at epoch 411 | current lr: 1.024e-04
epoch: [418/500] | loss 0: 0.002706 | loss 1: 0.000000 | current lr: 1.000e-04
| loss 0: 2.706e-03| val metric 0: 0.001111 | best val: 0.001111 at epoch 418 | current lr: 1.000e-04
epoch: [419/500] | loss 0: 0.002698 | loss 1: 0.000000 | current lr: 9.770e-05
| loss 0: 2.698e-03| val metric 0: 0.001096 | best val: 0.001096 at epoch 419 | current lr: 9.770e-05
epoch: [420/500] | loss 0: 0.002690 | loss 1: 0.000000 | current lr: 9.538e-05
| loss 0: 2.690e-03| val metric 0: 0.001093 | best val: 0.001093 at epoch 420 | current lr: 9.538e-05
epoch: [421/500] | loss 0: 0.002690 | loss 1: 0.000000 | current lr: 9.308e-05
| loss 0: 2.690e-03| val metric 0: 0.001101 | best val: 0.001093 at epoch 420 | current lr: 9.308e-05
epoch: [422/500] | loss 0: 0.002676 | loss 1: 0.000000 | current lr: 9.081e-05
| loss 0: 2.676e-03| val metric 0: 0.001097 | best val: 0.001093 at epoch 420 | current lr: 9.081e-05
epoch: [423/500] | loss 0: 0.002658 | loss 1: 0.000000 | current lr: 8.857e-05
| loss 0: 2.658e-03| val metric 0: 0.001091 | best val: 0.001091 at epoch 423 | current lr: 8.857e-05
epoch: [424/500] | loss 0: 0.002650 | loss 1: 0.000000 | current lr: 8.635e-05
| loss 0: 2.650e-03| val metric 0: 0.001089 | best val: 0.001089 at epoch 424 | current lr: 8.635e-05
epoch: [425/500] | loss 0: 0.002645 | loss 1: 0.000000 | current lr: 8.416e-05
| loss 0: 2.645e-03| val metric 0: 0.001086 | best val: 0.001086 at epoch 425 | current lr: 8.416e-05
epoch: [426/500] | loss 0: 0.002641 | loss 1: 0.000000 | current lr: 8.199e-05
| loss 0: 2.641e-03| val metric 0: 0.001083 | best val: 0.001083 at epoch 426 | current lr: 8.199e-05
epoch: [427/500] | loss 0: 0.002637 | loss 1: 0.000000 | current lr: 7.985e-05
| loss 0: 2.637e-03| val metric 0: 0.001080 | best val: 0.001080 at epoch 427 | current lr: 7.985e-05
epoch: [428/500] | loss 0: 0.002631 | loss 1: 0.000000 | current lr: 7.773e-05
| loss 0: 2.631e-03| val metric 0: 0.001079 | best val: 0.001079 at epoch 428 | current lr: 7.773e-05
epoch: [429/500] | loss 0: 0.002624 | loss 1: 0.000000 | current lr: 7.564e-05
| loss 0: 2.624e-03| val metric 0: 0.001079 | best val: 0.001079 at epoch 428 | current lr: 7.564e-05
epoch: [430/500] | loss 0: 0.002619 | loss 1: 0.000000 | current lr: 7.358e-05
| loss 0: 2.619e-03| val metric 0: 0.001078 | best val: 0.001078 at epoch 430 | current lr: 7.358e-05
epoch: [431/500] | loss 0: 0.002616 | loss 1: 0.000000 | current lr: 7.154e-05
| loss 0: 2.616e-03| val metric 0: 0.001076 | best val: 0.001076 at epoch 431 | current lr: 7.154e-05
epoch: [432/500] | loss 0: 0.002614 | loss 1: 0.000000 | current lr: 6.953e-05
| loss 0: 2.614e-03| val metric 0: 0.001074 | best val: 0.001074 at epoch 432 | current lr: 6.953e-05
epoch: [433/500] | loss 0: 0.002611 | loss 1: 0.000000 | current lr: 6.754e-05
| loss 0: 2.611e-03| val metric 0: 0.001074 | best val: 0.001074 at epoch 433 | current lr: 6.754e-05
epoch: [434/500] | loss 0: 0.002606 | loss 1: 0.000000 | current lr: 6.559e-05
| loss 0: 2.606e-03| val metric 0: 0.001075 | best val: 0.001074 at epoch 433 | current lr: 6.559e-05
epoch: [435/500] | loss 0: 0.002604 | loss 1: 0.000000 | current lr: 6.366e-05
| loss 0: 2.604e-03| val metric 0: 0.001076 | best val: 0.001074 at epoch 433 | current lr: 6.366e-05
epoch: [436/500] | loss 0: 0.002606 | loss 1: 0.000000 | current lr: 6.175e-05
| loss 0: 2.606e-03| val metric 0: 0.001077 | best val: 0.001074 at epoch 433 | current lr: 6.175e-05
epoch: [437/500] | loss 0: 0.002615 | loss 1: 0.000000 | current lr: 5.988e-05
| loss 0: 2.615e-03| val metric 0: 0.001075 | best val: 0.001074 at epoch 433 | current lr: 5.988e-05
epoch: [438/500] | loss 0: 0.002626 | loss 1: 0.000000 | current lr: 5.803e-05
| loss 0: 2.626e-03| val metric 0: 0.001067 | best val: 0.001067 at epoch 438 | current lr: 5.803e-05
epoch: [439/500] | loss 0: 0.002624 | loss 1: 0.000000 | current lr: 5.620e-05
| loss 0: 2.624e-03| val metric 0: 0.001063 | best val: 0.001063 at epoch 439 | current lr: 5.620e-05
epoch: [440/500] | loss 0: 0.002604 | loss 1: 0.000000 | current lr: 5.441e-05
| loss 0: 2.604e-03| val metric 0: 0.001067 | best val: 0.001063 at epoch 439 | current lr: 5.441e-05
epoch: [441/500] | loss 0: 0.002585 | loss 1: 0.000000 | current lr: 5.264e-05
| loss 0: 2.585e-03| val metric 0: 0.001065 | best val: 0.001063 at epoch 439 | current lr: 5.264e-05
epoch: [442/500] | loss 0: 0.002574 | loss 1: 0.000000 | current lr: 5.090e-05
| loss 0: 2.574e-03| val metric 0: 0.001060 | best val: 0.001060 at epoch 442 | current lr: 5.090e-05
epoch: [443/500] | loss 0: 0.002571 | loss 1: 0.000000 | current lr: 4.919e-05
| loss 0: 2.571e-03| val metric 0: 0.001059 | best val: 0.001059 at epoch 443 | current lr: 4.919e-05
epoch: [444/500] | loss 0: 0.002570 | loss 1: 0.000000 | current lr: 4.750e-05
| loss 0: 2.570e-03| val metric 0: 0.001059 | best val: 0.001059 at epoch 444 | current lr: 4.750e-05
epoch: [445/500] | loss 0: 0.002568 | loss 1: 0.000000 | current lr: 4.585e-05
| loss 0: 2.568e-03| val metric 0: 0.001057 | best val: 0.001057 at epoch 445 | current lr: 4.585e-05
epoch: [446/500] | loss 0: 0.002567 | loss 1: 0.000000 | current lr: 4.422e-05
| loss 0: 2.567e-03| val metric 0: 0.001058 | best val: 0.001057 at epoch 445 | current lr: 4.422e-05
epoch: [447/500] | loss 0: 0.002566 | loss 1: 0.000000 | current lr: 4.262e-05
| loss 0: 2.566e-03| val metric 0: 0.001056 | best val: 0.001056 at epoch 447 | current lr: 4.262e-05
epoch: [448/500] | loss 0: 0.002566 | loss 1: 0.000000 | current lr: 4.104e-05
| loss 0: 2.566e-03| val metric 0: 0.001054 | best val: 0.001054 at epoch 448 | current lr: 4.104e-05
epoch: [449/500] | loss 0: 0.002567 | loss 1: 0.000000 | current lr: 3.950e-05
| loss 0: 2.567e-03| val metric 0: 0.001054 | best val: 0.001054 at epoch 448 | current lr: 3.950e-05
epoch: [450/500] | loss 0: 0.002569 | loss 1: 0.000000 | current lr: 3.799e-05
| loss 0: 2.569e-03| val metric 0: 0.001054 | best val: 0.001054 at epoch 448 | current lr: 3.799e-05
epoch: [451/500] | loss 0: 0.002572 | loss 1: 0.000000 | current lr: 3.650e-05
| loss 0: 2.572e-03| val metric 0: 0.001051 | best val: 0.001051 at epoch 451 | current lr: 3.650e-05
epoch: [452/500] | loss 0: 0.002573 | loss 1: 0.000000 | current lr: 3.504e-05
| loss 0: 2.573e-03| val metric 0: 0.001050 | best val: 0.001050 at epoch 452 | current lr: 3.504e-05
epoch: [453/500] | loss 0: 0.002574 | loss 1: 0.000000 | current lr: 3.361e-05
| loss 0: 2.574e-03| val metric 0: 0.001055 | best val: 0.001050 at epoch 452 | current lr: 3.361e-05
epoch: [454/500] | loss 0: 0.002570 | loss 1: 0.000000 | current lr: 3.221e-05
| loss 0: 2.570e-03| val metric 0: 0.001055 | best val: 0.001050 at epoch 452 | current lr: 3.221e-05
epoch: [455/500] | loss 0: 0.002559 | loss 1: 0.000000 | current lr: 3.084e-05
| loss 0: 2.559e-03| val metric 0: 0.001054 | best val: 0.001050 at epoch 452 | current lr: 3.084e-05
epoch: [456/500] | loss 0: 0.002549 | loss 1: 0.000000 | current lr: 2.949e-05
| loss 0: 2.549e-03| val metric 0: 0.001051 | best val: 0.001050 at epoch 452 | current lr: 2.949e-05
epoch: [457/500] | loss 0: 0.002545 | loss 1: 0.000000 | current lr: 2.818e-05
| loss 0: 2.545e-03| val metric 0: 0.001047 | best val: 0.001047 at epoch 457 | current lr: 2.818e-05
epoch: [458/500] | loss 0: 0.002541 | loss 1: 0.000000 | current lr: 2.689e-05
| loss 0: 2.541e-03| val metric 0: 0.001045 | best val: 0.001045 at epoch 458 | current lr: 2.689e-05
epoch: [459/500] | loss 0: 0.002537 | loss 1: 0.000000 | current lr: 2.564e-05
| loss 0: 2.537e-03| val metric 0: 0.001043 | best val: 0.001043 at epoch 459 | current lr: 2.564e-05
epoch: [460/500] | loss 0: 0.002531 | loss 1: 0.000000 | current lr: 2.441e-05
| loss 0: 2.531e-03| val metric 0: 0.001040 | best val: 0.001040 at epoch 460 | current lr: 2.441e-05
epoch: [461/500] | loss 0: 0.002526 | loss 1: 0.000000 | current lr: 2.321e-05
| loss 0: 2.526e-03| val metric 0: 0.001039 | best val: 0.001039 at epoch 461 | current lr: 2.321e-05
epoch: [462/500] | loss 0: 0.002525 | loss 1: 0.000000 | current lr: 2.205e-05
| loss 0: 2.525e-03| val metric 0: 0.001038 | best val: 0.001038 at epoch 462 | current lr: 2.205e-05
epoch: [463/500] | loss 0: 0.002524 | loss 1: 0.000000 | current lr: 2.091e-05
| loss 0: 2.524e-03| val metric 0: 0.001038 | best val: 0.001038 at epoch 463 | current lr: 2.091e-05
epoch: [464/500] | loss 0: 0.002523 | loss 1: 0.000000 | current lr: 1.980e-05
| loss 0: 2.523e-03| val metric 0: 0.001038 | best val: 0.001038 at epoch 463 | current lr: 1.980e-05
epoch: [465/500] | loss 0: 0.002523 | loss 1: 0.000000 | current lr: 1.872e-05
| loss 0: 2.523e-03| val metric 0: 0.001039 | best val: 0.001038 at epoch 463 | current lr: 1.872e-05
epoch: [466/500] | loss 0: 0.002522 | loss 1: 0.000000 | current lr: 1.767e-05
| loss 0: 2.522e-03| val metric 0: 0.001039 | best val: 0.001038 at epoch 463 | current lr: 1.767e-05
epoch: [467/500] | loss 0: 0.002522 | loss 1: 0.000000 | current lr: 1.665e-05
| loss 0: 2.522e-03| val metric 0: 0.001039 | best val: 0.001038 at epoch 463 | current lr: 1.665e-05
epoch: [468/500] | loss 0: 0.002521 | loss 1: 0.000000 | current lr: 1.566e-05
| loss 0: 2.521e-03| val metric 0: 0.001038 | best val: 0.001038 at epoch 463 | current lr: 1.566e-05
epoch: [469/500] | loss 0: 0.002520 | loss 1: 0.000000 | current lr: 1.470e-05
| loss 0: 2.520e-03| val metric 0: 0.001038 | best val: 0.001038 at epoch 469 | current lr: 1.470e-05
epoch: [470/500] | loss 0: 0.002519 | loss 1: 0.000000 | current lr: 1.377e-05
| loss 0: 2.519e-03| val metric 0: 0.001037 | best val: 0.001037 at epoch 470 | current lr: 1.377e-05
epoch: [471/500] | loss 0: 0.002520 | loss 1: 0.000000 | current lr: 1.287e-05
| loss 0: 2.520e-03| val metric 0: 0.001037 | best val: 0.001037 at epoch 471 | current lr: 1.287e-05
epoch: [472/500] | loss 0: 0.002521 | loss 1: 0.000000 | current lr: 1.200e-05
| loss 0: 2.521e-03| val metric 0: 0.001037 | best val: 0.001037 at epoch 471 | current lr: 1.200e-05
epoch: [473/500] | loss 0: 0.002522 | loss 1: 0.000000 | current lr: 1.116e-05
| loss 0: 2.522e-03| val metric 0: 0.001040 | best val: 0.001037 at epoch 471 | current lr: 1.116e-05
epoch: [474/500] | loss 0: 0.002522 | loss 1: 0.000000 | current lr: 1.035e-05
| loss 0: 2.522e-03| val metric 0: 0.001040 | best val: 0.001037 at epoch 471 | current lr: 1.035e-05
epoch: [475/500] | loss 0: 0.002519 | loss 1: 0.000000 | current lr: 9.569e-06
| loss 0: 2.519e-03| val metric 0: 0.001036 | best val: 0.001036 at epoch 475 | current lr: 9.569e-06
epoch: [476/500] | loss 0: 0.002512 | loss 1: 0.000000 | current lr: 8.820e-06
| loss 0: 2.512e-03| val metric 0: 0.001034 | best val: 0.001034 at epoch 476 | current lr: 8.820e-06
epoch: [477/500] | loss 0: 0.002507 | loss 1: 0.000000 | current lr: 8.100e-06
| loss 0: 2.507e-03| val metric 0: 0.001033 | best val: 0.001033 at epoch 477 | current lr: 8.100e-06
epoch: [478/500] | loss 0: 0.002508 | loss 1: 0.000000 | current lr: 7.412e-06
| loss 0: 2.508e-03| val metric 0: 0.001033 | best val: 0.001033 at epoch 478 | current lr: 7.412e-06
epoch: [479/500] | loss 0: 0.002507 | loss 1: 0.000000 | current lr: 6.753e-06
| loss 0: 2.507e-03| val metric 0: 0.001032 | best val: 0.001032 at epoch 479 | current lr: 6.753e-06
epoch: [480/500] | loss 0: 0.002506 | loss 1: 0.000000 | current lr: 6.125e-06
| loss 0: 2.506e-03| val metric 0: 0.001031 | best val: 0.001031 at epoch 480 | current lr: 6.125e-06
epoch: [481/500] | loss 0: 0.002505 | loss 1: 0.000000 | current lr: 5.528e-06
| loss 0: 2.505e-03| val metric 0: 0.001031 | best val: 0.001031 at epoch 481 | current lr: 5.528e-06
epoch: [482/500] | loss 0: 0.002505 | loss 1: 0.000000 | current lr: 4.961e-06
| loss 0: 2.505e-03| val metric 0: 0.001030 | best val: 0.001030 at epoch 482 | current lr: 4.961e-06
epoch: [483/500] | loss 0: 0.002504 | loss 1: 0.000000 | current lr: 4.424e-06
| loss 0: 2.504e-03| val metric 0: 0.001030 | best val: 0.001030 at epoch 483 | current lr: 4.424e-06
epoch: [484/500] | loss 0: 0.002503 | loss 1: 0.000000 | current lr: 3.918e-06
| loss 0: 2.503e-03| val metric 0: 0.001030 | best val: 0.001030 at epoch 484 | current lr: 3.918e-06
epoch: [485/500] | loss 0: 0.002503 | loss 1: 0.000000 | current lr: 3.443e-06
| loss 0: 2.503e-03| val metric 0: 0.001030 | best val: 0.001030 at epoch 485 | current lr: 3.443e-06
epoch: [486/500] | loss 0: 0.002502 | loss 1: 0.000000 | current lr: 2.998e-06
| loss 0: 2.502e-03| val metric 0: 0.001030 | best val: 0.001030 at epoch 486 | current lr: 2.998e-06
epoch: [487/500] | loss 0: 0.002502 | loss 1: 0.000000 | current lr: 2.584e-06
| loss 0: 2.502e-03| val metric 0: 0.001029 | best val: 0.001029 at epoch 487 | current lr: 2.584e-06
epoch: [488/500] | loss 0: 0.002502 | loss 1: 0.000000 | current lr: 2.201e-06
| loss 0: 2.502e-03| val metric 0: 0.001029 | best val: 0.001029 at epoch 488 | current lr: 2.201e-06
epoch: [489/500] | loss 0: 0.002502 | loss 1: 0.000000 | current lr: 1.848e-06
| loss 0: 2.502e-03| val metric 0: 0.001030 | best val: 0.001029 at epoch 488 | current lr: 1.848e-06
epoch: [490/500] | loss 0: 0.002501 | loss 1: 0.000000 | current lr: 1.526e-06
| loss 0: 2.501e-03| val metric 0: 0.001030 | best val: 0.001029 at epoch 488 | current lr: 1.526e-06
epoch: [491/500] | loss 0: 0.002501 | loss 1: 0.000000 | current lr: 1.235e-06
| loss 0: 2.501e-03| val metric 0: 0.001029 | best val: 0.001029 at epoch 491 | current lr: 1.235e-06
epoch: [492/500] | loss 0: 0.002500 | loss 1: 0.000000 | current lr: 9.744e-07
| loss 0: 2.500e-03| val metric 0: 0.001029 | best val: 0.001029 at epoch 492 | current lr: 9.744e-07
epoch: [493/500] | loss 0: 0.002500 | loss 1: 0.000000 | current lr: 7.447e-07
| loss 0: 2.500e-03| val metric 0: 0.001029 | best val: 0.001029 at epoch 493 | current lr: 7.447e-07
epoch: [494/500] | loss 0: 0.002500 | loss 1: 0.000000 | current lr: 5.459e-07
| loss 0: 2.500e-03| val metric 0: 0.001029 | best val: 0.001029 at epoch 494 | current lr: 5.459e-07
epoch: [495/500] | loss 0: 0.002500 | loss 1: 0.000000 | current lr: 3.778e-07
| loss 0: 2.500e-03| val metric 0: 0.001029 | best val: 0.001029 at epoch 495 | current lr: 3.778e-07
epoch: [496/500] | loss 0: 0.002500 | loss 1: 0.000000 | current lr: 2.406e-07
| loss 0: 2.500e-03| val metric 0: 0.001029 | best val: 0.001029 at epoch 496 | current lr: 2.406e-07
epoch: [497/500] | loss 0: 0.002500 | loss 1: 0.000000 | current lr: 1.342e-07
| loss 0: 2.500e-03| val metric 0: 0.001029 | best val: 0.001029 at epoch 497 | current lr: 1.342e-07
epoch: [498/500] | loss 0: 0.002500 | loss 1: 0.000000 | current lr: 5.865e-08
| loss 0: 2.500e-03| val metric 0: 0.001029 | best val: 0.001029 at epoch 498 | current lr: 5.865e-08
epoch: [499/500] | loss 0: 0.002500 | loss 1: 0.000000 | current lr: 1.393e-08
| loss 0: 2.500e-03| val metric 0: 0.001029 | best val: 0.001029 at epoch 499 | current lr: 1.393e-08
epoch: [500/500] | loss 0: 0.002500 | loss 1: 0.000000 | current lr: 4.855e-11
| loss 0: 2.500e-03| val metric 0: 0.001029 | best val: 0.001029 at epoch 499 | current lr: 4.855e-11
Training takes 1802.1924014091492 seconds.
