Namespace(dataset='diffr3d', component='all', seed=2023, gpu=0, use_tb=0, comment='rel2', train_num='all', test_num='all', sort_data=0, normalize_x='unit', use_normalizer='unit', epochs=500, optimizer='AdamW', lr=0.001, weight_decay=5e-05, grad_clip='1000.0', batch_size=50, val_batch_size=8, no_cuda=False, lr_method='cycle', lr_step_size=50, warmup_epochs=50, loss_name='rel2', model_name='GNOT', n_hidden=64, n_layers=5, act='gelu', n_head=1, ffn_dropout=0.0, attn_dropout=0.0, mlp_layers=3, attn_type='linear', hfourier_dim=0, n_experts=1, branch_sizes=[2], n_inner=4)
Load dataset finished 0.09593343734741211
Training with 1000 samples
Target features are normalized using unit transformer
tensor([[0.7733]]) tensor([[0.3227]])
Target features are normalized using unit transformer
Input features are normalized using unit transformer
Load dataset finished 0.01818108558654785
Testing with 200 samples
Target features are normalized using unit transformer
Input features are normalized using unit transformer
3


The following code snippets have been run.
==================================================

    os.environ['PYTHONHASHSEED'] = str(2023)
    numpy.random.seed(2023)
    torch.manual_seed(2023)
    torch.cuda.manual_seed(2023)
    torch.backends.cudnn.deterministic = True
    torch.backends.cudnn.benchmark = False
    if torch.cuda.is_available():
        torch.cuda.manual_seed_all(2023)
    
==================================================
Using Linear Attention
Using Linear Attention
Using Linear Attention
Using Linear Attention
Using Linear Attention

Model: MIOEGPT	 Number of params: 886470
Saving model and result in ./../models/checkpoints/diffr3d_all_MIOEGPTrel2_0917_02_43_35.pt

Using cycle learning rate schedule
epoch: [1/500] | loss 0: 1.337084 | loss 1: 0.000000 | current lr: 3.469e-07
| loss 0: 1.337e+00| val metric 0: 0.570956 | best val: 0.570956 at epoch 1 | current lr: 3.469e-07
epoch: [2/500] | loss 0: 1.271491 | loss 1: 0.000000 | current lr: 1.088e-06
| loss 0: 1.271e+00| val metric 0: 0.526133 | best val: 0.526133 at epoch 2 | current lr: 1.088e-06
epoch: [3/500] | loss 0: 1.119417 | loss 1: 0.000000 | current lr: 2.321e-06
| loss 0: 1.119e+00| val metric 0: 0.445548 | best val: 0.445548 at epoch 3 | current lr: 2.321e-06
epoch: [4/500] | loss 0: 0.918073 | loss 1: 0.000000 | current lr: 4.046e-06
| loss 0: 9.181e-01| val metric 0: 0.353846 | best val: 0.353846 at epoch 4 | current lr: 4.046e-06
epoch: [5/500] | loss 0: 0.705810 | loss 1: 0.000000 | current lr: 6.261e-06
| loss 0: 7.058e-01| val metric 0: 0.273668 | best val: 0.273668 at epoch 5 | current lr: 6.261e-06
epoch: [6/500] | loss 0: 0.523596 | loss 1: 0.000000 | current lr: 8.964e-06
| loss 0: 5.236e-01| val metric 0: 0.184294 | best val: 0.184294 at epoch 6 | current lr: 8.964e-06
epoch: [7/500] | loss 0: 0.360689 | loss 1: 0.000000 | current lr: 1.215e-05
| loss 0: 3.607e-01| val metric 0: 0.128305 | best val: 0.128305 at epoch 7 | current lr: 1.215e-05
epoch: [8/500] | loss 0: 0.281756 | loss 1: 0.000000 | current lr: 1.582e-05
| loss 0: 2.818e-01| val metric 0: 0.102999 | best val: 0.102999 at epoch 8 | current lr: 1.582e-05
epoch: [9/500] | loss 0: 0.227869 | loss 1: 0.000000 | current lr: 1.997e-05
| loss 0: 2.279e-01| val metric 0: 0.082205 | best val: 0.082205 at epoch 9 | current lr: 1.997e-05
epoch: [10/500] | loss 0: 0.184033 | loss 1: 0.000000 | current lr: 2.459e-05
| loss 0: 1.840e-01| val metric 0: 0.067001 | best val: 0.067001 at epoch 10 | current lr: 2.459e-05
epoch: [11/500] | loss 0: 0.155733 | loss 1: 0.000000 | current lr: 2.969e-05
| loss 0: 1.557e-01| val metric 0: 0.057651 | best val: 0.057651 at epoch 11 | current lr: 2.969e-05
epoch: [12/500] | loss 0: 0.138998 | loss 1: 0.000000 | current lr: 3.524e-05
| loss 0: 1.390e-01| val metric 0: 0.053728 | best val: 0.053728 at epoch 12 | current lr: 3.524e-05
epoch: [13/500] | loss 0: 0.126534 | loss 1: 0.000000 | current lr: 4.126e-05
| loss 0: 1.265e-01| val metric 0: 0.047684 | best val: 0.047684 at epoch 13 | current lr: 4.126e-05
epoch: [14/500] | loss 0: 0.118464 | loss 1: 0.000000 | current lr: 4.773e-05
| loss 0: 1.185e-01| val metric 0: 0.044762 | best val: 0.044762 at epoch 14 | current lr: 4.773e-05
epoch: [15/500] | loss 0: 0.111894 | loss 1: 0.000000 | current lr: 5.464e-05
| loss 0: 1.119e-01| val metric 0: 0.043942 | best val: 0.043942 at epoch 15 | current lr: 5.464e-05
epoch: [16/500] | loss 0: 0.108386 | loss 1: 0.000000 | current lr: 6.200e-05
| loss 0: 1.084e-01| val metric 0: 0.042005 | best val: 0.042005 at epoch 16 | current lr: 6.200e-05
epoch: [17/500] | loss 0: 0.106559 | loss 1: 0.000000 | current lr: 6.979e-05
| loss 0: 1.066e-01| val metric 0: 0.042886 | best val: 0.042005 at epoch 16 | current lr: 6.979e-05
epoch: [18/500] | loss 0: 0.112292 | loss 1: 0.000000 | current lr: 7.800e-05
| loss 0: 1.123e-01| val metric 0: 0.041687 | best val: 0.041687 at epoch 18 | current lr: 7.800e-05
epoch: [19/500] | loss 0: 0.105446 | loss 1: 0.000000 | current lr: 8.663e-05
| loss 0: 1.054e-01| val metric 0: 0.041158 | best val: 0.041158 at epoch 19 | current lr: 8.663e-05
epoch: [20/500] | loss 0: 0.104747 | loss 1: 0.000000 | current lr: 9.567e-05
| loss 0: 1.047e-01| val metric 0: 0.041948 | best val: 0.041158 at epoch 19 | current lr: 9.567e-05
epoch: [21/500] | loss 0: 0.115061 | loss 1: 0.000000 | current lr: 1.051e-04
| loss 0: 1.151e-01| val metric 0: 0.041039 | best val: 0.041039 at epoch 21 | current lr: 1.051e-04
epoch: [22/500] | loss 0: 0.116046 | loss 1: 0.000000 | current lr: 1.149e-04
| loss 0: 1.160e-01| val metric 0: 0.048005 | best val: 0.041039 at epoch 21 | current lr: 1.149e-04
epoch: [23/500] | loss 0: 0.105405 | loss 1: 0.000000 | current lr: 1.252e-04
| loss 0: 1.054e-01| val metric 0: 0.040240 | best val: 0.040240 at epoch 23 | current lr: 1.252e-04
epoch: [24/500] | loss 0: 0.103847 | loss 1: 0.000000 | current lr: 1.357e-04
| loss 0: 1.038e-01| val metric 0: 0.042960 | best val: 0.040240 at epoch 23 | current lr: 1.357e-04
epoch: [25/500] | loss 0: 0.104398 | loss 1: 0.000000 | current lr: 1.467e-04
| loss 0: 1.044e-01| val metric 0: 0.038175 | best val: 0.038175 at epoch 25 | current lr: 1.467e-04
epoch: [26/500] | loss 0: 0.106567 | loss 1: 0.000000 | current lr: 1.580e-04
| loss 0: 1.066e-01| val metric 0: 0.038020 | best val: 0.038020 at epoch 26 | current lr: 1.580e-04
epoch: [27/500] | loss 0: 0.107639 | loss 1: 0.000000 | current lr: 1.696e-04
| loss 0: 1.076e-01| val metric 0: 0.044931 | best val: 0.038020 at epoch 26 | current lr: 1.696e-04
epoch: [28/500] | loss 0: 0.097993 | loss 1: 0.000000 | current lr: 1.815e-04
| loss 0: 9.799e-02| val metric 0: 0.036344 | best val: 0.036344 at epoch 28 | current lr: 1.815e-04
epoch: [29/500] | loss 0: 0.100863 | loss 1: 0.000000 | current lr: 1.938e-04
| loss 0: 1.009e-01| val metric 0: 0.035566 | best val: 0.035566 at epoch 29 | current lr: 1.938e-04
epoch: [30/500] | loss 0: 0.091944 | loss 1: 0.000000 | current lr: 2.064e-04
| loss 0: 9.194e-02| val metric 0: 0.040453 | best val: 0.035566 at epoch 29 | current lr: 2.064e-04
epoch: [31/500] | loss 0: 0.094584 | loss 1: 0.000000 | current lr: 2.192e-04
| loss 0: 9.458e-02| val metric 0: 0.029474 | best val: 0.029474 at epoch 31 | current lr: 2.192e-04
epoch: [32/500] | loss 0: 0.084507 | loss 1: 0.000000 | current lr: 2.324e-04
| loss 0: 8.451e-02| val metric 0: 0.027378 | best val: 0.027378 at epoch 32 | current lr: 2.324e-04
epoch: [33/500] | loss 0: 0.098263 | loss 1: 0.000000 | current lr: 2.458e-04
| loss 0: 9.826e-02| val metric 0: 0.039476 | best val: 0.027378 at epoch 32 | current lr: 2.458e-04
epoch: [34/500] | loss 0: 0.143230 | loss 1: 0.000000 | current lr: 2.594e-04
| loss 0: 1.432e-01| val metric 0: 0.066599 | best val: 0.027378 at epoch 32 | current lr: 2.594e-04
epoch: [35/500] | loss 0: 0.123530 | loss 1: 0.000000 | current lr: 2.733e-04
| loss 0: 1.235e-01| val metric 0: 0.052885 | best val: 0.027378 at epoch 32 | current lr: 2.733e-04
epoch: [36/500] | loss 0: 0.110277 | loss 1: 0.000000 | current lr: 2.874e-04
| loss 0: 1.103e-01| val metric 0: 0.051954 | best val: 0.027378 at epoch 32 | current lr: 2.874e-04
epoch: [37/500] | loss 0: 0.088576 | loss 1: 0.000000 | current lr: 3.018e-04
| loss 0: 8.858e-02| val metric 0: 0.028708 | best val: 0.027378 at epoch 32 | current lr: 3.018e-04
epoch: [38/500] | loss 0: 0.057225 | loss 1: 0.000000 | current lr: 3.163e-04
| loss 0: 5.723e-02| val metric 0: 0.018885 | best val: 0.018885 at epoch 38 | current lr: 3.163e-04
epoch: [39/500] | loss 0: 0.060967 | loss 1: 0.000000 | current lr: 3.310e-04
| loss 0: 6.097e-02| val metric 0: 0.017145 | best val: 0.017145 at epoch 39 | current lr: 3.310e-04
epoch: [40/500] | loss 0: 0.059786 | loss 1: 0.000000 | current lr: 3.459e-04
| loss 0: 5.979e-02| val metric 0: 0.033572 | best val: 0.017145 at epoch 39 | current lr: 3.459e-04
epoch: [41/500] | loss 0: 0.066222 | loss 1: 0.000000 | current lr: 3.609e-04
| loss 0: 6.622e-02| val metric 0: 0.052776 | best val: 0.017145 at epoch 39 | current lr: 3.609e-04
epoch: [42/500] | loss 0: 0.106967 | loss 1: 0.000000 | current lr: 3.760e-04
| loss 0: 1.070e-01| val metric 0: 0.035331 | best val: 0.017145 at epoch 39 | current lr: 3.760e-04
epoch: [43/500] | loss 0: 0.081430 | loss 1: 0.000000 | current lr: 3.913e-04
| loss 0: 8.143e-02| val metric 0: 0.021352 | best val: 0.017145 at epoch 39 | current lr: 3.913e-04
epoch: [44/500] | loss 0: 0.072449 | loss 1: 0.000000 | current lr: 4.067e-04
| loss 0: 7.245e-02| val metric 0: 0.034566 | best val: 0.017145 at epoch 39 | current lr: 4.067e-04
epoch: [45/500] | loss 0: 0.077920 | loss 1: 0.000000 | current lr: 4.222e-04
| loss 0: 7.792e-02| val metric 0: 0.025642 | best val: 0.017145 at epoch 39 | current lr: 4.222e-04
epoch: [46/500] | loss 0: 0.069182 | loss 1: 0.000000 | current lr: 4.377e-04
| loss 0: 6.918e-02| val metric 0: 0.018060 | best val: 0.017145 at epoch 39 | current lr: 4.377e-04
epoch: [47/500] | loss 0: 0.073523 | loss 1: 0.000000 | current lr: 4.534e-04
| loss 0: 7.352e-02| val metric 0: 0.034239 | best val: 0.017145 at epoch 39 | current lr: 4.534e-04
epoch: [48/500] | loss 0: 0.094552 | loss 1: 0.000000 | current lr: 4.690e-04
| loss 0: 9.455e-02| val metric 0: 0.030723 | best val: 0.017145 at epoch 39 | current lr: 4.690e-04
epoch: [49/500] | loss 0: 0.104620 | loss 1: 0.000000 | current lr: 4.847e-04
| loss 0: 1.046e-01| val metric 0: 0.035378 | best val: 0.017145 at epoch 39 | current lr: 4.847e-04
epoch: [50/500] | loss 0: 0.076237 | loss 1: 0.000000 | current lr: 5.004e-04
| loss 0: 7.624e-02| val metric 0: 0.034462 | best val: 0.017145 at epoch 39 | current lr: 5.004e-04
epoch: [51/500] | loss 0: 0.055195 | loss 1: 0.000000 | current lr: 5.162e-04
| loss 0: 5.519e-02| val metric 0: 0.017372 | best val: 0.017145 at epoch 39 | current lr: 5.162e-04
epoch: [52/500] | loss 0: 0.053372 | loss 1: 0.000000 | current lr: 5.318e-04
| loss 0: 5.337e-02| val metric 0: 0.014033 | best val: 0.014033 at epoch 52 | current lr: 5.318e-04
epoch: [53/500] | loss 0: 0.055063 | loss 1: 0.000000 | current lr: 5.475e-04
| loss 0: 5.506e-02| val metric 0: 0.029325 | best val: 0.014033 at epoch 52 | current lr: 5.475e-04
epoch: [54/500] | loss 0: 0.083873 | loss 1: 0.000000 | current lr: 5.631e-04
| loss 0: 8.387e-02| val metric 0: 0.034515 | best val: 0.014033 at epoch 52 | current lr: 5.631e-04
epoch: [55/500] | loss 0: 0.094166 | loss 1: 0.000000 | current lr: 5.787e-04
| loss 0: 9.417e-02| val metric 0: 0.029181 | best val: 0.014033 at epoch 52 | current lr: 5.787e-04
epoch: [56/500] | loss 0: 0.051599 | loss 1: 0.000000 | current lr: 5.942e-04
| loss 0: 5.160e-02| val metric 0: 0.014943 | best val: 0.014033 at epoch 52 | current lr: 5.942e-04
epoch: [57/500] | loss 0: 0.053937 | loss 1: 0.000000 | current lr: 6.095e-04
| loss 0: 5.394e-02| val metric 0: 0.015885 | best val: 0.014033 at epoch 52 | current lr: 6.095e-04
epoch: [58/500] | loss 0: 0.072496 | loss 1: 0.000000 | current lr: 6.248e-04
| loss 0: 7.250e-02| val metric 0: 0.045728 | best val: 0.014033 at epoch 52 | current lr: 6.248e-04
epoch: [59/500] | loss 0: 0.074517 | loss 1: 0.000000 | current lr: 6.400e-04
| loss 0: 7.452e-02| val metric 0: 0.043029 | best val: 0.014033 at epoch 52 | current lr: 6.400e-04
epoch: [60/500] | loss 0: 0.064729 | loss 1: 0.000000 | current lr: 6.550e-04
| loss 0: 6.473e-02| val metric 0: 0.024219 | best val: 0.014033 at epoch 52 | current lr: 6.550e-04
epoch: [61/500] | loss 0: 0.063254 | loss 1: 0.000000 | current lr: 6.699e-04
| loss 0: 6.325e-02| val metric 0: 0.032190 | best val: 0.014033 at epoch 52 | current lr: 6.699e-04
epoch: [62/500] | loss 0: 0.094771 | loss 1: 0.000000 | current lr: 6.845e-04
| loss 0: 9.477e-02| val metric 0: 0.033095 | best val: 0.014033 at epoch 52 | current lr: 6.845e-04
epoch: [63/500] | loss 0: 0.084694 | loss 1: 0.000000 | current lr: 6.991e-04
| loss 0: 8.469e-02| val metric 0: 0.031289 | best val: 0.014033 at epoch 52 | current lr: 6.991e-04
epoch: [64/500] | loss 0: 0.080360 | loss 1: 0.000000 | current lr: 7.134e-04
| loss 0: 8.036e-02| val metric 0: 0.042670 | best val: 0.014033 at epoch 52 | current lr: 7.134e-04
epoch: [65/500] | loss 0: 0.089114 | loss 1: 0.000000 | current lr: 7.275e-04
| loss 0: 8.911e-02| val metric 0: 0.041197 | best val: 0.014033 at epoch 52 | current lr: 7.275e-04
epoch: [66/500] | loss 0: 0.083282 | loss 1: 0.000000 | current lr: 7.414e-04
| loss 0: 8.328e-02| val metric 0: 0.035285 | best val: 0.014033 at epoch 52 | current lr: 7.414e-04
epoch: [67/500] | loss 0: 0.082120 | loss 1: 0.000000 | current lr: 7.550e-04
| loss 0: 8.212e-02| val metric 0: 0.033387 | best val: 0.014033 at epoch 52 | current lr: 7.550e-04
epoch: [68/500] | loss 0: 0.079941 | loss 1: 0.000000 | current lr: 7.684e-04
| loss 0: 7.994e-02| val metric 0: 0.025178 | best val: 0.014033 at epoch 52 | current lr: 7.684e-04
epoch: [69/500] | loss 0: 0.075256 | loss 1: 0.000000 | current lr: 7.815e-04
| loss 0: 7.526e-02| val metric 0: 0.040649 | best val: 0.014033 at epoch 52 | current lr: 7.815e-04
epoch: [70/500] | loss 0: 0.078229 | loss 1: 0.000000 | current lr: 7.944e-04
| loss 0: 7.823e-02| val metric 0: 0.033989 | best val: 0.014033 at epoch 52 | current lr: 7.944e-04
epoch: [71/500] | loss 0: 0.078676 | loss 1: 0.000000 | current lr: 8.069e-04
| loss 0: 7.868e-02| val metric 0: 0.028157 | best val: 0.014033 at epoch 52 | current lr: 8.069e-04
epoch: [72/500] | loss 0: 0.052091 | loss 1: 0.000000 | current lr: 8.192e-04
| loss 0: 5.209e-02| val metric 0: 0.029105 | best val: 0.014033 at epoch 52 | current lr: 8.192e-04
epoch: [73/500] | loss 0: 0.045456 | loss 1: 0.000000 | current lr: 8.311e-04
| loss 0: 4.546e-02| val metric 0: 0.018398 | best val: 0.014033 at epoch 52 | current lr: 8.311e-04
epoch: [74/500] | loss 0: 0.065923 | loss 1: 0.000000 | current lr: 8.427e-04
| loss 0: 6.592e-02| val metric 0: 0.027271 | best val: 0.014033 at epoch 52 | current lr: 8.427e-04
epoch: [75/500] | loss 0: 0.052071 | loss 1: 0.000000 | current lr: 8.540e-04
| loss 0: 5.207e-02| val metric 0: 0.019901 | best val: 0.014033 at epoch 52 | current lr: 8.540e-04
epoch: [76/500] | loss 0: 0.063704 | loss 1: 0.000000 | current lr: 8.649e-04
| loss 0: 6.370e-02| val metric 0: 0.023593 | best val: 0.014033 at epoch 52 | current lr: 8.649e-04
epoch: [77/500] | loss 0: 0.045102 | loss 1: 0.000000 | current lr: 8.755e-04
| loss 0: 4.510e-02| val metric 0: 0.016128 | best val: 0.014033 at epoch 52 | current lr: 8.755e-04
epoch: [78/500] | loss 0: 0.043742 | loss 1: 0.000000 | current lr: 8.857e-04
| loss 0: 4.374e-02| val metric 0: 0.014922 | best val: 0.014033 at epoch 52 | current lr: 8.857e-04
epoch: [79/500] | loss 0: 0.041615 | loss 1: 0.000000 | current lr: 8.955e-04
| loss 0: 4.162e-02| val metric 0: 0.021234 | best val: 0.014033 at epoch 52 | current lr: 8.955e-04
epoch: [80/500] | loss 0: 0.046376 | loss 1: 0.000000 | current lr: 9.049e-04
| loss 0: 4.638e-02| val metric 0: 0.025701 | best val: 0.014033 at epoch 52 | current lr: 9.049e-04
epoch: [81/500] | loss 0: 0.061524 | loss 1: 0.000000 | current lr: 9.139e-04
| loss 0: 6.152e-02| val metric 0: 0.014982 | best val: 0.014033 at epoch 52 | current lr: 9.139e-04
epoch: [82/500] | loss 0: 0.058202 | loss 1: 0.000000 | current lr: 9.225e-04
| loss 0: 5.820e-02| val metric 0: 0.019147 | best val: 0.014033 at epoch 52 | current lr: 9.225e-04
epoch: [83/500] | loss 0: 0.059848 | loss 1: 0.000000 | current lr: 9.307e-04
| loss 0: 5.985e-02| val metric 0: 0.036821 | best val: 0.014033 at epoch 52 | current lr: 9.307e-04
epoch: [84/500] | loss 0: 0.074307 | loss 1: 0.000000 | current lr: 9.385e-04
| loss 0: 7.431e-02| val metric 0: 0.024127 | best val: 0.014033 at epoch 52 | current lr: 9.385e-04
epoch: [85/500] | loss 0: 0.079202 | loss 1: 0.000000 | current lr: 9.458e-04
| loss 0: 7.920e-02| val metric 0: 0.024838 | best val: 0.014033 at epoch 52 | current lr: 9.458e-04
epoch: [86/500] | loss 0: 0.074414 | loss 1: 0.000000 | current lr: 9.527e-04
| loss 0: 7.441e-02| val metric 0: 0.040311 | best val: 0.014033 at epoch 52 | current lr: 9.527e-04
epoch: [87/500] | loss 0: 0.074741 | loss 1: 0.000000 | current lr: 9.592e-04
| loss 0: 7.474e-02| val metric 0: 0.021460 | best val: 0.014033 at epoch 52 | current lr: 9.592e-04
epoch: [88/500] | loss 0: 0.040019 | loss 1: 0.000000 | current lr: 9.651e-04
| loss 0: 4.002e-02| val metric 0: 0.011159 | best val: 0.011159 at epoch 88 | current lr: 9.651e-04
epoch: [89/500] | loss 0: 0.035282 | loss 1: 0.000000 | current lr: 9.707e-04
| loss 0: 3.528e-02| val metric 0: 0.018549 | best val: 0.011159 at epoch 88 | current lr: 9.707e-04
epoch: [90/500] | loss 0: 0.040200 | loss 1: 0.000000 | current lr: 9.757e-04
| loss 0: 4.020e-02| val metric 0: 0.016595 | best val: 0.011159 at epoch 88 | current lr: 9.757e-04
epoch: [91/500] | loss 0: 0.047034 | loss 1: 0.000000 | current lr: 9.803e-04
| loss 0: 4.703e-02| val metric 0: 0.028821 | best val: 0.011159 at epoch 88 | current lr: 9.803e-04
epoch: [92/500] | loss 0: 0.069448 | loss 1: 0.000000 | current lr: 9.845e-04
| loss 0: 6.945e-02| val metric 0: 0.027995 | best val: 0.011159 at epoch 88 | current lr: 9.845e-04
epoch: [93/500] | loss 0: 0.046630 | loss 1: 0.000000 | current lr: 9.881e-04
| loss 0: 4.663e-02| val metric 0: 0.013970 | best val: 0.011159 at epoch 88 | current lr: 9.881e-04
epoch: [94/500] | loss 0: 0.053819 | loss 1: 0.000000 | current lr: 9.913e-04
| loss 0: 5.382e-02| val metric 0: 0.014836 | best val: 0.011159 at epoch 88 | current lr: 9.913e-04
epoch: [95/500] | loss 0: 0.066711 | loss 1: 0.000000 | current lr: 9.940e-04
| loss 0: 6.671e-02| val metric 0: 0.033229 | best val: 0.011159 at epoch 88 | current lr: 9.940e-04
epoch: [96/500] | loss 0: 0.072005 | loss 1: 0.000000 | current lr: 9.962e-04
| loss 0: 7.200e-02| val metric 0: 0.025164 | best val: 0.011159 at epoch 88 | current lr: 9.962e-04
epoch: [97/500] | loss 0: 0.041076 | loss 1: 0.000000 | current lr: 9.979e-04
| loss 0: 4.108e-02| val metric 0: 0.011612 | best val: 0.011159 at epoch 88 | current lr: 9.979e-04
epoch: [98/500] | loss 0: 0.037690 | loss 1: 0.000000 | current lr: 9.991e-04
| loss 0: 3.769e-02| val metric 0: 0.017116 | best val: 0.011159 at epoch 88 | current lr: 9.991e-04
epoch: [99/500] | loss 0: 0.034762 | loss 1: 0.000000 | current lr: 9.998e-04
| loss 0: 3.476e-02| val metric 0: 0.015269 | best val: 0.011159 at epoch 88 | current lr: 9.998e-04
epoch: [100/500] | loss 0: 0.043710 | loss 1: 0.000000 | current lr: 1.000e-03
| loss 0: 4.371e-02| val metric 0: 0.011170 | best val: 0.011159 at epoch 88 | current lr: 1.000e-03
epoch: [101/500] | loss 0: 0.049539 | loss 1: 0.000000 | current lr: 1.000e-03
| loss 0: 4.954e-02| val metric 0: 0.026585 | best val: 0.011159 at epoch 88 | current lr: 1.000e-03
epoch: [102/500] | loss 0: 0.055839 | loss 1: 0.000000 | current lr: 9.999e-04
| loss 0: 5.584e-02| val metric 0: 0.011410 | best val: 0.011159 at epoch 88 | current lr: 9.999e-04
epoch: [103/500] | loss 0: 0.044456 | loss 1: 0.000000 | current lr: 9.999e-04
| loss 0: 4.446e-02| val metric 0: 0.012146 | best val: 0.011159 at epoch 88 | current lr: 9.999e-04
epoch: [104/500] | loss 0: 0.034329 | loss 1: 0.000000 | current lr: 9.997e-04
| loss 0: 3.433e-02| val metric 0: 0.012290 | best val: 0.011159 at epoch 88 | current lr: 9.997e-04
epoch: [105/500] | loss 0: 0.046247 | loss 1: 0.000000 | current lr: 9.996e-04
| loss 0: 4.625e-02| val metric 0: 0.017514 | best val: 0.011159 at epoch 88 | current lr: 9.996e-04
epoch: [106/500] | loss 0: 0.054382 | loss 1: 0.000000 | current lr: 9.994e-04
| loss 0: 5.438e-02| val metric 0: 0.033321 | best val: 0.011159 at epoch 88 | current lr: 9.994e-04
epoch: [107/500] | loss 0: 0.062885 | loss 1: 0.000000 | current lr: 9.992e-04
| loss 0: 6.289e-02| val metric 0: 0.024456 | best val: 0.011159 at epoch 88 | current lr: 9.992e-04
epoch: [108/500] | loss 0: 0.061358 | loss 1: 0.000000 | current lr: 9.990e-04
| loss 0: 6.136e-02| val metric 0: 0.028251 | best val: 0.011159 at epoch 88 | current lr: 9.990e-04
epoch: [109/500] | loss 0: 0.057700 | loss 1: 0.000000 | current lr: 9.987e-04
| loss 0: 5.770e-02| val metric 0: 0.018268 | best val: 0.011159 at epoch 88 | current lr: 9.987e-04
epoch: [110/500] | loss 0: 0.055618 | loss 1: 0.000000 | current lr: 9.984e-04
| loss 0: 5.562e-02| val metric 0: 0.020831 | best val: 0.011159 at epoch 88 | current lr: 9.984e-04
epoch: [111/500] | loss 0: 0.056756 | loss 1: 0.000000 | current lr: 9.981e-04
| loss 0: 5.676e-02| val metric 0: 0.027930 | best val: 0.011159 at epoch 88 | current lr: 9.981e-04
epoch: [112/500] | loss 0: 0.041978 | loss 1: 0.000000 | current lr: 9.978e-04
| loss 0: 4.198e-02| val metric 0: 0.013081 | best val: 0.011159 at epoch 88 | current lr: 9.978e-04
epoch: [113/500] | loss 0: 0.030150 | loss 1: 0.000000 | current lr: 9.974e-04
| loss 0: 3.015e-02| val metric 0: 0.016324 | best val: 0.011159 at epoch 88 | current lr: 9.974e-04
epoch: [114/500] | loss 0: 0.036612 | loss 1: 0.000000 | current lr: 9.970e-04
| loss 0: 3.661e-02| val metric 0: 0.014995 | best val: 0.011159 at epoch 88 | current lr: 9.970e-04
epoch: [115/500] | loss 0: 0.049948 | loss 1: 0.000000 | current lr: 9.965e-04
| loss 0: 4.995e-02| val metric 0: 0.020750 | best val: 0.011159 at epoch 88 | current lr: 9.965e-04
epoch: [116/500] | loss 0: 0.048069 | loss 1: 0.000000 | current lr: 9.960e-04
| loss 0: 4.807e-02| val metric 0: 0.007564 | best val: 0.007564 at epoch 116 | current lr: 9.960e-04
epoch: [117/500] | loss 0: 0.039210 | loss 1: 0.000000 | current lr: 9.955e-04
| loss 0: 3.921e-02| val metric 0: 0.017875 | best val: 0.007564 at epoch 116 | current lr: 9.955e-04
epoch: [118/500] | loss 0: 0.051586 | loss 1: 0.000000 | current lr: 9.950e-04
| loss 0: 5.159e-02| val metric 0: 0.022393 | best val: 0.007564 at epoch 116 | current lr: 9.950e-04
epoch: [119/500] | loss 0: 0.039869 | loss 1: 0.000000 | current lr: 9.944e-04
| loss 0: 3.987e-02| val metric 0: 0.010644 | best val: 0.007564 at epoch 116 | current lr: 9.944e-04
epoch: [120/500] | loss 0: 0.045337 | loss 1: 0.000000 | current lr: 9.938e-04
| loss 0: 4.534e-02| val metric 0: 0.020993 | best val: 0.007564 at epoch 116 | current lr: 9.938e-04
epoch: [121/500] | loss 0: 0.051369 | loss 1: 0.000000 | current lr: 9.932e-04
| loss 0: 5.137e-02| val metric 0: 0.021562 | best val: 0.007564 at epoch 116 | current lr: 9.932e-04
epoch: [122/500] | loss 0: 0.048388 | loss 1: 0.000000 | current lr: 9.925e-04
| loss 0: 4.839e-02| val metric 0: 0.016226 | best val: 0.007564 at epoch 116 | current lr: 9.925e-04
epoch: [123/500] | loss 0: 0.044342 | loss 1: 0.000000 | current lr: 9.918e-04
| loss 0: 4.434e-02| val metric 0: 0.013424 | best val: 0.007564 at epoch 116 | current lr: 9.918e-04
epoch: [124/500] | loss 0: 0.042483 | loss 1: 0.000000 | current lr: 9.911e-04
| loss 0: 4.248e-02| val metric 0: 0.018694 | best val: 0.007564 at epoch 116 | current lr: 9.911e-04
epoch: [125/500] | loss 0: 0.048686 | loss 1: 0.000000 | current lr: 9.904e-04
| loss 0: 4.869e-02| val metric 0: 0.016415 | best val: 0.007564 at epoch 116 | current lr: 9.904e-04
epoch: [126/500] | loss 0: 0.048604 | loss 1: 0.000000 | current lr: 9.896e-04
| loss 0: 4.860e-02| val metric 0: 0.020774 | best val: 0.007564 at epoch 116 | current lr: 9.896e-04
epoch: [127/500] | loss 0: 0.033176 | loss 1: 0.000000 | current lr: 9.888e-04
| loss 0: 3.318e-02| val metric 0: 0.011667 | best val: 0.007564 at epoch 116 | current lr: 9.888e-04
epoch: [128/500] | loss 0: 0.028131 | loss 1: 0.000000 | current lr: 9.879e-04
| loss 0: 2.813e-02| val metric 0: 0.006807 | best val: 0.006807 at epoch 128 | current lr: 9.879e-04
epoch: [129/500] | loss 0: 0.024850 | loss 1: 0.000000 | current lr: 9.870e-04
| loss 0: 2.485e-02| val metric 0: 0.012748 | best val: 0.006807 at epoch 128 | current lr: 9.870e-04
epoch: [130/500] | loss 0: 0.037755 | loss 1: 0.000000 | current lr: 9.861e-04
| loss 0: 3.775e-02| val metric 0: 0.018372 | best val: 0.006807 at epoch 128 | current lr: 9.861e-04
epoch: [131/500] | loss 0: 0.043673 | loss 1: 0.000000 | current lr: 9.852e-04
| loss 0: 4.367e-02| val metric 0: 0.017071 | best val: 0.006807 at epoch 128 | current lr: 9.852e-04
epoch: [132/500] | loss 0: 0.043351 | loss 1: 0.000000 | current lr: 9.842e-04
| loss 0: 4.335e-02| val metric 0: 0.017238 | best val: 0.006807 at epoch 128 | current lr: 9.842e-04
epoch: [133/500] | loss 0: 0.046423 | loss 1: 0.000000 | current lr: 9.832e-04
| loss 0: 4.642e-02| val metric 0: 0.023092 | best val: 0.006807 at epoch 128 | current lr: 9.832e-04
epoch: [134/500] | loss 0: 0.046149 | loss 1: 0.000000 | current lr: 9.822e-04
| loss 0: 4.615e-02| val metric 0: 0.023259 | best val: 0.006807 at epoch 128 | current lr: 9.822e-04
epoch: [135/500] | loss 0: 0.044478 | loss 1: 0.000000 | current lr: 9.812e-04
| loss 0: 4.448e-02| val metric 0: 0.020419 | best val: 0.006807 at epoch 128 | current lr: 9.812e-04
epoch: [136/500] | loss 0: 0.043287 | loss 1: 0.000000 | current lr: 9.801e-04
| loss 0: 4.329e-02| val metric 0: 0.016664 | best val: 0.006807 at epoch 128 | current lr: 9.801e-04
epoch: [137/500] | loss 0: 0.043691 | loss 1: 0.000000 | current lr: 9.790e-04
| loss 0: 4.369e-02| val metric 0: 0.014269 | best val: 0.006807 at epoch 128 | current lr: 9.790e-04
epoch: [138/500] | loss 0: 0.034857 | loss 1: 0.000000 | current lr: 9.778e-04
| loss 0: 3.486e-02| val metric 0: 0.007545 | best val: 0.006807 at epoch 128 | current lr: 9.778e-04
epoch: [139/500] | loss 0: 0.031344 | loss 1: 0.000000 | current lr: 9.767e-04
| loss 0: 3.134e-02| val metric 0: 0.016672 | best val: 0.006807 at epoch 128 | current lr: 9.767e-04
epoch: [140/500] | loss 0: 0.030615 | loss 1: 0.000000 | current lr: 9.755e-04
| loss 0: 3.062e-02| val metric 0: 0.013618 | best val: 0.006807 at epoch 128 | current lr: 9.755e-04
epoch: [141/500] | loss 0: 0.024181 | loss 1: 0.000000 | current lr: 9.742e-04
| loss 0: 2.418e-02| val metric 0: 0.006189 | best val: 0.006189 at epoch 141 | current lr: 9.742e-04
epoch: [142/500] | loss 0: 0.030280 | loss 1: 0.000000 | current lr: 9.730e-04
| loss 0: 3.028e-02| val metric 0: 0.012915 | best val: 0.006189 at epoch 141 | current lr: 9.730e-04
epoch: [143/500] | loss 0: 0.029014 | loss 1: 0.000000 | current lr: 9.717e-04
| loss 0: 2.901e-02| val metric 0: 0.013067 | best val: 0.006189 at epoch 141 | current lr: 9.717e-04
epoch: [144/500] | loss 0: 0.027403 | loss 1: 0.000000 | current lr: 9.704e-04
| loss 0: 2.740e-02| val metric 0: 0.014635 | best val: 0.006189 at epoch 141 | current lr: 9.704e-04
epoch: [145/500] | loss 0: 0.027519 | loss 1: 0.000000 | current lr: 9.690e-04
| loss 0: 2.752e-02| val metric 0: 0.009825 | best val: 0.006189 at epoch 141 | current lr: 9.690e-04
epoch: [146/500] | loss 0: 0.027553 | loss 1: 0.000000 | current lr: 9.677e-04
| loss 0: 2.755e-02| val metric 0: 0.013301 | best val: 0.006189 at epoch 141 | current lr: 9.677e-04
epoch: [147/500] | loss 0: 0.039361 | loss 1: 0.000000 | current lr: 9.662e-04
| loss 0: 3.936e-02| val metric 0: 0.016202 | best val: 0.006189 at epoch 141 | current lr: 9.662e-04
epoch: [148/500] | loss 0: 0.031119 | loss 1: 0.000000 | current lr: 9.648e-04
| loss 0: 3.112e-02| val metric 0: 0.010852 | best val: 0.006189 at epoch 141 | current lr: 9.648e-04
epoch: [149/500] | loss 0: 0.036417 | loss 1: 0.000000 | current lr: 9.634e-04
| loss 0: 3.642e-02| val metric 0: 0.018066 | best val: 0.006189 at epoch 141 | current lr: 9.634e-04
epoch: [150/500] | loss 0: 0.028726 | loss 1: 0.000000 | current lr: 9.619e-04
| loss 0: 2.873e-02| val metric 0: 0.006292 | best val: 0.006189 at epoch 141 | current lr: 9.619e-04
epoch: [151/500] | loss 0: 0.036683 | loss 1: 0.000000 | current lr: 9.603e-04
| loss 0: 3.668e-02| val metric 0: 0.015318 | best val: 0.006189 at epoch 141 | current lr: 9.603e-04
epoch: [152/500] | loss 0: 0.037548 | loss 1: 0.000000 | current lr: 9.588e-04
| loss 0: 3.755e-02| val metric 0: 0.018166 | best val: 0.006189 at epoch 141 | current lr: 9.588e-04
epoch: [153/500] | loss 0: 0.034209 | loss 1: 0.000000 | current lr: 9.572e-04
| loss 0: 3.421e-02| val metric 0: 0.013506 | best val: 0.006189 at epoch 141 | current lr: 9.572e-04
epoch: [154/500] | loss 0: 0.035969 | loss 1: 0.000000 | current lr: 9.556e-04
| loss 0: 3.597e-02| val metric 0: 0.012621 | best val: 0.006189 at epoch 141 | current lr: 9.556e-04
epoch: [155/500] | loss 0: 0.032086 | loss 1: 0.000000 | current lr: 9.540e-04
| loss 0: 3.209e-02| val metric 0: 0.007396 | best val: 0.006189 at epoch 141 | current lr: 9.540e-04
epoch: [156/500] | loss 0: 0.023386 | loss 1: 0.000000 | current lr: 9.523e-04
| loss 0: 2.339e-02| val metric 0: 0.007819 | best val: 0.006189 at epoch 141 | current lr: 9.523e-04
epoch: [157/500] | loss 0: 0.036158 | loss 1: 0.000000 | current lr: 9.506e-04
| loss 0: 3.616e-02| val metric 0: 0.017664 | best val: 0.006189 at epoch 141 | current lr: 9.506e-04
epoch: [158/500] | loss 0: 0.033955 | loss 1: 0.000000 | current lr: 9.489e-04
| loss 0: 3.396e-02| val metric 0: 0.009547 | best val: 0.006189 at epoch 141 | current lr: 9.489e-04
epoch: [159/500] | loss 0: 0.025881 | loss 1: 0.000000 | current lr: 9.472e-04
| loss 0: 2.588e-02| val metric 0: 0.016409 | best val: 0.006189 at epoch 141 | current lr: 9.472e-04
epoch: [160/500] | loss 0: 0.031810 | loss 1: 0.000000 | current lr: 9.454e-04
| loss 0: 3.181e-02| val metric 0: 0.017688 | best val: 0.006189 at epoch 141 | current lr: 9.454e-04
epoch: [161/500] | loss 0: 0.044081 | loss 1: 0.000000 | current lr: 9.436e-04
| loss 0: 4.408e-02| val metric 0: 0.019657 | best val: 0.006189 at epoch 141 | current lr: 9.436e-04
epoch: [162/500] | loss 0: 0.033289 | loss 1: 0.000000 | current lr: 9.418e-04
| loss 0: 3.329e-02| val metric 0: 0.013955 | best val: 0.006189 at epoch 141 | current lr: 9.418e-04
epoch: [163/500] | loss 0: 0.037697 | loss 1: 0.000000 | current lr: 9.399e-04
| loss 0: 3.770e-02| val metric 0: 0.014088 | best val: 0.006189 at epoch 141 | current lr: 9.399e-04
epoch: [164/500] | loss 0: 0.030871 | loss 1: 0.000000 | current lr: 9.381e-04
| loss 0: 3.087e-02| val metric 0: 0.014231 | best val: 0.006189 at epoch 141 | current lr: 9.381e-04
epoch: [165/500] | loss 0: 0.033441 | loss 1: 0.000000 | current lr: 9.362e-04
| loss 0: 3.344e-02| val metric 0: 0.015220 | best val: 0.006189 at epoch 141 | current lr: 9.362e-04
epoch: [166/500] | loss 0: 0.025185 | loss 1: 0.000000 | current lr: 9.342e-04
| loss 0: 2.519e-02| val metric 0: 0.018557 | best val: 0.006189 at epoch 141 | current lr: 9.342e-04
epoch: [167/500] | loss 0: 0.036392 | loss 1: 0.000000 | current lr: 9.323e-04
| loss 0: 3.639e-02| val metric 0: 0.021176 | best val: 0.006189 at epoch 141 | current lr: 9.323e-04
epoch: [168/500] | loss 0: 0.030938 | loss 1: 0.000000 | current lr: 9.303e-04
| loss 0: 3.094e-02| val metric 0: 0.008942 | best val: 0.006189 at epoch 141 | current lr: 9.303e-04
epoch: [169/500] | loss 0: 0.020454 | loss 1: 0.000000 | current lr: 9.283e-04
| loss 0: 2.045e-02| val metric 0: 0.008570 | best val: 0.006189 at epoch 141 | current lr: 9.283e-04
epoch: [170/500] | loss 0: 0.019951 | loss 1: 0.000000 | current lr: 9.262e-04
| loss 0: 1.995e-02| val metric 0: 0.008128 | best val: 0.006189 at epoch 141 | current lr: 9.262e-04
epoch: [171/500] | loss 0: 0.026325 | loss 1: 0.000000 | current lr: 9.242e-04
| loss 0: 2.633e-02| val metric 0: 0.007607 | best val: 0.006189 at epoch 141 | current lr: 9.242e-04
epoch: [172/500] | loss 0: 0.024692 | loss 1: 0.000000 | current lr: 9.221e-04
| loss 0: 2.469e-02| val metric 0: 0.018886 | best val: 0.006189 at epoch 141 | current lr: 9.221e-04
epoch: [173/500] | loss 0: 0.037909 | loss 1: 0.000000 | current lr: 9.199e-04
| loss 0: 3.791e-02| val metric 0: 0.013434 | best val: 0.006189 at epoch 141 | current lr: 9.199e-04
epoch: [174/500] | loss 0: 0.031995 | loss 1: 0.000000 | current lr: 9.178e-04
| loss 0: 3.200e-02| val metric 0: 0.009405 | best val: 0.006189 at epoch 141 | current lr: 9.178e-04
epoch: [175/500] | loss 0: 0.022470 | loss 1: 0.000000 | current lr: 9.156e-04
| loss 0: 2.247e-02| val metric 0: 0.014328 | best val: 0.006189 at epoch 141 | current lr: 9.156e-04
epoch: [176/500] | loss 0: 0.031868 | loss 1: 0.000000 | current lr: 9.134e-04
| loss 0: 3.187e-02| val metric 0: 0.019604 | best val: 0.006189 at epoch 141 | current lr: 9.134e-04
epoch: [177/500] | loss 0: 0.029838 | loss 1: 0.000000 | current lr: 9.112e-04
| loss 0: 2.984e-02| val metric 0: 0.010284 | best val: 0.006189 at epoch 141 | current lr: 9.112e-04
epoch: [178/500] | loss 0: 0.026569 | loss 1: 0.000000 | current lr: 9.090e-04
| loss 0: 2.657e-02| val metric 0: 0.010386 | best val: 0.006189 at epoch 141 | current lr: 9.090e-04
epoch: [179/500] | loss 0: 0.027323 | loss 1: 0.000000 | current lr: 9.067e-04
| loss 0: 2.732e-02| val metric 0: 0.012734 | best val: 0.006189 at epoch 141 | current lr: 9.067e-04
epoch: [180/500] | loss 0: 0.033812 | loss 1: 0.000000 | current lr: 9.044e-04
| loss 0: 3.381e-02| val metric 0: 0.016986 | best val: 0.006189 at epoch 141 | current lr: 9.044e-04
epoch: [181/500] | loss 0: 0.029559 | loss 1: 0.000000 | current lr: 9.021e-04
| loss 0: 2.956e-02| val metric 0: 0.015244 | best val: 0.006189 at epoch 141 | current lr: 9.021e-04
epoch: [182/500] | loss 0: 0.033483 | loss 1: 0.000000 | current lr: 8.997e-04
| loss 0: 3.348e-02| val metric 0: 0.012925 | best val: 0.006189 at epoch 141 | current lr: 8.997e-04
epoch: [183/500] | loss 0: 0.037262 | loss 1: 0.000000 | current lr: 8.974e-04
| loss 0: 3.726e-02| val metric 0: 0.013244 | best val: 0.006189 at epoch 141 | current lr: 8.974e-04
epoch: [184/500] | loss 0: 0.026349 | loss 1: 0.000000 | current lr: 8.950e-04
| loss 0: 2.635e-02| val metric 0: 0.012469 | best val: 0.006189 at epoch 141 | current lr: 8.950e-04
epoch: [185/500] | loss 0: 0.027739 | loss 1: 0.000000 | current lr: 8.925e-04
| loss 0: 2.774e-02| val metric 0: 0.009721 | best val: 0.006189 at epoch 141 | current lr: 8.925e-04
epoch: [186/500] | loss 0: 0.021889 | loss 1: 0.000000 | current lr: 8.901e-04
| loss 0: 2.189e-02| val metric 0: 0.011565 | best val: 0.006189 at epoch 141 | current lr: 8.901e-04
epoch: [187/500] | loss 0: 0.019844 | loss 1: 0.000000 | current lr: 8.876e-04
| loss 0: 1.984e-02| val metric 0: 0.008764 | best val: 0.006189 at epoch 141 | current lr: 8.876e-04
epoch: [188/500] | loss 0: 0.018049 | loss 1: 0.000000 | current lr: 8.851e-04
| loss 0: 1.805e-02| val metric 0: 0.003796 | best val: 0.003796 at epoch 188 | current lr: 8.851e-04
epoch: [189/500] | loss 0: 0.020394 | loss 1: 0.000000 | current lr: 8.826e-04
| loss 0: 2.039e-02| val metric 0: 0.007707 | best val: 0.003796 at epoch 188 | current lr: 8.826e-04
epoch: [190/500] | loss 0: 0.020145 | loss 1: 0.000000 | current lr: 8.801e-04
| loss 0: 2.014e-02| val metric 0: 0.007712 | best val: 0.003796 at epoch 188 | current lr: 8.801e-04
epoch: [191/500] | loss 0: 0.019013 | loss 1: 0.000000 | current lr: 8.775e-04
| loss 0: 1.901e-02| val metric 0: 0.005844 | best val: 0.003796 at epoch 188 | current lr: 8.775e-04
epoch: [192/500] | loss 0: 0.028459 | loss 1: 0.000000 | current lr: 8.749e-04
| loss 0: 2.846e-02| val metric 0: 0.014207 | best val: 0.003796 at epoch 188 | current lr: 8.749e-04
epoch: [193/500] | loss 0: 0.025027 | loss 1: 0.000000 | current lr: 8.723e-04
| loss 0: 2.503e-02| val metric 0: 0.010658 | best val: 0.003796 at epoch 188 | current lr: 8.723e-04
epoch: [194/500] | loss 0: 0.029344 | loss 1: 0.000000 | current lr: 8.697e-04
| loss 0: 2.934e-02| val metric 0: 0.012542 | best val: 0.003796 at epoch 188 | current lr: 8.697e-04
epoch: [195/500] | loss 0: 0.029498 | loss 1: 0.000000 | current lr: 8.670e-04
| loss 0: 2.950e-02| val metric 0: 0.015508 | best val: 0.003796 at epoch 188 | current lr: 8.670e-04
epoch: [196/500] | loss 0: 0.028527 | loss 1: 0.000000 | current lr: 8.643e-04
| loss 0: 2.853e-02| val metric 0: 0.007800 | best val: 0.003796 at epoch 188 | current lr: 8.643e-04
epoch: [197/500] | loss 0: 0.017569 | loss 1: 0.000000 | current lr: 8.616e-04
| loss 0: 1.757e-02| val metric 0: 0.006704 | best val: 0.003796 at epoch 188 | current lr: 8.616e-04
epoch: [198/500] | loss 0: 0.016824 | loss 1: 0.000000 | current lr: 8.589e-04
| loss 0: 1.682e-02| val metric 0: 0.005649 | best val: 0.003796 at epoch 188 | current lr: 8.589e-04
epoch: [199/500] | loss 0: 0.022593 | loss 1: 0.000000 | current lr: 8.562e-04
| loss 0: 2.259e-02| val metric 0: 0.011041 | best val: 0.003796 at epoch 188 | current lr: 8.562e-04
epoch: [200/500] | loss 0: 0.029188 | loss 1: 0.000000 | current lr: 8.534e-04
| loss 0: 2.919e-02| val metric 0: 0.004146 | best val: 0.003796 at epoch 188 | current lr: 8.534e-04
epoch: [201/500] | loss 0: 0.031629 | loss 1: 0.000000 | current lr: 8.506e-04
| loss 0: 3.163e-02| val metric 0: 0.012732 | best val: 0.003796 at epoch 188 | current lr: 8.506e-04
epoch: [202/500] | loss 0: 0.025503 | loss 1: 0.000000 | current lr: 8.478e-04
| loss 0: 2.550e-02| val metric 0: 0.007006 | best val: 0.003796 at epoch 188 | current lr: 8.478e-04
epoch: [203/500] | loss 0: 0.021022 | loss 1: 0.000000 | current lr: 8.450e-04
| loss 0: 2.102e-02| val metric 0: 0.004447 | best val: 0.003796 at epoch 188 | current lr: 8.450e-04
epoch: [204/500] | loss 0: 0.015823 | loss 1: 0.000000 | current lr: 8.421e-04
| loss 0: 1.582e-02| val metric 0: 0.007544 | best val: 0.003796 at epoch 188 | current lr: 8.421e-04
epoch: [205/500] | loss 0: 0.016053 | loss 1: 0.000000 | current lr: 8.393e-04
| loss 0: 1.605e-02| val metric 0: 0.006735 | best val: 0.003796 at epoch 188 | current lr: 8.393e-04
epoch: [206/500] | loss 0: 0.022706 | loss 1: 0.000000 | current lr: 8.364e-04
| loss 0: 2.271e-02| val metric 0: 0.008104 | best val: 0.003796 at epoch 188 | current lr: 8.364e-04
epoch: [207/500] | loss 0: 0.028780 | loss 1: 0.000000 | current lr: 8.334e-04
| loss 0: 2.878e-02| val metric 0: 0.012861 | best val: 0.003796 at epoch 188 | current lr: 8.334e-04
epoch: [208/500] | loss 0: 0.026317 | loss 1: 0.000000 | current lr: 8.305e-04
| loss 0: 2.632e-02| val metric 0: 0.012876 | best val: 0.003796 at epoch 188 | current lr: 8.305e-04
epoch: [209/500] | loss 0: 0.020996 | loss 1: 0.000000 | current lr: 8.276e-04
| loss 0: 2.100e-02| val metric 0: 0.007084 | best val: 0.003796 at epoch 188 | current lr: 8.276e-04
epoch: [210/500] | loss 0: 0.020197 | loss 1: 0.000000 | current lr: 8.246e-04
| loss 0: 2.020e-02| val metric 0: 0.006438 | best val: 0.003796 at epoch 188 | current lr: 8.246e-04
epoch: [211/500] | loss 0: 0.019342 | loss 1: 0.000000 | current lr: 8.216e-04
| loss 0: 1.934e-02| val metric 0: 0.009438 | best val: 0.003796 at epoch 188 | current lr: 8.216e-04
epoch: [212/500] | loss 0: 0.021163 | loss 1: 0.000000 | current lr: 8.186e-04
| loss 0: 2.116e-02| val metric 0: 0.011312 | best val: 0.003796 at epoch 188 | current lr: 8.186e-04
epoch: [213/500] | loss 0: 0.025366 | loss 1: 0.000000 | current lr: 8.155e-04
| loss 0: 2.537e-02| val metric 0: 0.011685 | best val: 0.003796 at epoch 188 | current lr: 8.155e-04
epoch: [214/500] | loss 0: 0.025730 | loss 1: 0.000000 | current lr: 8.125e-04
| loss 0: 2.573e-02| val metric 0: 0.009601 | best val: 0.003796 at epoch 188 | current lr: 8.125e-04
epoch: [215/500] | loss 0: 0.025122 | loss 1: 0.000000 | current lr: 8.094e-04
| loss 0: 2.512e-02| val metric 0: 0.009195 | best val: 0.003796 at epoch 188 | current lr: 8.094e-04
epoch: [216/500] | loss 0: 0.017633 | loss 1: 0.000000 | current lr: 8.063e-04
| loss 0: 1.763e-02| val metric 0: 0.007023 | best val: 0.003796 at epoch 188 | current lr: 8.063e-04
epoch: [217/500] | loss 0: 0.024510 | loss 1: 0.000000 | current lr: 8.032e-04
| loss 0: 2.451e-02| val metric 0: 0.012356 | best val: 0.003796 at epoch 188 | current lr: 8.032e-04
epoch: [218/500] | loss 0: 0.029921 | loss 1: 0.000000 | current lr: 8.001e-04
| loss 0: 2.992e-02| val metric 0: 0.006500 | best val: 0.003796 at epoch 188 | current lr: 8.001e-04
epoch: [219/500] | loss 0: 0.021137 | loss 1: 0.000000 | current lr: 7.969e-04
| loss 0: 2.114e-02| val metric 0: 0.009626 | best val: 0.003796 at epoch 188 | current lr: 7.969e-04
epoch: [220/500] | loss 0: 0.021087 | loss 1: 0.000000 | current lr: 7.937e-04
| loss 0: 2.109e-02| val metric 0: 0.006966 | best val: 0.003796 at epoch 188 | current lr: 7.937e-04
epoch: [221/500] | loss 0: 0.020001 | loss 1: 0.000000 | current lr: 7.905e-04
| loss 0: 2.000e-02| val metric 0: 0.011579 | best val: 0.003796 at epoch 188 | current lr: 7.905e-04
epoch: [222/500] | loss 0: 0.028060 | loss 1: 0.000000 | current lr: 7.873e-04
| loss 0: 2.806e-02| val metric 0: 0.009884 | best val: 0.003796 at epoch 188 | current lr: 7.873e-04
epoch: [223/500] | loss 0: 0.023854 | loss 1: 0.000000 | current lr: 7.841e-04
| loss 0: 2.385e-02| val metric 0: 0.012194 | best val: 0.003796 at epoch 188 | current lr: 7.841e-04
epoch: [224/500] | loss 0: 0.021615 | loss 1: 0.000000 | current lr: 7.809e-04
| loss 0: 2.162e-02| val metric 0: 0.005214 | best val: 0.003796 at epoch 188 | current lr: 7.809e-04
epoch: [225/500] | loss 0: 0.017359 | loss 1: 0.000000 | current lr: 7.776e-04
| loss 0: 1.736e-02| val metric 0: 0.007248 | best val: 0.003796 at epoch 188 | current lr: 7.776e-04
epoch: [226/500] | loss 0: 0.018237 | loss 1: 0.000000 | current lr: 7.743e-04
| loss 0: 1.824e-02| val metric 0: 0.005471 | best val: 0.003796 at epoch 188 | current lr: 7.743e-04
epoch: [227/500] | loss 0: 0.016134 | loss 1: 0.000000 | current lr: 7.711e-04
| loss 0: 1.613e-02| val metric 0: 0.007786 | best val: 0.003796 at epoch 188 | current lr: 7.711e-04
epoch: [228/500] | loss 0: 0.018178 | loss 1: 0.000000 | current lr: 7.677e-04
| loss 0: 1.818e-02| val metric 0: 0.009427 | best val: 0.003796 at epoch 188 | current lr: 7.677e-04
epoch: [229/500] | loss 0: 0.016810 | loss 1: 0.000000 | current lr: 7.644e-04
| loss 0: 1.681e-02| val metric 0: 0.007522 | best val: 0.003796 at epoch 188 | current lr: 7.644e-04
epoch: [230/500] | loss 0: 0.014143 | loss 1: 0.000000 | current lr: 7.611e-04
| loss 0: 1.414e-02| val metric 0: 0.006355 | best val: 0.003796 at epoch 188 | current lr: 7.611e-04
epoch: [231/500] | loss 0: 0.015052 | loss 1: 0.000000 | current lr: 7.577e-04
| loss 0: 1.505e-02| val metric 0: 0.007119 | best val: 0.003796 at epoch 188 | current lr: 7.577e-04
epoch: [232/500] | loss 0: 0.018687 | loss 1: 0.000000 | current lr: 7.544e-04
| loss 0: 1.869e-02| val metric 0: 0.008399 | best val: 0.003796 at epoch 188 | current lr: 7.544e-04
epoch: [233/500] | loss 0: 0.018168 | loss 1: 0.000000 | current lr: 7.510e-04
| loss 0: 1.817e-02| val metric 0: 0.007569 | best val: 0.003796 at epoch 188 | current lr: 7.510e-04
epoch: [234/500] | loss 0: 0.015505 | loss 1: 0.000000 | current lr: 7.476e-04
| loss 0: 1.550e-02| val metric 0: 0.005422 | best val: 0.003796 at epoch 188 | current lr: 7.476e-04
epoch: [235/500] | loss 0: 0.014234 | loss 1: 0.000000 | current lr: 7.441e-04
| loss 0: 1.423e-02| val metric 0: 0.005065 | best val: 0.003796 at epoch 188 | current lr: 7.441e-04
epoch: [236/500] | loss 0: 0.018285 | loss 1: 0.000000 | current lr: 7.407e-04
| loss 0: 1.828e-02| val metric 0: 0.010963 | best val: 0.003796 at epoch 188 | current lr: 7.407e-04
epoch: [237/500] | loss 0: 0.028974 | loss 1: 0.000000 | current lr: 7.373e-04
| loss 0: 2.897e-02| val metric 0: 0.011797 | best val: 0.003796 at epoch 188 | current lr: 7.373e-04
epoch: [238/500] | loss 0: 0.021754 | loss 1: 0.000000 | current lr: 7.338e-04
| loss 0: 2.175e-02| val metric 0: 0.007145 | best val: 0.003796 at epoch 188 | current lr: 7.338e-04
epoch: [239/500] | loss 0: 0.016036 | loss 1: 0.000000 | current lr: 7.303e-04
| loss 0: 1.604e-02| val metric 0: 0.007156 | best val: 0.003796 at epoch 188 | current lr: 7.303e-04
epoch: [240/500] | loss 0: 0.016238 | loss 1: 0.000000 | current lr: 7.268e-04
| loss 0: 1.624e-02| val metric 0: 0.005369 | best val: 0.003796 at epoch 188 | current lr: 7.268e-04
epoch: [241/500] | loss 0: 0.013663 | loss 1: 0.000000 | current lr: 7.233e-04
| loss 0: 1.366e-02| val metric 0: 0.004250 | best val: 0.003796 at epoch 188 | current lr: 7.233e-04
epoch: [242/500] | loss 0: 0.014659 | loss 1: 0.000000 | current lr: 7.198e-04
| loss 0: 1.466e-02| val metric 0: 0.008868 | best val: 0.003796 at epoch 188 | current lr: 7.198e-04
epoch: [243/500] | loss 0: 0.019914 | loss 1: 0.000000 | current lr: 7.163e-04
| loss 0: 1.991e-02| val metric 0: 0.008406 | best val: 0.003796 at epoch 188 | current lr: 7.163e-04
epoch: [244/500] | loss 0: 0.026186 | loss 1: 0.000000 | current lr: 7.127e-04
| loss 0: 2.619e-02| val metric 0: 0.010283 | best val: 0.003796 at epoch 188 | current lr: 7.127e-04
epoch: [245/500] | loss 0: 0.024974 | loss 1: 0.000000 | current lr: 7.092e-04
| loss 0: 2.497e-02| val metric 0: 0.007140 | best val: 0.003796 at epoch 188 | current lr: 7.092e-04
epoch: [246/500] | loss 0: 0.022200 | loss 1: 0.000000 | current lr: 7.056e-04
| loss 0: 2.220e-02| val metric 0: 0.005005 | best val: 0.003796 at epoch 188 | current lr: 7.056e-04
epoch: [247/500] | loss 0: 0.020475 | loss 1: 0.000000 | current lr: 7.020e-04
| loss 0: 2.047e-02| val metric 0: 0.010373 | best val: 0.003796 at epoch 188 | current lr: 7.020e-04
epoch: [248/500] | loss 0: 0.017269 | loss 1: 0.000000 | current lr: 6.984e-04
| loss 0: 1.727e-02| val metric 0: 0.006759 | best val: 0.003796 at epoch 188 | current lr: 6.984e-04
epoch: [249/500] | loss 0: 0.013422 | loss 1: 0.000000 | current lr: 6.948e-04
| loss 0: 1.342e-02| val metric 0: 0.005042 | best val: 0.003796 at epoch 188 | current lr: 6.948e-04
epoch: [250/500] | loss 0: 0.015533 | loss 1: 0.000000 | current lr: 6.912e-04
| loss 0: 1.553e-02| val metric 0: 0.006331 | best val: 0.003796 at epoch 188 | current lr: 6.912e-04
epoch: [251/500] | loss 0: 0.021848 | loss 1: 0.000000 | current lr: 6.875e-04
| loss 0: 2.185e-02| val metric 0: 0.008606 | best val: 0.003796 at epoch 188 | current lr: 6.875e-04
epoch: [252/500] | loss 0: 0.020205 | loss 1: 0.000000 | current lr: 6.839e-04
| loss 0: 2.020e-02| val metric 0: 0.007414 | best val: 0.003796 at epoch 188 | current lr: 6.839e-04
epoch: [253/500] | loss 0: 0.019484 | loss 1: 0.000000 | current lr: 6.802e-04
| loss 0: 1.948e-02| val metric 0: 0.005094 | best val: 0.003796 at epoch 188 | current lr: 6.802e-04
epoch: [254/500] | loss 0: 0.016875 | loss 1: 0.000000 | current lr: 6.766e-04
| loss 0: 1.688e-02| val metric 0: 0.007052 | best val: 0.003796 at epoch 188 | current lr: 6.766e-04
epoch: [255/500] | loss 0: 0.020722 | loss 1: 0.000000 | current lr: 6.729e-04
| loss 0: 2.072e-02| val metric 0: 0.009865 | best val: 0.003796 at epoch 188 | current lr: 6.729e-04
epoch: [256/500] | loss 0: 0.022778 | loss 1: 0.000000 | current lr: 6.692e-04
| loss 0: 2.278e-02| val metric 0: 0.007415 | best val: 0.003796 at epoch 188 | current lr: 6.692e-04
epoch: [257/500] | loss 0: 0.019864 | loss 1: 0.000000 | current lr: 6.655e-04
| loss 0: 1.986e-02| val metric 0: 0.004675 | best val: 0.003796 at epoch 188 | current lr: 6.655e-04
epoch: [258/500] | loss 0: 0.015344 | loss 1: 0.000000 | current lr: 6.618e-04
| loss 0: 1.534e-02| val metric 0: 0.005635 | best val: 0.003796 at epoch 188 | current lr: 6.618e-04
epoch: [259/500] | loss 0: 0.012970 | loss 1: 0.000000 | current lr: 6.581e-04
| loss 0: 1.297e-02| val metric 0: 0.004705 | best val: 0.003796 at epoch 188 | current lr: 6.581e-04
epoch: [260/500] | loss 0: 0.012119 | loss 1: 0.000000 | current lr: 6.543e-04
| loss 0: 1.212e-02| val metric 0: 0.003928 | best val: 0.003796 at epoch 188 | current lr: 6.543e-04
epoch: [261/500] | loss 0: 0.013439 | loss 1: 0.000000 | current lr: 6.506e-04
| loss 0: 1.344e-02| val metric 0: 0.007241 | best val: 0.003796 at epoch 188 | current lr: 6.506e-04
epoch: [262/500] | loss 0: 0.018022 | loss 1: 0.000000 | current lr: 6.468e-04
| loss 0: 1.802e-02| val metric 0: 0.008460 | best val: 0.003796 at epoch 188 | current lr: 6.468e-04
epoch: [263/500] | loss 0: 0.023079 | loss 1: 0.000000 | current lr: 6.431e-04
| loss 0: 2.308e-02| val metric 0: 0.006061 | best val: 0.003796 at epoch 188 | current lr: 6.431e-04
epoch: [264/500] | loss 0: 0.019908 | loss 1: 0.000000 | current lr: 6.393e-04
| loss 0: 1.991e-02| val metric 0: 0.007319 | best val: 0.003796 at epoch 188 | current lr: 6.393e-04
epoch: [265/500] | loss 0: 0.018554 | loss 1: 0.000000 | current lr: 6.355e-04
| loss 0: 1.855e-02| val metric 0: 0.004524 | best val: 0.003796 at epoch 188 | current lr: 6.355e-04
epoch: [266/500] | loss 0: 0.018026 | loss 1: 0.000000 | current lr: 6.317e-04
| loss 0: 1.803e-02| val metric 0: 0.007478 | best val: 0.003796 at epoch 188 | current lr: 6.317e-04
epoch: [267/500] | loss 0: 0.018218 | loss 1: 0.000000 | current lr: 6.280e-04
| loss 0: 1.822e-02| val metric 0: 0.006474 | best val: 0.003796 at epoch 188 | current lr: 6.280e-04
epoch: [268/500] | loss 0: 0.017286 | loss 1: 0.000000 | current lr: 6.242e-04
| loss 0: 1.729e-02| val metric 0: 0.004586 | best val: 0.003796 at epoch 188 | current lr: 6.242e-04
epoch: [269/500] | loss 0: 0.013825 | loss 1: 0.000000 | current lr: 6.203e-04
| loss 0: 1.382e-02| val metric 0: 0.007544 | best val: 0.003796 at epoch 188 | current lr: 6.203e-04
epoch: [270/500] | loss 0: 0.015303 | loss 1: 0.000000 | current lr: 6.165e-04
| loss 0: 1.530e-02| val metric 0: 0.008507 | best val: 0.003796 at epoch 188 | current lr: 6.165e-04
epoch: [271/500] | loss 0: 0.017085 | loss 1: 0.000000 | current lr: 6.127e-04
| loss 0: 1.709e-02| val metric 0: 0.005371 | best val: 0.003796 at epoch 188 | current lr: 6.127e-04
epoch: [272/500] | loss 0: 0.016530 | loss 1: 0.000000 | current lr: 6.089e-04
| loss 0: 1.653e-02| val metric 0: 0.005745 | best val: 0.003796 at epoch 188 | current lr: 6.089e-04
epoch: [273/500] | loss 0: 0.014209 | loss 1: 0.000000 | current lr: 6.050e-04
| loss 0: 1.421e-02| val metric 0: 0.004429 | best val: 0.003796 at epoch 188 | current lr: 6.050e-04
epoch: [274/500] | loss 0: 0.012867 | loss 1: 0.000000 | current lr: 6.012e-04
| loss 0: 1.287e-02| val metric 0: 0.004661 | best val: 0.003796 at epoch 188 | current lr: 6.012e-04
epoch: [275/500] | loss 0: 0.012429 | loss 1: 0.000000 | current lr: 5.974e-04
| loss 0: 1.243e-02| val metric 0: 0.006127 | best val: 0.003796 at epoch 188 | current lr: 5.974e-04
epoch: [276/500] | loss 0: 0.014559 | loss 1: 0.000000 | current lr: 5.935e-04
| loss 0: 1.456e-02| val metric 0: 0.004841 | best val: 0.003796 at epoch 188 | current lr: 5.935e-04
epoch: [277/500] | loss 0: 0.011066 | loss 1: 0.000000 | current lr: 5.896e-04
| loss 0: 1.107e-02| val metric 0: 0.003997 | best val: 0.003796 at epoch 188 | current lr: 5.896e-04
epoch: [278/500] | loss 0: 0.014618 | loss 1: 0.000000 | current lr: 5.858e-04
| loss 0: 1.462e-02| val metric 0: 0.005497 | best val: 0.003796 at epoch 188 | current lr: 5.858e-04
epoch: [279/500] | loss 0: 0.015286 | loss 1: 0.000000 | current lr: 5.819e-04
| loss 0: 1.529e-02| val metric 0: 0.006328 | best val: 0.003796 at epoch 188 | current lr: 5.819e-04
epoch: [280/500] | loss 0: 0.013559 | loss 1: 0.000000 | current lr: 5.780e-04
| loss 0: 1.356e-02| val metric 0: 0.006116 | best val: 0.003796 at epoch 188 | current lr: 5.780e-04
epoch: [281/500] | loss 0: 0.015253 | loss 1: 0.000000 | current lr: 5.741e-04
| loss 0: 1.525e-02| val metric 0: 0.006435 | best val: 0.003796 at epoch 188 | current lr: 5.741e-04
epoch: [282/500] | loss 0: 0.013622 | loss 1: 0.000000 | current lr: 5.703e-04
| loss 0: 1.362e-02| val metric 0: 0.005732 | best val: 0.003796 at epoch 188 | current lr: 5.703e-04
epoch: [283/500] | loss 0: 0.013810 | loss 1: 0.000000 | current lr: 5.664e-04
| loss 0: 1.381e-02| val metric 0: 0.005659 | best val: 0.003796 at epoch 188 | current lr: 5.664e-04
epoch: [284/500] | loss 0: 0.014078 | loss 1: 0.000000 | current lr: 5.625e-04
| loss 0: 1.408e-02| val metric 0: 0.006302 | best val: 0.003796 at epoch 188 | current lr: 5.625e-04
epoch: [285/500] | loss 0: 0.015604 | loss 1: 0.000000 | current lr: 5.586e-04
| loss 0: 1.560e-02| val metric 0: 0.004964 | best val: 0.003796 at epoch 188 | current lr: 5.586e-04
epoch: [286/500] | loss 0: 0.011817 | loss 1: 0.000000 | current lr: 5.547e-04
| loss 0: 1.182e-02| val metric 0: 0.004026 | best val: 0.003796 at epoch 188 | current lr: 5.547e-04
epoch: [287/500] | loss 0: 0.013392 | loss 1: 0.000000 | current lr: 5.508e-04
| loss 0: 1.339e-02| val metric 0: 0.004810 | best val: 0.003796 at epoch 188 | current lr: 5.508e-04
epoch: [288/500] | loss 0: 0.010413 | loss 1: 0.000000 | current lr: 5.469e-04
| loss 0: 1.041e-02| val metric 0: 0.003159 | best val: 0.003159 at epoch 288 | current lr: 5.469e-04
epoch: [289/500] | loss 0: 0.008301 | loss 1: 0.000000 | current lr: 5.429e-04
| loss 0: 8.301e-03| val metric 0: 0.002671 | best val: 0.002671 at epoch 289 | current lr: 5.429e-04
epoch: [290/500] | loss 0: 0.008055 | loss 1: 0.000000 | current lr: 5.390e-04
| loss 0: 8.055e-03| val metric 0: 0.003169 | best val: 0.002671 at epoch 289 | current lr: 5.390e-04
epoch: [291/500] | loss 0: 0.009709 | loss 1: 0.000000 | current lr: 5.351e-04
| loss 0: 9.709e-03| val metric 0: 0.003994 | best val: 0.002671 at epoch 289 | current lr: 5.351e-04
epoch: [292/500] | loss 0: 0.011006 | loss 1: 0.000000 | current lr: 5.312e-04
| loss 0: 1.101e-02| val metric 0: 0.004800 | best val: 0.002671 at epoch 289 | current lr: 5.312e-04
epoch: [293/500] | loss 0: 0.013141 | loss 1: 0.000000 | current lr: 5.273e-04
| loss 0: 1.314e-02| val metric 0: 0.007317 | best val: 0.002671 at epoch 289 | current lr: 5.273e-04
epoch: [294/500] | loss 0: 0.012262 | loss 1: 0.000000 | current lr: 5.234e-04
| loss 0: 1.226e-02| val metric 0: 0.004416 | best val: 0.002671 at epoch 289 | current lr: 5.234e-04
epoch: [295/500] | loss 0: 0.010302 | loss 1: 0.000000 | current lr: 5.194e-04
| loss 0: 1.030e-02| val metric 0: 0.004387 | best val: 0.002671 at epoch 289 | current lr: 5.194e-04
epoch: [296/500] | loss 0: 0.010446 | loss 1: 0.000000 | current lr: 5.155e-04
| loss 0: 1.045e-02| val metric 0: 0.004267 | best val: 0.002671 at epoch 289 | current lr: 5.155e-04
epoch: [297/500] | loss 0: 0.010257 | loss 1: 0.000000 | current lr: 5.116e-04
| loss 0: 1.026e-02| val metric 0: 0.003665 | best val: 0.002671 at epoch 289 | current lr: 5.116e-04
epoch: [298/500] | loss 0: 0.008846 | loss 1: 0.000000 | current lr: 5.077e-04
| loss 0: 8.846e-03| val metric 0: 0.003348 | best val: 0.002671 at epoch 289 | current lr: 5.077e-04
epoch: [299/500] | loss 0: 0.009264 | loss 1: 0.000000 | current lr: 5.037e-04
| loss 0: 9.264e-03| val metric 0: 0.004804 | best val: 0.002671 at epoch 289 | current lr: 5.037e-04
epoch: [300/500] | loss 0: 0.012867 | loss 1: 0.000000 | current lr: 4.998e-04
| loss 0: 1.287e-02| val metric 0: 0.005063 | best val: 0.002671 at epoch 289 | current lr: 4.998e-04
epoch: [301/500] | loss 0: 0.013276 | loss 1: 0.000000 | current lr: 4.959e-04
| loss 0: 1.328e-02| val metric 0: 0.006721 | best val: 0.002671 at epoch 289 | current lr: 4.959e-04
epoch: [302/500] | loss 0: 0.012441 | loss 1: 0.000000 | current lr: 4.920e-04
| loss 0: 1.244e-02| val metric 0: 0.005555 | best val: 0.002671 at epoch 289 | current lr: 4.920e-04
epoch: [303/500] | loss 0: 0.013964 | loss 1: 0.000000 | current lr: 4.880e-04
| loss 0: 1.396e-02| val metric 0: 0.005629 | best val: 0.002671 at epoch 289 | current lr: 4.880e-04
epoch: [304/500] | loss 0: 0.012333 | loss 1: 0.000000 | current lr: 4.841e-04
| loss 0: 1.233e-02| val metric 0: 0.004209 | best val: 0.002671 at epoch 289 | current lr: 4.841e-04
epoch: [305/500] | loss 0: 0.008415 | loss 1: 0.000000 | current lr: 4.802e-04
| loss 0: 8.415e-03| val metric 0: 0.002919 | best val: 0.002671 at epoch 289 | current lr: 4.802e-04
epoch: [306/500] | loss 0: 0.009271 | loss 1: 0.000000 | current lr: 4.763e-04
| loss 0: 9.271e-03| val metric 0: 0.002817 | best val: 0.002671 at epoch 289 | current lr: 4.763e-04
epoch: [307/500] | loss 0: 0.007432 | loss 1: 0.000000 | current lr: 4.723e-04
| loss 0: 7.432e-03| val metric 0: 0.002008 | best val: 0.002008 at epoch 307 | current lr: 4.723e-04
epoch: [308/500] | loss 0: 0.009550 | loss 1: 0.000000 | current lr: 4.684e-04
| loss 0: 9.550e-03| val metric 0: 0.005235 | best val: 0.002008 at epoch 307 | current lr: 4.684e-04
epoch: [309/500] | loss 0: 0.010516 | loss 1: 0.000000 | current lr: 4.645e-04
| loss 0: 1.052e-02| val metric 0: 0.002855 | best val: 0.002008 at epoch 307 | current lr: 4.645e-04
epoch: [310/500] | loss 0: 0.009566 | loss 1: 0.000000 | current lr: 4.606e-04
| loss 0: 9.566e-03| val metric 0: 0.005466 | best val: 0.002008 at epoch 307 | current lr: 4.606e-04
epoch: [311/500] | loss 0: 0.012379 | loss 1: 0.000000 | current lr: 4.567e-04
| loss 0: 1.238e-02| val metric 0: 0.002950 | best val: 0.002008 at epoch 307 | current lr: 4.567e-04
epoch: [312/500] | loss 0: 0.010843 | loss 1: 0.000000 | current lr: 4.528e-04
| loss 0: 1.084e-02| val metric 0: 0.004108 | best val: 0.002008 at epoch 307 | current lr: 4.528e-04
epoch: [313/500] | loss 0: 0.010802 | loss 1: 0.000000 | current lr: 4.488e-04
| loss 0: 1.080e-02| val metric 0: 0.005208 | best val: 0.002008 at epoch 307 | current lr: 4.488e-04
epoch: [314/500] | loss 0: 0.011871 | loss 1: 0.000000 | current lr: 4.449e-04
| loss 0: 1.187e-02| val metric 0: 0.005634 | best val: 0.002008 at epoch 307 | current lr: 4.449e-04
epoch: [315/500] | loss 0: 0.011859 | loss 1: 0.000000 | current lr: 4.410e-04
| loss 0: 1.186e-02| val metric 0: 0.005049 | best val: 0.002008 at epoch 307 | current lr: 4.410e-04
epoch: [316/500] | loss 0: 0.011862 | loss 1: 0.000000 | current lr: 4.371e-04
| loss 0: 1.186e-02| val metric 0: 0.004800 | best val: 0.002008 at epoch 307 | current lr: 4.371e-04
epoch: [317/500] | loss 0: 0.009252 | loss 1: 0.000000 | current lr: 4.332e-04
| loss 0: 9.252e-03| val metric 0: 0.002360 | best val: 0.002008 at epoch 307 | current lr: 4.332e-04
epoch: [318/500] | loss 0: 0.006898 | loss 1: 0.000000 | current lr: 4.294e-04
| loss 0: 6.898e-03| val metric 0: 0.003136 | best val: 0.002008 at epoch 307 | current lr: 4.294e-04
epoch: [319/500] | loss 0: 0.010031 | loss 1: 0.000000 | current lr: 4.255e-04
| loss 0: 1.003e-02| val metric 0: 0.004014 | best val: 0.002008 at epoch 307 | current lr: 4.255e-04
epoch: [320/500] | loss 0: 0.011441 | loss 1: 0.000000 | current lr: 4.216e-04
| loss 0: 1.144e-02| val metric 0: 0.003594 | best val: 0.002008 at epoch 307 | current lr: 4.216e-04
epoch: [321/500] | loss 0: 0.011121 | loss 1: 0.000000 | current lr: 4.177e-04
| loss 0: 1.112e-02| val metric 0: 0.002975 | best val: 0.002008 at epoch 307 | current lr: 4.177e-04
epoch: [322/500] | loss 0: 0.010313 | loss 1: 0.000000 | current lr: 4.138e-04
| loss 0: 1.031e-02| val metric 0: 0.004851 | best val: 0.002008 at epoch 307 | current lr: 4.138e-04
epoch: [323/500] | loss 0: 0.010840 | loss 1: 0.000000 | current lr: 4.100e-04
| loss 0: 1.084e-02| val metric 0: 0.003207 | best val: 0.002008 at epoch 307 | current lr: 4.100e-04
epoch: [324/500] | loss 0: 0.007659 | loss 1: 0.000000 | current lr: 4.061e-04
| loss 0: 7.659e-03| val metric 0: 0.002098 | best val: 0.002008 at epoch 307 | current lr: 4.061e-04
epoch: [325/500] | loss 0: 0.005928 | loss 1: 0.000000 | current lr: 4.023e-04
| loss 0: 5.928e-03| val metric 0: 0.002327 | best val: 0.002008 at epoch 307 | current lr: 4.023e-04
epoch: [326/500] | loss 0: 0.005856 | loss 1: 0.000000 | current lr: 3.984e-04
| loss 0: 5.856e-03| val metric 0: 0.001932 | best val: 0.001932 at epoch 326 | current lr: 3.984e-04
epoch: [327/500] | loss 0: 0.006089 | loss 1: 0.000000 | current lr: 3.946e-04
| loss 0: 6.089e-03| val metric 0: 0.002701 | best val: 0.001932 at epoch 326 | current lr: 3.946e-04
epoch: [328/500] | loss 0: 0.007928 | loss 1: 0.000000 | current lr: 3.907e-04
| loss 0: 7.928e-03| val metric 0: 0.004857 | best val: 0.001932 at epoch 326 | current lr: 3.907e-04
epoch: [329/500] | loss 0: 0.008085 | loss 1: 0.000000 | current lr: 3.869e-04
| loss 0: 8.085e-03| val metric 0: 0.002601 | best val: 0.001932 at epoch 326 | current lr: 3.869e-04
epoch: [330/500] | loss 0: 0.006849 | loss 1: 0.000000 | current lr: 3.831e-04
| loss 0: 6.849e-03| val metric 0: 0.002766 | best val: 0.001932 at epoch 326 | current lr: 3.831e-04
epoch: [331/500] | loss 0: 0.007511 | loss 1: 0.000000 | current lr: 3.793e-04
| loss 0: 7.511e-03| val metric 0: 0.003130 | best val: 0.001932 at epoch 326 | current lr: 3.793e-04
epoch: [332/500] | loss 0: 0.008360 | loss 1: 0.000000 | current lr: 3.755e-04
| loss 0: 8.360e-03| val metric 0: 0.003303 | best val: 0.001932 at epoch 326 | current lr: 3.755e-04
epoch: [333/500] | loss 0: 0.008138 | loss 1: 0.000000 | current lr: 3.717e-04
| loss 0: 8.138e-03| val metric 0: 0.003214 | best val: 0.001932 at epoch 326 | current lr: 3.717e-04
epoch: [334/500] | loss 0: 0.008997 | loss 1: 0.000000 | current lr: 3.679e-04
| loss 0: 8.997e-03| val metric 0: 0.002857 | best val: 0.001932 at epoch 326 | current lr: 3.679e-04
epoch: [335/500] | loss 0: 0.006549 | loss 1: 0.000000 | current lr: 3.641e-04
| loss 0: 6.549e-03| val metric 0: 0.003035 | best val: 0.001932 at epoch 326 | current lr: 3.641e-04
epoch: [336/500] | loss 0: 0.007945 | loss 1: 0.000000 | current lr: 3.603e-04
| loss 0: 7.945e-03| val metric 0: 0.002656 | best val: 0.001932 at epoch 326 | current lr: 3.603e-04
epoch: [337/500] | loss 0: 0.008493 | loss 1: 0.000000 | current lr: 3.565e-04
| loss 0: 8.493e-03| val metric 0: 0.002426 | best val: 0.001932 at epoch 326 | current lr: 3.565e-04
epoch: [338/500] | loss 0: 0.007786 | loss 1: 0.000000 | current lr: 3.528e-04
| loss 0: 7.786e-03| val metric 0: 0.003880 | best val: 0.001932 at epoch 326 | current lr: 3.528e-04
epoch: [339/500] | loss 0: 0.006927 | loss 1: 0.000000 | current lr: 3.490e-04
| loss 0: 6.927e-03| val metric 0: 0.002809 | best val: 0.001932 at epoch 326 | current lr: 3.490e-04
epoch: [340/500] | loss 0: 0.007738 | loss 1: 0.000000 | current lr: 3.453e-04
| loss 0: 7.738e-03| val metric 0: 0.003021 | best val: 0.001932 at epoch 326 | current lr: 3.453e-04
epoch: [341/500] | loss 0: 0.008524 | loss 1: 0.000000 | current lr: 3.416e-04
| loss 0: 8.524e-03| val metric 0: 0.002465 | best val: 0.001932 at epoch 326 | current lr: 3.416e-04
epoch: [342/500] | loss 0: 0.007286 | loss 1: 0.000000 | current lr: 3.379e-04
| loss 0: 7.286e-03| val metric 0: 0.002805 | best val: 0.001932 at epoch 326 | current lr: 3.379e-04
epoch: [343/500] | loss 0: 0.007343 | loss 1: 0.000000 | current lr: 3.341e-04
| loss 0: 7.343e-03| val metric 0: 0.003590 | best val: 0.001932 at epoch 326 | current lr: 3.341e-04
epoch: [344/500] | loss 0: 0.007546 | loss 1: 0.000000 | current lr: 3.304e-04
| loss 0: 7.546e-03| val metric 0: 0.003740 | best val: 0.001932 at epoch 326 | current lr: 3.304e-04
epoch: [345/500] | loss 0: 0.006998 | loss 1: 0.000000 | current lr: 3.268e-04
| loss 0: 6.998e-03| val metric 0: 0.002872 | best val: 0.001932 at epoch 326 | current lr: 3.268e-04
epoch: [346/500] | loss 0: 0.005621 | loss 1: 0.000000 | current lr: 3.231e-04
| loss 0: 5.621e-03| val metric 0: 0.002069 | best val: 0.001932 at epoch 326 | current lr: 3.231e-04
epoch: [347/500] | loss 0: 0.004232 | loss 1: 0.000000 | current lr: 3.194e-04
| loss 0: 4.232e-03| val metric 0: 0.001331 | best val: 0.001331 at epoch 347 | current lr: 3.194e-04
epoch: [348/500] | loss 0: 0.004353 | loss 1: 0.000000 | current lr: 3.158e-04
| loss 0: 4.353e-03| val metric 0: 0.001925 | best val: 0.001331 at epoch 347 | current lr: 3.158e-04
epoch: [349/500] | loss 0: 0.004053 | loss 1: 0.000000 | current lr: 3.121e-04
| loss 0: 4.053e-03| val metric 0: 0.001588 | best val: 0.001331 at epoch 347 | current lr: 3.121e-04
epoch: [350/500] | loss 0: 0.003910 | loss 1: 0.000000 | current lr: 3.085e-04
| loss 0: 3.910e-03| val metric 0: 0.001844 | best val: 0.001331 at epoch 347 | current lr: 3.085e-04
epoch: [351/500] | loss 0: 0.004125 | loss 1: 0.000000 | current lr: 3.049e-04
| loss 0: 4.125e-03| val metric 0: 0.001636 | best val: 0.001331 at epoch 347 | current lr: 3.049e-04
epoch: [352/500] | loss 0: 0.004423 | loss 1: 0.000000 | current lr: 3.012e-04
| loss 0: 4.423e-03| val metric 0: 0.002009 | best val: 0.001331 at epoch 347 | current lr: 3.012e-04
epoch: [353/500] | loss 0: 0.005803 | loss 1: 0.000000 | current lr: 2.976e-04
| loss 0: 5.803e-03| val metric 0: 0.003033 | best val: 0.001331 at epoch 347 | current lr: 2.976e-04
epoch: [354/500] | loss 0: 0.006913 | loss 1: 0.000000 | current lr: 2.941e-04
| loss 0: 6.913e-03| val metric 0: 0.002991 | best val: 0.001331 at epoch 347 | current lr: 2.941e-04
epoch: [355/500] | loss 0: 0.007411 | loss 1: 0.000000 | current lr: 2.905e-04
| loss 0: 7.411e-03| val metric 0: 0.002617 | best val: 0.001331 at epoch 347 | current lr: 2.905e-04
epoch: [356/500] | loss 0: 0.006736 | loss 1: 0.000000 | current lr: 2.869e-04
| loss 0: 6.736e-03| val metric 0: 0.003206 | best val: 0.001331 at epoch 347 | current lr: 2.869e-04
epoch: [357/500] | loss 0: 0.007389 | loss 1: 0.000000 | current lr: 2.834e-04
| loss 0: 7.389e-03| val metric 0: 0.002135 | best val: 0.001331 at epoch 347 | current lr: 2.834e-04
epoch: [358/500] | loss 0: 0.005922 | loss 1: 0.000000 | current lr: 2.799e-04
| loss 0: 5.922e-03| val metric 0: 0.001852 | best val: 0.001331 at epoch 347 | current lr: 2.799e-04
epoch: [359/500] | loss 0: 0.005125 | loss 1: 0.000000 | current lr: 2.763e-04
| loss 0: 5.125e-03| val metric 0: 0.001833 | best val: 0.001331 at epoch 347 | current lr: 2.763e-04
epoch: [360/500] | loss 0: 0.005860 | loss 1: 0.000000 | current lr: 2.728e-04
| loss 0: 5.860e-03| val metric 0: 0.001925 | best val: 0.001331 at epoch 347 | current lr: 2.728e-04
epoch: [361/500] | loss 0: 0.005457 | loss 1: 0.000000 | current lr: 2.693e-04
| loss 0: 5.457e-03| val metric 0: 0.002055 | best val: 0.001331 at epoch 347 | current lr: 2.693e-04
epoch: [362/500] | loss 0: 0.005250 | loss 1: 0.000000 | current lr: 2.659e-04
| loss 0: 5.250e-03| val metric 0: 0.001640 | best val: 0.001331 at epoch 347 | current lr: 2.659e-04
epoch: [363/500] | loss 0: 0.004316 | loss 1: 0.000000 | current lr: 2.624e-04
| loss 0: 4.316e-03| val metric 0: 0.001643 | best val: 0.001331 at epoch 347 | current lr: 2.624e-04
epoch: [364/500] | loss 0: 0.004531 | loss 1: 0.000000 | current lr: 2.590e-04
| loss 0: 4.531e-03| val metric 0: 0.001847 | best val: 0.001331 at epoch 347 | current lr: 2.590e-04
epoch: [365/500] | loss 0: 0.004967 | loss 1: 0.000000 | current lr: 2.555e-04
| loss 0: 4.967e-03| val metric 0: 0.001795 | best val: 0.001331 at epoch 347 | current lr: 2.555e-04
epoch: [366/500] | loss 0: 0.005349 | loss 1: 0.000000 | current lr: 2.521e-04
| loss 0: 5.349e-03| val metric 0: 0.002122 | best val: 0.001331 at epoch 347 | current lr: 2.521e-04
epoch: [367/500] | loss 0: 0.005351 | loss 1: 0.000000 | current lr: 2.487e-04
| loss 0: 5.351e-03| val metric 0: 0.001814 | best val: 0.001331 at epoch 347 | current lr: 2.487e-04
epoch: [368/500] | loss 0: 0.004367 | loss 1: 0.000000 | current lr: 2.453e-04
| loss 0: 4.367e-03| val metric 0: 0.001422 | best val: 0.001331 at epoch 347 | current lr: 2.453e-04
epoch: [369/500] | loss 0: 0.003667 | loss 1: 0.000000 | current lr: 2.419e-04
| loss 0: 3.667e-03| val metric 0: 0.001465 | best val: 0.001331 at epoch 347 | current lr: 2.419e-04
epoch: [370/500] | loss 0: 0.003362 | loss 1: 0.000000 | current lr: 2.386e-04
| loss 0: 3.362e-03| val metric 0: 0.001226 | best val: 0.001226 at epoch 370 | current lr: 2.386e-04
epoch: [371/500] | loss 0: 0.002975 | loss 1: 0.000000 | current lr: 2.352e-04
| loss 0: 2.975e-03| val metric 0: 0.001206 | best val: 0.001206 at epoch 371 | current lr: 2.352e-04
epoch: [372/500] | loss 0: 0.004047 | loss 1: 0.000000 | current lr: 2.319e-04
| loss 0: 4.047e-03| val metric 0: 0.001967 | best val: 0.001206 at epoch 371 | current lr: 2.319e-04
epoch: [373/500] | loss 0: 0.006306 | loss 1: 0.000000 | current lr: 2.286e-04
| loss 0: 6.306e-03| val metric 0: 0.002058 | best val: 0.001206 at epoch 371 | current lr: 2.286e-04
epoch: [374/500] | loss 0: 0.005532 | loss 1: 0.000000 | current lr: 2.253e-04
| loss 0: 5.532e-03| val metric 0: 0.001818 | best val: 0.001206 at epoch 371 | current lr: 2.253e-04
epoch: [375/500] | loss 0: 0.004749 | loss 1: 0.000000 | current lr: 2.221e-04
| loss 0: 4.749e-03| val metric 0: 0.002035 | best val: 0.001206 at epoch 371 | current lr: 2.221e-04
epoch: [376/500] | loss 0: 0.003736 | loss 1: 0.000000 | current lr: 2.188e-04
| loss 0: 3.736e-03| val metric 0: 0.001358 | best val: 0.001206 at epoch 371 | current lr: 2.188e-04
epoch: [377/500] | loss 0: 0.003393 | loss 1: 0.000000 | current lr: 2.156e-04
| loss 0: 3.393e-03| val metric 0: 0.001351 | best val: 0.001206 at epoch 371 | current lr: 2.156e-04
epoch: [378/500] | loss 0: 0.003407 | loss 1: 0.000000 | current lr: 2.123e-04
| loss 0: 3.407e-03| val metric 0: 0.001453 | best val: 0.001206 at epoch 371 | current lr: 2.123e-04
epoch: [379/500] | loss 0: 0.003041 | loss 1: 0.000000 | current lr: 2.091e-04
| loss 0: 3.041e-03| val metric 0: 0.000996 | best val: 0.000996 at epoch 379 | current lr: 2.091e-04
epoch: [380/500] | loss 0: 0.002719 | loss 1: 0.000000 | current lr: 2.059e-04
| loss 0: 2.719e-03| val metric 0: 0.001025 | best val: 0.000996 at epoch 379 | current lr: 2.059e-04
epoch: [381/500] | loss 0: 0.002614 | loss 1: 0.000000 | current lr: 2.028e-04
| loss 0: 2.614e-03| val metric 0: 0.001036 | best val: 0.000996 at epoch 379 | current lr: 2.028e-04
epoch: [382/500] | loss 0: 0.002752 | loss 1: 0.000000 | current lr: 1.996e-04
| loss 0: 2.752e-03| val metric 0: 0.000989 | best val: 0.000989 at epoch 382 | current lr: 1.996e-04
epoch: [383/500] | loss 0: 0.002567 | loss 1: 0.000000 | current lr: 1.965e-04
| loss 0: 2.567e-03| val metric 0: 0.001023 | best val: 0.000989 at epoch 382 | current lr: 1.965e-04
epoch: [384/500] | loss 0: 0.002588 | loss 1: 0.000000 | current lr: 1.934e-04
| loss 0: 2.588e-03| val metric 0: 0.000982 | best val: 0.000982 at epoch 384 | current lr: 1.934e-04
epoch: [385/500] | loss 0: 0.002523 | loss 1: 0.000000 | current lr: 1.903e-04
| loss 0: 2.523e-03| val metric 0: 0.000932 | best val: 0.000932 at epoch 385 | current lr: 1.903e-04
epoch: [386/500] | loss 0: 0.002633 | loss 1: 0.000000 | current lr: 1.872e-04
| loss 0: 2.633e-03| val metric 0: 0.000950 | best val: 0.000932 at epoch 385 | current lr: 1.872e-04
epoch: [387/500] | loss 0: 0.002448 | loss 1: 0.000000 | current lr: 1.842e-04
| loss 0: 2.448e-03| val metric 0: 0.001018 | best val: 0.000932 at epoch 385 | current lr: 1.842e-04
epoch: [388/500] | loss 0: 0.002435 | loss 1: 0.000000 | current lr: 1.811e-04
| loss 0: 2.435e-03| val metric 0: 0.000936 | best val: 0.000932 at epoch 385 | current lr: 1.811e-04
epoch: [389/500] | loss 0: 0.002370 | loss 1: 0.000000 | current lr: 1.781e-04
| loss 0: 2.370e-03| val metric 0: 0.000899 | best val: 0.000899 at epoch 389 | current lr: 1.781e-04
epoch: [390/500] | loss 0: 0.002383 | loss 1: 0.000000 | current lr: 1.751e-04
| loss 0: 2.383e-03| val metric 0: 0.000925 | best val: 0.000899 at epoch 389 | current lr: 1.751e-04
epoch: [391/500] | loss 0: 0.002418 | loss 1: 0.000000 | current lr: 1.722e-04
| loss 0: 2.418e-03| val metric 0: 0.001010 | best val: 0.000899 at epoch 389 | current lr: 1.722e-04
epoch: [392/500] | loss 0: 0.002326 | loss 1: 0.000000 | current lr: 1.692e-04
| loss 0: 2.326e-03| val metric 0: 0.001098 | best val: 0.000899 at epoch 389 | current lr: 1.692e-04
epoch: [393/500] | loss 0: 0.002385 | loss 1: 0.000000 | current lr: 1.663e-04
| loss 0: 2.385e-03| val metric 0: 0.000919 | best val: 0.000899 at epoch 389 | current lr: 1.663e-04
epoch: [394/500] | loss 0: 0.002371 | loss 1: 0.000000 | current lr: 1.633e-04
| loss 0: 2.371e-03| val metric 0: 0.000906 | best val: 0.000899 at epoch 389 | current lr: 1.633e-04
epoch: [395/500] | loss 0: 0.002260 | loss 1: 0.000000 | current lr: 1.605e-04
| loss 0: 2.260e-03| val metric 0: 0.000911 | best val: 0.000899 at epoch 389 | current lr: 1.605e-04
epoch: [396/500] | loss 0: 0.002399 | loss 1: 0.000000 | current lr: 1.576e-04
| loss 0: 2.399e-03| val metric 0: 0.000948 | best val: 0.000899 at epoch 389 | current lr: 1.576e-04
epoch: [397/500] | loss 0: 0.002190 | loss 1: 0.000000 | current lr: 1.547e-04
| loss 0: 2.190e-03| val metric 0: 0.000843 | best val: 0.000843 at epoch 397 | current lr: 1.547e-04
epoch: [398/500] | loss 0: 0.002338 | loss 1: 0.000000 | current lr: 1.519e-04
| loss 0: 2.338e-03| val metric 0: 0.000897 | best val: 0.000843 at epoch 397 | current lr: 1.519e-04
epoch: [399/500] | loss 0: 0.002139 | loss 1: 0.000000 | current lr: 1.491e-04
| loss 0: 2.139e-03| val metric 0: 0.000838 | best val: 0.000838 at epoch 399 | current lr: 1.491e-04
epoch: [400/500] | loss 0: 0.002073 | loss 1: 0.000000 | current lr: 1.463e-04
| loss 0: 2.073e-03| val metric 0: 0.000859 | best val: 0.000838 at epoch 399 | current lr: 1.463e-04
epoch: [401/500] | loss 0: 0.002165 | loss 1: 0.000000 | current lr: 1.435e-04
| loss 0: 2.165e-03| val metric 0: 0.000866 | best val: 0.000838 at epoch 399 | current lr: 1.435e-04
epoch: [402/500] | loss 0: 0.002131 | loss 1: 0.000000 | current lr: 1.408e-04
| loss 0: 2.131e-03| val metric 0: 0.000841 | best val: 0.000838 at epoch 399 | current lr: 1.408e-04
epoch: [403/500] | loss 0: 0.002094 | loss 1: 0.000000 | current lr: 1.381e-04
| loss 0: 2.094e-03| val metric 0: 0.000853 | best val: 0.000838 at epoch 399 | current lr: 1.381e-04
epoch: [404/500] | loss 0: 0.002059 | loss 1: 0.000000 | current lr: 1.354e-04
| loss 0: 2.059e-03| val metric 0: 0.000867 | best val: 0.000838 at epoch 399 | current lr: 1.354e-04
epoch: [405/500] | loss 0: 0.002043 | loss 1: 0.000000 | current lr: 1.327e-04
| loss 0: 2.043e-03| val metric 0: 0.000851 | best val: 0.000838 at epoch 399 | current lr: 1.327e-04
epoch: [406/500] | loss 0: 0.002030 | loss 1: 0.000000 | current lr: 1.301e-04
| loss 0: 2.030e-03| val metric 0: 0.000837 | best val: 0.000837 at epoch 406 | current lr: 1.301e-04
epoch: [407/500] | loss 0: 0.002007 | loss 1: 0.000000 | current lr: 1.274e-04
| loss 0: 2.007e-03| val metric 0: 0.000827 | best val: 0.000827 at epoch 407 | current lr: 1.274e-04
epoch: [408/500] | loss 0: 0.001988 | loss 1: 0.000000 | current lr: 1.248e-04
| loss 0: 1.988e-03| val metric 0: 0.000814 | best val: 0.000814 at epoch 408 | current lr: 1.248e-04
epoch: [409/500] | loss 0: 0.001972 | loss 1: 0.000000 | current lr: 1.222e-04
| loss 0: 1.972e-03| val metric 0: 0.000804 | best val: 0.000804 at epoch 409 | current lr: 1.222e-04
epoch: [410/500] | loss 0: 0.001955 | loss 1: 0.000000 | current lr: 1.197e-04
| loss 0: 1.955e-03| val metric 0: 0.000796 | best val: 0.000796 at epoch 410 | current lr: 1.197e-04
epoch: [411/500] | loss 0: 0.001941 | loss 1: 0.000000 | current lr: 1.171e-04
| loss 0: 1.941e-03| val metric 0: 0.000789 | best val: 0.000789 at epoch 411 | current lr: 1.171e-04
epoch: [412/500] | loss 0: 0.001937 | loss 1: 0.000000 | current lr: 1.146e-04
| loss 0: 1.937e-03| val metric 0: 0.000793 | best val: 0.000789 at epoch 411 | current lr: 1.146e-04
epoch: [413/500] | loss 0: 0.001945 | loss 1: 0.000000 | current lr: 1.121e-04
| loss 0: 1.945e-03| val metric 0: 0.000801 | best val: 0.000789 at epoch 411 | current lr: 1.121e-04
epoch: [414/500] | loss 0: 0.001947 | loss 1: 0.000000 | current lr: 1.097e-04
| loss 0: 1.947e-03| val metric 0: 0.000793 | best val: 0.000789 at epoch 411 | current lr: 1.097e-04
epoch: [415/500] | loss 0: 0.001950 | loss 1: 0.000000 | current lr: 1.072e-04
| loss 0: 1.950e-03| val metric 0: 0.000796 | best val: 0.000789 at epoch 411 | current lr: 1.072e-04
epoch: [416/500] | loss 0: 0.002018 | loss 1: 0.000000 | current lr: 1.048e-04
| loss 0: 2.018e-03| val metric 0: 0.000809 | best val: 0.000789 at epoch 411 | current lr: 1.048e-04
epoch: [417/500] | loss 0: 0.001940 | loss 1: 0.000000 | current lr: 1.024e-04
| loss 0: 1.940e-03| val metric 0: 0.000775 | best val: 0.000775 at epoch 417 | current lr: 1.024e-04
epoch: [418/500] | loss 0: 0.001896 | loss 1: 0.000000 | current lr: 1.000e-04
| loss 0: 1.896e-03| val metric 0: 0.000776 | best val: 0.000775 at epoch 417 | current lr: 1.000e-04
epoch: [419/500] | loss 0: 0.001934 | loss 1: 0.000000 | current lr: 9.770e-05
| loss 0: 1.934e-03| val metric 0: 0.000784 | best val: 0.000775 at epoch 417 | current lr: 9.770e-05
epoch: [420/500] | loss 0: 0.001908 | loss 1: 0.000000 | current lr: 9.538e-05
| loss 0: 1.908e-03| val metric 0: 0.000780 | best val: 0.000775 at epoch 417 | current lr: 9.538e-05
epoch: [421/500] | loss 0: 0.001885 | loss 1: 0.000000 | current lr: 9.308e-05
| loss 0: 1.885e-03| val metric 0: 0.000776 | best val: 0.000775 at epoch 417 | current lr: 9.308e-05
epoch: [422/500] | loss 0: 0.001882 | loss 1: 0.000000 | current lr: 9.081e-05
| loss 0: 1.882e-03| val metric 0: 0.000768 | best val: 0.000768 at epoch 422 | current lr: 9.081e-05
epoch: [423/500] | loss 0: 0.001875 | loss 1: 0.000000 | current lr: 8.857e-05
| loss 0: 1.875e-03| val metric 0: 0.000771 | best val: 0.000768 at epoch 422 | current lr: 8.857e-05
epoch: [424/500] | loss 0: 0.001878 | loss 1: 0.000000 | current lr: 8.635e-05
| loss 0: 1.878e-03| val metric 0: 0.000770 | best val: 0.000768 at epoch 422 | current lr: 8.635e-05
epoch: [425/500] | loss 0: 0.001894 | loss 1: 0.000000 | current lr: 8.416e-05
| loss 0: 1.894e-03| val metric 0: 0.000776 | best val: 0.000768 at epoch 422 | current lr: 8.416e-05
epoch: [426/500] | loss 0: 0.001938 | loss 1: 0.000000 | current lr: 8.199e-05
| loss 0: 1.938e-03| val metric 0: 0.000792 | best val: 0.000768 at epoch 422 | current lr: 8.199e-05
epoch: [427/500] | loss 0: 0.001929 | loss 1: 0.000000 | current lr: 7.985e-05
| loss 0: 1.929e-03| val metric 0: 0.000772 | best val: 0.000768 at epoch 422 | current lr: 7.985e-05
epoch: [428/500] | loss 0: 0.001884 | loss 1: 0.000000 | current lr: 7.773e-05
| loss 0: 1.884e-03| val metric 0: 0.000755 | best val: 0.000755 at epoch 428 | current lr: 7.773e-05
epoch: [429/500] | loss 0: 0.001855 | loss 1: 0.000000 | current lr: 7.564e-05
| loss 0: 1.855e-03| val metric 0: 0.000749 | best val: 0.000749 at epoch 429 | current lr: 7.564e-05
epoch: [430/500] | loss 0: 0.001841 | loss 1: 0.000000 | current lr: 7.358e-05
| loss 0: 1.841e-03| val metric 0: 0.000746 | best val: 0.000746 at epoch 430 | current lr: 7.358e-05
epoch: [431/500] | loss 0: 0.001832 | loss 1: 0.000000 | current lr: 7.154e-05
| loss 0: 1.832e-03| val metric 0: 0.000743 | best val: 0.000743 at epoch 431 | current lr: 7.154e-05
epoch: [432/500] | loss 0: 0.001827 | loss 1: 0.000000 | current lr: 6.953e-05
| loss 0: 1.827e-03| val metric 0: 0.000740 | best val: 0.000740 at epoch 432 | current lr: 6.953e-05
epoch: [433/500] | loss 0: 0.001823 | loss 1: 0.000000 | current lr: 6.754e-05
| loss 0: 1.823e-03| val metric 0: 0.000739 | best val: 0.000739 at epoch 433 | current lr: 6.754e-05
epoch: [434/500] | loss 0: 0.001818 | loss 1: 0.000000 | current lr: 6.559e-05
| loss 0: 1.818e-03| val metric 0: 0.000738 | best val: 0.000738 at epoch 434 | current lr: 6.559e-05
epoch: [435/500] | loss 0: 0.001811 | loss 1: 0.000000 | current lr: 6.366e-05
| loss 0: 1.811e-03| val metric 0: 0.000735 | best val: 0.000735 at epoch 435 | current lr: 6.366e-05
epoch: [436/500] | loss 0: 0.001804 | loss 1: 0.000000 | current lr: 6.175e-05
| loss 0: 1.804e-03| val metric 0: 0.000734 | best val: 0.000734 at epoch 436 | current lr: 6.175e-05
epoch: [437/500] | loss 0: 0.001798 | loss 1: 0.000000 | current lr: 5.988e-05
| loss 0: 1.798e-03| val metric 0: 0.000733 | best val: 0.000733 at epoch 437 | current lr: 5.988e-05
epoch: [438/500] | loss 0: 0.001794 | loss 1: 0.000000 | current lr: 5.803e-05
| loss 0: 1.794e-03| val metric 0: 0.000731 | best val: 0.000731 at epoch 438 | current lr: 5.803e-05
epoch: [439/500] | loss 0: 0.001790 | loss 1: 0.000000 | current lr: 5.620e-05
| loss 0: 1.790e-03| val metric 0: 0.000730 | best val: 0.000730 at epoch 439 | current lr: 5.620e-05
epoch: [440/500] | loss 0: 0.001787 | loss 1: 0.000000 | current lr: 5.441e-05
| loss 0: 1.787e-03| val metric 0: 0.000729 | best val: 0.000729 at epoch 440 | current lr: 5.441e-05
epoch: [441/500] | loss 0: 0.001786 | loss 1: 0.000000 | current lr: 5.264e-05
| loss 0: 1.786e-03| val metric 0: 0.000727 | best val: 0.000727 at epoch 441 | current lr: 5.264e-05
epoch: [442/500] | loss 0: 0.001784 | loss 1: 0.000000 | current lr: 5.090e-05
| loss 0: 1.784e-03| val metric 0: 0.000722 | best val: 0.000722 at epoch 442 | current lr: 5.090e-05
epoch: [443/500] | loss 0: 0.001780 | loss 1: 0.000000 | current lr: 4.919e-05
| loss 0: 1.780e-03| val metric 0: 0.000718 | best val: 0.000718 at epoch 443 | current lr: 4.919e-05
epoch: [444/500] | loss 0: 0.001775 | loss 1: 0.000000 | current lr: 4.750e-05
| loss 0: 1.775e-03| val metric 0: 0.000717 | best val: 0.000717 at epoch 444 | current lr: 4.750e-05
epoch: [445/500] | loss 0: 0.001766 | loss 1: 0.000000 | current lr: 4.585e-05
| loss 0: 1.766e-03| val metric 0: 0.000715 | best val: 0.000715 at epoch 445 | current lr: 4.585e-05
epoch: [446/500] | loss 0: 0.001762 | loss 1: 0.000000 | current lr: 4.422e-05
| loss 0: 1.762e-03| val metric 0: 0.000716 | best val: 0.000715 at epoch 445 | current lr: 4.422e-05
epoch: [447/500] | loss 0: 0.001762 | loss 1: 0.000000 | current lr: 4.262e-05
| loss 0: 1.762e-03| val metric 0: 0.000717 | best val: 0.000715 at epoch 445 | current lr: 4.262e-05
epoch: [448/500] | loss 0: 0.001761 | loss 1: 0.000000 | current lr: 4.104e-05
| loss 0: 1.761e-03| val metric 0: 0.000718 | best val: 0.000715 at epoch 445 | current lr: 4.104e-05
epoch: [449/500] | loss 0: 0.001758 | loss 1: 0.000000 | current lr: 3.950e-05
| loss 0: 1.758e-03| val metric 0: 0.000714 | best val: 0.000714 at epoch 449 | current lr: 3.950e-05
epoch: [450/500] | loss 0: 0.001752 | loss 1: 0.000000 | current lr: 3.799e-05
| loss 0: 1.752e-03| val metric 0: 0.000711 | best val: 0.000711 at epoch 450 | current lr: 3.799e-05
epoch: [451/500] | loss 0: 0.001747 | loss 1: 0.000000 | current lr: 3.650e-05
| loss 0: 1.747e-03| val metric 0: 0.000709 | best val: 0.000709 at epoch 451 | current lr: 3.650e-05
epoch: [452/500] | loss 0: 0.001744 | loss 1: 0.000000 | current lr: 3.504e-05
| loss 0: 1.744e-03| val metric 0: 0.000709 | best val: 0.000709 at epoch 452 | current lr: 3.504e-05
epoch: [453/500] | loss 0: 0.001741 | loss 1: 0.000000 | current lr: 3.361e-05
| loss 0: 1.741e-03| val metric 0: 0.000708 | best val: 0.000708 at epoch 453 | current lr: 3.361e-05
epoch: [454/500] | loss 0: 0.001739 | loss 1: 0.000000 | current lr: 3.221e-05
| loss 0: 1.739e-03| val metric 0: 0.000708 | best val: 0.000708 at epoch 454 | current lr: 3.221e-05
epoch: [455/500] | loss 0: 0.001737 | loss 1: 0.000000 | current lr: 3.084e-05
| loss 0: 1.737e-03| val metric 0: 0.000707 | best val: 0.000707 at epoch 455 | current lr: 3.084e-05
epoch: [456/500] | loss 0: 0.001735 | loss 1: 0.000000 | current lr: 2.949e-05
| loss 0: 1.735e-03| val metric 0: 0.000705 | best val: 0.000705 at epoch 456 | current lr: 2.949e-05
epoch: [457/500] | loss 0: 0.001732 | loss 1: 0.000000 | current lr: 2.818e-05
| loss 0: 1.732e-03| val metric 0: 0.000704 | best val: 0.000704 at epoch 457 | current lr: 2.818e-05
epoch: [458/500] | loss 0: 0.001728 | loss 1: 0.000000 | current lr: 2.689e-05
| loss 0: 1.728e-03| val metric 0: 0.000704 | best val: 0.000704 at epoch 458 | current lr: 2.689e-05
epoch: [459/500] | loss 0: 0.001726 | loss 1: 0.000000 | current lr: 2.564e-05
| loss 0: 1.726e-03| val metric 0: 0.000702 | best val: 0.000702 at epoch 459 | current lr: 2.564e-05
epoch: [460/500] | loss 0: 0.001724 | loss 1: 0.000000 | current lr: 2.441e-05
| loss 0: 1.724e-03| val metric 0: 0.000702 | best val: 0.000702 at epoch 460 | current lr: 2.441e-05
epoch: [461/500] | loss 0: 0.001722 | loss 1: 0.000000 | current lr: 2.321e-05
| loss 0: 1.722e-03| val metric 0: 0.000702 | best val: 0.000702 at epoch 460 | current lr: 2.321e-05
epoch: [462/500] | loss 0: 0.001721 | loss 1: 0.000000 | current lr: 2.205e-05
| loss 0: 1.721e-03| val metric 0: 0.000702 | best val: 0.000702 at epoch 460 | current lr: 2.205e-05
epoch: [463/500] | loss 0: 0.001720 | loss 1: 0.000000 | current lr: 2.091e-05
| loss 0: 1.720e-03| val metric 0: 0.000701 | best val: 0.000701 at epoch 463 | current lr: 2.091e-05
epoch: [464/500] | loss 0: 0.001718 | loss 1: 0.000000 | current lr: 1.980e-05
| loss 0: 1.718e-03| val metric 0: 0.000699 | best val: 0.000699 at epoch 464 | current lr: 1.980e-05
epoch: [465/500] | loss 0: 0.001716 | loss 1: 0.000000 | current lr: 1.872e-05
| loss 0: 1.716e-03| val metric 0: 0.000698 | best val: 0.000698 at epoch 465 | current lr: 1.872e-05
epoch: [466/500] | loss 0: 0.001714 | loss 1: 0.000000 | current lr: 1.767e-05
| loss 0: 1.714e-03| val metric 0: 0.000698 | best val: 0.000698 at epoch 466 | current lr: 1.767e-05
epoch: [467/500] | loss 0: 0.001712 | loss 1: 0.000000 | current lr: 1.665e-05
| loss 0: 1.712e-03| val metric 0: 0.000697 | best val: 0.000697 at epoch 467 | current lr: 1.665e-05
epoch: [468/500] | loss 0: 0.001712 | loss 1: 0.000000 | current lr: 1.566e-05
| loss 0: 1.712e-03| val metric 0: 0.000697 | best val: 0.000697 at epoch 468 | current lr: 1.566e-05
epoch: [469/500] | loss 0: 0.001711 | loss 1: 0.000000 | current lr: 1.470e-05
| loss 0: 1.711e-03| val metric 0: 0.000696 | best val: 0.000696 at epoch 469 | current lr: 1.470e-05
epoch: [470/500] | loss 0: 0.001710 | loss 1: 0.000000 | current lr: 1.377e-05
| loss 0: 1.710e-03| val metric 0: 0.000696 | best val: 0.000696 at epoch 470 | current lr: 1.377e-05
epoch: [471/500] | loss 0: 0.001710 | loss 1: 0.000000 | current lr: 1.287e-05
| loss 0: 1.710e-03| val metric 0: 0.000696 | best val: 0.000696 at epoch 471 | current lr: 1.287e-05
epoch: [472/500] | loss 0: 0.001709 | loss 1: 0.000000 | current lr: 1.200e-05
| loss 0: 1.709e-03| val metric 0: 0.000696 | best val: 0.000696 at epoch 471 | current lr: 1.200e-05
epoch: [473/500] | loss 0: 0.001708 | loss 1: 0.000000 | current lr: 1.116e-05
| loss 0: 1.708e-03| val metric 0: 0.000696 | best val: 0.000696 at epoch 473 | current lr: 1.116e-05
epoch: [474/500] | loss 0: 0.001708 | loss 1: 0.000000 | current lr: 1.035e-05
| loss 0: 1.708e-03| val metric 0: 0.000695 | best val: 0.000695 at epoch 474 | current lr: 1.035e-05
epoch: [475/500] | loss 0: 0.001708 | loss 1: 0.000000 | current lr: 9.569e-06
| loss 0: 1.708e-03| val metric 0: 0.000694 | best val: 0.000694 at epoch 475 | current lr: 9.569e-06
epoch: [476/500] | loss 0: 0.001710 | loss 1: 0.000000 | current lr: 8.820e-06
| loss 0: 1.710e-03| val metric 0: 0.000694 | best val: 0.000694 at epoch 476 | current lr: 8.820e-06
epoch: [477/500] | loss 0: 0.001712 | loss 1: 0.000000 | current lr: 8.100e-06
| loss 0: 1.712e-03| val metric 0: 0.000697 | best val: 0.000694 at epoch 476 | current lr: 8.100e-06
epoch: [478/500] | loss 0: 0.001714 | loss 1: 0.000000 | current lr: 7.412e-06
| loss 0: 1.714e-03| val metric 0: 0.000698 | best val: 0.000694 at epoch 476 | current lr: 7.412e-06
epoch: [479/500] | loss 0: 0.001715 | loss 1: 0.000000 | current lr: 6.753e-06
| loss 0: 1.715e-03| val metric 0: 0.000696 | best val: 0.000694 at epoch 476 | current lr: 6.753e-06
epoch: [480/500] | loss 0: 0.001713 | loss 1: 0.000000 | current lr: 6.125e-06
| loss 0: 1.713e-03| val metric 0: 0.000700 | best val: 0.000694 at epoch 476 | current lr: 6.125e-06
epoch: [481/500] | loss 0: 0.001712 | loss 1: 0.000000 | current lr: 5.528e-06
| loss 0: 1.712e-03| val metric 0: 0.000698 | best val: 0.000694 at epoch 476 | current lr: 5.528e-06
epoch: [482/500] | loss 0: 0.001705 | loss 1: 0.000000 | current lr: 4.961e-06
| loss 0: 1.705e-03| val metric 0: 0.000693 | best val: 0.000693 at epoch 482 | current lr: 4.961e-06
epoch: [483/500] | loss 0: 0.001699 | loss 1: 0.000000 | current lr: 4.424e-06
| loss 0: 1.699e-03| val metric 0: 0.000693 | best val: 0.000693 at epoch 482 | current lr: 4.424e-06
epoch: [484/500] | loss 0: 0.001700 | loss 1: 0.000000 | current lr: 3.918e-06
| loss 0: 1.700e-03| val metric 0: 0.000693 | best val: 0.000693 at epoch 482 | current lr: 3.918e-06
epoch: [485/500] | loss 0: 0.001699 | loss 1: 0.000000 | current lr: 3.443e-06
| loss 0: 1.699e-03| val metric 0: 0.000693 | best val: 0.000693 at epoch 485 | current lr: 3.443e-06
epoch: [486/500] | loss 0: 0.001699 | loss 1: 0.000000 | current lr: 2.998e-06
| loss 0: 1.699e-03| val metric 0: 0.000693 | best val: 0.000693 at epoch 486 | current lr: 2.998e-06
epoch: [487/500] | loss 0: 0.001699 | loss 1: 0.000000 | current lr: 2.584e-06
| loss 0: 1.699e-03| val metric 0: 0.000692 | best val: 0.000692 at epoch 487 | current lr: 2.584e-06
epoch: [488/500] | loss 0: 0.001699 | loss 1: 0.000000 | current lr: 2.201e-06
| loss 0: 1.699e-03| val metric 0: 0.000692 | best val: 0.000692 at epoch 488 | current lr: 2.201e-06
epoch: [489/500] | loss 0: 0.001698 | loss 1: 0.000000 | current lr: 1.848e-06
| loss 0: 1.698e-03| val metric 0: 0.000692 | best val: 0.000692 at epoch 489 | current lr: 1.848e-06
epoch: [490/500] | loss 0: 0.001698 | loss 1: 0.000000 | current lr: 1.526e-06
| loss 0: 1.698e-03| val metric 0: 0.000691 | best val: 0.000691 at epoch 490 | current lr: 1.526e-06
epoch: [491/500] | loss 0: 0.001697 | loss 1: 0.000000 | current lr: 1.235e-06
| loss 0: 1.697e-03| val metric 0: 0.000691 | best val: 0.000691 at epoch 491 | current lr: 1.235e-06
epoch: [492/500] | loss 0: 0.001697 | loss 1: 0.000000 | current lr: 9.744e-07
| loss 0: 1.697e-03| val metric 0: 0.000691 | best val: 0.000691 at epoch 492 | current lr: 9.744e-07
epoch: [493/500] | loss 0: 0.001696 | loss 1: 0.000000 | current lr: 7.447e-07
| loss 0: 1.696e-03| val metric 0: 0.000691 | best val: 0.000691 at epoch 493 | current lr: 7.447e-07
epoch: [494/500] | loss 0: 0.001696 | loss 1: 0.000000 | current lr: 5.459e-07
| loss 0: 1.696e-03| val metric 0: 0.000691 | best val: 0.000691 at epoch 494 | current lr: 5.459e-07
epoch: [495/500] | loss 0: 0.001696 | loss 1: 0.000000 | current lr: 3.778e-07
| loss 0: 1.696e-03| val metric 0: 0.000691 | best val: 0.000691 at epoch 495 | current lr: 3.778e-07
epoch: [496/500] | loss 0: 0.001696 | loss 1: 0.000000 | current lr: 2.406e-07
| loss 0: 1.696e-03| val metric 0: 0.000691 | best val: 0.000691 at epoch 496 | current lr: 2.406e-07
epoch: [497/500] | loss 0: 0.001696 | loss 1: 0.000000 | current lr: 1.342e-07
| loss 0: 1.696e-03| val metric 0: 0.000691 | best val: 0.000691 at epoch 497 | current lr: 1.342e-07
epoch: [498/500] | loss 0: 0.001696 | loss 1: 0.000000 | current lr: 5.865e-08
| loss 0: 1.696e-03| val metric 0: 0.000691 | best val: 0.000691 at epoch 498 | current lr: 5.865e-08
epoch: [499/500] | loss 0: 0.001696 | loss 1: 0.000000 | current lr: 1.393e-08
| loss 0: 1.696e-03| val metric 0: 0.000691 | best val: 0.000691 at epoch 498 | current lr: 1.393e-08
epoch: [500/500] | loss 0: 0.001696 | loss 1: 0.000000 | current lr: 4.855e-11
| loss 0: 1.696e-03| val metric 0: 0.000691 | best val: 0.000691 at epoch 498 | current lr: 4.855e-11
Training takes 3313.786281824112 seconds.
