Namespace(dataset='diffr3d', component='all', seed=2023, gpu=0, use_tb=0, comment='rel2', train_num='all', test_num='all', sort_data=0, normalize_x='unit', use_normalizer='unit', epochs=500, optimizer='AdamW', lr=0.001, weight_decay=5e-05, grad_clip='1000.0', batch_size=50, val_batch_size=8, no_cuda=False, lr_method='cycle', lr_step_size=50, warmup_epochs=50, loss_name='rel2', model_name='GNOT', n_hidden=128, n_layers=4, act='gelu', n_head=1, ffn_dropout=0.0, attn_dropout=0.0, mlp_layers=3, attn_type='linear', hfourier_dim=0, n_experts=1, branch_sizes=[2], n_inner=4)
Load dataset finished 0.09697818756103516
Training with 1000 samples
Target features are normalized using unit transformer
tensor([[0.7733]]) tensor([[0.3227]])
Target features are normalized using unit transformer
Input features are normalized using unit transformer
Load dataset finished 0.015220165252685547
Testing with 200 samples
Target features are normalized using unit transformer
Input features are normalized using unit transformer
3


The following code snippets have been run.
==================================================

    os.environ['PYTHONHASHSEED'] = str(2023)
    numpy.random.seed(2023)
    torch.manual_seed(2023)
    torch.cuda.manual_seed(2023)
    torch.backends.cudnn.deterministic = True
    torch.backends.cudnn.benchmark = False
    if torch.cuda.is_available():
        torch.cuda.manual_seed_all(2023)
    
==================================================
Using Linear Attention
Using Linear Attention
Using Linear Attention
Using Linear Attention

Model: MIOEGPT	 Number of params: 2847621
Saving model and result in ./../models/checkpoints/diffr3d_all_MIOEGPTrel2_0917_02_41_38.pt

Using cycle learning rate schedule
epoch: [1/500] | loss 0: 1.172609 | loss 1: 0.000000 | current lr: 3.469e-07
| loss 0: 1.173e+00| val metric 0: 0.424354 | best val: 0.424354 at epoch 1 | current lr: 3.469e-07
epoch: [2/500] | loss 0: 1.057454 | loss 1: 0.000000 | current lr: 1.088e-06
| loss 0: 1.057e+00| val metric 0: 0.374983 | best val: 0.374983 at epoch 2 | current lr: 1.088e-06
epoch: [3/500] | loss 0: 0.835117 | loss 1: 0.000000 | current lr: 2.321e-06
| loss 0: 8.351e-01| val metric 0: 0.312039 | best val: 0.312039 at epoch 3 | current lr: 2.321e-06
epoch: [4/500] | loss 0: 0.607523 | loss 1: 0.000000 | current lr: 4.046e-06
| loss 0: 6.075e-01| val metric 0: 0.203568 | best val: 0.203568 at epoch 4 | current lr: 4.046e-06
epoch: [5/500] | loss 0: 0.387293 | loss 1: 0.000000 | current lr: 6.261e-06
| loss 0: 3.873e-01| val metric 0: 0.122101 | best val: 0.122101 at epoch 5 | current lr: 6.261e-06
epoch: [6/500] | loss 0: 0.259968 | loss 1: 0.000000 | current lr: 8.964e-06
| loss 0: 2.600e-01| val metric 0: 0.089597 | best val: 0.089597 at epoch 6 | current lr: 8.964e-06
epoch: [7/500] | loss 0: 0.188385 | loss 1: 0.000000 | current lr: 1.215e-05
| loss 0: 1.884e-01| val metric 0: 0.065675 | best val: 0.065675 at epoch 7 | current lr: 1.215e-05
epoch: [8/500] | loss 0: 0.151176 | loss 1: 0.000000 | current lr: 1.582e-05
| loss 0: 1.512e-01| val metric 0: 0.055153 | best val: 0.055153 at epoch 8 | current lr: 1.582e-05
epoch: [9/500] | loss 0: 0.131863 | loss 1: 0.000000 | current lr: 1.997e-05
| loss 0: 1.319e-01| val metric 0: 0.049655 | best val: 0.049655 at epoch 9 | current lr: 1.997e-05
epoch: [10/500] | loss 0: 0.117574 | loss 1: 0.000000 | current lr: 2.459e-05
| loss 0: 1.176e-01| val metric 0: 0.044720 | best val: 0.044720 at epoch 10 | current lr: 2.459e-05
epoch: [11/500] | loss 0: 0.108806 | loss 1: 0.000000 | current lr: 2.969e-05
| loss 0: 1.088e-01| val metric 0: 0.042040 | best val: 0.042040 at epoch 11 | current lr: 2.969e-05
epoch: [12/500] | loss 0: 0.107027 | loss 1: 0.000000 | current lr: 3.524e-05
| loss 0: 1.070e-01| val metric 0: 0.041000 | best val: 0.041000 at epoch 12 | current lr: 3.524e-05
epoch: [13/500] | loss 0: 0.107386 | loss 1: 0.000000 | current lr: 4.126e-05
| loss 0: 1.074e-01| val metric 0: 0.041882 | best val: 0.041000 at epoch 12 | current lr: 4.126e-05
epoch: [14/500] | loss 0: 0.103178 | loss 1: 0.000000 | current lr: 4.773e-05
| loss 0: 1.032e-01| val metric 0: 0.042672 | best val: 0.041000 at epoch 12 | current lr: 4.773e-05
epoch: [15/500] | loss 0: 0.113642 | loss 1: 0.000000 | current lr: 5.464e-05
| loss 0: 1.136e-01| val metric 0: 0.056944 | best val: 0.041000 at epoch 12 | current lr: 5.464e-05
epoch: [16/500] | loss 0: 0.117969 | loss 1: 0.000000 | current lr: 6.200e-05
| loss 0: 1.180e-01| val metric 0: 0.038528 | best val: 0.038528 at epoch 16 | current lr: 6.200e-05
epoch: [17/500] | loss 0: 0.102589 | loss 1: 0.000000 | current lr: 6.979e-05
| loss 0: 1.026e-01| val metric 0: 0.037016 | best val: 0.037016 at epoch 17 | current lr: 6.979e-05
epoch: [18/500] | loss 0: 0.104889 | loss 1: 0.000000 | current lr: 7.800e-05
| loss 0: 1.049e-01| val metric 0: 0.060361 | best val: 0.037016 at epoch 17 | current lr: 7.800e-05
epoch: [19/500] | loss 0: 0.109363 | loss 1: 0.000000 | current lr: 8.663e-05
| loss 0: 1.094e-01| val metric 0: 0.041177 | best val: 0.037016 at epoch 17 | current lr: 8.663e-05
epoch: [20/500] | loss 0: 0.109658 | loss 1: 0.000000 | current lr: 9.567e-05
| loss 0: 1.097e-01| val metric 0: 0.039750 | best val: 0.037016 at epoch 17 | current lr: 9.567e-05
epoch: [21/500] | loss 0: 0.088997 | loss 1: 0.000000 | current lr: 1.051e-04
| loss 0: 8.900e-02| val metric 0: 0.032958 | best val: 0.032958 at epoch 21 | current lr: 1.051e-04
epoch: [22/500] | loss 0: 0.096591 | loss 1: 0.000000 | current lr: 1.149e-04
| loss 0: 9.659e-02| val metric 0: 0.040156 | best val: 0.032958 at epoch 21 | current lr: 1.149e-04
epoch: [23/500] | loss 0: 0.103581 | loss 1: 0.000000 | current lr: 1.252e-04
| loss 0: 1.036e-01| val metric 0: 0.030542 | best val: 0.030542 at epoch 23 | current lr: 1.252e-04
epoch: [24/500] | loss 0: 0.161306 | loss 1: 0.000000 | current lr: 1.357e-04
| loss 0: 1.613e-01| val metric 0: 0.032515 | best val: 0.030542 at epoch 23 | current lr: 1.357e-04
epoch: [25/500] | loss 0: 0.092122 | loss 1: 0.000000 | current lr: 1.467e-04
| loss 0: 9.212e-02| val metric 0: 0.032985 | best val: 0.030542 at epoch 23 | current lr: 1.467e-04
epoch: [26/500] | loss 0: 0.087180 | loss 1: 0.000000 | current lr: 1.580e-04
| loss 0: 8.718e-02| val metric 0: 0.024707 | best val: 0.024707 at epoch 26 | current lr: 1.580e-04
epoch: [27/500] | loss 0: 0.079033 | loss 1: 0.000000 | current lr: 1.696e-04
| loss 0: 7.903e-02| val metric 0: 0.028491 | best val: 0.024707 at epoch 26 | current lr: 1.696e-04
epoch: [28/500] | loss 0: 0.074452 | loss 1: 0.000000 | current lr: 1.815e-04
| loss 0: 7.445e-02| val metric 0: 0.023250 | best val: 0.023250 at epoch 28 | current lr: 1.815e-04
epoch: [29/500] | loss 0: 0.106816 | loss 1: 0.000000 | current lr: 1.938e-04
| loss 0: 1.068e-01| val metric 0: 0.029934 | best val: 0.023250 at epoch 28 | current lr: 1.938e-04
epoch: [30/500] | loss 0: 0.077879 | loss 1: 0.000000 | current lr: 2.064e-04
| loss 0: 7.788e-02| val metric 0: 0.036320 | best val: 0.023250 at epoch 28 | current lr: 2.064e-04
epoch: [31/500] | loss 0: 0.088140 | loss 1: 0.000000 | current lr: 2.192e-04
| loss 0: 8.814e-02| val metric 0: 0.083456 | best val: 0.023250 at epoch 28 | current lr: 2.192e-04
epoch: [32/500] | loss 0: 0.157842 | loss 1: 0.000000 | current lr: 2.324e-04
| loss 0: 1.578e-01| val metric 0: 0.051542 | best val: 0.023250 at epoch 28 | current lr: 2.324e-04
epoch: [33/500] | loss 0: 0.124862 | loss 1: 0.000000 | current lr: 2.458e-04
| loss 0: 1.249e-01| val metric 0: 0.030612 | best val: 0.023250 at epoch 28 | current lr: 2.458e-04
epoch: [34/500] | loss 0: 0.071860 | loss 1: 0.000000 | current lr: 2.594e-04
| loss 0: 7.186e-02| val metric 0: 0.018908 | best val: 0.018908 at epoch 34 | current lr: 2.594e-04
epoch: [35/500] | loss 0: 0.058977 | loss 1: 0.000000 | current lr: 2.733e-04
| loss 0: 5.898e-02| val metric 0: 0.019778 | best val: 0.018908 at epoch 34 | current lr: 2.733e-04
epoch: [36/500] | loss 0: 0.128917 | loss 1: 0.000000 | current lr: 2.874e-04
| loss 0: 1.289e-01| val metric 0: 0.046807 | best val: 0.018908 at epoch 34 | current lr: 2.874e-04
epoch: [37/500] | loss 0: 0.101493 | loss 1: 0.000000 | current lr: 3.018e-04
| loss 0: 1.015e-01| val metric 0: 0.050121 | best val: 0.018908 at epoch 34 | current lr: 3.018e-04
epoch: [38/500] | loss 0: 0.091614 | loss 1: 0.000000 | current lr: 3.163e-04
| loss 0: 9.161e-02| val metric 0: 0.032256 | best val: 0.018908 at epoch 34 | current lr: 3.163e-04
epoch: [39/500] | loss 0: 0.085912 | loss 1: 0.000000 | current lr: 3.310e-04
| loss 0: 8.591e-02| val metric 0: 0.031921 | best val: 0.018908 at epoch 34 | current lr: 3.310e-04
epoch: [40/500] | loss 0: 0.088976 | loss 1: 0.000000 | current lr: 3.459e-04
| loss 0: 8.898e-02| val metric 0: 0.031883 | best val: 0.018908 at epoch 34 | current lr: 3.459e-04
epoch: [41/500] | loss 0: 0.088832 | loss 1: 0.000000 | current lr: 3.609e-04
| loss 0: 8.883e-02| val metric 0: 0.043024 | best val: 0.018908 at epoch 34 | current lr: 3.609e-04
epoch: [42/500] | loss 0: 0.090772 | loss 1: 0.000000 | current lr: 3.760e-04
| loss 0: 9.077e-02| val metric 0: 0.032062 | best val: 0.018908 at epoch 34 | current lr: 3.760e-04
epoch: [43/500] | loss 0: 0.085325 | loss 1: 0.000000 | current lr: 3.913e-04
| loss 0: 8.532e-02| val metric 0: 0.030277 | best val: 0.018908 at epoch 34 | current lr: 3.913e-04
epoch: [44/500] | loss 0: 0.051101 | loss 1: 0.000000 | current lr: 4.067e-04
| loss 0: 5.110e-02| val metric 0: 0.020035 | best val: 0.018908 at epoch 34 | current lr: 4.067e-04
epoch: [45/500] | loss 0: 0.071531 | loss 1: 0.000000 | current lr: 4.222e-04
| loss 0: 7.153e-02| val metric 0: 0.029855 | best val: 0.018908 at epoch 34 | current lr: 4.222e-04
epoch: [46/500] | loss 0: 0.089021 | loss 1: 0.000000 | current lr: 4.377e-04
| loss 0: 8.902e-02| val metric 0: 0.032244 | best val: 0.018908 at epoch 34 | current lr: 4.377e-04
epoch: [47/500] | loss 0: 0.086351 | loss 1: 0.000000 | current lr: 4.534e-04
| loss 0: 8.635e-02| val metric 0: 0.030607 | best val: 0.018908 at epoch 34 | current lr: 4.534e-04
epoch: [48/500] | loss 0: 0.082206 | loss 1: 0.000000 | current lr: 4.690e-04
| loss 0: 8.221e-02| val metric 0: 0.034990 | best val: 0.018908 at epoch 34 | current lr: 4.690e-04
epoch: [49/500] | loss 0: 0.078785 | loss 1: 0.000000 | current lr: 4.847e-04
| loss 0: 7.878e-02| val metric 0: 0.029715 | best val: 0.018908 at epoch 34 | current lr: 4.847e-04
epoch: [50/500] | loss 0: 0.081623 | loss 1: 0.000000 | current lr: 5.004e-04
| loss 0: 8.162e-02| val metric 0: 0.036328 | best val: 0.018908 at epoch 34 | current lr: 5.004e-04
epoch: [51/500] | loss 0: 0.053000 | loss 1: 0.000000 | current lr: 5.162e-04
| loss 0: 5.300e-02| val metric 0: 0.016822 | best val: 0.016822 at epoch 51 | current lr: 5.162e-04
epoch: [52/500] | loss 0: 0.062413 | loss 1: 0.000000 | current lr: 5.318e-04
| loss 0: 6.241e-02| val metric 0: 0.029856 | best val: 0.016822 at epoch 51 | current lr: 5.318e-04
epoch: [53/500] | loss 0: 0.047495 | loss 1: 0.000000 | current lr: 5.475e-04
| loss 0: 4.749e-02| val metric 0: 0.017198 | best val: 0.016822 at epoch 51 | current lr: 5.475e-04
epoch: [54/500] | loss 0: 0.066650 | loss 1: 0.000000 | current lr: 5.631e-04
| loss 0: 6.665e-02| val metric 0: 0.029762 | best val: 0.016822 at epoch 51 | current lr: 5.631e-04
epoch: [55/500] | loss 0: 0.057366 | loss 1: 0.000000 | current lr: 5.787e-04
| loss 0: 5.737e-02| val metric 0: 0.015936 | best val: 0.015936 at epoch 55 | current lr: 5.787e-04
epoch: [56/500] | loss 0: 0.058591 | loss 1: 0.000000 | current lr: 5.942e-04
| loss 0: 5.859e-02| val metric 0: 0.017082 | best val: 0.015936 at epoch 55 | current lr: 5.942e-04
epoch: [57/500] | loss 0: 0.079238 | loss 1: 0.000000 | current lr: 6.095e-04
| loss 0: 7.924e-02| val metric 0: 0.029718 | best val: 0.015936 at epoch 55 | current lr: 6.095e-04
epoch: [58/500] | loss 0: 0.091780 | loss 1: 0.000000 | current lr: 6.248e-04
| loss 0: 9.178e-02| val metric 0: 0.037084 | best val: 0.015936 at epoch 55 | current lr: 6.248e-04
epoch: [59/500] | loss 0: 0.075071 | loss 1: 0.000000 | current lr: 6.400e-04
| loss 0: 7.507e-02| val metric 0: 0.034680 | best val: 0.015936 at epoch 55 | current lr: 6.400e-04
epoch: [60/500] | loss 0: 0.067757 | loss 1: 0.000000 | current lr: 6.550e-04
| loss 0: 6.776e-02| val metric 0: 0.019577 | best val: 0.015936 at epoch 55 | current lr: 6.550e-04
epoch: [61/500] | loss 0: 0.047960 | loss 1: 0.000000 | current lr: 6.699e-04
| loss 0: 4.796e-02| val metric 0: 0.020738 | best val: 0.015936 at epoch 55 | current lr: 6.699e-04
epoch: [62/500] | loss 0: 0.055151 | loss 1: 0.000000 | current lr: 6.845e-04
| loss 0: 5.515e-02| val metric 0: 0.044164 | best val: 0.015936 at epoch 55 | current lr: 6.845e-04
epoch: [63/500] | loss 0: 0.080126 | loss 1: 0.000000 | current lr: 6.991e-04
| loss 0: 8.013e-02| val metric 0: 0.024575 | best val: 0.015936 at epoch 55 | current lr: 6.991e-04
epoch: [64/500] | loss 0: 0.063354 | loss 1: 0.000000 | current lr: 7.134e-04
| loss 0: 6.335e-02| val metric 0: 0.023943 | best val: 0.015936 at epoch 55 | current lr: 7.134e-04
epoch: [65/500] | loss 0: 0.053672 | loss 1: 0.000000 | current lr: 7.275e-04
| loss 0: 5.367e-02| val metric 0: 0.021941 | best val: 0.015936 at epoch 55 | current lr: 7.275e-04
epoch: [66/500] | loss 0: 0.053078 | loss 1: 0.000000 | current lr: 7.414e-04
| loss 0: 5.308e-02| val metric 0: 0.017795 | best val: 0.015936 at epoch 55 | current lr: 7.414e-04
epoch: [67/500] | loss 0: 0.059277 | loss 1: 0.000000 | current lr: 7.550e-04
| loss 0: 5.928e-02| val metric 0: 0.028228 | best val: 0.015936 at epoch 55 | current lr: 7.550e-04
epoch: [68/500] | loss 0: 0.054144 | loss 1: 0.000000 | current lr: 7.684e-04
| loss 0: 5.414e-02| val metric 0: 0.015397 | best val: 0.015397 at epoch 68 | current lr: 7.684e-04
epoch: [69/500] | loss 0: 0.050215 | loss 1: 0.000000 | current lr: 7.815e-04
| loss 0: 5.022e-02| val metric 0: 0.020052 | best val: 0.015397 at epoch 68 | current lr: 7.815e-04
epoch: [70/500] | loss 0: 0.061277 | loss 1: 0.000000 | current lr: 7.944e-04
| loss 0: 6.128e-02| val metric 0: 0.015326 | best val: 0.015326 at epoch 70 | current lr: 7.944e-04
epoch: [71/500] | loss 0: 0.086254 | loss 1: 0.000000 | current lr: 8.069e-04
| loss 0: 8.625e-02| val metric 0: 0.043020 | best val: 0.015326 at epoch 70 | current lr: 8.069e-04
epoch: [72/500] | loss 0: 0.100266 | loss 1: 0.000000 | current lr: 8.192e-04
| loss 0: 1.003e-01| val metric 0: 0.032009 | best val: 0.015326 at epoch 70 | current lr: 8.192e-04
epoch: [73/500] | loss 0: 0.082670 | loss 1: 0.000000 | current lr: 8.311e-04
| loss 0: 8.267e-02| val metric 0: 0.032220 | best val: 0.015326 at epoch 70 | current lr: 8.311e-04
epoch: [74/500] | loss 0: 0.065267 | loss 1: 0.000000 | current lr: 8.427e-04
| loss 0: 6.527e-02| val metric 0: 0.027646 | best val: 0.015326 at epoch 70 | current lr: 8.427e-04
epoch: [75/500] | loss 0: 0.082504 | loss 1: 0.000000 | current lr: 8.540e-04
| loss 0: 8.250e-02| val metric 0: 0.035685 | best val: 0.015326 at epoch 70 | current lr: 8.540e-04
epoch: [76/500] | loss 0: 0.073483 | loss 1: 0.000000 | current lr: 8.649e-04
| loss 0: 7.348e-02| val metric 0: 0.020468 | best val: 0.015326 at epoch 70 | current lr: 8.649e-04
epoch: [77/500] | loss 0: 0.057490 | loss 1: 0.000000 | current lr: 8.755e-04
| loss 0: 5.749e-02| val metric 0: 0.019177 | best val: 0.015326 at epoch 70 | current lr: 8.755e-04
epoch: [78/500] | loss 0: 0.044053 | loss 1: 0.000000 | current lr: 8.857e-04
| loss 0: 4.405e-02| val metric 0: 0.015484 | best val: 0.015326 at epoch 70 | current lr: 8.857e-04
epoch: [79/500] | loss 0: 0.054281 | loss 1: 0.000000 | current lr: 8.955e-04
| loss 0: 5.428e-02| val metric 0: 0.021576 | best val: 0.015326 at epoch 70 | current lr: 8.955e-04
epoch: [80/500] | loss 0: 0.050860 | loss 1: 0.000000 | current lr: 9.049e-04
| loss 0: 5.086e-02| val metric 0: 0.015502 | best val: 0.015326 at epoch 70 | current lr: 9.049e-04
epoch: [81/500] | loss 0: 0.040960 | loss 1: 0.000000 | current lr: 9.139e-04
| loss 0: 4.096e-02| val metric 0: 0.010933 | best val: 0.010933 at epoch 81 | current lr: 9.139e-04
epoch: [82/500] | loss 0: 0.048755 | loss 1: 0.000000 | current lr: 9.225e-04
| loss 0: 4.876e-02| val metric 0: 0.021516 | best val: 0.010933 at epoch 81 | current lr: 9.225e-04
epoch: [83/500] | loss 0: 0.070666 | loss 1: 0.000000 | current lr: 9.307e-04
| loss 0: 7.067e-02| val metric 0: 0.025527 | best val: 0.010933 at epoch 81 | current lr: 9.307e-04
epoch: [84/500] | loss 0: 0.084486 | loss 1: 0.000000 | current lr: 9.385e-04
| loss 0: 8.449e-02| val metric 0: 0.033393 | best val: 0.010933 at epoch 81 | current lr: 9.385e-04
epoch: [85/500] | loss 0: 0.056535 | loss 1: 0.000000 | current lr: 9.458e-04
| loss 0: 5.653e-02| val metric 0: 0.021666 | best val: 0.010933 at epoch 81 | current lr: 9.458e-04
epoch: [86/500] | loss 0: 0.043551 | loss 1: 0.000000 | current lr: 9.527e-04
| loss 0: 4.355e-02| val metric 0: 0.029174 | best val: 0.010933 at epoch 81 | current lr: 9.527e-04
epoch: [87/500] | loss 0: 0.049098 | loss 1: 0.000000 | current lr: 9.592e-04
| loss 0: 4.910e-02| val metric 0: 0.010609 | best val: 0.010609 at epoch 87 | current lr: 9.592e-04
epoch: [88/500] | loss 0: 0.047826 | loss 1: 0.000000 | current lr: 9.651e-04
| loss 0: 4.783e-02| val metric 0: 0.019046 | best val: 0.010609 at epoch 87 | current lr: 9.651e-04
epoch: [89/500] | loss 0: 0.065473 | loss 1: 0.000000 | current lr: 9.707e-04
| loss 0: 6.547e-02| val metric 0: 0.026099 | best val: 0.010609 at epoch 87 | current lr: 9.707e-04
epoch: [90/500] | loss 0: 0.061804 | loss 1: 0.000000 | current lr: 9.757e-04
| loss 0: 6.180e-02| val metric 0: 0.027090 | best val: 0.010609 at epoch 87 | current lr: 9.757e-04
epoch: [91/500] | loss 0: 0.078057 | loss 1: 0.000000 | current lr: 9.803e-04
| loss 0: 7.806e-02| val metric 0: 0.019543 | best val: 0.010609 at epoch 87 | current lr: 9.803e-04
epoch: [92/500] | loss 0: 0.049886 | loss 1: 0.000000 | current lr: 9.845e-04
| loss 0: 4.989e-02| val metric 0: 0.018882 | best val: 0.010609 at epoch 87 | current lr: 9.845e-04
epoch: [93/500] | loss 0: 0.065162 | loss 1: 0.000000 | current lr: 9.881e-04
| loss 0: 6.516e-02| val metric 0: 0.020094 | best val: 0.010609 at epoch 87 | current lr: 9.881e-04
epoch: [94/500] | loss 0: 0.041976 | loss 1: 0.000000 | current lr: 9.913e-04
| loss 0: 4.198e-02| val metric 0: 0.012732 | best val: 0.010609 at epoch 87 | current lr: 9.913e-04
epoch: [95/500] | loss 0: 0.041069 | loss 1: 0.000000 | current lr: 9.940e-04
| loss 0: 4.107e-02| val metric 0: 0.012806 | best val: 0.010609 at epoch 87 | current lr: 9.940e-04
epoch: [96/500] | loss 0: 0.062888 | loss 1: 0.000000 | current lr: 9.962e-04
| loss 0: 6.289e-02| val metric 0: 0.019284 | best val: 0.010609 at epoch 87 | current lr: 9.962e-04
epoch: [97/500] | loss 0: 0.067785 | loss 1: 0.000000 | current lr: 9.979e-04
| loss 0: 6.778e-02| val metric 0: 0.023569 | best val: 0.010609 at epoch 87 | current lr: 9.979e-04
epoch: [98/500] | loss 0: 0.051973 | loss 1: 0.000000 | current lr: 9.991e-04
| loss 0: 5.197e-02| val metric 0: 0.029159 | best val: 0.010609 at epoch 87 | current lr: 9.991e-04
epoch: [99/500] | loss 0: 0.055560 | loss 1: 0.000000 | current lr: 9.998e-04
| loss 0: 5.556e-02| val metric 0: 0.019111 | best val: 0.010609 at epoch 87 | current lr: 9.998e-04
epoch: [100/500] | loss 0: 0.051324 | loss 1: 0.000000 | current lr: 1.000e-03
| loss 0: 5.132e-02| val metric 0: 0.026355 | best val: 0.010609 at epoch 87 | current lr: 1.000e-03
epoch: [101/500] | loss 0: 0.049361 | loss 1: 0.000000 | current lr: 1.000e-03
| loss 0: 4.936e-02| val metric 0: 0.016284 | best val: 0.010609 at epoch 87 | current lr: 1.000e-03
epoch: [102/500] | loss 0: 0.062062 | loss 1: 0.000000 | current lr: 9.999e-04
| loss 0: 6.206e-02| val metric 0: 0.027762 | best val: 0.010609 at epoch 87 | current lr: 9.999e-04
epoch: [103/500] | loss 0: 0.045470 | loss 1: 0.000000 | current lr: 9.999e-04
| loss 0: 4.547e-02| val metric 0: 0.013421 | best val: 0.010609 at epoch 87 | current lr: 9.999e-04
epoch: [104/500] | loss 0: 0.033621 | loss 1: 0.000000 | current lr: 9.997e-04
| loss 0: 3.362e-02| val metric 0: 0.013132 | best val: 0.010609 at epoch 87 | current lr: 9.997e-04
epoch: [105/500] | loss 0: 0.032820 | loss 1: 0.000000 | current lr: 9.996e-04
| loss 0: 3.282e-02| val metric 0: 0.016018 | best val: 0.010609 at epoch 87 | current lr: 9.996e-04
epoch: [106/500] | loss 0: 0.044518 | loss 1: 0.000000 | current lr: 9.994e-04
| loss 0: 4.452e-02| val metric 0: 0.030232 | best val: 0.010609 at epoch 87 | current lr: 9.994e-04
epoch: [107/500] | loss 0: 0.054401 | loss 1: 0.000000 | current lr: 9.992e-04
| loss 0: 5.440e-02| val metric 0: 0.027761 | best val: 0.010609 at epoch 87 | current lr: 9.992e-04
epoch: [108/500] | loss 0: 0.045228 | loss 1: 0.000000 | current lr: 9.990e-04
| loss 0: 4.523e-02| val metric 0: 0.024203 | best val: 0.010609 at epoch 87 | current lr: 9.990e-04
epoch: [109/500] | loss 0: 0.052677 | loss 1: 0.000000 | current lr: 9.987e-04
| loss 0: 5.268e-02| val metric 0: 0.019690 | best val: 0.010609 at epoch 87 | current lr: 9.987e-04
epoch: [110/500] | loss 0: 0.035992 | loss 1: 0.000000 | current lr: 9.984e-04
| loss 0: 3.599e-02| val metric 0: 0.012814 | best val: 0.010609 at epoch 87 | current lr: 9.984e-04
epoch: [111/500] | loss 0: 0.039336 | loss 1: 0.000000 | current lr: 9.981e-04
| loss 0: 3.934e-02| val metric 0: 0.011601 | best val: 0.010609 at epoch 87 | current lr: 9.981e-04
epoch: [112/500] | loss 0: 0.034618 | loss 1: 0.000000 | current lr: 9.978e-04
| loss 0: 3.462e-02| val metric 0: 0.009721 | best val: 0.009721 at epoch 112 | current lr: 9.978e-04
epoch: [113/500] | loss 0: 0.033520 | loss 1: 0.000000 | current lr: 9.974e-04
| loss 0: 3.352e-02| val metric 0: 0.019690 | best val: 0.009721 at epoch 112 | current lr: 9.974e-04
epoch: [114/500] | loss 0: 0.044328 | loss 1: 0.000000 | current lr: 9.970e-04
| loss 0: 4.433e-02| val metric 0: 0.016564 | best val: 0.009721 at epoch 112 | current lr: 9.970e-04
epoch: [115/500] | loss 0: 0.038454 | loss 1: 0.000000 | current lr: 9.965e-04
| loss 0: 3.845e-02| val metric 0: 0.010147 | best val: 0.009721 at epoch 112 | current lr: 9.965e-04
epoch: [116/500] | loss 0: 0.031513 | loss 1: 0.000000 | current lr: 9.960e-04
| loss 0: 3.151e-02| val metric 0: 0.020436 | best val: 0.009721 at epoch 112 | current lr: 9.960e-04
epoch: [117/500] | loss 0: 0.049940 | loss 1: 0.000000 | current lr: 9.955e-04
| loss 0: 4.994e-02| val metric 0: 0.019127 | best val: 0.009721 at epoch 112 | current lr: 9.955e-04
epoch: [118/500] | loss 0: 0.053384 | loss 1: 0.000000 | current lr: 9.950e-04
| loss 0: 5.338e-02| val metric 0: 0.023234 | best val: 0.009721 at epoch 112 | current lr: 9.950e-04
epoch: [119/500] | loss 0: 0.047398 | loss 1: 0.000000 | current lr: 9.944e-04
| loss 0: 4.740e-02| val metric 0: 0.027100 | best val: 0.009721 at epoch 112 | current lr: 9.944e-04
epoch: [120/500] | loss 0: 0.053815 | loss 1: 0.000000 | current lr: 9.938e-04
| loss 0: 5.382e-02| val metric 0: 0.019845 | best val: 0.009721 at epoch 112 | current lr: 9.938e-04
epoch: [121/500] | loss 0: 0.051798 | loss 1: 0.000000 | current lr: 9.932e-04
| loss 0: 5.180e-02| val metric 0: 0.020115 | best val: 0.009721 at epoch 112 | current lr: 9.932e-04
epoch: [122/500] | loss 0: 0.054687 | loss 1: 0.000000 | current lr: 9.925e-04
| loss 0: 5.469e-02| val metric 0: 0.026194 | best val: 0.009721 at epoch 112 | current lr: 9.925e-04
epoch: [123/500] | loss 0: 0.052790 | loss 1: 0.000000 | current lr: 9.918e-04
| loss 0: 5.279e-02| val metric 0: 0.019687 | best val: 0.009721 at epoch 112 | current lr: 9.918e-04
epoch: [124/500] | loss 0: 0.044719 | loss 1: 0.000000 | current lr: 9.911e-04
| loss 0: 4.472e-02| val metric 0: 0.026904 | best val: 0.009721 at epoch 112 | current lr: 9.911e-04
epoch: [125/500] | loss 0: 0.045607 | loss 1: 0.000000 | current lr: 9.904e-04
| loss 0: 4.561e-02| val metric 0: 0.010755 | best val: 0.009721 at epoch 112 | current lr: 9.904e-04
epoch: [126/500] | loss 0: 0.039527 | loss 1: 0.000000 | current lr: 9.896e-04
| loss 0: 3.953e-02| val metric 0: 0.021916 | best val: 0.009721 at epoch 112 | current lr: 9.896e-04
epoch: [127/500] | loss 0: 0.042271 | loss 1: 0.000000 | current lr: 9.888e-04
| loss 0: 4.227e-02| val metric 0: 0.020536 | best val: 0.009721 at epoch 112 | current lr: 9.888e-04
epoch: [128/500] | loss 0: 0.050097 | loss 1: 0.000000 | current lr: 9.879e-04
| loss 0: 5.010e-02| val metric 0: 0.018520 | best val: 0.009721 at epoch 112 | current lr: 9.879e-04
epoch: [129/500] | loss 0: 0.046804 | loss 1: 0.000000 | current lr: 9.870e-04
| loss 0: 4.680e-02| val metric 0: 0.012967 | best val: 0.009721 at epoch 112 | current lr: 9.870e-04
epoch: [130/500] | loss 0: 0.045291 | loss 1: 0.000000 | current lr: 9.861e-04
| loss 0: 4.529e-02| val metric 0: 0.012676 | best val: 0.009721 at epoch 112 | current lr: 9.861e-04
epoch: [131/500] | loss 0: 0.034767 | loss 1: 0.000000 | current lr: 9.852e-04
| loss 0: 3.477e-02| val metric 0: 0.012295 | best val: 0.009721 at epoch 112 | current lr: 9.852e-04
epoch: [132/500] | loss 0: 0.032133 | loss 1: 0.000000 | current lr: 9.842e-04
| loss 0: 3.213e-02| val metric 0: 0.008218 | best val: 0.008218 at epoch 132 | current lr: 9.842e-04
epoch: [133/500] | loss 0: 0.026789 | loss 1: 0.000000 | current lr: 9.832e-04
| loss 0: 2.679e-02| val metric 0: 0.012108 | best val: 0.008218 at epoch 132 | current lr: 9.832e-04
epoch: [134/500] | loss 0: 0.036736 | loss 1: 0.000000 | current lr: 9.822e-04
| loss 0: 3.674e-02| val metric 0: 0.014957 | best val: 0.008218 at epoch 132 | current lr: 9.822e-04
epoch: [135/500] | loss 0: 0.048261 | loss 1: 0.000000 | current lr: 9.812e-04
| loss 0: 4.826e-02| val metric 0: 0.019168 | best val: 0.008218 at epoch 132 | current lr: 9.812e-04
epoch: [136/500] | loss 0: 0.043922 | loss 1: 0.000000 | current lr: 9.801e-04
| loss 0: 4.392e-02| val metric 0: 0.018600 | best val: 0.008218 at epoch 132 | current lr: 9.801e-04
epoch: [137/500] | loss 0: 0.037113 | loss 1: 0.000000 | current lr: 9.790e-04
| loss 0: 3.711e-02| val metric 0: 0.008053 | best val: 0.008053 at epoch 137 | current lr: 9.790e-04
epoch: [138/500] | loss 0: 0.037852 | loss 1: 0.000000 | current lr: 9.778e-04
| loss 0: 3.785e-02| val metric 0: 0.018014 | best val: 0.008053 at epoch 137 | current lr: 9.778e-04
epoch: [139/500] | loss 0: 0.036925 | loss 1: 0.000000 | current lr: 9.767e-04
| loss 0: 3.692e-02| val metric 0: 0.016541 | best val: 0.008053 at epoch 137 | current lr: 9.767e-04
epoch: [140/500] | loss 0: 0.039939 | loss 1: 0.000000 | current lr: 9.755e-04
| loss 0: 3.994e-02| val metric 0: 0.012672 | best val: 0.008053 at epoch 137 | current lr: 9.755e-04
epoch: [141/500] | loss 0: 0.027936 | loss 1: 0.000000 | current lr: 9.742e-04
| loss 0: 2.794e-02| val metric 0: 0.010028 | best val: 0.008053 at epoch 137 | current lr: 9.742e-04
epoch: [142/500] | loss 0: 0.033383 | loss 1: 0.000000 | current lr: 9.730e-04
| loss 0: 3.338e-02| val metric 0: 0.018045 | best val: 0.008053 at epoch 137 | current lr: 9.730e-04
epoch: [143/500] | loss 0: 0.040879 | loss 1: 0.000000 | current lr: 9.717e-04
| loss 0: 4.088e-02| val metric 0: 0.013258 | best val: 0.008053 at epoch 137 | current lr: 9.717e-04
epoch: [144/500] | loss 0: 0.028933 | loss 1: 0.000000 | current lr: 9.704e-04
| loss 0: 2.893e-02| val metric 0: 0.007676 | best val: 0.007676 at epoch 144 | current lr: 9.704e-04
epoch: [145/500] | loss 0: 0.025535 | loss 1: 0.000000 | current lr: 9.690e-04
| loss 0: 2.553e-02| val metric 0: 0.011750 | best val: 0.007676 at epoch 144 | current lr: 9.690e-04
epoch: [146/500] | loss 0: 0.027006 | loss 1: 0.000000 | current lr: 9.677e-04
| loss 0: 2.701e-02| val metric 0: 0.007726 | best val: 0.007676 at epoch 144 | current lr: 9.677e-04
epoch: [147/500] | loss 0: 0.028544 | loss 1: 0.000000 | current lr: 9.662e-04
| loss 0: 2.854e-02| val metric 0: 0.009546 | best val: 0.007676 at epoch 144 | current lr: 9.662e-04
epoch: [148/500] | loss 0: 0.024939 | loss 1: 0.000000 | current lr: 9.648e-04
| loss 0: 2.494e-02| val metric 0: 0.009969 | best val: 0.007676 at epoch 144 | current lr: 9.648e-04
epoch: [149/500] | loss 0: 0.022427 | loss 1: 0.000000 | current lr: 9.634e-04
| loss 0: 2.243e-02| val metric 0: 0.010664 | best val: 0.007676 at epoch 144 | current lr: 9.634e-04
epoch: [150/500] | loss 0: 0.032196 | loss 1: 0.000000 | current lr: 9.619e-04
| loss 0: 3.220e-02| val metric 0: 0.013188 | best val: 0.007676 at epoch 144 | current lr: 9.619e-04
epoch: [151/500] | loss 0: 0.024821 | loss 1: 0.000000 | current lr: 9.603e-04
| loss 0: 2.482e-02| val metric 0: 0.012338 | best val: 0.007676 at epoch 144 | current lr: 9.603e-04
epoch: [152/500] | loss 0: 0.025701 | loss 1: 0.000000 | current lr: 9.588e-04
| loss 0: 2.570e-02| val metric 0: 0.010703 | best val: 0.007676 at epoch 144 | current lr: 9.588e-04
epoch: [153/500] | loss 0: 0.032820 | loss 1: 0.000000 | current lr: 9.572e-04
| loss 0: 3.282e-02| val metric 0: 0.019690 | best val: 0.007676 at epoch 144 | current lr: 9.572e-04
epoch: [154/500] | loss 0: 0.046269 | loss 1: 0.000000 | current lr: 9.556e-04
| loss 0: 4.627e-02| val metric 0: 0.013235 | best val: 0.007676 at epoch 144 | current lr: 9.556e-04
epoch: [155/500] | loss 0: 0.043902 | loss 1: 0.000000 | current lr: 9.540e-04
| loss 0: 4.390e-02| val metric 0: 0.012086 | best val: 0.007676 at epoch 144 | current lr: 9.540e-04
epoch: [156/500] | loss 0: 0.036580 | loss 1: 0.000000 | current lr: 9.523e-04
| loss 0: 3.658e-02| val metric 0: 0.008377 | best val: 0.007676 at epoch 144 | current lr: 9.523e-04
epoch: [157/500] | loss 0: 0.024902 | loss 1: 0.000000 | current lr: 9.506e-04
| loss 0: 2.490e-02| val metric 0: 0.010192 | best val: 0.007676 at epoch 144 | current lr: 9.506e-04
epoch: [158/500] | loss 0: 0.031261 | loss 1: 0.000000 | current lr: 9.489e-04
| loss 0: 3.126e-02| val metric 0: 0.015713 | best val: 0.007676 at epoch 144 | current lr: 9.489e-04
epoch: [159/500] | loss 0: 0.032565 | loss 1: 0.000000 | current lr: 9.472e-04
| loss 0: 3.256e-02| val metric 0: 0.007097 | best val: 0.007097 at epoch 159 | current lr: 9.472e-04
epoch: [160/500] | loss 0: 0.030676 | loss 1: 0.000000 | current lr: 9.454e-04
| loss 0: 3.068e-02| val metric 0: 0.012104 | best val: 0.007097 at epoch 159 | current lr: 9.454e-04
epoch: [161/500] | loss 0: 0.032448 | loss 1: 0.000000 | current lr: 9.436e-04
| loss 0: 3.245e-02| val metric 0: 0.011162 | best val: 0.007097 at epoch 159 | current lr: 9.436e-04
epoch: [162/500] | loss 0: 0.033961 | loss 1: 0.000000 | current lr: 9.418e-04
| loss 0: 3.396e-02| val metric 0: 0.013913 | best val: 0.007097 at epoch 159 | current lr: 9.418e-04
epoch: [163/500] | loss 0: 0.024357 | loss 1: 0.000000 | current lr: 9.399e-04
| loss 0: 2.436e-02| val metric 0: 0.010065 | best val: 0.007097 at epoch 159 | current lr: 9.399e-04
epoch: [164/500] | loss 0: 0.024249 | loss 1: 0.000000 | current lr: 9.381e-04
| loss 0: 2.425e-02| val metric 0: 0.011884 | best val: 0.007097 at epoch 159 | current lr: 9.381e-04
epoch: [165/500] | loss 0: 0.031613 | loss 1: 0.000000 | current lr: 9.362e-04
| loss 0: 3.161e-02| val metric 0: 0.008506 | best val: 0.007097 at epoch 159 | current lr: 9.362e-04
epoch: [166/500] | loss 0: 0.028834 | loss 1: 0.000000 | current lr: 9.342e-04
| loss 0: 2.883e-02| val metric 0: 0.011485 | best val: 0.007097 at epoch 159 | current lr: 9.342e-04
epoch: [167/500] | loss 0: 0.039970 | loss 1: 0.000000 | current lr: 9.323e-04
| loss 0: 3.997e-02| val metric 0: 0.019158 | best val: 0.007097 at epoch 159 | current lr: 9.323e-04
epoch: [168/500] | loss 0: 0.035249 | loss 1: 0.000000 | current lr: 9.303e-04
| loss 0: 3.525e-02| val metric 0: 0.012116 | best val: 0.007097 at epoch 159 | current lr: 9.303e-04
epoch: [169/500] | loss 0: 0.026357 | loss 1: 0.000000 | current lr: 9.283e-04
| loss 0: 2.636e-02| val metric 0: 0.008424 | best val: 0.007097 at epoch 159 | current lr: 9.283e-04
epoch: [170/500] | loss 0: 0.024567 | loss 1: 0.000000 | current lr: 9.262e-04
| loss 0: 2.457e-02| val metric 0: 0.014025 | best val: 0.007097 at epoch 159 | current lr: 9.262e-04
epoch: [171/500] | loss 0: 0.033306 | loss 1: 0.000000 | current lr: 9.242e-04
| loss 0: 3.331e-02| val metric 0: 0.008435 | best val: 0.007097 at epoch 159 | current lr: 9.242e-04
epoch: [172/500] | loss 0: 0.029707 | loss 1: 0.000000 | current lr: 9.221e-04
| loss 0: 2.971e-02| val metric 0: 0.011473 | best val: 0.007097 at epoch 159 | current lr: 9.221e-04
epoch: [173/500] | loss 0: 0.023200 | loss 1: 0.000000 | current lr: 9.199e-04
| loss 0: 2.320e-02| val metric 0: 0.008169 | best val: 0.007097 at epoch 159 | current lr: 9.199e-04
epoch: [174/500] | loss 0: 0.028343 | loss 1: 0.000000 | current lr: 9.178e-04
| loss 0: 2.834e-02| val metric 0: 0.013485 | best val: 0.007097 at epoch 159 | current lr: 9.178e-04
epoch: [175/500] | loss 0: 0.031492 | loss 1: 0.000000 | current lr: 9.156e-04
| loss 0: 3.149e-02| val metric 0: 0.017913 | best val: 0.007097 at epoch 159 | current lr: 9.156e-04
epoch: [176/500] | loss 0: 0.037611 | loss 1: 0.000000 | current lr: 9.134e-04
| loss 0: 3.761e-02| val metric 0: 0.011377 | best val: 0.007097 at epoch 159 | current lr: 9.134e-04
epoch: [177/500] | loss 0: 0.035575 | loss 1: 0.000000 | current lr: 9.112e-04
| loss 0: 3.557e-02| val metric 0: 0.008515 | best val: 0.007097 at epoch 159 | current lr: 9.112e-04
epoch: [178/500] | loss 0: 0.023970 | loss 1: 0.000000 | current lr: 9.090e-04
| loss 0: 2.397e-02| val metric 0: 0.010465 | best val: 0.007097 at epoch 159 | current lr: 9.090e-04
epoch: [179/500] | loss 0: 0.033610 | loss 1: 0.000000 | current lr: 9.067e-04
| loss 0: 3.361e-02| val metric 0: 0.012295 | best val: 0.007097 at epoch 159 | current lr: 9.067e-04
epoch: [180/500] | loss 0: 0.030727 | loss 1: 0.000000 | current lr: 9.044e-04
| loss 0: 3.073e-02| val metric 0: 0.010059 | best val: 0.007097 at epoch 159 | current lr: 9.044e-04
epoch: [181/500] | loss 0: 0.033533 | loss 1: 0.000000 | current lr: 9.021e-04
| loss 0: 3.353e-02| val metric 0: 0.017946 | best val: 0.007097 at epoch 159 | current lr: 9.021e-04
epoch: [182/500] | loss 0: 0.031497 | loss 1: 0.000000 | current lr: 8.997e-04
| loss 0: 3.150e-02| val metric 0: 0.009066 | best val: 0.007097 at epoch 159 | current lr: 8.997e-04
epoch: [183/500] | loss 0: 0.033885 | loss 1: 0.000000 | current lr: 8.974e-04
| loss 0: 3.388e-02| val metric 0: 0.017130 | best val: 0.007097 at epoch 159 | current lr: 8.974e-04
epoch: [184/500] | loss 0: 0.030689 | loss 1: 0.000000 | current lr: 8.950e-04
| loss 0: 3.069e-02| val metric 0: 0.006372 | best val: 0.006372 at epoch 184 | current lr: 8.950e-04
epoch: [185/500] | loss 0: 0.021095 | loss 1: 0.000000 | current lr: 8.925e-04
| loss 0: 2.109e-02| val metric 0: 0.013846 | best val: 0.006372 at epoch 184 | current lr: 8.925e-04
epoch: [186/500] | loss 0: 0.030484 | loss 1: 0.000000 | current lr: 8.901e-04
| loss 0: 3.048e-02| val metric 0: 0.010302 | best val: 0.006372 at epoch 184 | current lr: 8.901e-04
epoch: [187/500] | loss 0: 0.027895 | loss 1: 0.000000 | current lr: 8.876e-04
| loss 0: 2.790e-02| val metric 0: 0.008327 | best val: 0.006372 at epoch 184 | current lr: 8.876e-04
epoch: [188/500] | loss 0: 0.026236 | loss 1: 0.000000 | current lr: 8.851e-04
| loss 0: 2.624e-02| val metric 0: 0.012246 | best val: 0.006372 at epoch 184 | current lr: 8.851e-04
epoch: [189/500] | loss 0: 0.026498 | loss 1: 0.000000 | current lr: 8.826e-04
| loss 0: 2.650e-02| val metric 0: 0.012306 | best val: 0.006372 at epoch 184 | current lr: 8.826e-04
epoch: [190/500] | loss 0: 0.022643 | loss 1: 0.000000 | current lr: 8.801e-04
| loss 0: 2.264e-02| val metric 0: 0.011194 | best val: 0.006372 at epoch 184 | current lr: 8.801e-04
epoch: [191/500] | loss 0: 0.020082 | loss 1: 0.000000 | current lr: 8.775e-04
| loss 0: 2.008e-02| val metric 0: 0.008244 | best val: 0.006372 at epoch 184 | current lr: 8.775e-04
epoch: [192/500] | loss 0: 0.027510 | loss 1: 0.000000 | current lr: 8.749e-04
| loss 0: 2.751e-02| val metric 0: 0.007444 | best val: 0.006372 at epoch 184 | current lr: 8.749e-04
epoch: [193/500] | loss 0: 0.028736 | loss 1: 0.000000 | current lr: 8.723e-04
| loss 0: 2.874e-02| val metric 0: 0.008657 | best val: 0.006372 at epoch 184 | current lr: 8.723e-04
epoch: [194/500] | loss 0: 0.026559 | loss 1: 0.000000 | current lr: 8.697e-04
| loss 0: 2.656e-02| val metric 0: 0.012445 | best val: 0.006372 at epoch 184 | current lr: 8.697e-04
epoch: [195/500] | loss 0: 0.022981 | loss 1: 0.000000 | current lr: 8.670e-04
| loss 0: 2.298e-02| val metric 0: 0.009363 | best val: 0.006372 at epoch 184 | current lr: 8.670e-04
epoch: [196/500] | loss 0: 0.019357 | loss 1: 0.000000 | current lr: 8.643e-04
| loss 0: 1.936e-02| val metric 0: 0.013605 | best val: 0.006372 at epoch 184 | current lr: 8.643e-04
epoch: [197/500] | loss 0: 0.025362 | loss 1: 0.000000 | current lr: 8.616e-04
| loss 0: 2.536e-02| val metric 0: 0.010027 | best val: 0.006372 at epoch 184 | current lr: 8.616e-04
epoch: [198/500] | loss 0: 0.024074 | loss 1: 0.000000 | current lr: 8.589e-04
| loss 0: 2.407e-02| val metric 0: 0.008374 | best val: 0.006372 at epoch 184 | current lr: 8.589e-04
epoch: [199/500] | loss 0: 0.022197 | loss 1: 0.000000 | current lr: 8.562e-04
| loss 0: 2.220e-02| val metric 0: 0.010737 | best val: 0.006372 at epoch 184 | current lr: 8.562e-04
epoch: [200/500] | loss 0: 0.019570 | loss 1: 0.000000 | current lr: 8.534e-04
| loss 0: 1.957e-02| val metric 0: 0.005951 | best val: 0.005951 at epoch 200 | current lr: 8.534e-04
epoch: [201/500] | loss 0: 0.031148 | loss 1: 0.000000 | current lr: 8.506e-04
| loss 0: 3.115e-02| val metric 0: 0.017375 | best val: 0.005951 at epoch 200 | current lr: 8.506e-04
epoch: [202/500] | loss 0: 0.038088 | loss 1: 0.000000 | current lr: 8.478e-04
| loss 0: 3.809e-02| val metric 0: 0.011966 | best val: 0.005951 at epoch 200 | current lr: 8.478e-04
epoch: [203/500] | loss 0: 0.034283 | loss 1: 0.000000 | current lr: 8.450e-04
| loss 0: 3.428e-02| val metric 0: 0.008913 | best val: 0.005951 at epoch 200 | current lr: 8.450e-04
epoch: [204/500] | loss 0: 0.030538 | loss 1: 0.000000 | current lr: 8.421e-04
| loss 0: 3.054e-02| val metric 0: 0.012115 | best val: 0.005951 at epoch 200 | current lr: 8.421e-04
epoch: [205/500] | loss 0: 0.024206 | loss 1: 0.000000 | current lr: 8.393e-04
| loss 0: 2.421e-02| val metric 0: 0.009489 | best val: 0.005951 at epoch 200 | current lr: 8.393e-04
epoch: [206/500] | loss 0: 0.022891 | loss 1: 0.000000 | current lr: 8.364e-04
| loss 0: 2.289e-02| val metric 0: 0.008761 | best val: 0.005951 at epoch 200 | current lr: 8.364e-04
epoch: [207/500] | loss 0: 0.022520 | loss 1: 0.000000 | current lr: 8.334e-04
| loss 0: 2.252e-02| val metric 0: 0.007373 | best val: 0.005951 at epoch 200 | current lr: 8.334e-04
epoch: [208/500] | loss 0: 0.020916 | loss 1: 0.000000 | current lr: 8.305e-04
| loss 0: 2.092e-02| val metric 0: 0.008027 | best val: 0.005951 at epoch 200 | current lr: 8.305e-04
epoch: [209/500] | loss 0: 0.019243 | loss 1: 0.000000 | current lr: 8.276e-04
| loss 0: 1.924e-02| val metric 0: 0.011609 | best val: 0.005951 at epoch 200 | current lr: 8.276e-04
epoch: [210/500] | loss 0: 0.023952 | loss 1: 0.000000 | current lr: 8.246e-04
| loss 0: 2.395e-02| val metric 0: 0.006073 | best val: 0.005951 at epoch 200 | current lr: 8.246e-04
epoch: [211/500] | loss 0: 0.025194 | loss 1: 0.000000 | current lr: 8.216e-04
| loss 0: 2.519e-02| val metric 0: 0.008717 | best val: 0.005951 at epoch 200 | current lr: 8.216e-04
epoch: [212/500] | loss 0: 0.022054 | loss 1: 0.000000 | current lr: 8.186e-04
| loss 0: 2.205e-02| val metric 0: 0.006217 | best val: 0.005951 at epoch 200 | current lr: 8.186e-04
epoch: [213/500] | loss 0: 0.026498 | loss 1: 0.000000 | current lr: 8.155e-04
| loss 0: 2.650e-02| val metric 0: 0.008842 | best val: 0.005951 at epoch 200 | current lr: 8.155e-04
epoch: [214/500] | loss 0: 0.023722 | loss 1: 0.000000 | current lr: 8.125e-04
| loss 0: 2.372e-02| val metric 0: 0.009889 | best val: 0.005951 at epoch 200 | current lr: 8.125e-04
epoch: [215/500] | loss 0: 0.022964 | loss 1: 0.000000 | current lr: 8.094e-04
| loss 0: 2.296e-02| val metric 0: 0.010081 | best val: 0.005951 at epoch 200 | current lr: 8.094e-04
epoch: [216/500] | loss 0: 0.022419 | loss 1: 0.000000 | current lr: 8.063e-04
| loss 0: 2.242e-02| val metric 0: 0.008316 | best val: 0.005951 at epoch 200 | current lr: 8.063e-04
epoch: [217/500] | loss 0: 0.022377 | loss 1: 0.000000 | current lr: 8.032e-04
| loss 0: 2.238e-02| val metric 0: 0.012653 | best val: 0.005951 at epoch 200 | current lr: 8.032e-04
epoch: [218/500] | loss 0: 0.022637 | loss 1: 0.000000 | current lr: 8.001e-04
| loss 0: 2.264e-02| val metric 0: 0.011447 | best val: 0.005951 at epoch 200 | current lr: 8.001e-04
epoch: [219/500] | loss 0: 0.021926 | loss 1: 0.000000 | current lr: 7.969e-04
| loss 0: 2.193e-02| val metric 0: 0.006696 | best val: 0.005951 at epoch 200 | current lr: 7.969e-04
epoch: [220/500] | loss 0: 0.023717 | loss 1: 0.000000 | current lr: 7.937e-04
| loss 0: 2.372e-02| val metric 0: 0.008399 | best val: 0.005951 at epoch 200 | current lr: 7.937e-04
epoch: [221/500] | loss 0: 0.027326 | loss 1: 0.000000 | current lr: 7.905e-04
| loss 0: 2.733e-02| val metric 0: 0.008265 | best val: 0.005951 at epoch 200 | current lr: 7.905e-04
epoch: [222/500] | loss 0: 0.020180 | loss 1: 0.000000 | current lr: 7.873e-04
| loss 0: 2.018e-02| val metric 0: 0.007403 | best val: 0.005951 at epoch 200 | current lr: 7.873e-04
epoch: [223/500] | loss 0: 0.016634 | loss 1: 0.000000 | current lr: 7.841e-04
| loss 0: 1.663e-02| val metric 0: 0.004975 | best val: 0.004975 at epoch 223 | current lr: 7.841e-04
epoch: [224/500] | loss 0: 0.014822 | loss 1: 0.000000 | current lr: 7.809e-04
| loss 0: 1.482e-02| val metric 0: 0.005215 | best val: 0.004975 at epoch 223 | current lr: 7.809e-04
epoch: [225/500] | loss 0: 0.021920 | loss 1: 0.000000 | current lr: 7.776e-04
| loss 0: 2.192e-02| val metric 0: 0.007285 | best val: 0.004975 at epoch 223 | current lr: 7.776e-04
epoch: [226/500] | loss 0: 0.024451 | loss 1: 0.000000 | current lr: 7.743e-04
| loss 0: 2.445e-02| val metric 0: 0.005999 | best val: 0.004975 at epoch 223 | current lr: 7.743e-04
epoch: [227/500] | loss 0: 0.024088 | loss 1: 0.000000 | current lr: 7.711e-04
| loss 0: 2.409e-02| val metric 0: 0.010323 | best val: 0.004975 at epoch 223 | current lr: 7.711e-04
epoch: [228/500] | loss 0: 0.024687 | loss 1: 0.000000 | current lr: 7.677e-04
| loss 0: 2.469e-02| val metric 0: 0.008119 | best val: 0.004975 at epoch 223 | current lr: 7.677e-04
epoch: [229/500] | loss 0: 0.024983 | loss 1: 0.000000 | current lr: 7.644e-04
| loss 0: 2.498e-02| val metric 0: 0.008302 | best val: 0.004975 at epoch 223 | current lr: 7.644e-04
epoch: [230/500] | loss 0: 0.025038 | loss 1: 0.000000 | current lr: 7.611e-04
| loss 0: 2.504e-02| val metric 0: 0.010811 | best val: 0.004975 at epoch 223 | current lr: 7.611e-04
epoch: [231/500] | loss 0: 0.027193 | loss 1: 0.000000 | current lr: 7.577e-04
| loss 0: 2.719e-02| val metric 0: 0.009479 | best val: 0.004975 at epoch 223 | current lr: 7.577e-04
epoch: [232/500] | loss 0: 0.023842 | loss 1: 0.000000 | current lr: 7.544e-04
| loss 0: 2.384e-02| val metric 0: 0.011130 | best val: 0.004975 at epoch 223 | current lr: 7.544e-04
epoch: [233/500] | loss 0: 0.028664 | loss 1: 0.000000 | current lr: 7.510e-04
| loss 0: 2.866e-02| val metric 0: 0.009915 | best val: 0.004975 at epoch 223 | current lr: 7.510e-04
epoch: [234/500] | loss 0: 0.022434 | loss 1: 0.000000 | current lr: 7.476e-04
| loss 0: 2.243e-02| val metric 0: 0.008598 | best val: 0.004975 at epoch 223 | current lr: 7.476e-04
epoch: [235/500] | loss 0: 0.017865 | loss 1: 0.000000 | current lr: 7.441e-04
| loss 0: 1.786e-02| val metric 0: 0.005400 | best val: 0.004975 at epoch 223 | current lr: 7.441e-04
epoch: [236/500] | loss 0: 0.019678 | loss 1: 0.000000 | current lr: 7.407e-04
| loss 0: 1.968e-02| val metric 0: 0.009471 | best val: 0.004975 at epoch 223 | current lr: 7.407e-04
epoch: [237/500] | loss 0: 0.022745 | loss 1: 0.000000 | current lr: 7.373e-04
| loss 0: 2.274e-02| val metric 0: 0.007401 | best val: 0.004975 at epoch 223 | current lr: 7.373e-04
epoch: [238/500] | loss 0: 0.021335 | loss 1: 0.000000 | current lr: 7.338e-04
| loss 0: 2.134e-02| val metric 0: 0.009120 | best val: 0.004975 at epoch 223 | current lr: 7.338e-04
epoch: [239/500] | loss 0: 0.021615 | loss 1: 0.000000 | current lr: 7.303e-04
| loss 0: 2.161e-02| val metric 0: 0.005714 | best val: 0.004975 at epoch 223 | current lr: 7.303e-04
epoch: [240/500] | loss 0: 0.020913 | loss 1: 0.000000 | current lr: 7.268e-04
| loss 0: 2.091e-02| val metric 0: 0.010196 | best val: 0.004975 at epoch 223 | current lr: 7.268e-04
epoch: [241/500] | loss 0: 0.028880 | loss 1: 0.000000 | current lr: 7.233e-04
| loss 0: 2.888e-02| val metric 0: 0.010566 | best val: 0.004975 at epoch 223 | current lr: 7.233e-04
epoch: [242/500] | loss 0: 0.024312 | loss 1: 0.000000 | current lr: 7.198e-04
| loss 0: 2.431e-02| val metric 0: 0.009814 | best val: 0.004975 at epoch 223 | current lr: 7.198e-04
epoch: [243/500] | loss 0: 0.021354 | loss 1: 0.000000 | current lr: 7.163e-04
| loss 0: 2.135e-02| val metric 0: 0.006859 | best val: 0.004975 at epoch 223 | current lr: 7.163e-04
epoch: [244/500] | loss 0: 0.018477 | loss 1: 0.000000 | current lr: 7.127e-04
| loss 0: 1.848e-02| val metric 0: 0.009331 | best val: 0.004975 at epoch 223 | current lr: 7.127e-04
epoch: [245/500] | loss 0: 0.017169 | loss 1: 0.000000 | current lr: 7.092e-04
| loss 0: 1.717e-02| val metric 0: 0.008279 | best val: 0.004975 at epoch 223 | current lr: 7.092e-04
epoch: [246/500] | loss 0: 0.017457 | loss 1: 0.000000 | current lr: 7.056e-04
| loss 0: 1.746e-02| val metric 0: 0.007535 | best val: 0.004975 at epoch 223 | current lr: 7.056e-04
epoch: [247/500] | loss 0: 0.021983 | loss 1: 0.000000 | current lr: 7.020e-04
| loss 0: 2.198e-02| val metric 0: 0.006997 | best val: 0.004975 at epoch 223 | current lr: 7.020e-04
epoch: [248/500] | loss 0: 0.017938 | loss 1: 0.000000 | current lr: 6.984e-04
| loss 0: 1.794e-02| val metric 0: 0.006091 | best val: 0.004975 at epoch 223 | current lr: 6.984e-04
epoch: [249/500] | loss 0: 0.016675 | loss 1: 0.000000 | current lr: 6.948e-04
| loss 0: 1.667e-02| val metric 0: 0.005404 | best val: 0.004975 at epoch 223 | current lr: 6.948e-04
epoch: [250/500] | loss 0: 0.013692 | loss 1: 0.000000 | current lr: 6.912e-04
| loss 0: 1.369e-02| val metric 0: 0.004067 | best val: 0.004067 at epoch 250 | current lr: 6.912e-04
epoch: [251/500] | loss 0: 0.024726 | loss 1: 0.000000 | current lr: 6.875e-04
| loss 0: 2.473e-02| val metric 0: 0.006591 | best val: 0.004067 at epoch 250 | current lr: 6.875e-04
epoch: [252/500] | loss 0: 0.018583 | loss 1: 0.000000 | current lr: 6.839e-04
| loss 0: 1.858e-02| val metric 0: 0.012497 | best val: 0.004067 at epoch 250 | current lr: 6.839e-04
epoch: [253/500] | loss 0: 0.021505 | loss 1: 0.000000 | current lr: 6.802e-04
| loss 0: 2.151e-02| val metric 0: 0.009612 | best val: 0.004067 at epoch 250 | current lr: 6.802e-04
epoch: [254/500] | loss 0: 0.018821 | loss 1: 0.000000 | current lr: 6.766e-04
| loss 0: 1.882e-02| val metric 0: 0.005012 | best val: 0.004067 at epoch 250 | current lr: 6.766e-04
epoch: [255/500] | loss 0: 0.015702 | loss 1: 0.000000 | current lr: 6.729e-04
| loss 0: 1.570e-02| val metric 0: 0.004592 | best val: 0.004067 at epoch 250 | current lr: 6.729e-04
epoch: [256/500] | loss 0: 0.012324 | loss 1: 0.000000 | current lr: 6.692e-04
| loss 0: 1.232e-02| val metric 0: 0.005093 | best val: 0.004067 at epoch 250 | current lr: 6.692e-04
epoch: [257/500] | loss 0: 0.013418 | loss 1: 0.000000 | current lr: 6.655e-04
| loss 0: 1.342e-02| val metric 0: 0.006743 | best val: 0.004067 at epoch 250 | current lr: 6.655e-04
epoch: [258/500] | loss 0: 0.013405 | loss 1: 0.000000 | current lr: 6.618e-04
| loss 0: 1.341e-02| val metric 0: 0.005392 | best val: 0.004067 at epoch 250 | current lr: 6.618e-04
epoch: [259/500] | loss 0: 0.011783 | loss 1: 0.000000 | current lr: 6.581e-04
| loss 0: 1.178e-02| val metric 0: 0.003014 | best val: 0.003014 at epoch 259 | current lr: 6.581e-04
epoch: [260/500] | loss 0: 0.011425 | loss 1: 0.000000 | current lr: 6.543e-04
| loss 0: 1.142e-02| val metric 0: 0.007825 | best val: 0.003014 at epoch 259 | current lr: 6.543e-04
epoch: [261/500] | loss 0: 0.014457 | loss 1: 0.000000 | current lr: 6.506e-04
| loss 0: 1.446e-02| val metric 0: 0.006222 | best val: 0.003014 at epoch 259 | current lr: 6.506e-04
epoch: [262/500] | loss 0: 0.016456 | loss 1: 0.000000 | current lr: 6.468e-04
| loss 0: 1.646e-02| val metric 0: 0.004679 | best val: 0.003014 at epoch 259 | current lr: 6.468e-04
epoch: [263/500] | loss 0: 0.019116 | loss 1: 0.000000 | current lr: 6.431e-04
| loss 0: 1.912e-02| val metric 0: 0.008162 | best val: 0.003014 at epoch 259 | current lr: 6.431e-04
epoch: [264/500] | loss 0: 0.016583 | loss 1: 0.000000 | current lr: 6.393e-04
| loss 0: 1.658e-02| val metric 0: 0.004917 | best val: 0.003014 at epoch 259 | current lr: 6.393e-04
epoch: [265/500] | loss 0: 0.012160 | loss 1: 0.000000 | current lr: 6.355e-04
| loss 0: 1.216e-02| val metric 0: 0.007947 | best val: 0.003014 at epoch 259 | current lr: 6.355e-04
epoch: [266/500] | loss 0: 0.016234 | loss 1: 0.000000 | current lr: 6.317e-04
| loss 0: 1.623e-02| val metric 0: 0.005957 | best val: 0.003014 at epoch 259 | current lr: 6.317e-04
epoch: [267/500] | loss 0: 0.012664 | loss 1: 0.000000 | current lr: 6.280e-04
| loss 0: 1.266e-02| val metric 0: 0.004803 | best val: 0.003014 at epoch 259 | current lr: 6.280e-04
epoch: [268/500] | loss 0: 0.014153 | loss 1: 0.000000 | current lr: 6.242e-04
| loss 0: 1.415e-02| val metric 0: 0.007818 | best val: 0.003014 at epoch 259 | current lr: 6.242e-04
epoch: [269/500] | loss 0: 0.018682 | loss 1: 0.000000 | current lr: 6.203e-04
| loss 0: 1.868e-02| val metric 0: 0.008605 | best val: 0.003014 at epoch 259 | current lr: 6.203e-04
epoch: [270/500] | loss 0: 0.015504 | loss 1: 0.000000 | current lr: 6.165e-04
| loss 0: 1.550e-02| val metric 0: 0.003616 | best val: 0.003014 at epoch 259 | current lr: 6.165e-04
epoch: [271/500] | loss 0: 0.012965 | loss 1: 0.000000 | current lr: 6.127e-04
| loss 0: 1.297e-02| val metric 0: 0.005871 | best val: 0.003014 at epoch 259 | current lr: 6.127e-04
epoch: [272/500] | loss 0: 0.015133 | loss 1: 0.000000 | current lr: 6.089e-04
| loss 0: 1.513e-02| val metric 0: 0.007476 | best val: 0.003014 at epoch 259 | current lr: 6.089e-04
epoch: [273/500] | loss 0: 0.017697 | loss 1: 0.000000 | current lr: 6.050e-04
| loss 0: 1.770e-02| val metric 0: 0.005165 | best val: 0.003014 at epoch 259 | current lr: 6.050e-04
epoch: [274/500] | loss 0: 0.018483 | loss 1: 0.000000 | current lr: 6.012e-04
| loss 0: 1.848e-02| val metric 0: 0.006512 | best val: 0.003014 at epoch 259 | current lr: 6.012e-04
epoch: [275/500] | loss 0: 0.017199 | loss 1: 0.000000 | current lr: 5.974e-04
| loss 0: 1.720e-02| val metric 0: 0.005929 | best val: 0.003014 at epoch 259 | current lr: 5.974e-04
epoch: [276/500] | loss 0: 0.013926 | loss 1: 0.000000 | current lr: 5.935e-04
| loss 0: 1.393e-02| val metric 0: 0.003979 | best val: 0.003014 at epoch 259 | current lr: 5.935e-04
epoch: [277/500] | loss 0: 0.014311 | loss 1: 0.000000 | current lr: 5.896e-04
| loss 0: 1.431e-02| val metric 0: 0.005403 | best val: 0.003014 at epoch 259 | current lr: 5.896e-04
epoch: [278/500] | loss 0: 0.011709 | loss 1: 0.000000 | current lr: 5.858e-04
| loss 0: 1.171e-02| val metric 0: 0.005396 | best val: 0.003014 at epoch 259 | current lr: 5.858e-04
epoch: [279/500] | loss 0: 0.016503 | loss 1: 0.000000 | current lr: 5.819e-04
| loss 0: 1.650e-02| val metric 0: 0.008702 | best val: 0.003014 at epoch 259 | current lr: 5.819e-04
epoch: [280/500] | loss 0: 0.017961 | loss 1: 0.000000 | current lr: 5.780e-04
| loss 0: 1.796e-02| val metric 0: 0.006624 | best val: 0.003014 at epoch 259 | current lr: 5.780e-04
epoch: [281/500] | loss 0: 0.017658 | loss 1: 0.000000 | current lr: 5.741e-04
| loss 0: 1.766e-02| val metric 0: 0.007998 | best val: 0.003014 at epoch 259 | current lr: 5.741e-04
epoch: [282/500] | loss 0: 0.016077 | loss 1: 0.000000 | current lr: 5.703e-04
| loss 0: 1.608e-02| val metric 0: 0.006063 | best val: 0.003014 at epoch 259 | current lr: 5.703e-04
epoch: [283/500] | loss 0: 0.013119 | loss 1: 0.000000 | current lr: 5.664e-04
| loss 0: 1.312e-02| val metric 0: 0.004983 | best val: 0.003014 at epoch 259 | current lr: 5.664e-04
epoch: [284/500] | loss 0: 0.010654 | loss 1: 0.000000 | current lr: 5.625e-04
| loss 0: 1.065e-02| val metric 0: 0.002692 | best val: 0.002692 at epoch 284 | current lr: 5.625e-04
epoch: [285/500] | loss 0: 0.009912 | loss 1: 0.000000 | current lr: 5.586e-04
| loss 0: 9.912e-03| val metric 0: 0.006115 | best val: 0.002692 at epoch 284 | current lr: 5.586e-04
epoch: [286/500] | loss 0: 0.014073 | loss 1: 0.000000 | current lr: 5.547e-04
| loss 0: 1.407e-02| val metric 0: 0.006377 | best val: 0.002692 at epoch 284 | current lr: 5.547e-04
epoch: [287/500] | loss 0: 0.012362 | loss 1: 0.000000 | current lr: 5.508e-04
| loss 0: 1.236e-02| val metric 0: 0.005190 | best val: 0.002692 at epoch 284 | current lr: 5.508e-04
epoch: [288/500] | loss 0: 0.013259 | loss 1: 0.000000 | current lr: 5.469e-04
| loss 0: 1.326e-02| val metric 0: 0.004599 | best val: 0.002692 at epoch 284 | current lr: 5.469e-04
epoch: [289/500] | loss 0: 0.013750 | loss 1: 0.000000 | current lr: 5.429e-04
| loss 0: 1.375e-02| val metric 0: 0.004805 | best val: 0.002692 at epoch 284 | current lr: 5.429e-04
epoch: [290/500] | loss 0: 0.013522 | loss 1: 0.000000 | current lr: 5.390e-04
| loss 0: 1.352e-02| val metric 0: 0.006115 | best val: 0.002692 at epoch 284 | current lr: 5.390e-04
epoch: [291/500] | loss 0: 0.010804 | loss 1: 0.000000 | current lr: 5.351e-04
| loss 0: 1.080e-02| val metric 0: 0.004420 | best val: 0.002692 at epoch 284 | current lr: 5.351e-04
epoch: [292/500] | loss 0: 0.009506 | loss 1: 0.000000 | current lr: 5.312e-04
| loss 0: 9.506e-03| val metric 0: 0.004412 | best val: 0.002692 at epoch 284 | current lr: 5.312e-04
epoch: [293/500] | loss 0: 0.010507 | loss 1: 0.000000 | current lr: 5.273e-04
| loss 0: 1.051e-02| val metric 0: 0.003612 | best val: 0.002692 at epoch 284 | current lr: 5.273e-04
epoch: [294/500] | loss 0: 0.011110 | loss 1: 0.000000 | current lr: 5.234e-04
| loss 0: 1.111e-02| val metric 0: 0.004984 | best val: 0.002692 at epoch 284 | current lr: 5.234e-04
epoch: [295/500] | loss 0: 0.011826 | loss 1: 0.000000 | current lr: 5.194e-04
| loss 0: 1.183e-02| val metric 0: 0.006965 | best val: 0.002692 at epoch 284 | current lr: 5.194e-04
epoch: [296/500] | loss 0: 0.013845 | loss 1: 0.000000 | current lr: 5.155e-04
| loss 0: 1.385e-02| val metric 0: 0.003793 | best val: 0.002692 at epoch 284 | current lr: 5.155e-04
epoch: [297/500] | loss 0: 0.011525 | loss 1: 0.000000 | current lr: 5.116e-04
| loss 0: 1.153e-02| val metric 0: 0.003771 | best val: 0.002692 at epoch 284 | current lr: 5.116e-04
epoch: [298/500] | loss 0: 0.008157 | loss 1: 0.000000 | current lr: 5.077e-04
| loss 0: 8.157e-03| val metric 0: 0.003178 | best val: 0.002692 at epoch 284 | current lr: 5.077e-04
epoch: [299/500] | loss 0: 0.007996 | loss 1: 0.000000 | current lr: 5.037e-04
| loss 0: 7.996e-03| val metric 0: 0.003339 | best val: 0.002692 at epoch 284 | current lr: 5.037e-04
epoch: [300/500] | loss 0: 0.010595 | loss 1: 0.000000 | current lr: 4.998e-04
| loss 0: 1.059e-02| val metric 0: 0.007067 | best val: 0.002692 at epoch 284 | current lr: 4.998e-04
epoch: [301/500] | loss 0: 0.015364 | loss 1: 0.000000 | current lr: 4.959e-04
| loss 0: 1.536e-02| val metric 0: 0.005958 | best val: 0.002692 at epoch 284 | current lr: 4.959e-04
epoch: [302/500] | loss 0: 0.013723 | loss 1: 0.000000 | current lr: 4.920e-04
| loss 0: 1.372e-02| val metric 0: 0.002590 | best val: 0.002590 at epoch 302 | current lr: 4.920e-04
epoch: [303/500] | loss 0: 0.012457 | loss 1: 0.000000 | current lr: 4.880e-04
| loss 0: 1.246e-02| val metric 0: 0.005407 | best val: 0.002590 at epoch 302 | current lr: 4.880e-04
epoch: [304/500] | loss 0: 0.014114 | loss 1: 0.000000 | current lr: 4.841e-04
| loss 0: 1.411e-02| val metric 0: 0.005922 | best val: 0.002590 at epoch 302 | current lr: 4.841e-04
epoch: [305/500] | loss 0: 0.012888 | loss 1: 0.000000 | current lr: 4.802e-04
| loss 0: 1.289e-02| val metric 0: 0.005627 | best val: 0.002590 at epoch 302 | current lr: 4.802e-04
epoch: [306/500] | loss 0: 0.011104 | loss 1: 0.000000 | current lr: 4.763e-04
| loss 0: 1.110e-02| val metric 0: 0.004820 | best val: 0.002590 at epoch 302 | current lr: 4.763e-04
epoch: [307/500] | loss 0: 0.012367 | loss 1: 0.000000 | current lr: 4.723e-04
| loss 0: 1.237e-02| val metric 0: 0.004256 | best val: 0.002590 at epoch 302 | current lr: 4.723e-04
epoch: [308/500] | loss 0: 0.008843 | loss 1: 0.000000 | current lr: 4.684e-04
| loss 0: 8.843e-03| val metric 0: 0.002652 | best val: 0.002590 at epoch 302 | current lr: 4.684e-04
epoch: [309/500] | loss 0: 0.007772 | loss 1: 0.000000 | current lr: 4.645e-04
| loss 0: 7.772e-03| val metric 0: 0.003453 | best val: 0.002590 at epoch 302 | current lr: 4.645e-04
epoch: [310/500] | loss 0: 0.009043 | loss 1: 0.000000 | current lr: 4.606e-04
| loss 0: 9.043e-03| val metric 0: 0.003026 | best val: 0.002590 at epoch 302 | current lr: 4.606e-04
epoch: [311/500] | loss 0: 0.011698 | loss 1: 0.000000 | current lr: 4.567e-04
| loss 0: 1.170e-02| val metric 0: 0.004339 | best val: 0.002590 at epoch 302 | current lr: 4.567e-04
epoch: [312/500] | loss 0: 0.010733 | loss 1: 0.000000 | current lr: 4.528e-04
| loss 0: 1.073e-02| val metric 0: 0.003123 | best val: 0.002590 at epoch 302 | current lr: 4.528e-04
epoch: [313/500] | loss 0: 0.011182 | loss 1: 0.000000 | current lr: 4.488e-04
| loss 0: 1.118e-02| val metric 0: 0.003775 | best val: 0.002590 at epoch 302 | current lr: 4.488e-04
epoch: [314/500] | loss 0: 0.011741 | loss 1: 0.000000 | current lr: 4.449e-04
| loss 0: 1.174e-02| val metric 0: 0.003978 | best val: 0.002590 at epoch 302 | current lr: 4.449e-04
epoch: [315/500] | loss 0: 0.010780 | loss 1: 0.000000 | current lr: 4.410e-04
| loss 0: 1.078e-02| val metric 0: 0.004557 | best val: 0.002590 at epoch 302 | current lr: 4.410e-04
epoch: [316/500] | loss 0: 0.009898 | loss 1: 0.000000 | current lr: 4.371e-04
| loss 0: 9.898e-03| val metric 0: 0.002535 | best val: 0.002535 at epoch 316 | current lr: 4.371e-04
epoch: [317/500] | loss 0: 0.009639 | loss 1: 0.000000 | current lr: 4.332e-04
| loss 0: 9.639e-03| val metric 0: 0.003546 | best val: 0.002535 at epoch 316 | current lr: 4.332e-04
epoch: [318/500] | loss 0: 0.009954 | loss 1: 0.000000 | current lr: 4.294e-04
| loss 0: 9.954e-03| val metric 0: 0.003102 | best val: 0.002535 at epoch 316 | current lr: 4.294e-04
epoch: [319/500] | loss 0: 0.010111 | loss 1: 0.000000 | current lr: 4.255e-04
| loss 0: 1.011e-02| val metric 0: 0.004008 | best val: 0.002535 at epoch 316 | current lr: 4.255e-04
epoch: [320/500] | loss 0: 0.009342 | loss 1: 0.000000 | current lr: 4.216e-04
| loss 0: 9.342e-03| val metric 0: 0.002388 | best val: 0.002388 at epoch 320 | current lr: 4.216e-04
epoch: [321/500] | loss 0: 0.006258 | loss 1: 0.000000 | current lr: 4.177e-04
| loss 0: 6.258e-03| val metric 0: 0.002539 | best val: 0.002388 at epoch 320 | current lr: 4.177e-04
epoch: [322/500] | loss 0: 0.009037 | loss 1: 0.000000 | current lr: 4.138e-04
| loss 0: 9.037e-03| val metric 0: 0.002702 | best val: 0.002388 at epoch 320 | current lr: 4.138e-04
epoch: [323/500] | loss 0: 0.009320 | loss 1: 0.000000 | current lr: 4.100e-04
| loss 0: 9.320e-03| val metric 0: 0.003998 | best val: 0.002388 at epoch 320 | current lr: 4.100e-04
epoch: [324/500] | loss 0: 0.010648 | loss 1: 0.000000 | current lr: 4.061e-04
| loss 0: 1.065e-02| val metric 0: 0.005469 | best val: 0.002388 at epoch 320 | current lr: 4.061e-04
epoch: [325/500] | loss 0: 0.009332 | loss 1: 0.000000 | current lr: 4.023e-04
| loss 0: 9.332e-03| val metric 0: 0.003480 | best val: 0.002388 at epoch 320 | current lr: 4.023e-04
epoch: [326/500] | loss 0: 0.008811 | loss 1: 0.000000 | current lr: 3.984e-04
| loss 0: 8.811e-03| val metric 0: 0.003725 | best val: 0.002388 at epoch 320 | current lr: 3.984e-04
epoch: [327/500] | loss 0: 0.009219 | loss 1: 0.000000 | current lr: 3.946e-04
| loss 0: 9.219e-03| val metric 0: 0.004683 | best val: 0.002388 at epoch 320 | current lr: 3.946e-04
epoch: [328/500] | loss 0: 0.009344 | loss 1: 0.000000 | current lr: 3.907e-04
| loss 0: 9.344e-03| val metric 0: 0.004109 | best val: 0.002388 at epoch 320 | current lr: 3.907e-04
epoch: [329/500] | loss 0: 0.009679 | loss 1: 0.000000 | current lr: 3.869e-04
| loss 0: 9.679e-03| val metric 0: 0.004650 | best val: 0.002388 at epoch 320 | current lr: 3.869e-04
epoch: [330/500] | loss 0: 0.010294 | loss 1: 0.000000 | current lr: 3.831e-04
| loss 0: 1.029e-02| val metric 0: 0.003223 | best val: 0.002388 at epoch 320 | current lr: 3.831e-04
epoch: [331/500] | loss 0: 0.008455 | loss 1: 0.000000 | current lr: 3.793e-04
| loss 0: 8.455e-03| val metric 0: 0.003763 | best val: 0.002388 at epoch 320 | current lr: 3.793e-04
epoch: [332/500] | loss 0: 0.007395 | loss 1: 0.000000 | current lr: 3.755e-04
| loss 0: 7.395e-03| val metric 0: 0.003572 | best val: 0.002388 at epoch 320 | current lr: 3.755e-04
epoch: [333/500] | loss 0: 0.007830 | loss 1: 0.000000 | current lr: 3.717e-04
| loss 0: 7.830e-03| val metric 0: 0.004144 | best val: 0.002388 at epoch 320 | current lr: 3.717e-04
epoch: [334/500] | loss 0: 0.007084 | loss 1: 0.000000 | current lr: 3.679e-04
| loss 0: 7.084e-03| val metric 0: 0.001796 | best val: 0.001796 at epoch 334 | current lr: 3.679e-04
epoch: [335/500] | loss 0: 0.006159 | loss 1: 0.000000 | current lr: 3.641e-04
| loss 0: 6.159e-03| val metric 0: 0.003249 | best val: 0.001796 at epoch 334 | current lr: 3.641e-04
epoch: [336/500] | loss 0: 0.005817 | loss 1: 0.000000 | current lr: 3.603e-04
| loss 0: 5.817e-03| val metric 0: 0.001858 | best val: 0.001796 at epoch 334 | current lr: 3.603e-04
epoch: [337/500] | loss 0: 0.007056 | loss 1: 0.000000 | current lr: 3.565e-04
| loss 0: 7.056e-03| val metric 0: 0.003786 | best val: 0.001796 at epoch 334 | current lr: 3.565e-04
epoch: [338/500] | loss 0: 0.006999 | loss 1: 0.000000 | current lr: 3.528e-04
| loss 0: 6.999e-03| val metric 0: 0.002696 | best val: 0.001796 at epoch 334 | current lr: 3.528e-04
epoch: [339/500] | loss 0: 0.006854 | loss 1: 0.000000 | current lr: 3.490e-04
| loss 0: 6.854e-03| val metric 0: 0.002153 | best val: 0.001796 at epoch 334 | current lr: 3.490e-04
epoch: [340/500] | loss 0: 0.008228 | loss 1: 0.000000 | current lr: 3.453e-04
| loss 0: 8.228e-03| val metric 0: 0.003885 | best val: 0.001796 at epoch 334 | current lr: 3.453e-04
epoch: [341/500] | loss 0: 0.008563 | loss 1: 0.000000 | current lr: 3.416e-04
| loss 0: 8.563e-03| val metric 0: 0.002644 | best val: 0.001796 at epoch 334 | current lr: 3.416e-04
epoch: [342/500] | loss 0: 0.006776 | loss 1: 0.000000 | current lr: 3.379e-04
| loss 0: 6.776e-03| val metric 0: 0.003338 | best val: 0.001796 at epoch 334 | current lr: 3.379e-04
epoch: [343/500] | loss 0: 0.007851 | loss 1: 0.000000 | current lr: 3.341e-04
| loss 0: 7.851e-03| val metric 0: 0.002862 | best val: 0.001796 at epoch 334 | current lr: 3.341e-04
epoch: [344/500] | loss 0: 0.006566 | loss 1: 0.000000 | current lr: 3.304e-04
| loss 0: 6.566e-03| val metric 0: 0.003218 | best val: 0.001796 at epoch 334 | current lr: 3.304e-04
epoch: [345/500] | loss 0: 0.006551 | loss 1: 0.000000 | current lr: 3.268e-04
| loss 0: 6.551e-03| val metric 0: 0.003947 | best val: 0.001796 at epoch 334 | current lr: 3.268e-04
epoch: [346/500] | loss 0: 0.008279 | loss 1: 0.000000 | current lr: 3.231e-04
| loss 0: 8.279e-03| val metric 0: 0.002612 | best val: 0.001796 at epoch 334 | current lr: 3.231e-04
epoch: [347/500] | loss 0: 0.006395 | loss 1: 0.000000 | current lr: 3.194e-04
| loss 0: 6.395e-03| val metric 0: 0.002637 | best val: 0.001796 at epoch 334 | current lr: 3.194e-04
epoch: [348/500] | loss 0: 0.006367 | loss 1: 0.000000 | current lr: 3.158e-04
| loss 0: 6.367e-03| val metric 0: 0.003043 | best val: 0.001796 at epoch 334 | current lr: 3.158e-04
epoch: [349/500] | loss 0: 0.007521 | loss 1: 0.000000 | current lr: 3.121e-04
| loss 0: 7.521e-03| val metric 0: 0.003251 | best val: 0.001796 at epoch 334 | current lr: 3.121e-04
epoch: [350/500] | loss 0: 0.007242 | loss 1: 0.000000 | current lr: 3.085e-04
| loss 0: 7.242e-03| val metric 0: 0.002401 | best val: 0.001796 at epoch 334 | current lr: 3.085e-04
epoch: [351/500] | loss 0: 0.006890 | loss 1: 0.000000 | current lr: 3.049e-04
| loss 0: 6.890e-03| val metric 0: 0.002828 | best val: 0.001796 at epoch 334 | current lr: 3.049e-04
epoch: [352/500] | loss 0: 0.007676 | loss 1: 0.000000 | current lr: 3.012e-04
| loss 0: 7.676e-03| val metric 0: 0.002796 | best val: 0.001796 at epoch 334 | current lr: 3.012e-04
epoch: [353/500] | loss 0: 0.008321 | loss 1: 0.000000 | current lr: 2.976e-04
| loss 0: 8.321e-03| val metric 0: 0.003746 | best val: 0.001796 at epoch 334 | current lr: 2.976e-04
epoch: [354/500] | loss 0: 0.006627 | loss 1: 0.000000 | current lr: 2.941e-04
| loss 0: 6.627e-03| val metric 0: 0.002517 | best val: 0.001796 at epoch 334 | current lr: 2.941e-04
epoch: [355/500] | loss 0: 0.006289 | loss 1: 0.000000 | current lr: 2.905e-04
| loss 0: 6.289e-03| val metric 0: 0.002989 | best val: 0.001796 at epoch 334 | current lr: 2.905e-04
epoch: [356/500] | loss 0: 0.005973 | loss 1: 0.000000 | current lr: 2.869e-04
| loss 0: 5.973e-03| val metric 0: 0.002378 | best val: 0.001796 at epoch 334 | current lr: 2.869e-04
epoch: [357/500] | loss 0: 0.005775 | loss 1: 0.000000 | current lr: 2.834e-04
| loss 0: 5.775e-03| val metric 0: 0.001582 | best val: 0.001582 at epoch 357 | current lr: 2.834e-04
epoch: [358/500] | loss 0: 0.005335 | loss 1: 0.000000 | current lr: 2.799e-04
| loss 0: 5.335e-03| val metric 0: 0.002346 | best val: 0.001582 at epoch 357 | current lr: 2.799e-04
epoch: [359/500] | loss 0: 0.005104 | loss 1: 0.000000 | current lr: 2.763e-04
| loss 0: 5.104e-03| val metric 0: 0.002195 | best val: 0.001582 at epoch 357 | current lr: 2.763e-04
epoch: [360/500] | loss 0: 0.004808 | loss 1: 0.000000 | current lr: 2.728e-04
| loss 0: 4.808e-03| val metric 0: 0.001883 | best val: 0.001582 at epoch 357 | current lr: 2.728e-04
epoch: [361/500] | loss 0: 0.004124 | loss 1: 0.000000 | current lr: 2.693e-04
| loss 0: 4.124e-03| val metric 0: 0.001766 | best val: 0.001582 at epoch 357 | current lr: 2.693e-04
epoch: [362/500] | loss 0: 0.004003 | loss 1: 0.000000 | current lr: 2.659e-04
| loss 0: 4.003e-03| val metric 0: 0.001176 | best val: 0.001176 at epoch 362 | current lr: 2.659e-04
epoch: [363/500] | loss 0: 0.004013 | loss 1: 0.000000 | current lr: 2.624e-04
| loss 0: 4.013e-03| val metric 0: 0.001777 | best val: 0.001176 at epoch 362 | current lr: 2.624e-04
epoch: [364/500] | loss 0: 0.004711 | loss 1: 0.000000 | current lr: 2.590e-04
| loss 0: 4.711e-03| val metric 0: 0.001576 | best val: 0.001176 at epoch 362 | current lr: 2.590e-04
epoch: [365/500] | loss 0: 0.005854 | loss 1: 0.000000 | current lr: 2.555e-04
| loss 0: 5.854e-03| val metric 0: 0.002105 | best val: 0.001176 at epoch 362 | current lr: 2.555e-04
epoch: [366/500] | loss 0: 0.005285 | loss 1: 0.000000 | current lr: 2.521e-04
| loss 0: 5.285e-03| val metric 0: 0.001899 | best val: 0.001176 at epoch 362 | current lr: 2.521e-04
epoch: [367/500] | loss 0: 0.005510 | loss 1: 0.000000 | current lr: 2.487e-04
| loss 0: 5.510e-03| val metric 0: 0.001599 | best val: 0.001176 at epoch 362 | current lr: 2.487e-04
epoch: [368/500] | loss 0: 0.003579 | loss 1: 0.000000 | current lr: 2.453e-04
| loss 0: 3.579e-03| val metric 0: 0.001637 | best val: 0.001176 at epoch 362 | current lr: 2.453e-04
epoch: [369/500] | loss 0: 0.003277 | loss 1: 0.000000 | current lr: 2.419e-04
| loss 0: 3.277e-03| val metric 0: 0.001529 | best val: 0.001176 at epoch 362 | current lr: 2.419e-04
epoch: [370/500] | loss 0: 0.003444 | loss 1: 0.000000 | current lr: 2.386e-04
| loss 0: 3.444e-03| val metric 0: 0.001483 | best val: 0.001176 at epoch 362 | current lr: 2.386e-04
epoch: [371/500] | loss 0: 0.004206 | loss 1: 0.000000 | current lr: 2.352e-04
| loss 0: 4.206e-03| val metric 0: 0.002595 | best val: 0.001176 at epoch 362 | current lr: 2.352e-04
epoch: [372/500] | loss 0: 0.005374 | loss 1: 0.000000 | current lr: 2.319e-04
| loss 0: 5.374e-03| val metric 0: 0.002281 | best val: 0.001176 at epoch 362 | current lr: 2.319e-04
epoch: [373/500] | loss 0: 0.005180 | loss 1: 0.000000 | current lr: 2.286e-04
| loss 0: 5.180e-03| val metric 0: 0.001807 | best val: 0.001176 at epoch 362 | current lr: 2.286e-04
epoch: [374/500] | loss 0: 0.005047 | loss 1: 0.000000 | current lr: 2.253e-04
| loss 0: 5.047e-03| val metric 0: 0.001535 | best val: 0.001176 at epoch 362 | current lr: 2.253e-04
epoch: [375/500] | loss 0: 0.004742 | loss 1: 0.000000 | current lr: 2.221e-04
| loss 0: 4.742e-03| val metric 0: 0.001634 | best val: 0.001176 at epoch 362 | current lr: 2.221e-04
epoch: [376/500] | loss 0: 0.004818 | loss 1: 0.000000 | current lr: 2.188e-04
| loss 0: 4.818e-03| val metric 0: 0.001841 | best val: 0.001176 at epoch 362 | current lr: 2.188e-04
epoch: [377/500] | loss 0: 0.005019 | loss 1: 0.000000 | current lr: 2.156e-04
| loss 0: 5.019e-03| val metric 0: 0.002221 | best val: 0.001176 at epoch 362 | current lr: 2.156e-04
epoch: [378/500] | loss 0: 0.004389 | loss 1: 0.000000 | current lr: 2.123e-04
| loss 0: 4.389e-03| val metric 0: 0.001424 | best val: 0.001176 at epoch 362 | current lr: 2.123e-04
epoch: [379/500] | loss 0: 0.004440 | loss 1: 0.000000 | current lr: 2.091e-04
| loss 0: 4.440e-03| val metric 0: 0.002635 | best val: 0.001176 at epoch 362 | current lr: 2.091e-04
epoch: [380/500] | loss 0: 0.004201 | loss 1: 0.000000 | current lr: 2.059e-04
| loss 0: 4.201e-03| val metric 0: 0.001182 | best val: 0.001176 at epoch 362 | current lr: 2.059e-04
epoch: [381/500] | loss 0: 0.003849 | loss 1: 0.000000 | current lr: 2.028e-04
| loss 0: 3.849e-03| val metric 0: 0.001394 | best val: 0.001176 at epoch 362 | current lr: 2.028e-04
epoch: [382/500] | loss 0: 0.003245 | loss 1: 0.000000 | current lr: 1.996e-04
| loss 0: 3.245e-03| val metric 0: 0.001172 | best val: 0.001172 at epoch 382 | current lr: 1.996e-04
epoch: [383/500] | loss 0: 0.003755 | loss 1: 0.000000 | current lr: 1.965e-04
| loss 0: 3.755e-03| val metric 0: 0.001220 | best val: 0.001172 at epoch 382 | current lr: 1.965e-04
epoch: [384/500] | loss 0: 0.004352 | loss 1: 0.000000 | current lr: 1.934e-04
| loss 0: 4.352e-03| val metric 0: 0.002016 | best val: 0.001172 at epoch 382 | current lr: 1.934e-04
epoch: [385/500] | loss 0: 0.004475 | loss 1: 0.000000 | current lr: 1.903e-04
| loss 0: 4.475e-03| val metric 0: 0.002086 | best val: 0.001172 at epoch 382 | current lr: 1.903e-04
epoch: [386/500] | loss 0: 0.004462 | loss 1: 0.000000 | current lr: 1.872e-04
| loss 0: 4.462e-03| val metric 0: 0.001605 | best val: 0.001172 at epoch 382 | current lr: 1.872e-04
epoch: [387/500] | loss 0: 0.003699 | loss 1: 0.000000 | current lr: 1.842e-04
| loss 0: 3.699e-03| val metric 0: 0.001549 | best val: 0.001172 at epoch 382 | current lr: 1.842e-04
epoch: [388/500] | loss 0: 0.003652 | loss 1: 0.000000 | current lr: 1.811e-04
| loss 0: 3.652e-03| val metric 0: 0.001528 | best val: 0.001172 at epoch 382 | current lr: 1.811e-04
epoch: [389/500] | loss 0: 0.003420 | loss 1: 0.000000 | current lr: 1.781e-04
| loss 0: 3.420e-03| val metric 0: 0.001192 | best val: 0.001172 at epoch 382 | current lr: 1.781e-04
epoch: [390/500] | loss 0: 0.003126 | loss 1: 0.000000 | current lr: 1.751e-04
| loss 0: 3.126e-03| val metric 0: 0.001654 | best val: 0.001172 at epoch 382 | current lr: 1.751e-04
epoch: [391/500] | loss 0: 0.003787 | loss 1: 0.000000 | current lr: 1.722e-04
| loss 0: 3.787e-03| val metric 0: 0.001616 | best val: 0.001172 at epoch 382 | current lr: 1.722e-04
epoch: [392/500] | loss 0: 0.002740 | loss 1: 0.000000 | current lr: 1.692e-04
| loss 0: 2.740e-03| val metric 0: 0.001263 | best val: 0.001172 at epoch 382 | current lr: 1.692e-04
epoch: [393/500] | loss 0: 0.002602 | loss 1: 0.000000 | current lr: 1.663e-04
| loss 0: 2.602e-03| val metric 0: 0.000868 | best val: 0.000868 at epoch 393 | current lr: 1.663e-04
epoch: [394/500] | loss 0: 0.002693 | loss 1: 0.000000 | current lr: 1.633e-04
| loss 0: 2.693e-03| val metric 0: 0.001081 | best val: 0.000868 at epoch 393 | current lr: 1.633e-04
epoch: [395/500] | loss 0: 0.002606 | loss 1: 0.000000 | current lr: 1.605e-04
| loss 0: 2.606e-03| val metric 0: 0.000977 | best val: 0.000868 at epoch 393 | current lr: 1.605e-04
epoch: [396/500] | loss 0: 0.002897 | loss 1: 0.000000 | current lr: 1.576e-04
| loss 0: 2.897e-03| val metric 0: 0.001516 | best val: 0.000868 at epoch 393 | current lr: 1.576e-04
epoch: [397/500] | loss 0: 0.004203 | loss 1: 0.000000 | current lr: 1.547e-04
| loss 0: 4.203e-03| val metric 0: 0.001242 | best val: 0.000868 at epoch 393 | current lr: 1.547e-04
epoch: [398/500] | loss 0: 0.003492 | loss 1: 0.000000 | current lr: 1.519e-04
| loss 0: 3.492e-03| val metric 0: 0.001209 | best val: 0.000868 at epoch 393 | current lr: 1.519e-04
epoch: [399/500] | loss 0: 0.002730 | loss 1: 0.000000 | current lr: 1.491e-04
| loss 0: 2.730e-03| val metric 0: 0.001058 | best val: 0.000868 at epoch 393 | current lr: 1.491e-04
epoch: [400/500] | loss 0: 0.002803 | loss 1: 0.000000 | current lr: 1.463e-04
| loss 0: 2.803e-03| val metric 0: 0.001130 | best val: 0.000868 at epoch 393 | current lr: 1.463e-04
epoch: [401/500] | loss 0: 0.003238 | loss 1: 0.000000 | current lr: 1.435e-04
| loss 0: 3.238e-03| val metric 0: 0.001669 | best val: 0.000868 at epoch 393 | current lr: 1.435e-04
epoch: [402/500] | loss 0: 0.003440 | loss 1: 0.000000 | current lr: 1.408e-04
| loss 0: 3.440e-03| val metric 0: 0.001400 | best val: 0.000868 at epoch 393 | current lr: 1.408e-04
epoch: [403/500] | loss 0: 0.003145 | loss 1: 0.000000 | current lr: 1.381e-04
| loss 0: 3.145e-03| val metric 0: 0.001000 | best val: 0.000868 at epoch 393 | current lr: 1.381e-04
epoch: [404/500] | loss 0: 0.002797 | loss 1: 0.000000 | current lr: 1.354e-04
| loss 0: 2.797e-03| val metric 0: 0.000967 | best val: 0.000868 at epoch 393 | current lr: 1.354e-04
epoch: [405/500] | loss 0: 0.002706 | loss 1: 0.000000 | current lr: 1.327e-04
| loss 0: 2.706e-03| val metric 0: 0.000913 | best val: 0.000868 at epoch 393 | current lr: 1.327e-04
epoch: [406/500] | loss 0: 0.002254 | loss 1: 0.000000 | current lr: 1.301e-04
| loss 0: 2.254e-03| val metric 0: 0.000804 | best val: 0.000804 at epoch 406 | current lr: 1.301e-04
epoch: [407/500] | loss 0: 0.001952 | loss 1: 0.000000 | current lr: 1.274e-04
| loss 0: 1.952e-03| val metric 0: 0.000842 | best val: 0.000804 at epoch 406 | current lr: 1.274e-04
epoch: [408/500] | loss 0: 0.001990 | loss 1: 0.000000 | current lr: 1.248e-04
| loss 0: 1.990e-03| val metric 0: 0.000808 | best val: 0.000804 at epoch 406 | current lr: 1.248e-04
epoch: [409/500] | loss 0: 0.002185 | loss 1: 0.000000 | current lr: 1.222e-04
| loss 0: 2.185e-03| val metric 0: 0.001211 | best val: 0.000804 at epoch 406 | current lr: 1.222e-04
epoch: [410/500] | loss 0: 0.002201 | loss 1: 0.000000 | current lr: 1.197e-04
| loss 0: 2.201e-03| val metric 0: 0.000697 | best val: 0.000697 at epoch 410 | current lr: 1.197e-04
epoch: [411/500] | loss 0: 0.001906 | loss 1: 0.000000 | current lr: 1.171e-04
| loss 0: 1.906e-03| val metric 0: 0.000757 | best val: 0.000697 at epoch 410 | current lr: 1.171e-04
epoch: [412/500] | loss 0: 0.002122 | loss 1: 0.000000 | current lr: 1.146e-04
| loss 0: 2.122e-03| val metric 0: 0.001008 | best val: 0.000697 at epoch 410 | current lr: 1.146e-04
epoch: [413/500] | loss 0: 0.002488 | loss 1: 0.000000 | current lr: 1.121e-04
| loss 0: 2.488e-03| val metric 0: 0.001320 | best val: 0.000697 at epoch 410 | current lr: 1.121e-04
epoch: [414/500] | loss 0: 0.002900 | loss 1: 0.000000 | current lr: 1.097e-04
| loss 0: 2.900e-03| val metric 0: 0.000944 | best val: 0.000697 at epoch 410 | current lr: 1.097e-04
epoch: [415/500] | loss 0: 0.002240 | loss 1: 0.000000 | current lr: 1.072e-04
| loss 0: 2.240e-03| val metric 0: 0.000937 | best val: 0.000697 at epoch 410 | current lr: 1.072e-04
epoch: [416/500] | loss 0: 0.002314 | loss 1: 0.000000 | current lr: 1.048e-04
| loss 0: 2.314e-03| val metric 0: 0.000857 | best val: 0.000697 at epoch 410 | current lr: 1.048e-04
epoch: [417/500] | loss 0: 0.002182 | loss 1: 0.000000 | current lr: 1.024e-04
| loss 0: 2.182e-03| val metric 0: 0.000723 | best val: 0.000697 at epoch 410 | current lr: 1.024e-04
epoch: [418/500] | loss 0: 0.001742 | loss 1: 0.000000 | current lr: 1.000e-04
| loss 0: 1.742e-03| val metric 0: 0.000659 | best val: 0.000659 at epoch 418 | current lr: 1.000e-04
epoch: [419/500] | loss 0: 0.001704 | loss 1: 0.000000 | current lr: 9.770e-05
| loss 0: 1.704e-03| val metric 0: 0.000681 | best val: 0.000659 at epoch 418 | current lr: 9.770e-05
epoch: [420/500] | loss 0: 0.001591 | loss 1: 0.000000 | current lr: 9.538e-05
| loss 0: 1.591e-03| val metric 0: 0.000662 | best val: 0.000659 at epoch 418 | current lr: 9.538e-05
epoch: [421/500] | loss 0: 0.001601 | loss 1: 0.000000 | current lr: 9.308e-05
| loss 0: 1.601e-03| val metric 0: 0.000615 | best val: 0.000615 at epoch 421 | current lr: 9.308e-05
epoch: [422/500] | loss 0: 0.001556 | loss 1: 0.000000 | current lr: 9.081e-05
| loss 0: 1.556e-03| val metric 0: 0.000608 | best val: 0.000608 at epoch 422 | current lr: 9.081e-05
epoch: [423/500] | loss 0: 0.001529 | loss 1: 0.000000 | current lr: 8.857e-05
| loss 0: 1.529e-03| val metric 0: 0.000626 | best val: 0.000608 at epoch 422 | current lr: 8.857e-05
epoch: [424/500] | loss 0: 0.001526 | loss 1: 0.000000 | current lr: 8.635e-05
| loss 0: 1.526e-03| val metric 0: 0.000609 | best val: 0.000608 at epoch 422 | current lr: 8.635e-05
epoch: [425/500] | loss 0: 0.001499 | loss 1: 0.000000 | current lr: 8.416e-05
| loss 0: 1.499e-03| val metric 0: 0.000627 | best val: 0.000608 at epoch 422 | current lr: 8.416e-05
epoch: [426/500] | loss 0: 0.001492 | loss 1: 0.000000 | current lr: 8.199e-05
| loss 0: 1.492e-03| val metric 0: 0.000607 | best val: 0.000607 at epoch 426 | current lr: 8.199e-05
epoch: [427/500] | loss 0: 0.001488 | loss 1: 0.000000 | current lr: 7.985e-05
| loss 0: 1.488e-03| val metric 0: 0.000595 | best val: 0.000595 at epoch 427 | current lr: 7.985e-05
epoch: [428/500] | loss 0: 0.001495 | loss 1: 0.000000 | current lr: 7.773e-05
| loss 0: 1.495e-03| val metric 0: 0.000611 | best val: 0.000595 at epoch 427 | current lr: 7.773e-05
epoch: [429/500] | loss 0: 0.001544 | loss 1: 0.000000 | current lr: 7.564e-05
| loss 0: 1.544e-03| val metric 0: 0.000622 | best val: 0.000595 at epoch 427 | current lr: 7.564e-05
epoch: [430/500] | loss 0: 0.001544 | loss 1: 0.000000 | current lr: 7.358e-05
| loss 0: 1.544e-03| val metric 0: 0.000607 | best val: 0.000595 at epoch 427 | current lr: 7.358e-05
epoch: [431/500] | loss 0: 0.001482 | loss 1: 0.000000 | current lr: 7.154e-05
| loss 0: 1.482e-03| val metric 0: 0.000596 | best val: 0.000595 at epoch 427 | current lr: 7.154e-05
epoch: [432/500] | loss 0: 0.001459 | loss 1: 0.000000 | current lr: 6.953e-05
| loss 0: 1.459e-03| val metric 0: 0.000600 | best val: 0.000595 at epoch 427 | current lr: 6.953e-05
epoch: [433/500] | loss 0: 0.001471 | loss 1: 0.000000 | current lr: 6.754e-05
| loss 0: 1.471e-03| val metric 0: 0.000603 | best val: 0.000595 at epoch 427 | current lr: 6.754e-05
epoch: [434/500] | loss 0: 0.001446 | loss 1: 0.000000 | current lr: 6.559e-05
| loss 0: 1.446e-03| val metric 0: 0.000586 | best val: 0.000586 at epoch 434 | current lr: 6.559e-05
epoch: [435/500] | loss 0: 0.001424 | loss 1: 0.000000 | current lr: 6.366e-05
| loss 0: 1.424e-03| val metric 0: 0.000583 | best val: 0.000583 at epoch 435 | current lr: 6.366e-05
epoch: [436/500] | loss 0: 0.001417 | loss 1: 0.000000 | current lr: 6.175e-05
| loss 0: 1.417e-03| val metric 0: 0.000575 | best val: 0.000575 at epoch 436 | current lr: 6.175e-05
epoch: [437/500] | loss 0: 0.001398 | loss 1: 0.000000 | current lr: 5.988e-05
| loss 0: 1.398e-03| val metric 0: 0.000570 | best val: 0.000570 at epoch 437 | current lr: 5.988e-05
epoch: [438/500] | loss 0: 0.001390 | loss 1: 0.000000 | current lr: 5.803e-05
| loss 0: 1.390e-03| val metric 0: 0.000566 | best val: 0.000566 at epoch 438 | current lr: 5.803e-05
epoch: [439/500] | loss 0: 0.001381 | loss 1: 0.000000 | current lr: 5.620e-05
| loss 0: 1.381e-03| val metric 0: 0.000562 | best val: 0.000562 at epoch 439 | current lr: 5.620e-05
epoch: [440/500] | loss 0: 0.001373 | loss 1: 0.000000 | current lr: 5.441e-05
| loss 0: 1.373e-03| val metric 0: 0.000558 | best val: 0.000558 at epoch 440 | current lr: 5.441e-05
epoch: [441/500] | loss 0: 0.001366 | loss 1: 0.000000 | current lr: 5.264e-05
| loss 0: 1.366e-03| val metric 0: 0.000553 | best val: 0.000553 at epoch 441 | current lr: 5.264e-05
epoch: [442/500] | loss 0: 0.001359 | loss 1: 0.000000 | current lr: 5.090e-05
| loss 0: 1.359e-03| val metric 0: 0.000551 | best val: 0.000551 at epoch 442 | current lr: 5.090e-05
epoch: [443/500] | loss 0: 0.001354 | loss 1: 0.000000 | current lr: 4.919e-05
| loss 0: 1.354e-03| val metric 0: 0.000549 | best val: 0.000549 at epoch 443 | current lr: 4.919e-05
epoch: [444/500] | loss 0: 0.001351 | loss 1: 0.000000 | current lr: 4.750e-05
| loss 0: 1.351e-03| val metric 0: 0.000548 | best val: 0.000548 at epoch 444 | current lr: 4.750e-05
epoch: [445/500] | loss 0: 0.001349 | loss 1: 0.000000 | current lr: 4.585e-05
| loss 0: 1.349e-03| val metric 0: 0.000548 | best val: 0.000548 at epoch 445 | current lr: 4.585e-05
epoch: [446/500] | loss 0: 0.001350 | loss 1: 0.000000 | current lr: 4.422e-05
| loss 0: 1.350e-03| val metric 0: 0.000548 | best val: 0.000548 at epoch 445 | current lr: 4.422e-05
epoch: [447/500] | loss 0: 0.001351 | loss 1: 0.000000 | current lr: 4.262e-05
| loss 0: 1.351e-03| val metric 0: 0.000547 | best val: 0.000547 at epoch 447 | current lr: 4.262e-05
epoch: [448/500] | loss 0: 0.001348 | loss 1: 0.000000 | current lr: 4.104e-05
| loss 0: 1.348e-03| val metric 0: 0.000545 | best val: 0.000545 at epoch 448 | current lr: 4.104e-05
epoch: [449/500] | loss 0: 0.001341 | loss 1: 0.000000 | current lr: 3.950e-05
| loss 0: 1.341e-03| val metric 0: 0.000544 | best val: 0.000544 at epoch 449 | current lr: 3.950e-05
epoch: [450/500] | loss 0: 0.001335 | loss 1: 0.000000 | current lr: 3.799e-05
| loss 0: 1.335e-03| val metric 0: 0.000542 | best val: 0.000542 at epoch 450 | current lr: 3.799e-05
epoch: [451/500] | loss 0: 0.001331 | loss 1: 0.000000 | current lr: 3.650e-05
| loss 0: 1.331e-03| val metric 0: 0.000542 | best val: 0.000542 at epoch 451 | current lr: 3.650e-05
epoch: [452/500] | loss 0: 0.001326 | loss 1: 0.000000 | current lr: 3.504e-05
| loss 0: 1.326e-03| val metric 0: 0.000543 | best val: 0.000542 at epoch 451 | current lr: 3.504e-05
epoch: [453/500] | loss 0: 0.001322 | loss 1: 0.000000 | current lr: 3.361e-05
| loss 0: 1.322e-03| val metric 0: 0.000542 | best val: 0.000542 at epoch 451 | current lr: 3.361e-05
epoch: [454/500] | loss 0: 0.001315 | loss 1: 0.000000 | current lr: 3.221e-05
| loss 0: 1.315e-03| val metric 0: 0.000536 | best val: 0.000536 at epoch 454 | current lr: 3.221e-05
epoch: [455/500] | loss 0: 0.001309 | loss 1: 0.000000 | current lr: 3.084e-05
| loss 0: 1.309e-03| val metric 0: 0.000533 | best val: 0.000533 at epoch 455 | current lr: 3.084e-05
epoch: [456/500] | loss 0: 0.001306 | loss 1: 0.000000 | current lr: 2.949e-05
| loss 0: 1.306e-03| val metric 0: 0.000533 | best val: 0.000533 at epoch 456 | current lr: 2.949e-05
epoch: [457/500] | loss 0: 0.001303 | loss 1: 0.000000 | current lr: 2.818e-05
| loss 0: 1.303e-03| val metric 0: 0.000532 | best val: 0.000532 at epoch 457 | current lr: 2.818e-05
epoch: [458/500] | loss 0: 0.001301 | loss 1: 0.000000 | current lr: 2.689e-05
| loss 0: 1.301e-03| val metric 0: 0.000531 | best val: 0.000531 at epoch 458 | current lr: 2.689e-05
epoch: [459/500] | loss 0: 0.001299 | loss 1: 0.000000 | current lr: 2.564e-05
| loss 0: 1.299e-03| val metric 0: 0.000531 | best val: 0.000531 at epoch 459 | current lr: 2.564e-05
epoch: [460/500] | loss 0: 0.001297 | loss 1: 0.000000 | current lr: 2.441e-05
| loss 0: 1.297e-03| val metric 0: 0.000530 | best val: 0.000530 at epoch 460 | current lr: 2.441e-05
epoch: [461/500] | loss 0: 0.001295 | loss 1: 0.000000 | current lr: 2.321e-05
| loss 0: 1.295e-03| val metric 0: 0.000527 | best val: 0.000527 at epoch 461 | current lr: 2.321e-05
epoch: [462/500] | loss 0: 0.001292 | loss 1: 0.000000 | current lr: 2.205e-05
| loss 0: 1.292e-03| val metric 0: 0.000527 | best val: 0.000527 at epoch 462 | current lr: 2.205e-05
epoch: [463/500] | loss 0: 0.001289 | loss 1: 0.000000 | current lr: 2.091e-05
| loss 0: 1.289e-03| val metric 0: 0.000526 | best val: 0.000526 at epoch 463 | current lr: 2.091e-05
epoch: [464/500] | loss 0: 0.001288 | loss 1: 0.000000 | current lr: 1.980e-05
| loss 0: 1.288e-03| val metric 0: 0.000524 | best val: 0.000524 at epoch 464 | current lr: 1.980e-05
epoch: [465/500] | loss 0: 0.001285 | loss 1: 0.000000 | current lr: 1.872e-05
| loss 0: 1.285e-03| val metric 0: 0.000524 | best val: 0.000524 at epoch 465 | current lr: 1.872e-05
epoch: [466/500] | loss 0: 0.001284 | loss 1: 0.000000 | current lr: 1.767e-05
| loss 0: 1.284e-03| val metric 0: 0.000525 | best val: 0.000524 at epoch 465 | current lr: 1.767e-05
epoch: [467/500] | loss 0: 0.001283 | loss 1: 0.000000 | current lr: 1.665e-05
| loss 0: 1.283e-03| val metric 0: 0.000524 | best val: 0.000524 at epoch 467 | current lr: 1.665e-05
epoch: [468/500] | loss 0: 0.001280 | loss 1: 0.000000 | current lr: 1.566e-05
| loss 0: 1.280e-03| val metric 0: 0.000522 | best val: 0.000522 at epoch 468 | current lr: 1.566e-05
epoch: [469/500] | loss 0: 0.001277 | loss 1: 0.000000 | current lr: 1.470e-05
| loss 0: 1.277e-03| val metric 0: 0.000520 | best val: 0.000520 at epoch 469 | current lr: 1.470e-05
epoch: [470/500] | loss 0: 0.001277 | loss 1: 0.000000 | current lr: 1.377e-05
| loss 0: 1.277e-03| val metric 0: 0.000519 | best val: 0.000519 at epoch 470 | current lr: 1.377e-05
epoch: [471/500] | loss 0: 0.001278 | loss 1: 0.000000 | current lr: 1.287e-05
| loss 0: 1.278e-03| val metric 0: 0.000519 | best val: 0.000519 at epoch 471 | current lr: 1.287e-05
epoch: [472/500] | loss 0: 0.001275 | loss 1: 0.000000 | current lr: 1.200e-05
| loss 0: 1.275e-03| val metric 0: 0.000519 | best val: 0.000519 at epoch 472 | current lr: 1.200e-05
epoch: [473/500] | loss 0: 0.001271 | loss 1: 0.000000 | current lr: 1.116e-05
| loss 0: 1.271e-03| val metric 0: 0.000517 | best val: 0.000517 at epoch 473 | current lr: 1.116e-05
epoch: [474/500] | loss 0: 0.001269 | loss 1: 0.000000 | current lr: 1.035e-05
| loss 0: 1.269e-03| val metric 0: 0.000516 | best val: 0.000516 at epoch 474 | current lr: 1.035e-05
epoch: [475/500] | loss 0: 0.001268 | loss 1: 0.000000 | current lr: 9.569e-06
| loss 0: 1.268e-03| val metric 0: 0.000516 | best val: 0.000516 at epoch 475 | current lr: 9.569e-06
epoch: [476/500] | loss 0: 0.001267 | loss 1: 0.000000 | current lr: 8.820e-06
| loss 0: 1.267e-03| val metric 0: 0.000516 | best val: 0.000516 at epoch 476 | current lr: 8.820e-06
epoch: [477/500] | loss 0: 0.001267 | loss 1: 0.000000 | current lr: 8.100e-06
| loss 0: 1.267e-03| val metric 0: 0.000515 | best val: 0.000515 at epoch 477 | current lr: 8.100e-06
epoch: [478/500] | loss 0: 0.001267 | loss 1: 0.000000 | current lr: 7.412e-06
| loss 0: 1.267e-03| val metric 0: 0.000515 | best val: 0.000515 at epoch 478 | current lr: 7.412e-06
epoch: [479/500] | loss 0: 0.001268 | loss 1: 0.000000 | current lr: 6.753e-06
| loss 0: 1.268e-03| val metric 0: 0.000516 | best val: 0.000515 at epoch 478 | current lr: 6.753e-06
epoch: [480/500] | loss 0: 0.001267 | loss 1: 0.000000 | current lr: 6.125e-06
| loss 0: 1.267e-03| val metric 0: 0.000517 | best val: 0.000515 at epoch 478 | current lr: 6.125e-06
epoch: [481/500] | loss 0: 0.001267 | loss 1: 0.000000 | current lr: 5.528e-06
| loss 0: 1.267e-03| val metric 0: 0.000517 | best val: 0.000515 at epoch 478 | current lr: 5.528e-06
epoch: [482/500] | loss 0: 0.001266 | loss 1: 0.000000 | current lr: 4.961e-06
| loss 0: 1.266e-03| val metric 0: 0.000518 | best val: 0.000515 at epoch 478 | current lr: 4.961e-06
epoch: [483/500] | loss 0: 0.001265 | loss 1: 0.000000 | current lr: 4.424e-06
| loss 0: 1.265e-03| val metric 0: 0.000516 | best val: 0.000515 at epoch 478 | current lr: 4.424e-06
epoch: [484/500] | loss 0: 0.001262 | loss 1: 0.000000 | current lr: 3.918e-06
| loss 0: 1.262e-03| val metric 0: 0.000514 | best val: 0.000514 at epoch 484 | current lr: 3.918e-06
epoch: [485/500] | loss 0: 0.001260 | loss 1: 0.000000 | current lr: 3.443e-06
| loss 0: 1.260e-03| val metric 0: 0.000514 | best val: 0.000514 at epoch 484 | current lr: 3.443e-06
epoch: [486/500] | loss 0: 0.001260 | loss 1: 0.000000 | current lr: 2.998e-06
| loss 0: 1.260e-03| val metric 0: 0.000514 | best val: 0.000514 at epoch 486 | current lr: 2.998e-06
epoch: [487/500] | loss 0: 0.001259 | loss 1: 0.000000 | current lr: 2.584e-06
| loss 0: 1.259e-03| val metric 0: 0.000514 | best val: 0.000514 at epoch 486 | current lr: 2.584e-06
epoch: [488/500] | loss 0: 0.001259 | loss 1: 0.000000 | current lr: 2.201e-06
| loss 0: 1.259e-03| val metric 0: 0.000514 | best val: 0.000514 at epoch 486 | current lr: 2.201e-06
epoch: [489/500] | loss 0: 0.001259 | loss 1: 0.000000 | current lr: 1.848e-06
| loss 0: 1.259e-03| val metric 0: 0.000514 | best val: 0.000514 at epoch 486 | current lr: 1.848e-06
epoch: [490/500] | loss 0: 0.001259 | loss 1: 0.000000 | current lr: 1.526e-06
| loss 0: 1.259e-03| val metric 0: 0.000513 | best val: 0.000513 at epoch 490 | current lr: 1.526e-06
epoch: [491/500] | loss 0: 0.001260 | loss 1: 0.000000 | current lr: 1.235e-06
| loss 0: 1.260e-03| val metric 0: 0.000513 | best val: 0.000513 at epoch 491 | current lr: 1.235e-06
epoch: [492/500] | loss 0: 0.001259 | loss 1: 0.000000 | current lr: 9.744e-07
| loss 0: 1.259e-03| val metric 0: 0.000513 | best val: 0.000513 at epoch 492 | current lr: 9.744e-07
epoch: [493/500] | loss 0: 0.001258 | loss 1: 0.000000 | current lr: 7.447e-07
| loss 0: 1.258e-03| val metric 0: 0.000512 | best val: 0.000512 at epoch 493 | current lr: 7.447e-07
epoch: [494/500] | loss 0: 0.001257 | loss 1: 0.000000 | current lr: 5.459e-07
| loss 0: 1.257e-03| val metric 0: 0.000512 | best val: 0.000512 at epoch 494 | current lr: 5.459e-07
epoch: [495/500] | loss 0: 0.001257 | loss 1: 0.000000 | current lr: 3.778e-07
| loss 0: 1.257e-03| val metric 0: 0.000512 | best val: 0.000512 at epoch 494 | current lr: 3.778e-07
epoch: [496/500] | loss 0: 0.001257 | loss 1: 0.000000 | current lr: 2.406e-07
| loss 0: 1.257e-03| val metric 0: 0.000512 | best val: 0.000512 at epoch 496 | current lr: 2.406e-07
epoch: [497/500] | loss 0: 0.001257 | loss 1: 0.000000 | current lr: 1.342e-07
| loss 0: 1.257e-03| val metric 0: 0.000512 | best val: 0.000512 at epoch 496 | current lr: 1.342e-07
epoch: [498/500] | loss 0: 0.001257 | loss 1: 0.000000 | current lr: 5.865e-08
| loss 0: 1.257e-03| val metric 0: 0.000512 | best val: 0.000512 at epoch 496 | current lr: 5.865e-08
epoch: [499/500] | loss 0: 0.001257 | loss 1: 0.000000 | current lr: 1.393e-08
| loss 0: 1.257e-03| val metric 0: 0.000512 | best val: 0.000512 at epoch 499 | current lr: 1.393e-08
epoch: [500/500] | loss 0: 0.001257 | loss 1: 0.000000 | current lr: 4.855e-11
| loss 0: 1.257e-03| val metric 0: 0.000512 | best val: 0.000512 at epoch 499 | current lr: 4.855e-11
Training takes 4905.221987724304 seconds.
