Load dataset finished 0.11266374588012695
Training with 1000 samples
Target features are normalized using unit transformer
tensor([[0.7733]]) tensor([[0.3227]])
Target features are normalized using unit transformer
Input features are normalized using unit transformer
Load dataset finished 0.017613649368286133
Testing with 200 samples
Target features are normalized using unit transformer
Input features are normalized using unit transformer
3


The following code snippets have been run.
==================================================

    os.environ['PYTHONHASHSEED'] = str(2023)
    numpy.random.seed(2023)
    torch.manual_seed(2023)
    torch.cuda.manual_seed(2023)
    torch.backends.cudnn.deterministic = True
    torch.backends.cudnn.benchmark = False
    if torch.cuda.is_available():
        torch.cuda.manual_seed_all(2023)
    
==================================================
Using Linear Attention
Using Linear Attention
Using Linear Attention

Model: MIOEGPT	 Number of params: 36660
Saving model and result in ./../models/checkpoints/diffr3d_all_MIOEGPTrel2_0917_01_30_53.pt

Using cycle learning rate schedule
epoch: [1/500] | loss 0: 1.234611 | loss 1: 0.000000 | current lr: 3.469e-07
| loss 0: 1.235e+00| val metric 0: 0.453648 | best val: 0.453648 at epoch 1 | current lr: 3.469e-07
epoch: [2/500] | loss 0: 1.231979 | loss 1: 0.000000 | current lr: 1.088e-06
| loss 0: 1.232e+00| val metric 0: 0.452245 | best val: 0.452245 at epoch 2 | current lr: 1.088e-06
epoch: [3/500] | loss 0: 1.224287 | loss 1: 0.000000 | current lr: 2.321e-06
| loss 0: 1.224e+00| val metric 0: 0.448848 | best val: 0.448848 at epoch 3 | current lr: 2.321e-06
epoch: [4/500] | loss 0: 1.208440 | loss 1: 0.000000 | current lr: 4.046e-06
| loss 0: 1.208e+00| val metric 0: 0.442675 | best val: 0.442675 at epoch 4 | current lr: 4.046e-06
epoch: [5/500] | loss 0: 1.181811 | loss 1: 0.000000 | current lr: 6.261e-06
| loss 0: 1.182e+00| val metric 0: 0.433073 | best val: 0.433073 at epoch 5 | current lr: 6.261e-06
epoch: [6/500] | loss 0: 1.141448 | loss 1: 0.000000 | current lr: 8.964e-06
| loss 0: 1.141e+00| val metric 0: 0.419047 | best val: 0.419047 at epoch 6 | current lr: 8.964e-06
epoch: [7/500] | loss 0: 1.082520 | loss 1: 0.000000 | current lr: 1.215e-05
| loss 0: 1.083e+00| val metric 0: 0.399209 | best val: 0.399209 at epoch 7 | current lr: 1.215e-05
epoch: [8/500] | loss 0: 1.002569 | loss 1: 0.000000 | current lr: 1.582e-05
| loss 0: 1.003e+00| val metric 0: 0.375648 | best val: 0.375648 at epoch 8 | current lr: 1.582e-05
epoch: [9/500] | loss 0: 0.911761 | loss 1: 0.000000 | current lr: 1.997e-05
| loss 0: 9.118e-01| val metric 0: 0.352435 | best val: 0.352435 at epoch 9 | current lr: 1.997e-05
epoch: [10/500] | loss 0: 0.817877 | loss 1: 0.000000 | current lr: 2.459e-05
| loss 0: 8.179e-01| val metric 0: 0.321376 | best val: 0.321376 at epoch 10 | current lr: 2.459e-05
epoch: [11/500] | loss 0: 0.705556 | loss 1: 0.000000 | current lr: 2.969e-05
| loss 0: 7.056e-01| val metric 0: 0.268493 | best val: 0.268493 at epoch 11 | current lr: 2.969e-05
epoch: [12/500] | loss 0: 0.562142 | loss 1: 0.000000 | current lr: 3.524e-05
| loss 0: 5.621e-01| val metric 0: 0.209474 | best val: 0.209474 at epoch 12 | current lr: 3.524e-05
epoch: [13/500] | loss 0: 0.445721 | loss 1: 0.000000 | current lr: 4.126e-05
| loss 0: 4.457e-01| val metric 0: 0.167113 | best val: 0.167113 at epoch 13 | current lr: 4.126e-05
epoch: [14/500] | loss 0: 0.373007 | loss 1: 0.000000 | current lr: 4.773e-05
| loss 0: 3.730e-01| val metric 0: 0.144765 | best val: 0.144765 at epoch 14 | current lr: 4.773e-05
epoch: [15/500] | loss 0: 0.320312 | loss 1: 0.000000 | current lr: 5.464e-05
| loss 0: 3.203e-01| val metric 0: 0.123598 | best val: 0.123598 at epoch 15 | current lr: 5.464e-05
epoch: [16/500] | loss 0: 0.279002 | loss 1: 0.000000 | current lr: 6.200e-05
| loss 0: 2.790e-01| val metric 0: 0.109871 | best val: 0.109871 at epoch 16 | current lr: 6.200e-05
epoch: [17/500] | loss 0: 0.252201 | loss 1: 0.000000 | current lr: 6.979e-05
| loss 0: 2.522e-01| val metric 0: 0.098734 | best val: 0.098734 at epoch 17 | current lr: 6.979e-05
epoch: [18/500] | loss 0: 0.230239 | loss 1: 0.000000 | current lr: 7.800e-05
| loss 0: 2.302e-01| val metric 0: 0.089202 | best val: 0.089202 at epoch 18 | current lr: 7.800e-05
epoch: [19/500] | loss 0: 0.208139 | loss 1: 0.000000 | current lr: 8.663e-05
| loss 0: 2.081e-01| val metric 0: 0.079892 | best val: 0.079892 at epoch 19 | current lr: 8.663e-05
epoch: [20/500] | loss 0: 0.183773 | loss 1: 0.000000 | current lr: 9.567e-05
| loss 0: 1.838e-01| val metric 0: 0.068941 | best val: 0.068941 at epoch 20 | current lr: 9.567e-05
epoch: [21/500] | loss 0: 0.162324 | loss 1: 0.000000 | current lr: 1.051e-04
| loss 0: 1.623e-01| val metric 0: 0.061119 | best val: 0.061119 at epoch 21 | current lr: 1.051e-04
epoch: [22/500] | loss 0: 0.147820 | loss 1: 0.000000 | current lr: 1.149e-04
| loss 0: 1.478e-01| val metric 0: 0.055789 | best val: 0.055789 at epoch 22 | current lr: 1.149e-04
epoch: [23/500] | loss 0: 0.137708 | loss 1: 0.000000 | current lr: 1.252e-04
| loss 0: 1.377e-01| val metric 0: 0.051351 | best val: 0.051351 at epoch 23 | current lr: 1.252e-04
epoch: [24/500] | loss 0: 0.129061 | loss 1: 0.000000 | current lr: 1.357e-04
| loss 0: 1.291e-01| val metric 0: 0.048963 | best val: 0.048963 at epoch 24 | current lr: 1.357e-04
epoch: [25/500] | loss 0: 0.122613 | loss 1: 0.000000 | current lr: 1.467e-04
| loss 0: 1.226e-01| val metric 0: 0.048126 | best val: 0.048126 at epoch 25 | current lr: 1.467e-04
epoch: [26/500] | loss 0: 0.117531 | loss 1: 0.000000 | current lr: 1.580e-04
| loss 0: 1.175e-01| val metric 0: 0.045378 | best val: 0.045378 at epoch 26 | current lr: 1.580e-04
epoch: [27/500] | loss 0: 0.113429 | loss 1: 0.000000 | current lr: 1.696e-04
| loss 0: 1.134e-01| val metric 0: 0.044399 | best val: 0.044399 at epoch 27 | current lr: 1.696e-04
epoch: [28/500] | loss 0: 0.111226 | loss 1: 0.000000 | current lr: 1.815e-04
| loss 0: 1.112e-01| val metric 0: 0.043586 | best val: 0.043586 at epoch 28 | current lr: 1.815e-04
epoch: [29/500] | loss 0: 0.109589 | loss 1: 0.000000 | current lr: 1.938e-04
| loss 0: 1.096e-01| val metric 0: 0.042992 | best val: 0.042992 at epoch 29 | current lr: 1.938e-04
epoch: [30/500] | loss 0: 0.108354 | loss 1: 0.000000 | current lr: 2.064e-04
| loss 0: 1.084e-01| val metric 0: 0.042524 | best val: 0.042524 at epoch 30 | current lr: 2.064e-04
epoch: [31/500] | loss 0: 0.107296 | loss 1: 0.000000 | current lr: 2.192e-04
| loss 0: 1.073e-01| val metric 0: 0.042103 | best val: 0.042103 at epoch 31 | current lr: 2.192e-04
epoch: [32/500] | loss 0: 0.107043 | loss 1: 0.000000 | current lr: 2.324e-04
| loss 0: 1.070e-01| val metric 0: 0.041845 | best val: 0.041845 at epoch 32 | current lr: 2.324e-04
epoch: [33/500] | loss 0: 0.105683 | loss 1: 0.000000 | current lr: 2.458e-04
| loss 0: 1.057e-01| val metric 0: 0.041568 | best val: 0.041568 at epoch 33 | current lr: 2.458e-04
epoch: [34/500] | loss 0: 0.107076 | loss 1: 0.000000 | current lr: 2.594e-04
| loss 0: 1.071e-01| val metric 0: 0.041510 | best val: 0.041510 at epoch 34 | current lr: 2.594e-04
epoch: [35/500] | loss 0: 0.109789 | loss 1: 0.000000 | current lr: 2.733e-04
| loss 0: 1.098e-01| val metric 0: 0.043877 | best val: 0.041510 at epoch 34 | current lr: 2.733e-04
epoch: [36/500] | loss 0: 0.107901 | loss 1: 0.000000 | current lr: 2.874e-04
| loss 0: 1.079e-01| val metric 0: 0.042614 | best val: 0.041510 at epoch 34 | current lr: 2.874e-04
epoch: [37/500] | loss 0: 0.106279 | loss 1: 0.000000 | current lr: 3.018e-04
| loss 0: 1.063e-01| val metric 0: 0.041228 | best val: 0.041228 at epoch 37 | current lr: 3.018e-04
epoch: [38/500] | loss 0: 0.106564 | loss 1: 0.000000 | current lr: 3.163e-04
| loss 0: 1.066e-01| val metric 0: 0.041038 | best val: 0.041038 at epoch 38 | current lr: 3.163e-04
epoch: [39/500] | loss 0: 0.106766 | loss 1: 0.000000 | current lr: 3.310e-04
| loss 0: 1.068e-01| val metric 0: 0.040792 | best val: 0.040792 at epoch 39 | current lr: 3.310e-04
epoch: [40/500] | loss 0: 0.107650 | loss 1: 0.000000 | current lr: 3.459e-04
| loss 0: 1.076e-01| val metric 0: 0.040780 | best val: 0.040780 at epoch 40 | current lr: 3.459e-04
epoch: [41/500] | loss 0: 0.107035 | loss 1: 0.000000 | current lr: 3.609e-04
| loss 0: 1.070e-01| val metric 0: 0.040607 | best val: 0.040607 at epoch 41 | current lr: 3.609e-04
epoch: [42/500] | loss 0: 0.107830 | loss 1: 0.000000 | current lr: 3.760e-04
| loss 0: 1.078e-01| val metric 0: 0.040788 | best val: 0.040607 at epoch 41 | current lr: 3.760e-04
epoch: [43/500] | loss 0: 0.107046 | loss 1: 0.000000 | current lr: 3.913e-04
| loss 0: 1.070e-01| val metric 0: 0.040571 | best val: 0.040571 at epoch 43 | current lr: 3.913e-04
epoch: [44/500] | loss 0: 0.107929 | loss 1: 0.000000 | current lr: 4.067e-04
| loss 0: 1.079e-01| val metric 0: 0.043303 | best val: 0.040571 at epoch 43 | current lr: 4.067e-04
epoch: [45/500] | loss 0: 0.107832 | loss 1: 0.000000 | current lr: 4.222e-04
| loss 0: 1.078e-01| val metric 0: 0.043226 | best val: 0.040571 at epoch 43 | current lr: 4.222e-04
epoch: [46/500] | loss 0: 0.107449 | loss 1: 0.000000 | current lr: 4.377e-04
| loss 0: 1.074e-01| val metric 0: 0.043570 | best val: 0.040571 at epoch 43 | current lr: 4.377e-04
epoch: [47/500] | loss 0: 0.106137 | loss 1: 0.000000 | current lr: 4.534e-04
| loss 0: 1.061e-01| val metric 0: 0.040776 | best val: 0.040571 at epoch 43 | current lr: 4.534e-04
epoch: [48/500] | loss 0: 0.107400 | loss 1: 0.000000 | current lr: 4.690e-04
| loss 0: 1.074e-01| val metric 0: 0.040343 | best val: 0.040343 at epoch 48 | current lr: 4.690e-04
epoch: [49/500] | loss 0: 0.110580 | loss 1: 0.000000 | current lr: 4.847e-04
| loss 0: 1.106e-01| val metric 0: 0.040922 | best val: 0.040343 at epoch 48 | current lr: 4.847e-04
epoch: [50/500] | loss 0: 0.110225 | loss 1: 0.000000 | current lr: 5.004e-04
| loss 0: 1.102e-01| val metric 0: 0.050089 | best val: 0.040343 at epoch 48 | current lr: 5.004e-04
epoch: [51/500] | loss 0: 0.113428 | loss 1: 0.000000 | current lr: 5.162e-04
| loss 0: 1.134e-01| val metric 0: 0.041466 | best val: 0.040343 at epoch 48 | current lr: 5.162e-04
epoch: [52/500] | loss 0: 0.112551 | loss 1: 0.000000 | current lr: 5.318e-04
| loss 0: 1.126e-01| val metric 0: 0.043530 | best val: 0.040343 at epoch 48 | current lr: 5.318e-04
epoch: [53/500] | loss 0: 0.104806 | loss 1: 0.000000 | current lr: 5.475e-04
| loss 0: 1.048e-01| val metric 0: 0.040616 | best val: 0.040343 at epoch 48 | current lr: 5.475e-04
epoch: [54/500] | loss 0: 0.103075 | loss 1: 0.000000 | current lr: 5.631e-04
| loss 0: 1.031e-01| val metric 0: 0.043826 | best val: 0.040343 at epoch 48 | current lr: 5.631e-04
epoch: [55/500] | loss 0: 0.108903 | loss 1: 0.000000 | current lr: 5.787e-04
| loss 0: 1.089e-01| val metric 0: 0.042154 | best val: 0.040343 at epoch 48 | current lr: 5.787e-04
epoch: [56/500] | loss 0: 0.110493 | loss 1: 0.000000 | current lr: 5.942e-04
| loss 0: 1.105e-01| val metric 0: 0.049394 | best val: 0.040343 at epoch 48 | current lr: 5.942e-04
epoch: [57/500] | loss 0: 0.107837 | loss 1: 0.000000 | current lr: 6.095e-04
| loss 0: 1.078e-01| val metric 0: 0.039626 | best val: 0.039626 at epoch 57 | current lr: 6.095e-04
epoch: [58/500] | loss 0: 0.105196 | loss 1: 0.000000 | current lr: 6.248e-04
| loss 0: 1.052e-01| val metric 0: 0.042152 | best val: 0.039626 at epoch 57 | current lr: 6.248e-04
epoch: [59/500] | loss 0: 0.115200 | loss 1: 0.000000 | current lr: 6.400e-04
| loss 0: 1.152e-01| val metric 0: 0.046144 | best val: 0.039626 at epoch 57 | current lr: 6.400e-04
epoch: [60/500] | loss 0: 0.109131 | loss 1: 0.000000 | current lr: 6.550e-04
| loss 0: 1.091e-01| val metric 0: 0.040625 | best val: 0.039626 at epoch 57 | current lr: 6.550e-04
epoch: [61/500] | loss 0: 0.103321 | loss 1: 0.000000 | current lr: 6.699e-04
| loss 0: 1.033e-01| val metric 0: 0.039923 | best val: 0.039626 at epoch 57 | current lr: 6.699e-04
epoch: [62/500] | loss 0: 0.101352 | loss 1: 0.000000 | current lr: 6.845e-04
| loss 0: 1.014e-01| val metric 0: 0.043313 | best val: 0.039626 at epoch 57 | current lr: 6.845e-04
epoch: [63/500] | loss 0: 0.104233 | loss 1: 0.000000 | current lr: 6.991e-04
| loss 0: 1.042e-01| val metric 0: 0.040027 | best val: 0.039626 at epoch 57 | current lr: 6.991e-04
epoch: [64/500] | loss 0: 0.101024 | loss 1: 0.000000 | current lr: 7.134e-04
| loss 0: 1.010e-01| val metric 0: 0.036798 | best val: 0.036798 at epoch 64 | current lr: 7.134e-04
epoch: [65/500] | loss 0: 0.099635 | loss 1: 0.000000 | current lr: 7.275e-04
| loss 0: 9.964e-02| val metric 0: 0.036199 | best val: 0.036199 at epoch 65 | current lr: 7.275e-04
epoch: [66/500] | loss 0: 0.097378 | loss 1: 0.000000 | current lr: 7.414e-04
| loss 0: 9.738e-02| val metric 0: 0.035745 | best val: 0.035745 at epoch 66 | current lr: 7.414e-04
epoch: [67/500] | loss 0: 0.095200 | loss 1: 0.000000 | current lr: 7.550e-04
| loss 0: 9.520e-02| val metric 0: 0.035839 | best val: 0.035745 at epoch 66 | current lr: 7.550e-04
epoch: [68/500] | loss 0: 0.094699 | loss 1: 0.000000 | current lr: 7.684e-04
| loss 0: 9.470e-02| val metric 0: 0.035508 | best val: 0.035508 at epoch 68 | current lr: 7.684e-04
epoch: [69/500] | loss 0: 0.092105 | loss 1: 0.000000 | current lr: 7.815e-04
| loss 0: 9.210e-02| val metric 0: 0.036509 | best val: 0.035508 at epoch 68 | current lr: 7.815e-04
epoch: [70/500] | loss 0: 0.093049 | loss 1: 0.000000 | current lr: 7.944e-04
| loss 0: 9.305e-02| val metric 0: 0.032361 | best val: 0.032361 at epoch 70 | current lr: 7.944e-04
epoch: [71/500] | loss 0: 0.090488 | loss 1: 0.000000 | current lr: 8.069e-04
| loss 0: 9.049e-02| val metric 0: 0.032000 | best val: 0.032000 at epoch 71 | current lr: 8.069e-04
epoch: [72/500] | loss 0: 0.093712 | loss 1: 0.000000 | current lr: 8.192e-04
| loss 0: 9.371e-02| val metric 0: 0.032649 | best val: 0.032000 at epoch 71 | current lr: 8.192e-04
epoch: [73/500] | loss 0: 0.088858 | loss 1: 0.000000 | current lr: 8.311e-04
| loss 0: 8.886e-02| val metric 0: 0.031838 | best val: 0.031838 at epoch 73 | current lr: 8.311e-04
epoch: [74/500] | loss 0: 0.083234 | loss 1: 0.000000 | current lr: 8.427e-04
| loss 0: 8.323e-02| val metric 0: 0.035401 | best val: 0.031838 at epoch 73 | current lr: 8.427e-04
epoch: [75/500] | loss 0: 0.093047 | loss 1: 0.000000 | current lr: 8.540e-04
| loss 0: 9.305e-02| val metric 0: 0.029378 | best val: 0.029378 at epoch 75 | current lr: 8.540e-04
epoch: [76/500] | loss 0: 0.095922 | loss 1: 0.000000 | current lr: 8.649e-04
| loss 0: 9.592e-02| val metric 0: 0.046853 | best val: 0.029378 at epoch 75 | current lr: 8.649e-04
epoch: [77/500] | loss 0: 0.089669 | loss 1: 0.000000 | current lr: 8.755e-04
| loss 0: 8.967e-02| val metric 0: 0.027819 | best val: 0.027819 at epoch 77 | current lr: 8.755e-04
epoch: [78/500] | loss 0: 0.080850 | loss 1: 0.000000 | current lr: 8.857e-04
| loss 0: 8.085e-02| val metric 0: 0.027372 | best val: 0.027372 at epoch 78 | current lr: 8.857e-04
epoch: [79/500] | loss 0: 0.082966 | loss 1: 0.000000 | current lr: 8.955e-04
| loss 0: 8.297e-02| val metric 0: 0.034481 | best val: 0.027372 at epoch 78 | current lr: 8.955e-04
epoch: [80/500] | loss 0: 0.085059 | loss 1: 0.000000 | current lr: 9.049e-04
| loss 0: 8.506e-02| val metric 0: 0.029050 | best val: 0.027372 at epoch 78 | current lr: 9.049e-04
epoch: [81/500] | loss 0: 0.071731 | loss 1: 0.000000 | current lr: 9.139e-04
| loss 0: 7.173e-02| val metric 0: 0.027509 | best val: 0.027372 at epoch 78 | current lr: 9.139e-04
epoch: [82/500] | loss 0: 0.074213 | loss 1: 0.000000 | current lr: 9.225e-04
| loss 0: 7.421e-02| val metric 0: 0.030312 | best val: 0.027372 at epoch 78 | current lr: 9.225e-04
epoch: [83/500] | loss 0: 0.071601 | loss 1: 0.000000 | current lr: 9.307e-04
| loss 0: 7.160e-02| val metric 0: 0.026781 | best val: 0.026781 at epoch 83 | current lr: 9.307e-04
epoch: [84/500] | loss 0: 0.078229 | loss 1: 0.000000 | current lr: 9.385e-04
| loss 0: 7.823e-02| val metric 0: 0.033525 | best val: 0.026781 at epoch 83 | current lr: 9.385e-04
epoch: [85/500] | loss 0: 0.083630 | loss 1: 0.000000 | current lr: 9.458e-04
| loss 0: 8.363e-02| val metric 0: 0.034265 | best val: 0.026781 at epoch 83 | current lr: 9.458e-04
epoch: [86/500] | loss 0: 0.078872 | loss 1: 0.000000 | current lr: 9.527e-04
| loss 0: 7.887e-02| val metric 0: 0.023085 | best val: 0.023085 at epoch 86 | current lr: 9.527e-04
epoch: [87/500] | loss 0: 0.072391 | loss 1: 0.000000 | current lr: 9.592e-04
| loss 0: 7.239e-02| val metric 0: 0.033731 | best val: 0.023085 at epoch 86 | current lr: 9.592e-04
epoch: [88/500] | loss 0: 0.071905 | loss 1: 0.000000 | current lr: 9.651e-04
| loss 0: 7.191e-02| val metric 0: 0.025518 | best val: 0.023085 at epoch 86 | current lr: 9.651e-04
epoch: [89/500] | loss 0: 0.075534 | loss 1: 0.000000 | current lr: 9.707e-04
| loss 0: 7.553e-02| val metric 0: 0.022052 | best val: 0.022052 at epoch 89 | current lr: 9.707e-04
epoch: [90/500] | loss 0: 0.074248 | loss 1: 0.000000 | current lr: 9.757e-04
| loss 0: 7.425e-02| val metric 0: 0.023666 | best val: 0.022052 at epoch 89 | current lr: 9.757e-04
epoch: [91/500] | loss 0: 0.071905 | loss 1: 0.000000 | current lr: 9.803e-04
| loss 0: 7.190e-02| val metric 0: 0.021410 | best val: 0.021410 at epoch 91 | current lr: 9.803e-04
epoch: [92/500] | loss 0: 0.069657 | loss 1: 0.000000 | current lr: 9.845e-04
| loss 0: 6.966e-02| val metric 0: 0.025088 | best val: 0.021410 at epoch 91 | current lr: 9.845e-04
epoch: [93/500] | loss 0: 0.066604 | loss 1: 0.000000 | current lr: 9.881e-04
| loss 0: 6.660e-02| val metric 0: 0.023146 | best val: 0.021410 at epoch 91 | current lr: 9.881e-04
epoch: [94/500] | loss 0: 0.056710 | loss 1: 0.000000 | current lr: 9.913e-04
| loss 0: 5.671e-02| val metric 0: 0.023571 | best val: 0.021410 at epoch 91 | current lr: 9.913e-04
epoch: [95/500] | loss 0: 0.061938 | loss 1: 0.000000 | current lr: 9.940e-04
| loss 0: 6.194e-02| val metric 0: 0.023964 | best val: 0.021410 at epoch 91 | current lr: 9.940e-04
epoch: [96/500] | loss 0: 0.066308 | loss 1: 0.000000 | current lr: 9.962e-04
| loss 0: 6.631e-02| val metric 0: 0.023871 | best val: 0.021410 at epoch 91 | current lr: 9.962e-04
epoch: [97/500] | loss 0: 0.063959 | loss 1: 0.000000 | current lr: 9.979e-04
| loss 0: 6.396e-02| val metric 0: 0.023952 | best val: 0.021410 at epoch 91 | current lr: 9.979e-04
epoch: [98/500] | loss 0: 0.062423 | loss 1: 0.000000 | current lr: 9.991e-04
| loss 0: 6.242e-02| val metric 0: 0.022720 | best val: 0.021410 at epoch 91 | current lr: 9.991e-04
epoch: [99/500] | loss 0: 0.060725 | loss 1: 0.000000 | current lr: 9.998e-04
| loss 0: 6.072e-02| val metric 0: 0.022073 | best val: 0.021410 at epoch 91 | current lr: 9.998e-04
epoch: [100/500] | loss 0: 0.058850 | loss 1: 0.000000 | current lr: 1.000e-03
| loss 0: 5.885e-02| val metric 0: 0.023740 | best val: 0.021410 at epoch 91 | current lr: 1.000e-03
epoch: [101/500] | loss 0: 0.057430 | loss 1: 0.000000 | current lr: 1.000e-03
| loss 0: 5.743e-02| val metric 0: 0.022985 | best val: 0.021410 at epoch 91 | current lr: 1.000e-03
epoch: [102/500] | loss 0: 0.057215 | loss 1: 0.000000 | current lr: 9.999e-04
| loss 0: 5.721e-02| val metric 0: 0.022093 | best val: 0.021410 at epoch 91 | current lr: 9.999e-04
epoch: [103/500] | loss 0: 0.055338 | loss 1: 0.000000 | current lr: 9.999e-04
| loss 0: 5.534e-02| val metric 0: 0.021190 | best val: 0.021190 at epoch 103 | current lr: 9.999e-04
epoch: [104/500] | loss 0: 0.054823 | loss 1: 0.000000 | current lr: 9.997e-04
| loss 0: 5.482e-02| val metric 0: 0.019078 | best val: 0.019078 at epoch 104 | current lr: 9.997e-04
epoch: [105/500] | loss 0: 0.053310 | loss 1: 0.000000 | current lr: 9.996e-04
| loss 0: 5.331e-02| val metric 0: 0.017699 | best val: 0.017699 at epoch 105 | current lr: 9.996e-04
epoch: [106/500] | loss 0: 0.051280 | loss 1: 0.000000 | current lr: 9.994e-04
| loss 0: 5.128e-02| val metric 0: 0.013620 | best val: 0.013620 at epoch 106 | current lr: 9.994e-04
epoch: [107/500] | loss 0: 0.054717 | loss 1: 0.000000 | current lr: 9.992e-04
| loss 0: 5.472e-02| val metric 0: 0.025963 | best val: 0.013620 at epoch 106 | current lr: 9.992e-04
epoch: [108/500] | loss 0: 0.076879 | loss 1: 0.000000 | current lr: 9.990e-04
| loss 0: 7.688e-02| val metric 0: 0.018258 | best val: 0.013620 at epoch 106 | current lr: 9.990e-04
epoch: [109/500] | loss 0: 0.043031 | loss 1: 0.000000 | current lr: 9.987e-04
| loss 0: 4.303e-02| val metric 0: 0.016292 | best val: 0.013620 at epoch 106 | current lr: 9.987e-04
epoch: [110/500] | loss 0: 0.040397 | loss 1: 0.000000 | current lr: 9.984e-04
| loss 0: 4.040e-02| val metric 0: 0.016838 | best val: 0.013620 at epoch 106 | current lr: 9.984e-04
epoch: [111/500] | loss 0: 0.044104 | loss 1: 0.000000 | current lr: 9.981e-04
| loss 0: 4.410e-02| val metric 0: 0.022389 | best val: 0.013620 at epoch 106 | current lr: 9.981e-04
epoch: [112/500] | loss 0: 0.046005 | loss 1: 0.000000 | current lr: 9.978e-04
| loss 0: 4.600e-02| val metric 0: 0.021703 | best val: 0.013620 at epoch 106 | current lr: 9.978e-04
epoch: [113/500] | loss 0: 0.045287 | loss 1: 0.000000 | current lr: 9.974e-04
| loss 0: 4.529e-02| val metric 0: 0.020376 | best val: 0.013620 at epoch 106 | current lr: 9.974e-04
epoch: [114/500] | loss 0: 0.045522 | loss 1: 0.000000 | current lr: 9.970e-04
| loss 0: 4.552e-02| val metric 0: 0.016685 | best val: 0.013620 at epoch 106 | current lr: 9.970e-04
epoch: [115/500] | loss 0: 0.045627 | loss 1: 0.000000 | current lr: 9.965e-04
| loss 0: 4.563e-02| val metric 0: 0.021261 | best val: 0.013620 at epoch 106 | current lr: 9.965e-04
epoch: [116/500] | loss 0: 0.042985 | loss 1: 0.000000 | current lr: 9.960e-04
| loss 0: 4.299e-02| val metric 0: 0.018563 | best val: 0.013620 at epoch 106 | current lr: 9.960e-04
epoch: [117/500] | loss 0: 0.044468 | loss 1: 0.000000 | current lr: 9.955e-04
| loss 0: 4.447e-02| val metric 0: 0.021592 | best val: 0.013620 at epoch 106 | current lr: 9.955e-04
epoch: [118/500] | loss 0: 0.041459 | loss 1: 0.000000 | current lr: 9.950e-04
| loss 0: 4.146e-02| val metric 0: 0.018249 | best val: 0.013620 at epoch 106 | current lr: 9.950e-04
epoch: [119/500] | loss 0: 0.043047 | loss 1: 0.000000 | current lr: 9.944e-04
| loss 0: 4.305e-02| val metric 0: 0.020614 | best val: 0.013620 at epoch 106 | current lr: 9.944e-04
epoch: [120/500] | loss 0: 0.041433 | loss 1: 0.000000 | current lr: 9.938e-04
| loss 0: 4.143e-02| val metric 0: 0.015764 | best val: 0.013620 at epoch 106 | current lr: 9.938e-04
epoch: [121/500] | loss 0: 0.040687 | loss 1: 0.000000 | current lr: 9.932e-04
| loss 0: 4.069e-02| val metric 0: 0.011836 | best val: 0.011836 at epoch 121 | current lr: 9.932e-04
epoch: [122/500] | loss 0: 0.059109 | loss 1: 0.000000 | current lr: 9.925e-04
| loss 0: 5.911e-02| val metric 0: 0.015184 | best val: 0.011836 at epoch 121 | current lr: 9.925e-04
epoch: [123/500] | loss 0: 0.037490 | loss 1: 0.000000 | current lr: 9.918e-04
| loss 0: 3.749e-02| val metric 0: 0.014821 | best val: 0.011836 at epoch 121 | current lr: 9.918e-04
epoch: [124/500] | loss 0: 0.032580 | loss 1: 0.000000 | current lr: 9.911e-04
| loss 0: 3.258e-02| val metric 0: 0.010457 | best val: 0.010457 at epoch 124 | current lr: 9.911e-04
epoch: [125/500] | loss 0: 0.035417 | loss 1: 0.000000 | current lr: 9.904e-04
| loss 0: 3.542e-02| val metric 0: 0.009539 | best val: 0.009539 at epoch 125 | current lr: 9.904e-04
epoch: [126/500] | loss 0: 0.032051 | loss 1: 0.000000 | current lr: 9.896e-04
| loss 0: 3.205e-02| val metric 0: 0.013035 | best val: 0.009539 at epoch 125 | current lr: 9.896e-04
epoch: [127/500] | loss 0: 0.032435 | loss 1: 0.000000 | current lr: 9.888e-04
| loss 0: 3.243e-02| val metric 0: 0.014414 | best val: 0.009539 at epoch 125 | current lr: 9.888e-04
epoch: [128/500] | loss 0: 0.032211 | loss 1: 0.000000 | current lr: 9.879e-04
| loss 0: 3.221e-02| val metric 0: 0.011796 | best val: 0.009539 at epoch 125 | current lr: 9.879e-04
epoch: [129/500] | loss 0: 0.033396 | loss 1: 0.000000 | current lr: 9.870e-04
| loss 0: 3.340e-02| val metric 0: 0.012128 | best val: 0.009539 at epoch 125 | current lr: 9.870e-04
epoch: [130/500] | loss 0: 0.032028 | loss 1: 0.000000 | current lr: 9.861e-04
| loss 0: 3.203e-02| val metric 0: 0.014235 | best val: 0.009539 at epoch 125 | current lr: 9.861e-04
epoch: [131/500] | loss 0: 0.031549 | loss 1: 0.000000 | current lr: 9.852e-04
| loss 0: 3.155e-02| val metric 0: 0.012293 | best val: 0.009539 at epoch 125 | current lr: 9.852e-04
epoch: [132/500] | loss 0: 0.032762 | loss 1: 0.000000 | current lr: 9.842e-04
| loss 0: 3.276e-02| val metric 0: 0.011631 | best val: 0.009539 at epoch 125 | current lr: 9.842e-04
epoch: [133/500] | loss 0: 0.030371 | loss 1: 0.000000 | current lr: 9.832e-04
| loss 0: 3.037e-02| val metric 0: 0.010702 | best val: 0.009539 at epoch 125 | current lr: 9.832e-04
epoch: [134/500] | loss 0: 0.030103 | loss 1: 0.000000 | current lr: 9.822e-04
| loss 0: 3.010e-02| val metric 0: 0.014713 | best val: 0.009539 at epoch 125 | current lr: 9.822e-04
epoch: [135/500] | loss 0: 0.029730 | loss 1: 0.000000 | current lr: 9.812e-04
| loss 0: 2.973e-02| val metric 0: 0.009895 | best val: 0.009539 at epoch 125 | current lr: 9.812e-04
epoch: [136/500] | loss 0: 0.028129 | loss 1: 0.000000 | current lr: 9.801e-04
| loss 0: 2.813e-02| val metric 0: 0.014585 | best val: 0.009539 at epoch 125 | current lr: 9.801e-04
epoch: [137/500] | loss 0: 0.029215 | loss 1: 0.000000 | current lr: 9.790e-04
| loss 0: 2.922e-02| val metric 0: 0.009824 | best val: 0.009539 at epoch 125 | current lr: 9.790e-04
epoch: [138/500] | loss 0: 0.030936 | loss 1: 0.000000 | current lr: 9.778e-04
| loss 0: 3.094e-02| val metric 0: 0.013060 | best val: 0.009539 at epoch 125 | current lr: 9.778e-04
epoch: [139/500] | loss 0: 0.030488 | loss 1: 0.000000 | current lr: 9.767e-04
| loss 0: 3.049e-02| val metric 0: 0.013670 | best val: 0.009539 at epoch 125 | current lr: 9.767e-04
epoch: [140/500] | loss 0: 0.028747 | loss 1: 0.000000 | current lr: 9.755e-04
| loss 0: 2.875e-02| val metric 0: 0.011759 | best val: 0.009539 at epoch 125 | current lr: 9.755e-04
epoch: [141/500] | loss 0: 0.028118 | loss 1: 0.000000 | current lr: 9.742e-04
| loss 0: 2.812e-02| val metric 0: 0.011591 | best val: 0.009539 at epoch 125 | current lr: 9.742e-04
epoch: [142/500] | loss 0: 0.028018 | loss 1: 0.000000 | current lr: 9.730e-04
| loss 0: 2.802e-02| val metric 0: 0.009995 | best val: 0.009539 at epoch 125 | current lr: 9.730e-04
epoch: [143/500] | loss 0: 0.027735 | loss 1: 0.000000 | current lr: 9.717e-04
| loss 0: 2.774e-02| val metric 0: 0.010041 | best val: 0.009539 at epoch 125 | current lr: 9.717e-04
epoch: [144/500] | loss 0: 0.027300 | loss 1: 0.000000 | current lr: 9.704e-04
| loss 0: 2.730e-02| val metric 0: 0.009556 | best val: 0.009539 at epoch 125 | current lr: 9.704e-04
epoch: [145/500] | loss 0: 0.027058 | loss 1: 0.000000 | current lr: 9.690e-04
| loss 0: 2.706e-02| val metric 0: 0.009282 | best val: 0.009282 at epoch 145 | current lr: 9.690e-04
epoch: [146/500] | loss 0: 0.026470 | loss 1: 0.000000 | current lr: 9.677e-04
| loss 0: 2.647e-02| val metric 0: 0.010056 | best val: 0.009282 at epoch 145 | current lr: 9.677e-04
epoch: [147/500] | loss 0: 0.026252 | loss 1: 0.000000 | current lr: 9.662e-04
| loss 0: 2.625e-02| val metric 0: 0.010524 | best val: 0.009282 at epoch 145 | current lr: 9.662e-04
epoch: [148/500] | loss 0: 0.026349 | loss 1: 0.000000 | current lr: 9.648e-04
| loss 0: 2.635e-02| val metric 0: 0.008882 | best val: 0.008882 at epoch 148 | current lr: 9.648e-04
epoch: [149/500] | loss 0: 0.025041 | loss 1: 0.000000 | current lr: 9.634e-04
| loss 0: 2.504e-02| val metric 0: 0.008338 | best val: 0.008338 at epoch 149 | current lr: 9.634e-04
epoch: [150/500] | loss 0: 0.025602 | loss 1: 0.000000 | current lr: 9.619e-04
| loss 0: 2.560e-02| val metric 0: 0.009308 | best val: 0.008338 at epoch 149 | current lr: 9.619e-04
epoch: [151/500] | loss 0: 0.025139 | loss 1: 0.000000 | current lr: 9.603e-04
| loss 0: 2.514e-02| val metric 0: 0.013247 | best val: 0.008338 at epoch 149 | current lr: 9.603e-04
epoch: [152/500] | loss 0: 0.025569 | loss 1: 0.000000 | current lr: 9.588e-04
| loss 0: 2.557e-02| val metric 0: 0.009821 | best val: 0.008338 at epoch 149 | current lr: 9.588e-04
epoch: [153/500] | loss 0: 0.026818 | loss 1: 0.000000 | current lr: 9.572e-04
| loss 0: 2.682e-02| val metric 0: 0.011901 | best val: 0.008338 at epoch 149 | current lr: 9.572e-04
epoch: [154/500] | loss 0: 0.024302 | loss 1: 0.000000 | current lr: 9.556e-04
| loss 0: 2.430e-02| val metric 0: 0.008551 | best val: 0.008338 at epoch 149 | current lr: 9.556e-04
epoch: [155/500] | loss 0: 0.024561 | loss 1: 0.000000 | current lr: 9.540e-04
| loss 0: 2.456e-02| val metric 0: 0.009556 | best val: 0.008338 at epoch 149 | current lr: 9.540e-04
epoch: [156/500] | loss 0: 0.024099 | loss 1: 0.000000 | current lr: 9.523e-04
| loss 0: 2.410e-02| val metric 0: 0.008674 | best val: 0.008338 at epoch 149 | current lr: 9.523e-04
epoch: [157/500] | loss 0: 0.024475 | loss 1: 0.000000 | current lr: 9.506e-04
| loss 0: 2.448e-02| val metric 0: 0.010164 | best val: 0.008338 at epoch 149 | current lr: 9.506e-04
epoch: [158/500] | loss 0: 0.024468 | loss 1: 0.000000 | current lr: 9.489e-04
| loss 0: 2.447e-02| val metric 0: 0.007882 | best val: 0.007882 at epoch 158 | current lr: 9.489e-04
epoch: [159/500] | loss 0: 0.023512 | loss 1: 0.000000 | current lr: 9.472e-04
| loss 0: 2.351e-02| val metric 0: 0.010012 | best val: 0.007882 at epoch 158 | current lr: 9.472e-04
epoch: [160/500] | loss 0: 0.024339 | loss 1: 0.000000 | current lr: 9.454e-04
| loss 0: 2.434e-02| val metric 0: 0.010737 | best val: 0.007882 at epoch 158 | current lr: 9.454e-04
epoch: [161/500] | loss 0: 0.024064 | loss 1: 0.000000 | current lr: 9.436e-04
| loss 0: 2.406e-02| val metric 0: 0.011506 | best val: 0.007882 at epoch 158 | current lr: 9.436e-04
epoch: [162/500] | loss 0: 0.023022 | loss 1: 0.000000 | current lr: 9.418e-04
| loss 0: 2.302e-02| val metric 0: 0.007873 | best val: 0.007873 at epoch 162 | current lr: 9.418e-04
epoch: [163/500] | loss 0: 0.023267 | loss 1: 0.000000 | current lr: 9.399e-04
| loss 0: 2.327e-02| val metric 0: 0.007335 | best val: 0.007335 at epoch 163 | current lr: 9.399e-04
epoch: [164/500] | loss 0: 0.022547 | loss 1: 0.000000 | current lr: 9.381e-04
| loss 0: 2.255e-02| val metric 0: 0.007298 | best val: 0.007298 at epoch 164 | current lr: 9.381e-04
epoch: [165/500] | loss 0: 0.022636 | loss 1: 0.000000 | current lr: 9.362e-04
| loss 0: 2.264e-02| val metric 0: 0.008791 | best val: 0.007298 at epoch 164 | current lr: 9.362e-04
epoch: [166/500] | loss 0: 0.022304 | loss 1: 0.000000 | current lr: 9.342e-04
| loss 0: 2.230e-02| val metric 0: 0.011773 | best val: 0.007298 at epoch 164 | current lr: 9.342e-04
epoch: [167/500] | loss 0: 0.023133 | loss 1: 0.000000 | current lr: 9.323e-04
| loss 0: 2.313e-02| val metric 0: 0.010423 | best val: 0.007298 at epoch 164 | current lr: 9.323e-04
epoch: [168/500] | loss 0: 0.022815 | loss 1: 0.000000 | current lr: 9.303e-04
| loss 0: 2.281e-02| val metric 0: 0.010196 | best val: 0.007298 at epoch 164 | current lr: 9.303e-04
epoch: [169/500] | loss 0: 0.023360 | loss 1: 0.000000 | current lr: 9.283e-04
| loss 0: 2.336e-02| val metric 0: 0.012300 | best val: 0.007298 at epoch 164 | current lr: 9.283e-04
epoch: [170/500] | loss 0: 0.024041 | loss 1: 0.000000 | current lr: 9.262e-04
| loss 0: 2.404e-02| val metric 0: 0.008851 | best val: 0.007298 at epoch 164 | current lr: 9.262e-04
epoch: [171/500] | loss 0: 0.021813 | loss 1: 0.000000 | current lr: 9.242e-04
| loss 0: 2.181e-02| val metric 0: 0.009546 | best val: 0.007298 at epoch 164 | current lr: 9.242e-04
epoch: [172/500] | loss 0: 0.022339 | loss 1: 0.000000 | current lr: 9.221e-04
| loss 0: 2.234e-02| val metric 0: 0.008062 | best val: 0.007298 at epoch 164 | current lr: 9.221e-04
epoch: [173/500] | loss 0: 0.020461 | loss 1: 0.000000 | current lr: 9.199e-04
| loss 0: 2.046e-02| val metric 0: 0.009154 | best val: 0.007298 at epoch 164 | current lr: 9.199e-04
epoch: [174/500] | loss 0: 0.021057 | loss 1: 0.000000 | current lr: 9.178e-04
| loss 0: 2.106e-02| val metric 0: 0.010273 | best val: 0.007298 at epoch 164 | current lr: 9.178e-04
epoch: [175/500] | loss 0: 0.022771 | loss 1: 0.000000 | current lr: 9.156e-04
| loss 0: 2.277e-02| val metric 0: 0.011816 | best val: 0.007298 at epoch 164 | current lr: 9.156e-04
epoch: [176/500] | loss 0: 0.023557 | loss 1: 0.000000 | current lr: 9.134e-04
| loss 0: 2.356e-02| val metric 0: 0.008010 | best val: 0.007298 at epoch 164 | current lr: 9.134e-04
epoch: [177/500] | loss 0: 0.023437 | loss 1: 0.000000 | current lr: 9.112e-04
| loss 0: 2.344e-02| val metric 0: 0.010232 | best val: 0.007298 at epoch 164 | current lr: 9.112e-04
epoch: [178/500] | loss 0: 0.021058 | loss 1: 0.000000 | current lr: 9.090e-04
| loss 0: 2.106e-02| val metric 0: 0.006664 | best val: 0.006664 at epoch 178 | current lr: 9.090e-04
epoch: [179/500] | loss 0: 0.020667 | loss 1: 0.000000 | current lr: 9.067e-04
| loss 0: 2.067e-02| val metric 0: 0.007262 | best val: 0.006664 at epoch 178 | current lr: 9.067e-04
epoch: [180/500] | loss 0: 0.020031 | loss 1: 0.000000 | current lr: 9.044e-04
| loss 0: 2.003e-02| val metric 0: 0.011928 | best val: 0.006664 at epoch 178 | current lr: 9.044e-04
epoch: [181/500] | loss 0: 0.022812 | loss 1: 0.000000 | current lr: 9.021e-04
| loss 0: 2.281e-02| val metric 0: 0.008339 | best val: 0.006664 at epoch 178 | current lr: 9.021e-04
epoch: [182/500] | loss 0: 0.020981 | loss 1: 0.000000 | current lr: 8.997e-04
| loss 0: 2.098e-02| val metric 0: 0.008452 | best val: 0.006664 at epoch 178 | current lr: 8.997e-04
epoch: [183/500] | loss 0: 0.019456 | loss 1: 0.000000 | current lr: 8.974e-04
| loss 0: 1.946e-02| val metric 0: 0.006921 | best val: 0.006664 at epoch 178 | current lr: 8.974e-04
epoch: [184/500] | loss 0: 0.019684 | loss 1: 0.000000 | current lr: 8.950e-04
| loss 0: 1.968e-02| val metric 0: 0.006955 | best val: 0.006664 at epoch 178 | current lr: 8.950e-04
epoch: [185/500] | loss 0: 0.021879 | loss 1: 0.000000 | current lr: 8.925e-04
| loss 0: 2.188e-02| val metric 0: 0.007567 | best val: 0.006664 at epoch 178 | current lr: 8.925e-04
epoch: [186/500] | loss 0: 0.024099 | loss 1: 0.000000 | current lr: 8.901e-04
| loss 0: 2.410e-02| val metric 0: 0.009004 | best val: 0.006664 at epoch 178 | current lr: 8.901e-04
epoch: [187/500] | loss 0: 0.024225 | loss 1: 0.000000 | current lr: 8.876e-04
| loss 0: 2.423e-02| val metric 0: 0.009789 | best val: 0.006664 at epoch 178 | current lr: 8.876e-04
epoch: [188/500] | loss 0: 0.023932 | loss 1: 0.000000 | current lr: 8.851e-04
| loss 0: 2.393e-02| val metric 0: 0.008830 | best val: 0.006664 at epoch 178 | current lr: 8.851e-04
epoch: [189/500] | loss 0: 0.023476 | loss 1: 0.000000 | current lr: 8.826e-04
| loss 0: 2.348e-02| val metric 0: 0.009287 | best val: 0.006664 at epoch 178 | current lr: 8.826e-04
epoch: [190/500] | loss 0: 0.023127 | loss 1: 0.000000 | current lr: 8.801e-04
| loss 0: 2.313e-02| val metric 0: 0.007617 | best val: 0.006664 at epoch 178 | current lr: 8.801e-04
epoch: [191/500] | loss 0: 0.019695 | loss 1: 0.000000 | current lr: 8.775e-04
| loss 0: 1.969e-02| val metric 0: 0.008086 | best val: 0.006664 at epoch 178 | current lr: 8.775e-04
epoch: [192/500] | loss 0: 0.017554 | loss 1: 0.000000 | current lr: 8.749e-04
| loss 0: 1.755e-02| val metric 0: 0.007424 | best val: 0.006664 at epoch 178 | current lr: 8.749e-04
epoch: [193/500] | loss 0: 0.018756 | loss 1: 0.000000 | current lr: 8.723e-04
| loss 0: 1.876e-02| val metric 0: 0.007730 | best val: 0.006664 at epoch 178 | current lr: 8.723e-04
epoch: [194/500] | loss 0: 0.018346 | loss 1: 0.000000 | current lr: 8.697e-04
| loss 0: 1.835e-02| val metric 0: 0.006944 | best val: 0.006664 at epoch 178 | current lr: 8.697e-04
epoch: [195/500] | loss 0: 0.018330 | loss 1: 0.000000 | current lr: 8.670e-04
| loss 0: 1.833e-02| val metric 0: 0.006979 | best val: 0.006664 at epoch 178 | current lr: 8.670e-04
epoch: [196/500] | loss 0: 0.018096 | loss 1: 0.000000 | current lr: 8.643e-04
| loss 0: 1.810e-02| val metric 0: 0.008072 | best val: 0.006664 at epoch 178 | current lr: 8.643e-04
epoch: [197/500] | loss 0: 0.018001 | loss 1: 0.000000 | current lr: 8.616e-04
| loss 0: 1.800e-02| val metric 0: 0.007935 | best val: 0.006664 at epoch 178 | current lr: 8.616e-04
epoch: [198/500] | loss 0: 0.018840 | loss 1: 0.000000 | current lr: 8.589e-04
| loss 0: 1.884e-02| val metric 0: 0.008225 | best val: 0.006664 at epoch 178 | current lr: 8.589e-04
epoch: [199/500] | loss 0: 0.021621 | loss 1: 0.000000 | current lr: 8.562e-04
| loss 0: 2.162e-02| val metric 0: 0.008858 | best val: 0.006664 at epoch 178 | current lr: 8.562e-04
epoch: [200/500] | loss 0: 0.022111 | loss 1: 0.000000 | current lr: 8.534e-04
| loss 0: 2.211e-02| val metric 0: 0.008843 | best val: 0.006664 at epoch 178 | current lr: 8.534e-04
epoch: [201/500] | loss 0: 0.021724 | loss 1: 0.000000 | current lr: 8.506e-04
| loss 0: 2.172e-02| val metric 0: 0.008713 | best val: 0.006664 at epoch 178 | current lr: 8.506e-04
epoch: [202/500] | loss 0: 0.021323 | loss 1: 0.000000 | current lr: 8.478e-04
| loss 0: 2.132e-02| val metric 0: 0.008240 | best val: 0.006664 at epoch 178 | current lr: 8.478e-04
epoch: [203/500] | loss 0: 0.021039 | loss 1: 0.000000 | current lr: 8.450e-04
| loss 0: 2.104e-02| val metric 0: 0.008656 | best val: 0.006664 at epoch 178 | current lr: 8.450e-04
epoch: [204/500] | loss 0: 0.020806 | loss 1: 0.000000 | current lr: 8.421e-04
| loss 0: 2.081e-02| val metric 0: 0.008320 | best val: 0.006664 at epoch 178 | current lr: 8.421e-04
epoch: [205/500] | loss 0: 0.020593 | loss 1: 0.000000 | current lr: 8.393e-04
| loss 0: 2.059e-02| val metric 0: 0.008580 | best val: 0.006664 at epoch 178 | current lr: 8.393e-04
epoch: [206/500] | loss 0: 0.019271 | loss 1: 0.000000 | current lr: 8.364e-04
| loss 0: 1.927e-02| val metric 0: 0.008581 | best val: 0.006664 at epoch 178 | current lr: 8.364e-04
epoch: [207/500] | loss 0: 0.016627 | loss 1: 0.000000 | current lr: 8.334e-04
| loss 0: 1.663e-02| val metric 0: 0.006689 | best val: 0.006664 at epoch 178 | current lr: 8.334e-04
epoch: [208/500] | loss 0: 0.015961 | loss 1: 0.000000 | current lr: 8.305e-04
| loss 0: 1.596e-02| val metric 0: 0.006507 | best val: 0.006507 at epoch 208 | current lr: 8.305e-04
epoch: [209/500] | loss 0: 0.016467 | loss 1: 0.000000 | current lr: 8.276e-04
| loss 0: 1.647e-02| val metric 0: 0.006794 | best val: 0.006507 at epoch 208 | current lr: 8.276e-04
epoch: [210/500] | loss 0: 0.015408 | loss 1: 0.000000 | current lr: 8.246e-04
| loss 0: 1.541e-02| val metric 0: 0.005598 | best val: 0.005598 at epoch 210 | current lr: 8.246e-04
epoch: [211/500] | loss 0: 0.015779 | loss 1: 0.000000 | current lr: 8.216e-04
| loss 0: 1.578e-02| val metric 0: 0.006301 | best val: 0.005598 at epoch 210 | current lr: 8.216e-04
epoch: [212/500] | loss 0: 0.016440 | loss 1: 0.000000 | current lr: 8.186e-04
| loss 0: 1.644e-02| val metric 0: 0.008347 | best val: 0.005598 at epoch 210 | current lr: 8.186e-04
epoch: [213/500] | loss 0: 0.017568 | loss 1: 0.000000 | current lr: 8.155e-04
| loss 0: 1.757e-02| val metric 0: 0.006322 | best val: 0.005598 at epoch 210 | current lr: 8.155e-04
epoch: [214/500] | loss 0: 0.017661 | loss 1: 0.000000 | current lr: 8.125e-04
| loss 0: 1.766e-02| val metric 0: 0.009515 | best val: 0.005598 at epoch 210 | current lr: 8.125e-04
epoch: [215/500] | loss 0: 0.019604 | loss 1: 0.000000 | current lr: 8.094e-04
| loss 0: 1.960e-02| val metric 0: 0.008388 | best val: 0.005598 at epoch 210 | current lr: 8.094e-04
epoch: [216/500] | loss 0: 0.019348 | loss 1: 0.000000 | current lr: 8.063e-04
| loss 0: 1.935e-02| val metric 0: 0.007680 | best val: 0.005598 at epoch 210 | current lr: 8.063e-04
epoch: [217/500] | loss 0: 0.018936 | loss 1: 0.000000 | current lr: 8.032e-04
| loss 0: 1.894e-02| val metric 0: 0.005720 | best val: 0.005598 at epoch 210 | current lr: 8.032e-04
epoch: [218/500] | loss 0: 0.020569 | loss 1: 0.000000 | current lr: 8.001e-04
| loss 0: 2.057e-02| val metric 0: 0.005519 | best val: 0.005519 at epoch 218 | current lr: 8.001e-04
epoch: [219/500] | loss 0: 0.015617 | loss 1: 0.000000 | current lr: 7.969e-04
| loss 0: 1.562e-02| val metric 0: 0.007468 | best val: 0.005519 at epoch 218 | current lr: 7.969e-04
epoch: [220/500] | loss 0: 0.016253 | loss 1: 0.000000 | current lr: 7.937e-04
| loss 0: 1.625e-02| val metric 0: 0.005395 | best val: 0.005395 at epoch 220 | current lr: 7.937e-04
epoch: [221/500] | loss 0: 0.014719 | loss 1: 0.000000 | current lr: 7.905e-04
| loss 0: 1.472e-02| val metric 0: 0.005562 | best val: 0.005395 at epoch 220 | current lr: 7.905e-04
epoch: [222/500] | loss 0: 0.015582 | loss 1: 0.000000 | current lr: 7.873e-04
| loss 0: 1.558e-02| val metric 0: 0.005983 | best val: 0.005395 at epoch 220 | current lr: 7.873e-04
epoch: [223/500] | loss 0: 0.015118 | loss 1: 0.000000 | current lr: 7.841e-04
| loss 0: 1.512e-02| val metric 0: 0.004516 | best val: 0.004516 at epoch 223 | current lr: 7.841e-04
epoch: [224/500] | loss 0: 0.014949 | loss 1: 0.000000 | current lr: 7.809e-04
| loss 0: 1.495e-02| val metric 0: 0.005863 | best val: 0.004516 at epoch 223 | current lr: 7.809e-04
epoch: [225/500] | loss 0: 0.014570 | loss 1: 0.000000 | current lr: 7.776e-04
| loss 0: 1.457e-02| val metric 0: 0.009125 | best val: 0.004516 at epoch 223 | current lr: 7.776e-04
epoch: [226/500] | loss 0: 0.017137 | loss 1: 0.000000 | current lr: 7.743e-04
| loss 0: 1.714e-02| val metric 0: 0.008050 | best val: 0.004516 at epoch 223 | current lr: 7.743e-04
epoch: [227/500] | loss 0: 0.018082 | loss 1: 0.000000 | current lr: 7.711e-04
| loss 0: 1.808e-02| val metric 0: 0.006941 | best val: 0.004516 at epoch 223 | current lr: 7.711e-04
epoch: [228/500] | loss 0: 0.017107 | loss 1: 0.000000 | current lr: 7.677e-04
| loss 0: 1.711e-02| val metric 0: 0.006805 | best val: 0.004516 at epoch 223 | current lr: 7.677e-04
epoch: [229/500] | loss 0: 0.017641 | loss 1: 0.000000 | current lr: 7.644e-04
| loss 0: 1.764e-02| val metric 0: 0.007083 | best val: 0.004516 at epoch 223 | current lr: 7.644e-04
epoch: [230/500] | loss 0: 0.016842 | loss 1: 0.000000 | current lr: 7.611e-04
| loss 0: 1.684e-02| val metric 0: 0.005866 | best val: 0.004516 at epoch 223 | current lr: 7.611e-04
epoch: [231/500] | loss 0: 0.017236 | loss 1: 0.000000 | current lr: 7.577e-04
| loss 0: 1.724e-02| val metric 0: 0.006454 | best val: 0.004516 at epoch 223 | current lr: 7.577e-04
epoch: [232/500] | loss 0: 0.016502 | loss 1: 0.000000 | current lr: 7.544e-04
| loss 0: 1.650e-02| val metric 0: 0.006777 | best val: 0.004516 at epoch 223 | current lr: 7.544e-04
epoch: [233/500] | loss 0: 0.016949 | loss 1: 0.000000 | current lr: 7.510e-04
| loss 0: 1.695e-02| val metric 0: 0.006362 | best val: 0.004516 at epoch 223 | current lr: 7.510e-04
epoch: [234/500] | loss 0: 0.016584 | loss 1: 0.000000 | current lr: 7.476e-04
| loss 0: 1.658e-02| val metric 0: 0.005197 | best val: 0.004516 at epoch 223 | current lr: 7.476e-04
epoch: [235/500] | loss 0: 0.014120 | loss 1: 0.000000 | current lr: 7.441e-04
| loss 0: 1.412e-02| val metric 0: 0.005322 | best val: 0.004516 at epoch 223 | current lr: 7.441e-04
epoch: [236/500] | loss 0: 0.013678 | loss 1: 0.000000 | current lr: 7.407e-04
| loss 0: 1.368e-02| val metric 0: 0.005288 | best val: 0.004516 at epoch 223 | current lr: 7.407e-04
epoch: [237/500] | loss 0: 0.013526 | loss 1: 0.000000 | current lr: 7.373e-04
| loss 0: 1.353e-02| val metric 0: 0.005394 | best val: 0.004516 at epoch 223 | current lr: 7.373e-04
epoch: [238/500] | loss 0: 0.013199 | loss 1: 0.000000 | current lr: 7.338e-04
| loss 0: 1.320e-02| val metric 0: 0.008037 | best val: 0.004516 at epoch 223 | current lr: 7.338e-04
epoch: [239/500] | loss 0: 0.015807 | loss 1: 0.000000 | current lr: 7.303e-04
| loss 0: 1.581e-02| val metric 0: 0.005780 | best val: 0.004516 at epoch 223 | current lr: 7.303e-04
epoch: [240/500] | loss 0: 0.015678 | loss 1: 0.000000 | current lr: 7.268e-04
| loss 0: 1.568e-02| val metric 0: 0.006523 | best val: 0.004516 at epoch 223 | current lr: 7.268e-04
epoch: [241/500] | loss 0: 0.015916 | loss 1: 0.000000 | current lr: 7.233e-04
| loss 0: 1.592e-02| val metric 0: 0.005951 | best val: 0.004516 at epoch 223 | current lr: 7.233e-04
epoch: [242/500] | loss 0: 0.015201 | loss 1: 0.000000 | current lr: 7.198e-04
| loss 0: 1.520e-02| val metric 0: 0.005865 | best val: 0.004516 at epoch 223 | current lr: 7.198e-04
epoch: [243/500] | loss 0: 0.015651 | loss 1: 0.000000 | current lr: 7.163e-04
| loss 0: 1.565e-02| val metric 0: 0.005441 | best val: 0.004516 at epoch 223 | current lr: 7.163e-04
epoch: [244/500] | loss 0: 0.015014 | loss 1: 0.000000 | current lr: 7.127e-04
| loss 0: 1.501e-02| val metric 0: 0.005956 | best val: 0.004516 at epoch 223 | current lr: 7.127e-04
epoch: [245/500] | loss 0: 0.014957 | loss 1: 0.000000 | current lr: 7.092e-04
| loss 0: 1.496e-02| val metric 0: 0.006141 | best val: 0.004516 at epoch 223 | current lr: 7.092e-04
epoch: [246/500] | loss 0: 0.015079 | loss 1: 0.000000 | current lr: 7.056e-04
| loss 0: 1.508e-02| val metric 0: 0.005726 | best val: 0.004516 at epoch 223 | current lr: 7.056e-04
epoch: [247/500] | loss 0: 0.014848 | loss 1: 0.000000 | current lr: 7.020e-04
| loss 0: 1.485e-02| val metric 0: 0.005562 | best val: 0.004516 at epoch 223 | current lr: 7.020e-04
epoch: [248/500] | loss 0: 0.014634 | loss 1: 0.000000 | current lr: 6.984e-04
| loss 0: 1.463e-02| val metric 0: 0.005701 | best val: 0.004516 at epoch 223 | current lr: 6.984e-04
epoch: [249/500] | loss 0: 0.014538 | loss 1: 0.000000 | current lr: 6.948e-04
| loss 0: 1.454e-02| val metric 0: 0.005701 | best val: 0.004516 at epoch 223 | current lr: 6.948e-04
epoch: [250/500] | loss 0: 0.014469 | loss 1: 0.000000 | current lr: 6.912e-04
| loss 0: 1.447e-02| val metric 0: 0.005626 | best val: 0.004516 at epoch 223 | current lr: 6.912e-04
epoch: [251/500] | loss 0: 0.014333 | loss 1: 0.000000 | current lr: 6.875e-04
| loss 0: 1.433e-02| val metric 0: 0.005618 | best val: 0.004516 at epoch 223 | current lr: 6.875e-04
epoch: [252/500] | loss 0: 0.014202 | loss 1: 0.000000 | current lr: 6.839e-04
| loss 0: 1.420e-02| val metric 0: 0.005658 | best val: 0.004516 at epoch 223 | current lr: 6.839e-04
epoch: [253/500] | loss 0: 0.014091 | loss 1: 0.000000 | current lr: 6.802e-04
| loss 0: 1.409e-02| val metric 0: 0.005684 | best val: 0.004516 at epoch 223 | current lr: 6.802e-04
epoch: [254/500] | loss 0: 0.013979 | loss 1: 0.000000 | current lr: 6.766e-04
| loss 0: 1.398e-02| val metric 0: 0.005682 | best val: 0.004516 at epoch 223 | current lr: 6.766e-04
epoch: [255/500] | loss 0: 0.013869 | loss 1: 0.000000 | current lr: 6.729e-04
| loss 0: 1.387e-02| val metric 0: 0.005649 | best val: 0.004516 at epoch 223 | current lr: 6.729e-04
epoch: [256/500] | loss 0: 0.013753 | loss 1: 0.000000 | current lr: 6.692e-04
| loss 0: 1.375e-02| val metric 0: 0.005623 | best val: 0.004516 at epoch 223 | current lr: 6.692e-04
epoch: [257/500] | loss 0: 0.013642 | loss 1: 0.000000 | current lr: 6.655e-04
| loss 0: 1.364e-02| val metric 0: 0.005607 | best val: 0.004516 at epoch 223 | current lr: 6.655e-04
epoch: [258/500] | loss 0: 0.013531 | loss 1: 0.000000 | current lr: 6.618e-04
| loss 0: 1.353e-02| val metric 0: 0.005601 | best val: 0.004516 at epoch 223 | current lr: 6.618e-04
epoch: [259/500] | loss 0: 0.013412 | loss 1: 0.000000 | current lr: 6.581e-04
| loss 0: 1.341e-02| val metric 0: 0.005599 | best val: 0.004516 at epoch 223 | current lr: 6.581e-04
epoch: [260/500] | loss 0: 0.013272 | loss 1: 0.000000 | current lr: 6.543e-04
| loss 0: 1.327e-02| val metric 0: 0.005604 | best val: 0.004516 at epoch 223 | current lr: 6.543e-04
epoch: [261/500] | loss 0: 0.013121 | loss 1: 0.000000 | current lr: 6.506e-04
| loss 0: 1.312e-02| val metric 0: 0.005658 | best val: 0.004516 at epoch 223 | current lr: 6.506e-04
epoch: [262/500] | loss 0: 0.013050 | loss 1: 0.000000 | current lr: 6.468e-04
| loss 0: 1.305e-02| val metric 0: 0.005720 | best val: 0.004516 at epoch 223 | current lr: 6.468e-04
epoch: [263/500] | loss 0: 0.013089 | loss 1: 0.000000 | current lr: 6.431e-04
| loss 0: 1.309e-02| val metric 0: 0.005654 | best val: 0.004516 at epoch 223 | current lr: 6.431e-04
epoch: [264/500] | loss 0: 0.012586 | loss 1: 0.000000 | current lr: 6.393e-04
| loss 0: 1.259e-02| val metric 0: 0.005336 | best val: 0.004516 at epoch 223 | current lr: 6.393e-04
epoch: [265/500] | loss 0: 0.012896 | loss 1: 0.000000 | current lr: 6.355e-04
| loss 0: 1.290e-02| val metric 0: 0.005498 | best val: 0.004516 at epoch 223 | current lr: 6.355e-04
epoch: [266/500] | loss 0: 0.012711 | loss 1: 0.000000 | current lr: 6.317e-04
| loss 0: 1.271e-02| val metric 0: 0.005262 | best val: 0.004516 at epoch 223 | current lr: 6.317e-04
epoch: [267/500] | loss 0: 0.012439 | loss 1: 0.000000 | current lr: 6.280e-04
| loss 0: 1.244e-02| val metric 0: 0.005416 | best val: 0.004516 at epoch 223 | current lr: 6.280e-04
epoch: [268/500] | loss 0: 0.012419 | loss 1: 0.000000 | current lr: 6.242e-04
| loss 0: 1.242e-02| val metric 0: 0.005366 | best val: 0.004516 at epoch 223 | current lr: 6.242e-04
epoch: [269/500] | loss 0: 0.012139 | loss 1: 0.000000 | current lr: 6.203e-04
| loss 0: 1.214e-02| val metric 0: 0.005236 | best val: 0.004516 at epoch 223 | current lr: 6.203e-04
epoch: [270/500] | loss 0: 0.012061 | loss 1: 0.000000 | current lr: 6.165e-04
| loss 0: 1.206e-02| val metric 0: 0.004923 | best val: 0.004516 at epoch 223 | current lr: 6.165e-04
epoch: [271/500] | loss 0: 0.012382 | loss 1: 0.000000 | current lr: 6.127e-04
| loss 0: 1.238e-02| val metric 0: 0.005120 | best val: 0.004516 at epoch 223 | current lr: 6.127e-04
epoch: [272/500] | loss 0: 0.011945 | loss 1: 0.000000 | current lr: 6.089e-04
| loss 0: 1.194e-02| val metric 0: 0.005132 | best val: 0.004516 at epoch 223 | current lr: 6.089e-04
epoch: [273/500] | loss 0: 0.011792 | loss 1: 0.000000 | current lr: 6.050e-04
| loss 0: 1.179e-02| val metric 0: 0.005087 | best val: 0.004516 at epoch 223 | current lr: 6.050e-04
epoch: [274/500] | loss 0: 0.011639 | loss 1: 0.000000 | current lr: 6.012e-04
| loss 0: 1.164e-02| val metric 0: 0.004555 | best val: 0.004516 at epoch 223 | current lr: 6.012e-04
epoch: [275/500] | loss 0: 0.011781 | loss 1: 0.000000 | current lr: 5.974e-04
| loss 0: 1.178e-02| val metric 0: 0.004953 | best val: 0.004516 at epoch 223 | current lr: 5.974e-04
epoch: [276/500] | loss 0: 0.011416 | loss 1: 0.000000 | current lr: 5.935e-04
| loss 0: 1.142e-02| val metric 0: 0.004851 | best val: 0.004516 at epoch 223 | current lr: 5.935e-04
epoch: [277/500] | loss 0: 0.011370 | loss 1: 0.000000 | current lr: 5.896e-04
| loss 0: 1.137e-02| val metric 0: 0.005022 | best val: 0.004516 at epoch 223 | current lr: 5.896e-04
epoch: [278/500] | loss 0: 0.011442 | loss 1: 0.000000 | current lr: 5.858e-04
| loss 0: 1.144e-02| val metric 0: 0.005125 | best val: 0.004516 at epoch 223 | current lr: 5.858e-04
epoch: [279/500] | loss 0: 0.011160 | loss 1: 0.000000 | current lr: 5.819e-04
| loss 0: 1.116e-02| val metric 0: 0.004087 | best val: 0.004087 at epoch 279 | current lr: 5.819e-04
epoch: [280/500] | loss 0: 0.011311 | loss 1: 0.000000 | current lr: 5.780e-04
| loss 0: 1.131e-02| val metric 0: 0.004682 | best val: 0.004087 at epoch 279 | current lr: 5.780e-04
epoch: [281/500] | loss 0: 0.010823 | loss 1: 0.000000 | current lr: 5.741e-04
| loss 0: 1.082e-02| val metric 0: 0.004215 | best val: 0.004087 at epoch 279 | current lr: 5.741e-04
epoch: [282/500] | loss 0: 0.010880 | loss 1: 0.000000 | current lr: 5.703e-04
| loss 0: 1.088e-02| val metric 0: 0.004482 | best val: 0.004087 at epoch 279 | current lr: 5.703e-04
epoch: [283/500] | loss 0: 0.010718 | loss 1: 0.000000 | current lr: 5.664e-04
| loss 0: 1.072e-02| val metric 0: 0.003368 | best val: 0.003368 at epoch 283 | current lr: 5.664e-04
epoch: [284/500] | loss 0: 0.010086 | loss 1: 0.000000 | current lr: 5.625e-04
| loss 0: 1.009e-02| val metric 0: 0.003977 | best val: 0.003368 at epoch 283 | current lr: 5.625e-04
epoch: [285/500] | loss 0: 0.008968 | loss 1: 0.000000 | current lr: 5.586e-04
| loss 0: 8.968e-03| val metric 0: 0.003495 | best val: 0.003368 at epoch 283 | current lr: 5.586e-04
epoch: [286/500] | loss 0: 0.008728 | loss 1: 0.000000 | current lr: 5.547e-04
| loss 0: 8.728e-03| val metric 0: 0.002926 | best val: 0.002926 at epoch 286 | current lr: 5.547e-04
epoch: [287/500] | loss 0: 0.009835 | loss 1: 0.000000 | current lr: 5.508e-04
| loss 0: 9.835e-03| val metric 0: 0.004328 | best val: 0.002926 at epoch 286 | current lr: 5.508e-04
epoch: [288/500] | loss 0: 0.010300 | loss 1: 0.000000 | current lr: 5.469e-04
| loss 0: 1.030e-02| val metric 0: 0.004354 | best val: 0.002926 at epoch 286 | current lr: 5.469e-04
epoch: [289/500] | loss 0: 0.010250 | loss 1: 0.000000 | current lr: 5.429e-04
| loss 0: 1.025e-02| val metric 0: 0.003463 | best val: 0.002926 at epoch 286 | current lr: 5.429e-04
epoch: [290/500] | loss 0: 0.009978 | loss 1: 0.000000 | current lr: 5.390e-04
| loss 0: 9.978e-03| val metric 0: 0.003456 | best val: 0.002926 at epoch 286 | current lr: 5.390e-04
epoch: [291/500] | loss 0: 0.008425 | loss 1: 0.000000 | current lr: 5.351e-04
| loss 0: 8.425e-03| val metric 0: 0.003054 | best val: 0.002926 at epoch 286 | current lr: 5.351e-04
epoch: [292/500] | loss 0: 0.009026 | loss 1: 0.000000 | current lr: 5.312e-04
| loss 0: 9.026e-03| val metric 0: 0.003303 | best val: 0.002926 at epoch 286 | current lr: 5.312e-04
epoch: [293/500] | loss 0: 0.008272 | loss 1: 0.000000 | current lr: 5.273e-04
| loss 0: 8.272e-03| val metric 0: 0.003256 | best val: 0.002926 at epoch 286 | current lr: 5.273e-04
epoch: [294/500] | loss 0: 0.008724 | loss 1: 0.000000 | current lr: 5.234e-04
| loss 0: 8.724e-03| val metric 0: 0.003516 | best val: 0.002926 at epoch 286 | current lr: 5.234e-04
epoch: [295/500] | loss 0: 0.009264 | loss 1: 0.000000 | current lr: 5.194e-04
| loss 0: 9.264e-03| val metric 0: 0.003108 | best val: 0.002926 at epoch 286 | current lr: 5.194e-04
epoch: [296/500] | loss 0: 0.009061 | loss 1: 0.000000 | current lr: 5.155e-04
| loss 0: 9.061e-03| val metric 0: 0.003145 | best val: 0.002926 at epoch 286 | current lr: 5.155e-04
epoch: [297/500] | loss 0: 0.009256 | loss 1: 0.000000 | current lr: 5.116e-04
| loss 0: 9.256e-03| val metric 0: 0.004158 | best val: 0.002926 at epoch 286 | current lr: 5.116e-04
epoch: [298/500] | loss 0: 0.009480 | loss 1: 0.000000 | current lr: 5.077e-04
| loss 0: 9.480e-03| val metric 0: 0.003174 | best val: 0.002926 at epoch 286 | current lr: 5.077e-04
epoch: [299/500] | loss 0: 0.009606 | loss 1: 0.000000 | current lr: 5.037e-04
| loss 0: 9.606e-03| val metric 0: 0.003898 | best val: 0.002926 at epoch 286 | current lr: 5.037e-04
epoch: [300/500] | loss 0: 0.009375 | loss 1: 0.000000 | current lr: 4.998e-04
| loss 0: 9.375e-03| val metric 0: 0.003763 | best val: 0.002926 at epoch 286 | current lr: 4.998e-04
epoch: [301/500] | loss 0: 0.009162 | loss 1: 0.000000 | current lr: 4.959e-04
| loss 0: 9.162e-03| val metric 0: 0.002995 | best val: 0.002926 at epoch 286 | current lr: 4.959e-04
epoch: [302/500] | loss 0: 0.007703 | loss 1: 0.000000 | current lr: 4.920e-04
| loss 0: 7.703e-03| val metric 0: 0.003145 | best val: 0.002926 at epoch 286 | current lr: 4.920e-04
epoch: [303/500] | loss 0: 0.007682 | loss 1: 0.000000 | current lr: 4.880e-04
| loss 0: 7.682e-03| val metric 0: 0.003123 | best val: 0.002926 at epoch 286 | current lr: 4.880e-04
epoch: [304/500] | loss 0: 0.007519 | loss 1: 0.000000 | current lr: 4.841e-04
| loss 0: 7.519e-03| val metric 0: 0.003017 | best val: 0.002926 at epoch 286 | current lr: 4.841e-04
epoch: [305/500] | loss 0: 0.007410 | loss 1: 0.000000 | current lr: 4.802e-04
| loss 0: 7.410e-03| val metric 0: 0.002777 | best val: 0.002777 at epoch 305 | current lr: 4.802e-04
epoch: [306/500] | loss 0: 0.008275 | loss 1: 0.000000 | current lr: 4.763e-04
| loss 0: 8.275e-03| val metric 0: 0.002871 | best val: 0.002777 at epoch 305 | current lr: 4.763e-04
epoch: [307/500] | loss 0: 0.007469 | loss 1: 0.000000 | current lr: 4.723e-04
| loss 0: 7.469e-03| val metric 0: 0.002741 | best val: 0.002741 at epoch 307 | current lr: 4.723e-04
epoch: [308/500] | loss 0: 0.007432 | loss 1: 0.000000 | current lr: 4.684e-04
| loss 0: 7.432e-03| val metric 0: 0.002776 | best val: 0.002741 at epoch 307 | current lr: 4.684e-04
epoch: [309/500] | loss 0: 0.008199 | loss 1: 0.000000 | current lr: 4.645e-04
| loss 0: 8.199e-03| val metric 0: 0.003255 | best val: 0.002741 at epoch 307 | current lr: 4.645e-04
epoch: [310/500] | loss 0: 0.008825 | loss 1: 0.000000 | current lr: 4.606e-04
| loss 0: 8.825e-03| val metric 0: 0.003828 | best val: 0.002741 at epoch 307 | current lr: 4.606e-04
epoch: [311/500] | loss 0: 0.008668 | loss 1: 0.000000 | current lr: 4.567e-04
| loss 0: 8.668e-03| val metric 0: 0.003578 | best val: 0.002741 at epoch 307 | current lr: 4.567e-04
epoch: [312/500] | loss 0: 0.008414 | loss 1: 0.000000 | current lr: 4.528e-04
| loss 0: 8.414e-03| val metric 0: 0.002857 | best val: 0.002741 at epoch 307 | current lr: 4.528e-04
epoch: [313/500] | loss 0: 0.007701 | loss 1: 0.000000 | current lr: 4.488e-04
| loss 0: 7.701e-03| val metric 0: 0.002700 | best val: 0.002700 at epoch 313 | current lr: 4.488e-04
epoch: [314/500] | loss 0: 0.007062 | loss 1: 0.000000 | current lr: 4.449e-04
| loss 0: 7.062e-03| val metric 0: 0.002814 | best val: 0.002700 at epoch 313 | current lr: 4.449e-04
epoch: [315/500] | loss 0: 0.006947 | loss 1: 0.000000 | current lr: 4.410e-04
| loss 0: 6.947e-03| val metric 0: 0.002958 | best val: 0.002700 at epoch 313 | current lr: 4.410e-04
epoch: [316/500] | loss 0: 0.007009 | loss 1: 0.000000 | current lr: 4.371e-04
| loss 0: 7.009e-03| val metric 0: 0.002866 | best val: 0.002700 at epoch 313 | current lr: 4.371e-04
epoch: [317/500] | loss 0: 0.006898 | loss 1: 0.000000 | current lr: 4.332e-04
| loss 0: 6.898e-03| val metric 0: 0.003019 | best val: 0.002700 at epoch 313 | current lr: 4.332e-04
epoch: [318/500] | loss 0: 0.006856 | loss 1: 0.000000 | current lr: 4.294e-04
| loss 0: 6.856e-03| val metric 0: 0.002606 | best val: 0.002606 at epoch 318 | current lr: 4.294e-04
epoch: [319/500] | loss 0: 0.006801 | loss 1: 0.000000 | current lr: 4.255e-04
| loss 0: 6.801e-03| val metric 0: 0.002610 | best val: 0.002606 at epoch 318 | current lr: 4.255e-04
epoch: [320/500] | loss 0: 0.006782 | loss 1: 0.000000 | current lr: 4.216e-04
| loss 0: 6.782e-03| val metric 0: 0.002665 | best val: 0.002606 at epoch 318 | current lr: 4.216e-04
epoch: [321/500] | loss 0: 0.006751 | loss 1: 0.000000 | current lr: 4.177e-04
| loss 0: 6.751e-03| val metric 0: 0.002589 | best val: 0.002589 at epoch 321 | current lr: 4.177e-04
epoch: [322/500] | loss 0: 0.006755 | loss 1: 0.000000 | current lr: 4.138e-04
| loss 0: 6.755e-03| val metric 0: 0.002642 | best val: 0.002589 at epoch 321 | current lr: 4.138e-04
epoch: [323/500] | loss 0: 0.006585 | loss 1: 0.000000 | current lr: 4.100e-04
| loss 0: 6.585e-03| val metric 0: 0.002787 | best val: 0.002589 at epoch 321 | current lr: 4.100e-04
epoch: [324/500] | loss 0: 0.006646 | loss 1: 0.000000 | current lr: 4.061e-04
| loss 0: 6.646e-03| val metric 0: 0.002679 | best val: 0.002589 at epoch 321 | current lr: 4.061e-04
epoch: [325/500] | loss 0: 0.006596 | loss 1: 0.000000 | current lr: 4.023e-04
| loss 0: 6.596e-03| val metric 0: 0.002553 | best val: 0.002553 at epoch 325 | current lr: 4.023e-04
epoch: [326/500] | loss 0: 0.006313 | loss 1: 0.000000 | current lr: 3.984e-04
| loss 0: 6.313e-03| val metric 0: 0.002650 | best val: 0.002553 at epoch 325 | current lr: 3.984e-04
epoch: [327/500] | loss 0: 0.006215 | loss 1: 0.000000 | current lr: 3.946e-04
| loss 0: 6.215e-03| val metric 0: 0.002453 | best val: 0.002453 at epoch 327 | current lr: 3.946e-04
epoch: [328/500] | loss 0: 0.006420 | loss 1: 0.000000 | current lr: 3.907e-04
| loss 0: 6.420e-03| val metric 0: 0.002697 | best val: 0.002453 at epoch 327 | current lr: 3.907e-04
epoch: [329/500] | loss 0: 0.006391 | loss 1: 0.000000 | current lr: 3.869e-04
| loss 0: 6.391e-03| val metric 0: 0.002443 | best val: 0.002443 at epoch 329 | current lr: 3.869e-04
epoch: [330/500] | loss 0: 0.006266 | loss 1: 0.000000 | current lr: 3.831e-04
| loss 0: 6.266e-03| val metric 0: 0.002512 | best val: 0.002443 at epoch 329 | current lr: 3.831e-04
epoch: [331/500] | loss 0: 0.006319 | loss 1: 0.000000 | current lr: 3.793e-04
| loss 0: 6.319e-03| val metric 0: 0.002587 | best val: 0.002443 at epoch 329 | current lr: 3.793e-04
epoch: [332/500] | loss 0: 0.006266 | loss 1: 0.000000 | current lr: 3.755e-04
| loss 0: 6.266e-03| val metric 0: 0.002434 | best val: 0.002434 at epoch 332 | current lr: 3.755e-04
epoch: [333/500] | loss 0: 0.006109 | loss 1: 0.000000 | current lr: 3.717e-04
| loss 0: 6.109e-03| val metric 0: 0.002516 | best val: 0.002434 at epoch 332 | current lr: 3.717e-04
epoch: [334/500] | loss 0: 0.006219 | loss 1: 0.000000 | current lr: 3.679e-04
| loss 0: 6.219e-03| val metric 0: 0.002537 | best val: 0.002434 at epoch 332 | current lr: 3.679e-04
epoch: [335/500] | loss 0: 0.006498 | loss 1: 0.000000 | current lr: 3.641e-04
| loss 0: 6.498e-03| val metric 0: 0.002507 | best val: 0.002434 at epoch 332 | current lr: 3.641e-04
epoch: [336/500] | loss 0: 0.006295 | loss 1: 0.000000 | current lr: 3.603e-04
| loss 0: 6.295e-03| val metric 0: 0.002536 | best val: 0.002434 at epoch 332 | current lr: 3.603e-04
epoch: [337/500] | loss 0: 0.006242 | loss 1: 0.000000 | current lr: 3.565e-04
| loss 0: 6.242e-03| val metric 0: 0.002599 | best val: 0.002434 at epoch 332 | current lr: 3.565e-04
epoch: [338/500] | loss 0: 0.006398 | loss 1: 0.000000 | current lr: 3.528e-04
| loss 0: 6.398e-03| val metric 0: 0.002420 | best val: 0.002420 at epoch 338 | current lr: 3.528e-04
epoch: [339/500] | loss 0: 0.006980 | loss 1: 0.000000 | current lr: 3.490e-04
| loss 0: 6.980e-03| val metric 0: 0.002632 | best val: 0.002420 at epoch 338 | current lr: 3.490e-04
epoch: [340/500] | loss 0: 0.006612 | loss 1: 0.000000 | current lr: 3.453e-04
| loss 0: 6.612e-03| val metric 0: 0.002366 | best val: 0.002366 at epoch 340 | current lr: 3.453e-04
epoch: [341/500] | loss 0: 0.005917 | loss 1: 0.000000 | current lr: 3.416e-04
| loss 0: 5.917e-03| val metric 0: 0.002350 | best val: 0.002350 at epoch 341 | current lr: 3.416e-04
epoch: [342/500] | loss 0: 0.005865 | loss 1: 0.000000 | current lr: 3.379e-04
| loss 0: 5.865e-03| val metric 0: 0.002339 | best val: 0.002339 at epoch 342 | current lr: 3.379e-04
epoch: [343/500] | loss 0: 0.005753 | loss 1: 0.000000 | current lr: 3.341e-04
| loss 0: 5.753e-03| val metric 0: 0.002313 | best val: 0.002313 at epoch 343 | current lr: 3.341e-04
epoch: [344/500] | loss 0: 0.005789 | loss 1: 0.000000 | current lr: 3.304e-04
| loss 0: 5.789e-03| val metric 0: 0.002331 | best val: 0.002313 at epoch 343 | current lr: 3.304e-04
epoch: [345/500] | loss 0: 0.005735 | loss 1: 0.000000 | current lr: 3.268e-04
| loss 0: 5.735e-03| val metric 0: 0.002301 | best val: 0.002301 at epoch 345 | current lr: 3.268e-04
epoch: [346/500] | loss 0: 0.005680 | loss 1: 0.000000 | current lr: 3.231e-04
| loss 0: 5.680e-03| val metric 0: 0.002306 | best val: 0.002301 at epoch 345 | current lr: 3.231e-04
epoch: [347/500] | loss 0: 0.005634 | loss 1: 0.000000 | current lr: 3.194e-04
| loss 0: 5.634e-03| val metric 0: 0.002281 | best val: 0.002281 at epoch 347 | current lr: 3.194e-04
epoch: [348/500] | loss 0: 0.005614 | loss 1: 0.000000 | current lr: 3.158e-04
| loss 0: 5.614e-03| val metric 0: 0.002276 | best val: 0.002276 at epoch 348 | current lr: 3.158e-04
epoch: [349/500] | loss 0: 0.005565 | loss 1: 0.000000 | current lr: 3.121e-04
| loss 0: 5.565e-03| val metric 0: 0.002258 | best val: 0.002258 at epoch 349 | current lr: 3.121e-04
epoch: [350/500] | loss 0: 0.005557 | loss 1: 0.000000 | current lr: 3.085e-04
| loss 0: 5.557e-03| val metric 0: 0.002252 | best val: 0.002252 at epoch 350 | current lr: 3.085e-04
epoch: [351/500] | loss 0: 0.005519 | loss 1: 0.000000 | current lr: 3.049e-04
| loss 0: 5.519e-03| val metric 0: 0.002243 | best val: 0.002243 at epoch 351 | current lr: 3.049e-04
epoch: [352/500] | loss 0: 0.005518 | loss 1: 0.000000 | current lr: 3.012e-04
| loss 0: 5.518e-03| val metric 0: 0.002252 | best val: 0.002243 at epoch 351 | current lr: 3.012e-04
epoch: [353/500] | loss 0: 0.005524 | loss 1: 0.000000 | current lr: 2.976e-04
| loss 0: 5.524e-03| val metric 0: 0.002250 | best val: 0.002243 at epoch 351 | current lr: 2.976e-04
epoch: [354/500] | loss 0: 0.005522 | loss 1: 0.000000 | current lr: 2.941e-04
| loss 0: 5.522e-03| val metric 0: 0.002274 | best val: 0.002243 at epoch 351 | current lr: 2.941e-04
epoch: [355/500] | loss 0: 0.005598 | loss 1: 0.000000 | current lr: 2.905e-04
| loss 0: 5.598e-03| val metric 0: 0.002288 | best val: 0.002243 at epoch 351 | current lr: 2.905e-04
epoch: [356/500] | loss 0: 0.005544 | loss 1: 0.000000 | current lr: 2.869e-04
| loss 0: 5.544e-03| val metric 0: 0.002251 | best val: 0.002243 at epoch 351 | current lr: 2.869e-04
epoch: [357/500] | loss 0: 0.005439 | loss 1: 0.000000 | current lr: 2.834e-04
| loss 0: 5.439e-03| val metric 0: 0.002215 | best val: 0.002215 at epoch 357 | current lr: 2.834e-04
epoch: [358/500] | loss 0: 0.005397 | loss 1: 0.000000 | current lr: 2.799e-04
| loss 0: 5.397e-03| val metric 0: 0.002202 | best val: 0.002202 at epoch 358 | current lr: 2.799e-04
epoch: [359/500] | loss 0: 0.005377 | loss 1: 0.000000 | current lr: 2.763e-04
| loss 0: 5.377e-03| val metric 0: 0.002199 | best val: 0.002199 at epoch 359 | current lr: 2.763e-04
epoch: [360/500] | loss 0: 0.005368 | loss 1: 0.000000 | current lr: 2.728e-04
| loss 0: 5.368e-03| val metric 0: 0.002199 | best val: 0.002199 at epoch 360 | current lr: 2.728e-04
epoch: [361/500] | loss 0: 0.005353 | loss 1: 0.000000 | current lr: 2.693e-04
| loss 0: 5.353e-03| val metric 0: 0.002192 | best val: 0.002192 at epoch 361 | current lr: 2.693e-04
epoch: [362/500] | loss 0: 0.005330 | loss 1: 0.000000 | current lr: 2.659e-04
| loss 0: 5.330e-03| val metric 0: 0.002182 | best val: 0.002182 at epoch 362 | current lr: 2.659e-04
epoch: [363/500] | loss 0: 0.005305 | loss 1: 0.000000 | current lr: 2.624e-04
| loss 0: 5.305e-03| val metric 0: 0.002169 | best val: 0.002169 at epoch 363 | current lr: 2.624e-04
epoch: [364/500] | loss 0: 0.005298 | loss 1: 0.000000 | current lr: 2.590e-04
| loss 0: 5.298e-03| val metric 0: 0.002151 | best val: 0.002151 at epoch 364 | current lr: 2.590e-04
epoch: [365/500] | loss 0: 0.005541 | loss 1: 0.000000 | current lr: 2.555e-04
| loss 0: 5.541e-03| val metric 0: 0.002285 | best val: 0.002151 at epoch 364 | current lr: 2.555e-04
epoch: [366/500] | loss 0: 0.005824 | loss 1: 0.000000 | current lr: 2.521e-04
| loss 0: 5.824e-03| val metric 0: 0.002275 | best val: 0.002151 at epoch 364 | current lr: 2.521e-04
epoch: [367/500] | loss 0: 0.005703 | loss 1: 0.000000 | current lr: 2.487e-04
| loss 0: 5.703e-03| val metric 0: 0.002386 | best val: 0.002151 at epoch 364 | current lr: 2.487e-04
epoch: [368/500] | loss 0: 0.005730 | loss 1: 0.000000 | current lr: 2.453e-04
| loss 0: 5.730e-03| val metric 0: 0.002260 | best val: 0.002151 at epoch 364 | current lr: 2.453e-04
epoch: [369/500] | loss 0: 0.005535 | loss 1: 0.000000 | current lr: 2.419e-04
| loss 0: 5.535e-03| val metric 0: 0.002282 | best val: 0.002151 at epoch 364 | current lr: 2.419e-04
epoch: [370/500] | loss 0: 0.005601 | loss 1: 0.000000 | current lr: 2.386e-04
| loss 0: 5.601e-03| val metric 0: 0.002251 | best val: 0.002151 at epoch 364 | current lr: 2.386e-04
epoch: [371/500] | loss 0: 0.005483 | loss 1: 0.000000 | current lr: 2.352e-04
| loss 0: 5.483e-03| val metric 0: 0.002248 | best val: 0.002151 at epoch 364 | current lr: 2.352e-04
epoch: [372/500] | loss 0: 0.005457 | loss 1: 0.000000 | current lr: 2.319e-04
| loss 0: 5.457e-03| val metric 0: 0.002229 | best val: 0.002151 at epoch 364 | current lr: 2.319e-04
epoch: [373/500] | loss 0: 0.005397 | loss 1: 0.000000 | current lr: 2.286e-04
| loss 0: 5.397e-03| val metric 0: 0.002214 | best val: 0.002151 at epoch 364 | current lr: 2.286e-04
epoch: [374/500] | loss 0: 0.005352 | loss 1: 0.000000 | current lr: 2.253e-04
| loss 0: 5.352e-03| val metric 0: 0.002202 | best val: 0.002151 at epoch 364 | current lr: 2.253e-04
epoch: [375/500] | loss 0: 0.005313 | loss 1: 0.000000 | current lr: 2.221e-04
| loss 0: 5.313e-03| val metric 0: 0.002188 | best val: 0.002151 at epoch 364 | current lr: 2.221e-04
epoch: [376/500] | loss 0: 0.005275 | loss 1: 0.000000 | current lr: 2.188e-04
| loss 0: 5.275e-03| val metric 0: 0.002173 | best val: 0.002151 at epoch 364 | current lr: 2.188e-04
epoch: [377/500] | loss 0: 0.005238 | loss 1: 0.000000 | current lr: 2.156e-04
| loss 0: 5.238e-03| val metric 0: 0.002157 | best val: 0.002151 at epoch 364 | current lr: 2.156e-04
epoch: [378/500] | loss 0: 0.005202 | loss 1: 0.000000 | current lr: 2.123e-04
| loss 0: 5.202e-03| val metric 0: 0.002139 | best val: 0.002139 at epoch 378 | current lr: 2.123e-04
epoch: [379/500] | loss 0: 0.005167 | loss 1: 0.000000 | current lr: 2.091e-04
| loss 0: 5.167e-03| val metric 0: 0.002121 | best val: 0.002121 at epoch 379 | current lr: 2.091e-04
epoch: [380/500] | loss 0: 0.005133 | loss 1: 0.000000 | current lr: 2.059e-04
| loss 0: 5.133e-03| val metric 0: 0.002104 | best val: 0.002104 at epoch 380 | current lr: 2.059e-04
epoch: [381/500] | loss 0: 0.005101 | loss 1: 0.000000 | current lr: 2.028e-04
| loss 0: 5.101e-03| val metric 0: 0.002087 | best val: 0.002087 at epoch 381 | current lr: 2.028e-04
epoch: [382/500] | loss 0: 0.005073 | loss 1: 0.000000 | current lr: 1.996e-04
| loss 0: 5.073e-03| val metric 0: 0.002071 | best val: 0.002071 at epoch 382 | current lr: 1.996e-04
epoch: [383/500] | loss 0: 0.005048 | loss 1: 0.000000 | current lr: 1.965e-04
| loss 0: 5.048e-03| val metric 0: 0.002057 | best val: 0.002057 at epoch 383 | current lr: 1.965e-04
epoch: [384/500] | loss 0: 0.005028 | loss 1: 0.000000 | current lr: 1.934e-04
| loss 0: 5.028e-03| val metric 0: 0.002045 | best val: 0.002045 at epoch 384 | current lr: 1.934e-04
epoch: [385/500] | loss 0: 0.005012 | loss 1: 0.000000 | current lr: 1.903e-04
| loss 0: 5.012e-03| val metric 0: 0.002038 | best val: 0.002038 at epoch 385 | current lr: 1.903e-04
epoch: [386/500] | loss 0: 0.004997 | loss 1: 0.000000 | current lr: 1.872e-04
| loss 0: 4.997e-03| val metric 0: 0.002033 | best val: 0.002033 at epoch 386 | current lr: 1.872e-04
epoch: [387/500] | loss 0: 0.004982 | loss 1: 0.000000 | current lr: 1.842e-04
| loss 0: 4.982e-03| val metric 0: 0.002029 | best val: 0.002029 at epoch 387 | current lr: 1.842e-04
epoch: [388/500] | loss 0: 0.004968 | loss 1: 0.000000 | current lr: 1.811e-04
| loss 0: 4.968e-03| val metric 0: 0.002025 | best val: 0.002025 at epoch 388 | current lr: 1.811e-04
epoch: [389/500] | loss 0: 0.004956 | loss 1: 0.000000 | current lr: 1.781e-04
| loss 0: 4.956e-03| val metric 0: 0.002022 | best val: 0.002022 at epoch 389 | current lr: 1.781e-04
epoch: [390/500] | loss 0: 0.004946 | loss 1: 0.000000 | current lr: 1.751e-04
| loss 0: 4.946e-03| val metric 0: 0.002019 | best val: 0.002019 at epoch 390 | current lr: 1.751e-04
epoch: [391/500] | loss 0: 0.004937 | loss 1: 0.000000 | current lr: 1.722e-04
| loss 0: 4.937e-03| val metric 0: 0.002015 | best val: 0.002015 at epoch 391 | current lr: 1.722e-04
epoch: [392/500] | loss 0: 0.004929 | loss 1: 0.000000 | current lr: 1.692e-04
| loss 0: 4.929e-03| val metric 0: 0.002012 | best val: 0.002012 at epoch 392 | current lr: 1.692e-04
epoch: [393/500] | loss 0: 0.004923 | loss 1: 0.000000 | current lr: 1.663e-04
| loss 0: 4.923e-03| val metric 0: 0.002009 | best val: 0.002009 at epoch 393 | current lr: 1.663e-04
epoch: [394/500] | loss 0: 0.004919 | loss 1: 0.000000 | current lr: 1.633e-04
| loss 0: 4.919e-03| val metric 0: 0.002005 | best val: 0.002005 at epoch 394 | current lr: 1.633e-04
epoch: [395/500] | loss 0: 0.004918 | loss 1: 0.000000 | current lr: 1.605e-04
| loss 0: 4.918e-03| val metric 0: 0.002001 | best val: 0.002001 at epoch 395 | current lr: 1.605e-04
epoch: [396/500] | loss 0: 0.004922 | loss 1: 0.000000 | current lr: 1.576e-04
| loss 0: 4.922e-03| val metric 0: 0.001996 | best val: 0.001996 at epoch 396 | current lr: 1.576e-04
epoch: [397/500] | loss 0: 0.004930 | loss 1: 0.000000 | current lr: 1.547e-04
| loss 0: 4.930e-03| val metric 0: 0.001999 | best val: 0.001996 at epoch 396 | current lr: 1.547e-04
epoch: [398/500] | loss 0: 0.004937 | loss 1: 0.000000 | current lr: 1.519e-04
| loss 0: 4.937e-03| val metric 0: 0.002026 | best val: 0.001996 at epoch 396 | current lr: 1.519e-04
epoch: [399/500] | loss 0: 0.004940 | loss 1: 0.000000 | current lr: 1.491e-04
| loss 0: 4.940e-03| val metric 0: 0.002050 | best val: 0.001996 at epoch 396 | current lr: 1.491e-04
epoch: [400/500] | loss 0: 0.004921 | loss 1: 0.000000 | current lr: 1.463e-04
| loss 0: 4.921e-03| val metric 0: 0.002031 | best val: 0.001996 at epoch 396 | current lr: 1.463e-04
epoch: [401/500] | loss 0: 0.004888 | loss 1: 0.000000 | current lr: 1.435e-04
| loss 0: 4.888e-03| val metric 0: 0.002010 | best val: 0.001996 at epoch 396 | current lr: 1.435e-04
epoch: [402/500] | loss 0: 0.004864 | loss 1: 0.000000 | current lr: 1.408e-04
| loss 0: 4.864e-03| val metric 0: 0.001998 | best val: 0.001996 at epoch 396 | current lr: 1.408e-04
epoch: [403/500] | loss 0: 0.004846 | loss 1: 0.000000 | current lr: 1.381e-04
| loss 0: 4.846e-03| val metric 0: 0.001988 | best val: 0.001988 at epoch 403 | current lr: 1.381e-04
epoch: [404/500] | loss 0: 0.004830 | loss 1: 0.000000 | current lr: 1.354e-04
| loss 0: 4.830e-03| val metric 0: 0.001981 | best val: 0.001981 at epoch 404 | current lr: 1.354e-04
epoch: [405/500] | loss 0: 0.004819 | loss 1: 0.000000 | current lr: 1.327e-04
| loss 0: 4.819e-03| val metric 0: 0.001975 | best val: 0.001975 at epoch 405 | current lr: 1.327e-04
epoch: [406/500] | loss 0: 0.004810 | loss 1: 0.000000 | current lr: 1.301e-04
| loss 0: 4.810e-03| val metric 0: 0.001971 | best val: 0.001971 at epoch 406 | current lr: 1.301e-04
epoch: [407/500] | loss 0: 0.004802 | loss 1: 0.000000 | current lr: 1.274e-04
| loss 0: 4.802e-03| val metric 0: 0.001966 | best val: 0.001966 at epoch 407 | current lr: 1.274e-04
epoch: [408/500] | loss 0: 0.004794 | loss 1: 0.000000 | current lr: 1.248e-04
| loss 0: 4.794e-03| val metric 0: 0.001961 | best val: 0.001961 at epoch 408 | current lr: 1.248e-04
epoch: [409/500] | loss 0: 0.004786 | loss 1: 0.000000 | current lr: 1.222e-04
| loss 0: 4.786e-03| val metric 0: 0.001956 | best val: 0.001956 at epoch 409 | current lr: 1.222e-04
epoch: [410/500] | loss 0: 0.004777 | loss 1: 0.000000 | current lr: 1.197e-04
| loss 0: 4.777e-03| val metric 0: 0.001953 | best val: 0.001953 at epoch 410 | current lr: 1.197e-04
epoch: [411/500] | loss 0: 0.004768 | loss 1: 0.000000 | current lr: 1.171e-04
| loss 0: 4.768e-03| val metric 0: 0.001951 | best val: 0.001951 at epoch 411 | current lr: 1.171e-04
epoch: [412/500] | loss 0: 0.004759 | loss 1: 0.000000 | current lr: 1.146e-04
| loss 0: 4.759e-03| val metric 0: 0.001948 | best val: 0.001948 at epoch 412 | current lr: 1.146e-04
epoch: [413/500] | loss 0: 0.004752 | loss 1: 0.000000 | current lr: 1.121e-04
| loss 0: 4.752e-03| val metric 0: 0.001945 | best val: 0.001945 at epoch 413 | current lr: 1.121e-04
epoch: [414/500] | loss 0: 0.004746 | loss 1: 0.000000 | current lr: 1.097e-04
| loss 0: 4.746e-03| val metric 0: 0.001943 | best val: 0.001943 at epoch 414 | current lr: 1.097e-04
epoch: [415/500] | loss 0: 0.004742 | loss 1: 0.000000 | current lr: 1.072e-04
| loss 0: 4.742e-03| val metric 0: 0.001942 | best val: 0.001942 at epoch 415 | current lr: 1.072e-04
epoch: [416/500] | loss 0: 0.004739 | loss 1: 0.000000 | current lr: 1.048e-04
| loss 0: 4.739e-03| val metric 0: 0.001943 | best val: 0.001942 at epoch 415 | current lr: 1.048e-04
epoch: [417/500] | loss 0: 0.004737 | loss 1: 0.000000 | current lr: 1.024e-04
| loss 0: 4.737e-03| val metric 0: 0.001945 | best val: 0.001942 at epoch 415 | current lr: 1.024e-04
epoch: [418/500] | loss 0: 0.004734 | loss 1: 0.000000 | current lr: 1.000e-04
| loss 0: 4.734e-03| val metric 0: 0.001944 | best val: 0.001942 at epoch 415 | current lr: 1.000e-04
epoch: [419/500] | loss 0: 0.004727 | loss 1: 0.000000 | current lr: 9.770e-05
| loss 0: 4.727e-03| val metric 0: 0.001936 | best val: 0.001936 at epoch 419 | current lr: 9.770e-05
epoch: [420/500] | loss 0: 0.004714 | loss 1: 0.000000 | current lr: 9.538e-05
| loss 0: 4.714e-03| val metric 0: 0.001925 | best val: 0.001925 at epoch 420 | current lr: 9.538e-05
epoch: [421/500] | loss 0: 0.004701 | loss 1: 0.000000 | current lr: 9.308e-05
| loss 0: 4.701e-03| val metric 0: 0.001921 | best val: 0.001921 at epoch 421 | current lr: 9.308e-05
epoch: [422/500] | loss 0: 0.004691 | loss 1: 0.000000 | current lr: 9.081e-05
| loss 0: 4.691e-03| val metric 0: 0.001918 | best val: 0.001918 at epoch 422 | current lr: 9.081e-05
epoch: [423/500] | loss 0: 0.004685 | loss 1: 0.000000 | current lr: 8.857e-05
| loss 0: 4.685e-03| val metric 0: 0.001916 | best val: 0.001916 at epoch 423 | current lr: 8.857e-05
epoch: [424/500] | loss 0: 0.004680 | loss 1: 0.000000 | current lr: 8.635e-05
| loss 0: 4.680e-03| val metric 0: 0.001914 | best val: 0.001914 at epoch 424 | current lr: 8.635e-05
epoch: [425/500] | loss 0: 0.004675 | loss 1: 0.000000 | current lr: 8.416e-05
| loss 0: 4.675e-03| val metric 0: 0.001912 | best val: 0.001912 at epoch 425 | current lr: 8.416e-05
epoch: [426/500] | loss 0: 0.004670 | loss 1: 0.000000 | current lr: 8.199e-05
| loss 0: 4.670e-03| val metric 0: 0.001910 | best val: 0.001910 at epoch 426 | current lr: 8.199e-05
epoch: [427/500] | loss 0: 0.004666 | loss 1: 0.000000 | current lr: 7.985e-05
| loss 0: 4.666e-03| val metric 0: 0.001909 | best val: 0.001909 at epoch 427 | current lr: 7.985e-05
epoch: [428/500] | loss 0: 0.004662 | loss 1: 0.000000 | current lr: 7.773e-05
| loss 0: 4.662e-03| val metric 0: 0.001908 | best val: 0.001908 at epoch 428 | current lr: 7.773e-05
epoch: [429/500] | loss 0: 0.004659 | loss 1: 0.000000 | current lr: 7.564e-05
| loss 0: 4.659e-03| val metric 0: 0.001907 | best val: 0.001907 at epoch 429 | current lr: 7.564e-05
epoch: [430/500] | loss 0: 0.004657 | loss 1: 0.000000 | current lr: 7.358e-05
| loss 0: 4.657e-03| val metric 0: 0.001907 | best val: 0.001907 at epoch 429 | current lr: 7.358e-05
epoch: [431/500] | loss 0: 0.004655 | loss 1: 0.000000 | current lr: 7.154e-05
| loss 0: 4.655e-03| val metric 0: 0.001908 | best val: 0.001907 at epoch 429 | current lr: 7.154e-05
epoch: [432/500] | loss 0: 0.004654 | loss 1: 0.000000 | current lr: 6.953e-05
| loss 0: 4.654e-03| val metric 0: 0.001910 | best val: 0.001907 at epoch 429 | current lr: 6.953e-05
epoch: [433/500] | loss 0: 0.004655 | loss 1: 0.000000 | current lr: 6.754e-05
| loss 0: 4.655e-03| val metric 0: 0.001913 | best val: 0.001907 at epoch 429 | current lr: 6.754e-05
epoch: [434/500] | loss 0: 0.004660 | loss 1: 0.000000 | current lr: 6.559e-05
| loss 0: 4.660e-03| val metric 0: 0.001918 | best val: 0.001907 at epoch 429 | current lr: 6.559e-05
epoch: [435/500] | loss 0: 0.004672 | loss 1: 0.000000 | current lr: 6.366e-05
| loss 0: 4.672e-03| val metric 0: 0.001922 | best val: 0.001907 at epoch 429 | current lr: 6.366e-05
epoch: [436/500] | loss 0: 0.004691 | loss 1: 0.000000 | current lr: 6.175e-05
| loss 0: 4.691e-03| val metric 0: 0.001915 | best val: 0.001907 at epoch 429 | current lr: 6.175e-05
epoch: [437/500] | loss 0: 0.004706 | loss 1: 0.000000 | current lr: 5.988e-05
| loss 0: 4.706e-03| val metric 0: 0.001895 | best val: 0.001895 at epoch 437 | current lr: 5.988e-05
epoch: [438/500] | loss 0: 0.004685 | loss 1: 0.000000 | current lr: 5.803e-05
| loss 0: 4.685e-03| val metric 0: 0.001892 | best val: 0.001892 at epoch 438 | current lr: 5.803e-05
epoch: [439/500] | loss 0: 0.004641 | loss 1: 0.000000 | current lr: 5.620e-05
| loss 0: 4.641e-03| val metric 0: 0.001894 | best val: 0.001892 at epoch 438 | current lr: 5.620e-05
epoch: [440/500] | loss 0: 0.004613 | loss 1: 0.000000 | current lr: 5.441e-05
| loss 0: 4.613e-03| val metric 0: 0.001889 | best val: 0.001889 at epoch 440 | current lr: 5.441e-05
epoch: [441/500] | loss 0: 0.004605 | loss 1: 0.000000 | current lr: 5.264e-05
| loss 0: 4.605e-03| val metric 0: 0.001887 | best val: 0.001887 at epoch 441 | current lr: 5.264e-05
epoch: [442/500] | loss 0: 0.004602 | loss 1: 0.000000 | current lr: 5.090e-05
| loss 0: 4.602e-03| val metric 0: 0.001886 | best val: 0.001886 at epoch 442 | current lr: 5.090e-05
epoch: [443/500] | loss 0: 0.004596 | loss 1: 0.000000 | current lr: 4.919e-05
| loss 0: 4.596e-03| val metric 0: 0.001884 | best val: 0.001884 at epoch 443 | current lr: 4.919e-05
epoch: [444/500] | loss 0: 0.004592 | loss 1: 0.000000 | current lr: 4.750e-05
| loss 0: 4.592e-03| val metric 0: 0.001882 | best val: 0.001882 at epoch 444 | current lr: 4.750e-05
epoch: [445/500] | loss 0: 0.004588 | loss 1: 0.000000 | current lr: 4.585e-05
| loss 0: 4.588e-03| val metric 0: 0.001880 | best val: 0.001880 at epoch 445 | current lr: 4.585e-05
epoch: [446/500] | loss 0: 0.004585 | loss 1: 0.000000 | current lr: 4.422e-05
| loss 0: 4.585e-03| val metric 0: 0.001879 | best val: 0.001879 at epoch 446 | current lr: 4.422e-05
epoch: [447/500] | loss 0: 0.004582 | loss 1: 0.000000 | current lr: 4.262e-05
| loss 0: 4.582e-03| val metric 0: 0.001878 | best val: 0.001878 at epoch 447 | current lr: 4.262e-05
epoch: [448/500] | loss 0: 0.004579 | loss 1: 0.000000 | current lr: 4.104e-05
| loss 0: 4.579e-03| val metric 0: 0.001877 | best val: 0.001877 at epoch 448 | current lr: 4.104e-05
epoch: [449/500] | loss 0: 0.004576 | loss 1: 0.000000 | current lr: 3.950e-05
| loss 0: 4.576e-03| val metric 0: 0.001876 | best val: 0.001876 at epoch 449 | current lr: 3.950e-05
epoch: [450/500] | loss 0: 0.004574 | loss 1: 0.000000 | current lr: 3.799e-05
| loss 0: 4.574e-03| val metric 0: 0.001875 | best val: 0.001875 at epoch 450 | current lr: 3.799e-05
epoch: [451/500] | loss 0: 0.004573 | loss 1: 0.000000 | current lr: 3.650e-05
| loss 0: 4.573e-03| val metric 0: 0.001876 | best val: 0.001875 at epoch 450 | current lr: 3.650e-05
epoch: [452/500] | loss 0: 0.004571 | loss 1: 0.000000 | current lr: 3.504e-05
| loss 0: 4.571e-03| val metric 0: 0.001876 | best val: 0.001875 at epoch 450 | current lr: 3.504e-05
epoch: [453/500] | loss 0: 0.004570 | loss 1: 0.000000 | current lr: 3.361e-05
| loss 0: 4.570e-03| val metric 0: 0.001873 | best val: 0.001873 at epoch 453 | current lr: 3.361e-05
epoch: [454/500] | loss 0: 0.004568 | loss 1: 0.000000 | current lr: 3.221e-05
| loss 0: 4.568e-03| val metric 0: 0.001869 | best val: 0.001869 at epoch 454 | current lr: 3.221e-05
epoch: [455/500] | loss 0: 0.004568 | loss 1: 0.000000 | current lr: 3.084e-05
| loss 0: 4.568e-03| val metric 0: 0.001866 | best val: 0.001866 at epoch 455 | current lr: 3.084e-05
epoch: [456/500] | loss 0: 0.004566 | loss 1: 0.000000 | current lr: 2.949e-05
| loss 0: 4.566e-03| val metric 0: 0.001867 | best val: 0.001866 at epoch 455 | current lr: 2.949e-05
epoch: [457/500] | loss 0: 0.004561 | loss 1: 0.000000 | current lr: 2.818e-05
| loss 0: 4.561e-03| val metric 0: 0.001867 | best val: 0.001866 at epoch 455 | current lr: 2.818e-05
epoch: [458/500] | loss 0: 0.004553 | loss 1: 0.000000 | current lr: 2.689e-05
| loss 0: 4.553e-03| val metric 0: 0.001862 | best val: 0.001862 at epoch 458 | current lr: 2.689e-05
epoch: [459/500] | loss 0: 0.004546 | loss 1: 0.000000 | current lr: 2.564e-05
| loss 0: 4.546e-03| val metric 0: 0.001862 | best val: 0.001862 at epoch 459 | current lr: 2.564e-05
epoch: [460/500] | loss 0: 0.004545 | loss 1: 0.000000 | current lr: 2.441e-05
| loss 0: 4.545e-03| val metric 0: 0.001861 | best val: 0.001861 at epoch 460 | current lr: 2.441e-05
epoch: [461/500] | loss 0: 0.004543 | loss 1: 0.000000 | current lr: 2.321e-05
| loss 0: 4.543e-03| val metric 0: 0.001860 | best val: 0.001860 at epoch 461 | current lr: 2.321e-05
epoch: [462/500] | loss 0: 0.004540 | loss 1: 0.000000 | current lr: 2.205e-05
| loss 0: 4.540e-03| val metric 0: 0.001859 | best val: 0.001859 at epoch 462 | current lr: 2.205e-05
epoch: [463/500] | loss 0: 0.004538 | loss 1: 0.000000 | current lr: 2.091e-05
| loss 0: 4.538e-03| val metric 0: 0.001858 | best val: 0.001858 at epoch 463 | current lr: 2.091e-05
epoch: [464/500] | loss 0: 0.004537 | loss 1: 0.000000 | current lr: 1.980e-05
| loss 0: 4.537e-03| val metric 0: 0.001858 | best val: 0.001858 at epoch 464 | current lr: 1.980e-05
epoch: [465/500] | loss 0: 0.004535 | loss 1: 0.000000 | current lr: 1.872e-05
| loss 0: 4.535e-03| val metric 0: 0.001857 | best val: 0.001857 at epoch 465 | current lr: 1.872e-05
epoch: [466/500] | loss 0: 0.004534 | loss 1: 0.000000 | current lr: 1.767e-05
| loss 0: 4.534e-03| val metric 0: 0.001856 | best val: 0.001856 at epoch 466 | current lr: 1.767e-05
epoch: [467/500] | loss 0: 0.004533 | loss 1: 0.000000 | current lr: 1.665e-05
| loss 0: 4.533e-03| val metric 0: 0.001856 | best val: 0.001856 at epoch 467 | current lr: 1.665e-05
epoch: [468/500] | loss 0: 0.004532 | loss 1: 0.000000 | current lr: 1.566e-05
| loss 0: 4.532e-03| val metric 0: 0.001855 | best val: 0.001855 at epoch 468 | current lr: 1.566e-05
epoch: [469/500] | loss 0: 0.004531 | loss 1: 0.000000 | current lr: 1.470e-05
| loss 0: 4.531e-03| val metric 0: 0.001855 | best val: 0.001855 at epoch 469 | current lr: 1.470e-05
epoch: [470/500] | loss 0: 0.004531 | loss 1: 0.000000 | current lr: 1.377e-05
| loss 0: 4.531e-03| val metric 0: 0.001855 | best val: 0.001855 at epoch 469 | current lr: 1.377e-05
epoch: [471/500] | loss 0: 0.004531 | loss 1: 0.000000 | current lr: 1.287e-05
| loss 0: 4.531e-03| val metric 0: 0.001857 | best val: 0.001855 at epoch 469 | current lr: 1.287e-05
epoch: [472/500] | loss 0: 0.004531 | loss 1: 0.000000 | current lr: 1.200e-05
| loss 0: 4.531e-03| val metric 0: 0.001859 | best val: 0.001855 at epoch 469 | current lr: 1.200e-05
epoch: [473/500] | loss 0: 0.004530 | loss 1: 0.000000 | current lr: 1.116e-05
| loss 0: 4.530e-03| val metric 0: 0.001859 | best val: 0.001855 at epoch 469 | current lr: 1.116e-05
epoch: [474/500] | loss 0: 0.004528 | loss 1: 0.000000 | current lr: 1.035e-05
| loss 0: 4.528e-03| val metric 0: 0.001855 | best val: 0.001855 at epoch 469 | current lr: 1.035e-05
epoch: [475/500] | loss 0: 0.004524 | loss 1: 0.000000 | current lr: 9.569e-06
| loss 0: 4.524e-03| val metric 0: 0.001853 | best val: 0.001853 at epoch 475 | current lr: 9.569e-06
epoch: [476/500] | loss 0: 0.004521 | loss 1: 0.000000 | current lr: 8.820e-06
| loss 0: 4.521e-03| val metric 0: 0.001852 | best val: 0.001852 at epoch 476 | current lr: 8.820e-06
epoch: [477/500] | loss 0: 0.004521 | loss 1: 0.000000 | current lr: 8.100e-06
| loss 0: 4.521e-03| val metric 0: 0.001852 | best val: 0.001852 at epoch 477 | current lr: 8.100e-06
epoch: [478/500] | loss 0: 0.004520 | loss 1: 0.000000 | current lr: 7.412e-06
| loss 0: 4.520e-03| val metric 0: 0.001852 | best val: 0.001852 at epoch 478 | current lr: 7.412e-06
epoch: [479/500] | loss 0: 0.004519 | loss 1: 0.000000 | current lr: 6.753e-06
| loss 0: 4.519e-03| val metric 0: 0.001851 | best val: 0.001851 at epoch 479 | current lr: 6.753e-06
epoch: [480/500] | loss 0: 0.004518 | loss 1: 0.000000 | current lr: 6.125e-06
| loss 0: 4.518e-03| val metric 0: 0.001851 | best val: 0.001851 at epoch 480 | current lr: 6.125e-06
epoch: [481/500] | loss 0: 0.004518 | loss 1: 0.000000 | current lr: 5.528e-06
| loss 0: 4.518e-03| val metric 0: 0.001851 | best val: 0.001851 at epoch 481 | current lr: 5.528e-06
epoch: [482/500] | loss 0: 0.004517 | loss 1: 0.000000 | current lr: 4.961e-06
| loss 0: 4.517e-03| val metric 0: 0.001851 | best val: 0.001851 at epoch 482 | current lr: 4.961e-06
epoch: [483/500] | loss 0: 0.004516 | loss 1: 0.000000 | current lr: 4.424e-06
| loss 0: 4.516e-03| val metric 0: 0.001851 | best val: 0.001851 at epoch 483 | current lr: 4.424e-06
epoch: [484/500] | loss 0: 0.004516 | loss 1: 0.000000 | current lr: 3.918e-06
| loss 0: 4.516e-03| val metric 0: 0.001851 | best val: 0.001851 at epoch 484 | current lr: 3.918e-06
epoch: [485/500] | loss 0: 0.004516 | loss 1: 0.000000 | current lr: 3.443e-06
| loss 0: 4.516e-03| val metric 0: 0.001851 | best val: 0.001851 at epoch 485 | current lr: 3.443e-06
epoch: [486/500] | loss 0: 0.004516 | loss 1: 0.000000 | current lr: 2.998e-06
| loss 0: 4.516e-03| val metric 0: 0.001850 | best val: 0.001850 at epoch 486 | current lr: 2.998e-06
epoch: [487/500] | loss 0: 0.004516 | loss 1: 0.000000 | current lr: 2.584e-06
| loss 0: 4.516e-03| val metric 0: 0.001850 | best val: 0.001850 at epoch 487 | current lr: 2.584e-06
epoch: [488/500] | loss 0: 0.004516 | loss 1: 0.000000 | current lr: 2.201e-06
| loss 0: 4.516e-03| val metric 0: 0.001850 | best val: 0.001850 at epoch 487 | current lr: 2.201e-06
epoch: [489/500] | loss 0: 0.004516 | loss 1: 0.000000 | current lr: 1.848e-06
| loss 0: 4.516e-03| val metric 0: 0.001850 | best val: 0.001850 at epoch 487 | current lr: 1.848e-06
epoch: [490/500] | loss 0: 0.004515 | loss 1: 0.000000 | current lr: 1.526e-06
| loss 0: 4.515e-03| val metric 0: 0.001849 | best val: 0.001849 at epoch 490 | current lr: 1.526e-06
epoch: [491/500] | loss 0: 0.004514 | loss 1: 0.000000 | current lr: 1.235e-06
| loss 0: 4.514e-03| val metric 0: 0.001849 | best val: 0.001849 at epoch 491 | current lr: 1.235e-06
epoch: [492/500] | loss 0: 0.004513 | loss 1: 0.000000 | current lr: 9.744e-07
| loss 0: 4.513e-03| val metric 0: 0.001849 | best val: 0.001849 at epoch 492 | current lr: 9.744e-07
epoch: [493/500] | loss 0: 0.004513 | loss 1: 0.000000 | current lr: 7.447e-07
| loss 0: 4.513e-03| val metric 0: 0.001849 | best val: 0.001849 at epoch 493 | current lr: 7.447e-07
epoch: [494/500] | loss 0: 0.004513 | loss 1: 0.000000 | current lr: 5.459e-07
| loss 0: 4.513e-03| val metric 0: 0.001849 | best val: 0.001849 at epoch 494 | current lr: 5.459e-07
epoch: [495/500] | loss 0: 0.004513 | loss 1: 0.000000 | current lr: 3.778e-07
| loss 0: 4.513e-03| val metric 0: 0.001849 | best val: 0.001849 at epoch 495 | current lr: 3.778e-07
epoch: [496/500] | loss 0: 0.004513 | loss 1: 0.000000 | current lr: 2.406e-07
| loss 0: 4.513e-03| val metric 0: 0.001849 | best val: 0.001849 at epoch 496 | current lr: 2.406e-07
epoch: [497/500] | loss 0: 0.004513 | loss 1: 0.000000 | current lr: 1.342e-07
| loss 0: 4.513e-03| val metric 0: 0.001849 | best val: 0.001849 at epoch 497 | current lr: 1.342e-07
epoch: [498/500] | loss 0: 0.004513 | loss 1: 0.000000 | current lr: 5.865e-08
| loss 0: 4.513e-03| val metric 0: 0.001849 | best val: 0.001849 at epoch 498 | current lr: 5.865e-08
epoch: [499/500] | loss 0: 0.004513 | loss 1: 0.000000 | current lr: 1.393e-08
| loss 0: 4.513e-03| val metric 0: 0.001849 | best val: 0.001849 at epoch 499 | current lr: 1.393e-08
epoch: [500/500] | loss 0: 0.004513 | loss 1: 0.000000 | current lr: 4.855e-11
| loss 0: 4.513e-03| val metric 0: 0.001849 | best val: 0.001849 at epoch 500 | current lr: 4.855e-11
Training takes 1170.4657599925995 seconds.
