Load dataset finished 0.08985543251037598
Training with 1000 samples
Target features are normalized using unit transformer
tensor([[0.7733]]) tensor([[0.3227]])
Target features are normalized using unit transformer
Input features are normalized using unit transformer
Load dataset finished 0.014988183975219727
Testing with 200 samples
Target features are normalized using unit transformer
Input features are normalized using unit transformer
3


The following code snippets have been run.
==================================================

    os.environ['PYTHONHASHSEED'] = str(2023)
    numpy.random.seed(2023)
    torch.manual_seed(2023)
    torch.cuda.manual_seed(2023)
    torch.backends.cudnn.deterministic = True
    torch.backends.cudnn.benchmark = False
    if torch.cuda.is_available():
        torch.cuda.manual_seed_all(2023)
    
==================================================
Using Linear Attention
Using Linear Attention
Using Linear Attention
Using Linear Attention

Model: MIOEGPT	 Number of params: 719301
Saving model and result in ./../models/checkpoints/diffr3d_all_MIOEGPTrel2_0917_01_33_40.pt

Using cycle learning rate schedule
epoch: [1/500] | loss 0: 3.101467 | loss 1: 0.000000 | current lr: 3.469e-07
| loss 0: 3.101e+00| val metric 0: 1.104007 | best val: 1.104007 at epoch 1 | current lr: 3.469e-07
epoch: [2/500] | loss 0: 2.980234 | loss 1: 0.000000 | current lr: 1.088e-06
| loss 0: 2.980e+00| val metric 0: 1.022724 | best val: 1.022724 at epoch 2 | current lr: 1.088e-06
epoch: [3/500] | loss 0: 2.630012 | loss 1: 0.000000 | current lr: 2.321e-06
| loss 0: 2.630e+00| val metric 0: 0.832173 | best val: 0.832173 at epoch 3 | current lr: 2.321e-06
epoch: [4/500] | loss 0: 1.963162 | loss 1: 0.000000 | current lr: 4.046e-06
| loss 0: 1.963e+00| val metric 0: 0.551959 | best val: 0.551959 at epoch 4 | current lr: 4.046e-06
epoch: [5/500] | loss 0: 1.224674 | loss 1: 0.000000 | current lr: 6.261e-06
| loss 0: 1.225e+00| val metric 0: 0.398377 | best val: 0.398377 at epoch 5 | current lr: 6.261e-06
epoch: [6/500] | loss 0: 0.879480 | loss 1: 0.000000 | current lr: 8.964e-06
| loss 0: 8.795e-01| val metric 0: 0.319215 | best val: 0.319215 at epoch 6 | current lr: 8.964e-06
epoch: [7/500] | loss 0: 0.637549 | loss 1: 0.000000 | current lr: 1.215e-05
| loss 0: 6.375e-01| val metric 0: 0.214863 | best val: 0.214863 at epoch 7 | current lr: 1.215e-05
epoch: [8/500] | loss 0: 0.406974 | loss 1: 0.000000 | current lr: 1.582e-05
| loss 0: 4.070e-01| val metric 0: 0.127255 | best val: 0.127255 at epoch 8 | current lr: 1.582e-05
epoch: [9/500] | loss 0: 0.281421 | loss 1: 0.000000 | current lr: 1.997e-05
| loss 0: 2.814e-01| val metric 0: 0.109452 | best val: 0.109452 at epoch 9 | current lr: 1.997e-05
epoch: [10/500] | loss 0: 0.236938 | loss 1: 0.000000 | current lr: 2.459e-05
| loss 0: 2.369e-01| val metric 0: 0.089982 | best val: 0.089982 at epoch 10 | current lr: 2.459e-05
epoch: [11/500] | loss 0: 0.202341 | loss 1: 0.000000 | current lr: 2.969e-05
| loss 0: 2.023e-01| val metric 0: 0.076853 | best val: 0.076853 at epoch 11 | current lr: 2.969e-05
epoch: [12/500] | loss 0: 0.175783 | loss 1: 0.000000 | current lr: 3.524e-05
| loss 0: 1.758e-01| val metric 0: 0.066315 | best val: 0.066315 at epoch 12 | current lr: 3.524e-05
epoch: [13/500] | loss 0: 0.154818 | loss 1: 0.000000 | current lr: 4.126e-05
| loss 0: 1.548e-01| val metric 0: 0.058453 | best val: 0.058453 at epoch 13 | current lr: 4.126e-05
epoch: [14/500] | loss 0: 0.139735 | loss 1: 0.000000 | current lr: 4.773e-05
| loss 0: 1.397e-01| val metric 0: 0.053365 | best val: 0.053365 at epoch 14 | current lr: 4.773e-05
epoch: [15/500] | loss 0: 0.128865 | loss 1: 0.000000 | current lr: 5.464e-05
| loss 0: 1.289e-01| val metric 0: 0.049423 | best val: 0.049423 at epoch 15 | current lr: 5.464e-05
epoch: [16/500] | loss 0: 0.120009 | loss 1: 0.000000 | current lr: 6.200e-05
| loss 0: 1.200e-01| val metric 0: 0.046523 | best val: 0.046523 at epoch 16 | current lr: 6.200e-05
epoch: [17/500] | loss 0: 0.113893 | loss 1: 0.000000 | current lr: 6.979e-05
| loss 0: 1.139e-01| val metric 0: 0.044862 | best val: 0.044862 at epoch 17 | current lr: 6.979e-05
epoch: [18/500] | loss 0: 0.112148 | loss 1: 0.000000 | current lr: 7.800e-05
| loss 0: 1.121e-01| val metric 0: 0.045066 | best val: 0.044862 at epoch 17 | current lr: 7.800e-05
epoch: [19/500] | loss 0: 0.111031 | loss 1: 0.000000 | current lr: 8.663e-05
| loss 0: 1.110e-01| val metric 0: 0.043811 | best val: 0.043811 at epoch 19 | current lr: 8.663e-05
epoch: [20/500] | loss 0: 0.109031 | loss 1: 0.000000 | current lr: 9.567e-05
| loss 0: 1.090e-01| val metric 0: 0.043775 | best val: 0.043775 at epoch 20 | current lr: 9.567e-05
epoch: [21/500] | loss 0: 0.107420 | loss 1: 0.000000 | current lr: 1.051e-04
| loss 0: 1.074e-01| val metric 0: 0.043413 | best val: 0.043413 at epoch 21 | current lr: 1.051e-04
epoch: [22/500] | loss 0: 0.106830 | loss 1: 0.000000 | current lr: 1.149e-04
| loss 0: 1.068e-01| val metric 0: 0.038969 | best val: 0.038969 at epoch 22 | current lr: 1.149e-04
epoch: [23/500] | loss 0: 0.103103 | loss 1: 0.000000 | current lr: 1.252e-04
| loss 0: 1.031e-01| val metric 0: 0.039131 | best val: 0.038969 at epoch 22 | current lr: 1.252e-04
epoch: [24/500] | loss 0: 0.098954 | loss 1: 0.000000 | current lr: 1.357e-04
| loss 0: 9.895e-02| val metric 0: 0.040210 | best val: 0.038969 at epoch 22 | current lr: 1.357e-04
epoch: [25/500] | loss 0: 0.106416 | loss 1: 0.000000 | current lr: 1.467e-04
| loss 0: 1.064e-01| val metric 0: 0.041002 | best val: 0.038969 at epoch 22 | current lr: 1.467e-04
epoch: [26/500] | loss 0: 0.107846 | loss 1: 0.000000 | current lr: 1.580e-04
| loss 0: 1.078e-01| val metric 0: 0.047295 | best val: 0.038969 at epoch 22 | current lr: 1.580e-04
epoch: [27/500] | loss 0: 0.107661 | loss 1: 0.000000 | current lr: 1.696e-04
| loss 0: 1.077e-01| val metric 0: 0.039296 | best val: 0.038969 at epoch 22 | current lr: 1.696e-04
epoch: [28/500] | loss 0: 0.094979 | loss 1: 0.000000 | current lr: 1.815e-04
| loss 0: 9.498e-02| val metric 0: 0.040455 | best val: 0.038969 at epoch 22 | current lr: 1.815e-04
epoch: [29/500] | loss 0: 0.096686 | loss 1: 0.000000 | current lr: 1.938e-04
| loss 0: 9.669e-02| val metric 0: 0.033802 | best val: 0.033802 at epoch 29 | current lr: 1.938e-04
epoch: [30/500] | loss 0: 0.101551 | loss 1: 0.000000 | current lr: 2.064e-04
| loss 0: 1.016e-01| val metric 0: 0.034692 | best val: 0.033802 at epoch 29 | current lr: 2.064e-04
epoch: [31/500] | loss 0: 0.088914 | loss 1: 0.000000 | current lr: 2.192e-04
| loss 0: 8.891e-02| val metric 0: 0.029779 | best val: 0.029779 at epoch 31 | current lr: 2.192e-04
epoch: [32/500] | loss 0: 0.083467 | loss 1: 0.000000 | current lr: 2.324e-04
| loss 0: 8.347e-02| val metric 0: 0.028524 | best val: 0.028524 at epoch 32 | current lr: 2.324e-04
epoch: [33/500] | loss 0: 0.088546 | loss 1: 0.000000 | current lr: 2.458e-04
| loss 0: 8.855e-02| val metric 0: 0.030412 | best val: 0.028524 at epoch 32 | current lr: 2.458e-04
epoch: [34/500] | loss 0: 0.080280 | loss 1: 0.000000 | current lr: 2.594e-04
| loss 0: 8.028e-02| val metric 0: 0.021180 | best val: 0.021180 at epoch 34 | current lr: 2.594e-04
epoch: [35/500] | loss 0: 0.093891 | loss 1: 0.000000 | current lr: 2.733e-04
| loss 0: 9.389e-02| val metric 0: 0.079252 | best val: 0.021180 at epoch 34 | current lr: 2.733e-04
epoch: [36/500] | loss 0: 0.147920 | loss 1: 0.000000 | current lr: 2.874e-04
| loss 0: 1.479e-01| val metric 0: 0.031217 | best val: 0.021180 at epoch 34 | current lr: 2.874e-04
epoch: [37/500] | loss 0: 0.089058 | loss 1: 0.000000 | current lr: 3.018e-04
| loss 0: 8.906e-02| val metric 0: 0.034086 | best val: 0.021180 at epoch 34 | current lr: 3.018e-04
epoch: [38/500] | loss 0: 0.079392 | loss 1: 0.000000 | current lr: 3.163e-04
| loss 0: 7.939e-02| val metric 0: 0.021334 | best val: 0.021180 at epoch 34 | current lr: 3.163e-04
epoch: [39/500] | loss 0: 0.053998 | loss 1: 0.000000 | current lr: 3.310e-04
| loss 0: 5.400e-02| val metric 0: 0.015147 | best val: 0.015147 at epoch 39 | current lr: 3.310e-04
epoch: [40/500] | loss 0: 0.062019 | loss 1: 0.000000 | current lr: 3.459e-04
| loss 0: 6.202e-02| val metric 0: 0.027005 | best val: 0.015147 at epoch 39 | current lr: 3.459e-04
epoch: [41/500] | loss 0: 0.070996 | loss 1: 0.000000 | current lr: 3.609e-04
| loss 0: 7.100e-02| val metric 0: 0.022680 | best val: 0.015147 at epoch 39 | current lr: 3.609e-04
epoch: [42/500] | loss 0: 0.068796 | loss 1: 0.000000 | current lr: 3.760e-04
| loss 0: 6.880e-02| val metric 0: 0.041219 | best val: 0.015147 at epoch 39 | current lr: 3.760e-04
epoch: [43/500] | loss 0: 0.068377 | loss 1: 0.000000 | current lr: 3.913e-04
| loss 0: 6.838e-02| val metric 0: 0.028896 | best val: 0.015147 at epoch 39 | current lr: 3.913e-04
epoch: [44/500] | loss 0: 0.085318 | loss 1: 0.000000 | current lr: 4.067e-04
| loss 0: 8.532e-02| val metric 0: 0.031847 | best val: 0.015147 at epoch 39 | current lr: 4.067e-04
epoch: [45/500] | loss 0: 0.100500 | loss 1: 0.000000 | current lr: 4.222e-04
| loss 0: 1.005e-01| val metric 0: 0.054662 | best val: 0.015147 at epoch 39 | current lr: 4.222e-04
epoch: [46/500] | loss 0: 0.107138 | loss 1: 0.000000 | current lr: 4.377e-04
| loss 0: 1.071e-01| val metric 0: 0.038143 | best val: 0.015147 at epoch 39 | current lr: 4.377e-04
epoch: [47/500] | loss 0: 0.071646 | loss 1: 0.000000 | current lr: 4.534e-04
| loss 0: 7.165e-02| val metric 0: 0.029096 | best val: 0.015147 at epoch 39 | current lr: 4.534e-04
epoch: [48/500] | loss 0: 0.054522 | loss 1: 0.000000 | current lr: 4.690e-04
| loss 0: 5.452e-02| val metric 0: 0.020421 | best val: 0.015147 at epoch 39 | current lr: 4.690e-04
epoch: [49/500] | loss 0: 0.076064 | loss 1: 0.000000 | current lr: 4.847e-04
| loss 0: 7.606e-02| val metric 0: 0.047027 | best val: 0.015147 at epoch 39 | current lr: 4.847e-04
epoch: [50/500] | loss 0: 0.089759 | loss 1: 0.000000 | current lr: 5.004e-04
| loss 0: 8.976e-02| val metric 0: 0.039583 | best val: 0.015147 at epoch 39 | current lr: 5.004e-04
epoch: [51/500] | loss 0: 0.091282 | loss 1: 0.000000 | current lr: 5.162e-04
| loss 0: 9.128e-02| val metric 0: 0.032372 | best val: 0.015147 at epoch 39 | current lr: 5.162e-04
epoch: [52/500] | loss 0: 0.083643 | loss 1: 0.000000 | current lr: 5.318e-04
| loss 0: 8.364e-02| val metric 0: 0.036404 | best val: 0.015147 at epoch 39 | current lr: 5.318e-04
epoch: [53/500] | loss 0: 0.073837 | loss 1: 0.000000 | current lr: 5.475e-04
| loss 0: 7.384e-02| val metric 0: 0.015823 | best val: 0.015147 at epoch 39 | current lr: 5.475e-04
epoch: [54/500] | loss 0: 0.047095 | loss 1: 0.000000 | current lr: 5.631e-04
| loss 0: 4.710e-02| val metric 0: 0.029635 | best val: 0.015147 at epoch 39 | current lr: 5.631e-04
epoch: [55/500] | loss 0: 0.072903 | loss 1: 0.000000 | current lr: 5.787e-04
| loss 0: 7.290e-02| val metric 0: 0.027874 | best val: 0.015147 at epoch 39 | current lr: 5.787e-04
epoch: [56/500] | loss 0: 0.073462 | loss 1: 0.000000 | current lr: 5.942e-04
| loss 0: 7.346e-02| val metric 0: 0.018470 | best val: 0.015147 at epoch 39 | current lr: 5.942e-04
epoch: [57/500] | loss 0: 0.041643 | loss 1: 0.000000 | current lr: 6.095e-04
| loss 0: 4.164e-02| val metric 0: 0.014871 | best val: 0.014871 at epoch 57 | current lr: 6.095e-04
epoch: [58/500] | loss 0: 0.049737 | loss 1: 0.000000 | current lr: 6.248e-04
| loss 0: 4.974e-02| val metric 0: 0.011809 | best val: 0.011809 at epoch 58 | current lr: 6.248e-04
epoch: [59/500] | loss 0: 0.068706 | loss 1: 0.000000 | current lr: 6.400e-04
| loss 0: 6.871e-02| val metric 0: 0.031598 | best val: 0.011809 at epoch 58 | current lr: 6.400e-04
epoch: [60/500] | loss 0: 0.082520 | loss 1: 0.000000 | current lr: 6.550e-04
| loss 0: 8.252e-02| val metric 0: 0.024463 | best val: 0.011809 at epoch 58 | current lr: 6.550e-04
epoch: [61/500] | loss 0: 0.063721 | loss 1: 0.000000 | current lr: 6.699e-04
| loss 0: 6.372e-02| val metric 0: 0.018183 | best val: 0.011809 at epoch 58 | current lr: 6.699e-04
epoch: [62/500] | loss 0: 0.075098 | loss 1: 0.000000 | current lr: 6.845e-04
| loss 0: 7.510e-02| val metric 0: 0.022310 | best val: 0.011809 at epoch 58 | current lr: 6.845e-04
epoch: [63/500] | loss 0: 0.052105 | loss 1: 0.000000 | current lr: 6.991e-04
| loss 0: 5.211e-02| val metric 0: 0.039437 | best val: 0.011809 at epoch 58 | current lr: 6.991e-04
epoch: [64/500] | loss 0: 0.086222 | loss 1: 0.000000 | current lr: 7.134e-04
| loss 0: 8.622e-02| val metric 0: 0.031591 | best val: 0.011809 at epoch 58 | current lr: 7.134e-04
epoch: [65/500] | loss 0: 0.054084 | loss 1: 0.000000 | current lr: 7.275e-04
| loss 0: 5.408e-02| val metric 0: 0.033587 | best val: 0.011809 at epoch 58 | current lr: 7.275e-04
epoch: [66/500] | loss 0: 0.060203 | loss 1: 0.000000 | current lr: 7.414e-04
| loss 0: 6.020e-02| val metric 0: 0.023307 | best val: 0.011809 at epoch 58 | current lr: 7.414e-04
epoch: [67/500] | loss 0: 0.057177 | loss 1: 0.000000 | current lr: 7.550e-04
| loss 0: 5.718e-02| val metric 0: 0.021844 | best val: 0.011809 at epoch 58 | current lr: 7.550e-04
epoch: [68/500] | loss 0: 0.053882 | loss 1: 0.000000 | current lr: 7.684e-04
| loss 0: 5.388e-02| val metric 0: 0.020066 | best val: 0.011809 at epoch 58 | current lr: 7.684e-04
epoch: [69/500] | loss 0: 0.076263 | loss 1: 0.000000 | current lr: 7.815e-04
| loss 0: 7.626e-02| val metric 0: 0.022652 | best val: 0.011809 at epoch 58 | current lr: 7.815e-04
epoch: [70/500] | loss 0: 0.048391 | loss 1: 0.000000 | current lr: 7.944e-04
| loss 0: 4.839e-02| val metric 0: 0.015441 | best val: 0.011809 at epoch 58 | current lr: 7.944e-04
epoch: [71/500] | loss 0: 0.089832 | loss 1: 0.000000 | current lr: 8.069e-04
| loss 0: 8.983e-02| val metric 0: 0.036158 | best val: 0.011809 at epoch 58 | current lr: 8.069e-04
epoch: [72/500] | loss 0: 0.082470 | loss 1: 0.000000 | current lr: 8.192e-04
| loss 0: 8.247e-02| val metric 0: 0.034047 | best val: 0.011809 at epoch 58 | current lr: 8.192e-04
epoch: [73/500] | loss 0: 0.075530 | loss 1: 0.000000 | current lr: 8.311e-04
| loss 0: 7.553e-02| val metric 0: 0.032724 | best val: 0.011809 at epoch 58 | current lr: 8.311e-04
epoch: [74/500] | loss 0: 0.070256 | loss 1: 0.000000 | current lr: 8.427e-04
| loss 0: 7.026e-02| val metric 0: 0.037365 | best val: 0.011809 at epoch 58 | current lr: 8.427e-04
epoch: [75/500] | loss 0: 0.076988 | loss 1: 0.000000 | current lr: 8.540e-04
| loss 0: 7.699e-02| val metric 0: 0.029433 | best val: 0.011809 at epoch 58 | current lr: 8.540e-04
epoch: [76/500] | loss 0: 0.075414 | loss 1: 0.000000 | current lr: 8.649e-04
| loss 0: 7.541e-02| val metric 0: 0.025583 | best val: 0.011809 at epoch 58 | current lr: 8.649e-04
epoch: [77/500] | loss 0: 0.072979 | loss 1: 0.000000 | current lr: 8.755e-04
| loss 0: 7.298e-02| val metric 0: 0.034200 | best val: 0.011809 at epoch 58 | current lr: 8.755e-04
epoch: [78/500] | loss 0: 0.068016 | loss 1: 0.000000 | current lr: 8.857e-04
| loss 0: 6.802e-02| val metric 0: 0.021696 | best val: 0.011809 at epoch 58 | current lr: 8.857e-04
epoch: [79/500] | loss 0: 0.049354 | loss 1: 0.000000 | current lr: 8.955e-04
| loss 0: 4.935e-02| val metric 0: 0.017618 | best val: 0.011809 at epoch 58 | current lr: 8.955e-04
epoch: [80/500] | loss 0: 0.044599 | loss 1: 0.000000 | current lr: 9.049e-04
| loss 0: 4.460e-02| val metric 0: 0.025618 | best val: 0.011809 at epoch 58 | current lr: 9.049e-04
epoch: [81/500] | loss 0: 0.046843 | loss 1: 0.000000 | current lr: 9.139e-04
| loss 0: 4.684e-02| val metric 0: 0.015378 | best val: 0.011809 at epoch 58 | current lr: 9.139e-04
epoch: [82/500] | loss 0: 0.038600 | loss 1: 0.000000 | current lr: 9.225e-04
| loss 0: 3.860e-02| val metric 0: 0.015388 | best val: 0.011809 at epoch 58 | current lr: 9.225e-04
epoch: [83/500] | loss 0: 0.050401 | loss 1: 0.000000 | current lr: 9.307e-04
| loss 0: 5.040e-02| val metric 0: 0.025699 | best val: 0.011809 at epoch 58 | current lr: 9.307e-04
epoch: [84/500] | loss 0: 0.049094 | loss 1: 0.000000 | current lr: 9.385e-04
| loss 0: 4.909e-02| val metric 0: 0.015397 | best val: 0.011809 at epoch 58 | current lr: 9.385e-04
epoch: [85/500] | loss 0: 0.042278 | loss 1: 0.000000 | current lr: 9.458e-04
| loss 0: 4.228e-02| val metric 0: 0.023980 | best val: 0.011809 at epoch 58 | current lr: 9.458e-04
epoch: [86/500] | loss 0: 0.045825 | loss 1: 0.000000 | current lr: 9.527e-04
| loss 0: 4.583e-02| val metric 0: 0.013001 | best val: 0.011809 at epoch 58 | current lr: 9.527e-04
epoch: [87/500] | loss 0: 0.055107 | loss 1: 0.000000 | current lr: 9.592e-04
| loss 0: 5.511e-02| val metric 0: 0.023654 | best val: 0.011809 at epoch 58 | current lr: 9.592e-04
epoch: [88/500] | loss 0: 0.071451 | loss 1: 0.000000 | current lr: 9.651e-04
| loss 0: 7.145e-02| val metric 0: 0.025911 | best val: 0.011809 at epoch 58 | current lr: 9.651e-04
epoch: [89/500] | loss 0: 0.067733 | loss 1: 0.000000 | current lr: 9.707e-04
| loss 0: 6.773e-02| val metric 0: 0.024391 | best val: 0.011809 at epoch 58 | current lr: 9.707e-04
epoch: [90/500] | loss 0: 0.042069 | loss 1: 0.000000 | current lr: 9.757e-04
| loss 0: 4.207e-02| val metric 0: 0.023833 | best val: 0.011809 at epoch 58 | current lr: 9.757e-04
epoch: [91/500] | loss 0: 0.044195 | loss 1: 0.000000 | current lr: 9.803e-04
| loss 0: 4.419e-02| val metric 0: 0.011256 | best val: 0.011256 at epoch 91 | current lr: 9.803e-04
epoch: [92/500] | loss 0: 0.061917 | loss 1: 0.000000 | current lr: 9.845e-04
| loss 0: 6.192e-02| val metric 0: 0.020164 | best val: 0.011256 at epoch 91 | current lr: 9.845e-04
epoch: [93/500] | loss 0: 0.047270 | loss 1: 0.000000 | current lr: 9.881e-04
| loss 0: 4.727e-02| val metric 0: 0.017389 | best val: 0.011256 at epoch 91 | current lr: 9.881e-04
epoch: [94/500] | loss 0: 0.039756 | loss 1: 0.000000 | current lr: 9.913e-04
| loss 0: 3.976e-02| val metric 0: 0.009074 | best val: 0.009074 at epoch 94 | current lr: 9.913e-04
epoch: [95/500] | loss 0: 0.053521 | loss 1: 0.000000 | current lr: 9.940e-04
| loss 0: 5.352e-02| val metric 0: 0.044685 | best val: 0.009074 at epoch 94 | current lr: 9.940e-04
epoch: [96/500] | loss 0: 0.054600 | loss 1: 0.000000 | current lr: 9.962e-04
| loss 0: 5.460e-02| val metric 0: 0.019831 | best val: 0.009074 at epoch 94 | current lr: 9.962e-04
epoch: [97/500] | loss 0: 0.046498 | loss 1: 0.000000 | current lr: 9.979e-04
| loss 0: 4.650e-02| val metric 0: 0.010486 | best val: 0.009074 at epoch 94 | current lr: 9.979e-04
epoch: [98/500] | loss 0: 0.041512 | loss 1: 0.000000 | current lr: 9.991e-04
| loss 0: 4.151e-02| val metric 0: 0.008311 | best val: 0.008311 at epoch 98 | current lr: 9.991e-04
epoch: [99/500] | loss 0: 0.036933 | loss 1: 0.000000 | current lr: 9.998e-04
| loss 0: 3.693e-02| val metric 0: 0.016501 | best val: 0.008311 at epoch 98 | current lr: 9.998e-04
epoch: [100/500] | loss 0: 0.042502 | loss 1: 0.000000 | current lr: 1.000e-03
| loss 0: 4.250e-02| val metric 0: 0.008124 | best val: 0.008124 at epoch 100 | current lr: 1.000e-03
epoch: [101/500] | loss 0: 0.063893 | loss 1: 0.000000 | current lr: 1.000e-03
| loss 0: 6.389e-02| val metric 0: 0.020151 | best val: 0.008124 at epoch 100 | current lr: 1.000e-03
epoch: [102/500] | loss 0: 0.038268 | loss 1: 0.000000 | current lr: 9.999e-04
| loss 0: 3.827e-02| val metric 0: 0.028405 | best val: 0.008124 at epoch 100 | current lr: 9.999e-04
epoch: [103/500] | loss 0: 0.049683 | loss 1: 0.000000 | current lr: 9.999e-04
| loss 0: 4.968e-02| val metric 0: 0.016473 | best val: 0.008124 at epoch 100 | current lr: 9.999e-04
epoch: [104/500] | loss 0: 0.038466 | loss 1: 0.000000 | current lr: 9.997e-04
| loss 0: 3.847e-02| val metric 0: 0.012613 | best val: 0.008124 at epoch 100 | current lr: 9.997e-04
epoch: [105/500] | loss 0: 0.034328 | loss 1: 0.000000 | current lr: 9.996e-04
| loss 0: 3.433e-02| val metric 0: 0.019243 | best val: 0.008124 at epoch 100 | current lr: 9.996e-04
epoch: [106/500] | loss 0: 0.041488 | loss 1: 0.000000 | current lr: 9.994e-04
| loss 0: 4.149e-02| val metric 0: 0.017213 | best val: 0.008124 at epoch 100 | current lr: 9.994e-04
epoch: [107/500] | loss 0: 0.054148 | loss 1: 0.000000 | current lr: 9.992e-04
| loss 0: 5.415e-02| val metric 0: 0.018804 | best val: 0.008124 at epoch 100 | current lr: 9.992e-04
epoch: [108/500] | loss 0: 0.042337 | loss 1: 0.000000 | current lr: 9.990e-04
| loss 0: 4.234e-02| val metric 0: 0.011839 | best val: 0.008124 at epoch 100 | current lr: 9.990e-04
epoch: [109/500] | loss 0: 0.032980 | loss 1: 0.000000 | current lr: 9.987e-04
| loss 0: 3.298e-02| val metric 0: 0.015158 | best val: 0.008124 at epoch 100 | current lr: 9.987e-04
epoch: [110/500] | loss 0: 0.035325 | loss 1: 0.000000 | current lr: 9.984e-04
| loss 0: 3.532e-02| val metric 0: 0.013195 | best val: 0.008124 at epoch 100 | current lr: 9.984e-04
epoch: [111/500] | loss 0: 0.043010 | loss 1: 0.000000 | current lr: 9.981e-04
| loss 0: 4.301e-02| val metric 0: 0.019549 | best val: 0.008124 at epoch 100 | current lr: 9.981e-04
epoch: [112/500] | loss 0: 0.040346 | loss 1: 0.000000 | current lr: 9.978e-04
| loss 0: 4.035e-02| val metric 0: 0.022000 | best val: 0.008124 at epoch 100 | current lr: 9.978e-04
epoch: [113/500] | loss 0: 0.038263 | loss 1: 0.000000 | current lr: 9.974e-04
| loss 0: 3.826e-02| val metric 0: 0.015062 | best val: 0.008124 at epoch 100 | current lr: 9.974e-04
epoch: [114/500] | loss 0: 0.034741 | loss 1: 0.000000 | current lr: 9.970e-04
| loss 0: 3.474e-02| val metric 0: 0.013313 | best val: 0.008124 at epoch 100 | current lr: 9.970e-04
epoch: [115/500] | loss 0: 0.035986 | loss 1: 0.000000 | current lr: 9.965e-04
| loss 0: 3.599e-02| val metric 0: 0.014884 | best val: 0.008124 at epoch 100 | current lr: 9.965e-04
epoch: [116/500] | loss 0: 0.039811 | loss 1: 0.000000 | current lr: 9.960e-04
| loss 0: 3.981e-02| val metric 0: 0.021038 | best val: 0.008124 at epoch 100 | current lr: 9.960e-04
epoch: [117/500] | loss 0: 0.042154 | loss 1: 0.000000 | current lr: 9.955e-04
| loss 0: 4.215e-02| val metric 0: 0.010735 | best val: 0.008124 at epoch 100 | current lr: 9.955e-04
epoch: [118/500] | loss 0: 0.032431 | loss 1: 0.000000 | current lr: 9.950e-04
| loss 0: 3.243e-02| val metric 0: 0.010862 | best val: 0.008124 at epoch 100 | current lr: 9.950e-04
epoch: [119/500] | loss 0: 0.031936 | loss 1: 0.000000 | current lr: 9.944e-04
| loss 0: 3.194e-02| val metric 0: 0.008843 | best val: 0.008124 at epoch 100 | current lr: 9.944e-04
epoch: [120/500] | loss 0: 0.043403 | loss 1: 0.000000 | current lr: 9.938e-04
| loss 0: 4.340e-02| val metric 0: 0.015555 | best val: 0.008124 at epoch 100 | current lr: 9.938e-04
epoch: [121/500] | loss 0: 0.041806 | loss 1: 0.000000 | current lr: 9.932e-04
| loss 0: 4.181e-02| val metric 0: 0.019862 | best val: 0.008124 at epoch 100 | current lr: 9.932e-04
epoch: [122/500] | loss 0: 0.056121 | loss 1: 0.000000 | current lr: 9.925e-04
| loss 0: 5.612e-02| val metric 0: 0.026336 | best val: 0.008124 at epoch 100 | current lr: 9.925e-04
epoch: [123/500] | loss 0: 0.053914 | loss 1: 0.000000 | current lr: 9.918e-04
| loss 0: 5.391e-02| val metric 0: 0.014235 | best val: 0.008124 at epoch 100 | current lr: 9.918e-04
epoch: [124/500] | loss 0: 0.046647 | loss 1: 0.000000 | current lr: 9.911e-04
| loss 0: 4.665e-02| val metric 0: 0.018532 | best val: 0.008124 at epoch 100 | current lr: 9.911e-04
epoch: [125/500] | loss 0: 0.043635 | loss 1: 0.000000 | current lr: 9.904e-04
| loss 0: 4.363e-02| val metric 0: 0.027422 | best val: 0.008124 at epoch 100 | current lr: 9.904e-04
epoch: [126/500] | loss 0: 0.056854 | loss 1: 0.000000 | current lr: 9.896e-04
| loss 0: 5.685e-02| val metric 0: 0.018299 | best val: 0.008124 at epoch 100 | current lr: 9.896e-04
epoch: [127/500] | loss 0: 0.037143 | loss 1: 0.000000 | current lr: 9.888e-04
| loss 0: 3.714e-02| val metric 0: 0.013297 | best val: 0.008124 at epoch 100 | current lr: 9.888e-04
epoch: [128/500] | loss 0: 0.033873 | loss 1: 0.000000 | current lr: 9.879e-04
| loss 0: 3.387e-02| val metric 0: 0.016839 | best val: 0.008124 at epoch 100 | current lr: 9.879e-04
epoch: [129/500] | loss 0: 0.032743 | loss 1: 0.000000 | current lr: 9.870e-04
| loss 0: 3.274e-02| val metric 0: 0.021636 | best val: 0.008124 at epoch 100 | current lr: 9.870e-04
epoch: [130/500] | loss 0: 0.043452 | loss 1: 0.000000 | current lr: 9.861e-04
| loss 0: 4.345e-02| val metric 0: 0.024759 | best val: 0.008124 at epoch 100 | current lr: 9.861e-04
epoch: [131/500] | loss 0: 0.048203 | loss 1: 0.000000 | current lr: 9.852e-04
| loss 0: 4.820e-02| val metric 0: 0.017200 | best val: 0.008124 at epoch 100 | current lr: 9.852e-04
epoch: [132/500] | loss 0: 0.038636 | loss 1: 0.000000 | current lr: 9.842e-04
| loss 0: 3.864e-02| val metric 0: 0.016934 | best val: 0.008124 at epoch 100 | current lr: 9.842e-04
epoch: [133/500] | loss 0: 0.048250 | loss 1: 0.000000 | current lr: 9.832e-04
| loss 0: 4.825e-02| val metric 0: 0.019146 | best val: 0.008124 at epoch 100 | current lr: 9.832e-04
epoch: [134/500] | loss 0: 0.050719 | loss 1: 0.000000 | current lr: 9.822e-04
| loss 0: 5.072e-02| val metric 0: 0.021985 | best val: 0.008124 at epoch 100 | current lr: 9.822e-04
epoch: [135/500] | loss 0: 0.051155 | loss 1: 0.000000 | current lr: 9.812e-04
| loss 0: 5.116e-02| val metric 0: 0.016217 | best val: 0.008124 at epoch 100 | current lr: 9.812e-04
epoch: [136/500] | loss 0: 0.042185 | loss 1: 0.000000 | current lr: 9.801e-04
| loss 0: 4.219e-02| val metric 0: 0.014163 | best val: 0.008124 at epoch 100 | current lr: 9.801e-04
epoch: [137/500] | loss 0: 0.030540 | loss 1: 0.000000 | current lr: 9.790e-04
| loss 0: 3.054e-02| val metric 0: 0.012255 | best val: 0.008124 at epoch 100 | current lr: 9.790e-04
epoch: [138/500] | loss 0: 0.033171 | loss 1: 0.000000 | current lr: 9.778e-04
| loss 0: 3.317e-02| val metric 0: 0.010964 | best val: 0.008124 at epoch 100 | current lr: 9.778e-04
epoch: [139/500] | loss 0: 0.025261 | loss 1: 0.000000 | current lr: 9.767e-04
| loss 0: 2.526e-02| val metric 0: 0.006798 | best val: 0.006798 at epoch 139 | current lr: 9.767e-04
epoch: [140/500] | loss 0: 0.028992 | loss 1: 0.000000 | current lr: 9.755e-04
| loss 0: 2.899e-02| val metric 0: 0.021375 | best val: 0.006798 at epoch 139 | current lr: 9.755e-04
epoch: [141/500] | loss 0: 0.032018 | loss 1: 0.000000 | current lr: 9.742e-04
| loss 0: 3.202e-02| val metric 0: 0.015991 | best val: 0.006798 at epoch 139 | current lr: 9.742e-04
epoch: [142/500] | loss 0: 0.032065 | loss 1: 0.000000 | current lr: 9.730e-04
| loss 0: 3.207e-02| val metric 0: 0.008935 | best val: 0.006798 at epoch 139 | current lr: 9.730e-04
epoch: [143/500] | loss 0: 0.029616 | loss 1: 0.000000 | current lr: 9.717e-04
| loss 0: 2.962e-02| val metric 0: 0.011468 | best val: 0.006798 at epoch 139 | current lr: 9.717e-04
epoch: [144/500] | loss 0: 0.025500 | loss 1: 0.000000 | current lr: 9.704e-04
| loss 0: 2.550e-02| val metric 0: 0.014570 | best val: 0.006798 at epoch 139 | current lr: 9.704e-04
epoch: [145/500] | loss 0: 0.028084 | loss 1: 0.000000 | current lr: 9.690e-04
| loss 0: 2.808e-02| val metric 0: 0.013894 | best val: 0.006798 at epoch 139 | current lr: 9.690e-04
epoch: [146/500] | loss 0: 0.040302 | loss 1: 0.000000 | current lr: 9.677e-04
| loss 0: 4.030e-02| val metric 0: 0.014459 | best val: 0.006798 at epoch 139 | current lr: 9.677e-04
epoch: [147/500] | loss 0: 0.037658 | loss 1: 0.000000 | current lr: 9.662e-04
| loss 0: 3.766e-02| val metric 0: 0.014982 | best val: 0.006798 at epoch 139 | current lr: 9.662e-04
epoch: [148/500] | loss 0: 0.043367 | loss 1: 0.000000 | current lr: 9.648e-04
| loss 0: 4.337e-02| val metric 0: 0.011643 | best val: 0.006798 at epoch 139 | current lr: 9.648e-04
epoch: [149/500] | loss 0: 0.038977 | loss 1: 0.000000 | current lr: 9.634e-04
| loss 0: 3.898e-02| val metric 0: 0.016982 | best val: 0.006798 at epoch 139 | current lr: 9.634e-04
epoch: [150/500] | loss 0: 0.041376 | loss 1: 0.000000 | current lr: 9.619e-04
| loss 0: 4.138e-02| val metric 0: 0.018413 | best val: 0.006798 at epoch 139 | current lr: 9.619e-04
epoch: [151/500] | loss 0: 0.046815 | loss 1: 0.000000 | current lr: 9.603e-04
| loss 0: 4.682e-02| val metric 0: 0.016128 | best val: 0.006798 at epoch 139 | current lr: 9.603e-04
epoch: [152/500] | loss 0: 0.033061 | loss 1: 0.000000 | current lr: 9.588e-04
| loss 0: 3.306e-02| val metric 0: 0.012504 | best val: 0.006798 at epoch 139 | current lr: 9.588e-04
epoch: [153/500] | loss 0: 0.023023 | loss 1: 0.000000 | current lr: 9.572e-04
| loss 0: 2.302e-02| val metric 0: 0.006510 | best val: 0.006510 at epoch 153 | current lr: 9.572e-04
epoch: [154/500] | loss 0: 0.022913 | loss 1: 0.000000 | current lr: 9.556e-04
| loss 0: 2.291e-02| val metric 0: 0.006990 | best val: 0.006510 at epoch 153 | current lr: 9.556e-04
epoch: [155/500] | loss 0: 0.022355 | loss 1: 0.000000 | current lr: 9.540e-04
| loss 0: 2.236e-02| val metric 0: 0.005862 | best val: 0.005862 at epoch 155 | current lr: 9.540e-04
epoch: [156/500] | loss 0: 0.022852 | loss 1: 0.000000 | current lr: 9.523e-04
| loss 0: 2.285e-02| val metric 0: 0.005902 | best val: 0.005862 at epoch 155 | current lr: 9.523e-04
epoch: [157/500] | loss 0: 0.024102 | loss 1: 0.000000 | current lr: 9.506e-04
| loss 0: 2.410e-02| val metric 0: 0.011608 | best val: 0.005862 at epoch 155 | current lr: 9.506e-04
epoch: [158/500] | loss 0: 0.024466 | loss 1: 0.000000 | current lr: 9.489e-04
| loss 0: 2.447e-02| val metric 0: 0.008141 | best val: 0.005862 at epoch 155 | current lr: 9.489e-04
epoch: [159/500] | loss 0: 0.025549 | loss 1: 0.000000 | current lr: 9.472e-04
| loss 0: 2.555e-02| val metric 0: 0.007417 | best val: 0.005862 at epoch 155 | current lr: 9.472e-04
epoch: [160/500] | loss 0: 0.025826 | loss 1: 0.000000 | current lr: 9.454e-04
| loss 0: 2.583e-02| val metric 0: 0.011031 | best val: 0.005862 at epoch 155 | current lr: 9.454e-04
epoch: [161/500] | loss 0: 0.033429 | loss 1: 0.000000 | current lr: 9.436e-04
| loss 0: 3.343e-02| val metric 0: 0.015876 | best val: 0.005862 at epoch 155 | current lr: 9.436e-04
epoch: [162/500] | loss 0: 0.044698 | loss 1: 0.000000 | current lr: 9.418e-04
| loss 0: 4.470e-02| val metric 0: 0.014455 | best val: 0.005862 at epoch 155 | current lr: 9.418e-04
epoch: [163/500] | loss 0: 0.030996 | loss 1: 0.000000 | current lr: 9.399e-04
| loss 0: 3.100e-02| val metric 0: 0.008752 | best val: 0.005862 at epoch 155 | current lr: 9.399e-04
epoch: [164/500] | loss 0: 0.042019 | loss 1: 0.000000 | current lr: 9.381e-04
| loss 0: 4.202e-02| val metric 0: 0.012649 | best val: 0.005862 at epoch 155 | current lr: 9.381e-04
epoch: [165/500] | loss 0: 0.035992 | loss 1: 0.000000 | current lr: 9.362e-04
| loss 0: 3.599e-02| val metric 0: 0.016004 | best val: 0.005862 at epoch 155 | current lr: 9.362e-04
epoch: [166/500] | loss 0: 0.040140 | loss 1: 0.000000 | current lr: 9.342e-04
| loss 0: 4.014e-02| val metric 0: 0.015123 | best val: 0.005862 at epoch 155 | current lr: 9.342e-04
epoch: [167/500] | loss 0: 0.036474 | loss 1: 0.000000 | current lr: 9.323e-04
| loss 0: 3.647e-02| val metric 0: 0.012411 | best val: 0.005862 at epoch 155 | current lr: 9.323e-04
epoch: [168/500] | loss 0: 0.034053 | loss 1: 0.000000 | current lr: 9.303e-04
| loss 0: 3.405e-02| val metric 0: 0.018711 | best val: 0.005862 at epoch 155 | current lr: 9.303e-04
epoch: [169/500] | loss 0: 0.029257 | loss 1: 0.000000 | current lr: 9.283e-04
| loss 0: 2.926e-02| val metric 0: 0.006796 | best val: 0.005862 at epoch 155 | current lr: 9.283e-04
epoch: [170/500] | loss 0: 0.020638 | loss 1: 0.000000 | current lr: 9.262e-04
| loss 0: 2.064e-02| val metric 0: 0.006448 | best val: 0.005862 at epoch 155 | current lr: 9.262e-04
epoch: [171/500] | loss 0: 0.022629 | loss 1: 0.000000 | current lr: 9.242e-04
| loss 0: 2.263e-02| val metric 0: 0.010159 | best val: 0.005862 at epoch 155 | current lr: 9.242e-04
epoch: [172/500] | loss 0: 0.027714 | loss 1: 0.000000 | current lr: 9.221e-04
| loss 0: 2.771e-02| val metric 0: 0.008792 | best val: 0.005862 at epoch 155 | current lr: 9.221e-04
epoch: [173/500] | loss 0: 0.029913 | loss 1: 0.000000 | current lr: 9.199e-04
| loss 0: 2.991e-02| val metric 0: 0.013013 | best val: 0.005862 at epoch 155 | current lr: 9.199e-04
epoch: [174/500] | loss 0: 0.035663 | loss 1: 0.000000 | current lr: 9.178e-04
| loss 0: 3.566e-02| val metric 0: 0.014973 | best val: 0.005862 at epoch 155 | current lr: 9.178e-04
epoch: [175/500] | loss 0: 0.034098 | loss 1: 0.000000 | current lr: 9.156e-04
| loss 0: 3.410e-02| val metric 0: 0.019591 | best val: 0.005862 at epoch 155 | current lr: 9.156e-04
epoch: [176/500] | loss 0: 0.030591 | loss 1: 0.000000 | current lr: 9.134e-04
| loss 0: 3.059e-02| val metric 0: 0.017398 | best val: 0.005862 at epoch 155 | current lr: 9.134e-04
epoch: [177/500] | loss 0: 0.039915 | loss 1: 0.000000 | current lr: 9.112e-04
| loss 0: 3.991e-02| val metric 0: 0.011739 | best val: 0.005862 at epoch 155 | current lr: 9.112e-04
epoch: [178/500] | loss 0: 0.036703 | loss 1: 0.000000 | current lr: 9.090e-04
| loss 0: 3.670e-02| val metric 0: 0.021071 | best val: 0.005862 at epoch 155 | current lr: 9.090e-04
epoch: [179/500] | loss 0: 0.037330 | loss 1: 0.000000 | current lr: 9.067e-04
| loss 0: 3.733e-02| val metric 0: 0.013043 | best val: 0.005862 at epoch 155 | current lr: 9.067e-04
epoch: [180/500] | loss 0: 0.027655 | loss 1: 0.000000 | current lr: 9.044e-04
| loss 0: 2.766e-02| val metric 0: 0.011341 | best val: 0.005862 at epoch 155 | current lr: 9.044e-04
epoch: [181/500] | loss 0: 0.032794 | loss 1: 0.000000 | current lr: 9.021e-04
| loss 0: 3.279e-02| val metric 0: 0.009417 | best val: 0.005862 at epoch 155 | current lr: 9.021e-04
epoch: [182/500] | loss 0: 0.026834 | loss 1: 0.000000 | current lr: 8.997e-04
| loss 0: 2.683e-02| val metric 0: 0.018723 | best val: 0.005862 at epoch 155 | current lr: 8.997e-04
epoch: [183/500] | loss 0: 0.028650 | loss 1: 0.000000 | current lr: 8.974e-04
| loss 0: 2.865e-02| val metric 0: 0.010675 | best val: 0.005862 at epoch 155 | current lr: 8.974e-04
epoch: [184/500] | loss 0: 0.033586 | loss 1: 0.000000 | current lr: 8.950e-04
| loss 0: 3.359e-02| val metric 0: 0.008665 | best val: 0.005862 at epoch 155 | current lr: 8.950e-04
epoch: [185/500] | loss 0: 0.030291 | loss 1: 0.000000 | current lr: 8.925e-04
| loss 0: 3.029e-02| val metric 0: 0.011687 | best val: 0.005862 at epoch 155 | current lr: 8.925e-04
epoch: [186/500] | loss 0: 0.031785 | loss 1: 0.000000 | current lr: 8.901e-04
| loss 0: 3.179e-02| val metric 0: 0.014965 | best val: 0.005862 at epoch 155 | current lr: 8.901e-04
epoch: [187/500] | loss 0: 0.028663 | loss 1: 0.000000 | current lr: 8.876e-04
| loss 0: 2.866e-02| val metric 0: 0.011080 | best val: 0.005862 at epoch 155 | current lr: 8.876e-04
epoch: [188/500] | loss 0: 0.030767 | loss 1: 0.000000 | current lr: 8.851e-04
| loss 0: 3.077e-02| val metric 0: 0.013169 | best val: 0.005862 at epoch 155 | current lr: 8.851e-04
epoch: [189/500] | loss 0: 0.028633 | loss 1: 0.000000 | current lr: 8.826e-04
| loss 0: 2.863e-02| val metric 0: 0.011569 | best val: 0.005862 at epoch 155 | current lr: 8.826e-04
epoch: [190/500] | loss 0: 0.031019 | loss 1: 0.000000 | current lr: 8.801e-04
| loss 0: 3.102e-02| val metric 0: 0.014978 | best val: 0.005862 at epoch 155 | current lr: 8.801e-04
epoch: [191/500] | loss 0: 0.028380 | loss 1: 0.000000 | current lr: 8.775e-04
| loss 0: 2.838e-02| val metric 0: 0.008447 | best val: 0.005862 at epoch 155 | current lr: 8.775e-04
epoch: [192/500] | loss 0: 0.021330 | loss 1: 0.000000 | current lr: 8.749e-04
| loss 0: 2.133e-02| val metric 0: 0.005627 | best val: 0.005627 at epoch 192 | current lr: 8.749e-04
epoch: [193/500] | loss 0: 0.021126 | loss 1: 0.000000 | current lr: 8.723e-04
| loss 0: 2.113e-02| val metric 0: 0.005956 | best val: 0.005627 at epoch 192 | current lr: 8.723e-04
epoch: [194/500] | loss 0: 0.021863 | loss 1: 0.000000 | current lr: 8.697e-04
| loss 0: 2.186e-02| val metric 0: 0.017990 | best val: 0.005627 at epoch 192 | current lr: 8.697e-04
epoch: [195/500] | loss 0: 0.030901 | loss 1: 0.000000 | current lr: 8.670e-04
| loss 0: 3.090e-02| val metric 0: 0.013167 | best val: 0.005627 at epoch 192 | current lr: 8.670e-04
epoch: [196/500] | loss 0: 0.031781 | loss 1: 0.000000 | current lr: 8.643e-04
| loss 0: 3.178e-02| val metric 0: 0.014241 | best val: 0.005627 at epoch 192 | current lr: 8.643e-04
epoch: [197/500] | loss 0: 0.028663 | loss 1: 0.000000 | current lr: 8.616e-04
| loss 0: 2.866e-02| val metric 0: 0.012955 | best val: 0.005627 at epoch 192 | current lr: 8.616e-04
epoch: [198/500] | loss 0: 0.023932 | loss 1: 0.000000 | current lr: 8.589e-04
| loss 0: 2.393e-02| val metric 0: 0.013609 | best val: 0.005627 at epoch 192 | current lr: 8.589e-04
epoch: [199/500] | loss 0: 0.029262 | loss 1: 0.000000 | current lr: 8.562e-04
| loss 0: 2.926e-02| val metric 0: 0.009551 | best val: 0.005627 at epoch 192 | current lr: 8.562e-04
epoch: [200/500] | loss 0: 0.029004 | loss 1: 0.000000 | current lr: 8.534e-04
| loss 0: 2.900e-02| val metric 0: 0.010573 | best val: 0.005627 at epoch 192 | current lr: 8.534e-04
epoch: [201/500] | loss 0: 0.028261 | loss 1: 0.000000 | current lr: 8.506e-04
| loss 0: 2.826e-02| val metric 0: 0.006628 | best val: 0.005627 at epoch 192 | current lr: 8.506e-04
epoch: [202/500] | loss 0: 0.028067 | loss 1: 0.000000 | current lr: 8.478e-04
| loss 0: 2.807e-02| val metric 0: 0.013852 | best val: 0.005627 at epoch 192 | current lr: 8.478e-04
epoch: [203/500] | loss 0: 0.027746 | loss 1: 0.000000 | current lr: 8.450e-04
| loss 0: 2.775e-02| val metric 0: 0.009741 | best val: 0.005627 at epoch 192 | current lr: 8.450e-04
epoch: [204/500] | loss 0: 0.028348 | loss 1: 0.000000 | current lr: 8.421e-04
| loss 0: 2.835e-02| val metric 0: 0.010001 | best val: 0.005627 at epoch 192 | current lr: 8.421e-04
epoch: [205/500] | loss 0: 0.027870 | loss 1: 0.000000 | current lr: 8.393e-04
| loss 0: 2.787e-02| val metric 0: 0.010348 | best val: 0.005627 at epoch 192 | current lr: 8.393e-04
epoch: [206/500] | loss 0: 0.029658 | loss 1: 0.000000 | current lr: 8.364e-04
| loss 0: 2.966e-02| val metric 0: 0.008426 | best val: 0.005627 at epoch 192 | current lr: 8.364e-04
epoch: [207/500] | loss 0: 0.026071 | loss 1: 0.000000 | current lr: 8.334e-04
| loss 0: 2.607e-02| val metric 0: 0.009894 | best val: 0.005627 at epoch 192 | current lr: 8.334e-04
epoch: [208/500] | loss 0: 0.025917 | loss 1: 0.000000 | current lr: 8.305e-04
| loss 0: 2.592e-02| val metric 0: 0.008485 | best val: 0.005627 at epoch 192 | current lr: 8.305e-04
epoch: [209/500] | loss 0: 0.026393 | loss 1: 0.000000 | current lr: 8.276e-04
| loss 0: 2.639e-02| val metric 0: 0.010724 | best val: 0.005627 at epoch 192 | current lr: 8.276e-04
epoch: [210/500] | loss 0: 0.022190 | loss 1: 0.000000 | current lr: 8.246e-04
| loss 0: 2.219e-02| val metric 0: 0.004402 | best val: 0.004402 at epoch 210 | current lr: 8.246e-04
epoch: [211/500] | loss 0: 0.018190 | loss 1: 0.000000 | current lr: 8.216e-04
| loss 0: 1.819e-02| val metric 0: 0.006821 | best val: 0.004402 at epoch 210 | current lr: 8.216e-04
epoch: [212/500] | loss 0: 0.019788 | loss 1: 0.000000 | current lr: 8.186e-04
| loss 0: 1.979e-02| val metric 0: 0.008968 | best val: 0.004402 at epoch 210 | current lr: 8.186e-04
epoch: [213/500] | loss 0: 0.024759 | loss 1: 0.000000 | current lr: 8.155e-04
| loss 0: 2.476e-02| val metric 0: 0.010328 | best val: 0.004402 at epoch 210 | current lr: 8.155e-04
epoch: [214/500] | loss 0: 0.025718 | loss 1: 0.000000 | current lr: 8.125e-04
| loss 0: 2.572e-02| val metric 0: 0.007986 | best val: 0.004402 at epoch 210 | current lr: 8.125e-04
epoch: [215/500] | loss 0: 0.018007 | loss 1: 0.000000 | current lr: 8.094e-04
| loss 0: 1.801e-02| val metric 0: 0.004159 | best val: 0.004159 at epoch 215 | current lr: 8.094e-04
epoch: [216/500] | loss 0: 0.016326 | loss 1: 0.000000 | current lr: 8.063e-04
| loss 0: 1.633e-02| val metric 0: 0.006872 | best val: 0.004159 at epoch 215 | current lr: 8.063e-04
epoch: [217/500] | loss 0: 0.020036 | loss 1: 0.000000 | current lr: 8.032e-04
| loss 0: 2.004e-02| val metric 0: 0.009709 | best val: 0.004159 at epoch 215 | current lr: 8.032e-04
epoch: [218/500] | loss 0: 0.025603 | loss 1: 0.000000 | current lr: 8.001e-04
| loss 0: 2.560e-02| val metric 0: 0.010857 | best val: 0.004159 at epoch 215 | current lr: 8.001e-04
epoch: [219/500] | loss 0: 0.025544 | loss 1: 0.000000 | current lr: 7.969e-04
| loss 0: 2.554e-02| val metric 0: 0.006324 | best val: 0.004159 at epoch 215 | current lr: 7.969e-04
epoch: [220/500] | loss 0: 0.015847 | loss 1: 0.000000 | current lr: 7.937e-04
| loss 0: 1.585e-02| val metric 0: 0.010118 | best val: 0.004159 at epoch 215 | current lr: 7.937e-04
epoch: [221/500] | loss 0: 0.017601 | loss 1: 0.000000 | current lr: 7.905e-04
| loss 0: 1.760e-02| val metric 0: 0.006909 | best val: 0.004159 at epoch 215 | current lr: 7.905e-04
epoch: [222/500] | loss 0: 0.019484 | loss 1: 0.000000 | current lr: 7.873e-04
| loss 0: 1.948e-02| val metric 0: 0.008764 | best val: 0.004159 at epoch 215 | current lr: 7.873e-04
epoch: [223/500] | loss 0: 0.018384 | loss 1: 0.000000 | current lr: 7.841e-04
| loss 0: 1.838e-02| val metric 0: 0.008805 | best val: 0.004159 at epoch 215 | current lr: 7.841e-04
epoch: [224/500] | loss 0: 0.024262 | loss 1: 0.000000 | current lr: 7.809e-04
| loss 0: 2.426e-02| val metric 0: 0.010218 | best val: 0.004159 at epoch 215 | current lr: 7.809e-04
epoch: [225/500] | loss 0: 0.020142 | loss 1: 0.000000 | current lr: 7.776e-04
| loss 0: 2.014e-02| val metric 0: 0.007392 | best val: 0.004159 at epoch 215 | current lr: 7.776e-04
epoch: [226/500] | loss 0: 0.017078 | loss 1: 0.000000 | current lr: 7.743e-04
| loss 0: 1.708e-02| val metric 0: 0.005993 | best val: 0.004159 at epoch 215 | current lr: 7.743e-04
epoch: [227/500] | loss 0: 0.019097 | loss 1: 0.000000 | current lr: 7.711e-04
| loss 0: 1.910e-02| val metric 0: 0.007598 | best val: 0.004159 at epoch 215 | current lr: 7.711e-04
epoch: [228/500] | loss 0: 0.018409 | loss 1: 0.000000 | current lr: 7.677e-04
| loss 0: 1.841e-02| val metric 0: 0.008336 | best val: 0.004159 at epoch 215 | current lr: 7.677e-04
epoch: [229/500] | loss 0: 0.019903 | loss 1: 0.000000 | current lr: 7.644e-04
| loss 0: 1.990e-02| val metric 0: 0.009072 | best val: 0.004159 at epoch 215 | current lr: 7.644e-04
epoch: [230/500] | loss 0: 0.018798 | loss 1: 0.000000 | current lr: 7.611e-04
| loss 0: 1.880e-02| val metric 0: 0.008088 | best val: 0.004159 at epoch 215 | current lr: 7.611e-04
epoch: [231/500] | loss 0: 0.018180 | loss 1: 0.000000 | current lr: 7.577e-04
| loss 0: 1.818e-02| val metric 0: 0.009180 | best val: 0.004159 at epoch 215 | current lr: 7.577e-04
epoch: [232/500] | loss 0: 0.016986 | loss 1: 0.000000 | current lr: 7.544e-04
| loss 0: 1.699e-02| val metric 0: 0.007550 | best val: 0.004159 at epoch 215 | current lr: 7.544e-04
epoch: [233/500] | loss 0: 0.018855 | loss 1: 0.000000 | current lr: 7.510e-04
| loss 0: 1.886e-02| val metric 0: 0.007597 | best val: 0.004159 at epoch 215 | current lr: 7.510e-04
epoch: [234/500] | loss 0: 0.017972 | loss 1: 0.000000 | current lr: 7.476e-04
| loss 0: 1.797e-02| val metric 0: 0.007629 | best val: 0.004159 at epoch 215 | current lr: 7.476e-04
epoch: [235/500] | loss 0: 0.019190 | loss 1: 0.000000 | current lr: 7.441e-04
| loss 0: 1.919e-02| val metric 0: 0.007046 | best val: 0.004159 at epoch 215 | current lr: 7.441e-04
epoch: [236/500] | loss 0: 0.019715 | loss 1: 0.000000 | current lr: 7.407e-04
| loss 0: 1.971e-02| val metric 0: 0.013554 | best val: 0.004159 at epoch 215 | current lr: 7.407e-04
epoch: [237/500] | loss 0: 0.030756 | loss 1: 0.000000 | current lr: 7.373e-04
| loss 0: 3.076e-02| val metric 0: 0.012045 | best val: 0.004159 at epoch 215 | current lr: 7.373e-04
epoch: [238/500] | loss 0: 0.018066 | loss 1: 0.000000 | current lr: 7.338e-04
| loss 0: 1.807e-02| val metric 0: 0.006656 | best val: 0.004159 at epoch 215 | current lr: 7.338e-04
epoch: [239/500] | loss 0: 0.019314 | loss 1: 0.000000 | current lr: 7.303e-04
| loss 0: 1.931e-02| val metric 0: 0.010882 | best val: 0.004159 at epoch 215 | current lr: 7.303e-04
epoch: [240/500] | loss 0: 0.024969 | loss 1: 0.000000 | current lr: 7.268e-04
| loss 0: 2.497e-02| val metric 0: 0.010907 | best val: 0.004159 at epoch 215 | current lr: 7.268e-04
epoch: [241/500] | loss 0: 0.024102 | loss 1: 0.000000 | current lr: 7.233e-04
| loss 0: 2.410e-02| val metric 0: 0.010707 | best val: 0.004159 at epoch 215 | current lr: 7.233e-04
epoch: [242/500] | loss 0: 0.025219 | loss 1: 0.000000 | current lr: 7.198e-04
| loss 0: 2.522e-02| val metric 0: 0.009011 | best val: 0.004159 at epoch 215 | current lr: 7.198e-04
epoch: [243/500] | loss 0: 0.023628 | loss 1: 0.000000 | current lr: 7.163e-04
| loss 0: 2.363e-02| val metric 0: 0.008072 | best val: 0.004159 at epoch 215 | current lr: 7.163e-04
epoch: [244/500] | loss 0: 0.022205 | loss 1: 0.000000 | current lr: 7.127e-04
| loss 0: 2.221e-02| val metric 0: 0.005596 | best val: 0.004159 at epoch 215 | current lr: 7.127e-04
epoch: [245/500] | loss 0: 0.018004 | loss 1: 0.000000 | current lr: 7.092e-04
| loss 0: 1.800e-02| val metric 0: 0.006304 | best val: 0.004159 at epoch 215 | current lr: 7.092e-04
epoch: [246/500] | loss 0: 0.015242 | loss 1: 0.000000 | current lr: 7.056e-04
| loss 0: 1.524e-02| val metric 0: 0.005551 | best val: 0.004159 at epoch 215 | current lr: 7.056e-04
epoch: [247/500] | loss 0: 0.013470 | loss 1: 0.000000 | current lr: 7.020e-04
| loss 0: 1.347e-02| val metric 0: 0.006464 | best val: 0.004159 at epoch 215 | current lr: 7.020e-04
epoch: [248/500] | loss 0: 0.017609 | loss 1: 0.000000 | current lr: 6.984e-04
| loss 0: 1.761e-02| val metric 0: 0.004703 | best val: 0.004159 at epoch 215 | current lr: 6.984e-04
epoch: [249/500] | loss 0: 0.017204 | loss 1: 0.000000 | current lr: 6.948e-04
| loss 0: 1.720e-02| val metric 0: 0.007270 | best val: 0.004159 at epoch 215 | current lr: 6.948e-04
epoch: [250/500] | loss 0: 0.014463 | loss 1: 0.000000 | current lr: 6.912e-04
| loss 0: 1.446e-02| val metric 0: 0.004214 | best val: 0.004159 at epoch 215 | current lr: 6.912e-04
epoch: [251/500] | loss 0: 0.012513 | loss 1: 0.000000 | current lr: 6.875e-04
| loss 0: 1.251e-02| val metric 0: 0.003790 | best val: 0.003790 at epoch 251 | current lr: 6.875e-04
epoch: [252/500] | loss 0: 0.011997 | loss 1: 0.000000 | current lr: 6.839e-04
| loss 0: 1.200e-02| val metric 0: 0.005232 | best val: 0.003790 at epoch 251 | current lr: 6.839e-04
epoch: [253/500] | loss 0: 0.012970 | loss 1: 0.000000 | current lr: 6.802e-04
| loss 0: 1.297e-02| val metric 0: 0.006570 | best val: 0.003790 at epoch 251 | current lr: 6.802e-04
epoch: [254/500] | loss 0: 0.019674 | loss 1: 0.000000 | current lr: 6.766e-04
| loss 0: 1.967e-02| val metric 0: 0.007808 | best val: 0.003790 at epoch 251 | current lr: 6.766e-04
epoch: [255/500] | loss 0: 0.021212 | loss 1: 0.000000 | current lr: 6.729e-04
| loss 0: 2.121e-02| val metric 0: 0.005584 | best val: 0.003790 at epoch 251 | current lr: 6.729e-04
epoch: [256/500] | loss 0: 0.016729 | loss 1: 0.000000 | current lr: 6.692e-04
| loss 0: 1.673e-02| val metric 0: 0.005658 | best val: 0.003790 at epoch 251 | current lr: 6.692e-04
epoch: [257/500] | loss 0: 0.017276 | loss 1: 0.000000 | current lr: 6.655e-04
| loss 0: 1.728e-02| val metric 0: 0.011428 | best val: 0.003790 at epoch 251 | current lr: 6.655e-04
epoch: [258/500] | loss 0: 0.022995 | loss 1: 0.000000 | current lr: 6.618e-04
| loss 0: 2.300e-02| val metric 0: 0.008575 | best val: 0.003790 at epoch 251 | current lr: 6.618e-04
epoch: [259/500] | loss 0: 0.017554 | loss 1: 0.000000 | current lr: 6.581e-04
| loss 0: 1.755e-02| val metric 0: 0.005948 | best val: 0.003790 at epoch 251 | current lr: 6.581e-04
epoch: [260/500] | loss 0: 0.019084 | loss 1: 0.000000 | current lr: 6.543e-04
| loss 0: 1.908e-02| val metric 0: 0.008804 | best val: 0.003790 at epoch 251 | current lr: 6.543e-04
epoch: [261/500] | loss 0: 0.018133 | loss 1: 0.000000 | current lr: 6.506e-04
| loss 0: 1.813e-02| val metric 0: 0.005127 | best val: 0.003790 at epoch 251 | current lr: 6.506e-04
epoch: [262/500] | loss 0: 0.014834 | loss 1: 0.000000 | current lr: 6.468e-04
| loss 0: 1.483e-02| val metric 0: 0.004986 | best val: 0.003790 at epoch 251 | current lr: 6.468e-04
epoch: [263/500] | loss 0: 0.013835 | loss 1: 0.000000 | current lr: 6.431e-04
| loss 0: 1.383e-02| val metric 0: 0.005396 | best val: 0.003790 at epoch 251 | current lr: 6.431e-04
epoch: [264/500] | loss 0: 0.010973 | loss 1: 0.000000 | current lr: 6.393e-04
| loss 0: 1.097e-02| val metric 0: 0.004595 | best val: 0.003790 at epoch 251 | current lr: 6.393e-04
epoch: [265/500] | loss 0: 0.012966 | loss 1: 0.000000 | current lr: 6.355e-04
| loss 0: 1.297e-02| val metric 0: 0.006948 | best val: 0.003790 at epoch 251 | current lr: 6.355e-04
epoch: [266/500] | loss 0: 0.013323 | loss 1: 0.000000 | current lr: 6.317e-04
| loss 0: 1.332e-02| val metric 0: 0.004284 | best val: 0.003790 at epoch 251 | current lr: 6.317e-04
epoch: [267/500] | loss 0: 0.012851 | loss 1: 0.000000 | current lr: 6.280e-04
| loss 0: 1.285e-02| val metric 0: 0.006951 | best val: 0.003790 at epoch 251 | current lr: 6.280e-04
epoch: [268/500] | loss 0: 0.017044 | loss 1: 0.000000 | current lr: 6.242e-04
| loss 0: 1.704e-02| val metric 0: 0.004456 | best val: 0.003790 at epoch 251 | current lr: 6.242e-04
epoch: [269/500] | loss 0: 0.015254 | loss 1: 0.000000 | current lr: 6.203e-04
| loss 0: 1.525e-02| val metric 0: 0.003477 | best val: 0.003477 at epoch 269 | current lr: 6.203e-04
epoch: [270/500] | loss 0: 0.011992 | loss 1: 0.000000 | current lr: 6.165e-04
| loss 0: 1.199e-02| val metric 0: 0.005743 | best val: 0.003477 at epoch 269 | current lr: 6.165e-04
epoch: [271/500] | loss 0: 0.011190 | loss 1: 0.000000 | current lr: 6.127e-04
| loss 0: 1.119e-02| val metric 0: 0.004304 | best val: 0.003477 at epoch 269 | current lr: 6.127e-04
epoch: [272/500] | loss 0: 0.011391 | loss 1: 0.000000 | current lr: 6.089e-04
| loss 0: 1.139e-02| val metric 0: 0.005863 | best val: 0.003477 at epoch 269 | current lr: 6.089e-04
epoch: [273/500] | loss 0: 0.017201 | loss 1: 0.000000 | current lr: 6.050e-04
| loss 0: 1.720e-02| val metric 0: 0.008711 | best val: 0.003477 at epoch 269 | current lr: 6.050e-04
epoch: [274/500] | loss 0: 0.015078 | loss 1: 0.000000 | current lr: 6.012e-04
| loss 0: 1.508e-02| val metric 0: 0.005177 | best val: 0.003477 at epoch 269 | current lr: 6.012e-04
epoch: [275/500] | loss 0: 0.011456 | loss 1: 0.000000 | current lr: 5.974e-04
| loss 0: 1.146e-02| val metric 0: 0.004225 | best val: 0.003477 at epoch 269 | current lr: 5.974e-04
epoch: [276/500] | loss 0: 0.012512 | loss 1: 0.000000 | current lr: 5.935e-04
| loss 0: 1.251e-02| val metric 0: 0.005777 | best val: 0.003477 at epoch 269 | current lr: 5.935e-04
epoch: [277/500] | loss 0: 0.014318 | loss 1: 0.000000 | current lr: 5.896e-04
| loss 0: 1.432e-02| val metric 0: 0.006873 | best val: 0.003477 at epoch 269 | current lr: 5.896e-04
epoch: [278/500] | loss 0: 0.014334 | loss 1: 0.000000 | current lr: 5.858e-04
| loss 0: 1.433e-02| val metric 0: 0.010216 | best val: 0.003477 at epoch 269 | current lr: 5.858e-04
epoch: [279/500] | loss 0: 0.017406 | loss 1: 0.000000 | current lr: 5.819e-04
| loss 0: 1.741e-02| val metric 0: 0.004902 | best val: 0.003477 at epoch 269 | current lr: 5.819e-04
epoch: [280/500] | loss 0: 0.013640 | loss 1: 0.000000 | current lr: 5.780e-04
| loss 0: 1.364e-02| val metric 0: 0.005308 | best val: 0.003477 at epoch 269 | current lr: 5.780e-04
epoch: [281/500] | loss 0: 0.012813 | loss 1: 0.000000 | current lr: 5.741e-04
| loss 0: 1.281e-02| val metric 0: 0.004713 | best val: 0.003477 at epoch 269 | current lr: 5.741e-04
epoch: [282/500] | loss 0: 0.014911 | loss 1: 0.000000 | current lr: 5.703e-04
| loss 0: 1.491e-02| val metric 0: 0.004020 | best val: 0.003477 at epoch 269 | current lr: 5.703e-04
epoch: [283/500] | loss 0: 0.012380 | loss 1: 0.000000 | current lr: 5.664e-04
| loss 0: 1.238e-02| val metric 0: 0.004695 | best val: 0.003477 at epoch 269 | current lr: 5.664e-04
epoch: [284/500] | loss 0: 0.012451 | loss 1: 0.000000 | current lr: 5.625e-04
| loss 0: 1.245e-02| val metric 0: 0.004977 | best val: 0.003477 at epoch 269 | current lr: 5.625e-04
epoch: [285/500] | loss 0: 0.011597 | loss 1: 0.000000 | current lr: 5.586e-04
| loss 0: 1.160e-02| val metric 0: 0.003517 | best val: 0.003477 at epoch 269 | current lr: 5.586e-04
epoch: [286/500] | loss 0: 0.008875 | loss 1: 0.000000 | current lr: 5.547e-04
| loss 0: 8.875e-03| val metric 0: 0.003383 | best val: 0.003383 at epoch 286 | current lr: 5.547e-04
epoch: [287/500] | loss 0: 0.010022 | loss 1: 0.000000 | current lr: 5.508e-04
| loss 0: 1.002e-02| val metric 0: 0.004716 | best val: 0.003383 at epoch 286 | current lr: 5.508e-04
epoch: [288/500] | loss 0: 0.012303 | loss 1: 0.000000 | current lr: 5.469e-04
| loss 0: 1.230e-02| val metric 0: 0.004621 | best val: 0.003383 at epoch 286 | current lr: 5.469e-04
epoch: [289/500] | loss 0: 0.010602 | loss 1: 0.000000 | current lr: 5.429e-04
| loss 0: 1.060e-02| val metric 0: 0.004882 | best val: 0.003383 at epoch 286 | current lr: 5.429e-04
epoch: [290/500] | loss 0: 0.009344 | loss 1: 0.000000 | current lr: 5.390e-04
| loss 0: 9.344e-03| val metric 0: 0.002296 | best val: 0.002296 at epoch 290 | current lr: 5.390e-04
epoch: [291/500] | loss 0: 0.012543 | loss 1: 0.000000 | current lr: 5.351e-04
| loss 0: 1.254e-02| val metric 0: 0.004303 | best val: 0.002296 at epoch 290 | current lr: 5.351e-04
epoch: [292/500] | loss 0: 0.016619 | loss 1: 0.000000 | current lr: 5.312e-04
| loss 0: 1.662e-02| val metric 0: 0.003882 | best val: 0.002296 at epoch 290 | current lr: 5.312e-04
epoch: [293/500] | loss 0: 0.015028 | loss 1: 0.000000 | current lr: 5.273e-04
| loss 0: 1.503e-02| val metric 0: 0.005450 | best val: 0.002296 at epoch 290 | current lr: 5.273e-04
epoch: [294/500] | loss 0: 0.010685 | loss 1: 0.000000 | current lr: 5.234e-04
| loss 0: 1.069e-02| val metric 0: 0.003543 | best val: 0.002296 at epoch 290 | current lr: 5.234e-04
epoch: [295/500] | loss 0: 0.008381 | loss 1: 0.000000 | current lr: 5.194e-04
| loss 0: 8.381e-03| val metric 0: 0.003580 | best val: 0.002296 at epoch 290 | current lr: 5.194e-04
epoch: [296/500] | loss 0: 0.010176 | loss 1: 0.000000 | current lr: 5.155e-04
| loss 0: 1.018e-02| val metric 0: 0.004399 | best val: 0.002296 at epoch 290 | current lr: 5.155e-04
epoch: [297/500] | loss 0: 0.011994 | loss 1: 0.000000 | current lr: 5.116e-04
| loss 0: 1.199e-02| val metric 0: 0.006240 | best val: 0.002296 at epoch 290 | current lr: 5.116e-04
epoch: [298/500] | loss 0: 0.010918 | loss 1: 0.000000 | current lr: 5.077e-04
| loss 0: 1.092e-02| val metric 0: 0.003976 | best val: 0.002296 at epoch 290 | current lr: 5.077e-04
epoch: [299/500] | loss 0: 0.009118 | loss 1: 0.000000 | current lr: 5.037e-04
| loss 0: 9.118e-03| val metric 0: 0.005007 | best val: 0.002296 at epoch 290 | current lr: 5.037e-04
epoch: [300/500] | loss 0: 0.009892 | loss 1: 0.000000 | current lr: 4.998e-04
| loss 0: 9.892e-03| val metric 0: 0.005358 | best val: 0.002296 at epoch 290 | current lr: 4.998e-04
epoch: [301/500] | loss 0: 0.010739 | loss 1: 0.000000 | current lr: 4.959e-04
| loss 0: 1.074e-02| val metric 0: 0.004671 | best val: 0.002296 at epoch 290 | current lr: 4.959e-04
epoch: [302/500] | loss 0: 0.014278 | loss 1: 0.000000 | current lr: 4.920e-04
| loss 0: 1.428e-02| val metric 0: 0.004627 | best val: 0.002296 at epoch 290 | current lr: 4.920e-04
epoch: [303/500] | loss 0: 0.014065 | loss 1: 0.000000 | current lr: 4.880e-04
| loss 0: 1.407e-02| val metric 0: 0.004555 | best val: 0.002296 at epoch 290 | current lr: 4.880e-04
epoch: [304/500] | loss 0: 0.013304 | loss 1: 0.000000 | current lr: 4.841e-04
| loss 0: 1.330e-02| val metric 0: 0.003127 | best val: 0.002296 at epoch 290 | current lr: 4.841e-04
epoch: [305/500] | loss 0: 0.011238 | loss 1: 0.000000 | current lr: 4.802e-04
| loss 0: 1.124e-02| val metric 0: 0.004179 | best val: 0.002296 at epoch 290 | current lr: 4.802e-04
epoch: [306/500] | loss 0: 0.013323 | loss 1: 0.000000 | current lr: 4.763e-04
| loss 0: 1.332e-02| val metric 0: 0.005333 | best val: 0.002296 at epoch 290 | current lr: 4.763e-04
epoch: [307/500] | loss 0: 0.012974 | loss 1: 0.000000 | current lr: 4.723e-04
| loss 0: 1.297e-02| val metric 0: 0.004392 | best val: 0.002296 at epoch 290 | current lr: 4.723e-04
epoch: [308/500] | loss 0: 0.010864 | loss 1: 0.000000 | current lr: 4.684e-04
| loss 0: 1.086e-02| val metric 0: 0.004214 | best val: 0.002296 at epoch 290 | current lr: 4.684e-04
epoch: [309/500] | loss 0: 0.008905 | loss 1: 0.000000 | current lr: 4.645e-04
| loss 0: 8.905e-03| val metric 0: 0.003827 | best val: 0.002296 at epoch 290 | current lr: 4.645e-04
epoch: [310/500] | loss 0: 0.009344 | loss 1: 0.000000 | current lr: 4.606e-04
| loss 0: 9.344e-03| val metric 0: 0.003894 | best val: 0.002296 at epoch 290 | current lr: 4.606e-04
epoch: [311/500] | loss 0: 0.010189 | loss 1: 0.000000 | current lr: 4.567e-04
| loss 0: 1.019e-02| val metric 0: 0.005009 | best val: 0.002296 at epoch 290 | current lr: 4.567e-04
epoch: [312/500] | loss 0: 0.010328 | loss 1: 0.000000 | current lr: 4.528e-04
| loss 0: 1.033e-02| val metric 0: 0.004369 | best val: 0.002296 at epoch 290 | current lr: 4.528e-04
epoch: [313/500] | loss 0: 0.008488 | loss 1: 0.000000 | current lr: 4.488e-04
| loss 0: 8.488e-03| val metric 0: 0.002941 | best val: 0.002296 at epoch 290 | current lr: 4.488e-04
epoch: [314/500] | loss 0: 0.007425 | loss 1: 0.000000 | current lr: 4.449e-04
| loss 0: 7.425e-03| val metric 0: 0.003063 | best val: 0.002296 at epoch 290 | current lr: 4.449e-04
epoch: [315/500] | loss 0: 0.008897 | loss 1: 0.000000 | current lr: 4.410e-04
| loss 0: 8.897e-03| val metric 0: 0.004537 | best val: 0.002296 at epoch 290 | current lr: 4.410e-04
epoch: [316/500] | loss 0: 0.012120 | loss 1: 0.000000 | current lr: 4.371e-04
| loss 0: 1.212e-02| val metric 0: 0.004728 | best val: 0.002296 at epoch 290 | current lr: 4.371e-04
epoch: [317/500] | loss 0: 0.012659 | loss 1: 0.000000 | current lr: 4.332e-04
| loss 0: 1.266e-02| val metric 0: 0.006265 | best val: 0.002296 at epoch 290 | current lr: 4.332e-04
epoch: [318/500] | loss 0: 0.011443 | loss 1: 0.000000 | current lr: 4.294e-04
| loss 0: 1.144e-02| val metric 0: 0.003171 | best val: 0.002296 at epoch 290 | current lr: 4.294e-04
epoch: [319/500] | loss 0: 0.007831 | loss 1: 0.000000 | current lr: 4.255e-04
| loss 0: 7.831e-03| val metric 0: 0.002321 | best val: 0.002296 at epoch 290 | current lr: 4.255e-04
epoch: [320/500] | loss 0: 0.007122 | loss 1: 0.000000 | current lr: 4.216e-04
| loss 0: 7.122e-03| val metric 0: 0.002990 | best val: 0.002296 at epoch 290 | current lr: 4.216e-04
epoch: [321/500] | loss 0: 0.009036 | loss 1: 0.000000 | current lr: 4.177e-04
| loss 0: 9.036e-03| val metric 0: 0.004490 | best val: 0.002296 at epoch 290 | current lr: 4.177e-04
epoch: [322/500] | loss 0: 0.009627 | loss 1: 0.000000 | current lr: 4.138e-04
| loss 0: 9.627e-03| val metric 0: 0.003215 | best val: 0.002296 at epoch 290 | current lr: 4.138e-04
epoch: [323/500] | loss 0: 0.008921 | loss 1: 0.000000 | current lr: 4.100e-04
| loss 0: 8.921e-03| val metric 0: 0.004616 | best val: 0.002296 at epoch 290 | current lr: 4.100e-04
epoch: [324/500] | loss 0: 0.008490 | loss 1: 0.000000 | current lr: 4.061e-04
| loss 0: 8.490e-03| val metric 0: 0.002707 | best val: 0.002296 at epoch 290 | current lr: 4.061e-04
epoch: [325/500] | loss 0: 0.007611 | loss 1: 0.000000 | current lr: 4.023e-04
| loss 0: 7.611e-03| val metric 0: 0.002547 | best val: 0.002296 at epoch 290 | current lr: 4.023e-04
epoch: [326/500] | loss 0: 0.010981 | loss 1: 0.000000 | current lr: 3.984e-04
| loss 0: 1.098e-02| val metric 0: 0.003231 | best val: 0.002296 at epoch 290 | current lr: 3.984e-04
epoch: [327/500] | loss 0: 0.008299 | loss 1: 0.000000 | current lr: 3.946e-04
| loss 0: 8.299e-03| val metric 0: 0.002304 | best val: 0.002296 at epoch 290 | current lr: 3.946e-04
epoch: [328/500] | loss 0: 0.005857 | loss 1: 0.000000 | current lr: 3.907e-04
| loss 0: 5.857e-03| val metric 0: 0.004333 | best val: 0.002296 at epoch 290 | current lr: 3.907e-04
epoch: [329/500] | loss 0: 0.008882 | loss 1: 0.000000 | current lr: 3.869e-04
| loss 0: 8.882e-03| val metric 0: 0.003908 | best val: 0.002296 at epoch 290 | current lr: 3.869e-04
epoch: [330/500] | loss 0: 0.009409 | loss 1: 0.000000 | current lr: 3.831e-04
| loss 0: 9.409e-03| val metric 0: 0.004265 | best val: 0.002296 at epoch 290 | current lr: 3.831e-04
epoch: [331/500] | loss 0: 0.009207 | loss 1: 0.000000 | current lr: 3.793e-04
| loss 0: 9.207e-03| val metric 0: 0.003078 | best val: 0.002296 at epoch 290 | current lr: 3.793e-04
epoch: [332/500] | loss 0: 0.007966 | loss 1: 0.000000 | current lr: 3.755e-04
| loss 0: 7.966e-03| val metric 0: 0.003334 | best val: 0.002296 at epoch 290 | current lr: 3.755e-04
epoch: [333/500] | loss 0: 0.009883 | loss 1: 0.000000 | current lr: 3.717e-04
| loss 0: 9.883e-03| val metric 0: 0.003842 | best val: 0.002296 at epoch 290 | current lr: 3.717e-04
epoch: [334/500] | loss 0: 0.009592 | loss 1: 0.000000 | current lr: 3.679e-04
| loss 0: 9.592e-03| val metric 0: 0.005109 | best val: 0.002296 at epoch 290 | current lr: 3.679e-04
epoch: [335/500] | loss 0: 0.009613 | loss 1: 0.000000 | current lr: 3.641e-04
| loss 0: 9.613e-03| val metric 0: 0.002677 | best val: 0.002296 at epoch 290 | current lr: 3.641e-04
epoch: [336/500] | loss 0: 0.007699 | loss 1: 0.000000 | current lr: 3.603e-04
| loss 0: 7.699e-03| val metric 0: 0.003272 | best val: 0.002296 at epoch 290 | current lr: 3.603e-04
epoch: [337/500] | loss 0: 0.006012 | loss 1: 0.000000 | current lr: 3.565e-04
| loss 0: 6.012e-03| val metric 0: 0.003048 | best val: 0.002296 at epoch 290 | current lr: 3.565e-04
epoch: [338/500] | loss 0: 0.006360 | loss 1: 0.000000 | current lr: 3.528e-04
| loss 0: 6.360e-03| val metric 0: 0.002666 | best val: 0.002296 at epoch 290 | current lr: 3.528e-04
epoch: [339/500] | loss 0: 0.006967 | loss 1: 0.000000 | current lr: 3.490e-04
| loss 0: 6.967e-03| val metric 0: 0.002222 | best val: 0.002222 at epoch 339 | current lr: 3.490e-04
epoch: [340/500] | loss 0: 0.005976 | loss 1: 0.000000 | current lr: 3.453e-04
| loss 0: 5.976e-03| val metric 0: 0.002608 | best val: 0.002222 at epoch 339 | current lr: 3.453e-04
epoch: [341/500] | loss 0: 0.006742 | loss 1: 0.000000 | current lr: 3.416e-04
| loss 0: 6.742e-03| val metric 0: 0.004389 | best val: 0.002222 at epoch 339 | current lr: 3.416e-04
epoch: [342/500] | loss 0: 0.008845 | loss 1: 0.000000 | current lr: 3.379e-04
| loss 0: 8.845e-03| val metric 0: 0.002385 | best val: 0.002222 at epoch 339 | current lr: 3.379e-04
epoch: [343/500] | loss 0: 0.007356 | loss 1: 0.000000 | current lr: 3.341e-04
| loss 0: 7.356e-03| val metric 0: 0.002621 | best val: 0.002222 at epoch 339 | current lr: 3.341e-04
epoch: [344/500] | loss 0: 0.007699 | loss 1: 0.000000 | current lr: 3.304e-04
| loss 0: 7.699e-03| val metric 0: 0.002106 | best val: 0.002106 at epoch 344 | current lr: 3.304e-04
epoch: [345/500] | loss 0: 0.007469 | loss 1: 0.000000 | current lr: 3.268e-04
| loss 0: 7.469e-03| val metric 0: 0.002692 | best val: 0.002106 at epoch 344 | current lr: 3.268e-04
epoch: [346/500] | loss 0: 0.007286 | loss 1: 0.000000 | current lr: 3.231e-04
| loss 0: 7.286e-03| val metric 0: 0.002668 | best val: 0.002106 at epoch 344 | current lr: 3.231e-04
epoch: [347/500] | loss 0: 0.007028 | loss 1: 0.000000 | current lr: 3.194e-04
| loss 0: 7.028e-03| val metric 0: 0.001805 | best val: 0.001805 at epoch 347 | current lr: 3.194e-04
epoch: [348/500] | loss 0: 0.006222 | loss 1: 0.000000 | current lr: 3.158e-04
| loss 0: 6.222e-03| val metric 0: 0.003238 | best val: 0.001805 at epoch 347 | current lr: 3.158e-04
epoch: [349/500] | loss 0: 0.008010 | loss 1: 0.000000 | current lr: 3.121e-04
| loss 0: 8.010e-03| val metric 0: 0.002830 | best val: 0.001805 at epoch 347 | current lr: 3.121e-04
epoch: [350/500] | loss 0: 0.008097 | loss 1: 0.000000 | current lr: 3.085e-04
| loss 0: 8.097e-03| val metric 0: 0.002820 | best val: 0.001805 at epoch 347 | current lr: 3.085e-04
epoch: [351/500] | loss 0: 0.007837 | loss 1: 0.000000 | current lr: 3.049e-04
| loss 0: 7.837e-03| val metric 0: 0.002639 | best val: 0.001805 at epoch 347 | current lr: 3.049e-04
epoch: [352/500] | loss 0: 0.007525 | loss 1: 0.000000 | current lr: 3.012e-04
| loss 0: 7.525e-03| val metric 0: 0.002857 | best val: 0.001805 at epoch 347 | current lr: 3.012e-04
epoch: [353/500] | loss 0: 0.007734 | loss 1: 0.000000 | current lr: 2.976e-04
| loss 0: 7.734e-03| val metric 0: 0.003132 | best val: 0.001805 at epoch 347 | current lr: 2.976e-04
epoch: [354/500] | loss 0: 0.006953 | loss 1: 0.000000 | current lr: 2.941e-04
| loss 0: 6.953e-03| val metric 0: 0.002327 | best val: 0.001805 at epoch 347 | current lr: 2.941e-04
epoch: [355/500] | loss 0: 0.006091 | loss 1: 0.000000 | current lr: 2.905e-04
| loss 0: 6.091e-03| val metric 0: 0.002253 | best val: 0.001805 at epoch 347 | current lr: 2.905e-04
epoch: [356/500] | loss 0: 0.005587 | loss 1: 0.000000 | current lr: 2.869e-04
| loss 0: 5.587e-03| val metric 0: 0.001731 | best val: 0.001731 at epoch 356 | current lr: 2.869e-04
epoch: [357/500] | loss 0: 0.004497 | loss 1: 0.000000 | current lr: 2.834e-04
| loss 0: 4.497e-03| val metric 0: 0.001923 | best val: 0.001731 at epoch 356 | current lr: 2.834e-04
epoch: [358/500] | loss 0: 0.004205 | loss 1: 0.000000 | current lr: 2.799e-04
| loss 0: 4.205e-03| val metric 0: 0.001579 | best val: 0.001579 at epoch 358 | current lr: 2.799e-04
epoch: [359/500] | loss 0: 0.004189 | loss 1: 0.000000 | current lr: 2.763e-04
| loss 0: 4.189e-03| val metric 0: 0.001788 | best val: 0.001579 at epoch 358 | current lr: 2.763e-04
epoch: [360/500] | loss 0: 0.003909 | loss 1: 0.000000 | current lr: 2.728e-04
| loss 0: 3.909e-03| val metric 0: 0.001645 | best val: 0.001579 at epoch 358 | current lr: 2.728e-04
epoch: [361/500] | loss 0: 0.004184 | loss 1: 0.000000 | current lr: 2.693e-04
| loss 0: 4.184e-03| val metric 0: 0.001279 | best val: 0.001279 at epoch 361 | current lr: 2.693e-04
epoch: [362/500] | loss 0: 0.004695 | loss 1: 0.000000 | current lr: 2.659e-04
| loss 0: 4.695e-03| val metric 0: 0.001980 | best val: 0.001279 at epoch 361 | current lr: 2.659e-04
epoch: [363/500] | loss 0: 0.006627 | loss 1: 0.000000 | current lr: 2.624e-04
| loss 0: 6.627e-03| val metric 0: 0.003185 | best val: 0.001279 at epoch 361 | current lr: 2.624e-04
epoch: [364/500] | loss 0: 0.005403 | loss 1: 0.000000 | current lr: 2.590e-04
| loss 0: 5.403e-03| val metric 0: 0.001375 | best val: 0.001279 at epoch 361 | current lr: 2.590e-04
epoch: [365/500] | loss 0: 0.003499 | loss 1: 0.000000 | current lr: 2.555e-04
| loss 0: 3.499e-03| val metric 0: 0.001434 | best val: 0.001279 at epoch 361 | current lr: 2.555e-04
epoch: [366/500] | loss 0: 0.003556 | loss 1: 0.000000 | current lr: 2.521e-04
| loss 0: 3.556e-03| val metric 0: 0.001256 | best val: 0.001256 at epoch 366 | current lr: 2.521e-04
epoch: [367/500] | loss 0: 0.003486 | loss 1: 0.000000 | current lr: 2.487e-04
| loss 0: 3.486e-03| val metric 0: 0.001224 | best val: 0.001224 at epoch 367 | current lr: 2.487e-04
epoch: [368/500] | loss 0: 0.003233 | loss 1: 0.000000 | current lr: 2.453e-04
| loss 0: 3.233e-03| val metric 0: 0.001382 | best val: 0.001224 at epoch 367 | current lr: 2.453e-04
epoch: [369/500] | loss 0: 0.003225 | loss 1: 0.000000 | current lr: 2.419e-04
| loss 0: 3.225e-03| val metric 0: 0.001428 | best val: 0.001224 at epoch 367 | current lr: 2.419e-04
epoch: [370/500] | loss 0: 0.003112 | loss 1: 0.000000 | current lr: 2.386e-04
| loss 0: 3.112e-03| val metric 0: 0.001213 | best val: 0.001213 at epoch 370 | current lr: 2.386e-04
epoch: [371/500] | loss 0: 0.003180 | loss 1: 0.000000 | current lr: 2.352e-04
| loss 0: 3.180e-03| val metric 0: 0.001310 | best val: 0.001213 at epoch 370 | current lr: 2.352e-04
epoch: [372/500] | loss 0: 0.003107 | loss 1: 0.000000 | current lr: 2.319e-04
| loss 0: 3.107e-03| val metric 0: 0.001218 | best val: 0.001213 at epoch 370 | current lr: 2.319e-04
epoch: [373/500] | loss 0: 0.003246 | loss 1: 0.000000 | current lr: 2.286e-04
| loss 0: 3.246e-03| val metric 0: 0.001155 | best val: 0.001155 at epoch 373 | current lr: 2.286e-04
epoch: [374/500] | loss 0: 0.004055 | loss 1: 0.000000 | current lr: 2.253e-04
| loss 0: 4.055e-03| val metric 0: 0.001520 | best val: 0.001155 at epoch 373 | current lr: 2.253e-04
epoch: [375/500] | loss 0: 0.004388 | loss 1: 0.000000 | current lr: 2.221e-04
| loss 0: 4.388e-03| val metric 0: 0.002081 | best val: 0.001155 at epoch 373 | current lr: 2.221e-04
epoch: [376/500] | loss 0: 0.004204 | loss 1: 0.000000 | current lr: 2.188e-04
| loss 0: 4.204e-03| val metric 0: 0.001755 | best val: 0.001155 at epoch 373 | current lr: 2.188e-04
epoch: [377/500] | loss 0: 0.003907 | loss 1: 0.000000 | current lr: 2.156e-04
| loss 0: 3.907e-03| val metric 0: 0.001678 | best val: 0.001155 at epoch 373 | current lr: 2.156e-04
epoch: [378/500] | loss 0: 0.004045 | loss 1: 0.000000 | current lr: 2.123e-04
| loss 0: 4.045e-03| val metric 0: 0.001667 | best val: 0.001155 at epoch 373 | current lr: 2.123e-04
epoch: [379/500] | loss 0: 0.004147 | loss 1: 0.000000 | current lr: 2.091e-04
| loss 0: 4.147e-03| val metric 0: 0.002075 | best val: 0.001155 at epoch 373 | current lr: 2.091e-04
epoch: [380/500] | loss 0: 0.005150 | loss 1: 0.000000 | current lr: 2.059e-04
| loss 0: 5.150e-03| val metric 0: 0.001757 | best val: 0.001155 at epoch 373 | current lr: 2.059e-04
epoch: [381/500] | loss 0: 0.004796 | loss 1: 0.000000 | current lr: 2.028e-04
| loss 0: 4.796e-03| val metric 0: 0.001976 | best val: 0.001155 at epoch 373 | current lr: 2.028e-04
epoch: [382/500] | loss 0: 0.004683 | loss 1: 0.000000 | current lr: 1.996e-04
| loss 0: 4.683e-03| val metric 0: 0.001519 | best val: 0.001155 at epoch 373 | current lr: 1.996e-04
epoch: [383/500] | loss 0: 0.003928 | loss 1: 0.000000 | current lr: 1.965e-04
| loss 0: 3.928e-03| val metric 0: 0.001728 | best val: 0.001155 at epoch 373 | current lr: 1.965e-04
epoch: [384/500] | loss 0: 0.004153 | loss 1: 0.000000 | current lr: 1.934e-04
| loss 0: 4.153e-03| val metric 0: 0.001455 | best val: 0.001155 at epoch 373 | current lr: 1.934e-04
epoch: [385/500] | loss 0: 0.003459 | loss 1: 0.000000 | current lr: 1.903e-04
| loss 0: 3.459e-03| val metric 0: 0.001751 | best val: 0.001155 at epoch 373 | current lr: 1.903e-04
epoch: [386/500] | loss 0: 0.003883 | loss 1: 0.000000 | current lr: 1.872e-04
| loss 0: 3.883e-03| val metric 0: 0.001392 | best val: 0.001155 at epoch 373 | current lr: 1.872e-04
epoch: [387/500] | loss 0: 0.003844 | loss 1: 0.000000 | current lr: 1.842e-04
| loss 0: 3.844e-03| val metric 0: 0.001610 | best val: 0.001155 at epoch 373 | current lr: 1.842e-04
epoch: [388/500] | loss 0: 0.003823 | loss 1: 0.000000 | current lr: 1.811e-04
| loss 0: 3.823e-03| val metric 0: 0.001350 | best val: 0.001155 at epoch 373 | current lr: 1.811e-04
epoch: [389/500] | loss 0: 0.003659 | loss 1: 0.000000 | current lr: 1.781e-04
| loss 0: 3.659e-03| val metric 0: 0.001287 | best val: 0.001155 at epoch 373 | current lr: 1.781e-04
epoch: [390/500] | loss 0: 0.003313 | loss 1: 0.000000 | current lr: 1.751e-04
| loss 0: 3.313e-03| val metric 0: 0.001290 | best val: 0.001155 at epoch 373 | current lr: 1.751e-04
epoch: [391/500] | loss 0: 0.002885 | loss 1: 0.000000 | current lr: 1.722e-04
| loss 0: 2.885e-03| val metric 0: 0.001080 | best val: 0.001080 at epoch 391 | current lr: 1.722e-04
epoch: [392/500] | loss 0: 0.002476 | loss 1: 0.000000 | current lr: 1.692e-04
| loss 0: 2.476e-03| val metric 0: 0.000939 | best val: 0.000939 at epoch 392 | current lr: 1.692e-04
epoch: [393/500] | loss 0: 0.002337 | loss 1: 0.000000 | current lr: 1.663e-04
| loss 0: 2.337e-03| val metric 0: 0.000953 | best val: 0.000939 at epoch 392 | current lr: 1.663e-04
epoch: [394/500] | loss 0: 0.002337 | loss 1: 0.000000 | current lr: 1.633e-04
| loss 0: 2.337e-03| val metric 0: 0.000912 | best val: 0.000912 at epoch 394 | current lr: 1.633e-04
epoch: [395/500] | loss 0: 0.002282 | loss 1: 0.000000 | current lr: 1.605e-04
| loss 0: 2.282e-03| val metric 0: 0.000933 | best val: 0.000912 at epoch 394 | current lr: 1.605e-04
epoch: [396/500] | loss 0: 0.002261 | loss 1: 0.000000 | current lr: 1.576e-04
| loss 0: 2.261e-03| val metric 0: 0.000922 | best val: 0.000912 at epoch 394 | current lr: 1.576e-04
epoch: [397/500] | loss 0: 0.002235 | loss 1: 0.000000 | current lr: 1.547e-04
| loss 0: 2.235e-03| val metric 0: 0.000917 | best val: 0.000912 at epoch 394 | current lr: 1.547e-04
epoch: [398/500] | loss 0: 0.002217 | loss 1: 0.000000 | current lr: 1.519e-04
| loss 0: 2.217e-03| val metric 0: 0.000903 | best val: 0.000903 at epoch 398 | current lr: 1.519e-04
epoch: [399/500] | loss 0: 0.002193 | loss 1: 0.000000 | current lr: 1.491e-04
| loss 0: 2.193e-03| val metric 0: 0.000892 | best val: 0.000892 at epoch 399 | current lr: 1.491e-04
epoch: [400/500] | loss 0: 0.002171 | loss 1: 0.000000 | current lr: 1.463e-04
| loss 0: 2.171e-03| val metric 0: 0.000882 | best val: 0.000882 at epoch 400 | current lr: 1.463e-04
epoch: [401/500] | loss 0: 0.002149 | loss 1: 0.000000 | current lr: 1.435e-04
| loss 0: 2.149e-03| val metric 0: 0.000873 | best val: 0.000873 at epoch 401 | current lr: 1.435e-04
epoch: [402/500] | loss 0: 0.002129 | loss 1: 0.000000 | current lr: 1.408e-04
| loss 0: 2.129e-03| val metric 0: 0.000865 | best val: 0.000865 at epoch 402 | current lr: 1.408e-04
epoch: [403/500] | loss 0: 0.002110 | loss 1: 0.000000 | current lr: 1.381e-04
| loss 0: 2.110e-03| val metric 0: 0.000858 | best val: 0.000858 at epoch 403 | current lr: 1.381e-04
epoch: [404/500] | loss 0: 0.002093 | loss 1: 0.000000 | current lr: 1.354e-04
| loss 0: 2.093e-03| val metric 0: 0.000853 | best val: 0.000853 at epoch 404 | current lr: 1.354e-04
epoch: [405/500] | loss 0: 0.002080 | loss 1: 0.000000 | current lr: 1.327e-04
| loss 0: 2.080e-03| val metric 0: 0.000849 | best val: 0.000849 at epoch 405 | current lr: 1.327e-04
epoch: [406/500] | loss 0: 0.002067 | loss 1: 0.000000 | current lr: 1.301e-04
| loss 0: 2.067e-03| val metric 0: 0.000843 | best val: 0.000843 at epoch 406 | current lr: 1.301e-04
epoch: [407/500] | loss 0: 0.002054 | loss 1: 0.000000 | current lr: 1.274e-04
| loss 0: 2.054e-03| val metric 0: 0.000835 | best val: 0.000835 at epoch 407 | current lr: 1.274e-04
epoch: [408/500] | loss 0: 0.002042 | loss 1: 0.000000 | current lr: 1.248e-04
| loss 0: 2.042e-03| val metric 0: 0.000829 | best val: 0.000829 at epoch 408 | current lr: 1.248e-04
epoch: [409/500] | loss 0: 0.002030 | loss 1: 0.000000 | current lr: 1.222e-04
| loss 0: 2.030e-03| val metric 0: 0.000824 | best val: 0.000824 at epoch 409 | current lr: 1.222e-04
epoch: [410/500] | loss 0: 0.002019 | loss 1: 0.000000 | current lr: 1.197e-04
| loss 0: 2.019e-03| val metric 0: 0.000821 | best val: 0.000821 at epoch 410 | current lr: 1.197e-04
epoch: [411/500] | loss 0: 0.002012 | loss 1: 0.000000 | current lr: 1.171e-04
| loss 0: 2.012e-03| val metric 0: 0.000822 | best val: 0.000821 at epoch 410 | current lr: 1.171e-04
epoch: [412/500] | loss 0: 0.002016 | loss 1: 0.000000 | current lr: 1.146e-04
| loss 0: 2.016e-03| val metric 0: 0.000838 | best val: 0.000821 at epoch 410 | current lr: 1.146e-04
epoch: [413/500] | loss 0: 0.002076 | loss 1: 0.000000 | current lr: 1.121e-04
| loss 0: 2.076e-03| val metric 0: 0.000829 | best val: 0.000821 at epoch 410 | current lr: 1.121e-04
epoch: [414/500] | loss 0: 0.002056 | loss 1: 0.000000 | current lr: 1.097e-04
| loss 0: 2.056e-03| val metric 0: 0.000848 | best val: 0.000821 at epoch 410 | current lr: 1.097e-04
epoch: [415/500] | loss 0: 0.002045 | loss 1: 0.000000 | current lr: 1.072e-04
| loss 0: 2.045e-03| val metric 0: 0.000825 | best val: 0.000821 at epoch 410 | current lr: 1.072e-04
epoch: [416/500] | loss 0: 0.002015 | loss 1: 0.000000 | current lr: 1.048e-04
| loss 0: 2.015e-03| val metric 0: 0.000821 | best val: 0.000821 at epoch 410 | current lr: 1.048e-04
epoch: [417/500] | loss 0: 0.002005 | loss 1: 0.000000 | current lr: 1.024e-04
| loss 0: 2.005e-03| val metric 0: 0.000814 | best val: 0.000814 at epoch 417 | current lr: 1.024e-04
epoch: [418/500] | loss 0: 0.001990 | loss 1: 0.000000 | current lr: 1.000e-04
| loss 0: 1.990e-03| val metric 0: 0.000810 | best val: 0.000810 at epoch 418 | current lr: 1.000e-04
epoch: [419/500] | loss 0: 0.001981 | loss 1: 0.000000 | current lr: 9.770e-05
| loss 0: 1.981e-03| val metric 0: 0.000804 | best val: 0.000804 at epoch 419 | current lr: 9.770e-05
epoch: [420/500] | loss 0: 0.001971 | loss 1: 0.000000 | current lr: 9.538e-05
| loss 0: 1.971e-03| val metric 0: 0.000802 | best val: 0.000802 at epoch 420 | current lr: 9.538e-05
epoch: [421/500] | loss 0: 0.001966 | loss 1: 0.000000 | current lr: 9.308e-05
| loss 0: 1.966e-03| val metric 0: 0.000801 | best val: 0.000801 at epoch 421 | current lr: 9.308e-05
epoch: [422/500] | loss 0: 0.001965 | loss 1: 0.000000 | current lr: 9.081e-05
| loss 0: 1.965e-03| val metric 0: 0.000802 | best val: 0.000801 at epoch 421 | current lr: 9.081e-05
epoch: [423/500] | loss 0: 0.001971 | loss 1: 0.000000 | current lr: 8.857e-05
| loss 0: 1.971e-03| val metric 0: 0.000807 | best val: 0.000801 at epoch 421 | current lr: 8.857e-05
epoch: [424/500] | loss 0: 0.001984 | loss 1: 0.000000 | current lr: 8.635e-05
| loss 0: 1.984e-03| val metric 0: 0.000812 | best val: 0.000801 at epoch 421 | current lr: 8.635e-05
epoch: [425/500] | loss 0: 0.001977 | loss 1: 0.000000 | current lr: 8.416e-05
| loss 0: 1.977e-03| val metric 0: 0.000801 | best val: 0.000801 at epoch 425 | current lr: 8.416e-05
epoch: [426/500] | loss 0: 0.001952 | loss 1: 0.000000 | current lr: 8.199e-05
| loss 0: 1.952e-03| val metric 0: 0.000787 | best val: 0.000787 at epoch 426 | current lr: 8.199e-05
epoch: [427/500] | loss 0: 0.001932 | loss 1: 0.000000 | current lr: 7.985e-05
| loss 0: 1.932e-03| val metric 0: 0.000782 | best val: 0.000782 at epoch 427 | current lr: 7.985e-05
epoch: [428/500] | loss 0: 0.001926 | loss 1: 0.000000 | current lr: 7.773e-05
| loss 0: 1.926e-03| val metric 0: 0.000783 | best val: 0.000782 at epoch 427 | current lr: 7.773e-05
epoch: [429/500] | loss 0: 0.001928 | loss 1: 0.000000 | current lr: 7.564e-05
| loss 0: 1.928e-03| val metric 0: 0.000786 | best val: 0.000782 at epoch 427 | current lr: 7.564e-05
epoch: [430/500] | loss 0: 0.001929 | loss 1: 0.000000 | current lr: 7.358e-05
| loss 0: 1.929e-03| val metric 0: 0.000781 | best val: 0.000781 at epoch 430 | current lr: 7.358e-05
epoch: [431/500] | loss 0: 0.001917 | loss 1: 0.000000 | current lr: 7.154e-05
| loss 0: 1.917e-03| val metric 0: 0.000774 | best val: 0.000774 at epoch 431 | current lr: 7.154e-05
epoch: [432/500] | loss 0: 0.001901 | loss 1: 0.000000 | current lr: 6.953e-05
| loss 0: 1.901e-03| val metric 0: 0.000773 | best val: 0.000773 at epoch 432 | current lr: 6.953e-05
epoch: [433/500] | loss 0: 0.001889 | loss 1: 0.000000 | current lr: 6.754e-05
| loss 0: 1.889e-03| val metric 0: 0.000770 | best val: 0.000770 at epoch 433 | current lr: 6.754e-05
epoch: [434/500] | loss 0: 0.001882 | loss 1: 0.000000 | current lr: 6.559e-05
| loss 0: 1.882e-03| val metric 0: 0.000767 | best val: 0.000767 at epoch 434 | current lr: 6.559e-05
epoch: [435/500] | loss 0: 0.001878 | loss 1: 0.000000 | current lr: 6.366e-05
| loss 0: 1.878e-03| val metric 0: 0.000767 | best val: 0.000767 at epoch 435 | current lr: 6.366e-05
epoch: [436/500] | loss 0: 0.001875 | loss 1: 0.000000 | current lr: 6.175e-05
| loss 0: 1.875e-03| val metric 0: 0.000766 | best val: 0.000766 at epoch 436 | current lr: 6.175e-05
epoch: [437/500] | loss 0: 0.001875 | loss 1: 0.000000 | current lr: 5.988e-05
| loss 0: 1.875e-03| val metric 0: 0.000765 | best val: 0.000765 at epoch 437 | current lr: 5.988e-05
epoch: [438/500] | loss 0: 0.001875 | loss 1: 0.000000 | current lr: 5.803e-05
| loss 0: 1.875e-03| val metric 0: 0.000764 | best val: 0.000764 at epoch 438 | current lr: 5.803e-05
epoch: [439/500] | loss 0: 0.001878 | loss 1: 0.000000 | current lr: 5.620e-05
| loss 0: 1.878e-03| val metric 0: 0.000761 | best val: 0.000761 at epoch 439 | current lr: 5.620e-05
epoch: [440/500] | loss 0: 0.001880 | loss 1: 0.000000 | current lr: 5.441e-05
| loss 0: 1.880e-03| val metric 0: 0.000757 | best val: 0.000757 at epoch 440 | current lr: 5.441e-05
epoch: [441/500] | loss 0: 0.001878 | loss 1: 0.000000 | current lr: 5.264e-05
| loss 0: 1.878e-03| val metric 0: 0.000759 | best val: 0.000757 at epoch 440 | current lr: 5.264e-05
epoch: [442/500] | loss 0: 0.001867 | loss 1: 0.000000 | current lr: 5.090e-05
| loss 0: 1.867e-03| val metric 0: 0.000755 | best val: 0.000755 at epoch 442 | current lr: 5.090e-05
epoch: [443/500] | loss 0: 0.001856 | loss 1: 0.000000 | current lr: 4.919e-05
| loss 0: 1.856e-03| val metric 0: 0.000755 | best val: 0.000755 at epoch 443 | current lr: 4.919e-05
epoch: [444/500] | loss 0: 0.001855 | loss 1: 0.000000 | current lr: 4.750e-05
| loss 0: 1.855e-03| val metric 0: 0.000756 | best val: 0.000755 at epoch 443 | current lr: 4.750e-05
epoch: [445/500] | loss 0: 0.001853 | loss 1: 0.000000 | current lr: 4.585e-05
| loss 0: 1.853e-03| val metric 0: 0.000756 | best val: 0.000755 at epoch 443 | current lr: 4.585e-05
epoch: [446/500] | loss 0: 0.001850 | loss 1: 0.000000 | current lr: 4.422e-05
| loss 0: 1.850e-03| val metric 0: 0.000754 | best val: 0.000754 at epoch 446 | current lr: 4.422e-05
epoch: [447/500] | loss 0: 0.001845 | loss 1: 0.000000 | current lr: 4.262e-05
| loss 0: 1.845e-03| val metric 0: 0.000753 | best val: 0.000753 at epoch 447 | current lr: 4.262e-05
epoch: [448/500] | loss 0: 0.001841 | loss 1: 0.000000 | current lr: 4.104e-05
| loss 0: 1.841e-03| val metric 0: 0.000750 | best val: 0.000750 at epoch 448 | current lr: 4.104e-05
epoch: [449/500] | loss 0: 0.001837 | loss 1: 0.000000 | current lr: 3.950e-05
| loss 0: 1.837e-03| val metric 0: 0.000746 | best val: 0.000746 at epoch 449 | current lr: 3.950e-05
epoch: [450/500] | loss 0: 0.001834 | loss 1: 0.000000 | current lr: 3.799e-05
| loss 0: 1.834e-03| val metric 0: 0.000744 | best val: 0.000744 at epoch 450 | current lr: 3.799e-05
epoch: [451/500] | loss 0: 0.001834 | loss 1: 0.000000 | current lr: 3.650e-05
| loss 0: 1.834e-03| val metric 0: 0.000746 | best val: 0.000744 at epoch 450 | current lr: 3.650e-05
epoch: [452/500] | loss 0: 0.001835 | loss 1: 0.000000 | current lr: 3.504e-05
| loss 0: 1.835e-03| val metric 0: 0.000747 | best val: 0.000744 at epoch 450 | current lr: 3.504e-05
epoch: [453/500] | loss 0: 0.001835 | loss 1: 0.000000 | current lr: 3.361e-05
| loss 0: 1.835e-03| val metric 0: 0.000748 | best val: 0.000744 at epoch 450 | current lr: 3.361e-05
epoch: [454/500] | loss 0: 0.001831 | loss 1: 0.000000 | current lr: 3.221e-05
| loss 0: 1.831e-03| val metric 0: 0.000746 | best val: 0.000744 at epoch 450 | current lr: 3.221e-05
epoch: [455/500] | loss 0: 0.001825 | loss 1: 0.000000 | current lr: 3.084e-05
| loss 0: 1.825e-03| val metric 0: 0.000743 | best val: 0.000743 at epoch 455 | current lr: 3.084e-05
epoch: [456/500] | loss 0: 0.001819 | loss 1: 0.000000 | current lr: 2.949e-05
| loss 0: 1.819e-03| val metric 0: 0.000741 | best val: 0.000741 at epoch 456 | current lr: 2.949e-05
epoch: [457/500] | loss 0: 0.001814 | loss 1: 0.000000 | current lr: 2.818e-05
| loss 0: 1.814e-03| val metric 0: 0.000738 | best val: 0.000738 at epoch 457 | current lr: 2.818e-05
epoch: [458/500] | loss 0: 0.001811 | loss 1: 0.000000 | current lr: 2.689e-05
| loss 0: 1.811e-03| val metric 0: 0.000737 | best val: 0.000737 at epoch 458 | current lr: 2.689e-05
epoch: [459/500] | loss 0: 0.001808 | loss 1: 0.000000 | current lr: 2.564e-05
| loss 0: 1.808e-03| val metric 0: 0.000737 | best val: 0.000737 at epoch 459 | current lr: 2.564e-05
epoch: [460/500] | loss 0: 0.001806 | loss 1: 0.000000 | current lr: 2.441e-05
| loss 0: 1.806e-03| val metric 0: 0.000737 | best val: 0.000737 at epoch 460 | current lr: 2.441e-05
epoch: [461/500] | loss 0: 0.001805 | loss 1: 0.000000 | current lr: 2.321e-05
| loss 0: 1.805e-03| val metric 0: 0.000736 | best val: 0.000736 at epoch 461 | current lr: 2.321e-05
epoch: [462/500] | loss 0: 0.001804 | loss 1: 0.000000 | current lr: 2.205e-05
| loss 0: 1.804e-03| val metric 0: 0.000735 | best val: 0.000735 at epoch 462 | current lr: 2.205e-05
epoch: [463/500] | loss 0: 0.001801 | loss 1: 0.000000 | current lr: 2.091e-05
| loss 0: 1.801e-03| val metric 0: 0.000733 | best val: 0.000733 at epoch 463 | current lr: 2.091e-05
epoch: [464/500] | loss 0: 0.001798 | loss 1: 0.000000 | current lr: 1.980e-05
| loss 0: 1.798e-03| val metric 0: 0.000731 | best val: 0.000731 at epoch 464 | current lr: 1.980e-05
epoch: [465/500] | loss 0: 0.001795 | loss 1: 0.000000 | current lr: 1.872e-05
| loss 0: 1.795e-03| val metric 0: 0.000730 | best val: 0.000730 at epoch 465 | current lr: 1.872e-05
epoch: [466/500] | loss 0: 0.001794 | loss 1: 0.000000 | current lr: 1.767e-05
| loss 0: 1.794e-03| val metric 0: 0.000730 | best val: 0.000730 at epoch 466 | current lr: 1.767e-05
epoch: [467/500] | loss 0: 0.001793 | loss 1: 0.000000 | current lr: 1.665e-05
| loss 0: 1.793e-03| val metric 0: 0.000729 | best val: 0.000729 at epoch 467 | current lr: 1.665e-05
epoch: [468/500] | loss 0: 0.001792 | loss 1: 0.000000 | current lr: 1.566e-05
| loss 0: 1.792e-03| val metric 0: 0.000728 | best val: 0.000728 at epoch 468 | current lr: 1.566e-05
epoch: [469/500] | loss 0: 0.001792 | loss 1: 0.000000 | current lr: 1.470e-05
| loss 0: 1.792e-03| val metric 0: 0.000729 | best val: 0.000728 at epoch 468 | current lr: 1.470e-05
epoch: [470/500] | loss 0: 0.001792 | loss 1: 0.000000 | current lr: 1.377e-05
| loss 0: 1.792e-03| val metric 0: 0.000730 | best val: 0.000728 at epoch 468 | current lr: 1.377e-05
epoch: [471/500] | loss 0: 0.001792 | loss 1: 0.000000 | current lr: 1.287e-05
| loss 0: 1.792e-03| val metric 0: 0.000730 | best val: 0.000728 at epoch 468 | current lr: 1.287e-05
epoch: [472/500] | loss 0: 0.001790 | loss 1: 0.000000 | current lr: 1.200e-05
| loss 0: 1.790e-03| val metric 0: 0.000730 | best val: 0.000728 at epoch 468 | current lr: 1.200e-05
epoch: [473/500] | loss 0: 0.001789 | loss 1: 0.000000 | current lr: 1.116e-05
| loss 0: 1.789e-03| val metric 0: 0.000728 | best val: 0.000728 at epoch 473 | current lr: 1.116e-05
epoch: [474/500] | loss 0: 0.001788 | loss 1: 0.000000 | current lr: 1.035e-05
| loss 0: 1.788e-03| val metric 0: 0.000727 | best val: 0.000727 at epoch 474 | current lr: 1.035e-05
epoch: [475/500] | loss 0: 0.001788 | loss 1: 0.000000 | current lr: 9.569e-06
| loss 0: 1.788e-03| val metric 0: 0.000727 | best val: 0.000727 at epoch 475 | current lr: 9.569e-06
epoch: [476/500] | loss 0: 0.001790 | loss 1: 0.000000 | current lr: 8.820e-06
| loss 0: 1.790e-03| val metric 0: 0.000728 | best val: 0.000727 at epoch 475 | current lr: 8.820e-06
epoch: [477/500] | loss 0: 0.001792 | loss 1: 0.000000 | current lr: 8.100e-06
| loss 0: 1.792e-03| val metric 0: 0.000730 | best val: 0.000727 at epoch 475 | current lr: 8.100e-06
epoch: [478/500] | loss 0: 0.001792 | loss 1: 0.000000 | current lr: 7.412e-06
| loss 0: 1.792e-03| val metric 0: 0.000728 | best val: 0.000727 at epoch 475 | current lr: 7.412e-06
epoch: [479/500] | loss 0: 0.001791 | loss 1: 0.000000 | current lr: 6.753e-06
| loss 0: 1.791e-03| val metric 0: 0.000729 | best val: 0.000727 at epoch 475 | current lr: 6.753e-06
epoch: [480/500] | loss 0: 0.001789 | loss 1: 0.000000 | current lr: 6.125e-06
| loss 0: 1.789e-03| val metric 0: 0.000731 | best val: 0.000727 at epoch 475 | current lr: 6.125e-06
epoch: [481/500] | loss 0: 0.001786 | loss 1: 0.000000 | current lr: 5.528e-06
| loss 0: 1.786e-03| val metric 0: 0.000726 | best val: 0.000726 at epoch 481 | current lr: 5.528e-06
epoch: [482/500] | loss 0: 0.001780 | loss 1: 0.000000 | current lr: 4.961e-06
| loss 0: 1.780e-03| val metric 0: 0.000725 | best val: 0.000725 at epoch 482 | current lr: 4.961e-06
epoch: [483/500] | loss 0: 0.001778 | loss 1: 0.000000 | current lr: 4.424e-06
| loss 0: 1.778e-03| val metric 0: 0.000725 | best val: 0.000725 at epoch 482 | current lr: 4.424e-06
epoch: [484/500] | loss 0: 0.001778 | loss 1: 0.000000 | current lr: 3.918e-06
| loss 0: 1.778e-03| val metric 0: 0.000725 | best val: 0.000725 at epoch 484 | current lr: 3.918e-06
epoch: [485/500] | loss 0: 0.001778 | loss 1: 0.000000 | current lr: 3.443e-06
| loss 0: 1.778e-03| val metric 0: 0.000725 | best val: 0.000725 at epoch 485 | current lr: 3.443e-06
epoch: [486/500] | loss 0: 0.001778 | loss 1: 0.000000 | current lr: 2.998e-06
| loss 0: 1.778e-03| val metric 0: 0.000724 | best val: 0.000724 at epoch 486 | current lr: 2.998e-06
epoch: [487/500] | loss 0: 0.001778 | loss 1: 0.000000 | current lr: 2.584e-06
| loss 0: 1.778e-03| val metric 0: 0.000724 | best val: 0.000724 at epoch 487 | current lr: 2.584e-06
epoch: [488/500] | loss 0: 0.001777 | loss 1: 0.000000 | current lr: 2.201e-06
| loss 0: 1.777e-03| val metric 0: 0.000724 | best val: 0.000724 at epoch 488 | current lr: 2.201e-06
epoch: [489/500] | loss 0: 0.001777 | loss 1: 0.000000 | current lr: 1.848e-06
| loss 0: 1.777e-03| val metric 0: 0.000723 | best val: 0.000723 at epoch 489 | current lr: 1.848e-06
epoch: [490/500] | loss 0: 0.001776 | loss 1: 0.000000 | current lr: 1.526e-06
| loss 0: 1.776e-03| val metric 0: 0.000723 | best val: 0.000723 at epoch 490 | current lr: 1.526e-06
epoch: [491/500] | loss 0: 0.001776 | loss 1: 0.000000 | current lr: 1.235e-06
| loss 0: 1.776e-03| val metric 0: 0.000723 | best val: 0.000723 at epoch 491 | current lr: 1.235e-06
epoch: [492/500] | loss 0: 0.001775 | loss 1: 0.000000 | current lr: 9.744e-07
| loss 0: 1.775e-03| val metric 0: 0.000723 | best val: 0.000723 at epoch 492 | current lr: 9.744e-07
epoch: [493/500] | loss 0: 0.001775 | loss 1: 0.000000 | current lr: 7.447e-07
| loss 0: 1.775e-03| val metric 0: 0.000723 | best val: 0.000723 at epoch 493 | current lr: 7.447e-07
epoch: [494/500] | loss 0: 0.001775 | loss 1: 0.000000 | current lr: 5.459e-07
| loss 0: 1.775e-03| val metric 0: 0.000723 | best val: 0.000723 at epoch 494 | current lr: 5.459e-07
epoch: [495/500] | loss 0: 0.001775 | loss 1: 0.000000 | current lr: 3.778e-07
| loss 0: 1.775e-03| val metric 0: 0.000723 | best val: 0.000723 at epoch 495 | current lr: 3.778e-07
epoch: [496/500] | loss 0: 0.001775 | loss 1: 0.000000 | current lr: 2.406e-07
| loss 0: 1.775e-03| val metric 0: 0.000723 | best val: 0.000723 at epoch 496 | current lr: 2.406e-07
epoch: [497/500] | loss 0: 0.001775 | loss 1: 0.000000 | current lr: 1.342e-07
| loss 0: 1.775e-03| val metric 0: 0.000723 | best val: 0.000723 at epoch 497 | current lr: 1.342e-07
epoch: [498/500] | loss 0: 0.001775 | loss 1: 0.000000 | current lr: 5.865e-08
| loss 0: 1.775e-03| val metric 0: 0.000723 | best val: 0.000723 at epoch 498 | current lr: 5.865e-08
epoch: [499/500] | loss 0: 0.001775 | loss 1: 0.000000 | current lr: 1.393e-08
| loss 0: 1.775e-03| val metric 0: 0.000723 | best val: 0.000723 at epoch 499 | current lr: 1.393e-08
epoch: [500/500] | loss 0: 0.001775 | loss 1: 0.000000 | current lr: 4.855e-11
| loss 0: 1.775e-03| val metric 0: 0.000723 | best val: 0.000723 at epoch 500 | current lr: 4.855e-11
Training takes 2742.913916349411 seconds.
