Load dataset finished 0.18370676040649414
Training with 1000 samples
Target features are normalized using unit transformer
tensor([[0.7733]]) tensor([[0.3227]])
Target features are normalized using unit transformer
Input features are normalized using unit transformer
Load dataset finished 0.041738271713256836
Testing with 200 samples
Target features are normalized using unit transformer
Input features are normalized using unit transformer
3


The following code snippets have been run.
==================================================

    os.environ['PYTHONHASHSEED'] = str(2023)
    numpy.random.seed(2023)
    torch.manual_seed(2023)
    torch.cuda.manual_seed(2023)
    torch.backends.cudnn.deterministic = True
    torch.backends.cudnn.benchmark = False
    if torch.cuda.is_available():
        torch.cuda.manual_seed_all(2023)
    
==================================================
Using Linear Attention
Using Linear Attention
Using Linear Attention
Using Linear Attention
Using Linear Attention

Model: MIOEGPT	 Number of params: 226150
Saving model and result in ./../models/checkpoints/diffr3d_all_MIOEGPTrel2_0917_01_35_39.pt

Using cycle learning rate schedule
epoch: [1/500] | loss 0: 1.695479 | loss 1: 0.000000 | current lr: 3.469e-07
| loss 0: 1.695e+00| val metric 0: 0.597690 | best val: 0.597690 at epoch 1 | current lr: 3.469e-07
epoch: [2/500] | loss 0: 1.666684 | loss 1: 0.000000 | current lr: 1.088e-06
| loss 0: 1.667e+00| val metric 0: 0.580613 | best val: 0.580613 at epoch 2 | current lr: 1.088e-06
epoch: [3/500] | loss 0: 1.585103 | loss 1: 0.000000 | current lr: 2.321e-06
| loss 0: 1.585e+00| val metric 0: 0.541918 | best val: 0.541918 at epoch 3 | current lr: 2.321e-06
epoch: [4/500] | loss 0: 1.431611 | loss 1: 0.000000 | current lr: 4.046e-06
| loss 0: 1.432e+00| val metric 0: 0.482691 | best val: 0.482691 at epoch 4 | current lr: 4.046e-06
epoch: [5/500] | loss 0: 1.224822 | loss 1: 0.000000 | current lr: 6.261e-06
| loss 0: 1.225e+00| val metric 0: 0.418742 | best val: 0.418742 at epoch 5 | current lr: 6.261e-06
epoch: [6/500] | loss 0: 1.022209 | loss 1: 0.000000 | current lr: 8.964e-06
| loss 0: 1.022e+00| val metric 0: 0.364650 | best val: 0.364650 at epoch 6 | current lr: 8.964e-06
epoch: [7/500] | loss 0: 0.865198 | loss 1: 0.000000 | current lr: 1.215e-05
| loss 0: 8.652e-01| val metric 0: 0.318157 | best val: 0.318157 at epoch 7 | current lr: 1.215e-05
epoch: [8/500] | loss 0: 0.742018 | loss 1: 0.000000 | current lr: 1.582e-05
| loss 0: 7.420e-01| val metric 0: 0.273958 | best val: 0.273958 at epoch 8 | current lr: 1.582e-05
epoch: [9/500] | loss 0: 0.617577 | loss 1: 0.000000 | current lr: 1.997e-05
| loss 0: 6.176e-01| val metric 0: 0.219113 | best val: 0.219113 at epoch 9 | current lr: 1.997e-05
epoch: [10/500] | loss 0: 0.496270 | loss 1: 0.000000 | current lr: 2.459e-05
| loss 0: 4.963e-01| val metric 0: 0.170941 | best val: 0.170941 at epoch 10 | current lr: 2.459e-05
epoch: [11/500] | loss 0: 0.380101 | loss 1: 0.000000 | current lr: 2.969e-05
| loss 0: 3.801e-01| val metric 0: 0.133638 | best val: 0.133638 at epoch 11 | current lr: 2.969e-05
epoch: [12/500] | loss 0: 0.310879 | loss 1: 0.000000 | current lr: 3.524e-05
| loss 0: 3.109e-01| val metric 0: 0.121715 | best val: 0.121715 at epoch 12 | current lr: 3.524e-05
epoch: [13/500] | loss 0: 0.278623 | loss 1: 0.000000 | current lr: 4.126e-05
| loss 0: 2.786e-01| val metric 0: 0.109598 | best val: 0.109598 at epoch 13 | current lr: 4.126e-05
epoch: [14/500] | loss 0: 0.254109 | loss 1: 0.000000 | current lr: 4.773e-05
| loss 0: 2.541e-01| val metric 0: 0.098458 | best val: 0.098458 at epoch 14 | current lr: 4.773e-05
epoch: [15/500] | loss 0: 0.232218 | loss 1: 0.000000 | current lr: 5.464e-05
| loss 0: 2.322e-01| val metric 0: 0.088977 | best val: 0.088977 at epoch 15 | current lr: 5.464e-05
epoch: [16/500] | loss 0: 0.206587 | loss 1: 0.000000 | current lr: 6.200e-05
| loss 0: 2.066e-01| val metric 0: 0.076987 | best val: 0.076987 at epoch 16 | current lr: 6.200e-05
epoch: [17/500] | loss 0: 0.176287 | loss 1: 0.000000 | current lr: 6.979e-05
| loss 0: 1.763e-01| val metric 0: 0.062848 | best val: 0.062848 at epoch 17 | current lr: 6.979e-05
epoch: [18/500] | loss 0: 0.147577 | loss 1: 0.000000 | current lr: 7.800e-05
| loss 0: 1.476e-01| val metric 0: 0.053980 | best val: 0.053980 at epoch 18 | current lr: 7.800e-05
epoch: [19/500] | loss 0: 0.131595 | loss 1: 0.000000 | current lr: 8.663e-05
| loss 0: 1.316e-01| val metric 0: 0.050020 | best val: 0.050020 at epoch 19 | current lr: 8.663e-05
epoch: [20/500] | loss 0: 0.125148 | loss 1: 0.000000 | current lr: 9.567e-05
| loss 0: 1.251e-01| val metric 0: 0.047153 | best val: 0.047153 at epoch 20 | current lr: 9.567e-05
epoch: [21/500] | loss 0: 0.120477 | loss 1: 0.000000 | current lr: 1.051e-04
| loss 0: 1.205e-01| val metric 0: 0.044902 | best val: 0.044902 at epoch 21 | current lr: 1.051e-04
epoch: [22/500] | loss 0: 0.116320 | loss 1: 0.000000 | current lr: 1.149e-04
| loss 0: 1.163e-01| val metric 0: 0.045878 | best val: 0.044902 at epoch 21 | current lr: 1.149e-04
epoch: [23/500] | loss 0: 0.112879 | loss 1: 0.000000 | current lr: 1.252e-04
| loss 0: 1.129e-01| val metric 0: 0.043098 | best val: 0.043098 at epoch 23 | current lr: 1.252e-04
epoch: [24/500] | loss 0: 0.108990 | loss 1: 0.000000 | current lr: 1.357e-04
| loss 0: 1.090e-01| val metric 0: 0.042427 | best val: 0.042427 at epoch 24 | current lr: 1.357e-04
epoch: [25/500] | loss 0: 0.107325 | loss 1: 0.000000 | current lr: 1.467e-04
| loss 0: 1.073e-01| val metric 0: 0.043433 | best val: 0.042427 at epoch 24 | current lr: 1.467e-04
epoch: [26/500] | loss 0: 0.114422 | loss 1: 0.000000 | current lr: 1.580e-04
| loss 0: 1.144e-01| val metric 0: 0.042958 | best val: 0.042427 at epoch 24 | current lr: 1.580e-04
epoch: [27/500] | loss 0: 0.109478 | loss 1: 0.000000 | current lr: 1.696e-04
| loss 0: 1.095e-01| val metric 0: 0.041599 | best val: 0.041599 at epoch 27 | current lr: 1.696e-04
epoch: [28/500] | loss 0: 0.105124 | loss 1: 0.000000 | current lr: 1.815e-04
| loss 0: 1.051e-01| val metric 0: 0.041414 | best val: 0.041414 at epoch 28 | current lr: 1.815e-04
epoch: [29/500] | loss 0: 0.108419 | loss 1: 0.000000 | current lr: 1.938e-04
| loss 0: 1.084e-01| val metric 0: 0.045869 | best val: 0.041414 at epoch 28 | current lr: 1.938e-04
epoch: [30/500] | loss 0: 0.121064 | loss 1: 0.000000 | current lr: 2.064e-04
| loss 0: 1.211e-01| val metric 0: 0.044552 | best val: 0.041414 at epoch 28 | current lr: 2.064e-04
epoch: [31/500] | loss 0: 0.112184 | loss 1: 0.000000 | current lr: 2.192e-04
| loss 0: 1.122e-01| val metric 0: 0.043509 | best val: 0.041414 at epoch 28 | current lr: 2.192e-04
epoch: [32/500] | loss 0: 0.109034 | loss 1: 0.000000 | current lr: 2.324e-04
| loss 0: 1.090e-01| val metric 0: 0.041671 | best val: 0.041414 at epoch 28 | current lr: 2.324e-04
epoch: [33/500] | loss 0: 0.106305 | loss 1: 0.000000 | current lr: 2.458e-04
| loss 0: 1.063e-01| val metric 0: 0.042046 | best val: 0.041414 at epoch 28 | current lr: 2.458e-04
epoch: [34/500] | loss 0: 0.115070 | loss 1: 0.000000 | current lr: 2.594e-04
| loss 0: 1.151e-01| val metric 0: 0.050582 | best val: 0.041414 at epoch 28 | current lr: 2.594e-04
epoch: [35/500] | loss 0: 0.117979 | loss 1: 0.000000 | current lr: 2.733e-04
| loss 0: 1.180e-01| val metric 0: 0.041261 | best val: 0.041261 at epoch 35 | current lr: 2.733e-04
epoch: [36/500] | loss 0: 0.111914 | loss 1: 0.000000 | current lr: 2.874e-04
| loss 0: 1.119e-01| val metric 0: 0.041719 | best val: 0.041261 at epoch 35 | current lr: 2.874e-04
epoch: [37/500] | loss 0: 0.113188 | loss 1: 0.000000 | current lr: 3.018e-04
| loss 0: 1.132e-01| val metric 0: 0.041946 | best val: 0.041261 at epoch 35 | current lr: 3.018e-04
epoch: [38/500] | loss 0: 0.113312 | loss 1: 0.000000 | current lr: 3.163e-04
| loss 0: 1.133e-01| val metric 0: 0.045191 | best val: 0.041261 at epoch 35 | current lr: 3.163e-04
epoch: [39/500] | loss 0: 0.113144 | loss 1: 0.000000 | current lr: 3.310e-04
| loss 0: 1.131e-01| val metric 0: 0.041921 | best val: 0.041261 at epoch 35 | current lr: 3.310e-04
epoch: [40/500] | loss 0: 0.114004 | loss 1: 0.000000 | current lr: 3.459e-04
| loss 0: 1.140e-01| val metric 0: 0.039774 | best val: 0.039774 at epoch 40 | current lr: 3.459e-04
epoch: [41/500] | loss 0: 0.107756 | loss 1: 0.000000 | current lr: 3.609e-04
| loss 0: 1.078e-01| val metric 0: 0.039791 | best val: 0.039774 at epoch 40 | current lr: 3.609e-04
epoch: [42/500] | loss 0: 0.115600 | loss 1: 0.000000 | current lr: 3.760e-04
| loss 0: 1.156e-01| val metric 0: 0.040230 | best val: 0.039774 at epoch 40 | current lr: 3.760e-04
epoch: [43/500] | loss 0: 0.119315 | loss 1: 0.000000 | current lr: 3.913e-04
| loss 0: 1.193e-01| val metric 0: 0.046394 | best val: 0.039774 at epoch 40 | current lr: 3.913e-04
epoch: [44/500] | loss 0: 0.107283 | loss 1: 0.000000 | current lr: 4.067e-04
| loss 0: 1.073e-01| val metric 0: 0.037864 | best val: 0.037864 at epoch 44 | current lr: 4.067e-04
epoch: [45/500] | loss 0: 0.106666 | loss 1: 0.000000 | current lr: 4.222e-04
| loss 0: 1.067e-01| val metric 0: 0.037650 | best val: 0.037650 at epoch 45 | current lr: 4.222e-04
epoch: [46/500] | loss 0: 0.108558 | loss 1: 0.000000 | current lr: 4.377e-04
| loss 0: 1.086e-01| val metric 0: 0.035063 | best val: 0.035063 at epoch 46 | current lr: 4.377e-04
epoch: [47/500] | loss 0: 0.105609 | loss 1: 0.000000 | current lr: 4.534e-04
| loss 0: 1.056e-01| val metric 0: 0.033554 | best val: 0.033554 at epoch 47 | current lr: 4.534e-04
epoch: [48/500] | loss 0: 0.096328 | loss 1: 0.000000 | current lr: 4.690e-04
| loss 0: 9.633e-02| val metric 0: 0.037268 | best val: 0.033554 at epoch 47 | current lr: 4.690e-04
epoch: [49/500] | loss 0: 0.095533 | loss 1: 0.000000 | current lr: 4.847e-04
| loss 0: 9.553e-02| val metric 0: 0.034816 | best val: 0.033554 at epoch 47 | current lr: 4.847e-04
epoch: [50/500] | loss 0: 0.089101 | loss 1: 0.000000 | current lr: 5.004e-04
| loss 0: 8.910e-02| val metric 0: 0.037020 | best val: 0.033554 at epoch 47 | current lr: 5.004e-04
epoch: [51/500] | loss 0: 0.090309 | loss 1: 0.000000 | current lr: 5.162e-04
| loss 0: 9.031e-02| val metric 0: 0.033849 | best val: 0.033554 at epoch 47 | current lr: 5.162e-04
epoch: [52/500] | loss 0: 0.085850 | loss 1: 0.000000 | current lr: 5.318e-04
| loss 0: 8.585e-02| val metric 0: 0.044984 | best val: 0.033554 at epoch 47 | current lr: 5.318e-04
epoch: [53/500] | loss 0: 0.089850 | loss 1: 0.000000 | current lr: 5.475e-04
| loss 0: 8.985e-02| val metric 0: 0.029889 | best val: 0.029889 at epoch 53 | current lr: 5.475e-04
epoch: [54/500] | loss 0: 0.078605 | loss 1: 0.000000 | current lr: 5.631e-04
| loss 0: 7.860e-02| val metric 0: 0.039790 | best val: 0.029889 at epoch 53 | current lr: 5.631e-04
epoch: [55/500] | loss 0: 0.083111 | loss 1: 0.000000 | current lr: 5.787e-04
| loss 0: 8.311e-02| val metric 0: 0.025202 | best val: 0.025202 at epoch 55 | current lr: 5.787e-04
epoch: [56/500] | loss 0: 0.090397 | loss 1: 0.000000 | current lr: 5.942e-04
| loss 0: 9.040e-02| val metric 0: 0.035372 | best val: 0.025202 at epoch 55 | current lr: 5.942e-04
epoch: [57/500] | loss 0: 0.093568 | loss 1: 0.000000 | current lr: 6.095e-04
| loss 0: 9.357e-02| val metric 0: 0.030403 | best val: 0.025202 at epoch 55 | current lr: 6.095e-04
epoch: [58/500] | loss 0: 0.094216 | loss 1: 0.000000 | current lr: 6.248e-04
| loss 0: 9.422e-02| val metric 0: 0.022763 | best val: 0.022763 at epoch 58 | current lr: 6.248e-04
epoch: [59/500] | loss 0: 0.074844 | loss 1: 0.000000 | current lr: 6.400e-04
| loss 0: 7.484e-02| val metric 0: 0.021164 | best val: 0.021164 at epoch 59 | current lr: 6.400e-04
epoch: [60/500] | loss 0: 0.090396 | loss 1: 0.000000 | current lr: 6.550e-04
| loss 0: 9.040e-02| val metric 0: 0.030934 | best val: 0.021164 at epoch 59 | current lr: 6.550e-04
epoch: [61/500] | loss 0: 0.082795 | loss 1: 0.000000 | current lr: 6.699e-04
| loss 0: 8.280e-02| val metric 0: 0.032986 | best val: 0.021164 at epoch 59 | current lr: 6.699e-04
epoch: [62/500] | loss 0: 0.089369 | loss 1: 0.000000 | current lr: 6.845e-04
| loss 0: 8.937e-02| val metric 0: 0.044785 | best val: 0.021164 at epoch 59 | current lr: 6.845e-04
epoch: [63/500] | loss 0: 0.082286 | loss 1: 0.000000 | current lr: 6.991e-04
| loss 0: 8.229e-02| val metric 0: 0.024092 | best val: 0.021164 at epoch 59 | current lr: 6.991e-04
epoch: [64/500] | loss 0: 0.116302 | loss 1: 0.000000 | current lr: 7.134e-04
| loss 0: 1.163e-01| val metric 0: 0.029288 | best val: 0.021164 at epoch 59 | current lr: 7.134e-04
epoch: [65/500] | loss 0: 0.068491 | loss 1: 0.000000 | current lr: 7.275e-04
| loss 0: 6.849e-02| val metric 0: 0.020168 | best val: 0.020168 at epoch 65 | current lr: 7.275e-04
epoch: [66/500] | loss 0: 0.066883 | loss 1: 0.000000 | current lr: 7.414e-04
| loss 0: 6.688e-02| val metric 0: 0.017982 | best val: 0.017982 at epoch 66 | current lr: 7.414e-04
epoch: [67/500] | loss 0: 0.064340 | loss 1: 0.000000 | current lr: 7.550e-04
| loss 0: 6.434e-02| val metric 0: 0.042216 | best val: 0.017982 at epoch 66 | current lr: 7.550e-04
epoch: [68/500] | loss 0: 0.170746 | loss 1: 0.000000 | current lr: 7.684e-04
| loss 0: 1.707e-01| val metric 0: 0.052408 | best val: 0.017982 at epoch 66 | current lr: 7.684e-04
epoch: [69/500] | loss 0: 0.108477 | loss 1: 0.000000 | current lr: 7.815e-04
| loss 0: 1.085e-01| val metric 0: 0.040831 | best val: 0.017982 at epoch 66 | current lr: 7.815e-04
epoch: [70/500] | loss 0: 0.097974 | loss 1: 0.000000 | current lr: 7.944e-04
| loss 0: 9.797e-02| val metric 0: 0.046429 | best val: 0.017982 at epoch 66 | current lr: 7.944e-04
epoch: [71/500] | loss 0: 0.091697 | loss 1: 0.000000 | current lr: 8.069e-04
| loss 0: 9.170e-02| val metric 0: 0.040482 | best val: 0.017982 at epoch 66 | current lr: 8.069e-04
epoch: [72/500] | loss 0: 0.092547 | loss 1: 0.000000 | current lr: 8.192e-04
| loss 0: 9.255e-02| val metric 0: 0.043152 | best val: 0.017982 at epoch 66 | current lr: 8.192e-04
epoch: [73/500] | loss 0: 0.076018 | loss 1: 0.000000 | current lr: 8.311e-04
| loss 0: 7.602e-02| val metric 0: 0.022004 | best val: 0.017982 at epoch 66 | current lr: 8.311e-04
epoch: [74/500] | loss 0: 0.050330 | loss 1: 0.000000 | current lr: 8.427e-04
| loss 0: 5.033e-02| val metric 0: 0.015149 | best val: 0.015149 at epoch 74 | current lr: 8.427e-04
epoch: [75/500] | loss 0: 0.051122 | loss 1: 0.000000 | current lr: 8.540e-04
| loss 0: 5.112e-02| val metric 0: 0.021178 | best val: 0.015149 at epoch 74 | current lr: 8.540e-04
epoch: [76/500] | loss 0: 0.057750 | loss 1: 0.000000 | current lr: 8.649e-04
| loss 0: 5.775e-02| val metric 0: 0.021194 | best val: 0.015149 at epoch 74 | current lr: 8.649e-04
epoch: [77/500] | loss 0: 0.059805 | loss 1: 0.000000 | current lr: 8.755e-04
| loss 0: 5.981e-02| val metric 0: 0.019828 | best val: 0.015149 at epoch 74 | current lr: 8.755e-04
epoch: [78/500] | loss 0: 0.052019 | loss 1: 0.000000 | current lr: 8.857e-04
| loss 0: 5.202e-02| val metric 0: 0.018734 | best val: 0.015149 at epoch 74 | current lr: 8.857e-04
epoch: [79/500] | loss 0: 0.053023 | loss 1: 0.000000 | current lr: 8.955e-04
| loss 0: 5.302e-02| val metric 0: 0.015951 | best val: 0.015149 at epoch 74 | current lr: 8.955e-04
epoch: [80/500] | loss 0: 0.051550 | loss 1: 0.000000 | current lr: 9.049e-04
| loss 0: 5.155e-02| val metric 0: 0.012632 | best val: 0.012632 at epoch 80 | current lr: 9.049e-04
epoch: [81/500] | loss 0: 0.084983 | loss 1: 0.000000 | current lr: 9.139e-04
| loss 0: 8.498e-02| val metric 0: 0.042678 | best val: 0.012632 at epoch 80 | current lr: 9.139e-04
epoch: [82/500] | loss 0: 0.068744 | loss 1: 0.000000 | current lr: 9.225e-04
| loss 0: 6.874e-02| val metric 0: 0.016640 | best val: 0.012632 at epoch 80 | current lr: 9.225e-04
epoch: [83/500] | loss 0: 0.060500 | loss 1: 0.000000 | current lr: 9.307e-04
| loss 0: 6.050e-02| val metric 0: 0.024879 | best val: 0.012632 at epoch 80 | current lr: 9.307e-04
epoch: [84/500] | loss 0: 0.088215 | loss 1: 0.000000 | current lr: 9.385e-04
| loss 0: 8.821e-02| val metric 0: 0.026716 | best val: 0.012632 at epoch 80 | current lr: 9.385e-04
epoch: [85/500] | loss 0: 0.070979 | loss 1: 0.000000 | current lr: 9.458e-04
| loss 0: 7.098e-02| val metric 0: 0.025108 | best val: 0.012632 at epoch 80 | current lr: 9.458e-04
epoch: [86/500] | loss 0: 0.047065 | loss 1: 0.000000 | current lr: 9.527e-04
| loss 0: 4.706e-02| val metric 0: 0.017017 | best val: 0.012632 at epoch 80 | current lr: 9.527e-04
epoch: [87/500] | loss 0: 0.046508 | loss 1: 0.000000 | current lr: 9.592e-04
| loss 0: 4.651e-02| val metric 0: 0.013975 | best val: 0.012632 at epoch 80 | current lr: 9.592e-04
epoch: [88/500] | loss 0: 0.052815 | loss 1: 0.000000 | current lr: 9.651e-04
| loss 0: 5.281e-02| val metric 0: 0.035660 | best val: 0.012632 at epoch 80 | current lr: 9.651e-04
epoch: [89/500] | loss 0: 0.083259 | loss 1: 0.000000 | current lr: 9.707e-04
| loss 0: 8.326e-02| val metric 0: 0.029620 | best val: 0.012632 at epoch 80 | current lr: 9.707e-04
epoch: [90/500] | loss 0: 0.043499 | loss 1: 0.000000 | current lr: 9.757e-04
| loss 0: 4.350e-02| val metric 0: 0.013135 | best val: 0.012632 at epoch 80 | current lr: 9.757e-04
epoch: [91/500] | loss 0: 0.042886 | loss 1: 0.000000 | current lr: 9.803e-04
| loss 0: 4.289e-02| val metric 0: 0.011363 | best val: 0.011363 at epoch 91 | current lr: 9.803e-04
epoch: [92/500] | loss 0: 0.048647 | loss 1: 0.000000 | current lr: 9.845e-04
| loss 0: 4.865e-02| val metric 0: 0.013184 | best val: 0.011363 at epoch 91 | current lr: 9.845e-04
epoch: [93/500] | loss 0: 0.046582 | loss 1: 0.000000 | current lr: 9.881e-04
| loss 0: 4.658e-02| val metric 0: 0.022865 | best val: 0.011363 at epoch 91 | current lr: 9.881e-04
epoch: [94/500] | loss 0: 0.042164 | loss 1: 0.000000 | current lr: 9.913e-04
| loss 0: 4.216e-02| val metric 0: 0.020438 | best val: 0.011363 at epoch 91 | current lr: 9.913e-04
epoch: [95/500] | loss 0: 0.038295 | loss 1: 0.000000 | current lr: 9.940e-04
| loss 0: 3.829e-02| val metric 0: 0.013170 | best val: 0.011363 at epoch 91 | current lr: 9.940e-04
epoch: [96/500] | loss 0: 0.041844 | loss 1: 0.000000 | current lr: 9.962e-04
| loss 0: 4.184e-02| val metric 0: 0.013613 | best val: 0.011363 at epoch 91 | current lr: 9.962e-04
epoch: [97/500] | loss 0: 0.040801 | loss 1: 0.000000 | current lr: 9.979e-04
| loss 0: 4.080e-02| val metric 0: 0.013500 | best val: 0.011363 at epoch 91 | current lr: 9.979e-04
epoch: [98/500] | loss 0: 0.040193 | loss 1: 0.000000 | current lr: 9.991e-04
| loss 0: 4.019e-02| val metric 0: 0.011674 | best val: 0.011363 at epoch 91 | current lr: 9.991e-04
epoch: [99/500] | loss 0: 0.037945 | loss 1: 0.000000 | current lr: 9.998e-04
| loss 0: 3.794e-02| val metric 0: 0.014344 | best val: 0.011363 at epoch 91 | current lr: 9.998e-04
epoch: [100/500] | loss 0: 0.042842 | loss 1: 0.000000 | current lr: 1.000e-03
| loss 0: 4.284e-02| val metric 0: 0.025140 | best val: 0.011363 at epoch 91 | current lr: 1.000e-03
epoch: [101/500] | loss 0: 0.046747 | loss 1: 0.000000 | current lr: 1.000e-03
| loss 0: 4.675e-02| val metric 0: 0.026319 | best val: 0.011363 at epoch 91 | current lr: 1.000e-03
epoch: [102/500] | loss 0: 0.045459 | loss 1: 0.000000 | current lr: 9.999e-04
| loss 0: 4.546e-02| val metric 0: 0.012250 | best val: 0.011363 at epoch 91 | current lr: 9.999e-04
epoch: [103/500] | loss 0: 0.042507 | loss 1: 0.000000 | current lr: 9.999e-04
| loss 0: 4.251e-02| val metric 0: 0.012948 | best val: 0.011363 at epoch 91 | current lr: 9.999e-04
epoch: [104/500] | loss 0: 0.037700 | loss 1: 0.000000 | current lr: 9.997e-04
| loss 0: 3.770e-02| val metric 0: 0.014709 | best val: 0.011363 at epoch 91 | current lr: 9.997e-04
epoch: [105/500] | loss 0: 0.053719 | loss 1: 0.000000 | current lr: 9.996e-04
| loss 0: 5.372e-02| val metric 0: 0.031334 | best val: 0.011363 at epoch 91 | current lr: 9.996e-04
epoch: [106/500] | loss 0: 0.068042 | loss 1: 0.000000 | current lr: 9.994e-04
| loss 0: 6.804e-02| val metric 0: 0.021945 | best val: 0.011363 at epoch 91 | current lr: 9.994e-04
epoch: [107/500] | loss 0: 0.035589 | loss 1: 0.000000 | current lr: 9.992e-04
| loss 0: 3.559e-02| val metric 0: 0.013991 | best val: 0.011363 at epoch 91 | current lr: 9.992e-04
epoch: [108/500] | loss 0: 0.035296 | loss 1: 0.000000 | current lr: 9.990e-04
| loss 0: 3.530e-02| val metric 0: 0.009824 | best val: 0.009824 at epoch 108 | current lr: 9.990e-04
epoch: [109/500] | loss 0: 0.032389 | loss 1: 0.000000 | current lr: 9.987e-04
| loss 0: 3.239e-02| val metric 0: 0.013186 | best val: 0.009824 at epoch 108 | current lr: 9.987e-04
epoch: [110/500] | loss 0: 0.037358 | loss 1: 0.000000 | current lr: 9.984e-04
| loss 0: 3.736e-02| val metric 0: 0.008789 | best val: 0.008789 at epoch 110 | current lr: 9.984e-04
epoch: [111/500] | loss 0: 0.045592 | loss 1: 0.000000 | current lr: 9.981e-04
| loss 0: 4.559e-02| val metric 0: 0.016313 | best val: 0.008789 at epoch 110 | current lr: 9.981e-04
epoch: [112/500] | loss 0: 0.060670 | loss 1: 0.000000 | current lr: 9.978e-04
| loss 0: 6.067e-02| val metric 0: 0.022526 | best val: 0.008789 at epoch 110 | current lr: 9.978e-04
epoch: [113/500] | loss 0: 0.053334 | loss 1: 0.000000 | current lr: 9.974e-04
| loss 0: 5.333e-02| val metric 0: 0.010226 | best val: 0.008789 at epoch 110 | current lr: 9.974e-04
epoch: [114/500] | loss 0: 0.034742 | loss 1: 0.000000 | current lr: 9.970e-04
| loss 0: 3.474e-02| val metric 0: 0.019547 | best val: 0.008789 at epoch 110 | current lr: 9.970e-04
epoch: [115/500] | loss 0: 0.033317 | loss 1: 0.000000 | current lr: 9.965e-04
| loss 0: 3.332e-02| val metric 0: 0.012372 | best val: 0.008789 at epoch 110 | current lr: 9.965e-04
epoch: [116/500] | loss 0: 0.034236 | loss 1: 0.000000 | current lr: 9.960e-04
| loss 0: 3.424e-02| val metric 0: 0.012779 | best val: 0.008789 at epoch 110 | current lr: 9.960e-04
epoch: [117/500] | loss 0: 0.035786 | loss 1: 0.000000 | current lr: 9.955e-04
| loss 0: 3.579e-02| val metric 0: 0.013682 | best val: 0.008789 at epoch 110 | current lr: 9.955e-04
epoch: [118/500] | loss 0: 0.035264 | loss 1: 0.000000 | current lr: 9.950e-04
| loss 0: 3.526e-02| val metric 0: 0.008017 | best val: 0.008017 at epoch 118 | current lr: 9.950e-04
epoch: [119/500] | loss 0: 0.030372 | loss 1: 0.000000 | current lr: 9.944e-04
| loss 0: 3.037e-02| val metric 0: 0.009779 | best val: 0.008017 at epoch 118 | current lr: 9.944e-04
epoch: [120/500] | loss 0: 0.038443 | loss 1: 0.000000 | current lr: 9.938e-04
| loss 0: 3.844e-02| val metric 0: 0.018442 | best val: 0.008017 at epoch 118 | current lr: 9.938e-04
epoch: [121/500] | loss 0: 0.059407 | loss 1: 0.000000 | current lr: 9.932e-04
| loss 0: 5.941e-02| val metric 0: 0.024897 | best val: 0.008017 at epoch 118 | current lr: 9.932e-04
epoch: [122/500] | loss 0: 0.057208 | loss 1: 0.000000 | current lr: 9.925e-04
| loss 0: 5.721e-02| val metric 0: 0.023296 | best val: 0.008017 at epoch 118 | current lr: 9.925e-04
epoch: [123/500] | loss 0: 0.054458 | loss 1: 0.000000 | current lr: 9.918e-04
| loss 0: 5.446e-02| val metric 0: 0.014403 | best val: 0.008017 at epoch 118 | current lr: 9.918e-04
epoch: [124/500] | loss 0: 0.051849 | loss 1: 0.000000 | current lr: 9.911e-04
| loss 0: 5.185e-02| val metric 0: 0.025663 | best val: 0.008017 at epoch 118 | current lr: 9.911e-04
epoch: [125/500] | loss 0: 0.045673 | loss 1: 0.000000 | current lr: 9.904e-04
| loss 0: 4.567e-02| val metric 0: 0.015872 | best val: 0.008017 at epoch 118 | current lr: 9.904e-04
epoch: [126/500] | loss 0: 0.028926 | loss 1: 0.000000 | current lr: 9.896e-04
| loss 0: 2.893e-02| val metric 0: 0.012433 | best val: 0.008017 at epoch 118 | current lr: 9.896e-04
epoch: [127/500] | loss 0: 0.034620 | loss 1: 0.000000 | current lr: 9.888e-04
| loss 0: 3.462e-02| val metric 0: 0.016351 | best val: 0.008017 at epoch 118 | current lr: 9.888e-04
epoch: [128/500] | loss 0: 0.044315 | loss 1: 0.000000 | current lr: 9.879e-04
| loss 0: 4.431e-02| val metric 0: 0.007221 | best val: 0.007221 at epoch 128 | current lr: 9.879e-04
epoch: [129/500] | loss 0: 0.026971 | loss 1: 0.000000 | current lr: 9.870e-04
| loss 0: 2.697e-02| val metric 0: 0.013610 | best val: 0.007221 at epoch 128 | current lr: 9.870e-04
epoch: [130/500] | loss 0: 0.027642 | loss 1: 0.000000 | current lr: 9.861e-04
| loss 0: 2.764e-02| val metric 0: 0.010052 | best val: 0.007221 at epoch 128 | current lr: 9.861e-04
epoch: [131/500] | loss 0: 0.035160 | loss 1: 0.000000 | current lr: 9.852e-04
| loss 0: 3.516e-02| val metric 0: 0.031683 | best val: 0.007221 at epoch 128 | current lr: 9.852e-04
epoch: [132/500] | loss 0: 0.050916 | loss 1: 0.000000 | current lr: 9.842e-04
| loss 0: 5.092e-02| val metric 0: 0.021500 | best val: 0.007221 at epoch 128 | current lr: 9.842e-04
epoch: [133/500] | loss 0: 0.046347 | loss 1: 0.000000 | current lr: 9.832e-04
| loss 0: 4.635e-02| val metric 0: 0.010419 | best val: 0.007221 at epoch 128 | current lr: 9.832e-04
epoch: [134/500] | loss 0: 0.022388 | loss 1: 0.000000 | current lr: 9.822e-04
| loss 0: 2.239e-02| val metric 0: 0.010183 | best val: 0.007221 at epoch 128 | current lr: 9.822e-04
epoch: [135/500] | loss 0: 0.031255 | loss 1: 0.000000 | current lr: 9.812e-04
| loss 0: 3.126e-02| val metric 0: 0.010088 | best val: 0.007221 at epoch 128 | current lr: 9.812e-04
epoch: [136/500] | loss 0: 0.025066 | loss 1: 0.000000 | current lr: 9.801e-04
| loss 0: 2.507e-02| val metric 0: 0.008441 | best val: 0.007221 at epoch 128 | current lr: 9.801e-04
epoch: [137/500] | loss 0: 0.032159 | loss 1: 0.000000 | current lr: 9.790e-04
| loss 0: 3.216e-02| val metric 0: 0.019322 | best val: 0.007221 at epoch 128 | current lr: 9.790e-04
epoch: [138/500] | loss 0: 0.045162 | loss 1: 0.000000 | current lr: 9.778e-04
| loss 0: 4.516e-02| val metric 0: 0.022310 | best val: 0.007221 at epoch 128 | current lr: 9.778e-04
epoch: [139/500] | loss 0: 0.037272 | loss 1: 0.000000 | current lr: 9.767e-04
| loss 0: 3.727e-02| val metric 0: 0.016551 | best val: 0.007221 at epoch 128 | current lr: 9.767e-04
epoch: [140/500] | loss 0: 0.028930 | loss 1: 0.000000 | current lr: 9.755e-04
| loss 0: 2.893e-02| val metric 0: 0.011925 | best val: 0.007221 at epoch 128 | current lr: 9.755e-04
epoch: [141/500] | loss 0: 0.028580 | loss 1: 0.000000 | current lr: 9.742e-04
| loss 0: 2.858e-02| val metric 0: 0.012467 | best val: 0.007221 at epoch 128 | current lr: 9.742e-04
epoch: [142/500] | loss 0: 0.026130 | loss 1: 0.000000 | current lr: 9.730e-04
| loss 0: 2.613e-02| val metric 0: 0.012064 | best val: 0.007221 at epoch 128 | current lr: 9.730e-04
epoch: [143/500] | loss 0: 0.025046 | loss 1: 0.000000 | current lr: 9.717e-04
| loss 0: 2.505e-02| val metric 0: 0.007191 | best val: 0.007191 at epoch 143 | current lr: 9.717e-04
epoch: [144/500] | loss 0: 0.025326 | loss 1: 0.000000 | current lr: 9.704e-04
| loss 0: 2.533e-02| val metric 0: 0.005383 | best val: 0.005383 at epoch 144 | current lr: 9.704e-04
epoch: [145/500] | loss 0: 0.035956 | loss 1: 0.000000 | current lr: 9.690e-04
| loss 0: 3.596e-02| val metric 0: 0.018717 | best val: 0.005383 at epoch 144 | current lr: 9.690e-04
epoch: [146/500] | loss 0: 0.046055 | loss 1: 0.000000 | current lr: 9.677e-04
| loss 0: 4.606e-02| val metric 0: 0.021707 | best val: 0.005383 at epoch 144 | current lr: 9.677e-04
epoch: [147/500] | loss 0: 0.044842 | loss 1: 0.000000 | current lr: 9.662e-04
| loss 0: 4.484e-02| val metric 0: 0.020122 | best val: 0.005383 at epoch 144 | current lr: 9.662e-04
epoch: [148/500] | loss 0: 0.031513 | loss 1: 0.000000 | current lr: 9.648e-04
| loss 0: 3.151e-02| val metric 0: 0.006358 | best val: 0.005383 at epoch 144 | current lr: 9.648e-04
epoch: [149/500] | loss 0: 0.021920 | loss 1: 0.000000 | current lr: 9.634e-04
| loss 0: 2.192e-02| val metric 0: 0.006950 | best val: 0.005383 at epoch 144 | current lr: 9.634e-04
epoch: [150/500] | loss 0: 0.031959 | loss 1: 0.000000 | current lr: 9.619e-04
| loss 0: 3.196e-02| val metric 0: 0.020241 | best val: 0.005383 at epoch 144 | current lr: 9.619e-04
epoch: [151/500] | loss 0: 0.044313 | loss 1: 0.000000 | current lr: 9.603e-04
| loss 0: 4.431e-02| val metric 0: 0.022608 | best val: 0.005383 at epoch 144 | current lr: 9.603e-04
epoch: [152/500] | loss 0: 0.037380 | loss 1: 0.000000 | current lr: 9.588e-04
| loss 0: 3.738e-02| val metric 0: 0.009772 | best val: 0.005383 at epoch 144 | current lr: 9.588e-04
epoch: [153/500] | loss 0: 0.030392 | loss 1: 0.000000 | current lr: 9.572e-04
| loss 0: 3.039e-02| val metric 0: 0.009511 | best val: 0.005383 at epoch 144 | current lr: 9.572e-04
epoch: [154/500] | loss 0: 0.038072 | loss 1: 0.000000 | current lr: 9.556e-04
| loss 0: 3.807e-02| val metric 0: 0.017816 | best val: 0.005383 at epoch 144 | current lr: 9.556e-04
epoch: [155/500] | loss 0: 0.030297 | loss 1: 0.000000 | current lr: 9.540e-04
| loss 0: 3.030e-02| val metric 0: 0.007853 | best val: 0.005383 at epoch 144 | current lr: 9.540e-04
epoch: [156/500] | loss 0: 0.036550 | loss 1: 0.000000 | current lr: 9.523e-04
| loss 0: 3.655e-02| val metric 0: 0.016654 | best val: 0.005383 at epoch 144 | current lr: 9.523e-04
epoch: [157/500] | loss 0: 0.040698 | loss 1: 0.000000 | current lr: 9.506e-04
| loss 0: 4.070e-02| val metric 0: 0.020268 | best val: 0.005383 at epoch 144 | current lr: 9.506e-04
epoch: [158/500] | loss 0: 0.036641 | loss 1: 0.000000 | current lr: 9.489e-04
| loss 0: 3.664e-02| val metric 0: 0.006260 | best val: 0.005383 at epoch 144 | current lr: 9.489e-04
epoch: [159/500] | loss 0: 0.019824 | loss 1: 0.000000 | current lr: 9.472e-04
| loss 0: 1.982e-02| val metric 0: 0.009816 | best val: 0.005383 at epoch 144 | current lr: 9.472e-04
epoch: [160/500] | loss 0: 0.023924 | loss 1: 0.000000 | current lr: 9.454e-04
| loss 0: 2.392e-02| val metric 0: 0.007971 | best val: 0.005383 at epoch 144 | current lr: 9.454e-04
epoch: [161/500] | loss 0: 0.021442 | loss 1: 0.000000 | current lr: 9.436e-04
| loss 0: 2.144e-02| val metric 0: 0.010544 | best val: 0.005383 at epoch 144 | current lr: 9.436e-04
epoch: [162/500] | loss 0: 0.023259 | loss 1: 0.000000 | current lr: 9.418e-04
| loss 0: 2.326e-02| val metric 0: 0.005143 | best val: 0.005143 at epoch 162 | current lr: 9.418e-04
epoch: [163/500] | loss 0: 0.037117 | loss 1: 0.000000 | current lr: 9.399e-04
| loss 0: 3.712e-02| val metric 0: 0.016516 | best val: 0.005143 at epoch 162 | current lr: 9.399e-04
epoch: [164/500] | loss 0: 0.039200 | loss 1: 0.000000 | current lr: 9.381e-04
| loss 0: 3.920e-02| val metric 0: 0.019196 | best val: 0.005143 at epoch 162 | current lr: 9.381e-04
epoch: [165/500] | loss 0: 0.036243 | loss 1: 0.000000 | current lr: 9.362e-04
| loss 0: 3.624e-02| val metric 0: 0.015034 | best val: 0.005143 at epoch 162 | current lr: 9.362e-04
epoch: [166/500] | loss 0: 0.038324 | loss 1: 0.000000 | current lr: 9.342e-04
| loss 0: 3.832e-02| val metric 0: 0.013305 | best val: 0.005143 at epoch 162 | current lr: 9.342e-04
epoch: [167/500] | loss 0: 0.024468 | loss 1: 0.000000 | current lr: 9.323e-04
| loss 0: 2.447e-02| val metric 0: 0.011389 | best val: 0.005143 at epoch 162 | current lr: 9.323e-04
epoch: [168/500] | loss 0: 0.021895 | loss 1: 0.000000 | current lr: 9.303e-04
| loss 0: 2.190e-02| val metric 0: 0.005562 | best val: 0.005143 at epoch 162 | current lr: 9.303e-04
epoch: [169/500] | loss 0: 0.018581 | loss 1: 0.000000 | current lr: 9.283e-04
| loss 0: 1.858e-02| val metric 0: 0.005417 | best val: 0.005143 at epoch 162 | current lr: 9.283e-04
epoch: [170/500] | loss 0: 0.021819 | loss 1: 0.000000 | current lr: 9.262e-04
| loss 0: 2.182e-02| val metric 0: 0.011536 | best val: 0.005143 at epoch 162 | current lr: 9.262e-04
epoch: [171/500] | loss 0: 0.022260 | loss 1: 0.000000 | current lr: 9.242e-04
| loss 0: 2.226e-02| val metric 0: 0.007354 | best val: 0.005143 at epoch 162 | current lr: 9.242e-04
epoch: [172/500] | loss 0: 0.020635 | loss 1: 0.000000 | current lr: 9.221e-04
| loss 0: 2.064e-02| val metric 0: 0.006978 | best val: 0.005143 at epoch 162 | current lr: 9.221e-04
epoch: [173/500] | loss 0: 0.021938 | loss 1: 0.000000 | current lr: 9.199e-04
| loss 0: 2.194e-02| val metric 0: 0.010293 | best val: 0.005143 at epoch 162 | current lr: 9.199e-04
epoch: [174/500] | loss 0: 0.022888 | loss 1: 0.000000 | current lr: 9.178e-04
| loss 0: 2.289e-02| val metric 0: 0.006916 | best val: 0.005143 at epoch 162 | current lr: 9.178e-04
epoch: [175/500] | loss 0: 0.023118 | loss 1: 0.000000 | current lr: 9.156e-04
| loss 0: 2.312e-02| val metric 0: 0.014317 | best val: 0.005143 at epoch 162 | current lr: 9.156e-04
epoch: [176/500] | loss 0: 0.024681 | loss 1: 0.000000 | current lr: 9.134e-04
| loss 0: 2.468e-02| val metric 0: 0.008424 | best val: 0.005143 at epoch 162 | current lr: 9.134e-04
epoch: [177/500] | loss 0: 0.019348 | loss 1: 0.000000 | current lr: 9.112e-04
| loss 0: 1.935e-02| val metric 0: 0.005805 | best val: 0.005143 at epoch 162 | current lr: 9.112e-04
epoch: [178/500] | loss 0: 0.031642 | loss 1: 0.000000 | current lr: 9.090e-04
| loss 0: 3.164e-02| val metric 0: 0.013670 | best val: 0.005143 at epoch 162 | current lr: 9.090e-04
epoch: [179/500] | loss 0: 0.034068 | loss 1: 0.000000 | current lr: 9.067e-04
| loss 0: 3.407e-02| val metric 0: 0.010477 | best val: 0.005143 at epoch 162 | current lr: 9.067e-04
epoch: [180/500] | loss 0: 0.034102 | loss 1: 0.000000 | current lr: 9.044e-04
| loss 0: 3.410e-02| val metric 0: 0.020321 | best val: 0.005143 at epoch 162 | current lr: 9.044e-04
epoch: [181/500] | loss 0: 0.040538 | loss 1: 0.000000 | current lr: 9.021e-04
| loss 0: 4.054e-02| val metric 0: 0.012630 | best val: 0.005143 at epoch 162 | current lr: 9.021e-04
epoch: [182/500] | loss 0: 0.030844 | loss 1: 0.000000 | current lr: 8.997e-04
| loss 0: 3.084e-02| val metric 0: 0.010621 | best val: 0.005143 at epoch 162 | current lr: 8.997e-04
epoch: [183/500] | loss 0: 0.021952 | loss 1: 0.000000 | current lr: 8.974e-04
| loss 0: 2.195e-02| val metric 0: 0.010220 | best val: 0.005143 at epoch 162 | current lr: 8.974e-04
epoch: [184/500] | loss 0: 0.022357 | loss 1: 0.000000 | current lr: 8.950e-04
| loss 0: 2.236e-02| val metric 0: 0.010487 | best val: 0.005143 at epoch 162 | current lr: 8.950e-04
epoch: [185/500] | loss 0: 0.022186 | loss 1: 0.000000 | current lr: 8.925e-04
| loss 0: 2.219e-02| val metric 0: 0.007641 | best val: 0.005143 at epoch 162 | current lr: 8.925e-04
epoch: [186/500] | loss 0: 0.022049 | loss 1: 0.000000 | current lr: 8.901e-04
| loss 0: 2.205e-02| val metric 0: 0.006680 | best val: 0.005143 at epoch 162 | current lr: 8.901e-04
epoch: [187/500] | loss 0: 0.017530 | loss 1: 0.000000 | current lr: 8.876e-04
| loss 0: 1.753e-02| val metric 0: 0.009405 | best val: 0.005143 at epoch 162 | current lr: 8.876e-04
epoch: [188/500] | loss 0: 0.017481 | loss 1: 0.000000 | current lr: 8.851e-04
| loss 0: 1.748e-02| val metric 0: 0.007108 | best val: 0.005143 at epoch 162 | current lr: 8.851e-04
epoch: [189/500] | loss 0: 0.017309 | loss 1: 0.000000 | current lr: 8.826e-04
| loss 0: 1.731e-02| val metric 0: 0.007085 | best val: 0.005143 at epoch 162 | current lr: 8.826e-04
epoch: [190/500] | loss 0: 0.019343 | loss 1: 0.000000 | current lr: 8.801e-04
| loss 0: 1.934e-02| val metric 0: 0.004768 | best val: 0.004768 at epoch 190 | current lr: 8.801e-04
epoch: [191/500] | loss 0: 0.018293 | loss 1: 0.000000 | current lr: 8.775e-04
| loss 0: 1.829e-02| val metric 0: 0.008049 | best val: 0.004768 at epoch 190 | current lr: 8.775e-04
epoch: [192/500] | loss 0: 0.019165 | loss 1: 0.000000 | current lr: 8.749e-04
| loss 0: 1.917e-02| val metric 0: 0.004503 | best val: 0.004503 at epoch 192 | current lr: 8.749e-04
epoch: [193/500] | loss 0: 0.018436 | loss 1: 0.000000 | current lr: 8.723e-04
| loss 0: 1.844e-02| val metric 0: 0.006887 | best val: 0.004503 at epoch 192 | current lr: 8.723e-04
epoch: [194/500] | loss 0: 0.017635 | loss 1: 0.000000 | current lr: 8.697e-04
| loss 0: 1.763e-02| val metric 0: 0.005011 | best val: 0.004503 at epoch 192 | current lr: 8.697e-04
epoch: [195/500] | loss 0: 0.018784 | loss 1: 0.000000 | current lr: 8.670e-04
| loss 0: 1.878e-02| val metric 0: 0.010649 | best val: 0.004503 at epoch 192 | current lr: 8.670e-04
epoch: [196/500] | loss 0: 0.027612 | loss 1: 0.000000 | current lr: 8.643e-04
| loss 0: 2.761e-02| val metric 0: 0.011013 | best val: 0.004503 at epoch 192 | current lr: 8.643e-04
epoch: [197/500] | loss 0: 0.026766 | loss 1: 0.000000 | current lr: 8.616e-04
| loss 0: 2.677e-02| val metric 0: 0.007977 | best val: 0.004503 at epoch 192 | current lr: 8.616e-04
epoch: [198/500] | loss 0: 0.017518 | loss 1: 0.000000 | current lr: 8.589e-04
| loss 0: 1.752e-02| val metric 0: 0.008558 | best val: 0.004503 at epoch 192 | current lr: 8.589e-04
epoch: [199/500] | loss 0: 0.015847 | loss 1: 0.000000 | current lr: 8.562e-04
| loss 0: 1.585e-02| val metric 0: 0.006408 | best val: 0.004503 at epoch 192 | current lr: 8.562e-04
epoch: [200/500] | loss 0: 0.020932 | loss 1: 0.000000 | current lr: 8.534e-04
| loss 0: 2.093e-02| val metric 0: 0.007826 | best val: 0.004503 at epoch 192 | current lr: 8.534e-04
epoch: [201/500] | loss 0: 0.017772 | loss 1: 0.000000 | current lr: 8.506e-04
| loss 0: 1.777e-02| val metric 0: 0.005446 | best val: 0.004503 at epoch 192 | current lr: 8.506e-04
epoch: [202/500] | loss 0: 0.016137 | loss 1: 0.000000 | current lr: 8.478e-04
| loss 0: 1.614e-02| val metric 0: 0.004973 | best val: 0.004503 at epoch 192 | current lr: 8.478e-04
epoch: [203/500] | loss 0: 0.019548 | loss 1: 0.000000 | current lr: 8.450e-04
| loss 0: 1.955e-02| val metric 0: 0.008642 | best val: 0.004503 at epoch 192 | current lr: 8.450e-04
epoch: [204/500] | loss 0: 0.017331 | loss 1: 0.000000 | current lr: 8.421e-04
| loss 0: 1.733e-02| val metric 0: 0.009127 | best val: 0.004503 at epoch 192 | current lr: 8.421e-04
epoch: [205/500] | loss 0: 0.018421 | loss 1: 0.000000 | current lr: 8.393e-04
| loss 0: 1.842e-02| val metric 0: 0.004703 | best val: 0.004503 at epoch 192 | current lr: 8.393e-04
epoch: [206/500] | loss 0: 0.017777 | loss 1: 0.000000 | current lr: 8.364e-04
| loss 0: 1.778e-02| val metric 0: 0.005609 | best val: 0.004503 at epoch 192 | current lr: 8.364e-04
epoch: [207/500] | loss 0: 0.018920 | loss 1: 0.000000 | current lr: 8.334e-04
| loss 0: 1.892e-02| val metric 0: 0.008171 | best val: 0.004503 at epoch 192 | current lr: 8.334e-04
epoch: [208/500] | loss 0: 0.017220 | loss 1: 0.000000 | current lr: 8.305e-04
| loss 0: 1.722e-02| val metric 0: 0.007248 | best val: 0.004503 at epoch 192 | current lr: 8.305e-04
epoch: [209/500] | loss 0: 0.019694 | loss 1: 0.000000 | current lr: 8.276e-04
| loss 0: 1.969e-02| val metric 0: 0.006854 | best val: 0.004503 at epoch 192 | current lr: 8.276e-04
epoch: [210/500] | loss 0: 0.020501 | loss 1: 0.000000 | current lr: 8.246e-04
| loss 0: 2.050e-02| val metric 0: 0.015669 | best val: 0.004503 at epoch 192 | current lr: 8.246e-04
epoch: [211/500] | loss 0: 0.031138 | loss 1: 0.000000 | current lr: 8.216e-04
| loss 0: 3.114e-02| val metric 0: 0.013447 | best val: 0.004503 at epoch 192 | current lr: 8.216e-04
epoch: [212/500] | loss 0: 0.031466 | loss 1: 0.000000 | current lr: 8.186e-04
| loss 0: 3.147e-02| val metric 0: 0.010760 | best val: 0.004503 at epoch 192 | current lr: 8.186e-04
epoch: [213/500] | loss 0: 0.017716 | loss 1: 0.000000 | current lr: 8.155e-04
| loss 0: 1.772e-02| val metric 0: 0.004184 | best val: 0.004184 at epoch 213 | current lr: 8.155e-04
epoch: [214/500] | loss 0: 0.017343 | loss 1: 0.000000 | current lr: 8.125e-04
| loss 0: 1.734e-02| val metric 0: 0.005612 | best val: 0.004184 at epoch 213 | current lr: 8.125e-04
epoch: [215/500] | loss 0: 0.015157 | loss 1: 0.000000 | current lr: 8.094e-04
| loss 0: 1.516e-02| val metric 0: 0.004760 | best val: 0.004184 at epoch 213 | current lr: 8.094e-04
epoch: [216/500] | loss 0: 0.015787 | loss 1: 0.000000 | current lr: 8.063e-04
| loss 0: 1.579e-02| val metric 0: 0.005181 | best val: 0.004184 at epoch 213 | current lr: 8.063e-04
epoch: [217/500] | loss 0: 0.018671 | loss 1: 0.000000 | current lr: 8.032e-04
| loss 0: 1.867e-02| val metric 0: 0.005143 | best val: 0.004184 at epoch 213 | current lr: 8.032e-04
epoch: [218/500] | loss 0: 0.018433 | loss 1: 0.000000 | current lr: 8.001e-04
| loss 0: 1.843e-02| val metric 0: 0.016110 | best val: 0.004184 at epoch 213 | current lr: 8.001e-04
epoch: [219/500] | loss 0: 0.031018 | loss 1: 0.000000 | current lr: 7.969e-04
| loss 0: 3.102e-02| val metric 0: 0.011904 | best val: 0.004184 at epoch 213 | current lr: 7.969e-04
epoch: [220/500] | loss 0: 0.024900 | loss 1: 0.000000 | current lr: 7.937e-04
| loss 0: 2.490e-02| val metric 0: 0.005713 | best val: 0.004184 at epoch 213 | current lr: 7.937e-04
epoch: [221/500] | loss 0: 0.013929 | loss 1: 0.000000 | current lr: 7.905e-04
| loss 0: 1.393e-02| val metric 0: 0.004045 | best val: 0.004045 at epoch 221 | current lr: 7.905e-04
epoch: [222/500] | loss 0: 0.015797 | loss 1: 0.000000 | current lr: 7.873e-04
| loss 0: 1.580e-02| val metric 0: 0.007216 | best val: 0.004045 at epoch 221 | current lr: 7.873e-04
epoch: [223/500] | loss 0: 0.024506 | loss 1: 0.000000 | current lr: 7.841e-04
| loss 0: 2.451e-02| val metric 0: 0.012353 | best val: 0.004045 at epoch 221 | current lr: 7.841e-04
epoch: [224/500] | loss 0: 0.027958 | loss 1: 0.000000 | current lr: 7.809e-04
| loss 0: 2.796e-02| val metric 0: 0.010600 | best val: 0.004045 at epoch 221 | current lr: 7.809e-04
epoch: [225/500] | loss 0: 0.023484 | loss 1: 0.000000 | current lr: 7.776e-04
| loss 0: 2.348e-02| val metric 0: 0.004607 | best val: 0.004045 at epoch 221 | current lr: 7.776e-04
epoch: [226/500] | loss 0: 0.015860 | loss 1: 0.000000 | current lr: 7.743e-04
| loss 0: 1.586e-02| val metric 0: 0.008248 | best val: 0.004045 at epoch 221 | current lr: 7.743e-04
epoch: [227/500] | loss 0: 0.021819 | loss 1: 0.000000 | current lr: 7.711e-04
| loss 0: 2.182e-02| val metric 0: 0.007563 | best val: 0.004045 at epoch 221 | current lr: 7.711e-04
epoch: [228/500] | loss 0: 0.019643 | loss 1: 0.000000 | current lr: 7.677e-04
| loss 0: 1.964e-02| val metric 0: 0.008200 | best val: 0.004045 at epoch 221 | current lr: 7.677e-04
epoch: [229/500] | loss 0: 0.022816 | loss 1: 0.000000 | current lr: 7.644e-04
| loss 0: 2.282e-02| val metric 0: 0.006607 | best val: 0.004045 at epoch 221 | current lr: 7.644e-04
epoch: [230/500] | loss 0: 0.025475 | loss 1: 0.000000 | current lr: 7.611e-04
| loss 0: 2.548e-02| val metric 0: 0.009110 | best val: 0.004045 at epoch 221 | current lr: 7.611e-04
epoch: [231/500] | loss 0: 0.024343 | loss 1: 0.000000 | current lr: 7.577e-04
| loss 0: 2.434e-02| val metric 0: 0.009510 | best val: 0.004045 at epoch 221 | current lr: 7.577e-04
epoch: [232/500] | loss 0: 0.020840 | loss 1: 0.000000 | current lr: 7.544e-04
| loss 0: 2.084e-02| val metric 0: 0.003600 | best val: 0.003600 at epoch 232 | current lr: 7.544e-04
epoch: [233/500] | loss 0: 0.016172 | loss 1: 0.000000 | current lr: 7.510e-04
| loss 0: 1.617e-02| val metric 0: 0.008058 | best val: 0.003600 at epoch 232 | current lr: 7.510e-04
epoch: [234/500] | loss 0: 0.019323 | loss 1: 0.000000 | current lr: 7.476e-04
| loss 0: 1.932e-02| val metric 0: 0.009238 | best val: 0.003600 at epoch 232 | current lr: 7.476e-04
epoch: [235/500] | loss 0: 0.021254 | loss 1: 0.000000 | current lr: 7.441e-04
| loss 0: 2.125e-02| val metric 0: 0.005902 | best val: 0.003600 at epoch 232 | current lr: 7.441e-04
epoch: [236/500] | loss 0: 0.018934 | loss 1: 0.000000 | current lr: 7.407e-04
| loss 0: 1.893e-02| val metric 0: 0.007536 | best val: 0.003600 at epoch 232 | current lr: 7.407e-04
epoch: [237/500] | loss 0: 0.014145 | loss 1: 0.000000 | current lr: 7.373e-04
| loss 0: 1.415e-02| val metric 0: 0.004778 | best val: 0.003600 at epoch 232 | current lr: 7.373e-04
epoch: [238/500] | loss 0: 0.014282 | loss 1: 0.000000 | current lr: 7.338e-04
| loss 0: 1.428e-02| val metric 0: 0.003990 | best val: 0.003600 at epoch 232 | current lr: 7.338e-04
epoch: [239/500] | loss 0: 0.024123 | loss 1: 0.000000 | current lr: 7.303e-04
| loss 0: 2.412e-02| val metric 0: 0.009442 | best val: 0.003600 at epoch 232 | current lr: 7.303e-04
epoch: [240/500] | loss 0: 0.023531 | loss 1: 0.000000 | current lr: 7.268e-04
| loss 0: 2.353e-02| val metric 0: 0.008839 | best val: 0.003600 at epoch 232 | current lr: 7.268e-04
epoch: [241/500] | loss 0: 0.022252 | loss 1: 0.000000 | current lr: 7.233e-04
| loss 0: 2.225e-02| val metric 0: 0.011280 | best val: 0.003600 at epoch 232 | current lr: 7.233e-04
epoch: [242/500] | loss 0: 0.021843 | loss 1: 0.000000 | current lr: 7.198e-04
| loss 0: 2.184e-02| val metric 0: 0.007783 | best val: 0.003600 at epoch 232 | current lr: 7.198e-04
epoch: [243/500] | loss 0: 0.015337 | loss 1: 0.000000 | current lr: 7.163e-04
| loss 0: 1.534e-02| val metric 0: 0.004436 | best val: 0.003600 at epoch 232 | current lr: 7.163e-04
epoch: [244/500] | loss 0: 0.011632 | loss 1: 0.000000 | current lr: 7.127e-04
| loss 0: 1.163e-02| val metric 0: 0.005681 | best val: 0.003600 at epoch 232 | current lr: 7.127e-04
epoch: [245/500] | loss 0: 0.014140 | loss 1: 0.000000 | current lr: 7.092e-04
| loss 0: 1.414e-02| val metric 0: 0.004681 | best val: 0.003600 at epoch 232 | current lr: 7.092e-04
epoch: [246/500] | loss 0: 0.012767 | loss 1: 0.000000 | current lr: 7.056e-04
| loss 0: 1.277e-02| val metric 0: 0.004550 | best val: 0.003600 at epoch 232 | current lr: 7.056e-04
epoch: [247/500] | loss 0: 0.012527 | loss 1: 0.000000 | current lr: 7.020e-04
| loss 0: 1.253e-02| val metric 0: 0.005128 | best val: 0.003600 at epoch 232 | current lr: 7.020e-04
epoch: [248/500] | loss 0: 0.012147 | loss 1: 0.000000 | current lr: 6.984e-04
| loss 0: 1.215e-02| val metric 0: 0.004493 | best val: 0.003600 at epoch 232 | current lr: 6.984e-04
epoch: [249/500] | loss 0: 0.012425 | loss 1: 0.000000 | current lr: 6.948e-04
| loss 0: 1.243e-02| val metric 0: 0.006116 | best val: 0.003600 at epoch 232 | current lr: 6.948e-04
epoch: [250/500] | loss 0: 0.015014 | loss 1: 0.000000 | current lr: 6.912e-04
| loss 0: 1.501e-02| val metric 0: 0.004013 | best val: 0.003600 at epoch 232 | current lr: 6.912e-04
epoch: [251/500] | loss 0: 0.010502 | loss 1: 0.000000 | current lr: 6.875e-04
| loss 0: 1.050e-02| val metric 0: 0.005035 | best val: 0.003600 at epoch 232 | current lr: 6.875e-04
epoch: [252/500] | loss 0: 0.011426 | loss 1: 0.000000 | current lr: 6.839e-04
| loss 0: 1.143e-02| val metric 0: 0.004043 | best val: 0.003600 at epoch 232 | current lr: 6.839e-04
epoch: [253/500] | loss 0: 0.011069 | loss 1: 0.000000 | current lr: 6.802e-04
| loss 0: 1.107e-02| val metric 0: 0.004151 | best val: 0.003600 at epoch 232 | current lr: 6.802e-04
epoch: [254/500] | loss 0: 0.010490 | loss 1: 0.000000 | current lr: 6.766e-04
| loss 0: 1.049e-02| val metric 0: 0.003911 | best val: 0.003600 at epoch 232 | current lr: 6.766e-04
epoch: [255/500] | loss 0: 0.014901 | loss 1: 0.000000 | current lr: 6.729e-04
| loss 0: 1.490e-02| val metric 0: 0.007329 | best val: 0.003600 at epoch 232 | current lr: 6.729e-04
epoch: [256/500] | loss 0: 0.014073 | loss 1: 0.000000 | current lr: 6.692e-04
| loss 0: 1.407e-02| val metric 0: 0.005097 | best val: 0.003600 at epoch 232 | current lr: 6.692e-04
epoch: [257/500] | loss 0: 0.011523 | loss 1: 0.000000 | current lr: 6.655e-04
| loss 0: 1.152e-02| val metric 0: 0.006815 | best val: 0.003600 at epoch 232 | current lr: 6.655e-04
epoch: [258/500] | loss 0: 0.014000 | loss 1: 0.000000 | current lr: 6.618e-04
| loss 0: 1.400e-02| val metric 0: 0.005275 | best val: 0.003600 at epoch 232 | current lr: 6.618e-04
epoch: [259/500] | loss 0: 0.013162 | loss 1: 0.000000 | current lr: 6.581e-04
| loss 0: 1.316e-02| val metric 0: 0.006306 | best val: 0.003600 at epoch 232 | current lr: 6.581e-04
epoch: [260/500] | loss 0: 0.014081 | loss 1: 0.000000 | current lr: 6.543e-04
| loss 0: 1.408e-02| val metric 0: 0.005134 | best val: 0.003600 at epoch 232 | current lr: 6.543e-04
epoch: [261/500] | loss 0: 0.010679 | loss 1: 0.000000 | current lr: 6.506e-04
| loss 0: 1.068e-02| val metric 0: 0.003472 | best val: 0.003472 at epoch 261 | current lr: 6.506e-04
epoch: [262/500] | loss 0: 0.009945 | loss 1: 0.000000 | current lr: 6.468e-04
| loss 0: 9.945e-03| val metric 0: 0.003845 | best val: 0.003472 at epoch 261 | current lr: 6.468e-04
epoch: [263/500] | loss 0: 0.010359 | loss 1: 0.000000 | current lr: 6.431e-04
| loss 0: 1.036e-02| val metric 0: 0.003940 | best val: 0.003472 at epoch 261 | current lr: 6.431e-04
epoch: [264/500] | loss 0: 0.010368 | loss 1: 0.000000 | current lr: 6.393e-04
| loss 0: 1.037e-02| val metric 0: 0.004609 | best val: 0.003472 at epoch 261 | current lr: 6.393e-04
epoch: [265/500] | loss 0: 0.011323 | loss 1: 0.000000 | current lr: 6.355e-04
| loss 0: 1.132e-02| val metric 0: 0.005554 | best val: 0.003472 at epoch 261 | current lr: 6.355e-04
epoch: [266/500] | loss 0: 0.012815 | loss 1: 0.000000 | current lr: 6.317e-04
| loss 0: 1.282e-02| val metric 0: 0.006021 | best val: 0.003472 at epoch 261 | current lr: 6.317e-04
epoch: [267/500] | loss 0: 0.011670 | loss 1: 0.000000 | current lr: 6.280e-04
| loss 0: 1.167e-02| val metric 0: 0.003637 | best val: 0.003472 at epoch 261 | current lr: 6.280e-04
epoch: [268/500] | loss 0: 0.013877 | loss 1: 0.000000 | current lr: 6.242e-04
| loss 0: 1.388e-02| val metric 0: 0.009306 | best val: 0.003472 at epoch 261 | current lr: 6.242e-04
epoch: [269/500] | loss 0: 0.018898 | loss 1: 0.000000 | current lr: 6.203e-04
| loss 0: 1.890e-02| val metric 0: 0.008815 | best val: 0.003472 at epoch 261 | current lr: 6.203e-04
epoch: [270/500] | loss 0: 0.018490 | loss 1: 0.000000 | current lr: 6.165e-04
| loss 0: 1.849e-02| val metric 0: 0.006041 | best val: 0.003472 at epoch 261 | current lr: 6.165e-04
epoch: [271/500] | loss 0: 0.012927 | loss 1: 0.000000 | current lr: 6.127e-04
| loss 0: 1.293e-02| val metric 0: 0.004022 | best val: 0.003472 at epoch 261 | current lr: 6.127e-04
epoch: [272/500] | loss 0: 0.010059 | loss 1: 0.000000 | current lr: 6.089e-04
| loss 0: 1.006e-02| val metric 0: 0.003556 | best val: 0.003472 at epoch 261 | current lr: 6.089e-04
epoch: [273/500] | loss 0: 0.009782 | loss 1: 0.000000 | current lr: 6.050e-04
| loss 0: 9.782e-03| val metric 0: 0.003853 | best val: 0.003472 at epoch 261 | current lr: 6.050e-04
epoch: [274/500] | loss 0: 0.014495 | loss 1: 0.000000 | current lr: 6.012e-04
| loss 0: 1.449e-02| val metric 0: 0.006538 | best val: 0.003472 at epoch 261 | current lr: 6.012e-04
epoch: [275/500] | loss 0: 0.012871 | loss 1: 0.000000 | current lr: 5.974e-04
| loss 0: 1.287e-02| val metric 0: 0.006208 | best val: 0.003472 at epoch 261 | current lr: 5.974e-04
epoch: [276/500] | loss 0: 0.011361 | loss 1: 0.000000 | current lr: 5.935e-04
| loss 0: 1.136e-02| val metric 0: 0.003689 | best val: 0.003472 at epoch 261 | current lr: 5.935e-04
epoch: [277/500] | loss 0: 0.009340 | loss 1: 0.000000 | current lr: 5.896e-04
| loss 0: 9.340e-03| val metric 0: 0.005712 | best val: 0.003472 at epoch 261 | current lr: 5.896e-04
epoch: [278/500] | loss 0: 0.011618 | loss 1: 0.000000 | current lr: 5.858e-04
| loss 0: 1.162e-02| val metric 0: 0.005433 | best val: 0.003472 at epoch 261 | current lr: 5.858e-04
epoch: [279/500] | loss 0: 0.011494 | loss 1: 0.000000 | current lr: 5.819e-04
| loss 0: 1.149e-02| val metric 0: 0.005101 | best val: 0.003472 at epoch 261 | current lr: 5.819e-04
epoch: [280/500] | loss 0: 0.011983 | loss 1: 0.000000 | current lr: 5.780e-04
| loss 0: 1.198e-02| val metric 0: 0.005216 | best val: 0.003472 at epoch 261 | current lr: 5.780e-04
epoch: [281/500] | loss 0: 0.016996 | loss 1: 0.000000 | current lr: 5.741e-04
| loss 0: 1.700e-02| val metric 0: 0.005968 | best val: 0.003472 at epoch 261 | current lr: 5.741e-04
epoch: [282/500] | loss 0: 0.015652 | loss 1: 0.000000 | current lr: 5.703e-04
| loss 0: 1.565e-02| val metric 0: 0.006078 | best val: 0.003472 at epoch 261 | current lr: 5.703e-04
epoch: [283/500] | loss 0: 0.011654 | loss 1: 0.000000 | current lr: 5.664e-04
| loss 0: 1.165e-02| val metric 0: 0.004812 | best val: 0.003472 at epoch 261 | current lr: 5.664e-04
epoch: [284/500] | loss 0: 0.014400 | loss 1: 0.000000 | current lr: 5.625e-04
| loss 0: 1.440e-02| val metric 0: 0.005573 | best val: 0.003472 at epoch 261 | current lr: 5.625e-04
epoch: [285/500] | loss 0: 0.010161 | loss 1: 0.000000 | current lr: 5.586e-04
| loss 0: 1.016e-02| val metric 0: 0.003146 | best val: 0.003146 at epoch 285 | current lr: 5.586e-04
epoch: [286/500] | loss 0: 0.010185 | loss 1: 0.000000 | current lr: 5.547e-04
| loss 0: 1.019e-02| val metric 0: 0.003399 | best val: 0.003146 at epoch 285 | current lr: 5.547e-04
epoch: [287/500] | loss 0: 0.008880 | loss 1: 0.000000 | current lr: 5.508e-04
| loss 0: 8.880e-03| val metric 0: 0.003037 | best val: 0.003037 at epoch 287 | current lr: 5.508e-04
epoch: [288/500] | loss 0: 0.008824 | loss 1: 0.000000 | current lr: 5.469e-04
| loss 0: 8.824e-03| val metric 0: 0.003216 | best val: 0.003037 at epoch 287 | current lr: 5.469e-04
epoch: [289/500] | loss 0: 0.011134 | loss 1: 0.000000 | current lr: 5.429e-04
| loss 0: 1.113e-02| val metric 0: 0.006123 | best val: 0.003037 at epoch 287 | current lr: 5.429e-04
epoch: [290/500] | loss 0: 0.015867 | loss 1: 0.000000 | current lr: 5.390e-04
| loss 0: 1.587e-02| val metric 0: 0.008683 | best val: 0.003037 at epoch 287 | current lr: 5.390e-04
epoch: [291/500] | loss 0: 0.014249 | loss 1: 0.000000 | current lr: 5.351e-04
| loss 0: 1.425e-02| val metric 0: 0.005070 | best val: 0.003037 at epoch 287 | current lr: 5.351e-04
epoch: [292/500] | loss 0: 0.015282 | loss 1: 0.000000 | current lr: 5.312e-04
| loss 0: 1.528e-02| val metric 0: 0.007288 | best val: 0.003037 at epoch 287 | current lr: 5.312e-04
epoch: [293/500] | loss 0: 0.014787 | loss 1: 0.000000 | current lr: 5.273e-04
| loss 0: 1.479e-02| val metric 0: 0.005572 | best val: 0.003037 at epoch 287 | current lr: 5.273e-04
epoch: [294/500] | loss 0: 0.013590 | loss 1: 0.000000 | current lr: 5.234e-04
| loss 0: 1.359e-02| val metric 0: 0.005336 | best val: 0.003037 at epoch 287 | current lr: 5.234e-04
epoch: [295/500] | loss 0: 0.010898 | loss 1: 0.000000 | current lr: 5.194e-04
| loss 0: 1.090e-02| val metric 0: 0.003231 | best val: 0.003037 at epoch 287 | current lr: 5.194e-04
epoch: [296/500] | loss 0: 0.008934 | loss 1: 0.000000 | current lr: 5.155e-04
| loss 0: 8.934e-03| val metric 0: 0.003946 | best val: 0.003037 at epoch 287 | current lr: 5.155e-04
epoch: [297/500] | loss 0: 0.013423 | loss 1: 0.000000 | current lr: 5.116e-04
| loss 0: 1.342e-02| val metric 0: 0.007462 | best val: 0.003037 at epoch 287 | current lr: 5.116e-04
epoch: [298/500] | loss 0: 0.015369 | loss 1: 0.000000 | current lr: 5.077e-04
| loss 0: 1.537e-02| val metric 0: 0.004611 | best val: 0.003037 at epoch 287 | current lr: 5.077e-04
epoch: [299/500] | loss 0: 0.012604 | loss 1: 0.000000 | current lr: 5.037e-04
| loss 0: 1.260e-02| val metric 0: 0.005120 | best val: 0.003037 at epoch 287 | current lr: 5.037e-04
epoch: [300/500] | loss 0: 0.013840 | loss 1: 0.000000 | current lr: 4.998e-04
| loss 0: 1.384e-02| val metric 0: 0.003391 | best val: 0.003037 at epoch 287 | current lr: 4.998e-04
epoch: [301/500] | loss 0: 0.012791 | loss 1: 0.000000 | current lr: 4.959e-04
| loss 0: 1.279e-02| val metric 0: 0.005741 | best val: 0.003037 at epoch 287 | current lr: 4.959e-04
epoch: [302/500] | loss 0: 0.013388 | loss 1: 0.000000 | current lr: 4.920e-04
| loss 0: 1.339e-02| val metric 0: 0.003833 | best val: 0.003037 at epoch 287 | current lr: 4.920e-04
epoch: [303/500] | loss 0: 0.011202 | loss 1: 0.000000 | current lr: 4.880e-04
| loss 0: 1.120e-02| val metric 0: 0.003404 | best val: 0.003037 at epoch 287 | current lr: 4.880e-04
epoch: [304/500] | loss 0: 0.008202 | loss 1: 0.000000 | current lr: 4.841e-04
| loss 0: 8.202e-03| val metric 0: 0.003179 | best val: 0.003037 at epoch 287 | current lr: 4.841e-04
epoch: [305/500] | loss 0: 0.008692 | loss 1: 0.000000 | current lr: 4.802e-04
| loss 0: 8.692e-03| val metric 0: 0.003208 | best val: 0.003037 at epoch 287 | current lr: 4.802e-04
epoch: [306/500] | loss 0: 0.008134 | loss 1: 0.000000 | current lr: 4.763e-04
| loss 0: 8.134e-03| val metric 0: 0.003292 | best val: 0.003037 at epoch 287 | current lr: 4.763e-04
epoch: [307/500] | loss 0: 0.007908 | loss 1: 0.000000 | current lr: 4.723e-04
| loss 0: 7.908e-03| val metric 0: 0.003432 | best val: 0.003037 at epoch 287 | current lr: 4.723e-04
epoch: [308/500] | loss 0: 0.008981 | loss 1: 0.000000 | current lr: 4.684e-04
| loss 0: 8.981e-03| val metric 0: 0.003150 | best val: 0.003037 at epoch 287 | current lr: 4.684e-04
epoch: [309/500] | loss 0: 0.008880 | loss 1: 0.000000 | current lr: 4.645e-04
| loss 0: 8.880e-03| val metric 0: 0.005236 | best val: 0.003037 at epoch 287 | current lr: 4.645e-04
epoch: [310/500] | loss 0: 0.010028 | loss 1: 0.000000 | current lr: 4.606e-04
| loss 0: 1.003e-02| val metric 0: 0.003596 | best val: 0.003037 at epoch 287 | current lr: 4.606e-04
epoch: [311/500] | loss 0: 0.006782 | loss 1: 0.000000 | current lr: 4.567e-04
| loss 0: 6.782e-03| val metric 0: 0.001958 | best val: 0.001958 at epoch 311 | current lr: 4.567e-04
epoch: [312/500] | loss 0: 0.008934 | loss 1: 0.000000 | current lr: 4.528e-04
| loss 0: 8.934e-03| val metric 0: 0.005847 | best val: 0.001958 at epoch 311 | current lr: 4.528e-04
epoch: [313/500] | loss 0: 0.010171 | loss 1: 0.000000 | current lr: 4.488e-04
| loss 0: 1.017e-02| val metric 0: 0.003542 | best val: 0.001958 at epoch 311 | current lr: 4.488e-04
epoch: [314/500] | loss 0: 0.007842 | loss 1: 0.000000 | current lr: 4.449e-04
| loss 0: 7.842e-03| val metric 0: 0.003033 | best val: 0.001958 at epoch 311 | current lr: 4.449e-04
epoch: [315/500] | loss 0: 0.007690 | loss 1: 0.000000 | current lr: 4.410e-04
| loss 0: 7.690e-03| val metric 0: 0.002370 | best val: 0.001958 at epoch 311 | current lr: 4.410e-04
epoch: [316/500] | loss 0: 0.008382 | loss 1: 0.000000 | current lr: 4.371e-04
| loss 0: 8.382e-03| val metric 0: 0.003255 | best val: 0.001958 at epoch 311 | current lr: 4.371e-04
epoch: [317/500] | loss 0: 0.008334 | loss 1: 0.000000 | current lr: 4.332e-04
| loss 0: 8.334e-03| val metric 0: 0.003885 | best val: 0.001958 at epoch 311 | current lr: 4.332e-04
epoch: [318/500] | loss 0: 0.008850 | loss 1: 0.000000 | current lr: 4.294e-04
| loss 0: 8.850e-03| val metric 0: 0.003004 | best val: 0.001958 at epoch 311 | current lr: 4.294e-04
epoch: [319/500] | loss 0: 0.006985 | loss 1: 0.000000 | current lr: 4.255e-04
| loss 0: 6.985e-03| val metric 0: 0.002577 | best val: 0.001958 at epoch 311 | current lr: 4.255e-04
epoch: [320/500] | loss 0: 0.007021 | loss 1: 0.000000 | current lr: 4.216e-04
| loss 0: 7.021e-03| val metric 0: 0.002345 | best val: 0.001958 at epoch 311 | current lr: 4.216e-04
epoch: [321/500] | loss 0: 0.006188 | loss 1: 0.000000 | current lr: 4.177e-04
| loss 0: 6.188e-03| val metric 0: 0.002218 | best val: 0.001958 at epoch 311 | current lr: 4.177e-04
epoch: [322/500] | loss 0: 0.008196 | loss 1: 0.000000 | current lr: 4.138e-04
| loss 0: 8.196e-03| val metric 0: 0.004861 | best val: 0.001958 at epoch 311 | current lr: 4.138e-04
epoch: [323/500] | loss 0: 0.010971 | loss 1: 0.000000 | current lr: 4.100e-04
| loss 0: 1.097e-02| val metric 0: 0.003977 | best val: 0.001958 at epoch 311 | current lr: 4.100e-04
epoch: [324/500] | loss 0: 0.010915 | loss 1: 0.000000 | current lr: 4.061e-04
| loss 0: 1.092e-02| val metric 0: 0.004270 | best val: 0.001958 at epoch 311 | current lr: 4.061e-04
epoch: [325/500] | loss 0: 0.011024 | loss 1: 0.000000 | current lr: 4.023e-04
| loss 0: 1.102e-02| val metric 0: 0.003967 | best val: 0.001958 at epoch 311 | current lr: 4.023e-04
epoch: [326/500] | loss 0: 0.011349 | loss 1: 0.000000 | current lr: 3.984e-04
| loss 0: 1.135e-02| val metric 0: 0.003018 | best val: 0.001958 at epoch 311 | current lr: 3.984e-04
epoch: [327/500] | loss 0: 0.009687 | loss 1: 0.000000 | current lr: 3.946e-04
| loss 0: 9.687e-03| val metric 0: 0.004908 | best val: 0.001958 at epoch 311 | current lr: 3.946e-04
epoch: [328/500] | loss 0: 0.010406 | loss 1: 0.000000 | current lr: 3.907e-04
| loss 0: 1.041e-02| val metric 0: 0.002892 | best val: 0.001958 at epoch 311 | current lr: 3.907e-04
epoch: [329/500] | loss 0: 0.005921 | loss 1: 0.000000 | current lr: 3.869e-04
| loss 0: 5.921e-03| val metric 0: 0.001882 | best val: 0.001882 at epoch 329 | current lr: 3.869e-04
epoch: [330/500] | loss 0: 0.005433 | loss 1: 0.000000 | current lr: 3.831e-04
| loss 0: 5.433e-03| val metric 0: 0.001907 | best val: 0.001882 at epoch 329 | current lr: 3.831e-04
epoch: [331/500] | loss 0: 0.007983 | loss 1: 0.000000 | current lr: 3.793e-04
| loss 0: 7.983e-03| val metric 0: 0.003206 | best val: 0.001882 at epoch 329 | current lr: 3.793e-04
epoch: [332/500] | loss 0: 0.008496 | loss 1: 0.000000 | current lr: 3.755e-04
| loss 0: 8.496e-03| val metric 0: 0.002244 | best val: 0.001882 at epoch 329 | current lr: 3.755e-04
epoch: [333/500] | loss 0: 0.006386 | loss 1: 0.000000 | current lr: 3.717e-04
| loss 0: 6.386e-03| val metric 0: 0.002186 | best val: 0.001882 at epoch 329 | current lr: 3.717e-04
epoch: [334/500] | loss 0: 0.006018 | loss 1: 0.000000 | current lr: 3.679e-04
| loss 0: 6.018e-03| val metric 0: 0.002336 | best val: 0.001882 at epoch 329 | current lr: 3.679e-04
epoch: [335/500] | loss 0: 0.005995 | loss 1: 0.000000 | current lr: 3.641e-04
| loss 0: 5.995e-03| val metric 0: 0.002865 | best val: 0.001882 at epoch 329 | current lr: 3.641e-04
epoch: [336/500] | loss 0: 0.006399 | loss 1: 0.000000 | current lr: 3.603e-04
| loss 0: 6.399e-03| val metric 0: 0.002026 | best val: 0.001882 at epoch 329 | current lr: 3.603e-04
epoch: [337/500] | loss 0: 0.007661 | loss 1: 0.000000 | current lr: 3.565e-04
| loss 0: 7.661e-03| val metric 0: 0.003075 | best val: 0.001882 at epoch 329 | current lr: 3.565e-04
epoch: [338/500] | loss 0: 0.006640 | loss 1: 0.000000 | current lr: 3.528e-04
| loss 0: 6.640e-03| val metric 0: 0.002075 | best val: 0.001882 at epoch 329 | current lr: 3.528e-04
epoch: [339/500] | loss 0: 0.005644 | loss 1: 0.000000 | current lr: 3.490e-04
| loss 0: 5.644e-03| val metric 0: 0.002428 | best val: 0.001882 at epoch 329 | current lr: 3.490e-04
epoch: [340/500] | loss 0: 0.005539 | loss 1: 0.000000 | current lr: 3.453e-04
| loss 0: 5.539e-03| val metric 0: 0.002513 | best val: 0.001882 at epoch 329 | current lr: 3.453e-04
epoch: [341/500] | loss 0: 0.005774 | loss 1: 0.000000 | current lr: 3.416e-04
| loss 0: 5.774e-03| val metric 0: 0.002595 | best val: 0.001882 at epoch 329 | current lr: 3.416e-04
epoch: [342/500] | loss 0: 0.005739 | loss 1: 0.000000 | current lr: 3.379e-04
| loss 0: 5.739e-03| val metric 0: 0.002290 | best val: 0.001882 at epoch 329 | current lr: 3.379e-04
epoch: [343/500] | loss 0: 0.005694 | loss 1: 0.000000 | current lr: 3.341e-04
| loss 0: 5.694e-03| val metric 0: 0.002491 | best val: 0.001882 at epoch 329 | current lr: 3.341e-04
epoch: [344/500] | loss 0: 0.005662 | loss 1: 0.000000 | current lr: 3.304e-04
| loss 0: 5.662e-03| val metric 0: 0.002202 | best val: 0.001882 at epoch 329 | current lr: 3.304e-04
epoch: [345/500] | loss 0: 0.005542 | loss 1: 0.000000 | current lr: 3.268e-04
| loss 0: 5.542e-03| val metric 0: 0.002490 | best val: 0.001882 at epoch 329 | current lr: 3.268e-04
epoch: [346/500] | loss 0: 0.005551 | loss 1: 0.000000 | current lr: 3.231e-04
| loss 0: 5.551e-03| val metric 0: 0.002083 | best val: 0.001882 at epoch 329 | current lr: 3.231e-04
epoch: [347/500] | loss 0: 0.005282 | loss 1: 0.000000 | current lr: 3.194e-04
| loss 0: 5.282e-03| val metric 0: 0.002485 | best val: 0.001882 at epoch 329 | current lr: 3.194e-04
epoch: [348/500] | loss 0: 0.005239 | loss 1: 0.000000 | current lr: 3.158e-04
| loss 0: 5.239e-03| val metric 0: 0.002355 | best val: 0.001882 at epoch 329 | current lr: 3.158e-04
epoch: [349/500] | loss 0: 0.005431 | loss 1: 0.000000 | current lr: 3.121e-04
| loss 0: 5.431e-03| val metric 0: 0.002206 | best val: 0.001882 at epoch 329 | current lr: 3.121e-04
epoch: [350/500] | loss 0: 0.005110 | loss 1: 0.000000 | current lr: 3.085e-04
| loss 0: 5.110e-03| val metric 0: 0.001995 | best val: 0.001882 at epoch 329 | current lr: 3.085e-04
epoch: [351/500] | loss 0: 0.005105 | loss 1: 0.000000 | current lr: 3.049e-04
| loss 0: 5.105e-03| val metric 0: 0.002223 | best val: 0.001882 at epoch 329 | current lr: 3.049e-04
epoch: [352/500] | loss 0: 0.005149 | loss 1: 0.000000 | current lr: 3.012e-04
| loss 0: 5.149e-03| val metric 0: 0.001756 | best val: 0.001756 at epoch 352 | current lr: 3.012e-04
epoch: [353/500] | loss 0: 0.004014 | loss 1: 0.000000 | current lr: 2.976e-04
| loss 0: 4.014e-03| val metric 0: 0.001499 | best val: 0.001499 at epoch 353 | current lr: 2.976e-04
epoch: [354/500] | loss 0: 0.003828 | loss 1: 0.000000 | current lr: 2.941e-04
| loss 0: 3.828e-03| val metric 0: 0.001496 | best val: 0.001496 at epoch 354 | current lr: 2.941e-04
epoch: [355/500] | loss 0: 0.003831 | loss 1: 0.000000 | current lr: 2.905e-04
| loss 0: 3.831e-03| val metric 0: 0.001592 | best val: 0.001496 at epoch 354 | current lr: 2.905e-04
epoch: [356/500] | loss 0: 0.004333 | loss 1: 0.000000 | current lr: 2.869e-04
| loss 0: 4.333e-03| val metric 0: 0.001516 | best val: 0.001496 at epoch 354 | current lr: 2.869e-04
epoch: [357/500] | loss 0: 0.004259 | loss 1: 0.000000 | current lr: 2.834e-04
| loss 0: 4.259e-03| val metric 0: 0.001742 | best val: 0.001496 at epoch 354 | current lr: 2.834e-04
epoch: [358/500] | loss 0: 0.003784 | loss 1: 0.000000 | current lr: 2.799e-04
| loss 0: 3.784e-03| val metric 0: 0.001392 | best val: 0.001392 at epoch 358 | current lr: 2.799e-04
epoch: [359/500] | loss 0: 0.003661 | loss 1: 0.000000 | current lr: 2.763e-04
| loss 0: 3.661e-03| val metric 0: 0.001454 | best val: 0.001392 at epoch 358 | current lr: 2.763e-04
epoch: [360/500] | loss 0: 0.003602 | loss 1: 0.000000 | current lr: 2.728e-04
| loss 0: 3.602e-03| val metric 0: 0.001556 | best val: 0.001392 at epoch 358 | current lr: 2.728e-04
epoch: [361/500] | loss 0: 0.003457 | loss 1: 0.000000 | current lr: 2.693e-04
| loss 0: 3.457e-03| val metric 0: 0.001419 | best val: 0.001392 at epoch 358 | current lr: 2.693e-04
epoch: [362/500] | loss 0: 0.003633 | loss 1: 0.000000 | current lr: 2.659e-04
| loss 0: 3.633e-03| val metric 0: 0.001448 | best val: 0.001392 at epoch 358 | current lr: 2.659e-04
epoch: [363/500] | loss 0: 0.003638 | loss 1: 0.000000 | current lr: 2.624e-04
| loss 0: 3.638e-03| val metric 0: 0.001379 | best val: 0.001379 at epoch 363 | current lr: 2.624e-04
epoch: [364/500] | loss 0: 0.003368 | loss 1: 0.000000 | current lr: 2.590e-04
| loss 0: 3.368e-03| val metric 0: 0.001348 | best val: 0.001348 at epoch 364 | current lr: 2.590e-04
epoch: [365/500] | loss 0: 0.003395 | loss 1: 0.000000 | current lr: 2.555e-04
| loss 0: 3.395e-03| val metric 0: 0.001271 | best val: 0.001271 at epoch 365 | current lr: 2.555e-04
epoch: [366/500] | loss 0: 0.003390 | loss 1: 0.000000 | current lr: 2.521e-04
| loss 0: 3.390e-03| val metric 0: 0.001273 | best val: 0.001271 at epoch 365 | current lr: 2.521e-04
epoch: [367/500] | loss 0: 0.003397 | loss 1: 0.000000 | current lr: 2.487e-04
| loss 0: 3.397e-03| val metric 0: 0.001230 | best val: 0.001230 at epoch 367 | current lr: 2.487e-04
epoch: [368/500] | loss 0: 0.003416 | loss 1: 0.000000 | current lr: 2.453e-04
| loss 0: 3.416e-03| val metric 0: 0.001334 | best val: 0.001230 at epoch 367 | current lr: 2.453e-04
epoch: [369/500] | loss 0: 0.003481 | loss 1: 0.000000 | current lr: 2.419e-04
| loss 0: 3.481e-03| val metric 0: 0.001462 | best val: 0.001230 at epoch 367 | current lr: 2.419e-04
epoch: [370/500] | loss 0: 0.003750 | loss 1: 0.000000 | current lr: 2.386e-04
| loss 0: 3.750e-03| val metric 0: 0.002183 | best val: 0.001230 at epoch 367 | current lr: 2.386e-04
epoch: [371/500] | loss 0: 0.003787 | loss 1: 0.000000 | current lr: 2.352e-04
| loss 0: 3.787e-03| val metric 0: 0.001315 | best val: 0.001230 at epoch 367 | current lr: 2.352e-04
epoch: [372/500] | loss 0: 0.003238 | loss 1: 0.000000 | current lr: 2.319e-04
| loss 0: 3.238e-03| val metric 0: 0.001252 | best val: 0.001230 at epoch 367 | current lr: 2.319e-04
epoch: [373/500] | loss 0: 0.003161 | loss 1: 0.000000 | current lr: 2.286e-04
| loss 0: 3.161e-03| val metric 0: 0.001261 | best val: 0.001230 at epoch 367 | current lr: 2.286e-04
epoch: [374/500] | loss 0: 0.003078 | loss 1: 0.000000 | current lr: 2.253e-04
| loss 0: 3.078e-03| val metric 0: 0.001266 | best val: 0.001230 at epoch 367 | current lr: 2.253e-04
epoch: [375/500] | loss 0: 0.003105 | loss 1: 0.000000 | current lr: 2.221e-04
| loss 0: 3.105e-03| val metric 0: 0.001248 | best val: 0.001230 at epoch 367 | current lr: 2.221e-04
epoch: [376/500] | loss 0: 0.003030 | loss 1: 0.000000 | current lr: 2.188e-04
| loss 0: 3.030e-03| val metric 0: 0.001220 | best val: 0.001220 at epoch 376 | current lr: 2.188e-04
epoch: [377/500] | loss 0: 0.003060 | loss 1: 0.000000 | current lr: 2.156e-04
| loss 0: 3.060e-03| val metric 0: 0.001301 | best val: 0.001220 at epoch 376 | current lr: 2.156e-04
epoch: [378/500] | loss 0: 0.003027 | loss 1: 0.000000 | current lr: 2.123e-04
| loss 0: 3.027e-03| val metric 0: 0.001229 | best val: 0.001220 at epoch 376 | current lr: 2.123e-04
epoch: [379/500] | loss 0: 0.002958 | loss 1: 0.000000 | current lr: 2.091e-04
| loss 0: 2.958e-03| val metric 0: 0.001203 | best val: 0.001203 at epoch 379 | current lr: 2.091e-04
epoch: [380/500] | loss 0: 0.003279 | loss 1: 0.000000 | current lr: 2.059e-04
| loss 0: 3.279e-03| val metric 0: 0.001258 | best val: 0.001203 at epoch 379 | current lr: 2.059e-04
epoch: [381/500] | loss 0: 0.003473 | loss 1: 0.000000 | current lr: 2.028e-04
| loss 0: 3.473e-03| val metric 0: 0.001385 | best val: 0.001203 at epoch 379 | current lr: 2.028e-04
epoch: [382/500] | loss 0: 0.003501 | loss 1: 0.000000 | current lr: 1.996e-04
| loss 0: 3.501e-03| val metric 0: 0.001517 | best val: 0.001203 at epoch 379 | current lr: 1.996e-04
epoch: [383/500] | loss 0: 0.003477 | loss 1: 0.000000 | current lr: 1.965e-04
| loss 0: 3.477e-03| val metric 0: 0.001771 | best val: 0.001203 at epoch 379 | current lr: 1.965e-04
epoch: [384/500] | loss 0: 0.003450 | loss 1: 0.000000 | current lr: 1.934e-04
| loss 0: 3.450e-03| val metric 0: 0.001242 | best val: 0.001203 at epoch 379 | current lr: 1.934e-04
epoch: [385/500] | loss 0: 0.003102 | loss 1: 0.000000 | current lr: 1.903e-04
| loss 0: 3.102e-03| val metric 0: 0.001476 | best val: 0.001203 at epoch 379 | current lr: 1.903e-04
epoch: [386/500] | loss 0: 0.003371 | loss 1: 0.000000 | current lr: 1.872e-04
| loss 0: 3.371e-03| val metric 0: 0.001390 | best val: 0.001203 at epoch 379 | current lr: 1.872e-04
epoch: [387/500] | loss 0: 0.003400 | loss 1: 0.000000 | current lr: 1.842e-04
| loss 0: 3.400e-03| val metric 0: 0.001499 | best val: 0.001203 at epoch 379 | current lr: 1.842e-04
epoch: [388/500] | loss 0: 0.003242 | loss 1: 0.000000 | current lr: 1.811e-04
| loss 0: 3.242e-03| val metric 0: 0.001202 | best val: 0.001202 at epoch 388 | current lr: 1.811e-04
epoch: [389/500] | loss 0: 0.002943 | loss 1: 0.000000 | current lr: 1.781e-04
| loss 0: 2.943e-03| val metric 0: 0.001277 | best val: 0.001202 at epoch 388 | current lr: 1.781e-04
epoch: [390/500] | loss 0: 0.002872 | loss 1: 0.000000 | current lr: 1.751e-04
| loss 0: 2.872e-03| val metric 0: 0.001273 | best val: 0.001202 at epoch 388 | current lr: 1.751e-04
epoch: [391/500] | loss 0: 0.002829 | loss 1: 0.000000 | current lr: 1.722e-04
| loss 0: 2.829e-03| val metric 0: 0.001180 | best val: 0.001180 at epoch 391 | current lr: 1.722e-04
epoch: [392/500] | loss 0: 0.002759 | loss 1: 0.000000 | current lr: 1.692e-04
| loss 0: 2.759e-03| val metric 0: 0.001123 | best val: 0.001123 at epoch 392 | current lr: 1.692e-04
epoch: [393/500] | loss 0: 0.002739 | loss 1: 0.000000 | current lr: 1.663e-04
| loss 0: 2.739e-03| val metric 0: 0.001157 | best val: 0.001123 at epoch 392 | current lr: 1.663e-04
epoch: [394/500] | loss 0: 0.002734 | loss 1: 0.000000 | current lr: 1.633e-04
| loss 0: 2.734e-03| val metric 0: 0.001128 | best val: 0.001123 at epoch 392 | current lr: 1.633e-04
epoch: [395/500] | loss 0: 0.002712 | loss 1: 0.000000 | current lr: 1.605e-04
| loss 0: 2.712e-03| val metric 0: 0.001125 | best val: 0.001123 at epoch 392 | current lr: 1.605e-04
epoch: [396/500] | loss 0: 0.002708 | loss 1: 0.000000 | current lr: 1.576e-04
| loss 0: 2.708e-03| val metric 0: 0.001136 | best val: 0.001123 at epoch 392 | current lr: 1.576e-04
epoch: [397/500] | loss 0: 0.002710 | loss 1: 0.000000 | current lr: 1.547e-04
| loss 0: 2.710e-03| val metric 0: 0.001150 | best val: 0.001123 at epoch 392 | current lr: 1.547e-04
epoch: [398/500] | loss 0: 0.002729 | loss 1: 0.000000 | current lr: 1.519e-04
| loss 0: 2.729e-03| val metric 0: 0.001194 | best val: 0.001123 at epoch 392 | current lr: 1.519e-04
epoch: [399/500] | loss 0: 0.002846 | loss 1: 0.000000 | current lr: 1.491e-04
| loss 0: 2.846e-03| val metric 0: 0.001123 | best val: 0.001123 at epoch 392 | current lr: 1.491e-04
epoch: [400/500] | loss 0: 0.002739 | loss 1: 0.000000 | current lr: 1.463e-04
| loss 0: 2.739e-03| val metric 0: 0.001113 | best val: 0.001113 at epoch 400 | current lr: 1.463e-04
epoch: [401/500] | loss 0: 0.002731 | loss 1: 0.000000 | current lr: 1.435e-04
| loss 0: 2.731e-03| val metric 0: 0.001125 | best val: 0.001113 at epoch 400 | current lr: 1.435e-04
epoch: [402/500] | loss 0: 0.002760 | loss 1: 0.000000 | current lr: 1.408e-04
| loss 0: 2.760e-03| val metric 0: 0.001096 | best val: 0.001096 at epoch 402 | current lr: 1.408e-04
epoch: [403/500] | loss 0: 0.002680 | loss 1: 0.000000 | current lr: 1.381e-04
| loss 0: 2.680e-03| val metric 0: 0.001100 | best val: 0.001096 at epoch 402 | current lr: 1.381e-04
epoch: [404/500] | loss 0: 0.002688 | loss 1: 0.000000 | current lr: 1.354e-04
| loss 0: 2.688e-03| val metric 0: 0.001092 | best val: 0.001092 at epoch 404 | current lr: 1.354e-04
epoch: [405/500] | loss 0: 0.002673 | loss 1: 0.000000 | current lr: 1.327e-04
| loss 0: 2.673e-03| val metric 0: 0.001084 | best val: 0.001084 at epoch 405 | current lr: 1.327e-04
epoch: [406/500] | loss 0: 0.002645 | loss 1: 0.000000 | current lr: 1.301e-04
| loss 0: 2.645e-03| val metric 0: 0.001084 | best val: 0.001084 at epoch 405 | current lr: 1.301e-04
epoch: [407/500] | loss 0: 0.002641 | loss 1: 0.000000 | current lr: 1.274e-04
| loss 0: 2.641e-03| val metric 0: 0.001078 | best val: 0.001078 at epoch 407 | current lr: 1.274e-04
epoch: [408/500] | loss 0: 0.002625 | loss 1: 0.000000 | current lr: 1.248e-04
| loss 0: 2.625e-03| val metric 0: 0.001077 | best val: 0.001077 at epoch 408 | current lr: 1.248e-04
epoch: [409/500] | loss 0: 0.002618 | loss 1: 0.000000 | current lr: 1.222e-04
| loss 0: 2.618e-03| val metric 0: 0.001073 | best val: 0.001073 at epoch 409 | current lr: 1.222e-04
epoch: [410/500] | loss 0: 0.002609 | loss 1: 0.000000 | current lr: 1.197e-04
| loss 0: 2.609e-03| val metric 0: 0.001071 | best val: 0.001071 at epoch 410 | current lr: 1.197e-04
epoch: [411/500] | loss 0: 0.002601 | loss 1: 0.000000 | current lr: 1.171e-04
| loss 0: 2.601e-03| val metric 0: 0.001069 | best val: 0.001069 at epoch 411 | current lr: 1.171e-04
epoch: [412/500] | loss 0: 0.002594 | loss 1: 0.000000 | current lr: 1.146e-04
| loss 0: 2.594e-03| val metric 0: 0.001067 | best val: 0.001067 at epoch 412 | current lr: 1.146e-04
epoch: [413/500] | loss 0: 0.002587 | loss 1: 0.000000 | current lr: 1.121e-04
| loss 0: 2.587e-03| val metric 0: 0.001066 | best val: 0.001066 at epoch 413 | current lr: 1.121e-04
epoch: [414/500] | loss 0: 0.002583 | loss 1: 0.000000 | current lr: 1.097e-04
| loss 0: 2.583e-03| val metric 0: 0.001067 | best val: 0.001066 at epoch 413 | current lr: 1.097e-04
epoch: [415/500] | loss 0: 0.002580 | loss 1: 0.000000 | current lr: 1.072e-04
| loss 0: 2.580e-03| val metric 0: 0.001070 | best val: 0.001066 at epoch 413 | current lr: 1.072e-04
epoch: [416/500] | loss 0: 0.002581 | loss 1: 0.000000 | current lr: 1.048e-04
| loss 0: 2.581e-03| val metric 0: 0.001071 | best val: 0.001066 at epoch 413 | current lr: 1.048e-04
epoch: [417/500] | loss 0: 0.002580 | loss 1: 0.000000 | current lr: 1.024e-04
| loss 0: 2.580e-03| val metric 0: 0.001066 | best val: 0.001066 at epoch 413 | current lr: 1.024e-04
epoch: [418/500] | loss 0: 0.002572 | loss 1: 0.000000 | current lr: 1.000e-04
| loss 0: 2.572e-03| val metric 0: 0.001061 | best val: 0.001061 at epoch 418 | current lr: 1.000e-04
epoch: [419/500] | loss 0: 0.002560 | loss 1: 0.000000 | current lr: 9.770e-05
| loss 0: 2.560e-03| val metric 0: 0.001057 | best val: 0.001057 at epoch 419 | current lr: 9.770e-05
epoch: [420/500] | loss 0: 0.002550 | loss 1: 0.000000 | current lr: 9.538e-05
| loss 0: 2.550e-03| val metric 0: 0.001051 | best val: 0.001051 at epoch 420 | current lr: 9.538e-05
epoch: [421/500] | loss 0: 0.002541 | loss 1: 0.000000 | current lr: 9.308e-05
| loss 0: 2.541e-03| val metric 0: 0.001046 | best val: 0.001046 at epoch 421 | current lr: 9.308e-05
epoch: [422/500] | loss 0: 0.002535 | loss 1: 0.000000 | current lr: 9.081e-05
| loss 0: 2.535e-03| val metric 0: 0.001045 | best val: 0.001045 at epoch 422 | current lr: 9.081e-05
epoch: [423/500] | loss 0: 0.002531 | loss 1: 0.000000 | current lr: 8.857e-05
| loss 0: 2.531e-03| val metric 0: 0.001042 | best val: 0.001042 at epoch 423 | current lr: 8.857e-05
epoch: [424/500] | loss 0: 0.002527 | loss 1: 0.000000 | current lr: 8.635e-05
| loss 0: 2.527e-03| val metric 0: 0.001040 | best val: 0.001040 at epoch 424 | current lr: 8.635e-05
epoch: [425/500] | loss 0: 0.002523 | loss 1: 0.000000 | current lr: 8.416e-05
| loss 0: 2.523e-03| val metric 0: 0.001038 | best val: 0.001038 at epoch 425 | current lr: 8.416e-05
epoch: [426/500] | loss 0: 0.002519 | loss 1: 0.000000 | current lr: 8.199e-05
| loss 0: 2.519e-03| val metric 0: 0.001038 | best val: 0.001038 at epoch 426 | current lr: 8.199e-05
epoch: [427/500] | loss 0: 0.002516 | loss 1: 0.000000 | current lr: 7.985e-05
| loss 0: 2.516e-03| val metric 0: 0.001038 | best val: 0.001038 at epoch 427 | current lr: 7.985e-05
epoch: [428/500] | loss 0: 0.002514 | loss 1: 0.000000 | current lr: 7.773e-05
| loss 0: 2.514e-03| val metric 0: 0.001039 | best val: 0.001038 at epoch 427 | current lr: 7.773e-05
epoch: [429/500] | loss 0: 0.002514 | loss 1: 0.000000 | current lr: 7.564e-05
| loss 0: 2.514e-03| val metric 0: 0.001040 | best val: 0.001038 at epoch 427 | current lr: 7.564e-05
epoch: [430/500] | loss 0: 0.002517 | loss 1: 0.000000 | current lr: 7.358e-05
| loss 0: 2.517e-03| val metric 0: 0.001042 | best val: 0.001038 at epoch 427 | current lr: 7.358e-05
epoch: [431/500] | loss 0: 0.002523 | loss 1: 0.000000 | current lr: 7.154e-05
| loss 0: 2.523e-03| val metric 0: 0.001037 | best val: 0.001037 at epoch 431 | current lr: 7.154e-05
epoch: [432/500] | loss 0: 0.002523 | loss 1: 0.000000 | current lr: 6.953e-05
| loss 0: 2.523e-03| val metric 0: 0.001024 | best val: 0.001024 at epoch 432 | current lr: 6.953e-05
epoch: [433/500] | loss 0: 0.002520 | loss 1: 0.000000 | current lr: 6.754e-05
| loss 0: 2.520e-03| val metric 0: 0.001027 | best val: 0.001024 at epoch 432 | current lr: 6.754e-05
epoch: [434/500] | loss 0: 0.002513 | loss 1: 0.000000 | current lr: 6.559e-05
| loss 0: 2.513e-03| val metric 0: 0.001029 | best val: 0.001024 at epoch 432 | current lr: 6.559e-05
epoch: [435/500] | loss 0: 0.002490 | loss 1: 0.000000 | current lr: 6.366e-05
| loss 0: 2.490e-03| val metric 0: 0.001020 | best val: 0.001020 at epoch 435 | current lr: 6.366e-05
epoch: [436/500] | loss 0: 0.002479 | loss 1: 0.000000 | current lr: 6.175e-05
| loss 0: 2.479e-03| val metric 0: 0.001018 | best val: 0.001018 at epoch 436 | current lr: 6.175e-05
epoch: [437/500] | loss 0: 0.002475 | loss 1: 0.000000 | current lr: 5.988e-05
| loss 0: 2.475e-03| val metric 0: 0.001018 | best val: 0.001018 at epoch 437 | current lr: 5.988e-05
epoch: [438/500] | loss 0: 0.002471 | loss 1: 0.000000 | current lr: 5.803e-05
| loss 0: 2.471e-03| val metric 0: 0.001016 | best val: 0.001016 at epoch 438 | current lr: 5.803e-05
epoch: [439/500] | loss 0: 0.002467 | loss 1: 0.000000 | current lr: 5.620e-05
| loss 0: 2.467e-03| val metric 0: 0.001015 | best val: 0.001015 at epoch 439 | current lr: 5.620e-05
epoch: [440/500] | loss 0: 0.002463 | loss 1: 0.000000 | current lr: 5.441e-05
| loss 0: 2.463e-03| val metric 0: 0.001014 | best val: 0.001014 at epoch 440 | current lr: 5.441e-05
epoch: [441/500] | loss 0: 0.002459 | loss 1: 0.000000 | current lr: 5.264e-05
| loss 0: 2.459e-03| val metric 0: 0.001013 | best val: 0.001013 at epoch 441 | current lr: 5.264e-05
epoch: [442/500] | loss 0: 0.002457 | loss 1: 0.000000 | current lr: 5.090e-05
| loss 0: 2.457e-03| val metric 0: 0.001012 | best val: 0.001012 at epoch 442 | current lr: 5.090e-05
epoch: [443/500] | loss 0: 0.002454 | loss 1: 0.000000 | current lr: 4.919e-05
| loss 0: 2.454e-03| val metric 0: 0.001011 | best val: 0.001011 at epoch 443 | current lr: 4.919e-05
epoch: [444/500] | loss 0: 0.002452 | loss 1: 0.000000 | current lr: 4.750e-05
| loss 0: 2.452e-03| val metric 0: 0.001011 | best val: 0.001011 at epoch 444 | current lr: 4.750e-05
epoch: [445/500] | loss 0: 0.002451 | loss 1: 0.000000 | current lr: 4.585e-05
| loss 0: 2.451e-03| val metric 0: 0.001011 | best val: 0.001011 at epoch 444 | current lr: 4.585e-05
epoch: [446/500] | loss 0: 0.002452 | loss 1: 0.000000 | current lr: 4.422e-05
| loss 0: 2.452e-03| val metric 0: 0.001011 | best val: 0.001011 at epoch 446 | current lr: 4.422e-05
epoch: [447/500] | loss 0: 0.002455 | loss 1: 0.000000 | current lr: 4.262e-05
| loss 0: 2.455e-03| val metric 0: 0.001008 | best val: 0.001008 at epoch 447 | current lr: 4.262e-05
epoch: [448/500] | loss 0: 0.002456 | loss 1: 0.000000 | current lr: 4.104e-05
| loss 0: 2.456e-03| val metric 0: 0.001004 | best val: 0.001004 at epoch 448 | current lr: 4.104e-05
epoch: [449/500] | loss 0: 0.002451 | loss 1: 0.000000 | current lr: 3.950e-05
| loss 0: 2.451e-03| val metric 0: 0.001006 | best val: 0.001004 at epoch 448 | current lr: 3.950e-05
epoch: [450/500] | loss 0: 0.002441 | loss 1: 0.000000 | current lr: 3.799e-05
| loss 0: 2.441e-03| val metric 0: 0.001005 | best val: 0.001004 at epoch 448 | current lr: 3.799e-05
epoch: [451/500] | loss 0: 0.002436 | loss 1: 0.000000 | current lr: 3.650e-05
| loss 0: 2.436e-03| val metric 0: 0.001002 | best val: 0.001002 at epoch 451 | current lr: 3.650e-05
epoch: [452/500] | loss 0: 0.002434 | loss 1: 0.000000 | current lr: 3.504e-05
| loss 0: 2.434e-03| val metric 0: 0.001001 | best val: 0.001001 at epoch 452 | current lr: 3.504e-05
epoch: [453/500] | loss 0: 0.002433 | loss 1: 0.000000 | current lr: 3.361e-05
| loss 0: 2.433e-03| val metric 0: 0.001000 | best val: 0.001000 at epoch 453 | current lr: 3.361e-05
epoch: [454/500] | loss 0: 0.002432 | loss 1: 0.000000 | current lr: 3.221e-05
| loss 0: 2.432e-03| val metric 0: 0.001000 | best val: 0.001000 at epoch 454 | current lr: 3.221e-05
epoch: [455/500] | loss 0: 0.002432 | loss 1: 0.000000 | current lr: 3.084e-05
| loss 0: 2.432e-03| val metric 0: 0.000999 | best val: 0.000999 at epoch 455 | current lr: 3.084e-05
epoch: [456/500] | loss 0: 0.002431 | loss 1: 0.000000 | current lr: 2.949e-05
| loss 0: 2.431e-03| val metric 0: 0.001000 | best val: 0.000999 at epoch 455 | current lr: 2.949e-05
epoch: [457/500] | loss 0: 0.002429 | loss 1: 0.000000 | current lr: 2.818e-05
| loss 0: 2.429e-03| val metric 0: 0.001000 | best val: 0.000999 at epoch 455 | current lr: 2.818e-05
epoch: [458/500] | loss 0: 0.002425 | loss 1: 0.000000 | current lr: 2.689e-05
| loss 0: 2.425e-03| val metric 0: 0.000999 | best val: 0.000999 at epoch 458 | current lr: 2.689e-05
epoch: [459/500] | loss 0: 0.002420 | loss 1: 0.000000 | current lr: 2.564e-05
| loss 0: 2.420e-03| val metric 0: 0.000998 | best val: 0.000998 at epoch 459 | current lr: 2.564e-05
epoch: [460/500] | loss 0: 0.002417 | loss 1: 0.000000 | current lr: 2.441e-05
| loss 0: 2.417e-03| val metric 0: 0.000997 | best val: 0.000997 at epoch 460 | current lr: 2.441e-05
epoch: [461/500] | loss 0: 0.002415 | loss 1: 0.000000 | current lr: 2.321e-05
| loss 0: 2.415e-03| val metric 0: 0.000996 | best val: 0.000996 at epoch 461 | current lr: 2.321e-05
epoch: [462/500] | loss 0: 0.002413 | loss 1: 0.000000 | current lr: 2.205e-05
| loss 0: 2.413e-03| val metric 0: 0.000994 | best val: 0.000994 at epoch 462 | current lr: 2.205e-05
epoch: [463/500] | loss 0: 0.002412 | loss 1: 0.000000 | current lr: 2.091e-05
| loss 0: 2.412e-03| val metric 0: 0.000993 | best val: 0.000993 at epoch 463 | current lr: 2.091e-05
epoch: [464/500] | loss 0: 0.002411 | loss 1: 0.000000 | current lr: 1.980e-05
| loss 0: 2.411e-03| val metric 0: 0.000993 | best val: 0.000993 at epoch 464 | current lr: 1.980e-05
epoch: [465/500] | loss 0: 0.002409 | loss 1: 0.000000 | current lr: 1.872e-05
| loss 0: 2.409e-03| val metric 0: 0.000992 | best val: 0.000992 at epoch 465 | current lr: 1.872e-05
epoch: [466/500] | loss 0: 0.002408 | loss 1: 0.000000 | current lr: 1.767e-05
| loss 0: 2.408e-03| val metric 0: 0.000992 | best val: 0.000992 at epoch 466 | current lr: 1.767e-05
epoch: [467/500] | loss 0: 0.002407 | loss 1: 0.000000 | current lr: 1.665e-05
| loss 0: 2.407e-03| val metric 0: 0.000991 | best val: 0.000991 at epoch 467 | current lr: 1.665e-05
epoch: [468/500] | loss 0: 0.002406 | loss 1: 0.000000 | current lr: 1.566e-05
| loss 0: 2.406e-03| val metric 0: 0.000992 | best val: 0.000991 at epoch 467 | current lr: 1.566e-05
epoch: [469/500] | loss 0: 0.002405 | loss 1: 0.000000 | current lr: 1.470e-05
| loss 0: 2.405e-03| val metric 0: 0.000992 | best val: 0.000991 at epoch 467 | current lr: 1.470e-05
epoch: [470/500] | loss 0: 0.002405 | loss 1: 0.000000 | current lr: 1.377e-05
| loss 0: 2.405e-03| val metric 0: 0.000991 | best val: 0.000991 at epoch 470 | current lr: 1.377e-05
epoch: [471/500] | loss 0: 0.002404 | loss 1: 0.000000 | current lr: 1.287e-05
| loss 0: 2.404e-03| val metric 0: 0.000991 | best val: 0.000991 at epoch 471 | current lr: 1.287e-05
epoch: [472/500] | loss 0: 0.002404 | loss 1: 0.000000 | current lr: 1.200e-05
| loss 0: 2.404e-03| val metric 0: 0.000991 | best val: 0.000991 at epoch 471 | current lr: 1.200e-05
epoch: [473/500] | loss 0: 0.002404 | loss 1: 0.000000 | current lr: 1.116e-05
| loss 0: 2.404e-03| val metric 0: 0.000991 | best val: 0.000991 at epoch 471 | current lr: 1.116e-05
epoch: [474/500] | loss 0: 0.002404 | loss 1: 0.000000 | current lr: 1.035e-05
| loss 0: 2.404e-03| val metric 0: 0.000990 | best val: 0.000990 at epoch 474 | current lr: 1.035e-05
epoch: [475/500] | loss 0: 0.002405 | loss 1: 0.000000 | current lr: 9.569e-06
| loss 0: 2.405e-03| val metric 0: 0.000989 | best val: 0.000989 at epoch 475 | current lr: 9.569e-06
epoch: [476/500] | loss 0: 0.002406 | loss 1: 0.000000 | current lr: 8.820e-06
| loss 0: 2.406e-03| val metric 0: 0.000990 | best val: 0.000989 at epoch 475 | current lr: 8.820e-06
epoch: [477/500] | loss 0: 0.002409 | loss 1: 0.000000 | current lr: 8.100e-06
| loss 0: 2.409e-03| val metric 0: 0.000995 | best val: 0.000989 at epoch 475 | current lr: 8.100e-06
epoch: [478/500] | loss 0: 0.002410 | loss 1: 0.000000 | current lr: 7.412e-06
| loss 0: 2.410e-03| val metric 0: 0.000994 | best val: 0.000989 at epoch 475 | current lr: 7.412e-06
epoch: [479/500] | loss 0: 0.002405 | loss 1: 0.000000 | current lr: 6.753e-06
| loss 0: 2.405e-03| val metric 0: 0.000990 | best val: 0.000989 at epoch 475 | current lr: 6.753e-06
epoch: [480/500] | loss 0: 0.002399 | loss 1: 0.000000 | current lr: 6.125e-06
| loss 0: 2.399e-03| val metric 0: 0.000988 | best val: 0.000988 at epoch 480 | current lr: 6.125e-06
epoch: [481/500] | loss 0: 0.002399 | loss 1: 0.000000 | current lr: 5.528e-06
| loss 0: 2.399e-03| val metric 0: 0.000987 | best val: 0.000987 at epoch 481 | current lr: 5.528e-06
epoch: [482/500] | loss 0: 0.002398 | loss 1: 0.000000 | current lr: 4.961e-06
| loss 0: 2.398e-03| val metric 0: 0.000986 | best val: 0.000986 at epoch 482 | current lr: 4.961e-06
epoch: [483/500] | loss 0: 0.002396 | loss 1: 0.000000 | current lr: 4.424e-06
| loss 0: 2.396e-03| val metric 0: 0.000985 | best val: 0.000985 at epoch 483 | current lr: 4.424e-06
epoch: [484/500] | loss 0: 0.002394 | loss 1: 0.000000 | current lr: 3.918e-06
| loss 0: 2.394e-03| val metric 0: 0.000985 | best val: 0.000985 at epoch 484 | current lr: 3.918e-06
epoch: [485/500] | loss 0: 0.002393 | loss 1: 0.000000 | current lr: 3.443e-06
| loss 0: 2.393e-03| val metric 0: 0.000985 | best val: 0.000985 at epoch 485 | current lr: 3.443e-06
epoch: [486/500] | loss 0: 0.002393 | loss 1: 0.000000 | current lr: 2.998e-06
| loss 0: 2.393e-03| val metric 0: 0.000985 | best val: 0.000985 at epoch 486 | current lr: 2.998e-06
epoch: [487/500] | loss 0: 0.002393 | loss 1: 0.000000 | current lr: 2.584e-06
| loss 0: 2.393e-03| val metric 0: 0.000985 | best val: 0.000985 at epoch 487 | current lr: 2.584e-06
epoch: [488/500] | loss 0: 0.002392 | loss 1: 0.000000 | current lr: 2.201e-06
| loss 0: 2.392e-03| val metric 0: 0.000985 | best val: 0.000985 at epoch 488 | current lr: 2.201e-06
epoch: [489/500] | loss 0: 0.002392 | loss 1: 0.000000 | current lr: 1.848e-06
| loss 0: 2.392e-03| val metric 0: 0.000985 | best val: 0.000985 at epoch 489 | current lr: 1.848e-06
epoch: [490/500] | loss 0: 0.002392 | loss 1: 0.000000 | current lr: 1.526e-06
| loss 0: 2.392e-03| val metric 0: 0.000985 | best val: 0.000985 at epoch 489 | current lr: 1.526e-06
epoch: [491/500] | loss 0: 0.002392 | loss 1: 0.000000 | current lr: 1.235e-06
| loss 0: 2.392e-03| val metric 0: 0.000985 | best val: 0.000985 at epoch 491 | current lr: 1.235e-06
epoch: [492/500] | loss 0: 0.002392 | loss 1: 0.000000 | current lr: 9.744e-07
| loss 0: 2.392e-03| val metric 0: 0.000985 | best val: 0.000985 at epoch 492 | current lr: 9.744e-07
epoch: [493/500] | loss 0: 0.002391 | loss 1: 0.000000 | current lr: 7.447e-07
| loss 0: 2.391e-03| val metric 0: 0.000985 | best val: 0.000985 at epoch 493 | current lr: 7.447e-07
epoch: [494/500] | loss 0: 0.002391 | loss 1: 0.000000 | current lr: 5.459e-07
| loss 0: 2.391e-03| val metric 0: 0.000985 | best val: 0.000985 at epoch 494 | current lr: 5.459e-07
epoch: [495/500] | loss 0: 0.002391 | loss 1: 0.000000 | current lr: 3.778e-07
| loss 0: 2.391e-03| val metric 0: 0.000985 | best val: 0.000985 at epoch 495 | current lr: 3.778e-07
epoch: [496/500] | loss 0: 0.002391 | loss 1: 0.000000 | current lr: 2.406e-07
| loss 0: 2.391e-03| val metric 0: 0.000985 | best val: 0.000985 at epoch 496 | current lr: 2.406e-07
epoch: [497/500] | loss 0: 0.002391 | loss 1: 0.000000 | current lr: 1.342e-07
| loss 0: 2.391e-03| val metric 0: 0.000985 | best val: 0.000985 at epoch 497 | current lr: 1.342e-07
epoch: [498/500] | loss 0: 0.002391 | loss 1: 0.000000 | current lr: 5.865e-08
| loss 0: 2.391e-03| val metric 0: 0.000985 | best val: 0.000985 at epoch 498 | current lr: 5.865e-08
epoch: [499/500] | loss 0: 0.002391 | loss 1: 0.000000 | current lr: 1.393e-08
| loss 0: 2.391e-03| val metric 0: 0.000985 | best val: 0.000985 at epoch 499 | current lr: 1.393e-08
epoch: [500/500] | loss 0: 0.002391 | loss 1: 0.000000 | current lr: 4.855e-11
| loss 0: 2.391e-03| val metric 0: 0.000985 | best val: 0.000985 at epoch 499 | current lr: 4.855e-11
Training takes 2632.2970128059387 seconds.
