Load dataset finished 0.09674215316772461
Training with 1000 samples
Target features are normalized using unit transformer
tensor([[0.7733]]) tensor([[0.3227]])
Target features are normalized using unit transformer
Input features are normalized using unit transformer
Load dataset finished 0.015269279479980469
Testing with 200 samples
Target features are normalized using unit transformer
Input features are normalized using unit transformer
3


The following code snippets have been run.
==================================================

    os.environ['PYTHONHASHSEED'] = str(2023)
    numpy.random.seed(2023)
    torch.manual_seed(2023)
    torch.cuda.manual_seed(2023)
    torch.backends.cudnn.deterministic = True
    torch.backends.cudnn.benchmark = False
    if torch.cuda.is_available():
        torch.cuda.manual_seed_all(2023)
    
==================================================
Using Linear Attention
Using Linear Attention
Using Linear Attention
Using Linear Attention

Model: MIOEGPT	 Number of params: 12861
Saving model and result in ./../models/checkpoints/diffr3d_all_MIOEGPTrel2_0917_01_31_49.pt

Using cycle learning rate schedule
epoch: [1/500] | loss 0: 1.258621 | loss 1: 0.000000 | current lr: 3.469e-07
| loss 0: 1.259e+00| val metric 0: 0.537075 | best val: 0.537075 at epoch 1 | current lr: 3.469e-07
epoch: [2/500] | loss 0: 1.255239 | loss 1: 0.000000 | current lr: 1.088e-06
| loss 0: 1.255e+00| val metric 0: 0.534679 | best val: 0.534679 at epoch 2 | current lr: 1.088e-06
epoch: [3/500] | loss 0: 1.245291 | loss 1: 0.000000 | current lr: 2.321e-06
| loss 0: 1.245e+00| val metric 0: 0.528817 | best val: 0.528817 at epoch 3 | current lr: 2.321e-06
epoch: [4/500] | loss 0: 1.224747 | loss 1: 0.000000 | current lr: 4.046e-06
| loss 0: 1.225e+00| val metric 0: 0.518055 | best val: 0.518055 at epoch 4 | current lr: 4.046e-06
epoch: [5/500] | loss 0: 1.190865 | loss 1: 0.000000 | current lr: 6.261e-06
| loss 0: 1.191e+00| val metric 0: 0.501593 | best val: 0.501593 at epoch 5 | current lr: 6.261e-06
epoch: [6/500] | loss 0: 1.143490 | loss 1: 0.000000 | current lr: 8.964e-06
| loss 0: 1.143e+00| val metric 0: 0.479790 | best val: 0.479790 at epoch 6 | current lr: 8.964e-06
epoch: [7/500] | loss 0: 1.086614 | loss 1: 0.000000 | current lr: 1.215e-05
| loss 0: 1.087e+00| val metric 0: 0.454683 | best val: 0.454683 at epoch 7 | current lr: 1.215e-05
epoch: [8/500] | loss 0: 1.029158 | loss 1: 0.000000 | current lr: 1.582e-05
| loss 0: 1.029e+00| val metric 0: 0.429988 | best val: 0.429988 at epoch 8 | current lr: 1.582e-05
epoch: [9/500] | loss 0: 0.982663 | loss 1: 0.000000 | current lr: 1.997e-05
| loss 0: 9.827e-01| val metric 0: 0.409818 | best val: 0.409818 at epoch 9 | current lr: 1.997e-05
epoch: [10/500] | loss 0: 0.954611 | loss 1: 0.000000 | current lr: 2.459e-05
| loss 0: 9.546e-01| val metric 0: 0.396408 | best val: 0.396408 at epoch 10 | current lr: 2.459e-05
epoch: [11/500] | loss 0: 0.940618 | loss 1: 0.000000 | current lr: 2.969e-05
| loss 0: 9.406e-01| val metric 0: 0.388297 | best val: 0.388297 at epoch 11 | current lr: 2.969e-05
epoch: [12/500] | loss 0: 0.926229 | loss 1: 0.000000 | current lr: 3.524e-05
| loss 0: 9.262e-01| val metric 0: 0.381915 | best val: 0.381915 at epoch 12 | current lr: 3.524e-05
epoch: [13/500] | loss 0: 0.904617 | loss 1: 0.000000 | current lr: 4.126e-05
| loss 0: 9.046e-01| val metric 0: 0.373456 | best val: 0.373456 at epoch 13 | current lr: 4.126e-05
epoch: [14/500] | loss 0: 0.873936 | loss 1: 0.000000 | current lr: 4.773e-05
| loss 0: 8.739e-01| val metric 0: 0.357748 | best val: 0.357748 at epoch 14 | current lr: 4.773e-05
epoch: [15/500] | loss 0: 0.828907 | loss 1: 0.000000 | current lr: 5.464e-05
| loss 0: 8.289e-01| val metric 0: 0.338200 | best val: 0.338200 at epoch 15 | current lr: 5.464e-05
epoch: [16/500] | loss 0: 0.767627 | loss 1: 0.000000 | current lr: 6.200e-05
| loss 0: 7.676e-01| val metric 0: 0.309924 | best val: 0.309924 at epoch 16 | current lr: 6.200e-05
epoch: [17/500] | loss 0: 0.678848 | loss 1: 0.000000 | current lr: 6.979e-05
| loss 0: 6.788e-01| val metric 0: 0.268748 | best val: 0.268748 at epoch 17 | current lr: 6.979e-05
epoch: [18/500] | loss 0: 0.554973 | loss 1: 0.000000 | current lr: 7.800e-05
| loss 0: 5.550e-01| val metric 0: 0.206879 | best val: 0.206879 at epoch 18 | current lr: 7.800e-05
epoch: [19/500] | loss 0: 0.453949 | loss 1: 0.000000 | current lr: 8.663e-05
| loss 0: 4.539e-01| val metric 0: 0.177068 | best val: 0.177068 at epoch 19 | current lr: 8.663e-05
epoch: [20/500] | loss 0: 0.399455 | loss 1: 0.000000 | current lr: 9.567e-05
| loss 0: 3.995e-01| val metric 0: 0.157850 | best val: 0.157850 at epoch 20 | current lr: 9.567e-05
epoch: [21/500] | loss 0: 0.361594 | loss 1: 0.000000 | current lr: 1.051e-04
| loss 0: 3.616e-01| val metric 0: 0.150689 | best val: 0.150689 at epoch 21 | current lr: 1.051e-04
epoch: [22/500] | loss 0: 0.339148 | loss 1: 0.000000 | current lr: 1.149e-04
| loss 0: 3.391e-01| val metric 0: 0.140701 | best val: 0.140701 at epoch 22 | current lr: 1.149e-04
epoch: [23/500] | loss 0: 0.318368 | loss 1: 0.000000 | current lr: 1.252e-04
| loss 0: 3.184e-01| val metric 0: 0.131695 | best val: 0.131695 at epoch 23 | current lr: 1.252e-04
epoch: [24/500] | loss 0: 0.299066 | loss 1: 0.000000 | current lr: 1.357e-04
| loss 0: 2.991e-01| val metric 0: 0.123631 | best val: 0.123631 at epoch 24 | current lr: 1.357e-04
epoch: [25/500] | loss 0: 0.278966 | loss 1: 0.000000 | current lr: 1.467e-04
| loss 0: 2.790e-01| val metric 0: 0.112646 | best val: 0.112646 at epoch 25 | current lr: 1.467e-04
epoch: [26/500] | loss 0: 0.259341 | loss 1: 0.000000 | current lr: 1.580e-04
| loss 0: 2.593e-01| val metric 0: 0.103461 | best val: 0.103461 at epoch 26 | current lr: 1.580e-04
epoch: [27/500] | loss 0: 0.242144 | loss 1: 0.000000 | current lr: 1.696e-04
| loss 0: 2.421e-01| val metric 0: 0.096279 | best val: 0.096279 at epoch 27 | current lr: 1.696e-04
epoch: [28/500] | loss 0: 0.228065 | loss 1: 0.000000 | current lr: 1.815e-04
| loss 0: 2.281e-01| val metric 0: 0.086762 | best val: 0.086762 at epoch 28 | current lr: 1.815e-04
epoch: [29/500] | loss 0: 0.209318 | loss 1: 0.000000 | current lr: 1.938e-04
| loss 0: 2.093e-01| val metric 0: 0.076884 | best val: 0.076884 at epoch 29 | current lr: 1.938e-04
epoch: [30/500] | loss 0: 0.189151 | loss 1: 0.000000 | current lr: 2.064e-04
| loss 0: 1.892e-01| val metric 0: 0.070241 | best val: 0.070241 at epoch 30 | current lr: 2.064e-04
epoch: [31/500] | loss 0: 0.178208 | loss 1: 0.000000 | current lr: 2.192e-04
| loss 0: 1.782e-01| val metric 0: 0.064969 | best val: 0.064969 at epoch 31 | current lr: 2.192e-04
epoch: [32/500] | loss 0: 0.168107 | loss 1: 0.000000 | current lr: 2.324e-04
| loss 0: 1.681e-01| val metric 0: 0.060673 | best val: 0.060673 at epoch 32 | current lr: 2.324e-04
epoch: [33/500] | loss 0: 0.158500 | loss 1: 0.000000 | current lr: 2.458e-04
| loss 0: 1.585e-01| val metric 0: 0.059633 | best val: 0.059633 at epoch 33 | current lr: 2.458e-04
epoch: [34/500] | loss 0: 0.151326 | loss 1: 0.000000 | current lr: 2.594e-04
| loss 0: 1.513e-01| val metric 0: 0.060001 | best val: 0.059633 at epoch 33 | current lr: 2.594e-04
epoch: [35/500] | loss 0: 0.143429 | loss 1: 0.000000 | current lr: 2.733e-04
| loss 0: 1.434e-01| val metric 0: 0.057256 | best val: 0.057256 at epoch 35 | current lr: 2.733e-04
epoch: [36/500] | loss 0: 0.132467 | loss 1: 0.000000 | current lr: 2.874e-04
| loss 0: 1.325e-01| val metric 0: 0.051871 | best val: 0.051871 at epoch 36 | current lr: 2.874e-04
epoch: [37/500] | loss 0: 0.126236 | loss 1: 0.000000 | current lr: 3.018e-04
| loss 0: 1.262e-01| val metric 0: 0.049507 | best val: 0.049507 at epoch 37 | current lr: 3.018e-04
epoch: [38/500] | loss 0: 0.123139 | loss 1: 0.000000 | current lr: 3.163e-04
| loss 0: 1.231e-01| val metric 0: 0.048157 | best val: 0.048157 at epoch 38 | current lr: 3.163e-04
epoch: [39/500] | loss 0: 0.119110 | loss 1: 0.000000 | current lr: 3.310e-04
| loss 0: 1.191e-01| val metric 0: 0.047093 | best val: 0.047093 at epoch 39 | current lr: 3.310e-04
epoch: [40/500] | loss 0: 0.118111 | loss 1: 0.000000 | current lr: 3.459e-04
| loss 0: 1.181e-01| val metric 0: 0.046725 | best val: 0.046725 at epoch 40 | current lr: 3.459e-04
epoch: [41/500] | loss 0: 0.117141 | loss 1: 0.000000 | current lr: 3.609e-04
| loss 0: 1.171e-01| val metric 0: 0.045545 | best val: 0.045545 at epoch 41 | current lr: 3.609e-04
epoch: [42/500] | loss 0: 0.113609 | loss 1: 0.000000 | current lr: 3.760e-04
| loss 0: 1.136e-01| val metric 0: 0.044964 | best val: 0.044964 at epoch 42 | current lr: 3.760e-04
epoch: [43/500] | loss 0: 0.112804 | loss 1: 0.000000 | current lr: 3.913e-04
| loss 0: 1.128e-01| val metric 0: 0.044654 | best val: 0.044654 at epoch 43 | current lr: 3.913e-04
epoch: [44/500] | loss 0: 0.112899 | loss 1: 0.000000 | current lr: 4.067e-04
| loss 0: 1.129e-01| val metric 0: 0.044908 | best val: 0.044654 at epoch 43 | current lr: 4.067e-04
epoch: [45/500] | loss 0: 0.119280 | loss 1: 0.000000 | current lr: 4.222e-04
| loss 0: 1.193e-01| val metric 0: 0.044067 | best val: 0.044067 at epoch 45 | current lr: 4.222e-04
epoch: [46/500] | loss 0: 0.117078 | loss 1: 0.000000 | current lr: 4.377e-04
| loss 0: 1.171e-01| val metric 0: 0.045487 | best val: 0.044067 at epoch 45 | current lr: 4.377e-04
epoch: [47/500] | loss 0: 0.116064 | loss 1: 0.000000 | current lr: 4.534e-04
| loss 0: 1.161e-01| val metric 0: 0.047487 | best val: 0.044067 at epoch 45 | current lr: 4.534e-04
epoch: [48/500] | loss 0: 0.115167 | loss 1: 0.000000 | current lr: 4.690e-04
| loss 0: 1.152e-01| val metric 0: 0.043110 | best val: 0.043110 at epoch 48 | current lr: 4.690e-04
epoch: [49/500] | loss 0: 0.119100 | loss 1: 0.000000 | current lr: 4.847e-04
| loss 0: 1.191e-01| val metric 0: 0.046683 | best val: 0.043110 at epoch 48 | current lr: 4.847e-04
epoch: [50/500] | loss 0: 0.109840 | loss 1: 0.000000 | current lr: 5.004e-04
| loss 0: 1.098e-01| val metric 0: 0.044933 | best val: 0.043110 at epoch 48 | current lr: 5.004e-04
epoch: [51/500] | loss 0: 0.119282 | loss 1: 0.000000 | current lr: 5.162e-04
| loss 0: 1.193e-01| val metric 0: 0.047526 | best val: 0.043110 at epoch 48 | current lr: 5.162e-04
epoch: [52/500] | loss 0: 0.120258 | loss 1: 0.000000 | current lr: 5.318e-04
| loss 0: 1.203e-01| val metric 0: 0.045463 | best val: 0.043110 at epoch 48 | current lr: 5.318e-04
epoch: [53/500] | loss 0: 0.116729 | loss 1: 0.000000 | current lr: 5.475e-04
| loss 0: 1.167e-01| val metric 0: 0.049438 | best val: 0.043110 at epoch 48 | current lr: 5.475e-04
epoch: [54/500] | loss 0: 0.120004 | loss 1: 0.000000 | current lr: 5.631e-04
| loss 0: 1.200e-01| val metric 0: 0.045758 | best val: 0.043110 at epoch 48 | current lr: 5.631e-04
epoch: [55/500] | loss 0: 0.118490 | loss 1: 0.000000 | current lr: 5.787e-04
| loss 0: 1.185e-01| val metric 0: 0.042405 | best val: 0.042405 at epoch 55 | current lr: 5.787e-04
epoch: [56/500] | loss 0: 0.117616 | loss 1: 0.000000 | current lr: 5.942e-04
| loss 0: 1.176e-01| val metric 0: 0.044293 | best val: 0.042405 at epoch 55 | current lr: 5.942e-04
epoch: [57/500] | loss 0: 0.116459 | loss 1: 0.000000 | current lr: 6.095e-04
| loss 0: 1.165e-01| val metric 0: 0.047281 | best val: 0.042405 at epoch 55 | current lr: 6.095e-04
epoch: [58/500] | loss 0: 0.113111 | loss 1: 0.000000 | current lr: 6.248e-04
| loss 0: 1.131e-01| val metric 0: 0.041943 | best val: 0.041943 at epoch 58 | current lr: 6.248e-04
epoch: [59/500] | loss 0: 0.113258 | loss 1: 0.000000 | current lr: 6.400e-04
| loss 0: 1.133e-01| val metric 0: 0.041931 | best val: 0.041931 at epoch 59 | current lr: 6.400e-04
epoch: [60/500] | loss 0: 0.121035 | loss 1: 0.000000 | current lr: 6.550e-04
| loss 0: 1.210e-01| val metric 0: 0.042655 | best val: 0.041931 at epoch 59 | current lr: 6.550e-04
epoch: [61/500] | loss 0: 0.111892 | loss 1: 0.000000 | current lr: 6.699e-04
| loss 0: 1.119e-01| val metric 0: 0.041905 | best val: 0.041905 at epoch 61 | current lr: 6.699e-04
epoch: [62/500] | loss 0: 0.112517 | loss 1: 0.000000 | current lr: 6.845e-04
| loss 0: 1.125e-01| val metric 0: 0.043330 | best val: 0.041905 at epoch 61 | current lr: 6.845e-04
epoch: [63/500] | loss 0: 0.121569 | loss 1: 0.000000 | current lr: 6.991e-04
| loss 0: 1.216e-01| val metric 0: 0.043368 | best val: 0.041905 at epoch 61 | current lr: 6.991e-04
epoch: [64/500] | loss 0: 0.109903 | loss 1: 0.000000 | current lr: 7.134e-04
| loss 0: 1.099e-01| val metric 0: 0.041950 | best val: 0.041905 at epoch 61 | current lr: 7.134e-04
epoch: [65/500] | loss 0: 0.121200 | loss 1: 0.000000 | current lr: 7.275e-04
| loss 0: 1.212e-01| val metric 0: 0.046283 | best val: 0.041905 at epoch 61 | current lr: 7.275e-04
epoch: [66/500] | loss 0: 0.121390 | loss 1: 0.000000 | current lr: 7.414e-04
| loss 0: 1.214e-01| val metric 0: 0.051744 | best val: 0.041905 at epoch 61 | current lr: 7.414e-04
epoch: [67/500] | loss 0: 0.123037 | loss 1: 0.000000 | current lr: 7.550e-04
| loss 0: 1.230e-01| val metric 0: 0.041851 | best val: 0.041851 at epoch 67 | current lr: 7.550e-04
epoch: [68/500] | loss 0: 0.116427 | loss 1: 0.000000 | current lr: 7.684e-04
| loss 0: 1.164e-01| val metric 0: 0.043619 | best val: 0.041851 at epoch 67 | current lr: 7.684e-04
epoch: [69/500] | loss 0: 0.114092 | loss 1: 0.000000 | current lr: 7.815e-04
| loss 0: 1.141e-01| val metric 0: 0.045356 | best val: 0.041851 at epoch 67 | current lr: 7.815e-04
epoch: [70/500] | loss 0: 0.110383 | loss 1: 0.000000 | current lr: 7.944e-04
| loss 0: 1.104e-01| val metric 0: 0.041520 | best val: 0.041520 at epoch 70 | current lr: 7.944e-04
epoch: [71/500] | loss 0: 0.111635 | loss 1: 0.000000 | current lr: 8.069e-04
| loss 0: 1.116e-01| val metric 0: 0.041399 | best val: 0.041399 at epoch 71 | current lr: 8.069e-04
epoch: [72/500] | loss 0: 0.110312 | loss 1: 0.000000 | current lr: 8.192e-04
| loss 0: 1.103e-01| val metric 0: 0.041356 | best val: 0.041356 at epoch 72 | current lr: 8.192e-04
epoch: [73/500] | loss 0: 0.111997 | loss 1: 0.000000 | current lr: 8.311e-04
| loss 0: 1.120e-01| val metric 0: 0.041504 | best val: 0.041356 at epoch 72 | current lr: 8.311e-04
epoch: [74/500] | loss 0: 0.113639 | loss 1: 0.000000 | current lr: 8.427e-04
| loss 0: 1.136e-01| val metric 0: 0.041852 | best val: 0.041356 at epoch 72 | current lr: 8.427e-04
epoch: [75/500] | loss 0: 0.112846 | loss 1: 0.000000 | current lr: 8.540e-04
| loss 0: 1.128e-01| val metric 0: 0.041459 | best val: 0.041356 at epoch 72 | current lr: 8.540e-04
epoch: [76/500] | loss 0: 0.112007 | loss 1: 0.000000 | current lr: 8.649e-04
| loss 0: 1.120e-01| val metric 0: 0.042597 | best val: 0.041356 at epoch 72 | current lr: 8.649e-04
epoch: [77/500] | loss 0: 0.113190 | loss 1: 0.000000 | current lr: 8.755e-04
| loss 0: 1.132e-01| val metric 0: 0.041741 | best val: 0.041356 at epoch 72 | current lr: 8.755e-04
epoch: [78/500] | loss 0: 0.120327 | loss 1: 0.000000 | current lr: 8.857e-04
| loss 0: 1.203e-01| val metric 0: 0.045090 | best val: 0.041356 at epoch 72 | current lr: 8.857e-04
epoch: [79/500] | loss 0: 0.109325 | loss 1: 0.000000 | current lr: 8.955e-04
| loss 0: 1.093e-01| val metric 0: 0.045595 | best val: 0.041356 at epoch 72 | current lr: 8.955e-04
epoch: [80/500] | loss 0: 0.112477 | loss 1: 0.000000 | current lr: 9.049e-04
| loss 0: 1.125e-01| val metric 0: 0.042001 | best val: 0.041356 at epoch 72 | current lr: 9.049e-04
epoch: [81/500] | loss 0: 0.112452 | loss 1: 0.000000 | current lr: 9.139e-04
| loss 0: 1.125e-01| val metric 0: 0.042155 | best val: 0.041356 at epoch 72 | current lr: 9.139e-04
epoch: [82/500] | loss 0: 0.109644 | loss 1: 0.000000 | current lr: 9.225e-04
| loss 0: 1.096e-01| val metric 0: 0.041267 | best val: 0.041267 at epoch 82 | current lr: 9.225e-04
epoch: [83/500] | loss 0: 0.110903 | loss 1: 0.000000 | current lr: 9.307e-04
| loss 0: 1.109e-01| val metric 0: 0.043672 | best val: 0.041267 at epoch 82 | current lr: 9.307e-04
epoch: [84/500] | loss 0: 0.118897 | loss 1: 0.000000 | current lr: 9.385e-04
| loss 0: 1.189e-01| val metric 0: 0.045635 | best val: 0.041267 at epoch 82 | current lr: 9.385e-04
epoch: [85/500] | loss 0: 0.110517 | loss 1: 0.000000 | current lr: 9.458e-04
| loss 0: 1.105e-01| val metric 0: 0.044842 | best val: 0.041267 at epoch 82 | current lr: 9.458e-04
epoch: [86/500] | loss 0: 0.112447 | loss 1: 0.000000 | current lr: 9.527e-04
| loss 0: 1.124e-01| val metric 0: 0.041190 | best val: 0.041190 at epoch 86 | current lr: 9.527e-04
epoch: [87/500] | loss 0: 0.110226 | loss 1: 0.000000 | current lr: 9.592e-04
| loss 0: 1.102e-01| val metric 0: 0.043880 | best val: 0.041190 at epoch 86 | current lr: 9.592e-04
epoch: [88/500] | loss 0: 0.110581 | loss 1: 0.000000 | current lr: 9.651e-04
| loss 0: 1.106e-01| val metric 0: 0.041396 | best val: 0.041190 at epoch 86 | current lr: 9.651e-04
epoch: [89/500] | loss 0: 0.109716 | loss 1: 0.000000 | current lr: 9.707e-04
| loss 0: 1.097e-01| val metric 0: 0.041441 | best val: 0.041190 at epoch 86 | current lr: 9.707e-04
epoch: [90/500] | loss 0: 0.107839 | loss 1: 0.000000 | current lr: 9.757e-04
| loss 0: 1.078e-01| val metric 0: 0.042898 | best val: 0.041190 at epoch 86 | current lr: 9.757e-04
epoch: [91/500] | loss 0: 0.111143 | loss 1: 0.000000 | current lr: 9.803e-04
| loss 0: 1.111e-01| val metric 0: 0.041689 | best val: 0.041190 at epoch 86 | current lr: 9.803e-04
epoch: [92/500] | loss 0: 0.109288 | loss 1: 0.000000 | current lr: 9.845e-04
| loss 0: 1.093e-01| val metric 0: 0.043396 | best val: 0.041190 at epoch 86 | current lr: 9.845e-04
epoch: [93/500] | loss 0: 0.110515 | loss 1: 0.000000 | current lr: 9.881e-04
| loss 0: 1.105e-01| val metric 0: 0.041585 | best val: 0.041190 at epoch 86 | current lr: 9.881e-04
epoch: [94/500] | loss 0: 0.109832 | loss 1: 0.000000 | current lr: 9.913e-04
| loss 0: 1.098e-01| val metric 0: 0.041057 | best val: 0.041057 at epoch 94 | current lr: 9.913e-04
epoch: [95/500] | loss 0: 0.109020 | loss 1: 0.000000 | current lr: 9.940e-04
| loss 0: 1.090e-01| val metric 0: 0.041157 | best val: 0.041057 at epoch 94 | current lr: 9.940e-04
epoch: [96/500] | loss 0: 0.106467 | loss 1: 0.000000 | current lr: 9.962e-04
| loss 0: 1.065e-01| val metric 0: 0.043721 | best val: 0.041057 at epoch 94 | current lr: 9.962e-04
epoch: [97/500] | loss 0: 0.108167 | loss 1: 0.000000 | current lr: 9.979e-04
| loss 0: 1.082e-01| val metric 0: 0.043787 | best val: 0.041057 at epoch 94 | current lr: 9.979e-04
epoch: [98/500] | loss 0: 0.109530 | loss 1: 0.000000 | current lr: 9.991e-04
| loss 0: 1.095e-01| val metric 0: 0.041330 | best val: 0.041057 at epoch 94 | current lr: 9.991e-04
epoch: [99/500] | loss 0: 0.106813 | loss 1: 0.000000 | current lr: 9.998e-04
| loss 0: 1.068e-01| val metric 0: 0.042073 | best val: 0.041057 at epoch 94 | current lr: 9.998e-04
epoch: [100/500] | loss 0: 0.107939 | loss 1: 0.000000 | current lr: 1.000e-03
| loss 0: 1.079e-01| val metric 0: 0.041433 | best val: 0.041057 at epoch 94 | current lr: 1.000e-03
epoch: [101/500] | loss 0: 0.106140 | loss 1: 0.000000 | current lr: 1.000e-03
| loss 0: 1.061e-01| val metric 0: 0.042837 | best val: 0.041057 at epoch 94 | current lr: 1.000e-03
epoch: [102/500] | loss 0: 0.109857 | loss 1: 0.000000 | current lr: 9.999e-04
| loss 0: 1.099e-01| val metric 0: 0.040864 | best val: 0.040864 at epoch 102 | current lr: 9.999e-04
epoch: [103/500] | loss 0: 0.108772 | loss 1: 0.000000 | current lr: 9.999e-04
| loss 0: 1.088e-01| val metric 0: 0.041230 | best val: 0.040864 at epoch 102 | current lr: 9.999e-04
epoch: [104/500] | loss 0: 0.106601 | loss 1: 0.000000 | current lr: 9.997e-04
| loss 0: 1.066e-01| val metric 0: 0.040753 | best val: 0.040753 at epoch 104 | current lr: 9.997e-04
epoch: [105/500] | loss 0: 0.108003 | loss 1: 0.000000 | current lr: 9.996e-04
| loss 0: 1.080e-01| val metric 0: 0.041259 | best val: 0.040753 at epoch 104 | current lr: 9.996e-04
epoch: [106/500] | loss 0: 0.105624 | loss 1: 0.000000 | current lr: 9.994e-04
| loss 0: 1.056e-01| val metric 0: 0.041646 | best val: 0.040753 at epoch 104 | current lr: 9.994e-04
epoch: [107/500] | loss 0: 0.106586 | loss 1: 0.000000 | current lr: 9.992e-04
| loss 0: 1.066e-01| val metric 0: 0.040809 | best val: 0.040753 at epoch 104 | current lr: 9.992e-04
epoch: [108/500] | loss 0: 0.106798 | loss 1: 0.000000 | current lr: 9.990e-04
| loss 0: 1.068e-01| val metric 0: 0.041269 | best val: 0.040753 at epoch 104 | current lr: 9.990e-04
epoch: [109/500] | loss 0: 0.106476 | loss 1: 0.000000 | current lr: 9.987e-04
| loss 0: 1.065e-01| val metric 0: 0.041171 | best val: 0.040753 at epoch 104 | current lr: 9.987e-04
epoch: [110/500] | loss 0: 0.104898 | loss 1: 0.000000 | current lr: 9.984e-04
| loss 0: 1.049e-01| val metric 0: 0.041216 | best val: 0.040753 at epoch 104 | current lr: 9.984e-04
epoch: [111/500] | loss 0: 0.103130 | loss 1: 0.000000 | current lr: 9.981e-04
| loss 0: 1.031e-01| val metric 0: 0.040659 | best val: 0.040659 at epoch 111 | current lr: 9.981e-04
epoch: [112/500] | loss 0: 0.106949 | loss 1: 0.000000 | current lr: 9.978e-04
| loss 0: 1.069e-01| val metric 0: 0.040868 | best val: 0.040659 at epoch 111 | current lr: 9.978e-04
epoch: [113/500] | loss 0: 0.107132 | loss 1: 0.000000 | current lr: 9.974e-04
| loss 0: 1.071e-01| val metric 0: 0.040701 | best val: 0.040659 at epoch 111 | current lr: 9.974e-04
epoch: [114/500] | loss 0: 0.106296 | loss 1: 0.000000 | current lr: 9.970e-04
| loss 0: 1.063e-01| val metric 0: 0.040727 | best val: 0.040659 at epoch 111 | current lr: 9.970e-04
epoch: [115/500] | loss 0: 0.107339 | loss 1: 0.000000 | current lr: 9.965e-04
| loss 0: 1.073e-01| val metric 0: 0.041048 | best val: 0.040659 at epoch 111 | current lr: 9.965e-04
epoch: [116/500] | loss 0: 0.106196 | loss 1: 0.000000 | current lr: 9.960e-04
| loss 0: 1.062e-01| val metric 0: 0.040657 | best val: 0.040657 at epoch 116 | current lr: 9.960e-04
epoch: [117/500] | loss 0: 0.106117 | loss 1: 0.000000 | current lr: 9.955e-04
| loss 0: 1.061e-01| val metric 0: 0.040954 | best val: 0.040657 at epoch 116 | current lr: 9.955e-04
epoch: [118/500] | loss 0: 0.105584 | loss 1: 0.000000 | current lr: 9.950e-04
| loss 0: 1.056e-01| val metric 0: 0.040804 | best val: 0.040657 at epoch 116 | current lr: 9.950e-04
epoch: [119/500] | loss 0: 0.104600 | loss 1: 0.000000 | current lr: 9.944e-04
| loss 0: 1.046e-01| val metric 0: 0.040744 | best val: 0.040657 at epoch 116 | current lr: 9.944e-04
epoch: [120/500] | loss 0: 0.103472 | loss 1: 0.000000 | current lr: 9.938e-04
| loss 0: 1.035e-01| val metric 0: 0.042086 | best val: 0.040657 at epoch 116 | current lr: 9.938e-04
epoch: [121/500] | loss 0: 0.106673 | loss 1: 0.000000 | current lr: 9.932e-04
| loss 0: 1.067e-01| val metric 0: 0.042074 | best val: 0.040657 at epoch 116 | current lr: 9.932e-04
epoch: [122/500] | loss 0: 0.105956 | loss 1: 0.000000 | current lr: 9.925e-04
| loss 0: 1.060e-01| val metric 0: 0.040799 | best val: 0.040657 at epoch 116 | current lr: 9.925e-04
epoch: [123/500] | loss 0: 0.104270 | loss 1: 0.000000 | current lr: 9.918e-04
| loss 0: 1.043e-01| val metric 0: 0.040975 | best val: 0.040657 at epoch 116 | current lr: 9.918e-04
epoch: [124/500] | loss 0: 0.105422 | loss 1: 0.000000 | current lr: 9.911e-04
| loss 0: 1.054e-01| val metric 0: 0.040591 | best val: 0.040591 at epoch 124 | current lr: 9.911e-04
epoch: [125/500] | loss 0: 0.105408 | loss 1: 0.000000 | current lr: 9.904e-04
| loss 0: 1.054e-01| val metric 0: 0.040345 | best val: 0.040345 at epoch 125 | current lr: 9.904e-04
epoch: [126/500] | loss 0: 0.107154 | loss 1: 0.000000 | current lr: 9.896e-04
| loss 0: 1.072e-01| val metric 0: 0.040542 | best val: 0.040345 at epoch 125 | current lr: 9.896e-04
epoch: [127/500] | loss 0: 0.106126 | loss 1: 0.000000 | current lr: 9.888e-04
| loss 0: 1.061e-01| val metric 0: 0.040711 | best val: 0.040345 at epoch 125 | current lr: 9.888e-04
epoch: [128/500] | loss 0: 0.104618 | loss 1: 0.000000 | current lr: 9.879e-04
| loss 0: 1.046e-01| val metric 0: 0.040475 | best val: 0.040345 at epoch 125 | current lr: 9.879e-04
epoch: [129/500] | loss 0: 0.103761 | loss 1: 0.000000 | current lr: 9.870e-04
| loss 0: 1.038e-01| val metric 0: 0.040982 | best val: 0.040345 at epoch 125 | current lr: 9.870e-04
epoch: [130/500] | loss 0: 0.102906 | loss 1: 0.000000 | current lr: 9.861e-04
| loss 0: 1.029e-01| val metric 0: 0.041989 | best val: 0.040345 at epoch 125 | current lr: 9.861e-04
epoch: [131/500] | loss 0: 0.105277 | loss 1: 0.000000 | current lr: 9.852e-04
| loss 0: 1.053e-01| val metric 0: 0.041386 | best val: 0.040345 at epoch 125 | current lr: 9.852e-04
epoch: [132/500] | loss 0: 0.104671 | loss 1: 0.000000 | current lr: 9.842e-04
| loss 0: 1.047e-01| val metric 0: 0.040224 | best val: 0.040224 at epoch 132 | current lr: 9.842e-04
epoch: [133/500] | loss 0: 0.104324 | loss 1: 0.000000 | current lr: 9.832e-04
| loss 0: 1.043e-01| val metric 0: 0.040205 | best val: 0.040205 at epoch 133 | current lr: 9.832e-04
epoch: [134/500] | loss 0: 0.104716 | loss 1: 0.000000 | current lr: 9.822e-04
| loss 0: 1.047e-01| val metric 0: 0.040149 | best val: 0.040149 at epoch 134 | current lr: 9.822e-04
epoch: [135/500] | loss 0: 0.104023 | loss 1: 0.000000 | current lr: 9.812e-04
| loss 0: 1.040e-01| val metric 0: 0.039940 | best val: 0.039940 at epoch 135 | current lr: 9.812e-04
epoch: [136/500] | loss 0: 0.104586 | loss 1: 0.000000 | current lr: 9.801e-04
| loss 0: 1.046e-01| val metric 0: 0.040459 | best val: 0.039940 at epoch 135 | current lr: 9.801e-04
epoch: [137/500] | loss 0: 0.103790 | loss 1: 0.000000 | current lr: 9.790e-04
| loss 0: 1.038e-01| val metric 0: 0.039917 | best val: 0.039917 at epoch 137 | current lr: 9.790e-04
epoch: [138/500] | loss 0: 0.103025 | loss 1: 0.000000 | current lr: 9.778e-04
| loss 0: 1.030e-01| val metric 0: 0.041850 | best val: 0.039917 at epoch 137 | current lr: 9.778e-04
epoch: [139/500] | loss 0: 0.104056 | loss 1: 0.000000 | current lr: 9.767e-04
| loss 0: 1.041e-01| val metric 0: 0.039411 | best val: 0.039411 at epoch 139 | current lr: 9.767e-04
epoch: [140/500] | loss 0: 0.102857 | loss 1: 0.000000 | current lr: 9.755e-04
| loss 0: 1.029e-01| val metric 0: 0.039087 | best val: 0.039087 at epoch 140 | current lr: 9.755e-04
epoch: [141/500] | loss 0: 0.103030 | loss 1: 0.000000 | current lr: 9.742e-04
| loss 0: 1.030e-01| val metric 0: 0.039385 | best val: 0.039087 at epoch 140 | current lr: 9.742e-04
epoch: [142/500] | loss 0: 0.101462 | loss 1: 0.000000 | current lr: 9.730e-04
| loss 0: 1.015e-01| val metric 0: 0.038948 | best val: 0.038948 at epoch 142 | current lr: 9.730e-04
epoch: [143/500] | loss 0: 0.099879 | loss 1: 0.000000 | current lr: 9.717e-04
| loss 0: 9.988e-02| val metric 0: 0.038553 | best val: 0.038553 at epoch 143 | current lr: 9.717e-04
epoch: [144/500] | loss 0: 0.099770 | loss 1: 0.000000 | current lr: 9.704e-04
| loss 0: 9.977e-02| val metric 0: 0.038648 | best val: 0.038553 at epoch 143 | current lr: 9.704e-04
epoch: [145/500] | loss 0: 0.099172 | loss 1: 0.000000 | current lr: 9.690e-04
| loss 0: 9.917e-02| val metric 0: 0.038016 | best val: 0.038016 at epoch 145 | current lr: 9.690e-04
epoch: [146/500] | loss 0: 0.099053 | loss 1: 0.000000 | current lr: 9.677e-04
| loss 0: 9.905e-02| val metric 0: 0.038419 | best val: 0.038016 at epoch 145 | current lr: 9.677e-04
epoch: [147/500] | loss 0: 0.097986 | loss 1: 0.000000 | current lr: 9.662e-04
| loss 0: 9.799e-02| val metric 0: 0.037593 | best val: 0.037593 at epoch 147 | current lr: 9.662e-04
epoch: [148/500] | loss 0: 0.097964 | loss 1: 0.000000 | current lr: 9.648e-04
| loss 0: 9.796e-02| val metric 0: 0.037957 | best val: 0.037593 at epoch 147 | current lr: 9.648e-04
epoch: [149/500] | loss 0: 0.096608 | loss 1: 0.000000 | current lr: 9.634e-04
| loss 0: 9.661e-02| val metric 0: 0.037335 | best val: 0.037335 at epoch 149 | current lr: 9.634e-04
epoch: [150/500] | loss 0: 0.097142 | loss 1: 0.000000 | current lr: 9.619e-04
| loss 0: 9.714e-02| val metric 0: 0.037690 | best val: 0.037335 at epoch 149 | current lr: 9.619e-04
epoch: [151/500] | loss 0: 0.095695 | loss 1: 0.000000 | current lr: 9.603e-04
| loss 0: 9.570e-02| val metric 0: 0.037653 | best val: 0.037335 at epoch 149 | current lr: 9.603e-04
epoch: [152/500] | loss 0: 0.096666 | loss 1: 0.000000 | current lr: 9.588e-04
| loss 0: 9.667e-02| val metric 0: 0.037971 | best val: 0.037335 at epoch 149 | current lr: 9.588e-04
epoch: [153/500] | loss 0: 0.095568 | loss 1: 0.000000 | current lr: 9.572e-04
| loss 0: 9.557e-02| val metric 0: 0.037230 | best val: 0.037230 at epoch 153 | current lr: 9.572e-04
epoch: [154/500] | loss 0: 0.095415 | loss 1: 0.000000 | current lr: 9.556e-04
| loss 0: 9.542e-02| val metric 0: 0.036995 | best val: 0.036995 at epoch 154 | current lr: 9.556e-04
epoch: [155/500] | loss 0: 0.093580 | loss 1: 0.000000 | current lr: 9.540e-04
| loss 0: 9.358e-02| val metric 0: 0.037611 | best val: 0.036995 at epoch 154 | current lr: 9.540e-04
epoch: [156/500] | loss 0: 0.096275 | loss 1: 0.000000 | current lr: 9.523e-04
| loss 0: 9.628e-02| val metric 0: 0.038676 | best val: 0.036995 at epoch 154 | current lr: 9.523e-04
epoch: [157/500] | loss 0: 0.096157 | loss 1: 0.000000 | current lr: 9.506e-04
| loss 0: 9.616e-02| val metric 0: 0.037647 | best val: 0.036995 at epoch 154 | current lr: 9.506e-04
epoch: [158/500] | loss 0: 0.095162 | loss 1: 0.000000 | current lr: 9.489e-04
| loss 0: 9.516e-02| val metric 0: 0.037809 | best val: 0.036995 at epoch 154 | current lr: 9.489e-04
epoch: [159/500] | loss 0: 0.094566 | loss 1: 0.000000 | current lr: 9.472e-04
| loss 0: 9.457e-02| val metric 0: 0.036600 | best val: 0.036600 at epoch 159 | current lr: 9.472e-04
epoch: [160/500] | loss 0: 0.094204 | loss 1: 0.000000 | current lr: 9.454e-04
| loss 0: 9.420e-02| val metric 0: 0.038233 | best val: 0.036600 at epoch 159 | current lr: 9.454e-04
epoch: [161/500] | loss 0: 0.094844 | loss 1: 0.000000 | current lr: 9.436e-04
| loss 0: 9.484e-02| val metric 0: 0.036318 | best val: 0.036318 at epoch 161 | current lr: 9.436e-04
epoch: [162/500] | loss 0: 0.093627 | loss 1: 0.000000 | current lr: 9.418e-04
| loss 0: 9.363e-02| val metric 0: 0.037940 | best val: 0.036318 at epoch 161 | current lr: 9.418e-04
epoch: [163/500] | loss 0: 0.094520 | loss 1: 0.000000 | current lr: 9.399e-04
| loss 0: 9.452e-02| val metric 0: 0.035793 | best val: 0.035793 at epoch 163 | current lr: 9.399e-04
epoch: [164/500] | loss 0: 0.094321 | loss 1: 0.000000 | current lr: 9.381e-04
| loss 0: 9.432e-02| val metric 0: 0.036905 | best val: 0.035793 at epoch 163 | current lr: 9.381e-04
epoch: [165/500] | loss 0: 0.092941 | loss 1: 0.000000 | current lr: 9.362e-04
| loss 0: 9.294e-02| val metric 0: 0.036537 | best val: 0.035793 at epoch 163 | current lr: 9.362e-04
epoch: [166/500] | loss 0: 0.094752 | loss 1: 0.000000 | current lr: 9.342e-04
| loss 0: 9.475e-02| val metric 0: 0.036312 | best val: 0.035793 at epoch 163 | current lr: 9.342e-04
epoch: [167/500] | loss 0: 0.092906 | loss 1: 0.000000 | current lr: 9.323e-04
| loss 0: 9.291e-02| val metric 0: 0.036576 | best val: 0.035793 at epoch 163 | current lr: 9.323e-04
epoch: [168/500] | loss 0: 0.094264 | loss 1: 0.000000 | current lr: 9.303e-04
| loss 0: 9.426e-02| val metric 0: 0.035125 | best val: 0.035125 at epoch 168 | current lr: 9.303e-04
epoch: [169/500] | loss 0: 0.091737 | loss 1: 0.000000 | current lr: 9.283e-04
| loss 0: 9.174e-02| val metric 0: 0.035374 | best val: 0.035125 at epoch 168 | current lr: 9.283e-04
epoch: [170/500] | loss 0: 0.091849 | loss 1: 0.000000 | current lr: 9.262e-04
| loss 0: 9.185e-02| val metric 0: 0.035424 | best val: 0.035125 at epoch 168 | current lr: 9.262e-04
epoch: [171/500] | loss 0: 0.090512 | loss 1: 0.000000 | current lr: 9.242e-04
| loss 0: 9.051e-02| val metric 0: 0.035605 | best val: 0.035125 at epoch 168 | current lr: 9.242e-04
epoch: [172/500] | loss 0: 0.091179 | loss 1: 0.000000 | current lr: 9.221e-04
| loss 0: 9.118e-02| val metric 0: 0.035565 | best val: 0.035125 at epoch 168 | current lr: 9.221e-04
epoch: [173/500] | loss 0: 0.091182 | loss 1: 0.000000 | current lr: 9.199e-04
| loss 0: 9.118e-02| val metric 0: 0.034635 | best val: 0.034635 at epoch 173 | current lr: 9.199e-04
epoch: [174/500] | loss 0: 0.090568 | loss 1: 0.000000 | current lr: 9.178e-04
| loss 0: 9.057e-02| val metric 0: 0.038696 | best val: 0.034635 at epoch 173 | current lr: 9.178e-04
epoch: [175/500] | loss 0: 0.093676 | loss 1: 0.000000 | current lr: 9.156e-04
| loss 0: 9.368e-02| val metric 0: 0.034526 | best val: 0.034526 at epoch 175 | current lr: 9.156e-04
epoch: [176/500] | loss 0: 0.090024 | loss 1: 0.000000 | current lr: 9.134e-04
| loss 0: 9.002e-02| val metric 0: 0.035534 | best val: 0.034526 at epoch 175 | current lr: 9.134e-04
epoch: [177/500] | loss 0: 0.090556 | loss 1: 0.000000 | current lr: 9.112e-04
| loss 0: 9.056e-02| val metric 0: 0.034109 | best val: 0.034109 at epoch 177 | current lr: 9.112e-04
epoch: [178/500] | loss 0: 0.089219 | loss 1: 0.000000 | current lr: 9.090e-04
| loss 0: 8.922e-02| val metric 0: 0.034227 | best val: 0.034109 at epoch 177 | current lr: 9.090e-04
epoch: [179/500] | loss 0: 0.088680 | loss 1: 0.000000 | current lr: 9.067e-04
| loss 0: 8.868e-02| val metric 0: 0.033403 | best val: 0.033403 at epoch 179 | current lr: 9.067e-04
epoch: [180/500] | loss 0: 0.088285 | loss 1: 0.000000 | current lr: 9.044e-04
| loss 0: 8.829e-02| val metric 0: 0.033931 | best val: 0.033403 at epoch 179 | current lr: 9.044e-04
epoch: [181/500] | loss 0: 0.090503 | loss 1: 0.000000 | current lr: 9.021e-04
| loss 0: 9.050e-02| val metric 0: 0.034893 | best val: 0.033403 at epoch 179 | current lr: 9.021e-04
epoch: [182/500] | loss 0: 0.088808 | loss 1: 0.000000 | current lr: 8.997e-04
| loss 0: 8.881e-02| val metric 0: 0.033340 | best val: 0.033340 at epoch 182 | current lr: 8.997e-04
epoch: [183/500] | loss 0: 0.086728 | loss 1: 0.000000 | current lr: 8.974e-04
| loss 0: 8.673e-02| val metric 0: 0.033012 | best val: 0.033012 at epoch 183 | current lr: 8.974e-04
epoch: [184/500] | loss 0: 0.086385 | loss 1: 0.000000 | current lr: 8.950e-04
| loss 0: 8.639e-02| val metric 0: 0.032968 | best val: 0.032968 at epoch 184 | current lr: 8.950e-04
epoch: [185/500] | loss 0: 0.085920 | loss 1: 0.000000 | current lr: 8.925e-04
| loss 0: 8.592e-02| val metric 0: 0.032606 | best val: 0.032606 at epoch 185 | current lr: 8.925e-04
epoch: [186/500] | loss 0: 0.086038 | loss 1: 0.000000 | current lr: 8.901e-04
| loss 0: 8.604e-02| val metric 0: 0.033179 | best val: 0.032606 at epoch 185 | current lr: 8.901e-04
epoch: [187/500] | loss 0: 0.085364 | loss 1: 0.000000 | current lr: 8.876e-04
| loss 0: 8.536e-02| val metric 0: 0.033162 | best val: 0.032606 at epoch 185 | current lr: 8.876e-04
epoch: [188/500] | loss 0: 0.084111 | loss 1: 0.000000 | current lr: 8.851e-04
| loss 0: 8.411e-02| val metric 0: 0.032283 | best val: 0.032283 at epoch 188 | current lr: 8.851e-04
epoch: [189/500] | loss 0: 0.085056 | loss 1: 0.000000 | current lr: 8.826e-04
| loss 0: 8.506e-02| val metric 0: 0.032409 | best val: 0.032283 at epoch 188 | current lr: 8.826e-04
epoch: [190/500] | loss 0: 0.081190 | loss 1: 0.000000 | current lr: 8.801e-04
| loss 0: 8.119e-02| val metric 0: 0.034287 | best val: 0.032283 at epoch 188 | current lr: 8.801e-04
epoch: [191/500] | loss 0: 0.085547 | loss 1: 0.000000 | current lr: 8.775e-04
| loss 0: 8.555e-02| val metric 0: 0.032168 | best val: 0.032168 at epoch 191 | current lr: 8.775e-04
epoch: [192/500] | loss 0: 0.083031 | loss 1: 0.000000 | current lr: 8.749e-04
| loss 0: 8.303e-02| val metric 0: 0.031833 | best val: 0.031833 at epoch 192 | current lr: 8.749e-04
epoch: [193/500] | loss 0: 0.083163 | loss 1: 0.000000 | current lr: 8.723e-04
| loss 0: 8.316e-02| val metric 0: 0.031495 | best val: 0.031495 at epoch 193 | current lr: 8.723e-04
epoch: [194/500] | loss 0: 0.081724 | loss 1: 0.000000 | current lr: 8.697e-04
| loss 0: 8.172e-02| val metric 0: 0.031638 | best val: 0.031495 at epoch 193 | current lr: 8.697e-04
epoch: [195/500] | loss 0: 0.082163 | loss 1: 0.000000 | current lr: 8.670e-04
| loss 0: 8.216e-02| val metric 0: 0.031573 | best val: 0.031495 at epoch 193 | current lr: 8.670e-04
epoch: [196/500] | loss 0: 0.081638 | loss 1: 0.000000 | current lr: 8.643e-04
| loss 0: 8.164e-02| val metric 0: 0.031171 | best val: 0.031171 at epoch 196 | current lr: 8.643e-04
epoch: [197/500] | loss 0: 0.081074 | loss 1: 0.000000 | current lr: 8.616e-04
| loss 0: 8.107e-02| val metric 0: 0.030645 | best val: 0.030645 at epoch 197 | current lr: 8.616e-04
epoch: [198/500] | loss 0: 0.080681 | loss 1: 0.000000 | current lr: 8.589e-04
| loss 0: 8.068e-02| val metric 0: 0.030695 | best val: 0.030645 at epoch 197 | current lr: 8.589e-04
epoch: [199/500] | loss 0: 0.080076 | loss 1: 0.000000 | current lr: 8.562e-04
| loss 0: 8.008e-02| val metric 0: 0.030328 | best val: 0.030328 at epoch 199 | current lr: 8.562e-04
epoch: [200/500] | loss 0: 0.079091 | loss 1: 0.000000 | current lr: 8.534e-04
| loss 0: 7.909e-02| val metric 0: 0.030703 | best val: 0.030328 at epoch 199 | current lr: 8.534e-04
epoch: [201/500] | loss 0: 0.078821 | loss 1: 0.000000 | current lr: 8.506e-04
| loss 0: 7.882e-02| val metric 0: 0.030277 | best val: 0.030277 at epoch 201 | current lr: 8.506e-04
epoch: [202/500] | loss 0: 0.078893 | loss 1: 0.000000 | current lr: 8.478e-04
| loss 0: 7.889e-02| val metric 0: 0.029812 | best val: 0.029812 at epoch 202 | current lr: 8.478e-04
epoch: [203/500] | loss 0: 0.078188 | loss 1: 0.000000 | current lr: 8.450e-04
| loss 0: 7.819e-02| val metric 0: 0.029616 | best val: 0.029616 at epoch 203 | current lr: 8.450e-04
epoch: [204/500] | loss 0: 0.077215 | loss 1: 0.000000 | current lr: 8.421e-04
| loss 0: 7.722e-02| val metric 0: 0.029369 | best val: 0.029369 at epoch 204 | current lr: 8.421e-04
epoch: [205/500] | loss 0: 0.076505 | loss 1: 0.000000 | current lr: 8.393e-04
| loss 0: 7.650e-02| val metric 0: 0.030197 | best val: 0.029369 at epoch 204 | current lr: 8.393e-04
epoch: [206/500] | loss 0: 0.075265 | loss 1: 0.000000 | current lr: 8.364e-04
| loss 0: 7.526e-02| val metric 0: 0.028856 | best val: 0.028856 at epoch 206 | current lr: 8.364e-04
epoch: [207/500] | loss 0: 0.075875 | loss 1: 0.000000 | current lr: 8.334e-04
| loss 0: 7.588e-02| val metric 0: 0.028720 | best val: 0.028720 at epoch 207 | current lr: 8.334e-04
epoch: [208/500] | loss 0: 0.075557 | loss 1: 0.000000 | current lr: 8.305e-04
| loss 0: 7.556e-02| val metric 0: 0.029035 | best val: 0.028720 at epoch 207 | current lr: 8.305e-04
epoch: [209/500] | loss 0: 0.075148 | loss 1: 0.000000 | current lr: 8.276e-04
| loss 0: 7.515e-02| val metric 0: 0.028658 | best val: 0.028658 at epoch 209 | current lr: 8.276e-04
epoch: [210/500] | loss 0: 0.074333 | loss 1: 0.000000 | current lr: 8.246e-04
| loss 0: 7.433e-02| val metric 0: 0.028181 | best val: 0.028181 at epoch 210 | current lr: 8.246e-04
epoch: [211/500] | loss 0: 0.073789 | loss 1: 0.000000 | current lr: 8.216e-04
| loss 0: 7.379e-02| val metric 0: 0.028424 | best val: 0.028181 at epoch 210 | current lr: 8.216e-04
epoch: [212/500] | loss 0: 0.073670 | loss 1: 0.000000 | current lr: 8.186e-04
| loss 0: 7.367e-02| val metric 0: 0.028019 | best val: 0.028019 at epoch 212 | current lr: 8.186e-04
epoch: [213/500] | loss 0: 0.072684 | loss 1: 0.000000 | current lr: 8.155e-04
| loss 0: 7.268e-02| val metric 0: 0.028431 | best val: 0.028019 at epoch 212 | current lr: 8.155e-04
epoch: [214/500] | loss 0: 0.071618 | loss 1: 0.000000 | current lr: 8.125e-04
| loss 0: 7.162e-02| val metric 0: 0.027550 | best val: 0.027550 at epoch 214 | current lr: 8.125e-04
epoch: [215/500] | loss 0: 0.072401 | loss 1: 0.000000 | current lr: 8.094e-04
| loss 0: 7.240e-02| val metric 0: 0.027543 | best val: 0.027543 at epoch 215 | current lr: 8.094e-04
epoch: [216/500] | loss 0: 0.071485 | loss 1: 0.000000 | current lr: 8.063e-04
| loss 0: 7.148e-02| val metric 0: 0.028565 | best val: 0.027543 at epoch 215 | current lr: 8.063e-04
epoch: [217/500] | loss 0: 0.071419 | loss 1: 0.000000 | current lr: 8.032e-04
| loss 0: 7.142e-02| val metric 0: 0.027736 | best val: 0.027543 at epoch 215 | current lr: 8.032e-04
epoch: [218/500] | loss 0: 0.070396 | loss 1: 0.000000 | current lr: 8.001e-04
| loss 0: 7.040e-02| val metric 0: 0.027260 | best val: 0.027260 at epoch 218 | current lr: 8.001e-04
epoch: [219/500] | loss 0: 0.069925 | loss 1: 0.000000 | current lr: 7.969e-04
| loss 0: 6.993e-02| val metric 0: 0.026871 | best val: 0.026871 at epoch 219 | current lr: 7.969e-04
epoch: [220/500] | loss 0: 0.070897 | loss 1: 0.000000 | current lr: 7.937e-04
| loss 0: 7.090e-02| val metric 0: 0.026931 | best val: 0.026871 at epoch 219 | current lr: 7.937e-04
epoch: [221/500] | loss 0: 0.070153 | loss 1: 0.000000 | current lr: 7.905e-04
| loss 0: 7.015e-02| val metric 0: 0.027268 | best val: 0.026871 at epoch 219 | current lr: 7.905e-04
epoch: [222/500] | loss 0: 0.069760 | loss 1: 0.000000 | current lr: 7.873e-04
| loss 0: 6.976e-02| val metric 0: 0.026822 | best val: 0.026822 at epoch 222 | current lr: 7.873e-04
epoch: [223/500] | loss 0: 0.069459 | loss 1: 0.000000 | current lr: 7.841e-04
| loss 0: 6.946e-02| val metric 0: 0.026626 | best val: 0.026626 at epoch 223 | current lr: 7.841e-04
epoch: [224/500] | loss 0: 0.068906 | loss 1: 0.000000 | current lr: 7.809e-04
| loss 0: 6.891e-02| val metric 0: 0.026302 | best val: 0.026302 at epoch 224 | current lr: 7.809e-04
epoch: [225/500] | loss 0: 0.068336 | loss 1: 0.000000 | current lr: 7.776e-04
| loss 0: 6.834e-02| val metric 0: 0.026541 | best val: 0.026302 at epoch 224 | current lr: 7.776e-04
epoch: [226/500] | loss 0: 0.068119 | loss 1: 0.000000 | current lr: 7.743e-04
| loss 0: 6.812e-02| val metric 0: 0.026015 | best val: 0.026015 at epoch 226 | current lr: 7.743e-04
epoch: [227/500] | loss 0: 0.068075 | loss 1: 0.000000 | current lr: 7.711e-04
| loss 0: 6.807e-02| val metric 0: 0.026045 | best val: 0.026015 at epoch 226 | current lr: 7.711e-04
epoch: [228/500] | loss 0: 0.067059 | loss 1: 0.000000 | current lr: 7.677e-04
| loss 0: 6.706e-02| val metric 0: 0.026002 | best val: 0.026002 at epoch 228 | current lr: 7.677e-04
epoch: [229/500] | loss 0: 0.067347 | loss 1: 0.000000 | current lr: 7.644e-04
| loss 0: 6.735e-02| val metric 0: 0.026098 | best val: 0.026002 at epoch 228 | current lr: 7.644e-04
epoch: [230/500] | loss 0: 0.067069 | loss 1: 0.000000 | current lr: 7.611e-04
| loss 0: 6.707e-02| val metric 0: 0.025736 | best val: 0.025736 at epoch 230 | current lr: 7.611e-04
epoch: [231/500] | loss 0: 0.066255 | loss 1: 0.000000 | current lr: 7.577e-04
| loss 0: 6.625e-02| val metric 0: 0.026020 | best val: 0.025736 at epoch 230 | current lr: 7.577e-04
epoch: [232/500] | loss 0: 0.066460 | loss 1: 0.000000 | current lr: 7.544e-04
| loss 0: 6.646e-02| val metric 0: 0.025581 | best val: 0.025581 at epoch 232 | current lr: 7.544e-04
epoch: [233/500] | loss 0: 0.065677 | loss 1: 0.000000 | current lr: 7.510e-04
| loss 0: 6.568e-02| val metric 0: 0.025155 | best val: 0.025155 at epoch 233 | current lr: 7.510e-04
epoch: [234/500] | loss 0: 0.064749 | loss 1: 0.000000 | current lr: 7.476e-04
| loss 0: 6.475e-02| val metric 0: 0.026557 | best val: 0.025155 at epoch 233 | current lr: 7.476e-04
epoch: [235/500] | loss 0: 0.065822 | loss 1: 0.000000 | current lr: 7.441e-04
| loss 0: 6.582e-02| val metric 0: 0.025315 | best val: 0.025155 at epoch 233 | current lr: 7.441e-04
epoch: [236/500] | loss 0: 0.064747 | loss 1: 0.000000 | current lr: 7.407e-04
| loss 0: 6.475e-02| val metric 0: 0.024695 | best val: 0.024695 at epoch 236 | current lr: 7.407e-04
epoch: [237/500] | loss 0: 0.063631 | loss 1: 0.000000 | current lr: 7.373e-04
| loss 0: 6.363e-02| val metric 0: 0.026067 | best val: 0.024695 at epoch 236 | current lr: 7.373e-04
epoch: [238/500] | loss 0: 0.064441 | loss 1: 0.000000 | current lr: 7.338e-04
| loss 0: 6.444e-02| val metric 0: 0.024961 | best val: 0.024695 at epoch 236 | current lr: 7.338e-04
epoch: [239/500] | loss 0: 0.064185 | loss 1: 0.000000 | current lr: 7.303e-04
| loss 0: 6.418e-02| val metric 0: 0.024843 | best val: 0.024695 at epoch 236 | current lr: 7.303e-04
epoch: [240/500] | loss 0: 0.063206 | loss 1: 0.000000 | current lr: 7.268e-04
| loss 0: 6.321e-02| val metric 0: 0.024945 | best val: 0.024695 at epoch 236 | current lr: 7.268e-04
epoch: [241/500] | loss 0: 0.063008 | loss 1: 0.000000 | current lr: 7.233e-04
| loss 0: 6.301e-02| val metric 0: 0.024066 | best val: 0.024066 at epoch 241 | current lr: 7.233e-04
epoch: [242/500] | loss 0: 0.061366 | loss 1: 0.000000 | current lr: 7.198e-04
| loss 0: 6.137e-02| val metric 0: 0.023517 | best val: 0.023517 at epoch 242 | current lr: 7.198e-04
epoch: [243/500] | loss 0: 0.062232 | loss 1: 0.000000 | current lr: 7.163e-04
| loss 0: 6.223e-02| val metric 0: 0.023452 | best val: 0.023452 at epoch 243 | current lr: 7.163e-04
epoch: [244/500] | loss 0: 0.061105 | loss 1: 0.000000 | current lr: 7.127e-04
| loss 0: 6.111e-02| val metric 0: 0.024096 | best val: 0.023452 at epoch 243 | current lr: 7.127e-04
epoch: [245/500] | loss 0: 0.059531 | loss 1: 0.000000 | current lr: 7.092e-04
| loss 0: 5.953e-02| val metric 0: 0.022915 | best val: 0.022915 at epoch 245 | current lr: 7.092e-04
epoch: [246/500] | loss 0: 0.060581 | loss 1: 0.000000 | current lr: 7.056e-04
| loss 0: 6.058e-02| val metric 0: 0.023627 | best val: 0.022915 at epoch 245 | current lr: 7.056e-04
epoch: [247/500] | loss 0: 0.059280 | loss 1: 0.000000 | current lr: 7.020e-04
| loss 0: 5.928e-02| val metric 0: 0.022497 | best val: 0.022497 at epoch 247 | current lr: 7.020e-04
epoch: [248/500] | loss 0: 0.059500 | loss 1: 0.000000 | current lr: 6.984e-04
| loss 0: 5.950e-02| val metric 0: 0.022811 | best val: 0.022497 at epoch 247 | current lr: 6.984e-04
epoch: [249/500] | loss 0: 0.059030 | loss 1: 0.000000 | current lr: 6.948e-04
| loss 0: 5.903e-02| val metric 0: 0.022714 | best val: 0.022497 at epoch 247 | current lr: 6.948e-04
epoch: [250/500] | loss 0: 0.057745 | loss 1: 0.000000 | current lr: 6.912e-04
| loss 0: 5.774e-02| val metric 0: 0.022948 | best val: 0.022497 at epoch 247 | current lr: 6.912e-04
epoch: [251/500] | loss 0: 0.057868 | loss 1: 0.000000 | current lr: 6.875e-04
| loss 0: 5.787e-02| val metric 0: 0.022612 | best val: 0.022497 at epoch 247 | current lr: 6.875e-04
epoch: [252/500] | loss 0: 0.057017 | loss 1: 0.000000 | current lr: 6.839e-04
| loss 0: 5.702e-02| val metric 0: 0.023384 | best val: 0.022497 at epoch 247 | current lr: 6.839e-04
epoch: [253/500] | loss 0: 0.056855 | loss 1: 0.000000 | current lr: 6.802e-04
| loss 0: 5.685e-02| val metric 0: 0.022379 | best val: 0.022379 at epoch 253 | current lr: 6.802e-04
epoch: [254/500] | loss 0: 0.056277 | loss 1: 0.000000 | current lr: 6.766e-04
| loss 0: 5.628e-02| val metric 0: 0.022244 | best val: 0.022244 at epoch 254 | current lr: 6.766e-04
epoch: [255/500] | loss 0: 0.055800 | loss 1: 0.000000 | current lr: 6.729e-04
| loss 0: 5.580e-02| val metric 0: 0.021986 | best val: 0.021986 at epoch 255 | current lr: 6.729e-04
epoch: [256/500] | loss 0: 0.055236 | loss 1: 0.000000 | current lr: 6.692e-04
| loss 0: 5.524e-02| val metric 0: 0.021957 | best val: 0.021957 at epoch 256 | current lr: 6.692e-04
epoch: [257/500] | loss 0: 0.054907 | loss 1: 0.000000 | current lr: 6.655e-04
| loss 0: 5.491e-02| val metric 0: 0.021654 | best val: 0.021654 at epoch 257 | current lr: 6.655e-04
epoch: [258/500] | loss 0: 0.054448 | loss 1: 0.000000 | current lr: 6.618e-04
| loss 0: 5.445e-02| val metric 0: 0.021472 | best val: 0.021472 at epoch 258 | current lr: 6.618e-04
epoch: [259/500] | loss 0: 0.054051 | loss 1: 0.000000 | current lr: 6.581e-04
| loss 0: 5.405e-02| val metric 0: 0.021271 | best val: 0.021271 at epoch 259 | current lr: 6.581e-04
epoch: [260/500] | loss 0: 0.053668 | loss 1: 0.000000 | current lr: 6.543e-04
| loss 0: 5.367e-02| val metric 0: 0.021063 | best val: 0.021063 at epoch 260 | current lr: 6.543e-04
epoch: [261/500] | loss 0: 0.053296 | loss 1: 0.000000 | current lr: 6.506e-04
| loss 0: 5.330e-02| val metric 0: 0.020859 | best val: 0.020859 at epoch 261 | current lr: 6.506e-04
epoch: [262/500] | loss 0: 0.052941 | loss 1: 0.000000 | current lr: 6.468e-04
| loss 0: 5.294e-02| val metric 0: 0.020714 | best val: 0.020714 at epoch 262 | current lr: 6.468e-04
epoch: [263/500] | loss 0: 0.052609 | loss 1: 0.000000 | current lr: 6.431e-04
| loss 0: 5.261e-02| val metric 0: 0.020628 | best val: 0.020628 at epoch 263 | current lr: 6.431e-04
epoch: [264/500] | loss 0: 0.052216 | loss 1: 0.000000 | current lr: 6.393e-04
| loss 0: 5.222e-02| val metric 0: 0.020555 | best val: 0.020555 at epoch 264 | current lr: 6.393e-04
epoch: [265/500] | loss 0: 0.051841 | loss 1: 0.000000 | current lr: 6.355e-04
| loss 0: 5.184e-02| val metric 0: 0.020412 | best val: 0.020412 at epoch 265 | current lr: 6.355e-04
epoch: [266/500] | loss 0: 0.051501 | loss 1: 0.000000 | current lr: 6.317e-04
| loss 0: 5.150e-02| val metric 0: 0.020258 | best val: 0.020258 at epoch 266 | current lr: 6.317e-04
epoch: [267/500] | loss 0: 0.051165 | loss 1: 0.000000 | current lr: 6.280e-04
| loss 0: 5.116e-02| val metric 0: 0.020131 | best val: 0.020131 at epoch 267 | current lr: 6.280e-04
epoch: [268/500] | loss 0: 0.050831 | loss 1: 0.000000 | current lr: 6.242e-04
| loss 0: 5.083e-02| val metric 0: 0.020002 | best val: 0.020002 at epoch 268 | current lr: 6.242e-04
epoch: [269/500] | loss 0: 0.050507 | loss 1: 0.000000 | current lr: 6.203e-04
| loss 0: 5.051e-02| val metric 0: 0.019869 | best val: 0.019869 at epoch 269 | current lr: 6.203e-04
epoch: [270/500] | loss 0: 0.050190 | loss 1: 0.000000 | current lr: 6.165e-04
| loss 0: 5.019e-02| val metric 0: 0.019742 | best val: 0.019742 at epoch 270 | current lr: 6.165e-04
epoch: [271/500] | loss 0: 0.049879 | loss 1: 0.000000 | current lr: 6.127e-04
| loss 0: 4.988e-02| val metric 0: 0.019617 | best val: 0.019617 at epoch 271 | current lr: 6.127e-04
epoch: [272/500] | loss 0: 0.049573 | loss 1: 0.000000 | current lr: 6.089e-04
| loss 0: 4.957e-02| val metric 0: 0.019493 | best val: 0.019493 at epoch 272 | current lr: 6.089e-04
epoch: [273/500] | loss 0: 0.049272 | loss 1: 0.000000 | current lr: 6.050e-04
| loss 0: 4.927e-02| val metric 0: 0.019371 | best val: 0.019371 at epoch 273 | current lr: 6.050e-04
epoch: [274/500] | loss 0: 0.048976 | loss 1: 0.000000 | current lr: 6.012e-04
| loss 0: 4.898e-02| val metric 0: 0.019252 | best val: 0.019252 at epoch 274 | current lr: 6.012e-04
epoch: [275/500] | loss 0: 0.048685 | loss 1: 0.000000 | current lr: 5.974e-04
| loss 0: 4.868e-02| val metric 0: 0.019134 | best val: 0.019134 at epoch 275 | current lr: 5.974e-04
epoch: [276/500] | loss 0: 0.048397 | loss 1: 0.000000 | current lr: 5.935e-04
| loss 0: 4.840e-02| val metric 0: 0.019018 | best val: 0.019018 at epoch 276 | current lr: 5.935e-04
epoch: [277/500] | loss 0: 0.048113 | loss 1: 0.000000 | current lr: 5.896e-04
| loss 0: 4.811e-02| val metric 0: 0.018905 | best val: 0.018905 at epoch 277 | current lr: 5.896e-04
epoch: [278/500] | loss 0: 0.047832 | loss 1: 0.000000 | current lr: 5.858e-04
| loss 0: 4.783e-02| val metric 0: 0.018793 | best val: 0.018793 at epoch 278 | current lr: 5.858e-04
epoch: [279/500] | loss 0: 0.047555 | loss 1: 0.000000 | current lr: 5.819e-04
| loss 0: 4.755e-02| val metric 0: 0.018683 | best val: 0.018683 at epoch 279 | current lr: 5.819e-04
epoch: [280/500] | loss 0: 0.047280 | loss 1: 0.000000 | current lr: 5.780e-04
| loss 0: 4.728e-02| val metric 0: 0.018574 | best val: 0.018574 at epoch 280 | current lr: 5.780e-04
epoch: [281/500] | loss 0: 0.047009 | loss 1: 0.000000 | current lr: 5.741e-04
| loss 0: 4.701e-02| val metric 0: 0.018467 | best val: 0.018467 at epoch 281 | current lr: 5.741e-04
epoch: [282/500] | loss 0: 0.046739 | loss 1: 0.000000 | current lr: 5.703e-04
| loss 0: 4.674e-02| val metric 0: 0.018360 | best val: 0.018360 at epoch 282 | current lr: 5.703e-04
epoch: [283/500] | loss 0: 0.046473 | loss 1: 0.000000 | current lr: 5.664e-04
| loss 0: 4.647e-02| val metric 0: 0.018257 | best val: 0.018257 at epoch 283 | current lr: 5.664e-04
epoch: [284/500] | loss 0: 0.046209 | loss 1: 0.000000 | current lr: 5.625e-04
| loss 0: 4.621e-02| val metric 0: 0.018152 | best val: 0.018152 at epoch 284 | current lr: 5.625e-04
epoch: [285/500] | loss 0: 0.045947 | loss 1: 0.000000 | current lr: 5.586e-04
| loss 0: 4.595e-02| val metric 0: 0.018051 | best val: 0.018051 at epoch 285 | current lr: 5.586e-04
epoch: [286/500] | loss 0: 0.045686 | loss 1: 0.000000 | current lr: 5.547e-04
| loss 0: 4.569e-02| val metric 0: 0.017949 | best val: 0.017949 at epoch 286 | current lr: 5.547e-04
epoch: [287/500] | loss 0: 0.045428 | loss 1: 0.000000 | current lr: 5.508e-04
| loss 0: 4.543e-02| val metric 0: 0.017850 | best val: 0.017850 at epoch 287 | current lr: 5.508e-04
epoch: [288/500] | loss 0: 0.045171 | loss 1: 0.000000 | current lr: 5.469e-04
| loss 0: 4.517e-02| val metric 0: 0.017749 | best val: 0.017749 at epoch 288 | current lr: 5.469e-04
epoch: [289/500] | loss 0: 0.044916 | loss 1: 0.000000 | current lr: 5.429e-04
| loss 0: 4.492e-02| val metric 0: 0.017651 | best val: 0.017651 at epoch 289 | current lr: 5.429e-04
epoch: [290/500] | loss 0: 0.044663 | loss 1: 0.000000 | current lr: 5.390e-04
| loss 0: 4.466e-02| val metric 0: 0.017552 | best val: 0.017552 at epoch 290 | current lr: 5.390e-04
epoch: [291/500] | loss 0: 0.044411 | loss 1: 0.000000 | current lr: 5.351e-04
| loss 0: 4.441e-02| val metric 0: 0.017455 | best val: 0.017455 at epoch 291 | current lr: 5.351e-04
epoch: [292/500] | loss 0: 0.044161 | loss 1: 0.000000 | current lr: 5.312e-04
| loss 0: 4.416e-02| val metric 0: 0.017357 | best val: 0.017357 at epoch 292 | current lr: 5.312e-04
epoch: [293/500] | loss 0: 0.043912 | loss 1: 0.000000 | current lr: 5.273e-04
| loss 0: 4.391e-02| val metric 0: 0.017261 | best val: 0.017261 at epoch 293 | current lr: 5.273e-04
epoch: [294/500] | loss 0: 0.043664 | loss 1: 0.000000 | current lr: 5.234e-04
| loss 0: 4.366e-02| val metric 0: 0.017164 | best val: 0.017164 at epoch 294 | current lr: 5.234e-04
epoch: [295/500] | loss 0: 0.043418 | loss 1: 0.000000 | current lr: 5.194e-04
| loss 0: 4.342e-02| val metric 0: 0.017069 | best val: 0.017069 at epoch 295 | current lr: 5.194e-04
epoch: [296/500] | loss 0: 0.043173 | loss 1: 0.000000 | current lr: 5.155e-04
| loss 0: 4.317e-02| val metric 0: 0.016973 | best val: 0.016973 at epoch 296 | current lr: 5.155e-04
epoch: [297/500] | loss 0: 0.042929 | loss 1: 0.000000 | current lr: 5.116e-04
| loss 0: 4.293e-02| val metric 0: 0.016878 | best val: 0.016878 at epoch 297 | current lr: 5.116e-04
epoch: [298/500] | loss 0: 0.042686 | loss 1: 0.000000 | current lr: 5.077e-04
| loss 0: 4.269e-02| val metric 0: 0.016784 | best val: 0.016784 at epoch 298 | current lr: 5.077e-04
epoch: [299/500] | loss 0: 0.042445 | loss 1: 0.000000 | current lr: 5.037e-04
| loss 0: 4.244e-02| val metric 0: 0.016689 | best val: 0.016689 at epoch 299 | current lr: 5.037e-04
epoch: [300/500] | loss 0: 0.042204 | loss 1: 0.000000 | current lr: 4.998e-04
| loss 0: 4.220e-02| val metric 0: 0.016595 | best val: 0.016595 at epoch 300 | current lr: 4.998e-04
epoch: [301/500] | loss 0: 0.041965 | loss 1: 0.000000 | current lr: 4.959e-04
| loss 0: 4.196e-02| val metric 0: 0.016500 | best val: 0.016500 at epoch 301 | current lr: 4.959e-04
epoch: [302/500] | loss 0: 0.041727 | loss 1: 0.000000 | current lr: 4.920e-04
| loss 0: 4.173e-02| val metric 0: 0.016407 | best val: 0.016407 at epoch 302 | current lr: 4.920e-04
epoch: [303/500] | loss 0: 0.041490 | loss 1: 0.000000 | current lr: 4.880e-04
| loss 0: 4.149e-02| val metric 0: 0.016311 | best val: 0.016311 at epoch 303 | current lr: 4.880e-04
epoch: [304/500] | loss 0: 0.041253 | loss 1: 0.000000 | current lr: 4.841e-04
| loss 0: 4.125e-02| val metric 0: 0.016218 | best val: 0.016218 at epoch 304 | current lr: 4.841e-04
epoch: [305/500] | loss 0: 0.041018 | loss 1: 0.000000 | current lr: 4.802e-04
| loss 0: 4.102e-02| val metric 0: 0.016122 | best val: 0.016122 at epoch 305 | current lr: 4.802e-04
epoch: [306/500] | loss 0: 0.040783 | loss 1: 0.000000 | current lr: 4.763e-04
| loss 0: 4.078e-02| val metric 0: 0.016028 | best val: 0.016028 at epoch 306 | current lr: 4.763e-04
epoch: [307/500] | loss 0: 0.040551 | loss 1: 0.000000 | current lr: 4.723e-04
| loss 0: 4.055e-02| val metric 0: 0.015932 | best val: 0.015932 at epoch 307 | current lr: 4.723e-04
epoch: [308/500] | loss 0: 0.040318 | loss 1: 0.000000 | current lr: 4.684e-04
| loss 0: 4.032e-02| val metric 0: 0.015837 | best val: 0.015837 at epoch 308 | current lr: 4.684e-04
epoch: [309/500] | loss 0: 0.040086 | loss 1: 0.000000 | current lr: 4.645e-04
| loss 0: 4.009e-02| val metric 0: 0.015739 | best val: 0.015739 at epoch 309 | current lr: 4.645e-04
epoch: [310/500] | loss 0: 0.039853 | loss 1: 0.000000 | current lr: 4.606e-04
| loss 0: 3.985e-02| val metric 0: 0.015641 | best val: 0.015641 at epoch 310 | current lr: 4.606e-04
epoch: [311/500] | loss 0: 0.039619 | loss 1: 0.000000 | current lr: 4.567e-04
| loss 0: 3.962e-02| val metric 0: 0.015539 | best val: 0.015539 at epoch 311 | current lr: 4.567e-04
epoch: [312/500] | loss 0: 0.039378 | loss 1: 0.000000 | current lr: 4.528e-04
| loss 0: 3.938e-02| val metric 0: 0.015429 | best val: 0.015429 at epoch 312 | current lr: 4.528e-04
epoch: [313/500] | loss 0: 0.039104 | loss 1: 0.000000 | current lr: 4.488e-04
| loss 0: 3.910e-02| val metric 0: 0.015302 | best val: 0.015302 at epoch 313 | current lr: 4.488e-04
epoch: [314/500] | loss 0: 0.038788 | loss 1: 0.000000 | current lr: 4.449e-04
| loss 0: 3.879e-02| val metric 0: 0.015430 | best val: 0.015302 at epoch 313 | current lr: 4.449e-04
epoch: [315/500] | loss 0: 0.039086 | loss 1: 0.000000 | current lr: 4.410e-04
| loss 0: 3.909e-02| val metric 0: 0.015263 | best val: 0.015263 at epoch 315 | current lr: 4.410e-04
epoch: [316/500] | loss 0: 0.038509 | loss 1: 0.000000 | current lr: 4.371e-04
| loss 0: 3.851e-02| val metric 0: 0.015068 | best val: 0.015068 at epoch 316 | current lr: 4.371e-04
epoch: [317/500] | loss 0: 0.038176 | loss 1: 0.000000 | current lr: 4.332e-04
| loss 0: 3.818e-02| val metric 0: 0.015042 | best val: 0.015042 at epoch 317 | current lr: 4.332e-04
epoch: [318/500] | loss 0: 0.037864 | loss 1: 0.000000 | current lr: 4.294e-04
| loss 0: 3.786e-02| val metric 0: 0.015416 | best val: 0.015042 at epoch 317 | current lr: 4.294e-04
epoch: [319/500] | loss 0: 0.038403 | loss 1: 0.000000 | current lr: 4.255e-04
| loss 0: 3.840e-02| val metric 0: 0.014990 | best val: 0.014990 at epoch 319 | current lr: 4.255e-04
epoch: [320/500] | loss 0: 0.037682 | loss 1: 0.000000 | current lr: 4.216e-04
| loss 0: 3.768e-02| val metric 0: 0.014756 | best val: 0.014756 at epoch 320 | current lr: 4.216e-04
epoch: [321/500] | loss 0: 0.037404 | loss 1: 0.000000 | current lr: 4.177e-04
| loss 0: 3.740e-02| val metric 0: 0.014701 | best val: 0.014701 at epoch 321 | current lr: 4.177e-04
epoch: [322/500] | loss 0: 0.037164 | loss 1: 0.000000 | current lr: 4.138e-04
| loss 0: 3.716e-02| val metric 0: 0.014824 | best val: 0.014701 at epoch 321 | current lr: 4.138e-04
epoch: [323/500] | loss 0: 0.036435 | loss 1: 0.000000 | current lr: 4.100e-04
| loss 0: 3.643e-02| val metric 0: 0.014509 | best val: 0.014509 at epoch 323 | current lr: 4.100e-04
epoch: [324/500] | loss 0: 0.037278 | loss 1: 0.000000 | current lr: 4.061e-04
| loss 0: 3.728e-02| val metric 0: 0.014511 | best val: 0.014509 at epoch 323 | current lr: 4.061e-04
epoch: [325/500] | loss 0: 0.036341 | loss 1: 0.000000 | current lr: 4.023e-04
| loss 0: 3.634e-02| val metric 0: 0.014965 | best val: 0.014509 at epoch 323 | current lr: 4.023e-04
epoch: [326/500] | loss 0: 0.036749 | loss 1: 0.000000 | current lr: 3.984e-04
| loss 0: 3.675e-02| val metric 0: 0.014326 | best val: 0.014326 at epoch 326 | current lr: 3.984e-04
epoch: [327/500] | loss 0: 0.036331 | loss 1: 0.000000 | current lr: 3.946e-04
| loss 0: 3.633e-02| val metric 0: 0.014252 | best val: 0.014252 at epoch 327 | current lr: 3.946e-04
epoch: [328/500] | loss 0: 0.036070 | loss 1: 0.000000 | current lr: 3.907e-04
| loss 0: 3.607e-02| val metric 0: 0.014170 | best val: 0.014170 at epoch 328 | current lr: 3.907e-04
epoch: [329/500] | loss 0: 0.035969 | loss 1: 0.000000 | current lr: 3.869e-04
| loss 0: 3.597e-02| val metric 0: 0.014091 | best val: 0.014091 at epoch 329 | current lr: 3.869e-04
epoch: [330/500] | loss 0: 0.035829 | loss 1: 0.000000 | current lr: 3.831e-04
| loss 0: 3.583e-02| val metric 0: 0.014043 | best val: 0.014043 at epoch 330 | current lr: 3.831e-04
epoch: [331/500] | loss 0: 0.035545 | loss 1: 0.000000 | current lr: 3.793e-04
| loss 0: 3.555e-02| val metric 0: 0.013976 | best val: 0.013976 at epoch 331 | current lr: 3.793e-04
epoch: [332/500] | loss 0: 0.035324 | loss 1: 0.000000 | current lr: 3.755e-04
| loss 0: 3.532e-02| val metric 0: 0.013886 | best val: 0.013886 at epoch 332 | current lr: 3.755e-04
epoch: [333/500] | loss 0: 0.035189 | loss 1: 0.000000 | current lr: 3.717e-04
| loss 0: 3.519e-02| val metric 0: 0.013826 | best val: 0.013826 at epoch 333 | current lr: 3.717e-04
epoch: [334/500] | loss 0: 0.034971 | loss 1: 0.000000 | current lr: 3.679e-04
| loss 0: 3.497e-02| val metric 0: 0.013763 | best val: 0.013763 at epoch 334 | current lr: 3.679e-04
epoch: [335/500] | loss 0: 0.034777 | loss 1: 0.000000 | current lr: 3.641e-04
| loss 0: 3.478e-02| val metric 0: 0.013697 | best val: 0.013697 at epoch 335 | current lr: 3.641e-04
epoch: [336/500] | loss 0: 0.034593 | loss 1: 0.000000 | current lr: 3.603e-04
| loss 0: 3.459e-02| val metric 0: 0.013635 | best val: 0.013635 at epoch 336 | current lr: 3.603e-04
epoch: [337/500] | loss 0: 0.034401 | loss 1: 0.000000 | current lr: 3.565e-04
| loss 0: 3.440e-02| val metric 0: 0.013571 | best val: 0.013571 at epoch 337 | current lr: 3.565e-04
epoch: [338/500] | loss 0: 0.034217 | loss 1: 0.000000 | current lr: 3.528e-04
| loss 0: 3.422e-02| val metric 0: 0.013509 | best val: 0.013509 at epoch 338 | current lr: 3.528e-04
epoch: [339/500] | loss 0: 0.034032 | loss 1: 0.000000 | current lr: 3.490e-04
| loss 0: 3.403e-02| val metric 0: 0.013446 | best val: 0.013446 at epoch 339 | current lr: 3.490e-04
epoch: [340/500] | loss 0: 0.033850 | loss 1: 0.000000 | current lr: 3.453e-04
| loss 0: 3.385e-02| val metric 0: 0.013385 | best val: 0.013385 at epoch 340 | current lr: 3.453e-04
epoch: [341/500] | loss 0: 0.033670 | loss 1: 0.000000 | current lr: 3.416e-04
| loss 0: 3.367e-02| val metric 0: 0.013324 | best val: 0.013324 at epoch 341 | current lr: 3.416e-04
epoch: [342/500] | loss 0: 0.033492 | loss 1: 0.000000 | current lr: 3.379e-04
| loss 0: 3.349e-02| val metric 0: 0.013264 | best val: 0.013264 at epoch 342 | current lr: 3.379e-04
epoch: [343/500] | loss 0: 0.033316 | loss 1: 0.000000 | current lr: 3.341e-04
| loss 0: 3.332e-02| val metric 0: 0.013204 | best val: 0.013204 at epoch 343 | current lr: 3.341e-04
epoch: [344/500] | loss 0: 0.033143 | loss 1: 0.000000 | current lr: 3.304e-04
| loss 0: 3.314e-02| val metric 0: 0.013147 | best val: 0.013147 at epoch 344 | current lr: 3.304e-04
epoch: [345/500] | loss 0: 0.032971 | loss 1: 0.000000 | current lr: 3.268e-04
| loss 0: 3.297e-02| val metric 0: 0.013091 | best val: 0.013091 at epoch 345 | current lr: 3.268e-04
epoch: [346/500] | loss 0: 0.032801 | loss 1: 0.000000 | current lr: 3.231e-04
| loss 0: 3.280e-02| val metric 0: 0.013037 | best val: 0.013037 at epoch 346 | current lr: 3.231e-04
epoch: [347/500] | loss 0: 0.032633 | loss 1: 0.000000 | current lr: 3.194e-04
| loss 0: 3.263e-02| val metric 0: 0.012985 | best val: 0.012985 at epoch 347 | current lr: 3.194e-04
epoch: [348/500] | loss 0: 0.032468 | loss 1: 0.000000 | current lr: 3.158e-04
| loss 0: 3.247e-02| val metric 0: 0.012936 | best val: 0.012936 at epoch 348 | current lr: 3.158e-04
epoch: [349/500] | loss 0: 0.032305 | loss 1: 0.000000 | current lr: 3.121e-04
| loss 0: 3.230e-02| val metric 0: 0.012888 | best val: 0.012888 at epoch 349 | current lr: 3.121e-04
epoch: [350/500] | loss 0: 0.032143 | loss 1: 0.000000 | current lr: 3.085e-04
| loss 0: 3.214e-02| val metric 0: 0.012839 | best val: 0.012839 at epoch 350 | current lr: 3.085e-04
epoch: [351/500] | loss 0: 0.031981 | loss 1: 0.000000 | current lr: 3.049e-04
| loss 0: 3.198e-02| val metric 0: 0.012784 | best val: 0.012784 at epoch 351 | current lr: 3.049e-04
epoch: [352/500] | loss 0: 0.031819 | loss 1: 0.000000 | current lr: 3.012e-04
| loss 0: 3.182e-02| val metric 0: 0.012723 | best val: 0.012723 at epoch 352 | current lr: 3.012e-04
epoch: [353/500] | loss 0: 0.031657 | loss 1: 0.000000 | current lr: 2.976e-04
| loss 0: 3.166e-02| val metric 0: 0.012660 | best val: 0.012660 at epoch 353 | current lr: 2.976e-04
epoch: [354/500] | loss 0: 0.031497 | loss 1: 0.000000 | current lr: 2.941e-04
| loss 0: 3.150e-02| val metric 0: 0.012601 | best val: 0.012601 at epoch 354 | current lr: 2.941e-04
epoch: [355/500] | loss 0: 0.031340 | loss 1: 0.000000 | current lr: 2.905e-04
| loss 0: 3.134e-02| val metric 0: 0.012544 | best val: 0.012544 at epoch 355 | current lr: 2.905e-04
epoch: [356/500] | loss 0: 0.031187 | loss 1: 0.000000 | current lr: 2.869e-04
| loss 0: 3.119e-02| val metric 0: 0.012490 | best val: 0.012490 at epoch 356 | current lr: 2.869e-04
epoch: [357/500] | loss 0: 0.031037 | loss 1: 0.000000 | current lr: 2.834e-04
| loss 0: 3.104e-02| val metric 0: 0.012437 | best val: 0.012437 at epoch 357 | current lr: 2.834e-04
epoch: [358/500] | loss 0: 0.030889 | loss 1: 0.000000 | current lr: 2.799e-04
| loss 0: 3.089e-02| val metric 0: 0.012385 | best val: 0.012385 at epoch 358 | current lr: 2.799e-04
epoch: [359/500] | loss 0: 0.030745 | loss 1: 0.000000 | current lr: 2.763e-04
| loss 0: 3.074e-02| val metric 0: 0.012333 | best val: 0.012333 at epoch 359 | current lr: 2.763e-04
epoch: [360/500] | loss 0: 0.030603 | loss 1: 0.000000 | current lr: 2.728e-04
| loss 0: 3.060e-02| val metric 0: 0.012281 | best val: 0.012281 at epoch 360 | current lr: 2.728e-04
epoch: [361/500] | loss 0: 0.030463 | loss 1: 0.000000 | current lr: 2.693e-04
| loss 0: 3.046e-02| val metric 0: 0.012229 | best val: 0.012229 at epoch 361 | current lr: 2.693e-04
epoch: [362/500] | loss 0: 0.030325 | loss 1: 0.000000 | current lr: 2.659e-04
| loss 0: 3.032e-02| val metric 0: 0.012178 | best val: 0.012178 at epoch 362 | current lr: 2.659e-04
epoch: [363/500] | loss 0: 0.030190 | loss 1: 0.000000 | current lr: 2.624e-04
| loss 0: 3.019e-02| val metric 0: 0.012127 | best val: 0.012127 at epoch 363 | current lr: 2.624e-04
epoch: [364/500] | loss 0: 0.030056 | loss 1: 0.000000 | current lr: 2.590e-04
| loss 0: 3.006e-02| val metric 0: 0.012076 | best val: 0.012076 at epoch 364 | current lr: 2.590e-04
epoch: [365/500] | loss 0: 0.029925 | loss 1: 0.000000 | current lr: 2.555e-04
| loss 0: 2.992e-02| val metric 0: 0.012025 | best val: 0.012025 at epoch 365 | current lr: 2.555e-04
epoch: [366/500] | loss 0: 0.029797 | loss 1: 0.000000 | current lr: 2.521e-04
| loss 0: 2.980e-02| val metric 0: 0.011976 | best val: 0.011976 at epoch 366 | current lr: 2.521e-04
epoch: [367/500] | loss 0: 0.029670 | loss 1: 0.000000 | current lr: 2.487e-04
| loss 0: 2.967e-02| val metric 0: 0.011927 | best val: 0.011927 at epoch 367 | current lr: 2.487e-04
epoch: [368/500] | loss 0: 0.029547 | loss 1: 0.000000 | current lr: 2.453e-04
| loss 0: 2.955e-02| val metric 0: 0.011878 | best val: 0.011878 at epoch 368 | current lr: 2.453e-04
epoch: [369/500] | loss 0: 0.029428 | loss 1: 0.000000 | current lr: 2.419e-04
| loss 0: 2.943e-02| val metric 0: 0.011831 | best val: 0.011831 at epoch 369 | current lr: 2.419e-04
epoch: [370/500] | loss 0: 0.029312 | loss 1: 0.000000 | current lr: 2.386e-04
| loss 0: 2.931e-02| val metric 0: 0.011785 | best val: 0.011785 at epoch 370 | current lr: 2.386e-04
epoch: [371/500] | loss 0: 0.029203 | loss 1: 0.000000 | current lr: 2.352e-04
| loss 0: 2.920e-02| val metric 0: 0.011740 | best val: 0.011740 at epoch 371 | current lr: 2.352e-04
epoch: [372/500] | loss 0: 0.029106 | loss 1: 0.000000 | current lr: 2.319e-04
| loss 0: 2.911e-02| val metric 0: 0.011695 | best val: 0.011695 at epoch 372 | current lr: 2.319e-04
epoch: [373/500] | loss 0: 0.029042 | loss 1: 0.000000 | current lr: 2.286e-04
| loss 0: 2.904e-02| val metric 0: 0.011645 | best val: 0.011645 at epoch 373 | current lr: 2.286e-04
epoch: [374/500] | loss 0: 0.029138 | loss 1: 0.000000 | current lr: 2.253e-04
| loss 0: 2.914e-02| val metric 0: 0.011593 | best val: 0.011593 at epoch 374 | current lr: 2.253e-04
epoch: [375/500] | loss 0: 0.030164 | loss 1: 0.000000 | current lr: 2.221e-04
| loss 0: 3.016e-02| val metric 0: 0.011664 | best val: 0.011593 at epoch 374 | current lr: 2.221e-04
epoch: [376/500] | loss 0: 0.029318 | loss 1: 0.000000 | current lr: 2.188e-04
| loss 0: 2.932e-02| val metric 0: 0.011503 | best val: 0.011503 at epoch 376 | current lr: 2.188e-04
epoch: [377/500] | loss 0: 0.028959 | loss 1: 0.000000 | current lr: 2.156e-04
| loss 0: 2.896e-02| val metric 0: 0.011478 | best val: 0.011478 at epoch 377 | current lr: 2.156e-04
epoch: [378/500] | loss 0: 0.028730 | loss 1: 0.000000 | current lr: 2.123e-04
| loss 0: 2.873e-02| val metric 0: 0.011415 | best val: 0.011415 at epoch 378 | current lr: 2.123e-04
epoch: [379/500] | loss 0: 0.028612 | loss 1: 0.000000 | current lr: 2.091e-04
| loss 0: 2.861e-02| val metric 0: 0.011387 | best val: 0.011387 at epoch 379 | current lr: 2.091e-04
epoch: [380/500] | loss 0: 0.028295 | loss 1: 0.000000 | current lr: 2.059e-04
| loss 0: 2.830e-02| val metric 0: 0.011352 | best val: 0.011352 at epoch 380 | current lr: 2.059e-04
epoch: [381/500] | loss 0: 0.028129 | loss 1: 0.000000 | current lr: 2.028e-04
| loss 0: 2.813e-02| val metric 0: 0.011297 | best val: 0.011297 at epoch 381 | current lr: 2.028e-04
epoch: [382/500] | loss 0: 0.027977 | loss 1: 0.000000 | current lr: 1.996e-04
| loss 0: 2.798e-02| val metric 0: 0.011262 | best val: 0.011262 at epoch 382 | current lr: 1.996e-04
epoch: [383/500] | loss 0: 0.027883 | loss 1: 0.000000 | current lr: 1.965e-04
| loss 0: 2.788e-02| val metric 0: 0.011220 | best val: 0.011220 at epoch 383 | current lr: 1.965e-04
epoch: [384/500] | loss 0: 0.027785 | loss 1: 0.000000 | current lr: 1.934e-04
| loss 0: 2.778e-02| val metric 0: 0.011184 | best val: 0.011184 at epoch 384 | current lr: 1.934e-04
epoch: [385/500] | loss 0: 0.027691 | loss 1: 0.000000 | current lr: 1.903e-04
| loss 0: 2.769e-02| val metric 0: 0.011146 | best val: 0.011146 at epoch 385 | current lr: 1.903e-04
epoch: [386/500] | loss 0: 0.027600 | loss 1: 0.000000 | current lr: 1.872e-04
| loss 0: 2.760e-02| val metric 0: 0.011110 | best val: 0.011110 at epoch 386 | current lr: 1.872e-04
epoch: [387/500] | loss 0: 0.027509 | loss 1: 0.000000 | current lr: 1.842e-04
| loss 0: 2.751e-02| val metric 0: 0.011074 | best val: 0.011074 at epoch 387 | current lr: 1.842e-04
epoch: [388/500] | loss 0: 0.027420 | loss 1: 0.000000 | current lr: 1.811e-04
| loss 0: 2.742e-02| val metric 0: 0.011038 | best val: 0.011038 at epoch 388 | current lr: 1.811e-04
epoch: [389/500] | loss 0: 0.027332 | loss 1: 0.000000 | current lr: 1.781e-04
| loss 0: 2.733e-02| val metric 0: 0.011003 | best val: 0.011003 at epoch 389 | current lr: 1.781e-04
epoch: [390/500] | loss 0: 0.027246 | loss 1: 0.000000 | current lr: 1.751e-04
| loss 0: 2.725e-02| val metric 0: 0.010969 | best val: 0.010969 at epoch 390 | current lr: 1.751e-04
epoch: [391/500] | loss 0: 0.027160 | loss 1: 0.000000 | current lr: 1.722e-04
| loss 0: 2.716e-02| val metric 0: 0.010935 | best val: 0.010935 at epoch 391 | current lr: 1.722e-04
epoch: [392/500] | loss 0: 0.027077 | loss 1: 0.000000 | current lr: 1.692e-04
| loss 0: 2.708e-02| val metric 0: 0.010902 | best val: 0.010902 at epoch 392 | current lr: 1.692e-04
epoch: [393/500] | loss 0: 0.026995 | loss 1: 0.000000 | current lr: 1.663e-04
| loss 0: 2.699e-02| val metric 0: 0.010869 | best val: 0.010869 at epoch 393 | current lr: 1.663e-04
epoch: [394/500] | loss 0: 0.026914 | loss 1: 0.000000 | current lr: 1.633e-04
| loss 0: 2.691e-02| val metric 0: 0.010838 | best val: 0.010838 at epoch 394 | current lr: 1.633e-04
epoch: [395/500] | loss 0: 0.026835 | loss 1: 0.000000 | current lr: 1.605e-04
| loss 0: 2.684e-02| val metric 0: 0.010806 | best val: 0.010806 at epoch 395 | current lr: 1.605e-04
epoch: [396/500] | loss 0: 0.026757 | loss 1: 0.000000 | current lr: 1.576e-04
| loss 0: 2.676e-02| val metric 0: 0.010773 | best val: 0.010773 at epoch 396 | current lr: 1.576e-04
epoch: [397/500] | loss 0: 0.026677 | loss 1: 0.000000 | current lr: 1.547e-04
| loss 0: 2.668e-02| val metric 0: 0.010740 | best val: 0.010740 at epoch 397 | current lr: 1.547e-04
epoch: [398/500] | loss 0: 0.026596 | loss 1: 0.000000 | current lr: 1.519e-04
| loss 0: 2.660e-02| val metric 0: 0.010706 | best val: 0.010706 at epoch 398 | current lr: 1.519e-04
epoch: [399/500] | loss 0: 0.026513 | loss 1: 0.000000 | current lr: 1.491e-04
| loss 0: 2.651e-02| val metric 0: 0.010673 | best val: 0.010673 at epoch 399 | current lr: 1.491e-04
epoch: [400/500] | loss 0: 0.026431 | loss 1: 0.000000 | current lr: 1.463e-04
| loss 0: 2.643e-02| val metric 0: 0.010642 | best val: 0.010642 at epoch 400 | current lr: 1.463e-04
epoch: [401/500] | loss 0: 0.026352 | loss 1: 0.000000 | current lr: 1.435e-04
| loss 0: 2.635e-02| val metric 0: 0.010612 | best val: 0.010612 at epoch 401 | current lr: 1.435e-04
epoch: [402/500] | loss 0: 0.026276 | loss 1: 0.000000 | current lr: 1.408e-04
| loss 0: 2.628e-02| val metric 0: 0.010582 | best val: 0.010582 at epoch 402 | current lr: 1.408e-04
epoch: [403/500] | loss 0: 0.026201 | loss 1: 0.000000 | current lr: 1.381e-04
| loss 0: 2.620e-02| val metric 0: 0.010553 | best val: 0.010553 at epoch 403 | current lr: 1.381e-04
epoch: [404/500] | loss 0: 0.026127 | loss 1: 0.000000 | current lr: 1.354e-04
| loss 0: 2.613e-02| val metric 0: 0.010524 | best val: 0.010524 at epoch 404 | current lr: 1.354e-04
epoch: [405/500] | loss 0: 0.026055 | loss 1: 0.000000 | current lr: 1.327e-04
| loss 0: 2.605e-02| val metric 0: 0.010495 | best val: 0.010495 at epoch 405 | current lr: 1.327e-04
epoch: [406/500] | loss 0: 0.025983 | loss 1: 0.000000 | current lr: 1.301e-04
| loss 0: 2.598e-02| val metric 0: 0.010467 | best val: 0.010467 at epoch 406 | current lr: 1.301e-04
epoch: [407/500] | loss 0: 0.025913 | loss 1: 0.000000 | current lr: 1.274e-04
| loss 0: 2.591e-02| val metric 0: 0.010439 | best val: 0.010439 at epoch 407 | current lr: 1.274e-04
epoch: [408/500] | loss 0: 0.025844 | loss 1: 0.000000 | current lr: 1.248e-04
| loss 0: 2.584e-02| val metric 0: 0.010411 | best val: 0.010411 at epoch 408 | current lr: 1.248e-04
epoch: [409/500] | loss 0: 0.025777 | loss 1: 0.000000 | current lr: 1.222e-04
| loss 0: 2.578e-02| val metric 0: 0.010384 | best val: 0.010384 at epoch 409 | current lr: 1.222e-04
epoch: [410/500] | loss 0: 0.025710 | loss 1: 0.000000 | current lr: 1.197e-04
| loss 0: 2.571e-02| val metric 0: 0.010358 | best val: 0.010358 at epoch 410 | current lr: 1.197e-04
epoch: [411/500] | loss 0: 0.025645 | loss 1: 0.000000 | current lr: 1.171e-04
| loss 0: 2.565e-02| val metric 0: 0.010332 | best val: 0.010332 at epoch 411 | current lr: 1.171e-04
epoch: [412/500] | loss 0: 0.025581 | loss 1: 0.000000 | current lr: 1.146e-04
| loss 0: 2.558e-02| val metric 0: 0.010306 | best val: 0.010306 at epoch 412 | current lr: 1.146e-04
epoch: [413/500] | loss 0: 0.025519 | loss 1: 0.000000 | current lr: 1.121e-04
| loss 0: 2.552e-02| val metric 0: 0.010281 | best val: 0.010281 at epoch 413 | current lr: 1.121e-04
epoch: [414/500] | loss 0: 0.025458 | loss 1: 0.000000 | current lr: 1.097e-04
| loss 0: 2.546e-02| val metric 0: 0.010257 | best val: 0.010257 at epoch 414 | current lr: 1.097e-04
epoch: [415/500] | loss 0: 0.025399 | loss 1: 0.000000 | current lr: 1.072e-04
| loss 0: 2.540e-02| val metric 0: 0.010234 | best val: 0.010234 at epoch 415 | current lr: 1.072e-04
epoch: [416/500] | loss 0: 0.025343 | loss 1: 0.000000 | current lr: 1.048e-04
| loss 0: 2.534e-02| val metric 0: 0.010210 | best val: 0.010210 at epoch 416 | current lr: 1.048e-04
epoch: [417/500] | loss 0: 0.025289 | loss 1: 0.000000 | current lr: 1.024e-04
| loss 0: 2.529e-02| val metric 0: 0.010186 | best val: 0.010186 at epoch 417 | current lr: 1.024e-04
epoch: [418/500] | loss 0: 0.025238 | loss 1: 0.000000 | current lr: 1.000e-04
| loss 0: 2.524e-02| val metric 0: 0.010160 | best val: 0.010160 at epoch 418 | current lr: 1.000e-04
epoch: [419/500] | loss 0: 0.025183 | loss 1: 0.000000 | current lr: 9.770e-05
| loss 0: 2.518e-02| val metric 0: 0.010133 | best val: 0.010133 at epoch 419 | current lr: 9.770e-05
epoch: [420/500] | loss 0: 0.025120 | loss 1: 0.000000 | current lr: 9.538e-05
| loss 0: 2.512e-02| val metric 0: 0.010112 | best val: 0.010112 at epoch 420 | current lr: 9.538e-05
epoch: [421/500] | loss 0: 0.025053 | loss 1: 0.000000 | current lr: 9.308e-05
| loss 0: 2.505e-02| val metric 0: 0.010090 | best val: 0.010090 at epoch 421 | current lr: 9.308e-05
epoch: [422/500] | loss 0: 0.024992 | loss 1: 0.000000 | current lr: 9.081e-05
| loss 0: 2.499e-02| val metric 0: 0.010067 | best val: 0.010067 at epoch 422 | current lr: 9.081e-05
epoch: [423/500] | loss 0: 0.024939 | loss 1: 0.000000 | current lr: 8.857e-05
| loss 0: 2.494e-02| val metric 0: 0.010046 | best val: 0.010046 at epoch 423 | current lr: 8.857e-05
epoch: [424/500] | loss 0: 0.024887 | loss 1: 0.000000 | current lr: 8.635e-05
| loss 0: 2.489e-02| val metric 0: 0.010026 | best val: 0.010026 at epoch 424 | current lr: 8.635e-05
epoch: [425/500] | loss 0: 0.024837 | loss 1: 0.000000 | current lr: 8.416e-05
| loss 0: 2.484e-02| val metric 0: 0.010006 | best val: 0.010006 at epoch 425 | current lr: 8.416e-05
epoch: [426/500] | loss 0: 0.024787 | loss 1: 0.000000 | current lr: 8.199e-05
| loss 0: 2.479e-02| val metric 0: 0.009987 | best val: 0.009987 at epoch 426 | current lr: 8.199e-05
epoch: [427/500] | loss 0: 0.024738 | loss 1: 0.000000 | current lr: 7.985e-05
| loss 0: 2.474e-02| val metric 0: 0.009967 | best val: 0.009967 at epoch 427 | current lr: 7.985e-05
epoch: [428/500] | loss 0: 0.024689 | loss 1: 0.000000 | current lr: 7.773e-05
| loss 0: 2.469e-02| val metric 0: 0.009947 | best val: 0.009947 at epoch 428 | current lr: 7.773e-05
epoch: [429/500] | loss 0: 0.024641 | loss 1: 0.000000 | current lr: 7.564e-05
| loss 0: 2.464e-02| val metric 0: 0.009928 | best val: 0.009928 at epoch 429 | current lr: 7.564e-05
epoch: [430/500] | loss 0: 0.024595 | loss 1: 0.000000 | current lr: 7.358e-05
| loss 0: 2.460e-02| val metric 0: 0.009910 | best val: 0.009910 at epoch 430 | current lr: 7.358e-05
epoch: [431/500] | loss 0: 0.024551 | loss 1: 0.000000 | current lr: 7.154e-05
| loss 0: 2.455e-02| val metric 0: 0.009891 | best val: 0.009891 at epoch 431 | current lr: 7.154e-05
epoch: [432/500] | loss 0: 0.024509 | loss 1: 0.000000 | current lr: 6.953e-05
| loss 0: 2.451e-02| val metric 0: 0.009873 | best val: 0.009873 at epoch 432 | current lr: 6.953e-05
epoch: [433/500] | loss 0: 0.024469 | loss 1: 0.000000 | current lr: 6.754e-05
| loss 0: 2.447e-02| val metric 0: 0.009856 | best val: 0.009856 at epoch 433 | current lr: 6.754e-05
epoch: [434/500] | loss 0: 0.024432 | loss 1: 0.000000 | current lr: 6.559e-05
| loss 0: 2.443e-02| val metric 0: 0.009841 | best val: 0.009841 at epoch 434 | current lr: 6.559e-05
epoch: [435/500] | loss 0: 0.024394 | loss 1: 0.000000 | current lr: 6.366e-05
| loss 0: 2.439e-02| val metric 0: 0.009828 | best val: 0.009828 at epoch 435 | current lr: 6.366e-05
epoch: [436/500] | loss 0: 0.024353 | loss 1: 0.000000 | current lr: 6.175e-05
| loss 0: 2.435e-02| val metric 0: 0.009810 | best val: 0.009810 at epoch 436 | current lr: 6.175e-05
epoch: [437/500] | loss 0: 0.024307 | loss 1: 0.000000 | current lr: 5.988e-05
| loss 0: 2.431e-02| val metric 0: 0.009790 | best val: 0.009790 at epoch 437 | current lr: 5.988e-05
epoch: [438/500] | loss 0: 0.024264 | loss 1: 0.000000 | current lr: 5.803e-05
| loss 0: 2.426e-02| val metric 0: 0.009774 | best val: 0.009774 at epoch 438 | current lr: 5.803e-05
epoch: [439/500] | loss 0: 0.024227 | loss 1: 0.000000 | current lr: 5.620e-05
| loss 0: 2.423e-02| val metric 0: 0.009760 | best val: 0.009760 at epoch 439 | current lr: 5.620e-05
epoch: [440/500] | loss 0: 0.024191 | loss 1: 0.000000 | current lr: 5.441e-05
| loss 0: 2.419e-02| val metric 0: 0.009745 | best val: 0.009745 at epoch 440 | current lr: 5.441e-05
epoch: [441/500] | loss 0: 0.024156 | loss 1: 0.000000 | current lr: 5.264e-05
| loss 0: 2.416e-02| val metric 0: 0.009731 | best val: 0.009731 at epoch 441 | current lr: 5.264e-05
epoch: [442/500] | loss 0: 0.024123 | loss 1: 0.000000 | current lr: 5.090e-05
| loss 0: 2.412e-02| val metric 0: 0.009717 | best val: 0.009717 at epoch 442 | current lr: 5.090e-05
epoch: [443/500] | loss 0: 0.024090 | loss 1: 0.000000 | current lr: 4.919e-05
| loss 0: 2.409e-02| val metric 0: 0.009703 | best val: 0.009703 at epoch 443 | current lr: 4.919e-05
epoch: [444/500] | loss 0: 0.024057 | loss 1: 0.000000 | current lr: 4.750e-05
| loss 0: 2.406e-02| val metric 0: 0.009691 | best val: 0.009691 at epoch 444 | current lr: 4.750e-05
epoch: [445/500] | loss 0: 0.024025 | loss 1: 0.000000 | current lr: 4.585e-05
| loss 0: 2.402e-02| val metric 0: 0.009679 | best val: 0.009679 at epoch 445 | current lr: 4.585e-05
epoch: [446/500] | loss 0: 0.023993 | loss 1: 0.000000 | current lr: 4.422e-05
| loss 0: 2.399e-02| val metric 0: 0.009666 | best val: 0.009666 at epoch 446 | current lr: 4.422e-05
epoch: [447/500] | loss 0: 0.023962 | loss 1: 0.000000 | current lr: 4.262e-05
| loss 0: 2.396e-02| val metric 0: 0.009655 | best val: 0.009655 at epoch 447 | current lr: 4.262e-05
epoch: [448/500] | loss 0: 0.023934 | loss 1: 0.000000 | current lr: 4.104e-05
| loss 0: 2.393e-02| val metric 0: 0.009644 | best val: 0.009644 at epoch 448 | current lr: 4.104e-05
epoch: [449/500] | loss 0: 0.023908 | loss 1: 0.000000 | current lr: 3.950e-05
| loss 0: 2.391e-02| val metric 0: 0.009632 | best val: 0.009632 at epoch 449 | current lr: 3.950e-05
epoch: [450/500] | loss 0: 0.023881 | loss 1: 0.000000 | current lr: 3.799e-05
| loss 0: 2.388e-02| val metric 0: 0.009620 | best val: 0.009620 at epoch 450 | current lr: 3.799e-05
epoch: [451/500] | loss 0: 0.023855 | loss 1: 0.000000 | current lr: 3.650e-05
| loss 0: 2.386e-02| val metric 0: 0.009609 | best val: 0.009609 at epoch 451 | current lr: 3.650e-05
epoch: [452/500] | loss 0: 0.023828 | loss 1: 0.000000 | current lr: 3.504e-05
| loss 0: 2.383e-02| val metric 0: 0.009599 | best val: 0.009599 at epoch 452 | current lr: 3.504e-05
epoch: [453/500] | loss 0: 0.023802 | loss 1: 0.000000 | current lr: 3.361e-05
| loss 0: 2.380e-02| val metric 0: 0.009589 | best val: 0.009589 at epoch 453 | current lr: 3.361e-05
epoch: [454/500] | loss 0: 0.023778 | loss 1: 0.000000 | current lr: 3.221e-05
| loss 0: 2.378e-02| val metric 0: 0.009579 | best val: 0.009579 at epoch 454 | current lr: 3.221e-05
epoch: [455/500] | loss 0: 0.023756 | loss 1: 0.000000 | current lr: 3.084e-05
| loss 0: 2.376e-02| val metric 0: 0.009570 | best val: 0.009570 at epoch 455 | current lr: 3.084e-05
epoch: [456/500] | loss 0: 0.023735 | loss 1: 0.000000 | current lr: 2.949e-05
| loss 0: 2.373e-02| val metric 0: 0.009562 | best val: 0.009562 at epoch 456 | current lr: 2.949e-05
epoch: [457/500] | loss 0: 0.023714 | loss 1: 0.000000 | current lr: 2.818e-05
| loss 0: 2.371e-02| val metric 0: 0.009554 | best val: 0.009554 at epoch 457 | current lr: 2.818e-05
epoch: [458/500] | loss 0: 0.023695 | loss 1: 0.000000 | current lr: 2.689e-05
| loss 0: 2.369e-02| val metric 0: 0.009546 | best val: 0.009546 at epoch 458 | current lr: 2.689e-05
epoch: [459/500] | loss 0: 0.023677 | loss 1: 0.000000 | current lr: 2.564e-05
| loss 0: 2.368e-02| val metric 0: 0.009538 | best val: 0.009538 at epoch 459 | current lr: 2.564e-05
epoch: [460/500] | loss 0: 0.023659 | loss 1: 0.000000 | current lr: 2.441e-05
| loss 0: 2.366e-02| val metric 0: 0.009530 | best val: 0.009530 at epoch 460 | current lr: 2.441e-05
epoch: [461/500] | loss 0: 0.023643 | loss 1: 0.000000 | current lr: 2.321e-05
| loss 0: 2.364e-02| val metric 0: 0.009525 | best val: 0.009525 at epoch 461 | current lr: 2.321e-05
epoch: [462/500] | loss 0: 0.023627 | loss 1: 0.000000 | current lr: 2.205e-05
| loss 0: 2.363e-02| val metric 0: 0.009521 | best val: 0.009521 at epoch 462 | current lr: 2.205e-05
epoch: [463/500] | loss 0: 0.023612 | loss 1: 0.000000 | current lr: 2.091e-05
| loss 0: 2.361e-02| val metric 0: 0.009517 | best val: 0.009517 at epoch 463 | current lr: 2.091e-05
epoch: [464/500] | loss 0: 0.023601 | loss 1: 0.000000 | current lr: 1.980e-05
| loss 0: 2.360e-02| val metric 0: 0.009511 | best val: 0.009511 at epoch 464 | current lr: 1.980e-05
epoch: [465/500] | loss 0: 0.023590 | loss 1: 0.000000 | current lr: 1.872e-05
| loss 0: 2.359e-02| val metric 0: 0.009499 | best val: 0.009499 at epoch 465 | current lr: 1.872e-05
epoch: [466/500] | loss 0: 0.023572 | loss 1: 0.000000 | current lr: 1.767e-05
| loss 0: 2.357e-02| val metric 0: 0.009494 | best val: 0.009494 at epoch 466 | current lr: 1.767e-05
epoch: [467/500] | loss 0: 0.023549 | loss 1: 0.000000 | current lr: 1.665e-05
| loss 0: 2.355e-02| val metric 0: 0.009487 | best val: 0.009487 at epoch 467 | current lr: 1.665e-05
epoch: [468/500] | loss 0: 0.023533 | loss 1: 0.000000 | current lr: 1.566e-05
| loss 0: 2.353e-02| val metric 0: 0.009482 | best val: 0.009482 at epoch 468 | current lr: 1.566e-05
epoch: [469/500] | loss 0: 0.023522 | loss 1: 0.000000 | current lr: 1.470e-05
| loss 0: 2.352e-02| val metric 0: 0.009477 | best val: 0.009477 at epoch 469 | current lr: 1.470e-05
epoch: [470/500] | loss 0: 0.023509 | loss 1: 0.000000 | current lr: 1.377e-05
| loss 0: 2.351e-02| val metric 0: 0.009472 | best val: 0.009472 at epoch 470 | current lr: 1.377e-05
epoch: [471/500] | loss 0: 0.023499 | loss 1: 0.000000 | current lr: 1.287e-05
| loss 0: 2.350e-02| val metric 0: 0.009468 | best val: 0.009468 at epoch 471 | current lr: 1.287e-05
epoch: [472/500] | loss 0: 0.023488 | loss 1: 0.000000 | current lr: 1.200e-05
| loss 0: 2.349e-02| val metric 0: 0.009464 | best val: 0.009464 at epoch 472 | current lr: 1.200e-05
epoch: [473/500] | loss 0: 0.023479 | loss 1: 0.000000 | current lr: 1.116e-05
| loss 0: 2.348e-02| val metric 0: 0.009460 | best val: 0.009460 at epoch 473 | current lr: 1.116e-05
epoch: [474/500] | loss 0: 0.023470 | loss 1: 0.000000 | current lr: 1.035e-05
| loss 0: 2.347e-02| val metric 0: 0.009457 | best val: 0.009457 at epoch 474 | current lr: 1.035e-05
epoch: [475/500] | loss 0: 0.023461 | loss 1: 0.000000 | current lr: 9.569e-06
| loss 0: 2.346e-02| val metric 0: 0.009453 | best val: 0.009453 at epoch 475 | current lr: 9.569e-06
epoch: [476/500] | loss 0: 0.023454 | loss 1: 0.000000 | current lr: 8.820e-06
| loss 0: 2.345e-02| val metric 0: 0.009450 | best val: 0.009450 at epoch 476 | current lr: 8.820e-06
epoch: [477/500] | loss 0: 0.023446 | loss 1: 0.000000 | current lr: 8.100e-06
| loss 0: 2.345e-02| val metric 0: 0.009447 | best val: 0.009447 at epoch 477 | current lr: 8.100e-06
epoch: [478/500] | loss 0: 0.023439 | loss 1: 0.000000 | current lr: 7.412e-06
| loss 0: 2.344e-02| val metric 0: 0.009445 | best val: 0.009445 at epoch 478 | current lr: 7.412e-06
epoch: [479/500] | loss 0: 0.023433 | loss 1: 0.000000 | current lr: 6.753e-06
| loss 0: 2.343e-02| val metric 0: 0.009442 | best val: 0.009442 at epoch 479 | current lr: 6.753e-06
epoch: [480/500] | loss 0: 0.023427 | loss 1: 0.000000 | current lr: 6.125e-06
| loss 0: 2.343e-02| val metric 0: 0.009440 | best val: 0.009440 at epoch 480 | current lr: 6.125e-06
epoch: [481/500] | loss 0: 0.023422 | loss 1: 0.000000 | current lr: 5.528e-06
| loss 0: 2.342e-02| val metric 0: 0.009438 | best val: 0.009438 at epoch 481 | current lr: 5.528e-06
epoch: [482/500] | loss 0: 0.023417 | loss 1: 0.000000 | current lr: 4.961e-06
| loss 0: 2.342e-02| val metric 0: 0.009436 | best val: 0.009436 at epoch 482 | current lr: 4.961e-06
epoch: [483/500] | loss 0: 0.023413 | loss 1: 0.000000 | current lr: 4.424e-06
| loss 0: 2.341e-02| val metric 0: 0.009434 | best val: 0.009434 at epoch 483 | current lr: 4.424e-06
epoch: [484/500] | loss 0: 0.023409 | loss 1: 0.000000 | current lr: 3.918e-06
| loss 0: 2.341e-02| val metric 0: 0.009433 | best val: 0.009433 at epoch 484 | current lr: 3.918e-06
epoch: [485/500] | loss 0: 0.023406 | loss 1: 0.000000 | current lr: 3.443e-06
| loss 0: 2.341e-02| val metric 0: 0.009431 | best val: 0.009431 at epoch 485 | current lr: 3.443e-06
epoch: [486/500] | loss 0: 0.023402 | loss 1: 0.000000 | current lr: 2.998e-06
| loss 0: 2.340e-02| val metric 0: 0.009430 | best val: 0.009430 at epoch 486 | current lr: 2.998e-06
epoch: [487/500] | loss 0: 0.023400 | loss 1: 0.000000 | current lr: 2.584e-06
| loss 0: 2.340e-02| val metric 0: 0.009429 | best val: 0.009429 at epoch 487 | current lr: 2.584e-06
epoch: [488/500] | loss 0: 0.023397 | loss 1: 0.000000 | current lr: 2.201e-06
| loss 0: 2.340e-02| val metric 0: 0.009428 | best val: 0.009428 at epoch 488 | current lr: 2.201e-06
epoch: [489/500] | loss 0: 0.023395 | loss 1: 0.000000 | current lr: 1.848e-06
| loss 0: 2.340e-02| val metric 0: 0.009428 | best val: 0.009428 at epoch 489 | current lr: 1.848e-06
epoch: [490/500] | loss 0: 0.023394 | loss 1: 0.000000 | current lr: 1.526e-06
| loss 0: 2.339e-02| val metric 0: 0.009427 | best val: 0.009427 at epoch 490 | current lr: 1.526e-06
epoch: [491/500] | loss 0: 0.023392 | loss 1: 0.000000 | current lr: 1.235e-06
| loss 0: 2.339e-02| val metric 0: 0.009426 | best val: 0.009426 at epoch 491 | current lr: 1.235e-06
epoch: [492/500] | loss 0: 0.023391 | loss 1: 0.000000 | current lr: 9.744e-07
| loss 0: 2.339e-02| val metric 0: 0.009426 | best val: 0.009426 at epoch 492 | current lr: 9.744e-07
epoch: [493/500] | loss 0: 0.023390 | loss 1: 0.000000 | current lr: 7.447e-07
| loss 0: 2.339e-02| val metric 0: 0.009426 | best val: 0.009426 at epoch 493 | current lr: 7.447e-07
epoch: [494/500] | loss 0: 0.023389 | loss 1: 0.000000 | current lr: 5.459e-07
| loss 0: 2.339e-02| val metric 0: 0.009425 | best val: 0.009425 at epoch 494 | current lr: 5.459e-07
epoch: [495/500] | loss 0: 0.023389 | loss 1: 0.000000 | current lr: 3.778e-07
| loss 0: 2.339e-02| val metric 0: 0.009425 | best val: 0.009425 at epoch 495 | current lr: 3.778e-07
epoch: [496/500] | loss 0: 0.023388 | loss 1: 0.000000 | current lr: 2.406e-07
| loss 0: 2.339e-02| val metric 0: 0.009425 | best val: 0.009425 at epoch 496 | current lr: 2.406e-07
epoch: [497/500] | loss 0: 0.023388 | loss 1: 0.000000 | current lr: 1.342e-07
| loss 0: 2.339e-02| val metric 0: 0.009425 | best val: 0.009425 at epoch 497 | current lr: 1.342e-07
epoch: [498/500] | loss 0: 0.023388 | loss 1: 0.000000 | current lr: 5.865e-08
| loss 0: 2.339e-02| val metric 0: 0.009425 | best val: 0.009425 at epoch 498 | current lr: 5.865e-08
epoch: [499/500] | loss 0: 0.023388 | loss 1: 0.000000 | current lr: 1.393e-08
| loss 0: 2.339e-02| val metric 0: 0.009425 | best val: 0.009425 at epoch 499 | current lr: 1.393e-08
epoch: [500/500] | loss 0: 0.023388 | loss 1: 0.000000 | current lr: 4.855e-11
| loss 0: 2.339e-02| val metric 0: 0.009425 | best val: 0.009425 at epoch 499 | current lr: 4.855e-11
Training takes 1142.9096751213074 seconds.
