Load dataset finished 0.08492660522460938
Training with 1000 samples
Target features are normalized using unit transformer
tensor([[0.7733]]) tensor([[0.3227]])
Target features are normalized using unit transformer
Input features are normalized using unit transformer
Load dataset finished 0.01410055160522461
Testing with 200 samples
Target features are normalized using unit transformer
Input features are normalized using unit transformer
3


The following code snippets have been run.
==================================================

    os.environ['PYTHONHASHSEED'] = str(2023)
    numpy.random.seed(2023)
    torch.manual_seed(2023)
    torch.cuda.manual_seed(2023)
    torch.backends.cudnn.deterministic = True
    torch.backends.cudnn.benchmark = False
    if torch.cuda.is_available():
        torch.cuda.manual_seed_all(2023)
    
==================================================
Using Linear Attention
Using Linear Attention
Using Linear Attention

Model: MIOEGPT	 Number of params: 9884
Saving model and result in ./../models/checkpoints/diffr3d_all_MIOEGPTrel2_0917_01_30_40.pt

Using cycle learning rate schedule
epoch: [1/500] | loss 0: 1.199226 | loss 1: 0.000000 | current lr: 3.469e-07
| loss 0: 1.199e+00| val metric 0: 0.515723 | best val: 0.515723 at epoch 1 | current lr: 3.469e-07
epoch: [2/500] | loss 0: 1.196725 | loss 1: 0.000000 | current lr: 1.088e-06
| loss 0: 1.197e+00| val metric 0: 0.513952 | best val: 0.513952 at epoch 2 | current lr: 1.088e-06
epoch: [3/500] | loss 0: 1.189332 | loss 1: 0.000000 | current lr: 2.321e-06
| loss 0: 1.189e+00| val metric 0: 0.509590 | best val: 0.509590 at epoch 3 | current lr: 2.321e-06
epoch: [4/500] | loss 0: 1.173882 | loss 1: 0.000000 | current lr: 4.046e-06
| loss 0: 1.174e+00| val metric 0: 0.501457 | best val: 0.501457 at epoch 4 | current lr: 4.046e-06
epoch: [5/500] | loss 0: 1.147780 | loss 1: 0.000000 | current lr: 6.261e-06
| loss 0: 1.148e+00| val metric 0: 0.488648 | best val: 0.488648 at epoch 5 | current lr: 6.261e-06
epoch: [6/500] | loss 0: 1.109644 | loss 1: 0.000000 | current lr: 8.964e-06
| loss 0: 1.110e+00| val metric 0: 0.470793 | best val: 0.470793 at epoch 6 | current lr: 8.964e-06
epoch: [7/500] | loss 0: 1.060283 | loss 1: 0.000000 | current lr: 1.215e-05
| loss 0: 1.060e+00| val metric 0: 0.448436 | best val: 0.448436 at epoch 7 | current lr: 1.215e-05
epoch: [8/500] | loss 0: 1.003864 | loss 1: 0.000000 | current lr: 1.582e-05
| loss 0: 1.004e+00| val metric 0: 0.423405 | best val: 0.423405 at epoch 8 | current lr: 1.582e-05
epoch: [9/500] | loss 0: 0.948454 | loss 1: 0.000000 | current lr: 1.997e-05
| loss 0: 9.485e-01| val metric 0: 0.398775 | best val: 0.398775 at epoch 9 | current lr: 1.997e-05
epoch: [10/500] | loss 0: 0.904157 | loss 1: 0.000000 | current lr: 2.459e-05
| loss 0: 9.042e-01| val metric 0: 0.378084 | best val: 0.378084 at epoch 10 | current lr: 2.459e-05
epoch: [11/500] | loss 0: 0.878237 | loss 1: 0.000000 | current lr: 2.969e-05
| loss 0: 8.782e-01| val metric 0: 0.364584 | best val: 0.364584 at epoch 11 | current lr: 2.969e-05
epoch: [12/500] | loss 0: 0.864586 | loss 1: 0.000000 | current lr: 3.524e-05
| loss 0: 8.646e-01| val metric 0: 0.357145 | best val: 0.357145 at epoch 12 | current lr: 3.524e-05
epoch: [13/500] | loss 0: 0.845324 | loss 1: 0.000000 | current lr: 4.126e-05
| loss 0: 8.453e-01| val metric 0: 0.351180 | best val: 0.351180 at epoch 13 | current lr: 4.126e-05
epoch: [14/500] | loss 0: 0.819746 | loss 1: 0.000000 | current lr: 4.773e-05
| loss 0: 8.197e-01| val metric 0: 0.340110 | best val: 0.340110 at epoch 14 | current lr: 4.773e-05
epoch: [15/500] | loss 0: 0.784233 | loss 1: 0.000000 | current lr: 5.464e-05
| loss 0: 7.842e-01| val metric 0: 0.323669 | best val: 0.323669 at epoch 15 | current lr: 5.464e-05
epoch: [16/500] | loss 0: 0.735107 | loss 1: 0.000000 | current lr: 6.200e-05
| loss 0: 7.351e-01| val metric 0: 0.304137 | best val: 0.304137 at epoch 16 | current lr: 6.200e-05
epoch: [17/500] | loss 0: 0.673822 | loss 1: 0.000000 | current lr: 6.979e-05
| loss 0: 6.738e-01| val metric 0: 0.280665 | best val: 0.280665 at epoch 17 | current lr: 6.979e-05
epoch: [18/500] | loss 0: 0.603804 | loss 1: 0.000000 | current lr: 7.800e-05
| loss 0: 6.038e-01| val metric 0: 0.245940 | best val: 0.245940 at epoch 18 | current lr: 7.800e-05
epoch: [19/500] | loss 0: 0.524023 | loss 1: 0.000000 | current lr: 8.663e-05
| loss 0: 5.240e-01| val metric 0: 0.211397 | best val: 0.211397 at epoch 19 | current lr: 8.663e-05
epoch: [20/500] | loss 0: 0.455342 | loss 1: 0.000000 | current lr: 9.567e-05
| loss 0: 4.553e-01| val metric 0: 0.186389 | best val: 0.186389 at epoch 20 | current lr: 9.567e-05
epoch: [21/500] | loss 0: 0.406758 | loss 1: 0.000000 | current lr: 1.051e-04
| loss 0: 4.068e-01| val metric 0: 0.168942 | best val: 0.168942 at epoch 21 | current lr: 1.051e-04
epoch: [22/500] | loss 0: 0.375567 | loss 1: 0.000000 | current lr: 1.149e-04
| loss 0: 3.756e-01| val metric 0: 0.157356 | best val: 0.157356 at epoch 22 | current lr: 1.149e-04
epoch: [23/500] | loss 0: 0.352167 | loss 1: 0.000000 | current lr: 1.252e-04
| loss 0: 3.522e-01| val metric 0: 0.147133 | best val: 0.147133 at epoch 23 | current lr: 1.252e-04
epoch: [24/500] | loss 0: 0.330882 | loss 1: 0.000000 | current lr: 1.357e-04
| loss 0: 3.309e-01| val metric 0: 0.137048 | best val: 0.137048 at epoch 24 | current lr: 1.357e-04
epoch: [25/500] | loss 0: 0.310419 | loss 1: 0.000000 | current lr: 1.467e-04
| loss 0: 3.104e-01| val metric 0: 0.126975 | best val: 0.126975 at epoch 25 | current lr: 1.467e-04
epoch: [26/500] | loss 0: 0.292371 | loss 1: 0.000000 | current lr: 1.580e-04
| loss 0: 2.924e-01| val metric 0: 0.118556 | best val: 0.118556 at epoch 26 | current lr: 1.580e-04
epoch: [27/500] | loss 0: 0.276709 | loss 1: 0.000000 | current lr: 1.696e-04
| loss 0: 2.767e-01| val metric 0: 0.111659 | best val: 0.111659 at epoch 27 | current lr: 1.696e-04
epoch: [28/500] | loss 0: 0.261809 | loss 1: 0.000000 | current lr: 1.815e-04
| loss 0: 2.618e-01| val metric 0: 0.104582 | best val: 0.104582 at epoch 28 | current lr: 1.815e-04
epoch: [29/500] | loss 0: 0.246091 | loss 1: 0.000000 | current lr: 1.938e-04
| loss 0: 2.461e-01| val metric 0: 0.098043 | best val: 0.098043 at epoch 29 | current lr: 1.938e-04
epoch: [30/500] | loss 0: 0.228219 | loss 1: 0.000000 | current lr: 2.064e-04
| loss 0: 2.282e-01| val metric 0: 0.090526 | best val: 0.090526 at epoch 30 | current lr: 2.064e-04
epoch: [31/500] | loss 0: 0.212827 | loss 1: 0.000000 | current lr: 2.192e-04
| loss 0: 2.128e-01| val metric 0: 0.083483 | best val: 0.083483 at epoch 31 | current lr: 2.192e-04
epoch: [32/500] | loss 0: 0.195618 | loss 1: 0.000000 | current lr: 2.324e-04
| loss 0: 1.956e-01| val metric 0: 0.075426 | best val: 0.075426 at epoch 32 | current lr: 2.324e-04
epoch: [33/500] | loss 0: 0.177892 | loss 1: 0.000000 | current lr: 2.458e-04
| loss 0: 1.779e-01| val metric 0: 0.068134 | best val: 0.068134 at epoch 33 | current lr: 2.458e-04
epoch: [34/500] | loss 0: 0.165282 | loss 1: 0.000000 | current lr: 2.594e-04
| loss 0: 1.653e-01| val metric 0: 0.064273 | best val: 0.064273 at epoch 34 | current lr: 2.594e-04
epoch: [35/500] | loss 0: 0.155098 | loss 1: 0.000000 | current lr: 2.733e-04
| loss 0: 1.551e-01| val metric 0: 0.058175 | best val: 0.058175 at epoch 35 | current lr: 2.733e-04
epoch: [36/500] | loss 0: 0.139205 | loss 1: 0.000000 | current lr: 2.874e-04
| loss 0: 1.392e-01| val metric 0: 0.053368 | best val: 0.053368 at epoch 36 | current lr: 2.874e-04
epoch: [37/500] | loss 0: 0.139527 | loss 1: 0.000000 | current lr: 3.018e-04
| loss 0: 1.395e-01| val metric 0: 0.054067 | best val: 0.053368 at epoch 36 | current lr: 3.018e-04
epoch: [38/500] | loss 0: 0.132381 | loss 1: 0.000000 | current lr: 3.163e-04
| loss 0: 1.324e-01| val metric 0: 0.050062 | best val: 0.050062 at epoch 38 | current lr: 3.163e-04
epoch: [39/500] | loss 0: 0.128016 | loss 1: 0.000000 | current lr: 3.310e-04
| loss 0: 1.280e-01| val metric 0: 0.048954 | best val: 0.048954 at epoch 39 | current lr: 3.310e-04
epoch: [40/500] | loss 0: 0.131963 | loss 1: 0.000000 | current lr: 3.459e-04
| loss 0: 1.320e-01| val metric 0: 0.048907 | best val: 0.048907 at epoch 40 | current lr: 3.459e-04
epoch: [41/500] | loss 0: 0.122766 | loss 1: 0.000000 | current lr: 3.609e-04
| loss 0: 1.228e-01| val metric 0: 0.048122 | best val: 0.048122 at epoch 41 | current lr: 3.609e-04
epoch: [42/500] | loss 0: 0.124728 | loss 1: 0.000000 | current lr: 3.760e-04
| loss 0: 1.247e-01| val metric 0: 0.050518 | best val: 0.048122 at epoch 41 | current lr: 3.760e-04
epoch: [43/500] | loss 0: 0.122731 | loss 1: 0.000000 | current lr: 3.913e-04
| loss 0: 1.227e-01| val metric 0: 0.048985 | best val: 0.048122 at epoch 41 | current lr: 3.913e-04
epoch: [44/500] | loss 0: 0.121980 | loss 1: 0.000000 | current lr: 4.067e-04
| loss 0: 1.220e-01| val metric 0: 0.048444 | best val: 0.048122 at epoch 41 | current lr: 4.067e-04
epoch: [45/500] | loss 0: 0.122293 | loss 1: 0.000000 | current lr: 4.222e-04
| loss 0: 1.223e-01| val metric 0: 0.048187 | best val: 0.048122 at epoch 41 | current lr: 4.222e-04
epoch: [46/500] | loss 0: 0.121053 | loss 1: 0.000000 | current lr: 4.377e-04
| loss 0: 1.211e-01| val metric 0: 0.047503 | best val: 0.047503 at epoch 46 | current lr: 4.377e-04
epoch: [47/500] | loss 0: 0.121853 | loss 1: 0.000000 | current lr: 4.534e-04
| loss 0: 1.219e-01| val metric 0: 0.047375 | best val: 0.047375 at epoch 47 | current lr: 4.534e-04
epoch: [48/500] | loss 0: 0.120542 | loss 1: 0.000000 | current lr: 4.690e-04
| loss 0: 1.205e-01| val metric 0: 0.046829 | best val: 0.046829 at epoch 48 | current lr: 4.690e-04
epoch: [49/500] | loss 0: 0.121629 | loss 1: 0.000000 | current lr: 4.847e-04
| loss 0: 1.216e-01| val metric 0: 0.046787 | best val: 0.046787 at epoch 49 | current lr: 4.847e-04
epoch: [50/500] | loss 0: 0.120147 | loss 1: 0.000000 | current lr: 5.004e-04
| loss 0: 1.201e-01| val metric 0: 0.046178 | best val: 0.046178 at epoch 50 | current lr: 5.004e-04
epoch: [51/500] | loss 0: 0.121434 | loss 1: 0.000000 | current lr: 5.162e-04
| loss 0: 1.214e-01| val metric 0: 0.046436 | best val: 0.046178 at epoch 50 | current lr: 5.162e-04
epoch: [52/500] | loss 0: 0.119879 | loss 1: 0.000000 | current lr: 5.318e-04
| loss 0: 1.199e-01| val metric 0: 0.045617 | best val: 0.045617 at epoch 52 | current lr: 5.318e-04
epoch: [53/500] | loss 0: 0.121104 | loss 1: 0.000000 | current lr: 5.475e-04
| loss 0: 1.211e-01| val metric 0: 0.046182 | best val: 0.045617 at epoch 52 | current lr: 5.475e-04
epoch: [54/500] | loss 0: 0.119848 | loss 1: 0.000000 | current lr: 5.631e-04
| loss 0: 1.198e-01| val metric 0: 0.045367 | best val: 0.045367 at epoch 54 | current lr: 5.631e-04
epoch: [55/500] | loss 0: 0.120557 | loss 1: 0.000000 | current lr: 5.787e-04
| loss 0: 1.206e-01| val metric 0: 0.045735 | best val: 0.045367 at epoch 54 | current lr: 5.787e-04
epoch: [56/500] | loss 0: 0.119854 | loss 1: 0.000000 | current lr: 5.942e-04
| loss 0: 1.199e-01| val metric 0: 0.045108 | best val: 0.045108 at epoch 56 | current lr: 5.942e-04
epoch: [57/500] | loss 0: 0.119783 | loss 1: 0.000000 | current lr: 6.095e-04
| loss 0: 1.198e-01| val metric 0: 0.044743 | best val: 0.044743 at epoch 57 | current lr: 6.095e-04
epoch: [58/500] | loss 0: 0.119247 | loss 1: 0.000000 | current lr: 6.248e-04
| loss 0: 1.192e-01| val metric 0: 0.043719 | best val: 0.043719 at epoch 58 | current lr: 6.248e-04
epoch: [59/500] | loss 0: 0.117022 | loss 1: 0.000000 | current lr: 6.400e-04
| loss 0: 1.170e-01| val metric 0: 0.043951 | best val: 0.043719 at epoch 58 | current lr: 6.400e-04
epoch: [60/500] | loss 0: 0.112887 | loss 1: 0.000000 | current lr: 6.550e-04
| loss 0: 1.129e-01| val metric 0: 0.044578 | best val: 0.043719 at epoch 58 | current lr: 6.550e-04
epoch: [61/500] | loss 0: 0.111189 | loss 1: 0.000000 | current lr: 6.699e-04
| loss 0: 1.112e-01| val metric 0: 0.043653 | best val: 0.043653 at epoch 61 | current lr: 6.699e-04
epoch: [62/500] | loss 0: 0.110324 | loss 1: 0.000000 | current lr: 6.845e-04
| loss 0: 1.103e-01| val metric 0: 0.043715 | best val: 0.043653 at epoch 61 | current lr: 6.845e-04
epoch: [63/500] | loss 0: 0.112853 | loss 1: 0.000000 | current lr: 6.991e-04
| loss 0: 1.129e-01| val metric 0: 0.044125 | best val: 0.043653 at epoch 61 | current lr: 6.991e-04
epoch: [64/500] | loss 0: 0.111924 | loss 1: 0.000000 | current lr: 7.134e-04
| loss 0: 1.119e-01| val metric 0: 0.042365 | best val: 0.042365 at epoch 64 | current lr: 7.134e-04
epoch: [65/500] | loss 0: 0.114972 | loss 1: 0.000000 | current lr: 7.275e-04
| loss 0: 1.150e-01| val metric 0: 0.045269 | best val: 0.042365 at epoch 64 | current lr: 7.275e-04
epoch: [66/500] | loss 0: 0.112280 | loss 1: 0.000000 | current lr: 7.414e-04
| loss 0: 1.123e-01| val metric 0: 0.045731 | best val: 0.042365 at epoch 64 | current lr: 7.414e-04
epoch: [67/500] | loss 0: 0.125751 | loss 1: 0.000000 | current lr: 7.550e-04
| loss 0: 1.258e-01| val metric 0: 0.048156 | best val: 0.042365 at epoch 64 | current lr: 7.550e-04
epoch: [68/500] | loss 0: 0.123244 | loss 1: 0.000000 | current lr: 7.684e-04
| loss 0: 1.232e-01| val metric 0: 0.048551 | best val: 0.042365 at epoch 64 | current lr: 7.684e-04
epoch: [69/500] | loss 0: 0.115206 | loss 1: 0.000000 | current lr: 7.815e-04
| loss 0: 1.152e-01| val metric 0: 0.042759 | best val: 0.042365 at epoch 64 | current lr: 7.815e-04
epoch: [70/500] | loss 0: 0.115605 | loss 1: 0.000000 | current lr: 7.944e-04
| loss 0: 1.156e-01| val metric 0: 0.047374 | best val: 0.042365 at epoch 64 | current lr: 7.944e-04
epoch: [71/500] | loss 0: 0.113982 | loss 1: 0.000000 | current lr: 8.069e-04
| loss 0: 1.140e-01| val metric 0: 0.042683 | best val: 0.042365 at epoch 64 | current lr: 8.069e-04
epoch: [72/500] | loss 0: 0.108869 | loss 1: 0.000000 | current lr: 8.192e-04
| loss 0: 1.089e-01| val metric 0: 0.041717 | best val: 0.041717 at epoch 72 | current lr: 8.192e-04
epoch: [73/500] | loss 0: 0.113125 | loss 1: 0.000000 | current lr: 8.311e-04
| loss 0: 1.131e-01| val metric 0: 0.045066 | best val: 0.041717 at epoch 72 | current lr: 8.311e-04
epoch: [74/500] | loss 0: 0.113733 | loss 1: 0.000000 | current lr: 8.427e-04
| loss 0: 1.137e-01| val metric 0: 0.042641 | best val: 0.041717 at epoch 72 | current lr: 8.427e-04
epoch: [75/500] | loss 0: 0.114990 | loss 1: 0.000000 | current lr: 8.540e-04
| loss 0: 1.150e-01| val metric 0: 0.042879 | best val: 0.041717 at epoch 72 | current lr: 8.540e-04
epoch: [76/500] | loss 0: 0.112266 | loss 1: 0.000000 | current lr: 8.649e-04
| loss 0: 1.123e-01| val metric 0: 0.044067 | best val: 0.041717 at epoch 72 | current lr: 8.649e-04
epoch: [77/500] | loss 0: 0.109783 | loss 1: 0.000000 | current lr: 8.755e-04
| loss 0: 1.098e-01| val metric 0: 0.044525 | best val: 0.041717 at epoch 72 | current lr: 8.755e-04
epoch: [78/500] | loss 0: 0.124008 | loss 1: 0.000000 | current lr: 8.857e-04
| loss 0: 1.240e-01| val metric 0: 0.044198 | best val: 0.041717 at epoch 72 | current lr: 8.857e-04
epoch: [79/500] | loss 0: 0.123397 | loss 1: 0.000000 | current lr: 8.955e-04
| loss 0: 1.234e-01| val metric 0: 0.044195 | best val: 0.041717 at epoch 72 | current lr: 8.955e-04
epoch: [80/500] | loss 0: 0.116231 | loss 1: 0.000000 | current lr: 9.049e-04
| loss 0: 1.162e-01| val metric 0: 0.043254 | best val: 0.041717 at epoch 72 | current lr: 9.049e-04
epoch: [81/500] | loss 0: 0.108109 | loss 1: 0.000000 | current lr: 9.139e-04
| loss 0: 1.081e-01| val metric 0: 0.041787 | best val: 0.041717 at epoch 72 | current lr: 9.139e-04
epoch: [82/500] | loss 0: 0.108653 | loss 1: 0.000000 | current lr: 9.225e-04
| loss 0: 1.087e-01| val metric 0: 0.044268 | best val: 0.041717 at epoch 72 | current lr: 9.225e-04
epoch: [83/500] | loss 0: 0.109406 | loss 1: 0.000000 | current lr: 9.307e-04
| loss 0: 1.094e-01| val metric 0: 0.042360 | best val: 0.041717 at epoch 72 | current lr: 9.307e-04
epoch: [84/500] | loss 0: 0.110921 | loss 1: 0.000000 | current lr: 9.385e-04
| loss 0: 1.109e-01| val metric 0: 0.044147 | best val: 0.041717 at epoch 72 | current lr: 9.385e-04
epoch: [85/500] | loss 0: 0.111216 | loss 1: 0.000000 | current lr: 9.458e-04
| loss 0: 1.112e-01| val metric 0: 0.044121 | best val: 0.041717 at epoch 72 | current lr: 9.458e-04
epoch: [86/500] | loss 0: 0.110859 | loss 1: 0.000000 | current lr: 9.527e-04
| loss 0: 1.109e-01| val metric 0: 0.044209 | best val: 0.041717 at epoch 72 | current lr: 9.527e-04
epoch: [87/500] | loss 0: 0.110565 | loss 1: 0.000000 | current lr: 9.592e-04
| loss 0: 1.106e-01| val metric 0: 0.044375 | best val: 0.041717 at epoch 72 | current lr: 9.592e-04
epoch: [88/500] | loss 0: 0.110251 | loss 1: 0.000000 | current lr: 9.651e-04
| loss 0: 1.103e-01| val metric 0: 0.044486 | best val: 0.041717 at epoch 72 | current lr: 9.651e-04
epoch: [89/500] | loss 0: 0.110022 | loss 1: 0.000000 | current lr: 9.707e-04
| loss 0: 1.100e-01| val metric 0: 0.044486 | best val: 0.041717 at epoch 72 | current lr: 9.707e-04
epoch: [90/500] | loss 0: 0.109924 | loss 1: 0.000000 | current lr: 9.757e-04
| loss 0: 1.099e-01| val metric 0: 0.044299 | best val: 0.041717 at epoch 72 | current lr: 9.757e-04
epoch: [91/500] | loss 0: 0.109839 | loss 1: 0.000000 | current lr: 9.803e-04
| loss 0: 1.098e-01| val metric 0: 0.044031 | best val: 0.041717 at epoch 72 | current lr: 9.803e-04
epoch: [92/500] | loss 0: 0.109656 | loss 1: 0.000000 | current lr: 9.845e-04
| loss 0: 1.097e-01| val metric 0: 0.043777 | best val: 0.041717 at epoch 72 | current lr: 9.845e-04
epoch: [93/500] | loss 0: 0.109417 | loss 1: 0.000000 | current lr: 9.881e-04
| loss 0: 1.094e-01| val metric 0: 0.043549 | best val: 0.041717 at epoch 72 | current lr: 9.881e-04
epoch: [94/500] | loss 0: 0.109182 | loss 1: 0.000000 | current lr: 9.913e-04
| loss 0: 1.092e-01| val metric 0: 0.043315 | best val: 0.041717 at epoch 72 | current lr: 9.913e-04
epoch: [95/500] | loss 0: 0.108941 | loss 1: 0.000000 | current lr: 9.940e-04
| loss 0: 1.089e-01| val metric 0: 0.043078 | best val: 0.041717 at epoch 72 | current lr: 9.940e-04
epoch: [96/500] | loss 0: 0.108696 | loss 1: 0.000000 | current lr: 9.962e-04
| loss 0: 1.087e-01| val metric 0: 0.042843 | best val: 0.041717 at epoch 72 | current lr: 9.962e-04
epoch: [97/500] | loss 0: 0.108447 | loss 1: 0.000000 | current lr: 9.979e-04
| loss 0: 1.084e-01| val metric 0: 0.042614 | best val: 0.041717 at epoch 72 | current lr: 9.979e-04
epoch: [98/500] | loss 0: 0.108196 | loss 1: 0.000000 | current lr: 9.991e-04
| loss 0: 1.082e-01| val metric 0: 0.042389 | best val: 0.041717 at epoch 72 | current lr: 9.991e-04
epoch: [99/500] | loss 0: 0.107941 | loss 1: 0.000000 | current lr: 9.998e-04
| loss 0: 1.079e-01| val metric 0: 0.042176 | best val: 0.041717 at epoch 72 | current lr: 9.998e-04
epoch: [100/500] | loss 0: 0.107684 | loss 1: 0.000000 | current lr: 1.000e-03
| loss 0: 1.077e-01| val metric 0: 0.041976 | best val: 0.041717 at epoch 72 | current lr: 1.000e-03
epoch: [101/500] | loss 0: 0.107435 | loss 1: 0.000000 | current lr: 1.000e-03
| loss 0: 1.074e-01| val metric 0: 0.041809 | best val: 0.041717 at epoch 72 | current lr: 1.000e-03
epoch: [102/500] | loss 0: 0.107234 | loss 1: 0.000000 | current lr: 9.999e-04
| loss 0: 1.072e-01| val metric 0: 0.041698 | best val: 0.041698 at epoch 102 | current lr: 9.999e-04
epoch: [103/500] | loss 0: 0.107072 | loss 1: 0.000000 | current lr: 9.999e-04
| loss 0: 1.071e-01| val metric 0: 0.041609 | best val: 0.041609 at epoch 103 | current lr: 9.999e-04
epoch: [104/500] | loss 0: 0.106941 | loss 1: 0.000000 | current lr: 9.997e-04
| loss 0: 1.069e-01| val metric 0: 0.041542 | best val: 0.041542 at epoch 104 | current lr: 9.997e-04
epoch: [105/500] | loss 0: 0.106828 | loss 1: 0.000000 | current lr: 9.996e-04
| loss 0: 1.068e-01| val metric 0: 0.041483 | best val: 0.041483 at epoch 105 | current lr: 9.996e-04
epoch: [106/500] | loss 0: 0.106727 | loss 1: 0.000000 | current lr: 9.994e-04
| loss 0: 1.067e-01| val metric 0: 0.041434 | best val: 0.041434 at epoch 106 | current lr: 9.994e-04
epoch: [107/500] | loss 0: 0.106636 | loss 1: 0.000000 | current lr: 9.992e-04
| loss 0: 1.066e-01| val metric 0: 0.041389 | best val: 0.041389 at epoch 107 | current lr: 9.992e-04
epoch: [108/500] | loss 0: 0.106551 | loss 1: 0.000000 | current lr: 9.990e-04
| loss 0: 1.066e-01| val metric 0: 0.041349 | best val: 0.041349 at epoch 108 | current lr: 9.990e-04
epoch: [109/500] | loss 0: 0.106472 | loss 1: 0.000000 | current lr: 9.987e-04
| loss 0: 1.065e-01| val metric 0: 0.041312 | best val: 0.041312 at epoch 109 | current lr: 9.987e-04
epoch: [110/500] | loss 0: 0.106397 | loss 1: 0.000000 | current lr: 9.984e-04
| loss 0: 1.064e-01| val metric 0: 0.041278 | best val: 0.041278 at epoch 110 | current lr: 9.984e-04
epoch: [111/500] | loss 0: 0.106326 | loss 1: 0.000000 | current lr: 9.981e-04
| loss 0: 1.063e-01| val metric 0: 0.041247 | best val: 0.041247 at epoch 111 | current lr: 9.981e-04
epoch: [112/500] | loss 0: 0.106257 | loss 1: 0.000000 | current lr: 9.978e-04
| loss 0: 1.063e-01| val metric 0: 0.041217 | best val: 0.041217 at epoch 112 | current lr: 9.978e-04
epoch: [113/500] | loss 0: 0.106191 | loss 1: 0.000000 | current lr: 9.974e-04
| loss 0: 1.062e-01| val metric 0: 0.041190 | best val: 0.041190 at epoch 113 | current lr: 9.974e-04
epoch: [114/500] | loss 0: 0.106127 | loss 1: 0.000000 | current lr: 9.970e-04
| loss 0: 1.061e-01| val metric 0: 0.041162 | best val: 0.041162 at epoch 114 | current lr: 9.970e-04
epoch: [115/500] | loss 0: 0.106065 | loss 1: 0.000000 | current lr: 9.965e-04
| loss 0: 1.061e-01| val metric 0: 0.041137 | best val: 0.041137 at epoch 115 | current lr: 9.965e-04
epoch: [116/500] | loss 0: 0.106005 | loss 1: 0.000000 | current lr: 9.960e-04
| loss 0: 1.060e-01| val metric 0: 0.041114 | best val: 0.041114 at epoch 116 | current lr: 9.960e-04
epoch: [117/500] | loss 0: 0.105946 | loss 1: 0.000000 | current lr: 9.955e-04
| loss 0: 1.059e-01| val metric 0: 0.041091 | best val: 0.041091 at epoch 117 | current lr: 9.955e-04
epoch: [118/500] | loss 0: 0.105888 | loss 1: 0.000000 | current lr: 9.950e-04
| loss 0: 1.059e-01| val metric 0: 0.041069 | best val: 0.041069 at epoch 118 | current lr: 9.950e-04
epoch: [119/500] | loss 0: 0.105832 | loss 1: 0.000000 | current lr: 9.944e-04
| loss 0: 1.058e-01| val metric 0: 0.041047 | best val: 0.041047 at epoch 119 | current lr: 9.944e-04
epoch: [120/500] | loss 0: 0.105776 | loss 1: 0.000000 | current lr: 9.938e-04
| loss 0: 1.058e-01| val metric 0: 0.041027 | best val: 0.041027 at epoch 120 | current lr: 9.938e-04
epoch: [121/500] | loss 0: 0.105721 | loss 1: 0.000000 | current lr: 9.932e-04
| loss 0: 1.057e-01| val metric 0: 0.041007 | best val: 0.041007 at epoch 121 | current lr: 9.932e-04
epoch: [122/500] | loss 0: 0.105668 | loss 1: 0.000000 | current lr: 9.925e-04
| loss 0: 1.057e-01| val metric 0: 0.040988 | best val: 0.040988 at epoch 122 | current lr: 9.925e-04
epoch: [123/500] | loss 0: 0.105616 | loss 1: 0.000000 | current lr: 9.918e-04
| loss 0: 1.056e-01| val metric 0: 0.040969 | best val: 0.040969 at epoch 123 | current lr: 9.918e-04
epoch: [124/500] | loss 0: 0.105563 | loss 1: 0.000000 | current lr: 9.911e-04
| loss 0: 1.056e-01| val metric 0: 0.040951 | best val: 0.040951 at epoch 124 | current lr: 9.911e-04
epoch: [125/500] | loss 0: 0.105512 | loss 1: 0.000000 | current lr: 9.904e-04
| loss 0: 1.055e-01| val metric 0: 0.040933 | best val: 0.040933 at epoch 125 | current lr: 9.904e-04
epoch: [126/500] | loss 0: 0.105461 | loss 1: 0.000000 | current lr: 9.896e-04
| loss 0: 1.055e-01| val metric 0: 0.040916 | best val: 0.040916 at epoch 126 | current lr: 9.896e-04
epoch: [127/500] | loss 0: 0.105411 | loss 1: 0.000000 | current lr: 9.888e-04
| loss 0: 1.054e-01| val metric 0: 0.040899 | best val: 0.040899 at epoch 127 | current lr: 9.888e-04
epoch: [128/500] | loss 0: 0.105361 | loss 1: 0.000000 | current lr: 9.879e-04
| loss 0: 1.054e-01| val metric 0: 0.040883 | best val: 0.040883 at epoch 128 | current lr: 9.879e-04
epoch: [129/500] | loss 0: 0.105312 | loss 1: 0.000000 | current lr: 9.870e-04
| loss 0: 1.053e-01| val metric 0: 0.040868 | best val: 0.040868 at epoch 129 | current lr: 9.870e-04
epoch: [130/500] | loss 0: 0.105263 | loss 1: 0.000000 | current lr: 9.861e-04
| loss 0: 1.053e-01| val metric 0: 0.040852 | best val: 0.040852 at epoch 130 | current lr: 9.861e-04
epoch: [131/500] | loss 0: 0.105214 | loss 1: 0.000000 | current lr: 9.852e-04
| loss 0: 1.052e-01| val metric 0: 0.040837 | best val: 0.040837 at epoch 131 | current lr: 9.852e-04
epoch: [132/500] | loss 0: 0.105166 | loss 1: 0.000000 | current lr: 9.842e-04
| loss 0: 1.052e-01| val metric 0: 0.040823 | best val: 0.040823 at epoch 132 | current lr: 9.842e-04
epoch: [133/500] | loss 0: 0.105118 | loss 1: 0.000000 | current lr: 9.832e-04
| loss 0: 1.051e-01| val metric 0: 0.040809 | best val: 0.040809 at epoch 133 | current lr: 9.832e-04
epoch: [134/500] | loss 0: 0.105071 | loss 1: 0.000000 | current lr: 9.822e-04
| loss 0: 1.051e-01| val metric 0: 0.040796 | best val: 0.040796 at epoch 134 | current lr: 9.822e-04
epoch: [135/500] | loss 0: 0.105023 | loss 1: 0.000000 | current lr: 9.812e-04
| loss 0: 1.050e-01| val metric 0: 0.040783 | best val: 0.040783 at epoch 135 | current lr: 9.812e-04
epoch: [136/500] | loss 0: 0.104975 | loss 1: 0.000000 | current lr: 9.801e-04
| loss 0: 1.050e-01| val metric 0: 0.040771 | best val: 0.040771 at epoch 136 | current lr: 9.801e-04
epoch: [137/500] | loss 0: 0.104926 | loss 1: 0.000000 | current lr: 9.790e-04
| loss 0: 1.049e-01| val metric 0: 0.040759 | best val: 0.040759 at epoch 137 | current lr: 9.790e-04
epoch: [138/500] | loss 0: 0.104878 | loss 1: 0.000000 | current lr: 9.778e-04
| loss 0: 1.049e-01| val metric 0: 0.040749 | best val: 0.040749 at epoch 138 | current lr: 9.778e-04
epoch: [139/500] | loss 0: 0.104831 | loss 1: 0.000000 | current lr: 9.767e-04
| loss 0: 1.048e-01| val metric 0: 0.040740 | best val: 0.040740 at epoch 139 | current lr: 9.767e-04
epoch: [140/500] | loss 0: 0.104785 | loss 1: 0.000000 | current lr: 9.755e-04
| loss 0: 1.048e-01| val metric 0: 0.040732 | best val: 0.040732 at epoch 140 | current lr: 9.755e-04
epoch: [141/500] | loss 0: 0.104739 | loss 1: 0.000000 | current lr: 9.742e-04
| loss 0: 1.047e-01| val metric 0: 0.040724 | best val: 0.040724 at epoch 141 | current lr: 9.742e-04
epoch: [142/500] | loss 0: 0.104691 | loss 1: 0.000000 | current lr: 9.730e-04
| loss 0: 1.047e-01| val metric 0: 0.040719 | best val: 0.040719 at epoch 142 | current lr: 9.730e-04
epoch: [143/500] | loss 0: 0.104639 | loss 1: 0.000000 | current lr: 9.717e-04
| loss 0: 1.046e-01| val metric 0: 0.040718 | best val: 0.040718 at epoch 143 | current lr: 9.717e-04
epoch: [144/500] | loss 0: 0.104582 | loss 1: 0.000000 | current lr: 9.704e-04
| loss 0: 1.046e-01| val metric 0: 0.040722 | best val: 0.040718 at epoch 143 | current lr: 9.704e-04
epoch: [145/500] | loss 0: 0.104514 | loss 1: 0.000000 | current lr: 9.690e-04
| loss 0: 1.045e-01| val metric 0: 0.040741 | best val: 0.040718 at epoch 143 | current lr: 9.690e-04
epoch: [146/500] | loss 0: 0.104415 | loss 1: 0.000000 | current lr: 9.677e-04
| loss 0: 1.044e-01| val metric 0: 0.040803 | best val: 0.040718 at epoch 143 | current lr: 9.677e-04
epoch: [147/500] | loss 0: 0.104181 | loss 1: 0.000000 | current lr: 9.662e-04
| loss 0: 1.042e-01| val metric 0: 0.041081 | best val: 0.040718 at epoch 143 | current lr: 9.662e-04
epoch: [148/500] | loss 0: 0.104513 | loss 1: 0.000000 | current lr: 9.648e-04
| loss 0: 1.045e-01| val metric 0: 0.040761 | best val: 0.040718 at epoch 143 | current lr: 9.648e-04
epoch: [149/500] | loss 0: 0.104326 | loss 1: 0.000000 | current lr: 9.634e-04
| loss 0: 1.043e-01| val metric 0: 0.040828 | best val: 0.040718 at epoch 143 | current lr: 9.634e-04
epoch: [150/500] | loss 0: 0.104030 | loss 1: 0.000000 | current lr: 9.619e-04
| loss 0: 1.040e-01| val metric 0: 0.041218 | best val: 0.040718 at epoch 143 | current lr: 9.619e-04
epoch: [151/500] | loss 0: 0.104700 | loss 1: 0.000000 | current lr: 9.603e-04
| loss 0: 1.047e-01| val metric 0: 0.040610 | best val: 0.040610 at epoch 151 | current lr: 9.603e-04
epoch: [152/500] | loss 0: 0.104626 | loss 1: 0.000000 | current lr: 9.588e-04
| loss 0: 1.046e-01| val metric 0: 0.040616 | best val: 0.040610 at epoch 151 | current lr: 9.588e-04
epoch: [153/500] | loss 0: 0.104515 | loss 1: 0.000000 | current lr: 9.572e-04
| loss 0: 1.045e-01| val metric 0: 0.040588 | best val: 0.040588 at epoch 153 | current lr: 9.572e-04
epoch: [154/500] | loss 0: 0.104166 | loss 1: 0.000000 | current lr: 9.556e-04
| loss 0: 1.042e-01| val metric 0: 0.040652 | best val: 0.040588 at epoch 153 | current lr: 9.556e-04
epoch: [155/500] | loss 0: 0.102763 | loss 1: 0.000000 | current lr: 9.540e-04
| loss 0: 1.028e-01| val metric 0: 0.041542 | best val: 0.040588 at epoch 153 | current lr: 9.540e-04
epoch: [156/500] | loss 0: 0.105522 | loss 1: 0.000000 | current lr: 9.523e-04
| loss 0: 1.055e-01| val metric 0: 0.040486 | best val: 0.040486 at epoch 156 | current lr: 9.523e-04
epoch: [157/500] | loss 0: 0.104619 | loss 1: 0.000000 | current lr: 9.506e-04
| loss 0: 1.046e-01| val metric 0: 0.040879 | best val: 0.040486 at epoch 156 | current lr: 9.506e-04
epoch: [158/500] | loss 0: 0.102848 | loss 1: 0.000000 | current lr: 9.489e-04
| loss 0: 1.028e-01| val metric 0: 0.040942 | best val: 0.040486 at epoch 156 | current lr: 9.489e-04
epoch: [159/500] | loss 0: 0.104920 | loss 1: 0.000000 | current lr: 9.472e-04
| loss 0: 1.049e-01| val metric 0: 0.040459 | best val: 0.040459 at epoch 159 | current lr: 9.472e-04
epoch: [160/500] | loss 0: 0.104528 | loss 1: 0.000000 | current lr: 9.454e-04
| loss 0: 1.045e-01| val metric 0: 0.040740 | best val: 0.040459 at epoch 159 | current lr: 9.454e-04
epoch: [161/500] | loss 0: 0.102599 | loss 1: 0.000000 | current lr: 9.436e-04
| loss 0: 1.026e-01| val metric 0: 0.040886 | best val: 0.040459 at epoch 159 | current lr: 9.436e-04
epoch: [162/500] | loss 0: 0.104649 | loss 1: 0.000000 | current lr: 9.418e-04
| loss 0: 1.046e-01| val metric 0: 0.040446 | best val: 0.040446 at epoch 162 | current lr: 9.418e-04
epoch: [163/500] | loss 0: 0.104345 | loss 1: 0.000000 | current lr: 9.399e-04
| loss 0: 1.043e-01| val metric 0: 0.040645 | best val: 0.040446 at epoch 162 | current lr: 9.399e-04
epoch: [164/500] | loss 0: 0.102236 | loss 1: 0.000000 | current lr: 9.381e-04
| loss 0: 1.022e-01| val metric 0: 0.040275 | best val: 0.040275 at epoch 164 | current lr: 9.381e-04
epoch: [165/500] | loss 0: 0.104334 | loss 1: 0.000000 | current lr: 9.362e-04
| loss 0: 1.043e-01| val metric 0: 0.040394 | best val: 0.040275 at epoch 164 | current lr: 9.362e-04
epoch: [166/500] | loss 0: 0.102519 | loss 1: 0.000000 | current lr: 9.342e-04
| loss 0: 1.025e-01| val metric 0: 0.041784 | best val: 0.040275 at epoch 164 | current lr: 9.342e-04
epoch: [167/500] | loss 0: 0.104484 | loss 1: 0.000000 | current lr: 9.323e-04
| loss 0: 1.045e-01| val metric 0: 0.040650 | best val: 0.040275 at epoch 164 | current lr: 9.323e-04
epoch: [168/500] | loss 0: 0.103009 | loss 1: 0.000000 | current lr: 9.303e-04
| loss 0: 1.030e-01| val metric 0: 0.041141 | best val: 0.040275 at epoch 164 | current lr: 9.303e-04
epoch: [169/500] | loss 0: 0.103450 | loss 1: 0.000000 | current lr: 9.283e-04
| loss 0: 1.034e-01| val metric 0: 0.041015 | best val: 0.040275 at epoch 164 | current lr: 9.283e-04
epoch: [170/500] | loss 0: 0.103785 | loss 1: 0.000000 | current lr: 9.262e-04
| loss 0: 1.038e-01| val metric 0: 0.040521 | best val: 0.040275 at epoch 164 | current lr: 9.262e-04
epoch: [171/500] | loss 0: 0.102729 | loss 1: 0.000000 | current lr: 9.242e-04
| loss 0: 1.027e-01| val metric 0: 0.041075 | best val: 0.040275 at epoch 164 | current lr: 9.242e-04
epoch: [172/500] | loss 0: 0.103229 | loss 1: 0.000000 | current lr: 9.221e-04
| loss 0: 1.032e-01| val metric 0: 0.040292 | best val: 0.040275 at epoch 164 | current lr: 9.221e-04
epoch: [173/500] | loss 0: 0.102546 | loss 1: 0.000000 | current lr: 9.199e-04
| loss 0: 1.025e-01| val metric 0: 0.040096 | best val: 0.040096 at epoch 173 | current lr: 9.199e-04
epoch: [174/500] | loss 0: 0.102743 | loss 1: 0.000000 | current lr: 9.178e-04
| loss 0: 1.027e-01| val metric 0: 0.039909 | best val: 0.039909 at epoch 174 | current lr: 9.178e-04
epoch: [175/500] | loss 0: 0.100817 | loss 1: 0.000000 | current lr: 9.156e-04
| loss 0: 1.008e-01| val metric 0: 0.041171 | best val: 0.039909 at epoch 174 | current lr: 9.156e-04
epoch: [176/500] | loss 0: 0.102075 | loss 1: 0.000000 | current lr: 9.134e-04
| loss 0: 1.021e-01| val metric 0: 0.039349 | best val: 0.039349 at epoch 176 | current lr: 9.134e-04
epoch: [177/500] | loss 0: 0.101724 | loss 1: 0.000000 | current lr: 9.112e-04
| loss 0: 1.017e-01| val metric 0: 0.039406 | best val: 0.039349 at epoch 176 | current lr: 9.112e-04
epoch: [178/500] | loss 0: 0.100952 | loss 1: 0.000000 | current lr: 9.090e-04
| loss 0: 1.010e-01| val metric 0: 0.039251 | best val: 0.039251 at epoch 178 | current lr: 9.090e-04
epoch: [179/500] | loss 0: 0.100127 | loss 1: 0.000000 | current lr: 9.067e-04
| loss 0: 1.001e-01| val metric 0: 0.039583 | best val: 0.039251 at epoch 178 | current lr: 9.067e-04
epoch: [180/500] | loss 0: 0.100656 | loss 1: 0.000000 | current lr: 9.044e-04
| loss 0: 1.007e-01| val metric 0: 0.038907 | best val: 0.038907 at epoch 180 | current lr: 9.044e-04
epoch: [181/500] | loss 0: 0.100787 | loss 1: 0.000000 | current lr: 9.021e-04
| loss 0: 1.008e-01| val metric 0: 0.039309 | best val: 0.038907 at epoch 180 | current lr: 9.021e-04
epoch: [182/500] | loss 0: 0.100159 | loss 1: 0.000000 | current lr: 8.997e-04
| loss 0: 1.002e-01| val metric 0: 0.038900 | best val: 0.038900 at epoch 182 | current lr: 8.997e-04
epoch: [183/500] | loss 0: 0.098978 | loss 1: 0.000000 | current lr: 8.974e-04
| loss 0: 9.898e-02| val metric 0: 0.040139 | best val: 0.038900 at epoch 182 | current lr: 8.974e-04
epoch: [184/500] | loss 0: 0.100143 | loss 1: 0.000000 | current lr: 8.950e-04
| loss 0: 1.001e-01| val metric 0: 0.039341 | best val: 0.038900 at epoch 182 | current lr: 8.950e-04
epoch: [185/500] | loss 0: 0.100112 | loss 1: 0.000000 | current lr: 8.925e-04
| loss 0: 1.001e-01| val metric 0: 0.038315 | best val: 0.038315 at epoch 185 | current lr: 8.925e-04
epoch: [186/500] | loss 0: 0.099647 | loss 1: 0.000000 | current lr: 8.901e-04
| loss 0: 9.965e-02| val metric 0: 0.038649 | best val: 0.038315 at epoch 185 | current lr: 8.901e-04
epoch: [187/500] | loss 0: 0.098658 | loss 1: 0.000000 | current lr: 8.876e-04
| loss 0: 9.866e-02| val metric 0: 0.038522 | best val: 0.038315 at epoch 185 | current lr: 8.876e-04
epoch: [188/500] | loss 0: 0.097760 | loss 1: 0.000000 | current lr: 8.851e-04
| loss 0: 9.776e-02| val metric 0: 0.039656 | best val: 0.038315 at epoch 185 | current lr: 8.851e-04
epoch: [189/500] | loss 0: 0.098962 | loss 1: 0.000000 | current lr: 8.826e-04
| loss 0: 9.896e-02| val metric 0: 0.038668 | best val: 0.038315 at epoch 185 | current lr: 8.826e-04
epoch: [190/500] | loss 0: 0.098296 | loss 1: 0.000000 | current lr: 8.801e-04
| loss 0: 9.830e-02| val metric 0: 0.038220 | best val: 0.038220 at epoch 190 | current lr: 8.801e-04
epoch: [191/500] | loss 0: 0.095995 | loss 1: 0.000000 | current lr: 8.775e-04
| loss 0: 9.600e-02| val metric 0: 0.037996 | best val: 0.037996 at epoch 191 | current lr: 8.775e-04
epoch: [192/500] | loss 0: 0.098869 | loss 1: 0.000000 | current lr: 8.749e-04
| loss 0: 9.887e-02| val metric 0: 0.038022 | best val: 0.037996 at epoch 191 | current lr: 8.749e-04
epoch: [193/500] | loss 0: 0.097916 | loss 1: 0.000000 | current lr: 8.723e-04
| loss 0: 9.792e-02| val metric 0: 0.038269 | best val: 0.037996 at epoch 191 | current lr: 8.723e-04
epoch: [194/500] | loss 0: 0.097454 | loss 1: 0.000000 | current lr: 8.697e-04
| loss 0: 9.745e-02| val metric 0: 0.037713 | best val: 0.037713 at epoch 194 | current lr: 8.697e-04
epoch: [195/500] | loss 0: 0.096667 | loss 1: 0.000000 | current lr: 8.670e-04
| loss 0: 9.667e-02| val metric 0: 0.037676 | best val: 0.037676 at epoch 195 | current lr: 8.670e-04
epoch: [196/500] | loss 0: 0.096518 | loss 1: 0.000000 | current lr: 8.643e-04
| loss 0: 9.652e-02| val metric 0: 0.037689 | best val: 0.037676 at epoch 195 | current lr: 8.643e-04
epoch: [197/500] | loss 0: 0.096676 | loss 1: 0.000000 | current lr: 8.616e-04
| loss 0: 9.668e-02| val metric 0: 0.038534 | best val: 0.037676 at epoch 195 | current lr: 8.616e-04
epoch: [198/500] | loss 0: 0.096361 | loss 1: 0.000000 | current lr: 8.589e-04
| loss 0: 9.636e-02| val metric 0: 0.037341 | best val: 0.037341 at epoch 198 | current lr: 8.589e-04
epoch: [199/500] | loss 0: 0.096931 | loss 1: 0.000000 | current lr: 8.562e-04
| loss 0: 9.693e-02| val metric 0: 0.037456 | best val: 0.037341 at epoch 198 | current lr: 8.562e-04
epoch: [200/500] | loss 0: 0.095503 | loss 1: 0.000000 | current lr: 8.534e-04
| loss 0: 9.550e-02| val metric 0: 0.037496 | best val: 0.037341 at epoch 198 | current lr: 8.534e-04
epoch: [201/500] | loss 0: 0.095543 | loss 1: 0.000000 | current lr: 8.506e-04
| loss 0: 9.554e-02| val metric 0: 0.037820 | best val: 0.037341 at epoch 198 | current lr: 8.506e-04
epoch: [202/500] | loss 0: 0.094907 | loss 1: 0.000000 | current lr: 8.478e-04
| loss 0: 9.491e-02| val metric 0: 0.038065 | best val: 0.037341 at epoch 198 | current lr: 8.478e-04
epoch: [203/500] | loss 0: 0.096203 | loss 1: 0.000000 | current lr: 8.450e-04
| loss 0: 9.620e-02| val metric 0: 0.037604 | best val: 0.037341 at epoch 198 | current lr: 8.450e-04
epoch: [204/500] | loss 0: 0.094912 | loss 1: 0.000000 | current lr: 8.421e-04
| loss 0: 9.491e-02| val metric 0: 0.036845 | best val: 0.036845 at epoch 204 | current lr: 8.421e-04
epoch: [205/500] | loss 0: 0.094177 | loss 1: 0.000000 | current lr: 8.393e-04
| loss 0: 9.418e-02| val metric 0: 0.036446 | best val: 0.036446 at epoch 205 | current lr: 8.393e-04
epoch: [206/500] | loss 0: 0.096061 | loss 1: 0.000000 | current lr: 8.364e-04
| loss 0: 9.606e-02| val metric 0: 0.037883 | best val: 0.036446 at epoch 205 | current lr: 8.364e-04
epoch: [207/500] | loss 0: 0.097850 | loss 1: 0.000000 | current lr: 8.334e-04
| loss 0: 9.785e-02| val metric 0: 0.036812 | best val: 0.036446 at epoch 205 | current lr: 8.334e-04
epoch: [208/500] | loss 0: 0.093110 | loss 1: 0.000000 | current lr: 8.305e-04
| loss 0: 9.311e-02| val metric 0: 0.036371 | best val: 0.036371 at epoch 208 | current lr: 8.305e-04
epoch: [209/500] | loss 0: 0.092103 | loss 1: 0.000000 | current lr: 8.276e-04
| loss 0: 9.210e-02| val metric 0: 0.036540 | best val: 0.036371 at epoch 208 | current lr: 8.276e-04
epoch: [210/500] | loss 0: 0.091511 | loss 1: 0.000000 | current lr: 8.246e-04
| loss 0: 9.151e-02| val metric 0: 0.035819 | best val: 0.035819 at epoch 210 | current lr: 8.246e-04
epoch: [211/500] | loss 0: 0.092770 | loss 1: 0.000000 | current lr: 8.216e-04
| loss 0: 9.277e-02| val metric 0: 0.036967 | best val: 0.035819 at epoch 210 | current lr: 8.216e-04
epoch: [212/500] | loss 0: 0.092633 | loss 1: 0.000000 | current lr: 8.186e-04
| loss 0: 9.263e-02| val metric 0: 0.036310 | best val: 0.035819 at epoch 210 | current lr: 8.186e-04
epoch: [213/500] | loss 0: 0.092090 | loss 1: 0.000000 | current lr: 8.155e-04
| loss 0: 9.209e-02| val metric 0: 0.035735 | best val: 0.035735 at epoch 213 | current lr: 8.155e-04
epoch: [214/500] | loss 0: 0.092438 | loss 1: 0.000000 | current lr: 8.125e-04
| loss 0: 9.244e-02| val metric 0: 0.035708 | best val: 0.035708 at epoch 214 | current lr: 8.125e-04
epoch: [215/500] | loss 0: 0.091186 | loss 1: 0.000000 | current lr: 8.094e-04
| loss 0: 9.119e-02| val metric 0: 0.035659 | best val: 0.035659 at epoch 215 | current lr: 8.094e-04
epoch: [216/500] | loss 0: 0.090843 | loss 1: 0.000000 | current lr: 8.063e-04
| loss 0: 9.084e-02| val metric 0: 0.035512 | best val: 0.035512 at epoch 216 | current lr: 8.063e-04
epoch: [217/500] | loss 0: 0.089540 | loss 1: 0.000000 | current lr: 8.032e-04
| loss 0: 8.954e-02| val metric 0: 0.036261 | best val: 0.035512 at epoch 216 | current lr: 8.032e-04
epoch: [218/500] | loss 0: 0.091022 | loss 1: 0.000000 | current lr: 8.001e-04
| loss 0: 9.102e-02| val metric 0: 0.035333 | best val: 0.035333 at epoch 218 | current lr: 8.001e-04
epoch: [219/500] | loss 0: 0.090477 | loss 1: 0.000000 | current lr: 7.969e-04
| loss 0: 9.048e-02| val metric 0: 0.035460 | best val: 0.035333 at epoch 218 | current lr: 7.969e-04
epoch: [220/500] | loss 0: 0.089567 | loss 1: 0.000000 | current lr: 7.937e-04
| loss 0: 8.957e-02| val metric 0: 0.035306 | best val: 0.035306 at epoch 220 | current lr: 7.937e-04
epoch: [221/500] | loss 0: 0.088331 | loss 1: 0.000000 | current lr: 7.905e-04
| loss 0: 8.833e-02| val metric 0: 0.034743 | best val: 0.034743 at epoch 221 | current lr: 7.905e-04
epoch: [222/500] | loss 0: 0.089732 | loss 1: 0.000000 | current lr: 7.873e-04
| loss 0: 8.973e-02| val metric 0: 0.035280 | best val: 0.034743 at epoch 221 | current lr: 7.873e-04
epoch: [223/500] | loss 0: 0.089238 | loss 1: 0.000000 | current lr: 7.841e-04
| loss 0: 8.924e-02| val metric 0: 0.034951 | best val: 0.034743 at epoch 221 | current lr: 7.841e-04
epoch: [224/500] | loss 0: 0.087905 | loss 1: 0.000000 | current lr: 7.809e-04
| loss 0: 8.791e-02| val metric 0: 0.035024 | best val: 0.034743 at epoch 221 | current lr: 7.809e-04
epoch: [225/500] | loss 0: 0.088393 | loss 1: 0.000000 | current lr: 7.776e-04
| loss 0: 8.839e-02| val metric 0: 0.035339 | best val: 0.034743 at epoch 221 | current lr: 7.776e-04
epoch: [226/500] | loss 0: 0.087938 | loss 1: 0.000000 | current lr: 7.743e-04
| loss 0: 8.794e-02| val metric 0: 0.035219 | best val: 0.034743 at epoch 221 | current lr: 7.743e-04
epoch: [227/500] | loss 0: 0.087714 | loss 1: 0.000000 | current lr: 7.711e-04
| loss 0: 8.771e-02| val metric 0: 0.034708 | best val: 0.034708 at epoch 227 | current lr: 7.711e-04
epoch: [228/500] | loss 0: 0.088680 | loss 1: 0.000000 | current lr: 7.677e-04
| loss 0: 8.868e-02| val metric 0: 0.034542 | best val: 0.034542 at epoch 228 | current lr: 7.677e-04
epoch: [229/500] | loss 0: 0.087834 | loss 1: 0.000000 | current lr: 7.644e-04
| loss 0: 8.783e-02| val metric 0: 0.034713 | best val: 0.034542 at epoch 228 | current lr: 7.644e-04
epoch: [230/500] | loss 0: 0.086785 | loss 1: 0.000000 | current lr: 7.611e-04
| loss 0: 8.679e-02| val metric 0: 0.034310 | best val: 0.034310 at epoch 230 | current lr: 7.611e-04
epoch: [231/500] | loss 0: 0.088046 | loss 1: 0.000000 | current lr: 7.577e-04
| loss 0: 8.805e-02| val metric 0: 0.034361 | best val: 0.034310 at epoch 230 | current lr: 7.577e-04
epoch: [232/500] | loss 0: 0.087467 | loss 1: 0.000000 | current lr: 7.544e-04
| loss 0: 8.747e-02| val metric 0: 0.034357 | best val: 0.034310 at epoch 230 | current lr: 7.544e-04
epoch: [233/500] | loss 0: 0.086238 | loss 1: 0.000000 | current lr: 7.510e-04
| loss 0: 8.624e-02| val metric 0: 0.033946 | best val: 0.033946 at epoch 233 | current lr: 7.510e-04
epoch: [234/500] | loss 0: 0.087499 | loss 1: 0.000000 | current lr: 7.476e-04
| loss 0: 8.750e-02| val metric 0: 0.034347 | best val: 0.033946 at epoch 233 | current lr: 7.476e-04
epoch: [235/500] | loss 0: 0.087081 | loss 1: 0.000000 | current lr: 7.441e-04
| loss 0: 8.708e-02| val metric 0: 0.034137 | best val: 0.033946 at epoch 233 | current lr: 7.441e-04
epoch: [236/500] | loss 0: 0.085676 | loss 1: 0.000000 | current lr: 7.407e-04
| loss 0: 8.568e-02| val metric 0: 0.033818 | best val: 0.033818 at epoch 236 | current lr: 7.407e-04
epoch: [237/500] | loss 0: 0.087181 | loss 1: 0.000000 | current lr: 7.373e-04
| loss 0: 8.718e-02| val metric 0: 0.033988 | best val: 0.033818 at epoch 236 | current lr: 7.373e-04
epoch: [238/500] | loss 0: 0.085176 | loss 1: 0.000000 | current lr: 7.338e-04
| loss 0: 8.518e-02| val metric 0: 0.033504 | best val: 0.033504 at epoch 238 | current lr: 7.338e-04
epoch: [239/500] | loss 0: 0.086638 | loss 1: 0.000000 | current lr: 7.303e-04
| loss 0: 8.664e-02| val metric 0: 0.034160 | best val: 0.033504 at epoch 238 | current lr: 7.303e-04
epoch: [240/500] | loss 0: 0.086099 | loss 1: 0.000000 | current lr: 7.268e-04
| loss 0: 8.610e-02| val metric 0: 0.033968 | best val: 0.033504 at epoch 238 | current lr: 7.268e-04
epoch: [241/500] | loss 0: 0.085321 | loss 1: 0.000000 | current lr: 7.233e-04
| loss 0: 8.532e-02| val metric 0: 0.034225 | best val: 0.033504 at epoch 238 | current lr: 7.233e-04
epoch: [242/500] | loss 0: 0.086037 | loss 1: 0.000000 | current lr: 7.198e-04
| loss 0: 8.604e-02| val metric 0: 0.033612 | best val: 0.033504 at epoch 238 | current lr: 7.198e-04
epoch: [243/500] | loss 0: 0.085238 | loss 1: 0.000000 | current lr: 7.163e-04
| loss 0: 8.524e-02| val metric 0: 0.033651 | best val: 0.033504 at epoch 238 | current lr: 7.163e-04
epoch: [244/500] | loss 0: 0.084380 | loss 1: 0.000000 | current lr: 7.127e-04
| loss 0: 8.438e-02| val metric 0: 0.034044 | best val: 0.033504 at epoch 238 | current lr: 7.127e-04
epoch: [245/500] | loss 0: 0.085343 | loss 1: 0.000000 | current lr: 7.092e-04
| loss 0: 8.534e-02| val metric 0: 0.033328 | best val: 0.033328 at epoch 245 | current lr: 7.092e-04
epoch: [246/500] | loss 0: 0.084413 | loss 1: 0.000000 | current lr: 7.056e-04
| loss 0: 8.441e-02| val metric 0: 0.033771 | best val: 0.033328 at epoch 245 | current lr: 7.056e-04
epoch: [247/500] | loss 0: 0.084129 | loss 1: 0.000000 | current lr: 7.020e-04
| loss 0: 8.413e-02| val metric 0: 0.033791 | best val: 0.033328 at epoch 245 | current lr: 7.020e-04
epoch: [248/500] | loss 0: 0.084027 | loss 1: 0.000000 | current lr: 6.984e-04
| loss 0: 8.403e-02| val metric 0: 0.033722 | best val: 0.033328 at epoch 245 | current lr: 6.984e-04
epoch: [249/500] | loss 0: 0.084178 | loss 1: 0.000000 | current lr: 6.948e-04
| loss 0: 8.418e-02| val metric 0: 0.033144 | best val: 0.033144 at epoch 249 | current lr: 6.948e-04
epoch: [250/500] | loss 0: 0.083375 | loss 1: 0.000000 | current lr: 6.912e-04
| loss 0: 8.337e-02| val metric 0: 0.033503 | best val: 0.033144 at epoch 249 | current lr: 6.912e-04
epoch: [251/500] | loss 0: 0.084126 | loss 1: 0.000000 | current lr: 6.875e-04
| loss 0: 8.413e-02| val metric 0: 0.032842 | best val: 0.032842 at epoch 251 | current lr: 6.875e-04
epoch: [252/500] | loss 0: 0.083148 | loss 1: 0.000000 | current lr: 6.839e-04
| loss 0: 8.315e-02| val metric 0: 0.033126 | best val: 0.032842 at epoch 251 | current lr: 6.839e-04
epoch: [253/500] | loss 0: 0.082802 | loss 1: 0.000000 | current lr: 6.802e-04
| loss 0: 8.280e-02| val metric 0: 0.033092 | best val: 0.032842 at epoch 251 | current lr: 6.802e-04
epoch: [254/500] | loss 0: 0.082751 | loss 1: 0.000000 | current lr: 6.766e-04
| loss 0: 8.275e-02| val metric 0: 0.032833 | best val: 0.032833 at epoch 254 | current lr: 6.766e-04
epoch: [255/500] | loss 0: 0.082460 | loss 1: 0.000000 | current lr: 6.729e-04
| loss 0: 8.246e-02| val metric 0: 0.032694 | best val: 0.032694 at epoch 255 | current lr: 6.729e-04
epoch: [256/500] | loss 0: 0.081732 | loss 1: 0.000000 | current lr: 6.692e-04
| loss 0: 8.173e-02| val metric 0: 0.033401 | best val: 0.032694 at epoch 255 | current lr: 6.692e-04
epoch: [257/500] | loss 0: 0.081848 | loss 1: 0.000000 | current lr: 6.655e-04
| loss 0: 8.185e-02| val metric 0: 0.033133 | best val: 0.032694 at epoch 255 | current lr: 6.655e-04
epoch: [258/500] | loss 0: 0.082267 | loss 1: 0.000000 | current lr: 6.618e-04
| loss 0: 8.227e-02| val metric 0: 0.032006 | best val: 0.032006 at epoch 258 | current lr: 6.618e-04
epoch: [259/500] | loss 0: 0.080882 | loss 1: 0.000000 | current lr: 6.581e-04
| loss 0: 8.088e-02| val metric 0: 0.032681 | best val: 0.032006 at epoch 258 | current lr: 6.581e-04
epoch: [260/500] | loss 0: 0.082124 | loss 1: 0.000000 | current lr: 6.543e-04
| loss 0: 8.212e-02| val metric 0: 0.031888 | best val: 0.031888 at epoch 260 | current lr: 6.543e-04
epoch: [261/500] | loss 0: 0.081120 | loss 1: 0.000000 | current lr: 6.506e-04
| loss 0: 8.112e-02| val metric 0: 0.031661 | best val: 0.031661 at epoch 261 | current lr: 6.506e-04
epoch: [262/500] | loss 0: 0.080566 | loss 1: 0.000000 | current lr: 6.468e-04
| loss 0: 8.057e-02| val metric 0: 0.031986 | best val: 0.031661 at epoch 261 | current lr: 6.468e-04
epoch: [263/500] | loss 0: 0.079138 | loss 1: 0.000000 | current lr: 6.431e-04
| loss 0: 7.914e-02| val metric 0: 0.031171 | best val: 0.031171 at epoch 263 | current lr: 6.431e-04
epoch: [264/500] | loss 0: 0.080302 | loss 1: 0.000000 | current lr: 6.393e-04
| loss 0: 8.030e-02| val metric 0: 0.031096 | best val: 0.031096 at epoch 264 | current lr: 6.393e-04
epoch: [265/500] | loss 0: 0.080088 | loss 1: 0.000000 | current lr: 6.355e-04
| loss 0: 8.009e-02| val metric 0: 0.030995 | best val: 0.030995 at epoch 265 | current lr: 6.355e-04
epoch: [266/500] | loss 0: 0.080121 | loss 1: 0.000000 | current lr: 6.317e-04
| loss 0: 8.012e-02| val metric 0: 0.031132 | best val: 0.030995 at epoch 265 | current lr: 6.317e-04
epoch: [267/500] | loss 0: 0.078519 | loss 1: 0.000000 | current lr: 6.280e-04
| loss 0: 7.852e-02| val metric 0: 0.031654 | best val: 0.030995 at epoch 265 | current lr: 6.280e-04
epoch: [268/500] | loss 0: 0.079027 | loss 1: 0.000000 | current lr: 6.242e-04
| loss 0: 7.903e-02| val metric 0: 0.030914 | best val: 0.030914 at epoch 268 | current lr: 6.242e-04
epoch: [269/500] | loss 0: 0.078832 | loss 1: 0.000000 | current lr: 6.203e-04
| loss 0: 7.883e-02| val metric 0: 0.030724 | best val: 0.030724 at epoch 269 | current lr: 6.203e-04
epoch: [270/500] | loss 0: 0.077015 | loss 1: 0.000000 | current lr: 6.165e-04
| loss 0: 7.702e-02| val metric 0: 0.031253 | best val: 0.030724 at epoch 269 | current lr: 6.165e-04
epoch: [271/500] | loss 0: 0.078003 | loss 1: 0.000000 | current lr: 6.127e-04
| loss 0: 7.800e-02| val metric 0: 0.030311 | best val: 0.030311 at epoch 271 | current lr: 6.127e-04
epoch: [272/500] | loss 0: 0.077740 | loss 1: 0.000000 | current lr: 6.089e-04
| loss 0: 7.774e-02| val metric 0: 0.030096 | best val: 0.030096 at epoch 272 | current lr: 6.089e-04
epoch: [273/500] | loss 0: 0.076995 | loss 1: 0.000000 | current lr: 6.050e-04
| loss 0: 7.699e-02| val metric 0: 0.030339 | best val: 0.030096 at epoch 272 | current lr: 6.050e-04
epoch: [274/500] | loss 0: 0.076708 | loss 1: 0.000000 | current lr: 6.012e-04
| loss 0: 7.671e-02| val metric 0: 0.030088 | best val: 0.030088 at epoch 274 | current lr: 6.012e-04
epoch: [275/500] | loss 0: 0.075952 | loss 1: 0.000000 | current lr: 5.974e-04
| loss 0: 7.595e-02| val metric 0: 0.029666 | best val: 0.029666 at epoch 275 | current lr: 5.974e-04
epoch: [276/500] | loss 0: 0.075587 | loss 1: 0.000000 | current lr: 5.935e-04
| loss 0: 7.559e-02| val metric 0: 0.029461 | best val: 0.029461 at epoch 276 | current lr: 5.935e-04
epoch: [277/500] | loss 0: 0.075509 | loss 1: 0.000000 | current lr: 5.896e-04
| loss 0: 7.551e-02| val metric 0: 0.029245 | best val: 0.029245 at epoch 277 | current lr: 5.896e-04
epoch: [278/500] | loss 0: 0.073243 | loss 1: 0.000000 | current lr: 5.858e-04
| loss 0: 7.324e-02| val metric 0: 0.028956 | best val: 0.028956 at epoch 278 | current lr: 5.858e-04
epoch: [279/500] | loss 0: 0.074791 | loss 1: 0.000000 | current lr: 5.819e-04
| loss 0: 7.479e-02| val metric 0: 0.029128 | best val: 0.028956 at epoch 278 | current lr: 5.819e-04
epoch: [280/500] | loss 0: 0.073235 | loss 1: 0.000000 | current lr: 5.780e-04
| loss 0: 7.324e-02| val metric 0: 0.029375 | best val: 0.028956 at epoch 278 | current lr: 5.780e-04
epoch: [281/500] | loss 0: 0.073729 | loss 1: 0.000000 | current lr: 5.741e-04
| loss 0: 7.373e-02| val metric 0: 0.028804 | best val: 0.028804 at epoch 281 | current lr: 5.741e-04
epoch: [282/500] | loss 0: 0.073379 | loss 1: 0.000000 | current lr: 5.703e-04
| loss 0: 7.338e-02| val metric 0: 0.028367 | best val: 0.028367 at epoch 282 | current lr: 5.703e-04
epoch: [283/500] | loss 0: 0.072693 | loss 1: 0.000000 | current lr: 5.664e-04
| loss 0: 7.269e-02| val metric 0: 0.028360 | best val: 0.028360 at epoch 283 | current lr: 5.664e-04
epoch: [284/500] | loss 0: 0.071084 | loss 1: 0.000000 | current lr: 5.625e-04
| loss 0: 7.108e-02| val metric 0: 0.028621 | best val: 0.028360 at epoch 283 | current lr: 5.625e-04
epoch: [285/500] | loss 0: 0.071950 | loss 1: 0.000000 | current lr: 5.586e-04
| loss 0: 7.195e-02| val metric 0: 0.028145 | best val: 0.028145 at epoch 285 | current lr: 5.586e-04
epoch: [286/500] | loss 0: 0.071643 | loss 1: 0.000000 | current lr: 5.547e-04
| loss 0: 7.164e-02| val metric 0: 0.028109 | best val: 0.028109 at epoch 286 | current lr: 5.547e-04
epoch: [287/500] | loss 0: 0.070747 | loss 1: 0.000000 | current lr: 5.508e-04
| loss 0: 7.075e-02| val metric 0: 0.027934 | best val: 0.027934 at epoch 287 | current lr: 5.508e-04
epoch: [288/500] | loss 0: 0.069481 | loss 1: 0.000000 | current lr: 5.469e-04
| loss 0: 6.948e-02| val metric 0: 0.027941 | best val: 0.027934 at epoch 287 | current lr: 5.469e-04
epoch: [289/500] | loss 0: 0.069910 | loss 1: 0.000000 | current lr: 5.429e-04
| loss 0: 6.991e-02| val metric 0: 0.027442 | best val: 0.027442 at epoch 289 | current lr: 5.429e-04
epoch: [290/500] | loss 0: 0.069803 | loss 1: 0.000000 | current lr: 5.390e-04
| loss 0: 6.980e-02| val metric 0: 0.027288 | best val: 0.027288 at epoch 290 | current lr: 5.390e-04
epoch: [291/500] | loss 0: 0.069128 | loss 1: 0.000000 | current lr: 5.351e-04
| loss 0: 6.913e-02| val metric 0: 0.027162 | best val: 0.027162 at epoch 291 | current lr: 5.351e-04
epoch: [292/500] | loss 0: 0.067820 | loss 1: 0.000000 | current lr: 5.312e-04
| loss 0: 6.782e-02| val metric 0: 0.027079 | best val: 0.027079 at epoch 292 | current lr: 5.312e-04
epoch: [293/500] | loss 0: 0.068273 | loss 1: 0.000000 | current lr: 5.273e-04
| loss 0: 6.827e-02| val metric 0: 0.026990 | best val: 0.026990 at epoch 293 | current lr: 5.273e-04
epoch: [294/500] | loss 0: 0.068148 | loss 1: 0.000000 | current lr: 5.234e-04
| loss 0: 6.815e-02| val metric 0: 0.026690 | best val: 0.026690 at epoch 294 | current lr: 5.234e-04
epoch: [295/500] | loss 0: 0.067285 | loss 1: 0.000000 | current lr: 5.194e-04
| loss 0: 6.729e-02| val metric 0: 0.026717 | best val: 0.026690 at epoch 294 | current lr: 5.194e-04
epoch: [296/500] | loss 0: 0.066798 | loss 1: 0.000000 | current lr: 5.155e-04
| loss 0: 6.680e-02| val metric 0: 0.026516 | best val: 0.026516 at epoch 296 | current lr: 5.155e-04
epoch: [297/500] | loss 0: 0.066142 | loss 1: 0.000000 | current lr: 5.116e-04
| loss 0: 6.614e-02| val metric 0: 0.026156 | best val: 0.026156 at epoch 297 | current lr: 5.116e-04
epoch: [298/500] | loss 0: 0.066565 | loss 1: 0.000000 | current lr: 5.077e-04
| loss 0: 6.656e-02| val metric 0: 0.026198 | best val: 0.026156 at epoch 297 | current lr: 5.077e-04
epoch: [299/500] | loss 0: 0.065391 | loss 1: 0.000000 | current lr: 5.037e-04
| loss 0: 6.539e-02| val metric 0: 0.025986 | best val: 0.025986 at epoch 299 | current lr: 5.037e-04
epoch: [300/500] | loss 0: 0.065199 | loss 1: 0.000000 | current lr: 4.998e-04
| loss 0: 6.520e-02| val metric 0: 0.025913 | best val: 0.025913 at epoch 300 | current lr: 4.998e-04
epoch: [301/500] | loss 0: 0.065215 | loss 1: 0.000000 | current lr: 4.959e-04
| loss 0: 6.521e-02| val metric 0: 0.025655 | best val: 0.025655 at epoch 301 | current lr: 4.959e-04
epoch: [302/500] | loss 0: 0.064179 | loss 1: 0.000000 | current lr: 4.920e-04
| loss 0: 6.418e-02| val metric 0: 0.025508 | best val: 0.025508 at epoch 302 | current lr: 4.920e-04
epoch: [303/500] | loss 0: 0.063782 | loss 1: 0.000000 | current lr: 4.880e-04
| loss 0: 6.378e-02| val metric 0: 0.025203 | best val: 0.025203 at epoch 303 | current lr: 4.880e-04
epoch: [304/500] | loss 0: 0.063963 | loss 1: 0.000000 | current lr: 4.841e-04
| loss 0: 6.396e-02| val metric 0: 0.025135 | best val: 0.025135 at epoch 304 | current lr: 4.841e-04
epoch: [305/500] | loss 0: 0.063338 | loss 1: 0.000000 | current lr: 4.802e-04
| loss 0: 6.334e-02| val metric 0: 0.024959 | best val: 0.024959 at epoch 305 | current lr: 4.802e-04
epoch: [306/500] | loss 0: 0.062315 | loss 1: 0.000000 | current lr: 4.763e-04
| loss 0: 6.232e-02| val metric 0: 0.024696 | best val: 0.024696 at epoch 306 | current lr: 4.763e-04
epoch: [307/500] | loss 0: 0.062216 | loss 1: 0.000000 | current lr: 4.723e-04
| loss 0: 6.222e-02| val metric 0: 0.024756 | best val: 0.024696 at epoch 306 | current lr: 4.723e-04
epoch: [308/500] | loss 0: 0.062186 | loss 1: 0.000000 | current lr: 4.684e-04
| loss 0: 6.219e-02| val metric 0: 0.024511 | best val: 0.024511 at epoch 308 | current lr: 4.684e-04
epoch: [309/500] | loss 0: 0.061479 | loss 1: 0.000000 | current lr: 4.645e-04
| loss 0: 6.148e-02| val metric 0: 0.024455 | best val: 0.024455 at epoch 309 | current lr: 4.645e-04
epoch: [310/500] | loss 0: 0.060729 | loss 1: 0.000000 | current lr: 4.606e-04
| loss 0: 6.073e-02| val metric 0: 0.024020 | best val: 0.024020 at epoch 310 | current lr: 4.606e-04
epoch: [311/500] | loss 0: 0.060641 | loss 1: 0.000000 | current lr: 4.567e-04
| loss 0: 6.064e-02| val metric 0: 0.024131 | best val: 0.024020 at epoch 310 | current lr: 4.567e-04
epoch: [312/500] | loss 0: 0.060332 | loss 1: 0.000000 | current lr: 4.528e-04
| loss 0: 6.033e-02| val metric 0: 0.023801 | best val: 0.023801 at epoch 312 | current lr: 4.528e-04
epoch: [313/500] | loss 0: 0.060041 | loss 1: 0.000000 | current lr: 4.488e-04
| loss 0: 6.004e-02| val metric 0: 0.023924 | best val: 0.023801 at epoch 312 | current lr: 4.488e-04
epoch: [314/500] | loss 0: 0.059326 | loss 1: 0.000000 | current lr: 4.449e-04
| loss 0: 5.933e-02| val metric 0: 0.023540 | best val: 0.023540 at epoch 314 | current lr: 4.449e-04
epoch: [315/500] | loss 0: 0.058794 | loss 1: 0.000000 | current lr: 4.410e-04
| loss 0: 5.879e-02| val metric 0: 0.023401 | best val: 0.023401 at epoch 315 | current lr: 4.410e-04
epoch: [316/500] | loss 0: 0.058647 | loss 1: 0.000000 | current lr: 4.371e-04
| loss 0: 5.865e-02| val metric 0: 0.023360 | best val: 0.023360 at epoch 316 | current lr: 4.371e-04
epoch: [317/500] | loss 0: 0.057893 | loss 1: 0.000000 | current lr: 4.332e-04
| loss 0: 5.789e-02| val metric 0: 0.023234 | best val: 0.023234 at epoch 317 | current lr: 4.332e-04
epoch: [318/500] | loss 0: 0.058205 | loss 1: 0.000000 | current lr: 4.294e-04
| loss 0: 5.820e-02| val metric 0: 0.023263 | best val: 0.023234 at epoch 317 | current lr: 4.294e-04
epoch: [319/500] | loss 0: 0.057676 | loss 1: 0.000000 | current lr: 4.255e-04
| loss 0: 5.768e-02| val metric 0: 0.022670 | best val: 0.022670 at epoch 319 | current lr: 4.255e-04
epoch: [320/500] | loss 0: 0.057260 | loss 1: 0.000000 | current lr: 4.216e-04
| loss 0: 5.726e-02| val metric 0: 0.022646 | best val: 0.022646 at epoch 320 | current lr: 4.216e-04
epoch: [321/500] | loss 0: 0.056646 | loss 1: 0.000000 | current lr: 4.177e-04
| loss 0: 5.665e-02| val metric 0: 0.022478 | best val: 0.022478 at epoch 321 | current lr: 4.177e-04
epoch: [322/500] | loss 0: 0.056187 | loss 1: 0.000000 | current lr: 4.138e-04
| loss 0: 5.619e-02| val metric 0: 0.022460 | best val: 0.022460 at epoch 322 | current lr: 4.138e-04
epoch: [323/500] | loss 0: 0.055726 | loss 1: 0.000000 | current lr: 4.100e-04
| loss 0: 5.573e-02| val metric 0: 0.022035 | best val: 0.022035 at epoch 323 | current lr: 4.100e-04
epoch: [324/500] | loss 0: 0.055653 | loss 1: 0.000000 | current lr: 4.061e-04
| loss 0: 5.565e-02| val metric 0: 0.021967 | best val: 0.021967 at epoch 324 | current lr: 4.061e-04
epoch: [325/500] | loss 0: 0.055548 | loss 1: 0.000000 | current lr: 4.023e-04
| loss 0: 5.555e-02| val metric 0: 0.021837 | best val: 0.021837 at epoch 325 | current lr: 4.023e-04
epoch: [326/500] | loss 0: 0.054735 | loss 1: 0.000000 | current lr: 3.984e-04
| loss 0: 5.474e-02| val metric 0: 0.021585 | best val: 0.021585 at epoch 326 | current lr: 3.984e-04
epoch: [327/500] | loss 0: 0.054696 | loss 1: 0.000000 | current lr: 3.946e-04
| loss 0: 5.470e-02| val metric 0: 0.021829 | best val: 0.021585 at epoch 326 | current lr: 3.946e-04
epoch: [328/500] | loss 0: 0.053919 | loss 1: 0.000000 | current lr: 3.907e-04
| loss 0: 5.392e-02| val metric 0: 0.021748 | best val: 0.021585 at epoch 326 | current lr: 3.907e-04
epoch: [329/500] | loss 0: 0.053885 | loss 1: 0.000000 | current lr: 3.869e-04
| loss 0: 5.389e-02| val metric 0: 0.021213 | best val: 0.021213 at epoch 329 | current lr: 3.869e-04
epoch: [330/500] | loss 0: 0.053835 | loss 1: 0.000000 | current lr: 3.831e-04
| loss 0: 5.383e-02| val metric 0: 0.021316 | best val: 0.021213 at epoch 329 | current lr: 3.831e-04
epoch: [331/500] | loss 0: 0.053049 | loss 1: 0.000000 | current lr: 3.793e-04
| loss 0: 5.305e-02| val metric 0: 0.021279 | best val: 0.021213 at epoch 329 | current lr: 3.793e-04
epoch: [332/500] | loss 0: 0.053374 | loss 1: 0.000000 | current lr: 3.755e-04
| loss 0: 5.337e-02| val metric 0: 0.021289 | best val: 0.021213 at epoch 329 | current lr: 3.755e-04
epoch: [333/500] | loss 0: 0.053067 | loss 1: 0.000000 | current lr: 3.717e-04
| loss 0: 5.307e-02| val metric 0: 0.020905 | best val: 0.020905 at epoch 333 | current lr: 3.717e-04
epoch: [334/500] | loss 0: 0.052895 | loss 1: 0.000000 | current lr: 3.679e-04
| loss 0: 5.289e-02| val metric 0: 0.020857 | best val: 0.020857 at epoch 334 | current lr: 3.679e-04
epoch: [335/500] | loss 0: 0.051954 | loss 1: 0.000000 | current lr: 3.641e-04
| loss 0: 5.195e-02| val metric 0: 0.020489 | best val: 0.020489 at epoch 335 | current lr: 3.641e-04
epoch: [336/500] | loss 0: 0.051428 | loss 1: 0.000000 | current lr: 3.603e-04
| loss 0: 5.143e-02| val metric 0: 0.020414 | best val: 0.020414 at epoch 336 | current lr: 3.603e-04
epoch: [337/500] | loss 0: 0.051213 | loss 1: 0.000000 | current lr: 3.565e-04
| loss 0: 5.121e-02| val metric 0: 0.020431 | best val: 0.020414 at epoch 336 | current lr: 3.565e-04
epoch: [338/500] | loss 0: 0.051284 | loss 1: 0.000000 | current lr: 3.528e-04
| loss 0: 5.128e-02| val metric 0: 0.020308 | best val: 0.020308 at epoch 338 | current lr: 3.528e-04
epoch: [339/500] | loss 0: 0.050914 | loss 1: 0.000000 | current lr: 3.490e-04
| loss 0: 5.091e-02| val metric 0: 0.020072 | best val: 0.020072 at epoch 339 | current lr: 3.490e-04
epoch: [340/500] | loss 0: 0.050491 | loss 1: 0.000000 | current lr: 3.453e-04
| loss 0: 5.049e-02| val metric 0: 0.019940 | best val: 0.019940 at epoch 340 | current lr: 3.453e-04
epoch: [341/500] | loss 0: 0.050117 | loss 1: 0.000000 | current lr: 3.416e-04
| loss 0: 5.012e-02| val metric 0: 0.019931 | best val: 0.019931 at epoch 341 | current lr: 3.416e-04
epoch: [342/500] | loss 0: 0.049994 | loss 1: 0.000000 | current lr: 3.379e-04
| loss 0: 4.999e-02| val metric 0: 0.019819 | best val: 0.019819 at epoch 342 | current lr: 3.379e-04
epoch: [343/500] | loss 0: 0.049713 | loss 1: 0.000000 | current lr: 3.341e-04
| loss 0: 4.971e-02| val metric 0: 0.019644 | best val: 0.019644 at epoch 343 | current lr: 3.341e-04
epoch: [344/500] | loss 0: 0.049357 | loss 1: 0.000000 | current lr: 3.304e-04
| loss 0: 4.936e-02| val metric 0: 0.019522 | best val: 0.019522 at epoch 344 | current lr: 3.304e-04
epoch: [345/500] | loss 0: 0.049058 | loss 1: 0.000000 | current lr: 3.268e-04
| loss 0: 4.906e-02| val metric 0: 0.019439 | best val: 0.019439 at epoch 345 | current lr: 3.268e-04
epoch: [346/500] | loss 0: 0.048824 | loss 1: 0.000000 | current lr: 3.231e-04
| loss 0: 4.882e-02| val metric 0: 0.019337 | best val: 0.019337 at epoch 346 | current lr: 3.231e-04
epoch: [347/500] | loss 0: 0.048567 | loss 1: 0.000000 | current lr: 3.194e-04
| loss 0: 4.857e-02| val metric 0: 0.019214 | best val: 0.019214 at epoch 347 | current lr: 3.194e-04
epoch: [348/500] | loss 0: 0.048280 | loss 1: 0.000000 | current lr: 3.158e-04
| loss 0: 4.828e-02| val metric 0: 0.019095 | best val: 0.019095 at epoch 348 | current lr: 3.158e-04
epoch: [349/500] | loss 0: 0.048003 | loss 1: 0.000000 | current lr: 3.121e-04
| loss 0: 4.800e-02| val metric 0: 0.018992 | best val: 0.018992 at epoch 349 | current lr: 3.121e-04
epoch: [350/500] | loss 0: 0.047749 | loss 1: 0.000000 | current lr: 3.085e-04
| loss 0: 4.775e-02| val metric 0: 0.018892 | best val: 0.018892 at epoch 350 | current lr: 3.085e-04
epoch: [351/500] | loss 0: 0.047503 | loss 1: 0.000000 | current lr: 3.049e-04
| loss 0: 4.750e-02| val metric 0: 0.018789 | best val: 0.018789 at epoch 351 | current lr: 3.049e-04
epoch: [352/500] | loss 0: 0.047251 | loss 1: 0.000000 | current lr: 3.012e-04
| loss 0: 4.725e-02| val metric 0: 0.018684 | best val: 0.018684 at epoch 352 | current lr: 3.012e-04
epoch: [353/500] | loss 0: 0.046998 | loss 1: 0.000000 | current lr: 2.976e-04
| loss 0: 4.700e-02| val metric 0: 0.018582 | best val: 0.018582 at epoch 353 | current lr: 2.976e-04
epoch: [354/500] | loss 0: 0.046752 | loss 1: 0.000000 | current lr: 2.941e-04
| loss 0: 4.675e-02| val metric 0: 0.018485 | best val: 0.018485 at epoch 354 | current lr: 2.941e-04
epoch: [355/500] | loss 0: 0.046514 | loss 1: 0.000000 | current lr: 2.905e-04
| loss 0: 4.651e-02| val metric 0: 0.018391 | best val: 0.018391 at epoch 355 | current lr: 2.905e-04
epoch: [356/500] | loss 0: 0.046284 | loss 1: 0.000000 | current lr: 2.869e-04
| loss 0: 4.628e-02| val metric 0: 0.018299 | best val: 0.018299 at epoch 356 | current lr: 2.869e-04
epoch: [357/500] | loss 0: 0.046056 | loss 1: 0.000000 | current lr: 2.834e-04
| loss 0: 4.606e-02| val metric 0: 0.018208 | best val: 0.018208 at epoch 357 | current lr: 2.834e-04
epoch: [358/500] | loss 0: 0.045833 | loss 1: 0.000000 | current lr: 2.799e-04
| loss 0: 4.583e-02| val metric 0: 0.018120 | best val: 0.018120 at epoch 358 | current lr: 2.799e-04
epoch: [359/500] | loss 0: 0.045612 | loss 1: 0.000000 | current lr: 2.763e-04
| loss 0: 4.561e-02| val metric 0: 0.018035 | best val: 0.018035 at epoch 359 | current lr: 2.763e-04
epoch: [360/500] | loss 0: 0.045398 | loss 1: 0.000000 | current lr: 2.728e-04
| loss 0: 4.540e-02| val metric 0: 0.017953 | best val: 0.017953 at epoch 360 | current lr: 2.728e-04
epoch: [361/500] | loss 0: 0.045190 | loss 1: 0.000000 | current lr: 2.693e-04
| loss 0: 4.519e-02| val metric 0: 0.017875 | best val: 0.017875 at epoch 361 | current lr: 2.693e-04
epoch: [362/500] | loss 0: 0.044989 | loss 1: 0.000000 | current lr: 2.659e-04
| loss 0: 4.499e-02| val metric 0: 0.017802 | best val: 0.017802 at epoch 362 | current lr: 2.659e-04
epoch: [363/500] | loss 0: 0.044794 | loss 1: 0.000000 | current lr: 2.624e-04
| loss 0: 4.479e-02| val metric 0: 0.017735 | best val: 0.017735 at epoch 363 | current lr: 2.624e-04
epoch: [364/500] | loss 0: 0.044606 | loss 1: 0.000000 | current lr: 2.590e-04
| loss 0: 4.461e-02| val metric 0: 0.017672 | best val: 0.017672 at epoch 364 | current lr: 2.590e-04
epoch: [365/500] | loss 0: 0.044419 | loss 1: 0.000000 | current lr: 2.555e-04
| loss 0: 4.442e-02| val metric 0: 0.017610 | best val: 0.017610 at epoch 365 | current lr: 2.555e-04
epoch: [366/500] | loss 0: 0.044232 | loss 1: 0.000000 | current lr: 2.521e-04
| loss 0: 4.423e-02| val metric 0: 0.017543 | best val: 0.017543 at epoch 366 | current lr: 2.521e-04
epoch: [367/500] | loss 0: 0.044043 | loss 1: 0.000000 | current lr: 2.487e-04
| loss 0: 4.404e-02| val metric 0: 0.017471 | best val: 0.017471 at epoch 367 | current lr: 2.487e-04
epoch: [368/500] | loss 0: 0.043861 | loss 1: 0.000000 | current lr: 2.453e-04
| loss 0: 4.386e-02| val metric 0: 0.017398 | best val: 0.017398 at epoch 368 | current lr: 2.453e-04
epoch: [369/500] | loss 0: 0.043686 | loss 1: 0.000000 | current lr: 2.419e-04
| loss 0: 4.369e-02| val metric 0: 0.017329 | best val: 0.017329 at epoch 369 | current lr: 2.419e-04
epoch: [370/500] | loss 0: 0.043519 | loss 1: 0.000000 | current lr: 2.386e-04
| loss 0: 4.352e-02| val metric 0: 0.017261 | best val: 0.017261 at epoch 370 | current lr: 2.386e-04
epoch: [371/500] | loss 0: 0.043353 | loss 1: 0.000000 | current lr: 2.352e-04
| loss 0: 4.335e-02| val metric 0: 0.017195 | best val: 0.017195 at epoch 371 | current lr: 2.352e-04
epoch: [372/500] | loss 0: 0.043192 | loss 1: 0.000000 | current lr: 2.319e-04
| loss 0: 4.319e-02| val metric 0: 0.017130 | best val: 0.017130 at epoch 372 | current lr: 2.319e-04
epoch: [373/500] | loss 0: 0.043032 | loss 1: 0.000000 | current lr: 2.286e-04
| loss 0: 4.303e-02| val metric 0: 0.017067 | best val: 0.017067 at epoch 373 | current lr: 2.286e-04
epoch: [374/500] | loss 0: 0.042877 | loss 1: 0.000000 | current lr: 2.253e-04
| loss 0: 4.288e-02| val metric 0: 0.017004 | best val: 0.017004 at epoch 374 | current lr: 2.253e-04
epoch: [375/500] | loss 0: 0.042724 | loss 1: 0.000000 | current lr: 2.221e-04
| loss 0: 4.272e-02| val metric 0: 0.016944 | best val: 0.016944 at epoch 375 | current lr: 2.221e-04
epoch: [376/500] | loss 0: 0.042574 | loss 1: 0.000000 | current lr: 2.188e-04
| loss 0: 4.257e-02| val metric 0: 0.016883 | best val: 0.016883 at epoch 376 | current lr: 2.188e-04
epoch: [377/500] | loss 0: 0.042427 | loss 1: 0.000000 | current lr: 2.156e-04
| loss 0: 4.243e-02| val metric 0: 0.016825 | best val: 0.016825 at epoch 377 | current lr: 2.156e-04
epoch: [378/500] | loss 0: 0.042284 | loss 1: 0.000000 | current lr: 2.123e-04
| loss 0: 4.228e-02| val metric 0: 0.016768 | best val: 0.016768 at epoch 378 | current lr: 2.123e-04
epoch: [379/500] | loss 0: 0.042143 | loss 1: 0.000000 | current lr: 2.091e-04
| loss 0: 4.214e-02| val metric 0: 0.016712 | best val: 0.016712 at epoch 379 | current lr: 2.091e-04
epoch: [380/500] | loss 0: 0.042005 | loss 1: 0.000000 | current lr: 2.059e-04
| loss 0: 4.201e-02| val metric 0: 0.016657 | best val: 0.016657 at epoch 380 | current lr: 2.059e-04
epoch: [381/500] | loss 0: 0.041871 | loss 1: 0.000000 | current lr: 2.028e-04
| loss 0: 4.187e-02| val metric 0: 0.016603 | best val: 0.016603 at epoch 381 | current lr: 2.028e-04
epoch: [382/500] | loss 0: 0.041739 | loss 1: 0.000000 | current lr: 1.996e-04
| loss 0: 4.174e-02| val metric 0: 0.016550 | best val: 0.016550 at epoch 382 | current lr: 1.996e-04
epoch: [383/500] | loss 0: 0.041612 | loss 1: 0.000000 | current lr: 1.965e-04
| loss 0: 4.161e-02| val metric 0: 0.016498 | best val: 0.016498 at epoch 383 | current lr: 1.965e-04
epoch: [384/500] | loss 0: 0.041490 | loss 1: 0.000000 | current lr: 1.934e-04
| loss 0: 4.149e-02| val metric 0: 0.016447 | best val: 0.016447 at epoch 384 | current lr: 1.934e-04
epoch: [385/500] | loss 0: 0.041374 | loss 1: 0.000000 | current lr: 1.903e-04
| loss 0: 4.137e-02| val metric 0: 0.016399 | best val: 0.016399 at epoch 385 | current lr: 1.903e-04
epoch: [386/500] | loss 0: 0.041269 | loss 1: 0.000000 | current lr: 1.872e-04
| loss 0: 4.127e-02| val metric 0: 0.016358 | best val: 0.016358 at epoch 386 | current lr: 1.872e-04
epoch: [387/500] | loss 0: 0.041182 | loss 1: 0.000000 | current lr: 1.842e-04
| loss 0: 4.118e-02| val metric 0: 0.016340 | best val: 0.016340 at epoch 387 | current lr: 1.842e-04
epoch: [388/500] | loss 0: 0.041109 | loss 1: 0.000000 | current lr: 1.811e-04
| loss 0: 4.111e-02| val metric 0: 0.016365 | best val: 0.016340 at epoch 387 | current lr: 1.811e-04
epoch: [389/500] | loss 0: 0.040995 | loss 1: 0.000000 | current lr: 1.781e-04
| loss 0: 4.099e-02| val metric 0: 0.016296 | best val: 0.016296 at epoch 389 | current lr: 1.781e-04
epoch: [390/500] | loss 0: 0.040887 | loss 1: 0.000000 | current lr: 1.751e-04
| loss 0: 4.089e-02| val metric 0: 0.016180 | best val: 0.016180 at epoch 390 | current lr: 1.751e-04
epoch: [391/500] | loss 0: 0.040703 | loss 1: 0.000000 | current lr: 1.722e-04
| loss 0: 4.070e-02| val metric 0: 0.016131 | best val: 0.016131 at epoch 391 | current lr: 1.722e-04
epoch: [392/500] | loss 0: 0.040537 | loss 1: 0.000000 | current lr: 1.692e-04
| loss 0: 4.054e-02| val metric 0: 0.016098 | best val: 0.016098 at epoch 392 | current lr: 1.692e-04
epoch: [393/500] | loss 0: 0.040461 | loss 1: 0.000000 | current lr: 1.663e-04
| loss 0: 4.046e-02| val metric 0: 0.016045 | best val: 0.016045 at epoch 393 | current lr: 1.663e-04
epoch: [394/500] | loss 0: 0.040328 | loss 1: 0.000000 | current lr: 1.633e-04
| loss 0: 4.033e-02| val metric 0: 0.016007 | best val: 0.016007 at epoch 394 | current lr: 1.633e-04
epoch: [395/500] | loss 0: 0.040228 | loss 1: 0.000000 | current lr: 1.605e-04
| loss 0: 4.023e-02| val metric 0: 0.015965 | best val: 0.015965 at epoch 395 | current lr: 1.605e-04
epoch: [396/500] | loss 0: 0.040127 | loss 1: 0.000000 | current lr: 1.576e-04
| loss 0: 4.013e-02| val metric 0: 0.015925 | best val: 0.015925 at epoch 396 | current lr: 1.576e-04
epoch: [397/500] | loss 0: 0.040029 | loss 1: 0.000000 | current lr: 1.547e-04
| loss 0: 4.003e-02| val metric 0: 0.015885 | best val: 0.015885 at epoch 397 | current lr: 1.547e-04
epoch: [398/500] | loss 0: 0.039930 | loss 1: 0.000000 | current lr: 1.519e-04
| loss 0: 3.993e-02| val metric 0: 0.015846 | best val: 0.015846 at epoch 398 | current lr: 1.519e-04
epoch: [399/500] | loss 0: 0.039832 | loss 1: 0.000000 | current lr: 1.491e-04
| loss 0: 3.983e-02| val metric 0: 0.015810 | best val: 0.015810 at epoch 399 | current lr: 1.491e-04
epoch: [400/500] | loss 0: 0.039738 | loss 1: 0.000000 | current lr: 1.463e-04
| loss 0: 3.974e-02| val metric 0: 0.015775 | best val: 0.015775 at epoch 400 | current lr: 1.463e-04
epoch: [401/500] | loss 0: 0.039648 | loss 1: 0.000000 | current lr: 1.435e-04
| loss 0: 3.965e-02| val metric 0: 0.015740 | best val: 0.015740 at epoch 401 | current lr: 1.435e-04
epoch: [402/500] | loss 0: 0.039565 | loss 1: 0.000000 | current lr: 1.408e-04
| loss 0: 3.956e-02| val metric 0: 0.015704 | best val: 0.015704 at epoch 402 | current lr: 1.408e-04
epoch: [403/500] | loss 0: 0.039489 | loss 1: 0.000000 | current lr: 1.381e-04
| loss 0: 3.949e-02| val metric 0: 0.015667 | best val: 0.015667 at epoch 403 | current lr: 1.381e-04
epoch: [404/500] | loss 0: 0.039421 | loss 1: 0.000000 | current lr: 1.354e-04
| loss 0: 3.942e-02| val metric 0: 0.015637 | best val: 0.015637 at epoch 404 | current lr: 1.354e-04
epoch: [405/500] | loss 0: 0.039361 | loss 1: 0.000000 | current lr: 1.327e-04
| loss 0: 3.936e-02| val metric 0: 0.015637 | best val: 0.015637 at epoch 405 | current lr: 1.327e-04
epoch: [406/500] | loss 0: 0.039279 | loss 1: 0.000000 | current lr: 1.301e-04
| loss 0: 3.928e-02| val metric 0: 0.015606 | best val: 0.015606 at epoch 406 | current lr: 1.301e-04
epoch: [407/500] | loss 0: 0.039148 | loss 1: 0.000000 | current lr: 1.274e-04
| loss 0: 3.915e-02| val metric 0: 0.015542 | best val: 0.015542 at epoch 407 | current lr: 1.274e-04
epoch: [408/500] | loss 0: 0.039048 | loss 1: 0.000000 | current lr: 1.248e-04
| loss 0: 3.905e-02| val metric 0: 0.015511 | best val: 0.015511 at epoch 408 | current lr: 1.248e-04
epoch: [409/500] | loss 0: 0.038983 | loss 1: 0.000000 | current lr: 1.222e-04
| loss 0: 3.898e-02| val metric 0: 0.015483 | best val: 0.015483 at epoch 409 | current lr: 1.222e-04
epoch: [410/500] | loss 0: 0.038905 | loss 1: 0.000000 | current lr: 1.197e-04
| loss 0: 3.891e-02| val metric 0: 0.015449 | best val: 0.015449 at epoch 410 | current lr: 1.197e-04
epoch: [411/500] | loss 0: 0.038830 | loss 1: 0.000000 | current lr: 1.171e-04
| loss 0: 3.883e-02| val metric 0: 0.015419 | best val: 0.015419 at epoch 411 | current lr: 1.171e-04
epoch: [412/500] | loss 0: 0.038751 | loss 1: 0.000000 | current lr: 1.146e-04
| loss 0: 3.875e-02| val metric 0: 0.015388 | best val: 0.015388 at epoch 412 | current lr: 1.146e-04
epoch: [413/500] | loss 0: 0.038672 | loss 1: 0.000000 | current lr: 1.121e-04
| loss 0: 3.867e-02| val metric 0: 0.015358 | best val: 0.015358 at epoch 413 | current lr: 1.121e-04
epoch: [414/500] | loss 0: 0.038597 | loss 1: 0.000000 | current lr: 1.097e-04
| loss 0: 3.860e-02| val metric 0: 0.015330 | best val: 0.015330 at epoch 414 | current lr: 1.097e-04
epoch: [415/500] | loss 0: 0.038528 | loss 1: 0.000000 | current lr: 1.072e-04
| loss 0: 3.853e-02| val metric 0: 0.015305 | best val: 0.015305 at epoch 415 | current lr: 1.072e-04
epoch: [416/500] | loss 0: 0.038463 | loss 1: 0.000000 | current lr: 1.048e-04
| loss 0: 3.846e-02| val metric 0: 0.015281 | best val: 0.015281 at epoch 416 | current lr: 1.048e-04
epoch: [417/500] | loss 0: 0.038404 | loss 1: 0.000000 | current lr: 1.024e-04
| loss 0: 3.840e-02| val metric 0: 0.015260 | best val: 0.015260 at epoch 417 | current lr: 1.024e-04
epoch: [418/500] | loss 0: 0.038351 | loss 1: 0.000000 | current lr: 1.000e-04
| loss 0: 3.835e-02| val metric 0: 0.015241 | best val: 0.015241 at epoch 418 | current lr: 1.000e-04
epoch: [419/500] | loss 0: 0.038306 | loss 1: 0.000000 | current lr: 9.770e-05
| loss 0: 3.831e-02| val metric 0: 0.015219 | best val: 0.015219 at epoch 419 | current lr: 9.770e-05
epoch: [420/500] | loss 0: 0.038263 | loss 1: 0.000000 | current lr: 9.538e-05
| loss 0: 3.826e-02| val metric 0: 0.015189 | best val: 0.015189 at epoch 420 | current lr: 9.538e-05
epoch: [421/500] | loss 0: 0.038200 | loss 1: 0.000000 | current lr: 9.308e-05
| loss 0: 3.820e-02| val metric 0: 0.015161 | best val: 0.015161 at epoch 421 | current lr: 9.308e-05
epoch: [422/500] | loss 0: 0.038114 | loss 1: 0.000000 | current lr: 9.081e-05
| loss 0: 3.811e-02| val metric 0: 0.015132 | best val: 0.015132 at epoch 422 | current lr: 9.081e-05
epoch: [423/500] | loss 0: 0.038037 | loss 1: 0.000000 | current lr: 8.857e-05
| loss 0: 3.804e-02| val metric 0: 0.015106 | best val: 0.015106 at epoch 423 | current lr: 8.857e-05
epoch: [424/500] | loss 0: 0.037970 | loss 1: 0.000000 | current lr: 8.635e-05
| loss 0: 3.797e-02| val metric 0: 0.015083 | best val: 0.015083 at epoch 424 | current lr: 8.635e-05
epoch: [425/500] | loss 0: 0.037906 | loss 1: 0.000000 | current lr: 8.416e-05
| loss 0: 3.791e-02| val metric 0: 0.015060 | best val: 0.015060 at epoch 425 | current lr: 8.416e-05
epoch: [426/500] | loss 0: 0.037847 | loss 1: 0.000000 | current lr: 8.199e-05
| loss 0: 3.785e-02| val metric 0: 0.015039 | best val: 0.015039 at epoch 426 | current lr: 8.199e-05
epoch: [427/500] | loss 0: 0.037793 | loss 1: 0.000000 | current lr: 7.985e-05
| loss 0: 3.779e-02| val metric 0: 0.015018 | best val: 0.015018 at epoch 427 | current lr: 7.985e-05
epoch: [428/500] | loss 0: 0.037740 | loss 1: 0.000000 | current lr: 7.773e-05
| loss 0: 3.774e-02| val metric 0: 0.014998 | best val: 0.014998 at epoch 428 | current lr: 7.773e-05
epoch: [429/500] | loss 0: 0.037689 | loss 1: 0.000000 | current lr: 7.564e-05
| loss 0: 3.769e-02| val metric 0: 0.014978 | best val: 0.014978 at epoch 429 | current lr: 7.564e-05
epoch: [430/500] | loss 0: 0.037639 | loss 1: 0.000000 | current lr: 7.358e-05
| loss 0: 3.764e-02| val metric 0: 0.014960 | best val: 0.014960 at epoch 430 | current lr: 7.358e-05
epoch: [431/500] | loss 0: 0.037590 | loss 1: 0.000000 | current lr: 7.154e-05
| loss 0: 3.759e-02| val metric 0: 0.014941 | best val: 0.014941 at epoch 431 | current lr: 7.154e-05
epoch: [432/500] | loss 0: 0.037543 | loss 1: 0.000000 | current lr: 6.953e-05
| loss 0: 3.754e-02| val metric 0: 0.014924 | best val: 0.014924 at epoch 432 | current lr: 6.953e-05
epoch: [433/500] | loss 0: 0.037498 | loss 1: 0.000000 | current lr: 6.754e-05
| loss 0: 3.750e-02| val metric 0: 0.014906 | best val: 0.014906 at epoch 433 | current lr: 6.754e-05
epoch: [434/500] | loss 0: 0.037454 | loss 1: 0.000000 | current lr: 6.559e-05
| loss 0: 3.745e-02| val metric 0: 0.014886 | best val: 0.014886 at epoch 434 | current lr: 6.559e-05
epoch: [435/500] | loss 0: 0.037411 | loss 1: 0.000000 | current lr: 6.366e-05
| loss 0: 3.741e-02| val metric 0: 0.014865 | best val: 0.014865 at epoch 435 | current lr: 6.366e-05
epoch: [436/500] | loss 0: 0.037366 | loss 1: 0.000000 | current lr: 6.175e-05
| loss 0: 3.737e-02| val metric 0: 0.014847 | best val: 0.014847 at epoch 436 | current lr: 6.175e-05
epoch: [437/500] | loss 0: 0.037321 | loss 1: 0.000000 | current lr: 5.988e-05
| loss 0: 3.732e-02| val metric 0: 0.014830 | best val: 0.014830 at epoch 437 | current lr: 5.988e-05
epoch: [438/500] | loss 0: 0.037278 | loss 1: 0.000000 | current lr: 5.803e-05
| loss 0: 3.728e-02| val metric 0: 0.014814 | best val: 0.014814 at epoch 438 | current lr: 5.803e-05
epoch: [439/500] | loss 0: 0.037238 | loss 1: 0.000000 | current lr: 5.620e-05
| loss 0: 3.724e-02| val metric 0: 0.014798 | best val: 0.014798 at epoch 439 | current lr: 5.620e-05
epoch: [440/500] | loss 0: 0.037199 | loss 1: 0.000000 | current lr: 5.441e-05
| loss 0: 3.720e-02| val metric 0: 0.014783 | best val: 0.014783 at epoch 440 | current lr: 5.441e-05
epoch: [441/500] | loss 0: 0.037162 | loss 1: 0.000000 | current lr: 5.264e-05
| loss 0: 3.716e-02| val metric 0: 0.014768 | best val: 0.014768 at epoch 441 | current lr: 5.264e-05
epoch: [442/500] | loss 0: 0.037126 | loss 1: 0.000000 | current lr: 5.090e-05
| loss 0: 3.713e-02| val metric 0: 0.014755 | best val: 0.014755 at epoch 442 | current lr: 5.090e-05
epoch: [443/500] | loss 0: 0.037093 | loss 1: 0.000000 | current lr: 4.919e-05
| loss 0: 3.709e-02| val metric 0: 0.014744 | best val: 0.014744 at epoch 443 | current lr: 4.919e-05
epoch: [444/500] | loss 0: 0.037061 | loss 1: 0.000000 | current lr: 4.750e-05
| loss 0: 3.706e-02| val metric 0: 0.014734 | best val: 0.014734 at epoch 444 | current lr: 4.750e-05
epoch: [445/500] | loss 0: 0.037030 | loss 1: 0.000000 | current lr: 4.585e-05
| loss 0: 3.703e-02| val metric 0: 0.014723 | best val: 0.014723 at epoch 445 | current lr: 4.585e-05
epoch: [446/500] | loss 0: 0.036998 | loss 1: 0.000000 | current lr: 4.422e-05
| loss 0: 3.700e-02| val metric 0: 0.014706 | best val: 0.014706 at epoch 446 | current lr: 4.422e-05
epoch: [447/500] | loss 0: 0.036962 | loss 1: 0.000000 | current lr: 4.262e-05
| loss 0: 3.696e-02| val metric 0: 0.014688 | best val: 0.014688 at epoch 447 | current lr: 4.262e-05
epoch: [448/500] | loss 0: 0.036925 | loss 1: 0.000000 | current lr: 4.104e-05
| loss 0: 3.693e-02| val metric 0: 0.014674 | best val: 0.014674 at epoch 448 | current lr: 4.104e-05
epoch: [449/500] | loss 0: 0.036892 | loss 1: 0.000000 | current lr: 3.950e-05
| loss 0: 3.689e-02| val metric 0: 0.014662 | best val: 0.014662 at epoch 449 | current lr: 3.950e-05
epoch: [450/500] | loss 0: 0.036863 | loss 1: 0.000000 | current lr: 3.799e-05
| loss 0: 3.686e-02| val metric 0: 0.014650 | best val: 0.014650 at epoch 450 | current lr: 3.799e-05
epoch: [451/500] | loss 0: 0.036835 | loss 1: 0.000000 | current lr: 3.650e-05
| loss 0: 3.683e-02| val metric 0: 0.014640 | best val: 0.014640 at epoch 451 | current lr: 3.650e-05
epoch: [452/500] | loss 0: 0.036805 | loss 1: 0.000000 | current lr: 3.504e-05
| loss 0: 3.680e-02| val metric 0: 0.014629 | best val: 0.014629 at epoch 452 | current lr: 3.504e-05
epoch: [453/500] | loss 0: 0.036777 | loss 1: 0.000000 | current lr: 3.361e-05
| loss 0: 3.678e-02| val metric 0: 0.014618 | best val: 0.014618 at epoch 453 | current lr: 3.361e-05
epoch: [454/500] | loss 0: 0.036752 | loss 1: 0.000000 | current lr: 3.221e-05
| loss 0: 3.675e-02| val metric 0: 0.014608 | best val: 0.014608 at epoch 454 | current lr: 3.221e-05
epoch: [455/500] | loss 0: 0.036727 | loss 1: 0.000000 | current lr: 3.084e-05
| loss 0: 3.673e-02| val metric 0: 0.014599 | best val: 0.014599 at epoch 455 | current lr: 3.084e-05
epoch: [456/500] | loss 0: 0.036703 | loss 1: 0.000000 | current lr: 2.949e-05
| loss 0: 3.670e-02| val metric 0: 0.014590 | best val: 0.014590 at epoch 456 | current lr: 2.949e-05
epoch: [457/500] | loss 0: 0.036680 | loss 1: 0.000000 | current lr: 2.818e-05
| loss 0: 3.668e-02| val metric 0: 0.014581 | best val: 0.014581 at epoch 457 | current lr: 2.818e-05
epoch: [458/500] | loss 0: 0.036659 | loss 1: 0.000000 | current lr: 2.689e-05
| loss 0: 3.666e-02| val metric 0: 0.014572 | best val: 0.014572 at epoch 458 | current lr: 2.689e-05
epoch: [459/500] | loss 0: 0.036638 | loss 1: 0.000000 | current lr: 2.564e-05
| loss 0: 3.664e-02| val metric 0: 0.014565 | best val: 0.014565 at epoch 459 | current lr: 2.564e-05
epoch: [460/500] | loss 0: 0.036619 | loss 1: 0.000000 | current lr: 2.441e-05
| loss 0: 3.662e-02| val metric 0: 0.014557 | best val: 0.014557 at epoch 460 | current lr: 2.441e-05
epoch: [461/500] | loss 0: 0.036601 | loss 1: 0.000000 | current lr: 2.321e-05
| loss 0: 3.660e-02| val metric 0: 0.014549 | best val: 0.014549 at epoch 461 | current lr: 2.321e-05
epoch: [462/500] | loss 0: 0.036584 | loss 1: 0.000000 | current lr: 2.205e-05
| loss 0: 3.658e-02| val metric 0: 0.014540 | best val: 0.014540 at epoch 462 | current lr: 2.205e-05
epoch: [463/500] | loss 0: 0.036567 | loss 1: 0.000000 | current lr: 2.091e-05
| loss 0: 3.657e-02| val metric 0: 0.014536 | best val: 0.014536 at epoch 463 | current lr: 2.091e-05
epoch: [464/500] | loss 0: 0.036553 | loss 1: 0.000000 | current lr: 1.980e-05
| loss 0: 3.655e-02| val metric 0: 0.014534 | best val: 0.014534 at epoch 464 | current lr: 1.980e-05
epoch: [465/500] | loss 0: 0.036539 | loss 1: 0.000000 | current lr: 1.872e-05
| loss 0: 3.654e-02| val metric 0: 0.014527 | best val: 0.014527 at epoch 465 | current lr: 1.872e-05
epoch: [466/500] | loss 0: 0.036521 | loss 1: 0.000000 | current lr: 1.767e-05
| loss 0: 3.652e-02| val metric 0: 0.014515 | best val: 0.014515 at epoch 466 | current lr: 1.767e-05
epoch: [467/500] | loss 0: 0.036498 | loss 1: 0.000000 | current lr: 1.665e-05
| loss 0: 3.650e-02| val metric 0: 0.014508 | best val: 0.014508 at epoch 467 | current lr: 1.665e-05
epoch: [468/500] | loss 0: 0.036482 | loss 1: 0.000000 | current lr: 1.566e-05
| loss 0: 3.648e-02| val metric 0: 0.014503 | best val: 0.014503 at epoch 468 | current lr: 1.566e-05
epoch: [469/500] | loss 0: 0.036469 | loss 1: 0.000000 | current lr: 1.470e-05
| loss 0: 3.647e-02| val metric 0: 0.014498 | best val: 0.014498 at epoch 469 | current lr: 1.470e-05
epoch: [470/500] | loss 0: 0.036455 | loss 1: 0.000000 | current lr: 1.377e-05
| loss 0: 3.646e-02| val metric 0: 0.014493 | best val: 0.014493 at epoch 470 | current lr: 1.377e-05
epoch: [471/500] | loss 0: 0.036443 | loss 1: 0.000000 | current lr: 1.287e-05
| loss 0: 3.644e-02| val metric 0: 0.014488 | best val: 0.014488 at epoch 471 | current lr: 1.287e-05
epoch: [472/500] | loss 0: 0.036432 | loss 1: 0.000000 | current lr: 1.200e-05
| loss 0: 3.643e-02| val metric 0: 0.014484 | best val: 0.014484 at epoch 472 | current lr: 1.200e-05
epoch: [473/500] | loss 0: 0.036421 | loss 1: 0.000000 | current lr: 1.116e-05
| loss 0: 3.642e-02| val metric 0: 0.014480 | best val: 0.014480 at epoch 473 | current lr: 1.116e-05
epoch: [474/500] | loss 0: 0.036411 | loss 1: 0.000000 | current lr: 1.035e-05
| loss 0: 3.641e-02| val metric 0: 0.014476 | best val: 0.014476 at epoch 474 | current lr: 1.035e-05
epoch: [475/500] | loss 0: 0.036402 | loss 1: 0.000000 | current lr: 9.569e-06
| loss 0: 3.640e-02| val metric 0: 0.014472 | best val: 0.014472 at epoch 475 | current lr: 9.569e-06
epoch: [476/500] | loss 0: 0.036393 | loss 1: 0.000000 | current lr: 8.820e-06
| loss 0: 3.639e-02| val metric 0: 0.014469 | best val: 0.014469 at epoch 476 | current lr: 8.820e-06
epoch: [477/500] | loss 0: 0.036385 | loss 1: 0.000000 | current lr: 8.100e-06
| loss 0: 3.639e-02| val metric 0: 0.014466 | best val: 0.014466 at epoch 477 | current lr: 8.100e-06
epoch: [478/500] | loss 0: 0.036378 | loss 1: 0.000000 | current lr: 7.412e-06
| loss 0: 3.638e-02| val metric 0: 0.014463 | best val: 0.014463 at epoch 478 | current lr: 7.412e-06
epoch: [479/500] | loss 0: 0.036371 | loss 1: 0.000000 | current lr: 6.753e-06
| loss 0: 3.637e-02| val metric 0: 0.014460 | best val: 0.014460 at epoch 479 | current lr: 6.753e-06
epoch: [480/500] | loss 0: 0.036365 | loss 1: 0.000000 | current lr: 6.125e-06
| loss 0: 3.636e-02| val metric 0: 0.014458 | best val: 0.014458 at epoch 480 | current lr: 6.125e-06
epoch: [481/500] | loss 0: 0.036359 | loss 1: 0.000000 | current lr: 5.528e-06
| loss 0: 3.636e-02| val metric 0: 0.014456 | best val: 0.014456 at epoch 481 | current lr: 5.528e-06
epoch: [482/500] | loss 0: 0.036354 | loss 1: 0.000000 | current lr: 4.961e-06
| loss 0: 3.635e-02| val metric 0: 0.014454 | best val: 0.014454 at epoch 482 | current lr: 4.961e-06
epoch: [483/500] | loss 0: 0.036349 | loss 1: 0.000000 | current lr: 4.424e-06
| loss 0: 3.635e-02| val metric 0: 0.014452 | best val: 0.014452 at epoch 483 | current lr: 4.424e-06
epoch: [484/500] | loss 0: 0.036345 | loss 1: 0.000000 | current lr: 3.918e-06
| loss 0: 3.634e-02| val metric 0: 0.014450 | best val: 0.014450 at epoch 484 | current lr: 3.918e-06
epoch: [485/500] | loss 0: 0.036341 | loss 1: 0.000000 | current lr: 3.443e-06
| loss 0: 3.634e-02| val metric 0: 0.014449 | best val: 0.014449 at epoch 485 | current lr: 3.443e-06
epoch: [486/500] | loss 0: 0.036338 | loss 1: 0.000000 | current lr: 2.998e-06
| loss 0: 3.634e-02| val metric 0: 0.014448 | best val: 0.014448 at epoch 486 | current lr: 2.998e-06
epoch: [487/500] | loss 0: 0.036334 | loss 1: 0.000000 | current lr: 2.584e-06
| loss 0: 3.633e-02| val metric 0: 0.014447 | best val: 0.014447 at epoch 487 | current lr: 2.584e-06
epoch: [488/500] | loss 0: 0.036332 | loss 1: 0.000000 | current lr: 2.201e-06
| loss 0: 3.633e-02| val metric 0: 0.014446 | best val: 0.014446 at epoch 488 | current lr: 2.201e-06
epoch: [489/500] | loss 0: 0.036330 | loss 1: 0.000000 | current lr: 1.848e-06
| loss 0: 3.633e-02| val metric 0: 0.014445 | best val: 0.014445 at epoch 489 | current lr: 1.848e-06
epoch: [490/500] | loss 0: 0.036328 | loss 1: 0.000000 | current lr: 1.526e-06
| loss 0: 3.633e-02| val metric 0: 0.014445 | best val: 0.014445 at epoch 490 | current lr: 1.526e-06
epoch: [491/500] | loss 0: 0.036326 | loss 1: 0.000000 | current lr: 1.235e-06
| loss 0: 3.633e-02| val metric 0: 0.014444 | best val: 0.014444 at epoch 491 | current lr: 1.235e-06
epoch: [492/500] | loss 0: 0.036325 | loss 1: 0.000000 | current lr: 9.744e-07
| loss 0: 3.632e-02| val metric 0: 0.014443 | best val: 0.014443 at epoch 492 | current lr: 9.744e-07
epoch: [493/500] | loss 0: 0.036323 | loss 1: 0.000000 | current lr: 7.447e-07
| loss 0: 3.632e-02| val metric 0: 0.014443 | best val: 0.014443 at epoch 493 | current lr: 7.447e-07
epoch: [494/500] | loss 0: 0.036323 | loss 1: 0.000000 | current lr: 5.459e-07
| loss 0: 3.632e-02| val metric 0: 0.014443 | best val: 0.014443 at epoch 494 | current lr: 5.459e-07
epoch: [495/500] | loss 0: 0.036322 | loss 1: 0.000000 | current lr: 3.778e-07
| loss 0: 3.632e-02| val metric 0: 0.014442 | best val: 0.014442 at epoch 495 | current lr: 3.778e-07
epoch: [496/500] | loss 0: 0.036322 | loss 1: 0.000000 | current lr: 2.406e-07
| loss 0: 3.632e-02| val metric 0: 0.014442 | best val: 0.014442 at epoch 496 | current lr: 2.406e-07
epoch: [497/500] | loss 0: 0.036321 | loss 1: 0.000000 | current lr: 1.342e-07
| loss 0: 3.632e-02| val metric 0: 0.014442 | best val: 0.014442 at epoch 497 | current lr: 1.342e-07
epoch: [498/500] | loss 0: 0.036321 | loss 1: 0.000000 | current lr: 5.865e-08
| loss 0: 3.632e-02| val metric 0: 0.014442 | best val: 0.014442 at epoch 498 | current lr: 5.865e-08
epoch: [499/500] | loss 0: 0.036321 | loss 1: 0.000000 | current lr: 1.393e-08
| loss 0: 3.632e-02| val metric 0: 0.014442 | best val: 0.014442 at epoch 499 | current lr: 1.393e-08
epoch: [500/500] | loss 0: 0.036321 | loss 1: 0.000000 | current lr: 4.855e-11
| loss 0: 3.632e-02| val metric 0: 0.014442 | best val: 0.014442 at epoch 500 | current lr: 4.855e-11
Training takes 837.6332168579102 seconds.
