Load dataset finished 0.18024349212646484
Training with 1000 samples
Target features are normalized using unit transformer
tensor([[0.7733]]) tensor([[0.3227]])
Target features are normalized using unit transformer
Input features are normalized using unit transformer
Load dataset finished 0.048117637634277344
Testing with 200 samples
Target features are normalized using unit transformer
Input features are normalized using unit transformer
3


The following code snippets have been run.
==================================================

    os.environ['PYTHONHASHSEED'] = str(2023)
    numpy.random.seed(2023)
    torch.manual_seed(2023)
    torch.cuda.manual_seed(2023)
    torch.backends.cudnn.deterministic = True
    torch.backends.cudnn.benchmark = False
    if torch.cuda.is_available():
        torch.cuda.manual_seed_all(2023)
    
==================================================
Using Linear Attention
Using Linear Attention
Using Linear Attention

Model: MIOEGPT	 Number of params: 552132
Saving model and result in ./../models/checkpoints/diffr3d_all_MIOEGPTrel2_0917_01_31_41.pt

Using cycle learning rate schedule
epoch: [1/500] | loss 0: 1.771816 | loss 1: 0.000000 | current lr: 3.469e-07
| loss 0: 1.772e+00| val metric 0: 0.729616 | best val: 0.729616 at epoch 1 | current lr: 3.469e-07
epoch: [2/500] | loss 0: 1.685527 | loss 1: 0.000000 | current lr: 1.088e-06
| loss 0: 1.686e+00| val metric 0: 0.672468 | best val: 0.672468 at epoch 2 | current lr: 1.088e-06
epoch: [3/500] | loss 0: 1.457003 | loss 1: 0.000000 | current lr: 2.321e-06
| loss 0: 1.457e+00| val metric 0: 0.555512 | best val: 0.555512 at epoch 3 | current lr: 2.321e-06
epoch: [4/500] | loss 0: 1.136045 | loss 1: 0.000000 | current lr: 4.046e-06
| loss 0: 1.136e+00| val metric 0: 0.433696 | best val: 0.433696 at epoch 4 | current lr: 4.046e-06
epoch: [5/500] | loss 0: 0.928700 | loss 1: 0.000000 | current lr: 6.261e-06
| loss 0: 9.287e-01| val metric 0: 0.361934 | best val: 0.361934 at epoch 5 | current lr: 6.261e-06
epoch: [6/500] | loss 0: 0.770680 | loss 1: 0.000000 | current lr: 8.964e-06
| loss 0: 7.707e-01| val metric 0: 0.299360 | best val: 0.299360 at epoch 6 | current lr: 8.964e-06
epoch: [7/500] | loss 0: 0.598075 | loss 1: 0.000000 | current lr: 1.215e-05
| loss 0: 5.981e-01| val metric 0: 0.214810 | best val: 0.214810 at epoch 7 | current lr: 1.215e-05
epoch: [8/500] | loss 0: 0.423696 | loss 1: 0.000000 | current lr: 1.582e-05
| loss 0: 4.237e-01| val metric 0: 0.157750 | best val: 0.157750 at epoch 8 | current lr: 1.582e-05
epoch: [9/500] | loss 0: 0.344075 | loss 1: 0.000000 | current lr: 1.997e-05
| loss 0: 3.441e-01| val metric 0: 0.132285 | best val: 0.132285 at epoch 9 | current lr: 1.997e-05
epoch: [10/500] | loss 0: 0.287395 | loss 1: 0.000000 | current lr: 2.459e-05
| loss 0: 2.874e-01| val metric 0: 0.108505 | best val: 0.108505 at epoch 10 | current lr: 2.459e-05
epoch: [11/500] | loss 0: 0.236716 | loss 1: 0.000000 | current lr: 2.969e-05
| loss 0: 2.367e-01| val metric 0: 0.087918 | best val: 0.087918 at epoch 11 | current lr: 2.969e-05
epoch: [12/500] | loss 0: 0.190329 | loss 1: 0.000000 | current lr: 3.524e-05
| loss 0: 1.903e-01| val metric 0: 0.069931 | best val: 0.069931 at epoch 12 | current lr: 3.524e-05
epoch: [13/500] | loss 0: 0.157769 | loss 1: 0.000000 | current lr: 4.126e-05
| loss 0: 1.578e-01| val metric 0: 0.059284 | best val: 0.059284 at epoch 13 | current lr: 4.126e-05
epoch: [14/500] | loss 0: 0.139253 | loss 1: 0.000000 | current lr: 4.773e-05
| loss 0: 1.393e-01| val metric 0: 0.054300 | best val: 0.054300 at epoch 14 | current lr: 4.773e-05
epoch: [15/500] | loss 0: 0.127783 | loss 1: 0.000000 | current lr: 5.464e-05
| loss 0: 1.278e-01| val metric 0: 0.048966 | best val: 0.048966 at epoch 15 | current lr: 5.464e-05
epoch: [16/500] | loss 0: 0.123395 | loss 1: 0.000000 | current lr: 6.200e-05
| loss 0: 1.234e-01| val metric 0: 0.047238 | best val: 0.047238 at epoch 16 | current lr: 6.200e-05
epoch: [17/500] | loss 0: 0.121934 | loss 1: 0.000000 | current lr: 6.979e-05
| loss 0: 1.219e-01| val metric 0: 0.046338 | best val: 0.046338 at epoch 17 | current lr: 6.979e-05
epoch: [18/500] | loss 0: 0.117422 | loss 1: 0.000000 | current lr: 7.800e-05
| loss 0: 1.174e-01| val metric 0: 0.044347 | best val: 0.044347 at epoch 18 | current lr: 7.800e-05
epoch: [19/500] | loss 0: 0.120369 | loss 1: 0.000000 | current lr: 8.663e-05
| loss 0: 1.204e-01| val metric 0: 0.045194 | best val: 0.044347 at epoch 18 | current lr: 8.663e-05
epoch: [20/500] | loss 0: 0.117988 | loss 1: 0.000000 | current lr: 9.567e-05
| loss 0: 1.180e-01| val metric 0: 0.044170 | best val: 0.044170 at epoch 20 | current lr: 9.567e-05
epoch: [21/500] | loss 0: 0.118392 | loss 1: 0.000000 | current lr: 1.051e-04
| loss 0: 1.184e-01| val metric 0: 0.045074 | best val: 0.044170 at epoch 20 | current lr: 1.051e-04
epoch: [22/500] | loss 0: 0.116780 | loss 1: 0.000000 | current lr: 1.149e-04
| loss 0: 1.168e-01| val metric 0: 0.042675 | best val: 0.042675 at epoch 22 | current lr: 1.149e-04
epoch: [23/500] | loss 0: 0.115341 | loss 1: 0.000000 | current lr: 1.252e-04
| loss 0: 1.153e-01| val metric 0: 0.045143 | best val: 0.042675 at epoch 22 | current lr: 1.252e-04
epoch: [24/500] | loss 0: 0.117921 | loss 1: 0.000000 | current lr: 1.357e-04
| loss 0: 1.179e-01| val metric 0: 0.042505 | best val: 0.042505 at epoch 24 | current lr: 1.357e-04
epoch: [25/500] | loss 0: 0.107003 | loss 1: 0.000000 | current lr: 1.467e-04
| loss 0: 1.070e-01| val metric 0: 0.041497 | best val: 0.041497 at epoch 25 | current lr: 1.467e-04
epoch: [26/500] | loss 0: 0.102668 | loss 1: 0.000000 | current lr: 1.580e-04
| loss 0: 1.027e-01| val metric 0: 0.040209 | best val: 0.040209 at epoch 26 | current lr: 1.580e-04
epoch: [27/500] | loss 0: 0.101900 | loss 1: 0.000000 | current lr: 1.696e-04
| loss 0: 1.019e-01| val metric 0: 0.039934 | best val: 0.039934 at epoch 27 | current lr: 1.696e-04
epoch: [28/500] | loss 0: 0.101399 | loss 1: 0.000000 | current lr: 1.815e-04
| loss 0: 1.014e-01| val metric 0: 0.039621 | best val: 0.039621 at epoch 28 | current lr: 1.815e-04
epoch: [29/500] | loss 0: 0.104094 | loss 1: 0.000000 | current lr: 1.938e-04
| loss 0: 1.041e-01| val metric 0: 0.040205 | best val: 0.039621 at epoch 28 | current lr: 1.938e-04
epoch: [30/500] | loss 0: 0.112875 | loss 1: 0.000000 | current lr: 2.064e-04
| loss 0: 1.129e-01| val metric 0: 0.039424 | best val: 0.039424 at epoch 30 | current lr: 2.064e-04
epoch: [31/500] | loss 0: 0.107929 | loss 1: 0.000000 | current lr: 2.192e-04
| loss 0: 1.079e-01| val metric 0: 0.040593 | best val: 0.039424 at epoch 30 | current lr: 2.192e-04
epoch: [32/500] | loss 0: 0.102044 | loss 1: 0.000000 | current lr: 2.324e-04
| loss 0: 1.020e-01| val metric 0: 0.040601 | best val: 0.039424 at epoch 30 | current lr: 2.324e-04
epoch: [33/500] | loss 0: 0.105956 | loss 1: 0.000000 | current lr: 2.458e-04
| loss 0: 1.060e-01| val metric 0: 0.041355 | best val: 0.039424 at epoch 30 | current lr: 2.458e-04
epoch: [34/500] | loss 0: 0.114126 | loss 1: 0.000000 | current lr: 2.594e-04
| loss 0: 1.141e-01| val metric 0: 0.041425 | best val: 0.039424 at epoch 30 | current lr: 2.594e-04
epoch: [35/500] | loss 0: 0.115160 | loss 1: 0.000000 | current lr: 2.733e-04
| loss 0: 1.152e-01| val metric 0: 0.048688 | best val: 0.039424 at epoch 30 | current lr: 2.733e-04
epoch: [36/500] | loss 0: 0.111090 | loss 1: 0.000000 | current lr: 2.874e-04
| loss 0: 1.111e-01| val metric 0: 0.036124 | best val: 0.036124 at epoch 36 | current lr: 2.874e-04
epoch: [37/500] | loss 0: 0.095098 | loss 1: 0.000000 | current lr: 3.018e-04
| loss 0: 9.510e-02| val metric 0: 0.036152 | best val: 0.036124 at epoch 36 | current lr: 3.018e-04
epoch: [38/500] | loss 0: 0.096213 | loss 1: 0.000000 | current lr: 3.163e-04
| loss 0: 9.621e-02| val metric 0: 0.036216 | best val: 0.036124 at epoch 36 | current lr: 3.163e-04
epoch: [39/500] | loss 0: 0.100349 | loss 1: 0.000000 | current lr: 3.310e-04
| loss 0: 1.003e-01| val metric 0: 0.034331 | best val: 0.034331 at epoch 39 | current lr: 3.310e-04
epoch: [40/500] | loss 0: 0.101893 | loss 1: 0.000000 | current lr: 3.459e-04
| loss 0: 1.019e-01| val metric 0: 0.049829 | best val: 0.034331 at epoch 39 | current lr: 3.459e-04
epoch: [41/500] | loss 0: 0.093998 | loss 1: 0.000000 | current lr: 3.609e-04
| loss 0: 9.400e-02| val metric 0: 0.038604 | best val: 0.034331 at epoch 39 | current lr: 3.609e-04
epoch: [42/500] | loss 0: 0.083412 | loss 1: 0.000000 | current lr: 3.760e-04
| loss 0: 8.341e-02| val metric 0: 0.027164 | best val: 0.027164 at epoch 42 | current lr: 3.760e-04
epoch: [43/500] | loss 0: 0.086637 | loss 1: 0.000000 | current lr: 3.913e-04
| loss 0: 8.664e-02| val metric 0: 0.032427 | best val: 0.027164 at epoch 42 | current lr: 3.913e-04
epoch: [44/500] | loss 0: 0.076697 | loss 1: 0.000000 | current lr: 4.067e-04
| loss 0: 7.670e-02| val metric 0: 0.035316 | best val: 0.027164 at epoch 42 | current lr: 4.067e-04
epoch: [45/500] | loss 0: 0.100925 | loss 1: 0.000000 | current lr: 4.222e-04
| loss 0: 1.009e-01| val metric 0: 0.046720 | best val: 0.027164 at epoch 42 | current lr: 4.222e-04
epoch: [46/500] | loss 0: 0.088416 | loss 1: 0.000000 | current lr: 4.377e-04
| loss 0: 8.842e-02| val metric 0: 0.039178 | best val: 0.027164 at epoch 42 | current lr: 4.377e-04
epoch: [47/500] | loss 0: 0.069312 | loss 1: 0.000000 | current lr: 4.534e-04
| loss 0: 6.931e-02| val metric 0: 0.022446 | best val: 0.022446 at epoch 47 | current lr: 4.534e-04
epoch: [48/500] | loss 0: 0.098674 | loss 1: 0.000000 | current lr: 4.690e-04
| loss 0: 9.867e-02| val metric 0: 0.025287 | best val: 0.022446 at epoch 47 | current lr: 4.690e-04
epoch: [49/500] | loss 0: 0.068338 | loss 1: 0.000000 | current lr: 4.847e-04
| loss 0: 6.834e-02| val metric 0: 0.016100 | best val: 0.016100 at epoch 49 | current lr: 4.847e-04
epoch: [50/500] | loss 0: 0.081929 | loss 1: 0.000000 | current lr: 5.004e-04
| loss 0: 8.193e-02| val metric 0: 0.031226 | best val: 0.016100 at epoch 49 | current lr: 5.004e-04
epoch: [51/500] | loss 0: 0.073964 | loss 1: 0.000000 | current lr: 5.162e-04
| loss 0: 7.396e-02| val metric 0: 0.029638 | best val: 0.016100 at epoch 49 | current lr: 5.162e-04
epoch: [52/500] | loss 0: 0.094289 | loss 1: 0.000000 | current lr: 5.318e-04
| loss 0: 9.429e-02| val metric 0: 0.034587 | best val: 0.016100 at epoch 49 | current lr: 5.318e-04
epoch: [53/500] | loss 0: 0.101442 | loss 1: 0.000000 | current lr: 5.475e-04
| loss 0: 1.014e-01| val metric 0: 0.039845 | best val: 0.016100 at epoch 49 | current lr: 5.475e-04
epoch: [54/500] | loss 0: 0.093638 | loss 1: 0.000000 | current lr: 5.631e-04
| loss 0: 9.364e-02| val metric 0: 0.037925 | best val: 0.016100 at epoch 49 | current lr: 5.631e-04
epoch: [55/500] | loss 0: 0.090807 | loss 1: 0.000000 | current lr: 5.787e-04
| loss 0: 9.081e-02| val metric 0: 0.039750 | best val: 0.016100 at epoch 49 | current lr: 5.787e-04
epoch: [56/500] | loss 0: 0.086190 | loss 1: 0.000000 | current lr: 5.942e-04
| loss 0: 8.619e-02| val metric 0: 0.036708 | best val: 0.016100 at epoch 49 | current lr: 5.942e-04
epoch: [57/500] | loss 0: 0.083490 | loss 1: 0.000000 | current lr: 6.095e-04
| loss 0: 8.349e-02| val metric 0: 0.040421 | best val: 0.016100 at epoch 49 | current lr: 6.095e-04
epoch: [58/500] | loss 0: 0.084026 | loss 1: 0.000000 | current lr: 6.248e-04
| loss 0: 8.403e-02| val metric 0: 0.035341 | best val: 0.016100 at epoch 49 | current lr: 6.248e-04
epoch: [59/500] | loss 0: 0.081425 | loss 1: 0.000000 | current lr: 6.400e-04
| loss 0: 8.142e-02| val metric 0: 0.033957 | best val: 0.016100 at epoch 49 | current lr: 6.400e-04
epoch: [60/500] | loss 0: 0.079328 | loss 1: 0.000000 | current lr: 6.550e-04
| loss 0: 7.933e-02| val metric 0: 0.035309 | best val: 0.016100 at epoch 49 | current lr: 6.550e-04
epoch: [61/500] | loss 0: 0.074824 | loss 1: 0.000000 | current lr: 6.699e-04
| loss 0: 7.482e-02| val metric 0: 0.030366 | best val: 0.016100 at epoch 49 | current lr: 6.699e-04
epoch: [62/500] | loss 0: 0.073321 | loss 1: 0.000000 | current lr: 6.845e-04
| loss 0: 7.332e-02| val metric 0: 0.043294 | best val: 0.016100 at epoch 49 | current lr: 6.845e-04
epoch: [63/500] | loss 0: 0.079665 | loss 1: 0.000000 | current lr: 6.991e-04
| loss 0: 7.966e-02| val metric 0: 0.036151 | best val: 0.016100 at epoch 49 | current lr: 6.991e-04
epoch: [64/500] | loss 0: 0.072698 | loss 1: 0.000000 | current lr: 7.134e-04
| loss 0: 7.270e-02| val metric 0: 0.027713 | best val: 0.016100 at epoch 49 | current lr: 7.134e-04
epoch: [65/500] | loss 0: 0.062305 | loss 1: 0.000000 | current lr: 7.275e-04
| loss 0: 6.230e-02| val metric 0: 0.027339 | best val: 0.016100 at epoch 49 | current lr: 7.275e-04
epoch: [66/500] | loss 0: 0.050062 | loss 1: 0.000000 | current lr: 7.414e-04
| loss 0: 5.006e-02| val metric 0: 0.013368 | best val: 0.013368 at epoch 66 | current lr: 7.414e-04
epoch: [67/500] | loss 0: 0.052601 | loss 1: 0.000000 | current lr: 7.550e-04
| loss 0: 5.260e-02| val metric 0: 0.017137 | best val: 0.013368 at epoch 66 | current lr: 7.550e-04
epoch: [68/500] | loss 0: 0.060606 | loss 1: 0.000000 | current lr: 7.684e-04
| loss 0: 6.061e-02| val metric 0: 0.031707 | best val: 0.013368 at epoch 66 | current lr: 7.684e-04
epoch: [69/500] | loss 0: 0.064362 | loss 1: 0.000000 | current lr: 7.815e-04
| loss 0: 6.436e-02| val metric 0: 0.027161 | best val: 0.013368 at epoch 66 | current lr: 7.815e-04
epoch: [70/500] | loss 0: 0.081970 | loss 1: 0.000000 | current lr: 7.944e-04
| loss 0: 8.197e-02| val metric 0: 0.038148 | best val: 0.013368 at epoch 66 | current lr: 7.944e-04
epoch: [71/500] | loss 0: 0.060477 | loss 1: 0.000000 | current lr: 8.069e-04
| loss 0: 6.048e-02| val metric 0: 0.019759 | best val: 0.013368 at epoch 66 | current lr: 8.069e-04
epoch: [72/500] | loss 0: 0.053267 | loss 1: 0.000000 | current lr: 8.192e-04
| loss 0: 5.327e-02| val metric 0: 0.025203 | best val: 0.013368 at epoch 66 | current lr: 8.192e-04
epoch: [73/500] | loss 0: 0.060050 | loss 1: 0.000000 | current lr: 8.311e-04
| loss 0: 6.005e-02| val metric 0: 0.025627 | best val: 0.013368 at epoch 66 | current lr: 8.311e-04
epoch: [74/500] | loss 0: 0.072184 | loss 1: 0.000000 | current lr: 8.427e-04
| loss 0: 7.218e-02| val metric 0: 0.035155 | best val: 0.013368 at epoch 66 | current lr: 8.427e-04
epoch: [75/500] | loss 0: 0.065210 | loss 1: 0.000000 | current lr: 8.540e-04
| loss 0: 6.521e-02| val metric 0: 0.013370 | best val: 0.013368 at epoch 66 | current lr: 8.540e-04
epoch: [76/500] | loss 0: 0.057375 | loss 1: 0.000000 | current lr: 8.649e-04
| loss 0: 5.737e-02| val metric 0: 0.025960 | best val: 0.013368 at epoch 66 | current lr: 8.649e-04
epoch: [77/500] | loss 0: 0.067587 | loss 1: 0.000000 | current lr: 8.755e-04
| loss 0: 6.759e-02| val metric 0: 0.024957 | best val: 0.013368 at epoch 66 | current lr: 8.755e-04
epoch: [78/500] | loss 0: 0.080430 | loss 1: 0.000000 | current lr: 8.857e-04
| loss 0: 8.043e-02| val metric 0: 0.034083 | best val: 0.013368 at epoch 66 | current lr: 8.857e-04
epoch: [79/500] | loss 0: 0.072568 | loss 1: 0.000000 | current lr: 8.955e-04
| loss 0: 7.257e-02| val metric 0: 0.030014 | best val: 0.013368 at epoch 66 | current lr: 8.955e-04
epoch: [80/500] | loss 0: 0.050605 | loss 1: 0.000000 | current lr: 9.049e-04
| loss 0: 5.060e-02| val metric 0: 0.017409 | best val: 0.013368 at epoch 66 | current lr: 9.049e-04
epoch: [81/500] | loss 0: 0.048127 | loss 1: 0.000000 | current lr: 9.139e-04
| loss 0: 4.813e-02| val metric 0: 0.018936 | best val: 0.013368 at epoch 66 | current lr: 9.139e-04
epoch: [82/500] | loss 0: 0.058586 | loss 1: 0.000000 | current lr: 9.225e-04
| loss 0: 5.859e-02| val metric 0: 0.026497 | best val: 0.013368 at epoch 66 | current lr: 9.225e-04
epoch: [83/500] | loss 0: 0.051869 | loss 1: 0.000000 | current lr: 9.307e-04
| loss 0: 5.187e-02| val metric 0: 0.016353 | best val: 0.013368 at epoch 66 | current lr: 9.307e-04
epoch: [84/500] | loss 0: 0.036789 | loss 1: 0.000000 | current lr: 9.385e-04
| loss 0: 3.679e-02| val metric 0: 0.017562 | best val: 0.013368 at epoch 66 | current lr: 9.385e-04
epoch: [85/500] | loss 0: 0.041657 | loss 1: 0.000000 | current lr: 9.458e-04
| loss 0: 4.166e-02| val metric 0: 0.012990 | best val: 0.012990 at epoch 85 | current lr: 9.458e-04
epoch: [86/500] | loss 0: 0.073737 | loss 1: 0.000000 | current lr: 9.527e-04
| loss 0: 7.374e-02| val metric 0: 0.026563 | best val: 0.012990 at epoch 85 | current lr: 9.527e-04
epoch: [87/500] | loss 0: 0.073321 | loss 1: 0.000000 | current lr: 9.592e-04
| loss 0: 7.332e-02| val metric 0: 0.027899 | best val: 0.012990 at epoch 85 | current lr: 9.592e-04
epoch: [88/500] | loss 0: 0.055352 | loss 1: 0.000000 | current lr: 9.651e-04
| loss 0: 5.535e-02| val metric 0: 0.012094 | best val: 0.012094 at epoch 88 | current lr: 9.651e-04
epoch: [89/500] | loss 0: 0.048658 | loss 1: 0.000000 | current lr: 9.707e-04
| loss 0: 4.866e-02| val metric 0: 0.011520 | best val: 0.011520 at epoch 89 | current lr: 9.707e-04
epoch: [90/500] | loss 0: 0.041752 | loss 1: 0.000000 | current lr: 9.757e-04
| loss 0: 4.175e-02| val metric 0: 0.013857 | best val: 0.011520 at epoch 89 | current lr: 9.757e-04
epoch: [91/500] | loss 0: 0.043847 | loss 1: 0.000000 | current lr: 9.803e-04
| loss 0: 4.385e-02| val metric 0: 0.017972 | best val: 0.011520 at epoch 89 | current lr: 9.803e-04
epoch: [92/500] | loss 0: 0.047744 | loss 1: 0.000000 | current lr: 9.845e-04
| loss 0: 4.774e-02| val metric 0: 0.020669 | best val: 0.011520 at epoch 89 | current lr: 9.845e-04
epoch: [93/500] | loss 0: 0.062778 | loss 1: 0.000000 | current lr: 9.881e-04
| loss 0: 6.278e-02| val metric 0: 0.020937 | best val: 0.011520 at epoch 89 | current lr: 9.881e-04
epoch: [94/500] | loss 0: 0.058267 | loss 1: 0.000000 | current lr: 9.913e-04
| loss 0: 5.827e-02| val metric 0: 0.024951 | best val: 0.011520 at epoch 89 | current lr: 9.913e-04
epoch: [95/500] | loss 0: 0.053967 | loss 1: 0.000000 | current lr: 9.940e-04
| loss 0: 5.397e-02| val metric 0: 0.020902 | best val: 0.011520 at epoch 89 | current lr: 9.940e-04
epoch: [96/500] | loss 0: 0.071071 | loss 1: 0.000000 | current lr: 9.962e-04
| loss 0: 7.107e-02| val metric 0: 0.025007 | best val: 0.011520 at epoch 89 | current lr: 9.962e-04
epoch: [97/500] | loss 0: 0.035903 | loss 1: 0.000000 | current lr: 9.979e-04
| loss 0: 3.590e-02| val metric 0: 0.023238 | best val: 0.011520 at epoch 89 | current lr: 9.979e-04
epoch: [98/500] | loss 0: 0.035433 | loss 1: 0.000000 | current lr: 9.991e-04
| loss 0: 3.543e-02| val metric 0: 0.026108 | best val: 0.011520 at epoch 89 | current lr: 9.991e-04
epoch: [99/500] | loss 0: 0.058126 | loss 1: 0.000000 | current lr: 9.998e-04
| loss 0: 5.813e-02| val metric 0: 0.034281 | best val: 0.011520 at epoch 89 | current lr: 9.998e-04
epoch: [100/500] | loss 0: 0.069213 | loss 1: 0.000000 | current lr: 1.000e-03
| loss 0: 6.921e-02| val metric 0: 0.023946 | best val: 0.011520 at epoch 89 | current lr: 1.000e-03
epoch: [101/500] | loss 0: 0.055698 | loss 1: 0.000000 | current lr: 1.000e-03
| loss 0: 5.570e-02| val metric 0: 0.016798 | best val: 0.011520 at epoch 89 | current lr: 1.000e-03
epoch: [102/500] | loss 0: 0.047782 | loss 1: 0.000000 | current lr: 9.999e-04
| loss 0: 4.778e-02| val metric 0: 0.011212 | best val: 0.011212 at epoch 102 | current lr: 9.999e-04
epoch: [103/500] | loss 0: 0.052527 | loss 1: 0.000000 | current lr: 9.999e-04
| loss 0: 5.253e-02| val metric 0: 0.028977 | best val: 0.011212 at epoch 102 | current lr: 9.999e-04
epoch: [104/500] | loss 0: 0.060307 | loss 1: 0.000000 | current lr: 9.997e-04
| loss 0: 6.031e-02| val metric 0: 0.019895 | best val: 0.011212 at epoch 102 | current lr: 9.997e-04
epoch: [105/500] | loss 0: 0.040456 | loss 1: 0.000000 | current lr: 9.996e-04
| loss 0: 4.046e-02| val metric 0: 0.010957 | best val: 0.010957 at epoch 105 | current lr: 9.996e-04
epoch: [106/500] | loss 0: 0.042067 | loss 1: 0.000000 | current lr: 9.994e-04
| loss 0: 4.207e-02| val metric 0: 0.017662 | best val: 0.010957 at epoch 105 | current lr: 9.994e-04
epoch: [107/500] | loss 0: 0.045557 | loss 1: 0.000000 | current lr: 9.992e-04
| loss 0: 4.556e-02| val metric 0: 0.025713 | best val: 0.010957 at epoch 105 | current lr: 9.992e-04
epoch: [108/500] | loss 0: 0.047310 | loss 1: 0.000000 | current lr: 9.990e-04
| loss 0: 4.731e-02| val metric 0: 0.013636 | best val: 0.010957 at epoch 105 | current lr: 9.990e-04
epoch: [109/500] | loss 0: 0.056090 | loss 1: 0.000000 | current lr: 9.987e-04
| loss 0: 5.609e-02| val metric 0: 0.015776 | best val: 0.010957 at epoch 105 | current lr: 9.987e-04
epoch: [110/500] | loss 0: 0.032649 | loss 1: 0.000000 | current lr: 9.984e-04
| loss 0: 3.265e-02| val metric 0: 0.024022 | best val: 0.010957 at epoch 105 | current lr: 9.984e-04
epoch: [111/500] | loss 0: 0.043871 | loss 1: 0.000000 | current lr: 9.981e-04
| loss 0: 4.387e-02| val metric 0: 0.017762 | best val: 0.010957 at epoch 105 | current lr: 9.981e-04
epoch: [112/500] | loss 0: 0.050686 | loss 1: 0.000000 | current lr: 9.978e-04
| loss 0: 5.069e-02| val metric 0: 0.017677 | best val: 0.010957 at epoch 105 | current lr: 9.978e-04
epoch: [113/500] | loss 0: 0.047077 | loss 1: 0.000000 | current lr: 9.974e-04
| loss 0: 4.708e-02| val metric 0: 0.015211 | best val: 0.010957 at epoch 105 | current lr: 9.974e-04
epoch: [114/500] | loss 0: 0.048281 | loss 1: 0.000000 | current lr: 9.970e-04
| loss 0: 4.828e-02| val metric 0: 0.022403 | best val: 0.010957 at epoch 105 | current lr: 9.970e-04
epoch: [115/500] | loss 0: 0.043642 | loss 1: 0.000000 | current lr: 9.965e-04
| loss 0: 4.364e-02| val metric 0: 0.027510 | best val: 0.010957 at epoch 105 | current lr: 9.965e-04
epoch: [116/500] | loss 0: 0.044939 | loss 1: 0.000000 | current lr: 9.960e-04
| loss 0: 4.494e-02| val metric 0: 0.019862 | best val: 0.010957 at epoch 105 | current lr: 9.960e-04
epoch: [117/500] | loss 0: 0.040995 | loss 1: 0.000000 | current lr: 9.955e-04
| loss 0: 4.100e-02| val metric 0: 0.012071 | best val: 0.010957 at epoch 105 | current lr: 9.955e-04
epoch: [118/500] | loss 0: 0.037154 | loss 1: 0.000000 | current lr: 9.950e-04
| loss 0: 3.715e-02| val metric 0: 0.014907 | best val: 0.010957 at epoch 105 | current lr: 9.950e-04
epoch: [119/500] | loss 0: 0.035344 | loss 1: 0.000000 | current lr: 9.944e-04
| loss 0: 3.534e-02| val metric 0: 0.013217 | best val: 0.010957 at epoch 105 | current lr: 9.944e-04
epoch: [120/500] | loss 0: 0.032847 | loss 1: 0.000000 | current lr: 9.938e-04
| loss 0: 3.285e-02| val metric 0: 0.008039 | best val: 0.008039 at epoch 120 | current lr: 9.938e-04
epoch: [121/500] | loss 0: 0.043145 | loss 1: 0.000000 | current lr: 9.932e-04
| loss 0: 4.315e-02| val metric 0: 0.012612 | best val: 0.008039 at epoch 120 | current lr: 9.932e-04
epoch: [122/500] | loss 0: 0.045787 | loss 1: 0.000000 | current lr: 9.925e-04
| loss 0: 4.579e-02| val metric 0: 0.013496 | best val: 0.008039 at epoch 120 | current lr: 9.925e-04
epoch: [123/500] | loss 0: 0.040069 | loss 1: 0.000000 | current lr: 9.918e-04
| loss 0: 4.007e-02| val metric 0: 0.024102 | best val: 0.008039 at epoch 120 | current lr: 9.918e-04
epoch: [124/500] | loss 0: 0.043157 | loss 1: 0.000000 | current lr: 9.911e-04
| loss 0: 4.316e-02| val metric 0: 0.021197 | best val: 0.008039 at epoch 120 | current lr: 9.911e-04
epoch: [125/500] | loss 0: 0.037489 | loss 1: 0.000000 | current lr: 9.904e-04
| loss 0: 3.749e-02| val metric 0: 0.013052 | best val: 0.008039 at epoch 120 | current lr: 9.904e-04
epoch: [126/500] | loss 0: 0.032189 | loss 1: 0.000000 | current lr: 9.896e-04
| loss 0: 3.219e-02| val metric 0: 0.009068 | best val: 0.008039 at epoch 120 | current lr: 9.896e-04
epoch: [127/500] | loss 0: 0.051862 | loss 1: 0.000000 | current lr: 9.888e-04
| loss 0: 5.186e-02| val metric 0: 0.030633 | best val: 0.008039 at epoch 120 | current lr: 9.888e-04
epoch: [128/500] | loss 0: 0.053379 | loss 1: 0.000000 | current lr: 9.879e-04
| loss 0: 5.338e-02| val metric 0: 0.018383 | best val: 0.008039 at epoch 120 | current lr: 9.879e-04
epoch: [129/500] | loss 0: 0.036329 | loss 1: 0.000000 | current lr: 9.870e-04
| loss 0: 3.633e-02| val metric 0: 0.014147 | best val: 0.008039 at epoch 120 | current lr: 9.870e-04
epoch: [130/500] | loss 0: 0.030948 | loss 1: 0.000000 | current lr: 9.861e-04
| loss 0: 3.095e-02| val metric 0: 0.010657 | best val: 0.008039 at epoch 120 | current lr: 9.861e-04
epoch: [131/500] | loss 0: 0.034005 | loss 1: 0.000000 | current lr: 9.852e-04
| loss 0: 3.401e-02| val metric 0: 0.018861 | best val: 0.008039 at epoch 120 | current lr: 9.852e-04
epoch: [132/500] | loss 0: 0.039166 | loss 1: 0.000000 | current lr: 9.842e-04
| loss 0: 3.917e-02| val metric 0: 0.009562 | best val: 0.008039 at epoch 120 | current lr: 9.842e-04
epoch: [133/500] | loss 0: 0.035265 | loss 1: 0.000000 | current lr: 9.832e-04
| loss 0: 3.526e-02| val metric 0: 0.009992 | best val: 0.008039 at epoch 120 | current lr: 9.832e-04
epoch: [134/500] | loss 0: 0.028365 | loss 1: 0.000000 | current lr: 9.822e-04
| loss 0: 2.837e-02| val metric 0: 0.012134 | best val: 0.008039 at epoch 120 | current lr: 9.822e-04
epoch: [135/500] | loss 0: 0.028267 | loss 1: 0.000000 | current lr: 9.812e-04
| loss 0: 2.827e-02| val metric 0: 0.012300 | best val: 0.008039 at epoch 120 | current lr: 9.812e-04
epoch: [136/500] | loss 0: 0.034601 | loss 1: 0.000000 | current lr: 9.801e-04
| loss 0: 3.460e-02| val metric 0: 0.013718 | best val: 0.008039 at epoch 120 | current lr: 9.801e-04
epoch: [137/500] | loss 0: 0.033279 | loss 1: 0.000000 | current lr: 9.790e-04
| loss 0: 3.328e-02| val metric 0: 0.008866 | best val: 0.008039 at epoch 120 | current lr: 9.790e-04
epoch: [138/500] | loss 0: 0.038095 | loss 1: 0.000000 | current lr: 9.778e-04
| loss 0: 3.810e-02| val metric 0: 0.015665 | best val: 0.008039 at epoch 120 | current lr: 9.778e-04
epoch: [139/500] | loss 0: 0.044427 | loss 1: 0.000000 | current lr: 9.767e-04
| loss 0: 4.443e-02| val metric 0: 0.018976 | best val: 0.008039 at epoch 120 | current lr: 9.767e-04
epoch: [140/500] | loss 0: 0.043593 | loss 1: 0.000000 | current lr: 9.755e-04
| loss 0: 4.359e-02| val metric 0: 0.012214 | best val: 0.008039 at epoch 120 | current lr: 9.755e-04
epoch: [141/500] | loss 0: 0.042157 | loss 1: 0.000000 | current lr: 9.742e-04
| loss 0: 4.216e-02| val metric 0: 0.019034 | best val: 0.008039 at epoch 120 | current lr: 9.742e-04
epoch: [142/500] | loss 0: 0.041618 | loss 1: 0.000000 | current lr: 9.730e-04
| loss 0: 4.162e-02| val metric 0: 0.013351 | best val: 0.008039 at epoch 120 | current lr: 9.730e-04
epoch: [143/500] | loss 0: 0.040693 | loss 1: 0.000000 | current lr: 9.717e-04
| loss 0: 4.069e-02| val metric 0: 0.009430 | best val: 0.008039 at epoch 120 | current lr: 9.717e-04
epoch: [144/500] | loss 0: 0.027022 | loss 1: 0.000000 | current lr: 9.704e-04
| loss 0: 2.702e-02| val metric 0: 0.012799 | best val: 0.008039 at epoch 120 | current lr: 9.704e-04
epoch: [145/500] | loss 0: 0.024998 | loss 1: 0.000000 | current lr: 9.690e-04
| loss 0: 2.500e-02| val metric 0: 0.006399 | best val: 0.006399 at epoch 145 | current lr: 9.690e-04
epoch: [146/500] | loss 0: 0.031839 | loss 1: 0.000000 | current lr: 9.677e-04
| loss 0: 3.184e-02| val metric 0: 0.014337 | best val: 0.006399 at epoch 145 | current lr: 9.677e-04
epoch: [147/500] | loss 0: 0.034083 | loss 1: 0.000000 | current lr: 9.662e-04
| loss 0: 3.408e-02| val metric 0: 0.011783 | best val: 0.006399 at epoch 145 | current lr: 9.662e-04
epoch: [148/500] | loss 0: 0.025565 | loss 1: 0.000000 | current lr: 9.648e-04
| loss 0: 2.556e-02| val metric 0: 0.008838 | best val: 0.006399 at epoch 145 | current lr: 9.648e-04
epoch: [149/500] | loss 0: 0.026498 | loss 1: 0.000000 | current lr: 9.634e-04
| loss 0: 2.650e-02| val metric 0: 0.014595 | best val: 0.006399 at epoch 145 | current lr: 9.634e-04
epoch: [150/500] | loss 0: 0.038023 | loss 1: 0.000000 | current lr: 9.619e-04
| loss 0: 3.802e-02| val metric 0: 0.021408 | best val: 0.006399 at epoch 145 | current lr: 9.619e-04
epoch: [151/500] | loss 0: 0.040954 | loss 1: 0.000000 | current lr: 9.603e-04
| loss 0: 4.095e-02| val metric 0: 0.018285 | best val: 0.006399 at epoch 145 | current lr: 9.603e-04
epoch: [152/500] | loss 0: 0.040858 | loss 1: 0.000000 | current lr: 9.588e-04
| loss 0: 4.086e-02| val metric 0: 0.012879 | best val: 0.006399 at epoch 145 | current lr: 9.588e-04
epoch: [153/500] | loss 0: 0.038264 | loss 1: 0.000000 | current lr: 9.572e-04
| loss 0: 3.826e-02| val metric 0: 0.017247 | best val: 0.006399 at epoch 145 | current lr: 9.572e-04
epoch: [154/500] | loss 0: 0.033624 | loss 1: 0.000000 | current lr: 9.556e-04
| loss 0: 3.362e-02| val metric 0: 0.008205 | best val: 0.006399 at epoch 145 | current lr: 9.556e-04
epoch: [155/500] | loss 0: 0.026037 | loss 1: 0.000000 | current lr: 9.540e-04
| loss 0: 2.604e-02| val metric 0: 0.011473 | best val: 0.006399 at epoch 145 | current lr: 9.540e-04
epoch: [156/500] | loss 0: 0.035213 | loss 1: 0.000000 | current lr: 9.523e-04
| loss 0: 3.521e-02| val metric 0: 0.017278 | best val: 0.006399 at epoch 145 | current lr: 9.523e-04
epoch: [157/500] | loss 0: 0.032500 | loss 1: 0.000000 | current lr: 9.506e-04
| loss 0: 3.250e-02| val metric 0: 0.012505 | best val: 0.006399 at epoch 145 | current lr: 9.506e-04
epoch: [158/500] | loss 0: 0.041147 | loss 1: 0.000000 | current lr: 9.489e-04
| loss 0: 4.115e-02| val metric 0: 0.015065 | best val: 0.006399 at epoch 145 | current lr: 9.489e-04
epoch: [159/500] | loss 0: 0.040981 | loss 1: 0.000000 | current lr: 9.472e-04
| loss 0: 4.098e-02| val metric 0: 0.017616 | best val: 0.006399 at epoch 145 | current lr: 9.472e-04
epoch: [160/500] | loss 0: 0.033708 | loss 1: 0.000000 | current lr: 9.454e-04
| loss 0: 3.371e-02| val metric 0: 0.022239 | best val: 0.006399 at epoch 145 | current lr: 9.454e-04
epoch: [161/500] | loss 0: 0.044442 | loss 1: 0.000000 | current lr: 9.436e-04
| loss 0: 4.444e-02| val metric 0: 0.016477 | best val: 0.006399 at epoch 145 | current lr: 9.436e-04
epoch: [162/500] | loss 0: 0.040036 | loss 1: 0.000000 | current lr: 9.418e-04
| loss 0: 4.004e-02| val metric 0: 0.013136 | best val: 0.006399 at epoch 145 | current lr: 9.418e-04
epoch: [163/500] | loss 0: 0.035956 | loss 1: 0.000000 | current lr: 9.399e-04
| loss 0: 3.596e-02| val metric 0: 0.012717 | best val: 0.006399 at epoch 145 | current lr: 9.399e-04
epoch: [164/500] | loss 0: 0.036892 | loss 1: 0.000000 | current lr: 9.381e-04
| loss 0: 3.689e-02| val metric 0: 0.011002 | best val: 0.006399 at epoch 145 | current lr: 9.381e-04
epoch: [165/500] | loss 0: 0.037897 | loss 1: 0.000000 | current lr: 9.362e-04
| loss 0: 3.790e-02| val metric 0: 0.016149 | best val: 0.006399 at epoch 145 | current lr: 9.362e-04
epoch: [166/500] | loss 0: 0.029890 | loss 1: 0.000000 | current lr: 9.342e-04
| loss 0: 2.989e-02| val metric 0: 0.009650 | best val: 0.006399 at epoch 145 | current lr: 9.342e-04
epoch: [167/500] | loss 0: 0.034420 | loss 1: 0.000000 | current lr: 9.323e-04
| loss 0: 3.442e-02| val metric 0: 0.011166 | best val: 0.006399 at epoch 145 | current lr: 9.323e-04
epoch: [168/500] | loss 0: 0.024951 | loss 1: 0.000000 | current lr: 9.303e-04
| loss 0: 2.495e-02| val metric 0: 0.009242 | best val: 0.006399 at epoch 145 | current lr: 9.303e-04
epoch: [169/500] | loss 0: 0.021907 | loss 1: 0.000000 | current lr: 9.283e-04
| loss 0: 2.191e-02| val metric 0: 0.011304 | best val: 0.006399 at epoch 145 | current lr: 9.283e-04
epoch: [170/500] | loss 0: 0.022480 | loss 1: 0.000000 | current lr: 9.262e-04
| loss 0: 2.248e-02| val metric 0: 0.010989 | best val: 0.006399 at epoch 145 | current lr: 9.262e-04
epoch: [171/500] | loss 0: 0.027984 | loss 1: 0.000000 | current lr: 9.242e-04
| loss 0: 2.798e-02| val metric 0: 0.011382 | best val: 0.006399 at epoch 145 | current lr: 9.242e-04
epoch: [172/500] | loss 0: 0.025719 | loss 1: 0.000000 | current lr: 9.221e-04
| loss 0: 2.572e-02| val metric 0: 0.006765 | best val: 0.006399 at epoch 145 | current lr: 9.221e-04
epoch: [173/500] | loss 0: 0.022175 | loss 1: 0.000000 | current lr: 9.199e-04
| loss 0: 2.218e-02| val metric 0: 0.008572 | best val: 0.006399 at epoch 145 | current lr: 9.199e-04
epoch: [174/500] | loss 0: 0.035232 | loss 1: 0.000000 | current lr: 9.178e-04
| loss 0: 3.523e-02| val metric 0: 0.010672 | best val: 0.006399 at epoch 145 | current lr: 9.178e-04
epoch: [175/500] | loss 0: 0.036687 | loss 1: 0.000000 | current lr: 9.156e-04
| loss 0: 3.669e-02| val metric 0: 0.014555 | best val: 0.006399 at epoch 145 | current lr: 9.156e-04
epoch: [176/500] | loss 0: 0.032300 | loss 1: 0.000000 | current lr: 9.134e-04
| loss 0: 3.230e-02| val metric 0: 0.009077 | best val: 0.006399 at epoch 145 | current lr: 9.134e-04
epoch: [177/500] | loss 0: 0.022169 | loss 1: 0.000000 | current lr: 9.112e-04
| loss 0: 2.217e-02| val metric 0: 0.006691 | best val: 0.006399 at epoch 145 | current lr: 9.112e-04
epoch: [178/500] | loss 0: 0.021933 | loss 1: 0.000000 | current lr: 9.090e-04
| loss 0: 2.193e-02| val metric 0: 0.006828 | best val: 0.006399 at epoch 145 | current lr: 9.090e-04
epoch: [179/500] | loss 0: 0.022953 | loss 1: 0.000000 | current lr: 9.067e-04
| loss 0: 2.295e-02| val metric 0: 0.006095 | best val: 0.006095 at epoch 179 | current lr: 9.067e-04
epoch: [180/500] | loss 0: 0.026939 | loss 1: 0.000000 | current lr: 9.044e-04
| loss 0: 2.694e-02| val metric 0: 0.012183 | best val: 0.006095 at epoch 179 | current lr: 9.044e-04
epoch: [181/500] | loss 0: 0.026195 | loss 1: 0.000000 | current lr: 9.021e-04
| loss 0: 2.620e-02| val metric 0: 0.011007 | best val: 0.006095 at epoch 179 | current lr: 9.021e-04
epoch: [182/500] | loss 0: 0.024192 | loss 1: 0.000000 | current lr: 8.997e-04
| loss 0: 2.419e-02| val metric 0: 0.009204 | best val: 0.006095 at epoch 179 | current lr: 8.997e-04
epoch: [183/500] | loss 0: 0.024751 | loss 1: 0.000000 | current lr: 8.974e-04
| loss 0: 2.475e-02| val metric 0: 0.007425 | best val: 0.006095 at epoch 179 | current lr: 8.974e-04
epoch: [184/500] | loss 0: 0.024049 | loss 1: 0.000000 | current lr: 8.950e-04
| loss 0: 2.405e-02| val metric 0: 0.006386 | best val: 0.006095 at epoch 179 | current lr: 8.950e-04
epoch: [185/500] | loss 0: 0.027638 | loss 1: 0.000000 | current lr: 8.925e-04
| loss 0: 2.764e-02| val metric 0: 0.015467 | best val: 0.006095 at epoch 179 | current lr: 8.925e-04
epoch: [186/500] | loss 0: 0.032145 | loss 1: 0.000000 | current lr: 8.901e-04
| loss 0: 3.214e-02| val metric 0: 0.010016 | best val: 0.006095 at epoch 179 | current lr: 8.901e-04
epoch: [187/500] | loss 0: 0.027410 | loss 1: 0.000000 | current lr: 8.876e-04
| loss 0: 2.741e-02| val metric 0: 0.014057 | best val: 0.006095 at epoch 179 | current lr: 8.876e-04
epoch: [188/500] | loss 0: 0.029154 | loss 1: 0.000000 | current lr: 8.851e-04
| loss 0: 2.915e-02| val metric 0: 0.009715 | best val: 0.006095 at epoch 179 | current lr: 8.851e-04
epoch: [189/500] | loss 0: 0.024116 | loss 1: 0.000000 | current lr: 8.826e-04
| loss 0: 2.412e-02| val metric 0: 0.008953 | best val: 0.006095 at epoch 179 | current lr: 8.826e-04
epoch: [190/500] | loss 0: 0.024893 | loss 1: 0.000000 | current lr: 8.801e-04
| loss 0: 2.489e-02| val metric 0: 0.007294 | best val: 0.006095 at epoch 179 | current lr: 8.801e-04
epoch: [191/500] | loss 0: 0.023870 | loss 1: 0.000000 | current lr: 8.775e-04
| loss 0: 2.387e-02| val metric 0: 0.009676 | best val: 0.006095 at epoch 179 | current lr: 8.775e-04
epoch: [192/500] | loss 0: 0.034113 | loss 1: 0.000000 | current lr: 8.749e-04
| loss 0: 3.411e-02| val metric 0: 0.010595 | best val: 0.006095 at epoch 179 | current lr: 8.749e-04
epoch: [193/500] | loss 0: 0.028794 | loss 1: 0.000000 | current lr: 8.723e-04
| loss 0: 2.879e-02| val metric 0: 0.016699 | best val: 0.006095 at epoch 179 | current lr: 8.723e-04
epoch: [194/500] | loss 0: 0.029900 | loss 1: 0.000000 | current lr: 8.697e-04
| loss 0: 2.990e-02| val metric 0: 0.010290 | best val: 0.006095 at epoch 179 | current lr: 8.697e-04
epoch: [195/500] | loss 0: 0.019068 | loss 1: 0.000000 | current lr: 8.670e-04
| loss 0: 1.907e-02| val metric 0: 0.010754 | best val: 0.006095 at epoch 179 | current lr: 8.670e-04
epoch: [196/500] | loss 0: 0.029051 | loss 1: 0.000000 | current lr: 8.643e-04
| loss 0: 2.905e-02| val metric 0: 0.007697 | best val: 0.006095 at epoch 179 | current lr: 8.643e-04
epoch: [197/500] | loss 0: 0.027963 | loss 1: 0.000000 | current lr: 8.616e-04
| loss 0: 2.796e-02| val metric 0: 0.013752 | best val: 0.006095 at epoch 179 | current lr: 8.616e-04
epoch: [198/500] | loss 0: 0.027136 | loss 1: 0.000000 | current lr: 8.589e-04
| loss 0: 2.714e-02| val metric 0: 0.006805 | best val: 0.006095 at epoch 179 | current lr: 8.589e-04
epoch: [199/500] | loss 0: 0.021215 | loss 1: 0.000000 | current lr: 8.562e-04
| loss 0: 2.122e-02| val metric 0: 0.008152 | best val: 0.006095 at epoch 179 | current lr: 8.562e-04
epoch: [200/500] | loss 0: 0.023671 | loss 1: 0.000000 | current lr: 8.534e-04
| loss 0: 2.367e-02| val metric 0: 0.007393 | best val: 0.006095 at epoch 179 | current lr: 8.534e-04
epoch: [201/500] | loss 0: 0.020590 | loss 1: 0.000000 | current lr: 8.506e-04
| loss 0: 2.059e-02| val metric 0: 0.008208 | best val: 0.006095 at epoch 179 | current lr: 8.506e-04
epoch: [202/500] | loss 0: 0.030342 | loss 1: 0.000000 | current lr: 8.478e-04
| loss 0: 3.034e-02| val metric 0: 0.013009 | best val: 0.006095 at epoch 179 | current lr: 8.478e-04
epoch: [203/500] | loss 0: 0.028379 | loss 1: 0.000000 | current lr: 8.450e-04
| loss 0: 2.838e-02| val metric 0: 0.006940 | best val: 0.006095 at epoch 179 | current lr: 8.450e-04
epoch: [204/500] | loss 0: 0.020942 | loss 1: 0.000000 | current lr: 8.421e-04
| loss 0: 2.094e-02| val metric 0: 0.009914 | best val: 0.006095 at epoch 179 | current lr: 8.421e-04
epoch: [205/500] | loss 0: 0.026066 | loss 1: 0.000000 | current lr: 8.393e-04
| loss 0: 2.607e-02| val metric 0: 0.010995 | best val: 0.006095 at epoch 179 | current lr: 8.393e-04
epoch: [206/500] | loss 0: 0.026979 | loss 1: 0.000000 | current lr: 8.364e-04
| loss 0: 2.698e-02| val metric 0: 0.012523 | best val: 0.006095 at epoch 179 | current lr: 8.364e-04
epoch: [207/500] | loss 0: 0.025309 | loss 1: 0.000000 | current lr: 8.334e-04
| loss 0: 2.531e-02| val metric 0: 0.008965 | best val: 0.006095 at epoch 179 | current lr: 8.334e-04
epoch: [208/500] | loss 0: 0.022059 | loss 1: 0.000000 | current lr: 8.305e-04
| loss 0: 2.206e-02| val metric 0: 0.012348 | best val: 0.006095 at epoch 179 | current lr: 8.305e-04
epoch: [209/500] | loss 0: 0.026372 | loss 1: 0.000000 | current lr: 8.276e-04
| loss 0: 2.637e-02| val metric 0: 0.014223 | best val: 0.006095 at epoch 179 | current lr: 8.276e-04
epoch: [210/500] | loss 0: 0.029980 | loss 1: 0.000000 | current lr: 8.246e-04
| loss 0: 2.998e-02| val metric 0: 0.009893 | best val: 0.006095 at epoch 179 | current lr: 8.246e-04
epoch: [211/500] | loss 0: 0.025606 | loss 1: 0.000000 | current lr: 8.216e-04
| loss 0: 2.561e-02| val metric 0: 0.011999 | best val: 0.006095 at epoch 179 | current lr: 8.216e-04
epoch: [212/500] | loss 0: 0.021993 | loss 1: 0.000000 | current lr: 8.186e-04
| loss 0: 2.199e-02| val metric 0: 0.007241 | best val: 0.006095 at epoch 179 | current lr: 8.186e-04
epoch: [213/500] | loss 0: 0.028596 | loss 1: 0.000000 | current lr: 8.155e-04
| loss 0: 2.860e-02| val metric 0: 0.006678 | best val: 0.006095 at epoch 179 | current lr: 8.155e-04
epoch: [214/500] | loss 0: 0.025980 | loss 1: 0.000000 | current lr: 8.125e-04
| loss 0: 2.598e-02| val metric 0: 0.007794 | best val: 0.006095 at epoch 179 | current lr: 8.125e-04
epoch: [215/500] | loss 0: 0.022918 | loss 1: 0.000000 | current lr: 8.094e-04
| loss 0: 2.292e-02| val metric 0: 0.007800 | best val: 0.006095 at epoch 179 | current lr: 8.094e-04
epoch: [216/500] | loss 0: 0.024053 | loss 1: 0.000000 | current lr: 8.063e-04
| loss 0: 2.405e-02| val metric 0: 0.007601 | best val: 0.006095 at epoch 179 | current lr: 8.063e-04
epoch: [217/500] | loss 0: 0.022956 | loss 1: 0.000000 | current lr: 8.032e-04
| loss 0: 2.296e-02| val metric 0: 0.010541 | best val: 0.006095 at epoch 179 | current lr: 8.032e-04
epoch: [218/500] | loss 0: 0.023148 | loss 1: 0.000000 | current lr: 8.001e-04
| loss 0: 2.315e-02| val metric 0: 0.012118 | best val: 0.006095 at epoch 179 | current lr: 8.001e-04
epoch: [219/500] | loss 0: 0.021837 | loss 1: 0.000000 | current lr: 7.969e-04
| loss 0: 2.184e-02| val metric 0: 0.010400 | best val: 0.006095 at epoch 179 | current lr: 7.969e-04
epoch: [220/500] | loss 0: 0.021214 | loss 1: 0.000000 | current lr: 7.937e-04
| loss 0: 2.121e-02| val metric 0: 0.010869 | best val: 0.006095 at epoch 179 | current lr: 7.937e-04
epoch: [221/500] | loss 0: 0.023945 | loss 1: 0.000000 | current lr: 7.905e-04
| loss 0: 2.395e-02| val metric 0: 0.007399 | best val: 0.006095 at epoch 179 | current lr: 7.905e-04
epoch: [222/500] | loss 0: 0.021948 | loss 1: 0.000000 | current lr: 7.873e-04
| loss 0: 2.195e-02| val metric 0: 0.007887 | best val: 0.006095 at epoch 179 | current lr: 7.873e-04
epoch: [223/500] | loss 0: 0.015070 | loss 1: 0.000000 | current lr: 7.841e-04
| loss 0: 1.507e-02| val metric 0: 0.005019 | best val: 0.005019 at epoch 223 | current lr: 7.841e-04
epoch: [224/500] | loss 0: 0.016205 | loss 1: 0.000000 | current lr: 7.809e-04
| loss 0: 1.620e-02| val metric 0: 0.009746 | best val: 0.005019 at epoch 223 | current lr: 7.809e-04
epoch: [225/500] | loss 0: 0.024750 | loss 1: 0.000000 | current lr: 7.776e-04
| loss 0: 2.475e-02| val metric 0: 0.009909 | best val: 0.005019 at epoch 223 | current lr: 7.776e-04
epoch: [226/500] | loss 0: 0.024024 | loss 1: 0.000000 | current lr: 7.743e-04
| loss 0: 2.402e-02| val metric 0: 0.010214 | best val: 0.005019 at epoch 223 | current lr: 7.743e-04
epoch: [227/500] | loss 0: 0.028599 | loss 1: 0.000000 | current lr: 7.711e-04
| loss 0: 2.860e-02| val metric 0: 0.008127 | best val: 0.005019 at epoch 223 | current lr: 7.711e-04
epoch: [228/500] | loss 0: 0.018725 | loss 1: 0.000000 | current lr: 7.677e-04
| loss 0: 1.873e-02| val metric 0: 0.007182 | best val: 0.005019 at epoch 223 | current lr: 7.677e-04
epoch: [229/500] | loss 0: 0.017594 | loss 1: 0.000000 | current lr: 7.644e-04
| loss 0: 1.759e-02| val metric 0: 0.009015 | best val: 0.005019 at epoch 223 | current lr: 7.644e-04
epoch: [230/500] | loss 0: 0.020782 | loss 1: 0.000000 | current lr: 7.611e-04
| loss 0: 2.078e-02| val metric 0: 0.007564 | best val: 0.005019 at epoch 223 | current lr: 7.611e-04
epoch: [231/500] | loss 0: 0.014492 | loss 1: 0.000000 | current lr: 7.577e-04
| loss 0: 1.449e-02| val metric 0: 0.004724 | best val: 0.004724 at epoch 231 | current lr: 7.577e-04
epoch: [232/500] | loss 0: 0.016523 | loss 1: 0.000000 | current lr: 7.544e-04
| loss 0: 1.652e-02| val metric 0: 0.005980 | best val: 0.004724 at epoch 231 | current lr: 7.544e-04
epoch: [233/500] | loss 0: 0.016124 | loss 1: 0.000000 | current lr: 7.510e-04
| loss 0: 1.612e-02| val metric 0: 0.008588 | best val: 0.004724 at epoch 231 | current lr: 7.510e-04
epoch: [234/500] | loss 0: 0.018220 | loss 1: 0.000000 | current lr: 7.476e-04
| loss 0: 1.822e-02| val metric 0: 0.008307 | best val: 0.004724 at epoch 231 | current lr: 7.476e-04
epoch: [235/500] | loss 0: 0.016833 | loss 1: 0.000000 | current lr: 7.441e-04
| loss 0: 1.683e-02| val metric 0: 0.008899 | best val: 0.004724 at epoch 231 | current lr: 7.441e-04
epoch: [236/500] | loss 0: 0.025026 | loss 1: 0.000000 | current lr: 7.407e-04
| loss 0: 2.503e-02| val metric 0: 0.006096 | best val: 0.004724 at epoch 231 | current lr: 7.407e-04
epoch: [237/500] | loss 0: 0.019827 | loss 1: 0.000000 | current lr: 7.373e-04
| loss 0: 1.983e-02| val metric 0: 0.007118 | best val: 0.004724 at epoch 231 | current lr: 7.373e-04
epoch: [238/500] | loss 0: 0.018446 | loss 1: 0.000000 | current lr: 7.338e-04
| loss 0: 1.845e-02| val metric 0: 0.011329 | best val: 0.004724 at epoch 231 | current lr: 7.338e-04
epoch: [239/500] | loss 0: 0.025040 | loss 1: 0.000000 | current lr: 7.303e-04
| loss 0: 2.504e-02| val metric 0: 0.009838 | best val: 0.004724 at epoch 231 | current lr: 7.303e-04
epoch: [240/500] | loss 0: 0.023416 | loss 1: 0.000000 | current lr: 7.268e-04
| loss 0: 2.342e-02| val metric 0: 0.008051 | best val: 0.004724 at epoch 231 | current lr: 7.268e-04
epoch: [241/500] | loss 0: 0.020254 | loss 1: 0.000000 | current lr: 7.233e-04
| loss 0: 2.025e-02| val metric 0: 0.008877 | best val: 0.004724 at epoch 231 | current lr: 7.233e-04
epoch: [242/500] | loss 0: 0.023499 | loss 1: 0.000000 | current lr: 7.198e-04
| loss 0: 2.350e-02| val metric 0: 0.005842 | best val: 0.004724 at epoch 231 | current lr: 7.198e-04
epoch: [243/500] | loss 0: 0.018545 | loss 1: 0.000000 | current lr: 7.163e-04
| loss 0: 1.854e-02| val metric 0: 0.008453 | best val: 0.004724 at epoch 231 | current lr: 7.163e-04
epoch: [244/500] | loss 0: 0.020384 | loss 1: 0.000000 | current lr: 7.127e-04
| loss 0: 2.038e-02| val metric 0: 0.005998 | best val: 0.004724 at epoch 231 | current lr: 7.127e-04
epoch: [245/500] | loss 0: 0.022389 | loss 1: 0.000000 | current lr: 7.092e-04
| loss 0: 2.239e-02| val metric 0: 0.007376 | best val: 0.004724 at epoch 231 | current lr: 7.092e-04
epoch: [246/500] | loss 0: 0.015928 | loss 1: 0.000000 | current lr: 7.056e-04
| loss 0: 1.593e-02| val metric 0: 0.007492 | best val: 0.004724 at epoch 231 | current lr: 7.056e-04
epoch: [247/500] | loss 0: 0.014900 | loss 1: 0.000000 | current lr: 7.020e-04
| loss 0: 1.490e-02| val metric 0: 0.005695 | best val: 0.004724 at epoch 231 | current lr: 7.020e-04
epoch: [248/500] | loss 0: 0.020148 | loss 1: 0.000000 | current lr: 6.984e-04
| loss 0: 2.015e-02| val metric 0: 0.007123 | best val: 0.004724 at epoch 231 | current lr: 6.984e-04
epoch: [249/500] | loss 0: 0.016850 | loss 1: 0.000000 | current lr: 6.948e-04
| loss 0: 1.685e-02| val metric 0: 0.007852 | best val: 0.004724 at epoch 231 | current lr: 6.948e-04
epoch: [250/500] | loss 0: 0.019778 | loss 1: 0.000000 | current lr: 6.912e-04
| loss 0: 1.978e-02| val metric 0: 0.009165 | best val: 0.004724 at epoch 231 | current lr: 6.912e-04
epoch: [251/500] | loss 0: 0.018629 | loss 1: 0.000000 | current lr: 6.875e-04
| loss 0: 1.863e-02| val metric 0: 0.006556 | best val: 0.004724 at epoch 231 | current lr: 6.875e-04
epoch: [252/500] | loss 0: 0.021252 | loss 1: 0.000000 | current lr: 6.839e-04
| loss 0: 2.125e-02| val metric 0: 0.004970 | best val: 0.004724 at epoch 231 | current lr: 6.839e-04
epoch: [253/500] | loss 0: 0.014729 | loss 1: 0.000000 | current lr: 6.802e-04
| loss 0: 1.473e-02| val metric 0: 0.005259 | best val: 0.004724 at epoch 231 | current lr: 6.802e-04
epoch: [254/500] | loss 0: 0.015535 | loss 1: 0.000000 | current lr: 6.766e-04
| loss 0: 1.554e-02| val metric 0: 0.007207 | best val: 0.004724 at epoch 231 | current lr: 6.766e-04
epoch: [255/500] | loss 0: 0.013623 | loss 1: 0.000000 | current lr: 6.729e-04
| loss 0: 1.362e-02| val metric 0: 0.005575 | best val: 0.004724 at epoch 231 | current lr: 6.729e-04
epoch: [256/500] | loss 0: 0.016045 | loss 1: 0.000000 | current lr: 6.692e-04
| loss 0: 1.604e-02| val metric 0: 0.007605 | best val: 0.004724 at epoch 231 | current lr: 6.692e-04
epoch: [257/500] | loss 0: 0.012815 | loss 1: 0.000000 | current lr: 6.655e-04
| loss 0: 1.281e-02| val metric 0: 0.006940 | best val: 0.004724 at epoch 231 | current lr: 6.655e-04
epoch: [258/500] | loss 0: 0.017078 | loss 1: 0.000000 | current lr: 6.618e-04
| loss 0: 1.708e-02| val metric 0: 0.009715 | best val: 0.004724 at epoch 231 | current lr: 6.618e-04
epoch: [259/500] | loss 0: 0.015278 | loss 1: 0.000000 | current lr: 6.581e-04
| loss 0: 1.528e-02| val metric 0: 0.010495 | best val: 0.004724 at epoch 231 | current lr: 6.581e-04
epoch: [260/500] | loss 0: 0.020544 | loss 1: 0.000000 | current lr: 6.543e-04
| loss 0: 2.054e-02| val metric 0: 0.006003 | best val: 0.004724 at epoch 231 | current lr: 6.543e-04
epoch: [261/500] | loss 0: 0.013022 | loss 1: 0.000000 | current lr: 6.506e-04
| loss 0: 1.302e-02| val metric 0: 0.007310 | best val: 0.004724 at epoch 231 | current lr: 6.506e-04
epoch: [262/500] | loss 0: 0.016172 | loss 1: 0.000000 | current lr: 6.468e-04
| loss 0: 1.617e-02| val metric 0: 0.005430 | best val: 0.004724 at epoch 231 | current lr: 6.468e-04
epoch: [263/500] | loss 0: 0.019713 | loss 1: 0.000000 | current lr: 6.431e-04
| loss 0: 1.971e-02| val metric 0: 0.006396 | best val: 0.004724 at epoch 231 | current lr: 6.431e-04
epoch: [264/500] | loss 0: 0.014470 | loss 1: 0.000000 | current lr: 6.393e-04
| loss 0: 1.447e-02| val metric 0: 0.006334 | best val: 0.004724 at epoch 231 | current lr: 6.393e-04
epoch: [265/500] | loss 0: 0.019617 | loss 1: 0.000000 | current lr: 6.355e-04
| loss 0: 1.962e-02| val metric 0: 0.006071 | best val: 0.004724 at epoch 231 | current lr: 6.355e-04
epoch: [266/500] | loss 0: 0.017276 | loss 1: 0.000000 | current lr: 6.317e-04
| loss 0: 1.728e-02| val metric 0: 0.008319 | best val: 0.004724 at epoch 231 | current lr: 6.317e-04
epoch: [267/500] | loss 0: 0.016783 | loss 1: 0.000000 | current lr: 6.280e-04
| loss 0: 1.678e-02| val metric 0: 0.007140 | best val: 0.004724 at epoch 231 | current lr: 6.280e-04
epoch: [268/500] | loss 0: 0.017915 | loss 1: 0.000000 | current lr: 6.242e-04
| loss 0: 1.791e-02| val metric 0: 0.007245 | best val: 0.004724 at epoch 231 | current lr: 6.242e-04
epoch: [269/500] | loss 0: 0.013428 | loss 1: 0.000000 | current lr: 6.203e-04
| loss 0: 1.343e-02| val metric 0: 0.003566 | best val: 0.003566 at epoch 269 | current lr: 6.203e-04
epoch: [270/500] | loss 0: 0.012985 | loss 1: 0.000000 | current lr: 6.165e-04
| loss 0: 1.298e-02| val metric 0: 0.007424 | best val: 0.003566 at epoch 269 | current lr: 6.165e-04
epoch: [271/500] | loss 0: 0.013469 | loss 1: 0.000000 | current lr: 6.127e-04
| loss 0: 1.347e-02| val metric 0: 0.003163 | best val: 0.003163 at epoch 271 | current lr: 6.127e-04
epoch: [272/500] | loss 0: 0.010652 | loss 1: 0.000000 | current lr: 6.089e-04
| loss 0: 1.065e-02| val metric 0: 0.004077 | best val: 0.003163 at epoch 271 | current lr: 6.089e-04
epoch: [273/500] | loss 0: 0.013693 | loss 1: 0.000000 | current lr: 6.050e-04
| loss 0: 1.369e-02| val metric 0: 0.005988 | best val: 0.003163 at epoch 271 | current lr: 6.050e-04
epoch: [274/500] | loss 0: 0.013966 | loss 1: 0.000000 | current lr: 6.012e-04
| loss 0: 1.397e-02| val metric 0: 0.005334 | best val: 0.003163 at epoch 271 | current lr: 6.012e-04
epoch: [275/500] | loss 0: 0.012143 | loss 1: 0.000000 | current lr: 5.974e-04
| loss 0: 1.214e-02| val metric 0: 0.003980 | best val: 0.003163 at epoch 271 | current lr: 5.974e-04
epoch: [276/500] | loss 0: 0.012126 | loss 1: 0.000000 | current lr: 5.935e-04
| loss 0: 1.213e-02| val metric 0: 0.006313 | best val: 0.003163 at epoch 271 | current lr: 5.935e-04
epoch: [277/500] | loss 0: 0.012526 | loss 1: 0.000000 | current lr: 5.896e-04
| loss 0: 1.253e-02| val metric 0: 0.004381 | best val: 0.003163 at epoch 271 | current lr: 5.896e-04
epoch: [278/500] | loss 0: 0.010682 | loss 1: 0.000000 | current lr: 5.858e-04
| loss 0: 1.068e-02| val metric 0: 0.005018 | best val: 0.003163 at epoch 271 | current lr: 5.858e-04
epoch: [279/500] | loss 0: 0.013508 | loss 1: 0.000000 | current lr: 5.819e-04
| loss 0: 1.351e-02| val metric 0: 0.007518 | best val: 0.003163 at epoch 271 | current lr: 5.819e-04
epoch: [280/500] | loss 0: 0.018032 | loss 1: 0.000000 | current lr: 5.780e-04
| loss 0: 1.803e-02| val metric 0: 0.007233 | best val: 0.003163 at epoch 271 | current lr: 5.780e-04
epoch: [281/500] | loss 0: 0.012818 | loss 1: 0.000000 | current lr: 5.741e-04
| loss 0: 1.282e-02| val metric 0: 0.008928 | best val: 0.003163 at epoch 271 | current lr: 5.741e-04
epoch: [282/500] | loss 0: 0.017685 | loss 1: 0.000000 | current lr: 5.703e-04
| loss 0: 1.769e-02| val metric 0: 0.005934 | best val: 0.003163 at epoch 271 | current lr: 5.703e-04
epoch: [283/500] | loss 0: 0.016297 | loss 1: 0.000000 | current lr: 5.664e-04
| loss 0: 1.630e-02| val metric 0: 0.005630 | best val: 0.003163 at epoch 271 | current lr: 5.664e-04
epoch: [284/500] | loss 0: 0.012725 | loss 1: 0.000000 | current lr: 5.625e-04
| loss 0: 1.272e-02| val metric 0: 0.006815 | best val: 0.003163 at epoch 271 | current lr: 5.625e-04
epoch: [285/500] | loss 0: 0.011117 | loss 1: 0.000000 | current lr: 5.586e-04
| loss 0: 1.112e-02| val metric 0: 0.004600 | best val: 0.003163 at epoch 271 | current lr: 5.586e-04
epoch: [286/500] | loss 0: 0.015668 | loss 1: 0.000000 | current lr: 5.547e-04
| loss 0: 1.567e-02| val metric 0: 0.005478 | best val: 0.003163 at epoch 271 | current lr: 5.547e-04
epoch: [287/500] | loss 0: 0.016466 | loss 1: 0.000000 | current lr: 5.508e-04
| loss 0: 1.647e-02| val metric 0: 0.004032 | best val: 0.003163 at epoch 271 | current lr: 5.508e-04
epoch: [288/500] | loss 0: 0.011758 | loss 1: 0.000000 | current lr: 5.469e-04
| loss 0: 1.176e-02| val metric 0: 0.006655 | best val: 0.003163 at epoch 271 | current lr: 5.469e-04
epoch: [289/500] | loss 0: 0.013043 | loss 1: 0.000000 | current lr: 5.429e-04
| loss 0: 1.304e-02| val metric 0: 0.005760 | best val: 0.003163 at epoch 271 | current lr: 5.429e-04
epoch: [290/500] | loss 0: 0.011893 | loss 1: 0.000000 | current lr: 5.390e-04
| loss 0: 1.189e-02| val metric 0: 0.005889 | best val: 0.003163 at epoch 271 | current lr: 5.390e-04
epoch: [291/500] | loss 0: 0.011573 | loss 1: 0.000000 | current lr: 5.351e-04
| loss 0: 1.157e-02| val metric 0: 0.003274 | best val: 0.003163 at epoch 271 | current lr: 5.351e-04
epoch: [292/500] | loss 0: 0.011859 | loss 1: 0.000000 | current lr: 5.312e-04
| loss 0: 1.186e-02| val metric 0: 0.003776 | best val: 0.003163 at epoch 271 | current lr: 5.312e-04
epoch: [293/500] | loss 0: 0.010073 | loss 1: 0.000000 | current lr: 5.273e-04
| loss 0: 1.007e-02| val metric 0: 0.004828 | best val: 0.003163 at epoch 271 | current lr: 5.273e-04
epoch: [294/500] | loss 0: 0.012485 | loss 1: 0.000000 | current lr: 5.234e-04
| loss 0: 1.249e-02| val metric 0: 0.005378 | best val: 0.003163 at epoch 271 | current lr: 5.234e-04
epoch: [295/500] | loss 0: 0.013002 | loss 1: 0.000000 | current lr: 5.194e-04
| loss 0: 1.300e-02| val metric 0: 0.002669 | best val: 0.002669 at epoch 295 | current lr: 5.194e-04
epoch: [296/500] | loss 0: 0.010224 | loss 1: 0.000000 | current lr: 5.155e-04
| loss 0: 1.022e-02| val metric 0: 0.004968 | best val: 0.002669 at epoch 295 | current lr: 5.155e-04
epoch: [297/500] | loss 0: 0.014454 | loss 1: 0.000000 | current lr: 5.116e-04
| loss 0: 1.445e-02| val metric 0: 0.005549 | best val: 0.002669 at epoch 295 | current lr: 5.116e-04
epoch: [298/500] | loss 0: 0.016027 | loss 1: 0.000000 | current lr: 5.077e-04
| loss 0: 1.603e-02| val metric 0: 0.004560 | best val: 0.002669 at epoch 295 | current lr: 5.077e-04
epoch: [299/500] | loss 0: 0.012863 | loss 1: 0.000000 | current lr: 5.037e-04
| loss 0: 1.286e-02| val metric 0: 0.002603 | best val: 0.002603 at epoch 299 | current lr: 5.037e-04
epoch: [300/500] | loss 0: 0.009309 | loss 1: 0.000000 | current lr: 4.998e-04
| loss 0: 9.309e-03| val metric 0: 0.004413 | best val: 0.002603 at epoch 299 | current lr: 4.998e-04
epoch: [301/500] | loss 0: 0.009424 | loss 1: 0.000000 | current lr: 4.959e-04
| loss 0: 9.424e-03| val metric 0: 0.002889 | best val: 0.002603 at epoch 299 | current lr: 4.959e-04
epoch: [302/500] | loss 0: 0.007798 | loss 1: 0.000000 | current lr: 4.920e-04
| loss 0: 7.798e-03| val metric 0: 0.002961 | best val: 0.002603 at epoch 299 | current lr: 4.920e-04
epoch: [303/500] | loss 0: 0.010059 | loss 1: 0.000000 | current lr: 4.880e-04
| loss 0: 1.006e-02| val metric 0: 0.005204 | best val: 0.002603 at epoch 299 | current lr: 4.880e-04
epoch: [304/500] | loss 0: 0.013703 | loss 1: 0.000000 | current lr: 4.841e-04
| loss 0: 1.370e-02| val metric 0: 0.004906 | best val: 0.002603 at epoch 299 | current lr: 4.841e-04
epoch: [305/500] | loss 0: 0.013637 | loss 1: 0.000000 | current lr: 4.802e-04
| loss 0: 1.364e-02| val metric 0: 0.003494 | best val: 0.002603 at epoch 299 | current lr: 4.802e-04
epoch: [306/500] | loss 0: 0.010941 | loss 1: 0.000000 | current lr: 4.763e-04
| loss 0: 1.094e-02| val metric 0: 0.004663 | best val: 0.002603 at epoch 299 | current lr: 4.763e-04
epoch: [307/500] | loss 0: 0.013984 | loss 1: 0.000000 | current lr: 4.723e-04
| loss 0: 1.398e-02| val metric 0: 0.004666 | best val: 0.002603 at epoch 299 | current lr: 4.723e-04
epoch: [308/500] | loss 0: 0.012270 | loss 1: 0.000000 | current lr: 4.684e-04
| loss 0: 1.227e-02| val metric 0: 0.004830 | best val: 0.002603 at epoch 299 | current lr: 4.684e-04
epoch: [309/500] | loss 0: 0.011561 | loss 1: 0.000000 | current lr: 4.645e-04
| loss 0: 1.156e-02| val metric 0: 0.002939 | best val: 0.002603 at epoch 299 | current lr: 4.645e-04
epoch: [310/500] | loss 0: 0.010007 | loss 1: 0.000000 | current lr: 4.606e-04
| loss 0: 1.001e-02| val metric 0: 0.004151 | best val: 0.002603 at epoch 299 | current lr: 4.606e-04
epoch: [311/500] | loss 0: 0.008056 | loss 1: 0.000000 | current lr: 4.567e-04
| loss 0: 8.056e-03| val metric 0: 0.002501 | best val: 0.002501 at epoch 311 | current lr: 4.567e-04
epoch: [312/500] | loss 0: 0.006726 | loss 1: 0.000000 | current lr: 4.528e-04
| loss 0: 6.726e-03| val metric 0: 0.002474 | best val: 0.002474 at epoch 312 | current lr: 4.528e-04
epoch: [313/500] | loss 0: 0.006574 | loss 1: 0.000000 | current lr: 4.488e-04
| loss 0: 6.574e-03| val metric 0: 0.003263 | best val: 0.002474 at epoch 312 | current lr: 4.488e-04
epoch: [314/500] | loss 0: 0.008634 | loss 1: 0.000000 | current lr: 4.449e-04
| loss 0: 8.634e-03| val metric 0: 0.003414 | best val: 0.002474 at epoch 312 | current lr: 4.449e-04
epoch: [315/500] | loss 0: 0.008631 | loss 1: 0.000000 | current lr: 4.410e-04
| loss 0: 8.631e-03| val metric 0: 0.004495 | best val: 0.002474 at epoch 312 | current lr: 4.410e-04
epoch: [316/500] | loss 0: 0.008914 | loss 1: 0.000000 | current lr: 4.371e-04
| loss 0: 8.914e-03| val metric 0: 0.003785 | best val: 0.002474 at epoch 312 | current lr: 4.371e-04
epoch: [317/500] | loss 0: 0.011674 | loss 1: 0.000000 | current lr: 4.332e-04
| loss 0: 1.167e-02| val metric 0: 0.003864 | best val: 0.002474 at epoch 312 | current lr: 4.332e-04
epoch: [318/500] | loss 0: 0.011243 | loss 1: 0.000000 | current lr: 4.294e-04
| loss 0: 1.124e-02| val metric 0: 0.004308 | best val: 0.002474 at epoch 312 | current lr: 4.294e-04
epoch: [319/500] | loss 0: 0.009969 | loss 1: 0.000000 | current lr: 4.255e-04
| loss 0: 9.969e-03| val metric 0: 0.004285 | best val: 0.002474 at epoch 312 | current lr: 4.255e-04
epoch: [320/500] | loss 0: 0.007677 | loss 1: 0.000000 | current lr: 4.216e-04
| loss 0: 7.677e-03| val metric 0: 0.002683 | best val: 0.002474 at epoch 312 | current lr: 4.216e-04
epoch: [321/500] | loss 0: 0.007273 | loss 1: 0.000000 | current lr: 4.177e-04
| loss 0: 7.273e-03| val metric 0: 0.002703 | best val: 0.002474 at epoch 312 | current lr: 4.177e-04
epoch: [322/500] | loss 0: 0.010942 | loss 1: 0.000000 | current lr: 4.138e-04
| loss 0: 1.094e-02| val metric 0: 0.003424 | best val: 0.002474 at epoch 312 | current lr: 4.138e-04
epoch: [323/500] | loss 0: 0.011103 | loss 1: 0.000000 | current lr: 4.100e-04
| loss 0: 1.110e-02| val metric 0: 0.004096 | best val: 0.002474 at epoch 312 | current lr: 4.100e-04
epoch: [324/500] | loss 0: 0.010206 | loss 1: 0.000000 | current lr: 4.061e-04
| loss 0: 1.021e-02| val metric 0: 0.003282 | best val: 0.002474 at epoch 312 | current lr: 4.061e-04
epoch: [325/500] | loss 0: 0.009322 | loss 1: 0.000000 | current lr: 4.023e-04
| loss 0: 9.322e-03| val metric 0: 0.004733 | best val: 0.002474 at epoch 312 | current lr: 4.023e-04
epoch: [326/500] | loss 0: 0.007420 | loss 1: 0.000000 | current lr: 3.984e-04
| loss 0: 7.420e-03| val metric 0: 0.001750 | best val: 0.001750 at epoch 326 | current lr: 3.984e-04
epoch: [327/500] | loss 0: 0.006472 | loss 1: 0.000000 | current lr: 3.946e-04
| loss 0: 6.472e-03| val metric 0: 0.002889 | best val: 0.001750 at epoch 326 | current lr: 3.946e-04
epoch: [328/500] | loss 0: 0.006314 | loss 1: 0.000000 | current lr: 3.907e-04
| loss 0: 6.314e-03| val metric 0: 0.002167 | best val: 0.001750 at epoch 326 | current lr: 3.907e-04
epoch: [329/500] | loss 0: 0.006331 | loss 1: 0.000000 | current lr: 3.869e-04
| loss 0: 6.331e-03| val metric 0: 0.002374 | best val: 0.001750 at epoch 326 | current lr: 3.869e-04
epoch: [330/500] | loss 0: 0.006351 | loss 1: 0.000000 | current lr: 3.831e-04
| loss 0: 6.351e-03| val metric 0: 0.004423 | best val: 0.001750 at epoch 326 | current lr: 3.831e-04
epoch: [331/500] | loss 0: 0.008813 | loss 1: 0.000000 | current lr: 3.793e-04
| loss 0: 8.813e-03| val metric 0: 0.003281 | best val: 0.001750 at epoch 326 | current lr: 3.793e-04
epoch: [332/500] | loss 0: 0.008525 | loss 1: 0.000000 | current lr: 3.755e-04
| loss 0: 8.525e-03| val metric 0: 0.002937 | best val: 0.001750 at epoch 326 | current lr: 3.755e-04
epoch: [333/500] | loss 0: 0.008631 | loss 1: 0.000000 | current lr: 3.717e-04
| loss 0: 8.631e-03| val metric 0: 0.004021 | best val: 0.001750 at epoch 326 | current lr: 3.717e-04
epoch: [334/500] | loss 0: 0.008334 | loss 1: 0.000000 | current lr: 3.679e-04
| loss 0: 8.334e-03| val metric 0: 0.003552 | best val: 0.001750 at epoch 326 | current lr: 3.679e-04
epoch: [335/500] | loss 0: 0.007223 | loss 1: 0.000000 | current lr: 3.641e-04
| loss 0: 7.223e-03| val metric 0: 0.002313 | best val: 0.001750 at epoch 326 | current lr: 3.641e-04
epoch: [336/500] | loss 0: 0.006206 | loss 1: 0.000000 | current lr: 3.603e-04
| loss 0: 6.206e-03| val metric 0: 0.002830 | best val: 0.001750 at epoch 326 | current lr: 3.603e-04
epoch: [337/500] | loss 0: 0.005804 | loss 1: 0.000000 | current lr: 3.565e-04
| loss 0: 5.804e-03| val metric 0: 0.002000 | best val: 0.001750 at epoch 326 | current lr: 3.565e-04
epoch: [338/500] | loss 0: 0.006157 | loss 1: 0.000000 | current lr: 3.528e-04
| loss 0: 6.157e-03| val metric 0: 0.002926 | best val: 0.001750 at epoch 326 | current lr: 3.528e-04
epoch: [339/500] | loss 0: 0.007748 | loss 1: 0.000000 | current lr: 3.490e-04
| loss 0: 7.748e-03| val metric 0: 0.002079 | best val: 0.001750 at epoch 326 | current lr: 3.490e-04
epoch: [340/500] | loss 0: 0.007672 | loss 1: 0.000000 | current lr: 3.453e-04
| loss 0: 7.672e-03| val metric 0: 0.003113 | best val: 0.001750 at epoch 326 | current lr: 3.453e-04
epoch: [341/500] | loss 0: 0.006890 | loss 1: 0.000000 | current lr: 3.416e-04
| loss 0: 6.890e-03| val metric 0: 0.002398 | best val: 0.001750 at epoch 326 | current lr: 3.416e-04
epoch: [342/500] | loss 0: 0.005974 | loss 1: 0.000000 | current lr: 3.379e-04
| loss 0: 5.974e-03| val metric 0: 0.003071 | best val: 0.001750 at epoch 326 | current lr: 3.379e-04
epoch: [343/500] | loss 0: 0.006613 | loss 1: 0.000000 | current lr: 3.341e-04
| loss 0: 6.613e-03| val metric 0: 0.002287 | best val: 0.001750 at epoch 326 | current lr: 3.341e-04
epoch: [344/500] | loss 0: 0.006501 | loss 1: 0.000000 | current lr: 3.304e-04
| loss 0: 6.501e-03| val metric 0: 0.002344 | best val: 0.001750 at epoch 326 | current lr: 3.304e-04
epoch: [345/500] | loss 0: 0.004918 | loss 1: 0.000000 | current lr: 3.268e-04
| loss 0: 4.918e-03| val metric 0: 0.002449 | best val: 0.001750 at epoch 326 | current lr: 3.268e-04
epoch: [346/500] | loss 0: 0.004849 | loss 1: 0.000000 | current lr: 3.231e-04
| loss 0: 4.849e-03| val metric 0: 0.002461 | best val: 0.001750 at epoch 326 | current lr: 3.231e-04
epoch: [347/500] | loss 0: 0.005264 | loss 1: 0.000000 | current lr: 3.194e-04
| loss 0: 5.264e-03| val metric 0: 0.001911 | best val: 0.001750 at epoch 326 | current lr: 3.194e-04
epoch: [348/500] | loss 0: 0.005200 | loss 1: 0.000000 | current lr: 3.158e-04
| loss 0: 5.200e-03| val metric 0: 0.001943 | best val: 0.001750 at epoch 326 | current lr: 3.158e-04
epoch: [349/500] | loss 0: 0.004628 | loss 1: 0.000000 | current lr: 3.121e-04
| loss 0: 4.628e-03| val metric 0: 0.001867 | best val: 0.001750 at epoch 326 | current lr: 3.121e-04
epoch: [350/500] | loss 0: 0.004171 | loss 1: 0.000000 | current lr: 3.085e-04
| loss 0: 4.171e-03| val metric 0: 0.001730 | best val: 0.001730 at epoch 350 | current lr: 3.085e-04
epoch: [351/500] | loss 0: 0.005609 | loss 1: 0.000000 | current lr: 3.049e-04
| loss 0: 5.609e-03| val metric 0: 0.002267 | best val: 0.001730 at epoch 350 | current lr: 3.049e-04
epoch: [352/500] | loss 0: 0.004776 | loss 1: 0.000000 | current lr: 3.012e-04
| loss 0: 4.776e-03| val metric 0: 0.001518 | best val: 0.001518 at epoch 352 | current lr: 3.012e-04
epoch: [353/500] | loss 0: 0.004023 | loss 1: 0.000000 | current lr: 2.976e-04
| loss 0: 4.023e-03| val metric 0: 0.001459 | best val: 0.001459 at epoch 353 | current lr: 2.976e-04
epoch: [354/500] | loss 0: 0.003891 | loss 1: 0.000000 | current lr: 2.941e-04
| loss 0: 3.891e-03| val metric 0: 0.001370 | best val: 0.001370 at epoch 354 | current lr: 2.941e-04
epoch: [355/500] | loss 0: 0.003953 | loss 1: 0.000000 | current lr: 2.905e-04
| loss 0: 3.953e-03| val metric 0: 0.001937 | best val: 0.001370 at epoch 354 | current lr: 2.905e-04
epoch: [356/500] | loss 0: 0.005116 | loss 1: 0.000000 | current lr: 2.869e-04
| loss 0: 5.116e-03| val metric 0: 0.002228 | best val: 0.001370 at epoch 354 | current lr: 2.869e-04
epoch: [357/500] | loss 0: 0.005372 | loss 1: 0.000000 | current lr: 2.834e-04
| loss 0: 5.372e-03| val metric 0: 0.001623 | best val: 0.001370 at epoch 354 | current lr: 2.834e-04
epoch: [358/500] | loss 0: 0.005427 | loss 1: 0.000000 | current lr: 2.799e-04
| loss 0: 5.427e-03| val metric 0: 0.002360 | best val: 0.001370 at epoch 354 | current lr: 2.799e-04
epoch: [359/500] | loss 0: 0.004381 | loss 1: 0.000000 | current lr: 2.763e-04
| loss 0: 4.381e-03| val metric 0: 0.001430 | best val: 0.001370 at epoch 354 | current lr: 2.763e-04
epoch: [360/500] | loss 0: 0.004710 | loss 1: 0.000000 | current lr: 2.728e-04
| loss 0: 4.710e-03| val metric 0: 0.002168 | best val: 0.001370 at epoch 354 | current lr: 2.728e-04
epoch: [361/500] | loss 0: 0.004826 | loss 1: 0.000000 | current lr: 2.693e-04
| loss 0: 4.826e-03| val metric 0: 0.002108 | best val: 0.001370 at epoch 354 | current lr: 2.693e-04
epoch: [362/500] | loss 0: 0.006686 | loss 1: 0.000000 | current lr: 2.659e-04
| loss 0: 6.686e-03| val metric 0: 0.002641 | best val: 0.001370 at epoch 354 | current lr: 2.659e-04
epoch: [363/500] | loss 0: 0.006674 | loss 1: 0.000000 | current lr: 2.624e-04
| loss 0: 6.674e-03| val metric 0: 0.002528 | best val: 0.001370 at epoch 354 | current lr: 2.624e-04
epoch: [364/500] | loss 0: 0.006555 | loss 1: 0.000000 | current lr: 2.590e-04
| loss 0: 6.555e-03| val metric 0: 0.002783 | best val: 0.001370 at epoch 354 | current lr: 2.590e-04
epoch: [365/500] | loss 0: 0.006213 | loss 1: 0.000000 | current lr: 2.555e-04
| loss 0: 6.213e-03| val metric 0: 0.003128 | best val: 0.001370 at epoch 354 | current lr: 2.555e-04
epoch: [366/500] | loss 0: 0.006073 | loss 1: 0.000000 | current lr: 2.521e-04
| loss 0: 6.073e-03| val metric 0: 0.002539 | best val: 0.001370 at epoch 354 | current lr: 2.521e-04
epoch: [367/500] | loss 0: 0.006511 | loss 1: 0.000000 | current lr: 2.487e-04
| loss 0: 6.511e-03| val metric 0: 0.002220 | best val: 0.001370 at epoch 354 | current lr: 2.487e-04
epoch: [368/500] | loss 0: 0.005703 | loss 1: 0.000000 | current lr: 2.453e-04
| loss 0: 5.703e-03| val metric 0: 0.002497 | best val: 0.001370 at epoch 354 | current lr: 2.453e-04
epoch: [369/500] | loss 0: 0.005994 | loss 1: 0.000000 | current lr: 2.419e-04
| loss 0: 5.994e-03| val metric 0: 0.002346 | best val: 0.001370 at epoch 354 | current lr: 2.419e-04
epoch: [370/500] | loss 0: 0.005928 | loss 1: 0.000000 | current lr: 2.386e-04
| loss 0: 5.928e-03| val metric 0: 0.002531 | best val: 0.001370 at epoch 354 | current lr: 2.386e-04
epoch: [371/500] | loss 0: 0.005586 | loss 1: 0.000000 | current lr: 2.352e-04
| loss 0: 5.586e-03| val metric 0: 0.002334 | best val: 0.001370 at epoch 354 | current lr: 2.352e-04
epoch: [372/500] | loss 0: 0.005706 | loss 1: 0.000000 | current lr: 2.319e-04
| loss 0: 5.706e-03| val metric 0: 0.002345 | best val: 0.001370 at epoch 354 | current lr: 2.319e-04
epoch: [373/500] | loss 0: 0.005288 | loss 1: 0.000000 | current lr: 2.286e-04
| loss 0: 5.288e-03| val metric 0: 0.002328 | best val: 0.001370 at epoch 354 | current lr: 2.286e-04
epoch: [374/500] | loss 0: 0.005475 | loss 1: 0.000000 | current lr: 2.253e-04
| loss 0: 5.475e-03| val metric 0: 0.002125 | best val: 0.001370 at epoch 354 | current lr: 2.253e-04
epoch: [375/500] | loss 0: 0.005048 | loss 1: 0.000000 | current lr: 2.221e-04
| loss 0: 5.048e-03| val metric 0: 0.002247 | best val: 0.001370 at epoch 354 | current lr: 2.221e-04
epoch: [376/500] | loss 0: 0.005243 | loss 1: 0.000000 | current lr: 2.188e-04
| loss 0: 5.243e-03| val metric 0: 0.001700 | best val: 0.001370 at epoch 354 | current lr: 2.188e-04
epoch: [377/500] | loss 0: 0.004817 | loss 1: 0.000000 | current lr: 2.156e-04
| loss 0: 4.817e-03| val metric 0: 0.001909 | best val: 0.001370 at epoch 354 | current lr: 2.156e-04
epoch: [378/500] | loss 0: 0.004799 | loss 1: 0.000000 | current lr: 2.123e-04
| loss 0: 4.799e-03| val metric 0: 0.001975 | best val: 0.001370 at epoch 354 | current lr: 2.123e-04
epoch: [379/500] | loss 0: 0.004788 | loss 1: 0.000000 | current lr: 2.091e-04
| loss 0: 4.788e-03| val metric 0: 0.001993 | best val: 0.001370 at epoch 354 | current lr: 2.091e-04
epoch: [380/500] | loss 0: 0.004779 | loss 1: 0.000000 | current lr: 2.059e-04
| loss 0: 4.779e-03| val metric 0: 0.001751 | best val: 0.001370 at epoch 354 | current lr: 2.059e-04
epoch: [381/500] | loss 0: 0.004546 | loss 1: 0.000000 | current lr: 2.028e-04
| loss 0: 4.546e-03| val metric 0: 0.001964 | best val: 0.001370 at epoch 354 | current lr: 2.028e-04
epoch: [382/500] | loss 0: 0.004590 | loss 1: 0.000000 | current lr: 1.996e-04
| loss 0: 4.590e-03| val metric 0: 0.001695 | best val: 0.001370 at epoch 354 | current lr: 1.996e-04
epoch: [383/500] | loss 0: 0.004304 | loss 1: 0.000000 | current lr: 1.965e-04
| loss 0: 4.304e-03| val metric 0: 0.001818 | best val: 0.001370 at epoch 354 | current lr: 1.965e-04
epoch: [384/500] | loss 0: 0.004350 | loss 1: 0.000000 | current lr: 1.934e-04
| loss 0: 4.350e-03| val metric 0: 0.001739 | best val: 0.001370 at epoch 354 | current lr: 1.934e-04
epoch: [385/500] | loss 0: 0.004230 | loss 1: 0.000000 | current lr: 1.903e-04
| loss 0: 4.230e-03| val metric 0: 0.001696 | best val: 0.001370 at epoch 354 | current lr: 1.903e-04
epoch: [386/500] | loss 0: 0.004129 | loss 1: 0.000000 | current lr: 1.872e-04
| loss 0: 4.129e-03| val metric 0: 0.001678 | best val: 0.001370 at epoch 354 | current lr: 1.872e-04
epoch: [387/500] | loss 0: 0.004053 | loss 1: 0.000000 | current lr: 1.842e-04
| loss 0: 4.053e-03| val metric 0: 0.001573 | best val: 0.001370 at epoch 354 | current lr: 1.842e-04
epoch: [388/500] | loss 0: 0.004124 | loss 1: 0.000000 | current lr: 1.811e-04
| loss 0: 4.124e-03| val metric 0: 0.001579 | best val: 0.001370 at epoch 354 | current lr: 1.811e-04
epoch: [389/500] | loss 0: 0.003615 | loss 1: 0.000000 | current lr: 1.781e-04
| loss 0: 3.615e-03| val metric 0: 0.001476 | best val: 0.001370 at epoch 354 | current lr: 1.781e-04
epoch: [390/500] | loss 0: 0.003610 | loss 1: 0.000000 | current lr: 1.751e-04
| loss 0: 3.610e-03| val metric 0: 0.001215 | best val: 0.001215 at epoch 390 | current lr: 1.751e-04
epoch: [391/500] | loss 0: 0.002996 | loss 1: 0.000000 | current lr: 1.722e-04
| loss 0: 2.996e-03| val metric 0: 0.001114 | best val: 0.001114 at epoch 391 | current lr: 1.722e-04
epoch: [392/500] | loss 0: 0.002668 | loss 1: 0.000000 | current lr: 1.692e-04
| loss 0: 2.668e-03| val metric 0: 0.001061 | best val: 0.001061 at epoch 392 | current lr: 1.692e-04
epoch: [393/500] | loss 0: 0.002543 | loss 1: 0.000000 | current lr: 1.663e-04
| loss 0: 2.543e-03| val metric 0: 0.001016 | best val: 0.001016 at epoch 393 | current lr: 1.663e-04
epoch: [394/500] | loss 0: 0.002493 | loss 1: 0.000000 | current lr: 1.633e-04
| loss 0: 2.493e-03| val metric 0: 0.001014 | best val: 0.001014 at epoch 394 | current lr: 1.633e-04
epoch: [395/500] | loss 0: 0.002471 | loss 1: 0.000000 | current lr: 1.605e-04
| loss 0: 2.471e-03| val metric 0: 0.001006 | best val: 0.001006 at epoch 395 | current lr: 1.605e-04
epoch: [396/500] | loss 0: 0.002444 | loss 1: 0.000000 | current lr: 1.576e-04
| loss 0: 2.444e-03| val metric 0: 0.001000 | best val: 0.001000 at epoch 396 | current lr: 1.576e-04
epoch: [397/500] | loss 0: 0.002433 | loss 1: 0.000000 | current lr: 1.547e-04
| loss 0: 2.433e-03| val metric 0: 0.000990 | best val: 0.000990 at epoch 397 | current lr: 1.547e-04
epoch: [398/500] | loss 0: 0.002418 | loss 1: 0.000000 | current lr: 1.519e-04
| loss 0: 2.418e-03| val metric 0: 0.000985 | best val: 0.000985 at epoch 398 | current lr: 1.519e-04
epoch: [399/500] | loss 0: 0.002411 | loss 1: 0.000000 | current lr: 1.491e-04
| loss 0: 2.411e-03| val metric 0: 0.000982 | best val: 0.000982 at epoch 399 | current lr: 1.491e-04
epoch: [400/500] | loss 0: 0.002399 | loss 1: 0.000000 | current lr: 1.463e-04
| loss 0: 2.399e-03| val metric 0: 0.000980 | best val: 0.000980 at epoch 400 | current lr: 1.463e-04
epoch: [401/500] | loss 0: 0.002387 | loss 1: 0.000000 | current lr: 1.435e-04
| loss 0: 2.387e-03| val metric 0: 0.000976 | best val: 0.000976 at epoch 401 | current lr: 1.435e-04
epoch: [402/500] | loss 0: 0.002373 | loss 1: 0.000000 | current lr: 1.408e-04
| loss 0: 2.373e-03| val metric 0: 0.000970 | best val: 0.000970 at epoch 402 | current lr: 1.408e-04
epoch: [403/500] | loss 0: 0.002363 | loss 1: 0.000000 | current lr: 1.381e-04
| loss 0: 2.363e-03| val metric 0: 0.000968 | best val: 0.000968 at epoch 403 | current lr: 1.381e-04
epoch: [404/500] | loss 0: 0.002356 | loss 1: 0.000000 | current lr: 1.354e-04
| loss 0: 2.356e-03| val metric 0: 0.000967 | best val: 0.000967 at epoch 404 | current lr: 1.354e-04
epoch: [405/500] | loss 0: 0.002348 | loss 1: 0.000000 | current lr: 1.327e-04
| loss 0: 2.348e-03| val metric 0: 0.000964 | best val: 0.000964 at epoch 405 | current lr: 1.327e-04
epoch: [406/500] | loss 0: 0.002341 | loss 1: 0.000000 | current lr: 1.301e-04
| loss 0: 2.341e-03| val metric 0: 0.000959 | best val: 0.000959 at epoch 406 | current lr: 1.301e-04
epoch: [407/500] | loss 0: 0.002334 | loss 1: 0.000000 | current lr: 1.274e-04
| loss 0: 2.334e-03| val metric 0: 0.000955 | best val: 0.000955 at epoch 407 | current lr: 1.274e-04
epoch: [408/500] | loss 0: 0.002328 | loss 1: 0.000000 | current lr: 1.248e-04
| loss 0: 2.328e-03| val metric 0: 0.000954 | best val: 0.000954 at epoch 408 | current lr: 1.248e-04
epoch: [409/500] | loss 0: 0.002328 | loss 1: 0.000000 | current lr: 1.222e-04
| loss 0: 2.328e-03| val metric 0: 0.000956 | best val: 0.000954 at epoch 408 | current lr: 1.222e-04
epoch: [410/500] | loss 0: 0.002335 | loss 1: 0.000000 | current lr: 1.197e-04
| loss 0: 2.335e-03| val metric 0: 0.000955 | best val: 0.000954 at epoch 408 | current lr: 1.197e-04
epoch: [411/500] | loss 0: 0.002341 | loss 1: 0.000000 | current lr: 1.171e-04
| loss 0: 2.341e-03| val metric 0: 0.000951 | best val: 0.000951 at epoch 411 | current lr: 1.171e-04
epoch: [412/500] | loss 0: 0.002343 | loss 1: 0.000000 | current lr: 1.146e-04
| loss 0: 2.343e-03| val metric 0: 0.000950 | best val: 0.000950 at epoch 412 | current lr: 1.146e-04
epoch: [413/500] | loss 0: 0.002331 | loss 1: 0.000000 | current lr: 1.121e-04
| loss 0: 2.331e-03| val metric 0: 0.000941 | best val: 0.000941 at epoch 413 | current lr: 1.121e-04
epoch: [414/500] | loss 0: 0.002305 | loss 1: 0.000000 | current lr: 1.097e-04
| loss 0: 2.305e-03| val metric 0: 0.000935 | best val: 0.000935 at epoch 414 | current lr: 1.097e-04
epoch: [415/500] | loss 0: 0.002292 | loss 1: 0.000000 | current lr: 1.072e-04
| loss 0: 2.292e-03| val metric 0: 0.000933 | best val: 0.000933 at epoch 415 | current lr: 1.072e-04
epoch: [416/500] | loss 0: 0.002288 | loss 1: 0.000000 | current lr: 1.048e-04
| loss 0: 2.288e-03| val metric 0: 0.000932 | best val: 0.000932 at epoch 416 | current lr: 1.048e-04
epoch: [417/500] | loss 0: 0.002282 | loss 1: 0.000000 | current lr: 1.024e-04
| loss 0: 2.282e-03| val metric 0: 0.000932 | best val: 0.000932 at epoch 417 | current lr: 1.024e-04
epoch: [418/500] | loss 0: 0.002277 | loss 1: 0.000000 | current lr: 1.000e-04
| loss 0: 2.277e-03| val metric 0: 0.000932 | best val: 0.000932 at epoch 417 | current lr: 1.000e-04
epoch: [419/500] | loss 0: 0.002273 | loss 1: 0.000000 | current lr: 9.770e-05
| loss 0: 2.273e-03| val metric 0: 0.000930 | best val: 0.000930 at epoch 419 | current lr: 9.770e-05
epoch: [420/500] | loss 0: 0.002272 | loss 1: 0.000000 | current lr: 9.538e-05
| loss 0: 2.272e-03| val metric 0: 0.000924 | best val: 0.000924 at epoch 420 | current lr: 9.538e-05
epoch: [421/500] | loss 0: 0.002266 | loss 1: 0.000000 | current lr: 9.308e-05
| loss 0: 2.266e-03| val metric 0: 0.000920 | best val: 0.000920 at epoch 421 | current lr: 9.308e-05
epoch: [422/500] | loss 0: 0.002256 | loss 1: 0.000000 | current lr: 9.081e-05
| loss 0: 2.256e-03| val metric 0: 0.000919 | best val: 0.000919 at epoch 422 | current lr: 9.081e-05
epoch: [423/500] | loss 0: 0.002248 | loss 1: 0.000000 | current lr: 8.857e-05
| loss 0: 2.248e-03| val metric 0: 0.000918 | best val: 0.000918 at epoch 423 | current lr: 8.857e-05
epoch: [424/500] | loss 0: 0.002242 | loss 1: 0.000000 | current lr: 8.635e-05
| loss 0: 2.242e-03| val metric 0: 0.000916 | best val: 0.000916 at epoch 424 | current lr: 8.635e-05
epoch: [425/500] | loss 0: 0.002237 | loss 1: 0.000000 | current lr: 8.416e-05
| loss 0: 2.237e-03| val metric 0: 0.000915 | best val: 0.000915 at epoch 425 | current lr: 8.416e-05
epoch: [426/500] | loss 0: 0.002233 | loss 1: 0.000000 | current lr: 8.199e-05
| loss 0: 2.233e-03| val metric 0: 0.000914 | best val: 0.000914 at epoch 426 | current lr: 8.199e-05
epoch: [427/500] | loss 0: 0.002232 | loss 1: 0.000000 | current lr: 7.985e-05
| loss 0: 2.232e-03| val metric 0: 0.000913 | best val: 0.000913 at epoch 427 | current lr: 7.985e-05
epoch: [428/500] | loss 0: 0.002231 | loss 1: 0.000000 | current lr: 7.773e-05
| loss 0: 2.231e-03| val metric 0: 0.000910 | best val: 0.000910 at epoch 428 | current lr: 7.773e-05
epoch: [429/500] | loss 0: 0.002229 | loss 1: 0.000000 | current lr: 7.564e-05
| loss 0: 2.229e-03| val metric 0: 0.000903 | best val: 0.000903 at epoch 429 | current lr: 7.564e-05
epoch: [430/500] | loss 0: 0.002223 | loss 1: 0.000000 | current lr: 7.358e-05
| loss 0: 2.223e-03| val metric 0: 0.000899 | best val: 0.000899 at epoch 430 | current lr: 7.358e-05
epoch: [431/500] | loss 0: 0.002221 | loss 1: 0.000000 | current lr: 7.154e-05
| loss 0: 2.221e-03| val metric 0: 0.000901 | best val: 0.000899 at epoch 430 | current lr: 7.154e-05
epoch: [432/500] | loss 0: 0.002212 | loss 1: 0.000000 | current lr: 6.953e-05
| loss 0: 2.212e-03| val metric 0: 0.000896 | best val: 0.000896 at epoch 432 | current lr: 6.953e-05
epoch: [433/500] | loss 0: 0.002195 | loss 1: 0.000000 | current lr: 6.754e-05
| loss 0: 2.195e-03| val metric 0: 0.000890 | best val: 0.000890 at epoch 433 | current lr: 6.754e-05
epoch: [434/500] | loss 0: 0.002186 | loss 1: 0.000000 | current lr: 6.559e-05
| loss 0: 2.186e-03| val metric 0: 0.000888 | best val: 0.000888 at epoch 434 | current lr: 6.559e-05
epoch: [435/500] | loss 0: 0.002181 | loss 1: 0.000000 | current lr: 6.366e-05
| loss 0: 2.181e-03| val metric 0: 0.000887 | best val: 0.000887 at epoch 435 | current lr: 6.366e-05
epoch: [436/500] | loss 0: 0.002178 | loss 1: 0.000000 | current lr: 6.175e-05
| loss 0: 2.178e-03| val metric 0: 0.000886 | best val: 0.000886 at epoch 436 | current lr: 6.175e-05
epoch: [437/500] | loss 0: 0.002175 | loss 1: 0.000000 | current lr: 5.988e-05
| loss 0: 2.175e-03| val metric 0: 0.000884 | best val: 0.000884 at epoch 437 | current lr: 5.988e-05
epoch: [438/500] | loss 0: 0.002171 | loss 1: 0.000000 | current lr: 5.803e-05
| loss 0: 2.171e-03| val metric 0: 0.000884 | best val: 0.000884 at epoch 438 | current lr: 5.803e-05
epoch: [439/500] | loss 0: 0.002166 | loss 1: 0.000000 | current lr: 5.620e-05
| loss 0: 2.166e-03| val metric 0: 0.000883 | best val: 0.000883 at epoch 439 | current lr: 5.620e-05
epoch: [440/500] | loss 0: 0.002162 | loss 1: 0.000000 | current lr: 5.441e-05
| loss 0: 2.162e-03| val metric 0: 0.000881 | best val: 0.000881 at epoch 440 | current lr: 5.441e-05
epoch: [441/500] | loss 0: 0.002156 | loss 1: 0.000000 | current lr: 5.264e-05
| loss 0: 2.156e-03| val metric 0: 0.000879 | best val: 0.000879 at epoch 441 | current lr: 5.264e-05
epoch: [442/500] | loss 0: 0.002149 | loss 1: 0.000000 | current lr: 5.090e-05
| loss 0: 2.149e-03| val metric 0: 0.000878 | best val: 0.000878 at epoch 442 | current lr: 5.090e-05
epoch: [443/500] | loss 0: 0.002145 | loss 1: 0.000000 | current lr: 4.919e-05
| loss 0: 2.145e-03| val metric 0: 0.000876 | best val: 0.000876 at epoch 443 | current lr: 4.919e-05
epoch: [444/500] | loss 0: 0.002143 | loss 1: 0.000000 | current lr: 4.750e-05
| loss 0: 2.143e-03| val metric 0: 0.000876 | best val: 0.000876 at epoch 444 | current lr: 4.750e-05
epoch: [445/500] | loss 0: 0.002142 | loss 1: 0.000000 | current lr: 4.585e-05
| loss 0: 2.142e-03| val metric 0: 0.000875 | best val: 0.000875 at epoch 445 | current lr: 4.585e-05
epoch: [446/500] | loss 0: 0.002143 | loss 1: 0.000000 | current lr: 4.422e-05
| loss 0: 2.143e-03| val metric 0: 0.000873 | best val: 0.000873 at epoch 446 | current lr: 4.422e-05
epoch: [447/500] | loss 0: 0.002143 | loss 1: 0.000000 | current lr: 4.262e-05
| loss 0: 2.143e-03| val metric 0: 0.000869 | best val: 0.000869 at epoch 447 | current lr: 4.262e-05
epoch: [448/500] | loss 0: 0.002138 | loss 1: 0.000000 | current lr: 4.104e-05
| loss 0: 2.138e-03| val metric 0: 0.000869 | best val: 0.000869 at epoch 448 | current lr: 4.104e-05
epoch: [449/500] | loss 0: 0.002131 | loss 1: 0.000000 | current lr: 3.950e-05
| loss 0: 2.131e-03| val metric 0: 0.000869 | best val: 0.000869 at epoch 448 | current lr: 3.950e-05
epoch: [450/500] | loss 0: 0.002126 | loss 1: 0.000000 | current lr: 3.799e-05
| loss 0: 2.126e-03| val metric 0: 0.000867 | best val: 0.000867 at epoch 450 | current lr: 3.799e-05
epoch: [451/500] | loss 0: 0.002123 | loss 1: 0.000000 | current lr: 3.650e-05
| loss 0: 2.123e-03| val metric 0: 0.000866 | best val: 0.000866 at epoch 451 | current lr: 3.650e-05
epoch: [452/500] | loss 0: 0.002120 | loss 1: 0.000000 | current lr: 3.504e-05
| loss 0: 2.120e-03| val metric 0: 0.000865 | best val: 0.000865 at epoch 452 | current lr: 3.504e-05
epoch: [453/500] | loss 0: 0.002117 | loss 1: 0.000000 | current lr: 3.361e-05
| loss 0: 2.117e-03| val metric 0: 0.000864 | best val: 0.000864 at epoch 453 | current lr: 3.361e-05
epoch: [454/500] | loss 0: 0.002114 | loss 1: 0.000000 | current lr: 3.221e-05
| loss 0: 2.114e-03| val metric 0: 0.000863 | best val: 0.000863 at epoch 454 | current lr: 3.221e-05
epoch: [455/500] | loss 0: 0.002112 | loss 1: 0.000000 | current lr: 3.084e-05
| loss 0: 2.112e-03| val metric 0: 0.000862 | best val: 0.000862 at epoch 455 | current lr: 3.084e-05
epoch: [456/500] | loss 0: 0.002110 | loss 1: 0.000000 | current lr: 2.949e-05
| loss 0: 2.110e-03| val metric 0: 0.000862 | best val: 0.000862 at epoch 456 | current lr: 2.949e-05
epoch: [457/500] | loss 0: 0.002108 | loss 1: 0.000000 | current lr: 2.818e-05
| loss 0: 2.108e-03| val metric 0: 0.000861 | best val: 0.000861 at epoch 457 | current lr: 2.818e-05
epoch: [458/500] | loss 0: 0.002107 | loss 1: 0.000000 | current lr: 2.689e-05
| loss 0: 2.107e-03| val metric 0: 0.000860 | best val: 0.000860 at epoch 458 | current lr: 2.689e-05
epoch: [459/500] | loss 0: 0.002107 | loss 1: 0.000000 | current lr: 2.564e-05
| loss 0: 2.107e-03| val metric 0: 0.000859 | best val: 0.000859 at epoch 459 | current lr: 2.564e-05
epoch: [460/500] | loss 0: 0.002108 | loss 1: 0.000000 | current lr: 2.441e-05
| loss 0: 2.108e-03| val metric 0: 0.000858 | best val: 0.000858 at epoch 460 | current lr: 2.441e-05
epoch: [461/500] | loss 0: 0.002109 | loss 1: 0.000000 | current lr: 2.321e-05
| loss 0: 2.109e-03| val metric 0: 0.000858 | best val: 0.000858 at epoch 460 | current lr: 2.321e-05
epoch: [462/500] | loss 0: 0.002110 | loss 1: 0.000000 | current lr: 2.205e-05
| loss 0: 2.110e-03| val metric 0: 0.000860 | best val: 0.000858 at epoch 460 | current lr: 2.205e-05
epoch: [463/500] | loss 0: 0.002107 | loss 1: 0.000000 | current lr: 2.091e-05
| loss 0: 2.107e-03| val metric 0: 0.000859 | best val: 0.000858 at epoch 460 | current lr: 2.091e-05
epoch: [464/500] | loss 0: 0.002101 | loss 1: 0.000000 | current lr: 1.980e-05
| loss 0: 2.101e-03| val metric 0: 0.000855 | best val: 0.000855 at epoch 464 | current lr: 1.980e-05
epoch: [465/500] | loss 0: 0.002095 | loss 1: 0.000000 | current lr: 1.872e-05
| loss 0: 2.095e-03| val metric 0: 0.000854 | best val: 0.000854 at epoch 465 | current lr: 1.872e-05
epoch: [466/500] | loss 0: 0.002095 | loss 1: 0.000000 | current lr: 1.767e-05
| loss 0: 2.095e-03| val metric 0: 0.000854 | best val: 0.000854 at epoch 466 | current lr: 1.767e-05
epoch: [467/500] | loss 0: 0.002095 | loss 1: 0.000000 | current lr: 1.665e-05
| loss 0: 2.095e-03| val metric 0: 0.000853 | best val: 0.000853 at epoch 467 | current lr: 1.665e-05
epoch: [468/500] | loss 0: 0.002094 | loss 1: 0.000000 | current lr: 1.566e-05
| loss 0: 2.094e-03| val metric 0: 0.000853 | best val: 0.000853 at epoch 467 | current lr: 1.566e-05
epoch: [469/500] | loss 0: 0.002094 | loss 1: 0.000000 | current lr: 1.470e-05
| loss 0: 2.094e-03| val metric 0: 0.000854 | best val: 0.000853 at epoch 467 | current lr: 1.470e-05
epoch: [470/500] | loss 0: 0.002093 | loss 1: 0.000000 | current lr: 1.377e-05
| loss 0: 2.093e-03| val metric 0: 0.000854 | best val: 0.000853 at epoch 467 | current lr: 1.377e-05
epoch: [471/500] | loss 0: 0.002093 | loss 1: 0.000000 | current lr: 1.287e-05
| loss 0: 2.093e-03| val metric 0: 0.000854 | best val: 0.000853 at epoch 467 | current lr: 1.287e-05
epoch: [472/500] | loss 0: 0.002094 | loss 1: 0.000000 | current lr: 1.200e-05
| loss 0: 2.094e-03| val metric 0: 0.000854 | best val: 0.000853 at epoch 467 | current lr: 1.200e-05
epoch: [473/500] | loss 0: 0.002095 | loss 1: 0.000000 | current lr: 1.116e-05
| loss 0: 2.095e-03| val metric 0: 0.000854 | best val: 0.000853 at epoch 467 | current lr: 1.116e-05
epoch: [474/500] | loss 0: 0.002098 | loss 1: 0.000000 | current lr: 1.035e-05
| loss 0: 2.098e-03| val metric 0: 0.000855 | best val: 0.000853 at epoch 467 | current lr: 1.035e-05
epoch: [475/500] | loss 0: 0.002101 | loss 1: 0.000000 | current lr: 9.569e-06
| loss 0: 2.101e-03| val metric 0: 0.000856 | best val: 0.000853 at epoch 467 | current lr: 9.569e-06
epoch: [476/500] | loss 0: 0.002103 | loss 1: 0.000000 | current lr: 8.820e-06
| loss 0: 2.103e-03| val metric 0: 0.000860 | best val: 0.000853 at epoch 467 | current lr: 8.820e-06
epoch: [477/500] | loss 0: 0.002100 | loss 1: 0.000000 | current lr: 8.100e-06
| loss 0: 2.100e-03| val metric 0: 0.000860 | best val: 0.000853 at epoch 467 | current lr: 8.100e-06
epoch: [478/500] | loss 0: 0.002094 | loss 1: 0.000000 | current lr: 7.412e-06
| loss 0: 2.094e-03| val metric 0: 0.000852 | best val: 0.000852 at epoch 478 | current lr: 7.412e-06
epoch: [479/500] | loss 0: 0.002083 | loss 1: 0.000000 | current lr: 6.753e-06
| loss 0: 2.083e-03| val metric 0: 0.000850 | best val: 0.000850 at epoch 479 | current lr: 6.753e-06
epoch: [480/500] | loss 0: 0.002080 | loss 1: 0.000000 | current lr: 6.125e-06
| loss 0: 2.080e-03| val metric 0: 0.000851 | best val: 0.000850 at epoch 479 | current lr: 6.125e-06
epoch: [481/500] | loss 0: 0.002081 | loss 1: 0.000000 | current lr: 5.528e-06
| loss 0: 2.081e-03| val metric 0: 0.000850 | best val: 0.000850 at epoch 479 | current lr: 5.528e-06
epoch: [482/500] | loss 0: 0.002079 | loss 1: 0.000000 | current lr: 4.961e-06
| loss 0: 2.079e-03| val metric 0: 0.000850 | best val: 0.000850 at epoch 482 | current lr: 4.961e-06
epoch: [483/500] | loss 0: 0.002079 | loss 1: 0.000000 | current lr: 4.424e-06
| loss 0: 2.079e-03| val metric 0: 0.000850 | best val: 0.000850 at epoch 483 | current lr: 4.424e-06
epoch: [484/500] | loss 0: 0.002079 | loss 1: 0.000000 | current lr: 3.918e-06
| loss 0: 2.079e-03| val metric 0: 0.000850 | best val: 0.000850 at epoch 484 | current lr: 3.918e-06
epoch: [485/500] | loss 0: 0.002079 | loss 1: 0.000000 | current lr: 3.443e-06
| loss 0: 2.079e-03| val metric 0: 0.000849 | best val: 0.000849 at epoch 485 | current lr: 3.443e-06
epoch: [486/500] | loss 0: 0.002079 | loss 1: 0.000000 | current lr: 2.998e-06
| loss 0: 2.079e-03| val metric 0: 0.000849 | best val: 0.000849 at epoch 486 | current lr: 2.998e-06
epoch: [487/500] | loss 0: 0.002079 | loss 1: 0.000000 | current lr: 2.584e-06
| loss 0: 2.079e-03| val metric 0: 0.000848 | best val: 0.000848 at epoch 487 | current lr: 2.584e-06
epoch: [488/500] | loss 0: 0.002078 | loss 1: 0.000000 | current lr: 2.201e-06
| loss 0: 2.078e-03| val metric 0: 0.000848 | best val: 0.000848 at epoch 488 | current lr: 2.201e-06
epoch: [489/500] | loss 0: 0.002077 | loss 1: 0.000000 | current lr: 1.848e-06
| loss 0: 2.077e-03| val metric 0: 0.000848 | best val: 0.000848 at epoch 489 | current lr: 1.848e-06
epoch: [490/500] | loss 0: 0.002077 | loss 1: 0.000000 | current lr: 1.526e-06
| loss 0: 2.077e-03| val metric 0: 0.000848 | best val: 0.000848 at epoch 489 | current lr: 1.526e-06
epoch: [491/500] | loss 0: 0.002076 | loss 1: 0.000000 | current lr: 1.235e-06
| loss 0: 2.076e-03| val metric 0: 0.000848 | best val: 0.000848 at epoch 491 | current lr: 1.235e-06
epoch: [492/500] | loss 0: 0.002076 | loss 1: 0.000000 | current lr: 9.744e-07
| loss 0: 2.076e-03| val metric 0: 0.000847 | best val: 0.000847 at epoch 492 | current lr: 9.744e-07
epoch: [493/500] | loss 0: 0.002076 | loss 1: 0.000000 | current lr: 7.447e-07
| loss 0: 2.076e-03| val metric 0: 0.000847 | best val: 0.000847 at epoch 493 | current lr: 7.447e-07
epoch: [494/500] | loss 0: 0.002076 | loss 1: 0.000000 | current lr: 5.459e-07
| loss 0: 2.076e-03| val metric 0: 0.000847 | best val: 0.000847 at epoch 494 | current lr: 5.459e-07
epoch: [495/500] | loss 0: 0.002076 | loss 1: 0.000000 | current lr: 3.778e-07
| loss 0: 2.076e-03| val metric 0: 0.000847 | best val: 0.000847 at epoch 495 | current lr: 3.778e-07
epoch: [496/500] | loss 0: 0.002076 | loss 1: 0.000000 | current lr: 2.406e-07
| loss 0: 2.076e-03| val metric 0: 0.000847 | best val: 0.000847 at epoch 496 | current lr: 2.406e-07
epoch: [497/500] | loss 0: 0.002076 | loss 1: 0.000000 | current lr: 1.342e-07
| loss 0: 2.076e-03| val metric 0: 0.000847 | best val: 0.000847 at epoch 497 | current lr: 1.342e-07
epoch: [498/500] | loss 0: 0.002076 | loss 1: 0.000000 | current lr: 5.865e-08
| loss 0: 2.076e-03| val metric 0: 0.000847 | best val: 0.000847 at epoch 498 | current lr: 5.865e-08
epoch: [499/500] | loss 0: 0.002076 | loss 1: 0.000000 | current lr: 1.393e-08
| loss 0: 2.076e-03| val metric 0: 0.000847 | best val: 0.000847 at epoch 499 | current lr: 1.393e-08
epoch: [500/500] | loss 0: 0.002076 | loss 1: 0.000000 | current lr: 4.855e-11
| loss 0: 2.076e-03| val metric 0: 0.000847 | best val: 0.000847 at epoch 499 | current lr: 4.855e-11
Training takes 2172.047901391983 seconds.
